
     --------------------------------------------------------------------------------
                        Running Program VCPack. Version 2.8

                           VeraChem LLC, PO Box 2206
                           Germantown, MD 20875, U.S.A.

                                Tel. 240-686-0565
                                www.verachem.com
     --------------------------------------------------------------------------------


     Input file          :   guest-s17_vm2.inp

     Output file         :   guest-s17_vm2.out

     Summary output file :   guest-s17_vm2.summary.out

     Executable : /data/comblab/vcCompChem_3b/exe/VC_CompChemPackage_mpi.exe

     Build date : Aug 13 2021  17:26:14

     This is a multiple processor run.

     MPI processes              :   16
     OpenMP threads per process :    0
     CUDA enabled               :  no

     TIME STAMP: VCPack job started : Saturday, August 06, 2022 at 17:10:36

     --------------------------------------------------------------------------------
                            Basic Calculation Control.
     --------------------------------------------------------------------------------

     Molecular system type                :  ligand          

     Calculation type                     :  vm2             

     Energy potential                     :  mm              

     Post-processing type                 :  none            

     Post-processing energy potential     :  none            

     Time limit in wall clock hours       :  96.00

     Read in starting conformers          :  no
     Type of conformers to read in        :  none
     Conformer source files(s)            :  none

     Use input .crd for complex build     :  no
     Place ligand confs. at input .crd    :  no
     Use input .crd as start conformer    :  yes

     Formatted output files               :  xyz     
                                          :  pdb     
                                          :  mol2    
                                          :  sdf     
                                          :  xyz     
                                          :  gms     
                                          :  csv     

     Split formatted output files         :  crd     

     Limit conformers in formatted files  :  bycount
     Maximum conformer count              :  1000

     Atoms to include in formatted files  :  all     

     Binary file restart type             :  none


     --------------------------------------------------------------------------------
                            Math Related Control and Set Up.
     --------------------------------------------------------------------------------

     Random number generator seeds :  bywallclock

     Seed 1 :           7481263
     Seed 2 :            434893
     Seed 3 :               763
     Seed 4 :             19418


     --------------------------------------------------------------------------------
                            Basic Molecular System Set Up.
     --------------------------------------------------------------------------------

     ------------------
     Ligand Data Files.
     ------------------

     Standard crd coordinate file            :  guest-s17.crd
     VeraChem topology file                  :  guest-s17.top
     Standard mol/sdf file                   :  guest-s17.mol

     Total number of ligand atoms            :        25

     Included in this calculation.
     Number of real and live ligand atoms    :        25
     Number of real but fixed ligand atoms   :         0

     Ligand placement method                 :  none

     Snap ligand to template atoms           :      no

     -------------------------------
     Final Real/Live Set Atom Count.
     -------------------------------

     Total number of real atoms              :        25
     Total number of live atoms              :        25


     --------------------------------------------------------------------------------
                            Generate Initial Molecular Conformation.
     --------------------------------------------------------------------------------

     Mandatory input crd file(s) used for generation of a single starting conformer.


     --------------------------------------------------------------------------------
                             Energy Potential Settings.
     --------------------------------------------------------------------------------


     Molecular Mechanics package          :  vchem           

     Quantum Mechanics package            :  none            


     --------------------------------------------------------------------------------
                    Running VM2 Mining Minima Module. Version 2.8
     --------------------------------------------------------------------------------

     Iteration    Free Energy G             G Diff            # Conformers     # Diff
        1            60.766969              60.766969              35              35
        2            60.462690              -0.304279              71              36
        3            60.361153              -0.101537              90              19
        4            60.328116              -0.033037              99               9
        5            60.328107              -0.000009             100               1
        6            60.308694              -0.019414             106               6
        7            60.307818              -0.000875             108               2
        8            60.282227              -0.025591             111               3
        9            60.282220              -0.000007             112               1
       10            60.277260              -0.004959             115               3

     VM2 Free Energy converged after   10 iterations.

     Final VM2 Free Energy is      60.277260 Kcal/mol.

          --------------------------------
          Final Individual Conformer Data.
          --------------------------------

          List data for conformers with probability of at least :  0.01 %
          Rankings are with respect to : Free Energy (G)

          ------------------------
          Free Energy: G = E - TS
          ------------------------

          ------------------------------------------------------------------------------------------
          Rank    ID     ln(Zx)    Prob(%)  Sum Prob(%)  Del G        G            E            -TS
          ------------------------------------------------------------------------------------------
             1   1155   -149.49395    4.90     4.90      0.00        62.08        29.29        32.78
             2   1110   -149.55407    4.61     9.51      0.04        62.11        29.30        32.81
             3   1571   -149.57879    4.50    14.01      0.05        62.13        29.34        32.78
             4    134   -149.57970    4.50    18.51      0.05        62.13        29.32        32.81
             5    218   -149.69505    4.01    22.51      0.12        62.20        29.41        32.79
             6    631   -149.73578    3.85    26.36      0.14        62.22        29.43        32.79
             7   1347   -149.75994    3.75    30.12      0.16        62.23        29.47        32.77
             8    304   -149.78488    3.66    33.78      0.17        62.25        29.48        32.77
             9    920   -149.83667    3.48    37.26      0.20        62.28        29.54        32.74
            10    355   -149.88597    3.31    40.57      0.23        62.31        29.57        32.74
            11    965   -149.91044    3.23    43.80      0.25        62.32        29.66        32.66
            12   1201   -149.92707    3.18    46.97      0.26        62.33        29.67        32.66
            13    443   -150.06434    2.77    49.74      0.34        62.42        29.63        32.78
            14    685   -150.07827    2.73    52.47      0.35        62.42        29.64        32.78
            15    923   -150.08805    2.70    55.18      0.35        62.43        29.68        32.75
            16    152   -150.11491    2.63    57.81      0.37        62.45        29.70        32.75
            17   1580   -150.13115    2.59    60.40      0.38        62.46        29.72        32.74
            18    890   -150.23795    2.33    62.73      0.44        62.52        29.78        32.74
            19   1563   -150.34693    2.09    64.82      0.51        62.58        29.87        32.72
            20   1355   -150.39518    1.99    66.81      0.54        62.61        29.81        32.80
            21   1258   -150.39666    1.99    68.79      0.54        62.61        29.89        32.72
            22    637   -150.58050    1.65    70.44      0.65        62.72        30.03        32.69
            23   1667   -150.60199    1.62    72.06      0.66        62.74        29.99        32.74
            24   1683   -150.66092    1.53    73.59      0.70        62.77        30.03        32.74
            25    272   -150.67220    1.51    75.09      0.70        62.78        30.57        32.21
            26   1692   -150.79690    1.33    76.43      0.78        62.85        30.20        32.65
            27   1452   -150.79714    1.33    77.76      0.78        62.85        30.21        32.64
            28    488   -150.80074    1.33    79.08      0.78        62.85        30.64        32.21
            29    474   -150.84028    1.27    80.36      0.80        62.88        30.76        32.12
            30   1555   -150.85182    1.26    81.62      0.81        62.88        30.77        32.12
            31     24   -150.87581    1.23    82.85      0.82        62.90        30.25        32.65
            32    316   -150.87784    1.23    84.08      0.83        62.90        30.81        32.09
            33   1022   -151.17052    0.92    84.99      1.00        63.07        30.34        32.73
            34   1433   -151.20782    0.88    85.87      1.02        63.10        30.37        32.73
            35   1649   -151.31165    0.80    86.67      1.08        63.16        31.42        31.74
            36   1209   -151.31677    0.79    87.46      1.09        63.16        31.43        31.73
            37    668   -151.41752    0.72    88.18      1.15        63.22        31.52        31.70
            38   1041   -151.50167    0.66    88.83      1.20        63.27        31.22        32.05
            39    489   -151.57091    0.61    89.45      1.24        63.31        30.50        32.81
            40    956   -151.60897    0.59    90.04      1.26        63.34        30.52        32.81
            41   1661   -151.61220    0.59    90.63      1.26        63.34        31.41        31.93
            42   1206   -151.64746    0.57    91.20      1.28        63.36        30.89        32.47
            43    849   -151.66965    0.56    91.75      1.30        63.37        30.90        32.47
            44   1332   -151.78627    0.49    92.25      1.37        63.44        31.04        32.40
            45    479   -151.79630    0.49    92.74      1.37        63.45        31.05        32.40
            46    613   -151.79779    0.49    93.23      1.37        63.45        30.68        32.77
            47   1621   -151.83905    0.47    93.70      1.40        63.47        30.70        32.77
            48   1343   -151.99888    0.40    94.10      1.49        63.57        31.18        32.39
            49   1246   -152.01066    0.40    94.49      1.50        63.58        31.19        32.39
            50   1541   -152.26216    0.31    94.80      1.65        63.73        31.41        32.31
            51    992   -152.37426    0.27    95.07      1.72        63.79        31.52        32.27
            52    326   -152.38725    0.27    95.35      1.72        63.80        31.53        32.27
            53   1373   -152.38926    0.27    95.62      1.73        63.80        31.49        32.31
            54   1369   -152.67595    0.20    95.82      1.90        63.97        31.77        32.20
            55   1567   -152.69229    0.20    96.02      1.91        63.98        31.70        32.28
            56   1517   -152.71636    0.20    96.22      1.92        64.00        31.72        32.28
            57    206   -152.74734    0.19    96.40      1.94        64.01        31.74        32.28
            58    137   -152.75943    0.19    96.59      1.95        64.02        31.66        32.36
            59   1522   -152.76446    0.19    96.78      1.95        64.03        31.66        32.36
            60    333   -152.78709    0.18    96.96      1.96        64.04        31.68        32.36
            61    953   -152.79217    0.18    97.14      1.97        64.04        31.76        32.28
            62     72   -152.79682    0.18    97.32      1.97        64.04        31.69        32.36
            63    132   -152.82050    0.18    97.50      1.98        64.06        31.72        32.33
            64   1443   -152.85016    0.17    97.67      2.00        64.08        31.74        32.33
            65    289   -152.86694    0.17    97.84      2.01        64.09        31.83        32.26
            66   1251   -152.89978    0.16    98.00      2.03        64.11        31.82        32.29
            67   1103   -152.90132    0.16    98.16      2.03        64.11        31.82        32.29
            68   1521   -152.93367    0.16    98.32      2.05        64.13        31.87        32.26
            69    396   -153.03341    0.14    98.46      2.11        64.19        31.92        32.27
            70    941   -153.04672    0.14    98.60      2.12        64.19        31.54        32.65
            71    254   -153.06650    0.14    98.74      2.13        64.21        31.91        32.30
            72   1684   -153.08404    0.14    98.87      2.14        64.22        32.11        32.10
            73   1353   -153.08707    0.13    99.01      2.14        64.22        31.57        32.65
            74   1200   -153.11651    0.13    99.14      2.16        64.24        31.97        32.26
            75   1160   -153.13229    0.13    99.27      2.17        64.24        31.95        32.30
            76   1447   -153.30950    0.11    99.38      2.27        64.35        32.03        32.32
            77    576   -153.35063    0.10    99.48      2.30        64.37        32.05        32.32
            78    523   -153.35878    0.10    99.58      2.30        64.38        32.41        31.96
            79   1688   -153.36284    0.10    99.68      2.31        64.38        32.42        31.96
            80   1042   -153.60018    0.08    99.76      2.45        64.52        31.85        32.68
            81    506   -153.67381    0.07    99.84      2.49        64.57        31.74        32.83
            82    253   -154.98909    0.02    99.86      3.28        65.35        32.52        32.83
            83    688   -155.10328    0.02    99.88      3.34        65.42        32.13        33.29
            84   1330   -155.41703    0.01    99.89      3.53        65.61        33.22        32.39
            85   1132   -155.52622    0.01    99.90      3.60        65.67        33.22        32.45
            86    348   -155.52681    0.01    99.91      3.60        65.67        33.22        32.45
          ------------------------------------------------------------------------------------------

          --------------------------------------------------------
          Potential Energy: E = (U+W) + H.O. Equipartion energy
          --------------------------------------------------------

          ------------------------------------------------------------------------------------------
          Rank    ID         E          U+W            U        W(PBSA)          PB           SA
          ------------------------------------------------------------------------------------------
             1   1155        29.29         8.72        10.91        -2.18        -4.30         2.11
             2   1110        29.30         8.74        10.86        -2.13        -4.25         2.12
             3   1571        29.34         8.77        10.91        -2.13        -4.28         2.15
             4    134        29.32         8.75        10.86        -2.11        -4.26         2.15
             5    218        29.41         8.84        10.30        -1.46        -3.59         2.12
             6    631        29.43         8.86        10.30        -1.44        -3.55         2.11
             7   1347        29.47         8.90        10.93        -2.03        -4.17         2.14
             8    304        29.48         8.91        10.93        -2.02        -4.14         2.11
             9    920        29.54         8.98        10.54        -1.56        -3.70         2.14
            10    355        29.57         9.01        10.54        -1.54        -3.66         2.12
            11    965        29.66         9.09        11.21        -2.11        -4.24         2.13
            12   1201        29.67         9.10        11.21        -2.10        -4.23         2.13
            13    443        29.63         9.07        11.15        -2.08        -4.22         2.13
            14    685        29.64         9.08        11.15        -2.07        -4.20         2.12
            15    923        29.68         9.12        11.36        -2.25        -4.37         2.12
            16    152        29.70         9.13        11.36        -2.23        -4.36         2.13
            17   1580        29.72         9.15        11.18        -2.03        -4.15         2.11
            18    890        29.78         9.21        11.18        -1.97        -4.09         2.12
            19   1563        29.87         9.30        11.54        -2.25        -4.38         2.13
            20   1355        29.81         9.24        10.67        -1.43        -3.55         2.12
            21   1258        29.89         9.33        11.54        -2.22        -4.34         2.12
            22    637        30.03         9.47        11.67        -2.20        -4.33         2.13
            23   1667        29.99         9.43        11.69        -2.26        -4.39         2.13
            24   1683        30.03         9.46        11.69        -2.23        -4.37         2.15
            25    272        30.57        10.00        12.14        -2.14        -4.28         2.14
            26   1692        30.20         9.63        11.88        -2.25        -4.38         2.13
            27   1452        30.21         9.64        11.41        -1.77        -3.91         2.14
            28    488        30.64        10.08        12.14        -2.06        -4.22         2.15
            29    474        30.76        10.19        12.42        -2.23        -4.38         2.14
            30   1555        30.77        10.20        12.42        -2.23        -4.39         2.17
            31     24        30.25         9.68        11.88        -2.20        -4.34         2.14
            32    316        30.81        10.24        12.34        -2.09        -4.24         2.15
            33   1022        30.34         9.78        11.97        -2.20        -4.33         2.13
            34   1433        30.37         9.80        11.97        -2.17        -4.30         2.13
            35   1649        31.42        10.85        13.14        -2.29        -4.43         2.14
            36   1209        31.43        10.87        13.06        -2.20        -4.33         2.14
            37    668        31.52        10.96        12.79        -1.84        -3.98         2.14
            38   1041        31.22        10.65        11.81        -1.16        -3.26         2.11
            39    489        30.50         9.93        12.09        -2.16        -4.28         2.12
            40    956        30.52         9.96        12.09        -2.14        -4.25         2.11
            41   1661        31.41        10.85        12.34        -1.50        -3.63         2.13
            42   1206        30.89        10.32        12.31        -1.99        -4.14         2.15
            43    849        30.90        10.33        12.31        -1.98        -4.13         2.15
            44   1332        31.04        10.48        12.69        -2.22        -4.36         2.14
            45    479        31.05        10.48        12.69        -2.21        -4.35         2.14
            46    613        30.68        10.11        11.29        -1.18        -3.30         2.11
            47   1621        30.70        10.13        11.29        -1.16        -3.28         2.12
            48   1343        31.18        10.61        12.71        -2.09        -4.24         2.15
            49   1246        31.19        10.62        12.71        -2.09        -4.23         2.14
            50   1541        31.41        10.85        12.43        -1.59        -3.71         2.13
            51    992        31.52        10.95        12.53        -1.58        -3.70         2.12
            52    326        31.53        10.96        12.53        -1.57        -3.70         2.14
            53   1373        31.49        10.92        12.43        -1.51        -3.67         2.16
            54   1369        31.77        11.21        12.09        -0.89        -3.00         2.11
            55   1567        31.70        11.13        13.30        -2.17        -4.31         2.15
            56   1517        31.72        11.15        13.31        -2.16        -4.30         2.14
            57    206        31.74        11.17        13.31        -2.14        -4.31         2.17
            58    137        31.66        11.10        13.32        -2.22        -4.38         2.16
            59   1522        31.66        11.10        13.29        -2.19        -4.34         2.15
            60    333        31.68        11.11        13.29        -2.18        -4.33         2.16
            61    953        31.76        11.19        13.30        -2.11        -4.27         2.16
            62     72        31.69        11.12        13.32        -2.20        -4.35         2.15
            63    132        31.72        11.16        13.14        -1.98        -4.13         2.14
            64   1443        31.74        11.17        13.14        -1.97        -4.11         2.14
            65    289        31.83        11.26        13.20        -1.94        -4.07         2.13
            66   1251        31.82        11.25        13.42        -2.17        -4.30         2.13
            67   1103        31.82        11.25        13.42        -2.17        -4.32         2.16
            68   1521        31.87        11.30        13.20        -1.90        -4.06         2.16
            69    396        31.92        11.35        13.64        -2.29        -4.41         2.12
            70    941        31.54        10.97        12.26        -1.29        -3.43         2.14
            71    254        31.91        11.34        13.67        -2.33        -4.46         2.14
            72   1684        32.11        11.55        13.66        -2.11        -4.23         2.11
            73   1353        31.57        11.00        12.26        -1.27        -3.40         2.13
            74   1200        31.97        11.40        13.64        -2.24        -4.38         2.14
            75   1160        31.95        11.38        13.67        -2.29        -4.43         2.15
            76   1447        32.03        11.46        13.69        -2.23        -4.35         2.12
            77    576        32.05        11.48        13.69        -2.21        -4.34         2.13
            78    523        32.41        11.85        14.11        -2.26        -4.39         2.13
            79   1688        32.42        11.85        14.11        -2.26        -4.38         2.13
            80   1042        31.85        11.28        13.11        -1.83        -3.94         2.11
            81    506        31.74        11.17        12.09        -0.92        -3.03         2.11
            82    253        32.52        11.95        13.95        -2.00        -4.11         2.11
            83    688        32.13        11.57        12.38        -0.82        -2.93         2.12
            84   1330        33.22        12.65        14.60        -1.95        -4.08         2.13
            85   1132        33.22        12.65        13.79        -1.13        -3.26         2.13
            86    348        33.22        12.65        13.79        -1.13        -3.27         2.13
          ------------------------------------------------------------------------------------------

          ----------------------------------------
          Gas Phase Internal Potential Energy: U
          ----------------------------------------

          ------------------------------------------------------------------------------------------
          Rank    ID         U         Valence     Coulomb        VdW         VdW6        VdW12
          ------------------------------------------------------------------------------------------
             1   1155        10.91        16.38        -8.45         2.98       -12.57        15.55
             2   1110        10.86        16.39        -8.48         2.96       -12.58        15.53
             3   1571        10.91        16.38        -8.45         2.98       -12.57        15.55
             4    134        10.86        16.39        -8.48         2.96       -12.58        15.53
             5    218        10.30        17.20        -9.38         2.48       -13.06        15.54
             6    631        10.30        17.20        -9.38         2.48       -13.06        15.54
             7   1347        10.93        16.76        -8.73         2.91       -12.60        15.51
             8    304        10.93        16.76        -8.73         2.91       -12.60        15.51
             9    920        10.54        17.20        -9.33         2.67       -12.82        15.48
            10    355        10.54        17.20        -9.33         2.67       -12.82        15.48
            11    965        11.21        16.99        -8.42         2.64       -12.54        15.18
            12   1201        11.21        16.99        -8.42         2.64       -12.54        15.18
            13    443        11.15        16.58        -8.36         2.93       -12.54        15.47
            14    685        11.15        16.58        -8.36         2.93       -12.54        15.47
            15    923        11.36        16.58        -8.15         2.93       -12.53        15.46
            16    152        11.36        16.58        -8.15         2.93       -12.53        15.46
            17   1580        11.18        16.95        -8.66         2.89       -12.56        15.45
            18    890        11.18        16.95        -8.66         2.89       -12.56        15.45
            19   1563        11.54        16.81        -8.00         2.73       -12.75        15.48
            20   1355        10.67        17.25        -9.24         2.67       -13.41        16.08
            21   1258        11.54        16.81        -8.00         2.73       -12.75        15.48
            22    637        11.67        16.81        -7.71         2.56       -12.92        15.48
            23   1667        11.69        16.79        -7.84         2.73       -12.73        15.46
            24   1683        11.69        16.79        -7.84         2.73       -12.73        15.46
            25    272        12.14        18.25        -8.72         2.61       -11.96        14.57
            26   1692        11.88        17.15        -7.97         2.69       -12.46        15.15
            27   1452        11.41        17.50        -8.74         2.65       -12.49        15.14
            28    488        12.14        18.25        -8.72         2.61       -11.96        14.57
            29    474        12.42        18.28        -8.43         2.58       -11.90        14.48
            30   1555        12.42        18.28        -8.43         2.58       -11.90        14.48
            31     24        11.88        17.15        -7.97         2.69       -12.46        15.15
            32    316        12.34        18.68        -8.85         2.51       -11.91        14.42
            33   1022        11.97        16.77        -7.36         2.56       -12.88        15.44
            34   1433        11.97        16.77        -7.36         2.56       -12.88        15.44
            35   1649        13.14        19.16        -8.16         2.14       -11.58        13.72
            36   1209        13.06        19.17        -8.23         2.12       -11.56        13.68
            37    668        12.79        19.53        -8.82         2.09       -11.58        13.67
            38   1041        11.81        19.95       -10.07         1.93       -13.00        14.93
            39    489        12.09        16.79        -7.60         2.90       -13.30        16.20
            40    956        12.09        16.79        -7.60         2.90       -13.30        16.20
            41   1661        12.34        19.54        -9.33         2.13       -12.58        14.71
            42   1206        12.31        17.91        -8.72         3.12       -12.45        15.57
            43    849        12.31        17.91        -8.72         3.12       -12.45        15.57
            44   1332        12.69        17.94        -8.34         3.10       -12.39        15.49
            45    479        12.69        17.94        -8.34         3.10       -12.39        15.49
            46    613        11.29        18.28        -9.50         2.52       -13.88        16.40
            47   1621        11.29        18.28        -9.50         2.52       -13.88        16.40
            48   1343        12.71        18.32        -8.64         3.03       -12.42        15.45
            49   1246        12.71        18.32        -8.64         3.03       -12.42        15.45
            50   1541        12.43        19.01        -9.37         2.80       -12.60        15.40
            51    992        12.53        19.02        -9.23         2.74       -12.61        15.35
            52    326        12.53        19.02        -9.23         2.74       -12.61        15.35
            53   1373        12.43        19.01        -9.37         2.80       -12.60        15.40
            54   1369        12.09        19.65        -9.93         2.38       -13.91        16.29
            55   1567        13.30        18.61        -8.34         3.03       -12.27        15.30
            56   1517        13.31        18.59        -8.33         3.05       -12.27        15.33
            57    206        13.31        18.59        -8.33         3.06       -12.27        15.33
            58    137        13.32        18.43        -8.42         3.31       -12.37        15.68
            59   1522        13.29        18.43        -8.45         3.30       -12.37        15.67
            60    333        13.29        18.43        -8.45         3.30       -12.37        15.67
            61    953        13.30        18.61        -8.34         3.03       -12.27        15.30
            62     72        13.32        18.43        -8.42         3.31       -12.37        15.68
            63    132        13.14        18.81        -8.93         3.26       -12.38        15.65
            64   1443        13.14        18.81        -8.93         3.26       -12.38        15.65
            65    289        13.20        18.96        -8.75         3.00       -12.29        15.29
            66   1251        13.42        18.61        -8.05         2.86       -12.52        15.39
            67   1103        13.42        18.61        -8.05         2.86       -12.52        15.39
            68   1521        13.20        18.96        -8.75         3.00       -12.29        15.29
            69    396        13.64        18.61        -7.81         2.84       -12.55        15.39
            70    941        12.26        19.26        -9.84         2.85       -13.72        16.56
            71    254        13.67        18.61        -7.78         2.84       -12.47        15.31
            72   1684        13.66        19.00        -7.83         2.49       -12.61        15.10
            73   1353        12.26        19.26        -9.84         2.85       -13.72        16.56
            74   1200        13.64        18.61        -7.81         2.84       -12.55        15.39
            75   1160        13.67        18.61        -7.78         2.84       -12.47        15.31
            76   1447        13.69        18.57        -7.75         2.87       -12.55        15.42
            77    576        13.69        18.57        -7.75         2.87       -12.55        15.42
            78    523        14.11        19.02        -7.31         2.39       -12.50        14.89
            79   1688        14.11        19.02        -7.31         2.39       -12.50        14.89
            80   1042        13.11        17.76        -7.34         2.69       -13.72        16.41
            81    506        12.09        19.65        -9.93         2.38       -13.91        16.29
            82    253        13.95        17.54        -6.27         2.68       -13.61        16.29
            83    688        12.38        20.11       -10.32         2.60       -14.36        16.95
            84   1330        14.60        18.88        -7.23         2.96       -13.44        16.40
            85   1132        13.79        20.49        -9.47         2.77       -13.49        16.25
            86    348        13.79        20.49        -9.47         2.77       -13.49        16.25
          ------------------------------------------------------------------------------------------

          -------------------------------
          Bonded Energy Terms: Valence
          -------------------------------

          ------------------------------------------------------------------------------------------
          Rank    ID     Valence       Bond        Angle         Pdih         Idih       Tether
          ------------------------------------------------------------------------------------------
             1   1155        16.38         0.44         5.05        10.89         0.00         0.00
             2   1110        16.39         0.44         5.03        10.92         0.00         0.00
             3   1571        16.38         0.44         5.05        10.89         0.00         0.00
             4    134        16.39         0.44         5.03        10.92         0.00         0.00
             5    218        17.20         0.43         5.59        11.18         0.00         0.00
             6    631        17.20         0.43         5.59        11.18         0.00         0.00
             7   1347        16.76         0.43         5.07        11.25         0.00         0.00
             8    304        16.76         0.43         5.07        11.25         0.00         0.00
             9    920        17.20         0.43         5.36        11.42         0.00         0.00
            10    355        17.20         0.43         5.36        11.42         0.00         0.00
            11    965        16.99         0.41         5.15        11.44         0.00         0.00
            12   1201        16.99         0.41         5.15        11.44         0.00         0.00
            13    443        16.58         0.44         5.09        11.05         0.00         0.00
            14    685        16.58         0.44         5.09        11.05         0.00         0.00
            15    923        16.58         0.44         5.10        11.04         0.00         0.00
            16    152        16.58         0.44         5.10        11.04         0.00         0.00
            17   1580        16.95         0.43         5.12        11.40         0.00         0.00
            18    890        16.95         0.43         5.12        11.40         0.00         0.00
            19   1563        16.81         0.44         5.32        11.06         0.00         0.00
            20   1355        17.25         0.48         6.11        10.65         0.00         0.00
            21   1258        16.81         0.44         5.32        11.06         0.00         0.00
            22    637        16.81         0.44         5.47        10.91         0.00         0.00
            23   1667        16.79         0.44         5.31        11.04         0.00         0.00
            24   1683        16.79         0.44         5.31        11.04         0.00         0.00
            25    272        18.25         0.34         3.15        14.76         0.00         0.00
            26   1692        17.15         0.42         5.26        11.47         0.00         0.00
            27   1452        17.50         0.41         5.30        11.79         0.00         0.00
            28    488        18.25         0.34         3.15        14.76         0.00         0.00
            29    474        18.28         0.33         3.18        14.77         0.00         0.00
            30   1555        18.28         0.33         3.18        14.77         0.00         0.00
            31     24        17.15         0.42         5.26        11.47         0.00         0.00
            32    316        18.68         0.32         3.23        15.13         0.00         0.00
            33   1022        16.77         0.44         5.45        10.88         0.00         0.00
            34   1433        16.77         0.44         5.45        10.88         0.00         0.00
            35   1649        19.16         0.29         3.55        15.31         0.00         0.00
            36   1209        19.17         0.29         3.54        15.34         0.00         0.00
            37    668        19.53         0.29         3.59        15.65         0.00         0.00
            38   1041        19.95         0.35         6.18        13.43         0.00         0.00
            39    489        16.79         0.50         5.82        10.47         0.00         0.00
            40    956        16.79         0.50         5.82        10.47         0.00         0.00
            41   1661        19.54         0.36         4.76        14.43         0.00         0.00
            42   1206        17.91         0.45         4.38        13.08         0.00         0.00
            43    849        17.91         0.45         4.38        13.08         0.00         0.00
            44   1332        17.94         0.44         4.41        13.08         0.00         0.00
            45    479        17.94         0.44         4.41        13.08         0.00         0.00
            46    613        18.28         0.51         7.44        10.33         0.00         0.00
            47   1621        18.28         0.51         7.44        10.33         0.00         0.00
            48   1343        18.32         0.44         4.45        13.43         0.00         0.00
            49   1246        18.32         0.44         4.45        13.43         0.00         0.00
            50   1541        19.01         0.42         4.78        13.80         0.00         0.00
            51    992        19.02         0.42         4.88        13.71         0.00         0.00
            52    326        19.02         0.42         4.88        13.71         0.00         0.00
            53   1373        19.01         0.42         4.78        13.80         0.00         0.00
            54   1369        19.65         0.50         8.15        11.00         0.00         0.00
            55   1567        18.61         0.42         4.49        13.70         0.00         0.00
            56   1517        18.59         0.42         4.51        13.66         0.00         0.00
            57    206        18.59         0.42         4.51        13.66         0.00         0.00
            58    137        18.43         0.45         4.19        13.78         0.00         0.00
            59   1522        18.43         0.45         4.24        13.74         0.00         0.00
            60    333        18.43         0.45         4.24        13.74         0.00         0.00
            61    953        18.61         0.42         4.49        13.70         0.00         0.00
            62     72        18.43         0.45         4.19        13.79         0.00         0.00
            63    132        18.81         0.44         4.30        14.07         0.00         0.00
            64   1443        18.81         0.44         4.30        14.07         0.00         0.00
            65    289        18.96         0.42         4.54        14.00         0.00         0.00
            66   1251        18.61         0.43         4.72        13.45         0.00         0.00
            67   1103        18.61         0.43         4.72        13.45         0.00         0.00
            68   1521        18.96         0.42         4.54        14.00         0.00         0.00
            69    396        18.61         0.43         4.74        13.43         0.00         0.00
            70    941        19.26         0.51         6.45        12.30         0.00         0.00
            71    254        18.61         0.43         4.74        13.44         0.00         0.00
            72   1684        19.00         0.39         4.27        14.34         0.00         0.00
            73   1353        19.26         0.51         6.45        12.30         0.00         0.00
            74   1200        18.61         0.43         4.74        13.43         0.00         0.00
            75   1160        18.61         0.43         4.74        13.44         0.00         0.00
            76   1447        18.57         0.44         4.71        13.43         0.00         0.00
            77    576        18.57         0.44         4.71        13.43         0.00         0.00
            78    523        19.02         0.38         4.36        14.29         0.00         0.00
            79   1688        19.02         0.38         4.36        14.29         0.00         0.00
            80   1042        17.76         0.51         7.05        10.20         0.00         0.00
            81    506        19.65         0.50         8.15        11.00         0.00         0.00
            82    253        17.54         0.51         7.07         9.96         0.00         0.00
            83    688        20.11         0.54         9.25        10.32         0.00         0.00
            84   1330        18.88         0.52         6.29        12.08         0.00         0.00
            85   1132        20.49         0.51         6.90        13.08         0.00         0.00
            86    348        20.49         0.51         6.90        13.08         0.00         0.00
          ------------------------------------------------------------------------------------------

          Calculating single reference conformer RMSDs ...

          ---------------------------------
          Conformer RMSDs are in Angstroms.
          ---------------------------------

          ------------------------------------------------------------------------------------------
                              RMSD wrt Input Crd                    RMSD wrt Rank 1
                         ---------------------------------------------------------------------------
          Rank    ID        Complex    Receptor  Ligand          Complex    Receptor  Ligand
          ------------------------------------------------------------------------------------------
             1   1155                             1.654                               0.000
             2   1110                             1.682                               0.320
             3   1571                             1.665                               1.579
             4    134                             1.318                               1.679
             5    218                             0.898                               1.685
             6    631                             0.838                               1.725
             7   1347                             1.312                               1.568
             8    304                             1.645                               0.328
             9    920                             0.858                               1.511
            10    355                             0.801                               1.543
            11    965                             1.270                               1.186
            12   1201                             1.389                               1.308
            13    443                             0.830                               0.800
            14    685                             0.753                               1.279
            15    923                             0.801                               1.292
            16    152                             0.763                               0.715
            17   1580                             0.778                               1.336
            18    890                             0.767                               0.816
            19   1563                             0.820                               1.472
            20   1355                             1.203                               1.040
            21   1258                             0.749                               1.043
            22    637                             0.753                               1.287
            23   1667                             0.793                               1.109
            24   1683                             0.752                               1.467
            25    272                             1.222                               0.643
            26   1692                             0.311                               1.452
            27   1452                             0.345                               1.327
            28    488                             1.141                               0.604
            29    474                             1.172                               0.551
            30   1555                             1.171                               0.654
            31     24                             0.033                               1.420
            32    316                             1.166                               0.663
            33   1022                             0.767                               1.289
            34   1433                             0.792                               1.459
            35   1649                             0.658                               1.256
            36   1209                             0.593                               1.228
            37    668                             0.657                               1.302
            38   1041                             0.975                               1.335
            39    489                             1.130                               0.982
            40    956                             1.645                               0.995
            41   1661                             1.188                               1.243
            42   1206                             1.314                               0.661
            43    849                             1.238                               1.013
            44   1332                             1.223                               1.027
            45    479                             1.272                               0.552
            46    613                             1.309                               1.205
            47   1621                             1.095                               1.511
            48   1343                             1.271                               1.061
            49   1246                             1.254                               0.649
            50   1541                             1.164                               1.309
            51    992                             0.649                               1.502
            52    326                             0.709                               1.203
            53   1373                             1.040                               0.877
            54   1369                             1.054                               1.094
            55   1567                             1.468                               1.277
            56   1517                             1.417                               1.284
            57    206                             1.197                               0.555
            58    137                             0.632                               1.104
            59   1522                             0.640                               1.080
            60    333                             0.556                               1.072
            61    953                             1.238                               0.628
            62     72                             0.560                               1.031
            63    132                             0.589                               1.109
            64   1443                             0.597                               1.147
            65    289                             1.505                               1.287
            66   1251                             1.143                               1.540
            67   1103                             0.997                               1.069
            68   1521                             1.200                               0.671
            69    396                             0.535                               1.333
            70    941                             1.272                               1.153
            71    254                             1.087                               1.519
            72   1684                             0.897                               0.893
            73   1353                             1.150                               1.352
            74   1200                             0.637                               1.738
            75   1160                             1.027                               1.120
            76   1447                             0.616                               1.299
            77    576                             0.560                               1.690
            78    523                             1.107                               1.781
            79   1688                             0.930                               1.603
            80   1042                             1.333                               1.237
            81    506                             1.510                               1.696
            82    253                             1.181                               1.266
            83    688                             1.440                               1.321
            84   1330                             0.960                               1.341
            85   1132                             1.218                               1.372
            86    348                             1.298                               1.173
          ------------------------------------------------------------------------------------------

          --------------------------------
          Final Boltzmann Averaged Data.
          --------------------------------

          -------------------------------------------------------------------
          Results of Boltzmann Averaging Over All  115 Conformers (kcal/mol).
          -------------------------------------------------------------------

          Free Energy                        G              60.2772604886
          Average Potential Energy         < E >            29.9326979136
          Entropy                           -TS             30.3445625750
          -------------------------------------------------------------------

          Average Potential Energy < E > Components.

          < U >                    11.3541340047
          < W(PBSA) >              -1.9890168931
          < H.O. P.E. >            20.5675867429

          Average Solvation Energy < W(PBSA) > Components.

          < PB >                   -4.1193278050
          < SA >                    2.1303109119

          Average Gas Phase Internal Potential Energy < U > Components.

          < Valence >              17.1579347135
          < Coulomb >              -8.5690980496
          < VdW >                   2.7652973409

          Average Van der Waals Energy < VdW > Components.

          < VdW6  >               -12.6167649536
          < VdW12 >                15.3820622945

          Average Bonded Energy < Valence > Components.

          < Bond >                  0.4252127692
          < Angle >                 5.0478022380
          < Pdihed >               11.6849197062
          < Idihed >                0.0000000000
          < Tether >                0.0000000000

          -------------------------------------------------------------------
                        End of VM2 Calculation Results Summary.
          -------------------------------------------------------------------


     Total cpu time for run         73.69 seconds.
                                     1.23 minutes.

     Total wall time for run        73.92 seconds.
                                     1.23 minutes.

     TIME STAMP: VCPack job finished normally : Saturday, August 06, 2022 at 17:11:50
