
     --------------------------------------------------------------------------------
                        Running Program VCPack. Version 2.8

                           VeraChem LLC, PO Box 2206
                           Germantown, MD 20875, U.S.A.

                                Tel. 240-686-0565
                                www.verachem.com
     --------------------------------------------------------------------------------


     Input file          :   guest-s15_vm2.inp

     Output file         :   guest-s15_vm2.out

     Summary output file :   guest-s15_vm2.summary.out

     Executable : /data/comblab/vcCompChem_3b/exe/VC_CompChemPackage_mpi.exe

     Build date : Aug 13 2021  17:26:14

     This is a multiple processor run.

     MPI processes              :   16
     OpenMP threads per process :    0
     CUDA enabled               :  no

     TIME STAMP: VCPack job started : Saturday, August 06, 2022 at 17:10:31

     --------------------------------------------------------------------------------
                            Basic Calculation Control.
     --------------------------------------------------------------------------------

     Molecular system type                :  ligand          

     Calculation type                     :  vm2             

     Energy potential                     :  mm              

     Post-processing type                 :  none            

     Post-processing energy potential     :  none            

     Time limit in wall clock hours       :  96.00

     Read in starting conformers          :  no
     Type of conformers to read in        :  none
     Conformer source files(s)            :  none

     Use input .crd for complex build     :  no
     Place ligand confs. at input .crd    :  no
     Use input .crd as start conformer    :  yes

     Formatted output files               :  xyz     
                                          :  pdb     
                                          :  mol2    
                                          :  sdf     
                                          :  xyz     
                                          :  gms     
                                          :  csv     

     Split formatted output files         :  crd     

     Limit conformers in formatted files  :  bycount
     Maximum conformer count              :  1000

     Atoms to include in formatted files  :  all     

     Binary file restart type             :  none


     --------------------------------------------------------------------------------
                            Math Related Control and Set Up.
     --------------------------------------------------------------------------------

     Random number generator seeds :  bywallclock

     Seed 1 :           7430211
     Seed 2 :            620093
     Seed 3 :               758
     Seed 4 :             28573


     --------------------------------------------------------------------------------
                            Basic Molecular System Set Up.
     --------------------------------------------------------------------------------

     ------------------
     Ligand Data Files.
     ------------------

     Standard crd coordinate file            :  guest-s15.crd
     VeraChem topology file                  :  guest-s15.top
     Standard mol/sdf file                   :  guest-s15.mol

     Total number of ligand atoms            :        29

     Included in this calculation.
     Number of real and live ligand atoms    :        29
     Number of real but fixed ligand atoms   :         0

     Ligand placement method                 :  none

     Snap ligand to template atoms           :      no

     -------------------------------
     Final Real/Live Set Atom Count.
     -------------------------------

     Total number of real atoms              :        29
     Total number of live atoms              :        29


     --------------------------------------------------------------------------------
                            Generate Initial Molecular Conformation.
     --------------------------------------------------------------------------------

     Mandatory input crd file(s) used for generation of a single starting conformer.


     --------------------------------------------------------------------------------
                             Energy Potential Settings.
     --------------------------------------------------------------------------------


     Molecular Mechanics package          :  vchem           

     Quantum Mechanics package            :  none            


     --------------------------------------------------------------------------------
                    Running VM2 Mining Minima Module. Version 2.8
     --------------------------------------------------------------------------------

     Iteration    Free Energy G             G Diff            # Conformers     # Diff
        1            32.990012              32.990012              53              53
        2            32.541428              -0.448583             117              64
        3            32.495550              -0.045879             128              11
        4            32.429366              -0.066183             160              32
        5            32.429302              -0.000064             161               1
        6            32.389186              -0.040116             188              27
        7            32.388573              -0.000614             190               2
        8            32.350788              -0.037785             209              19
        9            32.350532              -0.000257             212               3
       10            32.349116              -0.001415             219               7

     VM2 Free Energy converged after   10 iterations.

     Final VM2 Free Energy is      32.349116 Kcal/mol.

          --------------------------------
          Final Individual Conformer Data.
          --------------------------------

          List data for conformers with probability of at least :  0.01 %
          Rankings are with respect to : Free Energy (G)

          ------------------------
          Free Energy: G = E - TS
          ------------------------

          ------------------------------------------------------------------------------------------
          Rank    ID     ln(Zx)    Prob(%)  Sum Prob(%)  Del G        G            E            -TS
          ------------------------------------------------------------------------------------------
             1    715   -101.65433   10.34    10.34      0.00        33.70        -3.68        37.38
             2    441   -102.36561    5.07    15.41      0.42        34.13        -3.40        37.53
             3     58   -102.37046    5.05    20.46      0.43        34.13        -3.27        37.40
             4   1629   -102.63464    3.88    24.34      0.58        34.29        -3.21        37.50
             5   1243   -102.64586    3.83    28.17      0.59        34.29        -3.20        37.49
             6    986   -102.74569    3.47    31.64      0.65        34.35        -3.10        37.45
             7   1223   -102.75419    3.44    35.08      0.66        34.36        -3.22        37.58
             8   1132   -102.76670    3.40    38.48      0.66        34.37        -3.14        37.50
             9   1585   -102.81040    3.25    41.74      0.69        34.39        -3.09        37.48
            10   1118   -102.83083    3.19    44.92      0.70        34.40        -3.08        37.49
            11   1361   -103.18445    2.24    47.16      0.91        34.61        -3.06        37.67
            12   1356   -103.37504    1.85    49.01      1.03        34.73        -2.78        37.51
            13   1524   -103.46870    1.68    50.69      1.08        34.78        -2.72        37.51
            14   1512   -103.47284    1.68    52.37      1.08        34.79        -2.72        37.50
            15   1658   -103.48283    1.66    54.03      1.09        34.79        -2.85        37.64
            16     39   -103.52500    1.59    55.62      1.12        34.82        -2.72        37.53
            17   1539   -103.53796    1.57    57.19      1.12        34.83        -2.67        37.49
            18    679   -103.55135    1.55    58.75      1.13        34.83        -2.80        37.64
            19   1258   -103.55492    1.54    60.29      1.13        34.84        -3.02        37.86
            20   1214   -103.56545    1.53    61.82      1.14        34.84        -2.58        37.42
            21    688   -103.57297    1.52    63.34      1.14        34.85        -2.79        37.64
            22    968   -103.60731    1.47    64.80      1.16        34.87        -2.77        37.64
            23    210   -103.62614    1.44    66.24      1.18        34.88        -2.75        37.63
            24    262   -103.68612    1.36    67.60      1.21        34.91        -2.68        37.59
            25   1656   -103.71152    1.32    68.92      1.23        34.93        -2.70        37.63
            26    232   -103.74513    1.28    70.19      1.25        34.95        -2.87        37.82
            27   1186   -103.75181    1.27    71.46      1.25        34.95        -2.74        37.69
            28   1136   -103.77121    1.24    72.71      1.26        34.96        -2.86        37.82
            29    554   -103.78283    1.23    73.94      1.27        34.97        -2.59        37.56
            30    891   -103.82378    1.18    75.12      1.29        35.00        -2.60        37.60
            31   1673   -103.83539    1.17    76.29      1.30        35.00        -2.69        37.69
            32    616   -103.84957    1.15    77.44      1.31        35.01        -2.82        37.83
            33    847   -103.89825    1.10    78.53      1.34        35.04        -2.45        37.49
            34     19   -104.05363    0.94    79.47      1.43        35.13        -2.66        37.79
            35   1190   -104.06142    0.93    80.40      1.44        35.14        -2.51        37.65
            36   1185   -104.09729    0.90    81.30      1.46        35.16        -2.54        37.69
            37   1351   -104.10664    0.89    82.19      1.46        35.16        -2.62        37.79
            38   1367   -104.14303    0.86    83.05      1.48        35.19        -2.60        37.79
            39   1041   -104.15684    0.85    83.89      1.49        35.19        -2.65        37.85
            40    908   -104.17595    0.83    84.72      1.50        35.21        -2.77        37.98
            41    345   -104.39932    0.66    85.39      1.64        35.34        -2.40        37.74
            42    310   -104.40020    0.66    86.05      1.64        35.34        -2.53        37.87
            43   1281   -104.40562    0.66    86.71      1.64        35.34        -2.32        37.67
            44   1547   -104.48064    0.61    87.32      1.68        35.39        -2.61        38.00
            45    925   -104.49724    0.60    87.93      1.69        35.40        -2.59        37.98
            46   1675   -104.50710    0.60    88.52      1.70        35.40        -2.43        37.83
            47   1312   -104.53854    0.58    89.10      1.72        35.42        -2.55        37.97
            48   1295   -104.56955    0.56    89.66      1.74        35.44        -2.40        37.84
            49    185   -104.58061    0.55    90.21      1.74        35.45        -2.33        37.78
            50   1550   -104.61905    0.53    90.75      1.77        35.47        -2.10        37.57
            51   1262   -104.66020    0.51    91.26      1.79        35.49        -2.10        37.60
            52    234   -104.74109    0.47    91.73      1.84        35.54        -1.91        37.45
            53    307   -104.74447    0.47    92.20      1.84        35.54        -2.26        37.80
            54    169   -104.75909    0.46    92.66      1.85        35.55        -2.42        37.97
            55   1244   -104.81519    0.44    93.10      1.88        35.59        -2.61        38.20
            56   1016   -104.82472    0.43    93.54      1.89        35.59        -2.14        37.73
            57    455   -104.83975    0.43    93.96      1.90        35.60        -2.55        38.16
            58    785   -104.86619    0.42    94.38      1.91        35.62        -2.32        37.94
            59    573   -104.89923    0.40    94.78      1.93        35.64        -2.06        37.70
            60   1112   -104.96073    0.38    95.16      1.97        35.67        -2.50        38.17
            61    517   -104.96697    0.38    95.54      1.97        35.68        -1.95        37.63
            62    207   -105.01483    0.36    95.90      2.00        35.71        -2.51        38.21
            63    558   -105.06436    0.34    96.24      2.03        35.74        -2.37        38.11
            64   1376   -105.08411    0.33    96.57      2.04        35.75        -2.21        37.96
            65    187   -105.29397    0.27    96.84      2.17        35.87        -2.19        38.06
            66    173   -105.30602    0.27    97.11      2.18        35.88        -2.42        38.30
            67   1264   -105.32149    0.26    97.38      2.19        35.89        -2.31        38.19
            68   1194   -105.48510    0.22    97.60      2.28        35.99        -2.34        38.33
            69    575   -105.66057    0.19    97.79      2.39        36.09        -2.05        38.14
            70    181   -105.74308    0.17    97.96      2.44        36.14        -2.35        38.49
            71   1594   -105.78874    0.17    98.13      2.46        36.17        -1.83        37.99
            72   1144   -106.03445    0.13    98.26      2.61        36.31        -0.88        37.19
            73   1050   -106.29335    0.10    98.36      2.77        36.47        -2.13        38.60
            74   1510   -106.32364    0.10    98.45      2.78        36.49        -1.81        38.30
            75    648   -106.50152    0.08    98.54      2.89        36.59        -0.80        37.39
            76   1170   -106.72910    0.06    98.60      3.03        36.73        -1.00        37.73
            77   1298   -106.99271    0.05    98.65      3.18        36.88        -0.65        37.54
            78   1630   -107.00851    0.05    98.70      3.19        36.89        -0.78        37.68
            79    990   -107.07331    0.05    98.74      3.23        36.93        -1.04        37.97
            80    841   -107.10852    0.04    98.79      3.25        36.95        -0.78        37.74
            81    329   -107.11451    0.04    98.83      3.26        36.96        -0.31        37.27
            82    952   -107.20689    0.04    98.87      3.31        37.01        -0.77        37.78
            83   1289   -107.30857    0.04    98.91      3.37        37.07        -0.65        37.73
            84   1331   -107.35444    0.03    98.94      3.40        37.10        -0.69        37.79
            85    490   -107.39677    0.03    98.98      3.42        37.13        -0.62        37.75
            86   1025   -107.42710    0.03    99.01      3.44        37.14        -0.50        37.64
            87   1201   -107.44010    0.03    99.04      3.45        37.15        -0.62        37.77
            88    603   -107.45299    0.03    99.07      3.46        37.16        -0.57        37.73
            89    188   -107.54982    0.03    99.10      3.51        37.22        -0.53        37.75
            90   1316   -107.56782    0.03    99.13      3.53        37.23        -0.13        37.36
            91    902   -107.60240    0.03    99.16      3.55        37.25        -0.60        37.85
            92   1322   -107.66566    0.03    99.18      3.58        37.29        -0.56        37.84
            93    855   -107.67882    0.02    99.21      3.59        37.29        -0.22        37.51
            94   1506   -107.89324    0.02    99.23      3.72        37.42        -0.10        37.52
            95   1530   -107.89455    0.02    99.25      3.72        37.42        -0.31        37.73
            96    703   -107.91612    0.02    99.27      3.73        37.44        -0.32        37.76
            97   1511   -107.91927    0.02    99.29      3.73        37.44         0.03        37.41
            98    655   -107.94236    0.02    99.30      3.75        37.45        -0.30        37.75
            99    258   -107.95426    0.02    99.32      3.76        37.46        -0.30        37.76
           100    699   -107.98018    0.02    99.34      3.77        37.47        -0.42        37.89
           101    145   -107.98424    0.02    99.36      3.77        37.48        -0.33        37.80
           102    290   -107.99985    0.02    99.38      3.78        37.49        -0.25        37.74
           103    195   -108.03453    0.02    99.40      3.80        37.51        -0.29        37.79
           104    546   -108.07767    0.02    99.41      3.83        37.53        -0.57        38.10
           105   1046   -108.09347    0.02    99.43      3.84        37.54        -0.12        37.66
           106    237   -108.10897    0.02    99.45      3.85        37.55        -0.11        37.66
           107    113   -108.12935    0.02    99.46      3.86        37.56        -0.37        37.94
           108    696   -108.13243    0.02    99.48      3.86        37.56        -0.22        37.78
           109   1607   -108.14731    0.02    99.49      3.87        37.57        -0.21        37.79
           110   1686   -108.16572    0.02    99.51      3.88        37.58        -0.64        38.23
           111    668   -108.18217    0.02    99.52      3.89        37.59        -0.27        37.86
           112   1036   -108.20026    0.01    99.54      3.90        37.60        -0.31        37.91
           113    999   -108.20368    0.01    99.55      3.90        37.61        -0.36        37.96
           114   1233   -108.26717    0.01    99.57      3.94        37.64         0.13        37.51
           115    640   -108.29747    0.01    99.58      3.96        37.66        -0.36        38.02
           116   1029   -108.31557    0.01    99.59      3.97        37.67         0.01        37.67
           117    309   -108.31625    0.01    99.61      3.97        37.67        -0.14        37.81
           118    277   -108.33305    0.01    99.62      3.98        37.68        -0.14        37.83
           119   1309   -108.41827    0.01    99.63      4.03        37.73        -0.06        37.79
           120   1277   -108.42597    0.01    99.64      4.04        37.74        -0.16        37.89
           121    627   -108.44367    0.01    99.66      4.05        37.75        -0.46        38.21
           122   1278   -108.45404    0.01    99.67      4.05        37.76        -0.14        37.90
           123    966   -108.48913    0.01    99.68      4.07        37.78         0.04        37.73
           124    215   -108.49360    0.01    99.69      4.08        37.78        -0.16        37.94
           125   1632   -108.52333    0.01    99.70      4.10        37.80        -0.12        37.92
           126   1187   -108.54846    0.01    99.71      4.11        37.81         0.01        37.80
           127   1370   -108.55922    0.01    99.72      4.12        37.82        -0.40        38.22
           128   1642   -108.59324    0.01    99.73      4.14        37.84        -0.18        38.02
          ------------------------------------------------------------------------------------------

          --------------------------------------------------------
          Potential Energy: E = (U+W) + H.O. Equipartion energy
          --------------------------------------------------------

          ------------------------------------------------------------------------------------------
          Rank    ID         E          U+W            U        W(PBSA)          PB           SA
          ------------------------------------------------------------------------------------------
             1    715        -3.68       -27.83        23.96       -51.79       -54.34         2.55
             2    441        -3.40       -27.55        24.51       -52.06       -54.56         2.50
             3     58        -3.27       -27.41        24.28       -51.69       -54.27         2.58
             4   1629        -3.21       -27.35        24.59       -51.94       -54.48         2.53
             5   1243        -3.20       -27.35        24.57       -51.92       -54.46         2.54
             6    986        -3.10       -27.25        24.71       -51.96       -54.51         2.55
             7   1223        -3.22       -27.36        24.67       -52.04       -54.59         2.55
             8   1132        -3.14       -27.28        24.74       -52.02       -54.55         2.52
             9   1585        -3.09       -27.23        25.01       -52.24       -54.75         2.51
            10   1118        -3.08       -27.23        24.82       -52.05       -54.56         2.51
            11   1361        -3.06       -27.20        24.85       -52.05       -54.59         2.53
            12   1356        -2.78       -26.93        24.93       -51.85       -54.37         2.51
            13   1524        -2.72       -26.87        24.91       -51.78       -54.31         2.53
            14   1512        -2.72       -26.86        25.09       -51.95       -54.50         2.55
            15   1658        -2.85       -27.00        25.16       -52.16       -54.68         2.52
            16     39        -2.72       -26.86        25.13       -51.99       -54.53         2.54
            17   1539        -2.67       -26.81        25.09       -51.90       -54.41         2.51
            18    679        -2.80       -26.95        25.27       -52.22       -54.70         2.49
            19   1258        -3.02       -27.17        25.09       -52.26       -54.74         2.48
            20   1214        -2.58       -26.72        25.44       -52.17       -54.69         2.52
            21    688        -2.79       -26.94        25.15       -52.09       -54.57         2.49
            22    968        -2.77       -26.92        25.12       -52.04       -54.56         2.51
            23    210        -2.75       -26.90        25.35       -52.25       -54.74         2.49
            24    262        -2.68       -26.82        25.47       -52.30       -54.79         2.50
            25   1656        -2.70       -26.84        25.54       -52.39       -54.88         2.49
            26    232        -2.87       -27.01        25.21       -52.23       -54.72         2.49
            27   1186        -2.74       -26.88        25.27       -52.15       -54.66         2.51
            28   1136        -2.86       -27.00        25.45       -52.45       -54.94         2.49
            29    554        -2.59       -26.73        25.45       -52.18       -54.67         2.49
            30    891        -2.60       -26.75        25.26       -52.01       -54.53         2.52
            31   1673        -2.69       -26.83        25.38       -52.21       -54.72         2.51
            32    616        -2.82       -26.96        25.31       -52.27       -54.76         2.49
            33    847        -2.45       -26.60        25.45       -52.05       -54.54         2.49
            34     19        -2.66       -26.80        25.52       -52.32       -54.80         2.48
            35   1190        -2.51       -26.65        25.43       -52.09       -54.61         2.52
            36   1185        -2.54       -26.68        25.64       -52.32       -54.81         2.49
            37   1351        -2.62       -26.77        25.51       -52.27       -54.76         2.48
            38   1367        -2.60       -26.75        25.49       -52.24       -54.72         2.48
            39   1041        -2.65       -26.80        25.62       -52.42       -54.90         2.48
            40    908        -2.77       -26.92        25.71       -52.62       -55.09         2.47
            41    345        -2.40       -26.55        25.62       -52.17       -54.63         2.46
            42    310        -2.53       -26.68        25.70       -52.38       -54.83         2.45
            43   1281        -2.32       -26.47        25.69       -52.15       -54.64         2.49
            44   1547        -2.61       -26.76        25.70       -52.46       -54.89         2.43
            45    925        -2.59       -26.73        25.70       -52.43       -54.86         2.43
            46   1675        -2.43       -26.58        25.53       -52.10       -54.58         2.47
            47   1312        -2.55       -26.70        25.73       -52.42       -54.88         2.46
            48   1295        -2.40       -26.54        25.49       -52.03       -54.51         2.47
            49    185        -2.33       -26.48        25.73       -52.20       -54.67         2.47
            50   1550        -2.10       -26.24        25.97       -52.22       -54.71         2.49
            51   1262        -2.10       -26.25        25.82       -52.07       -54.58         2.51
            52    234        -1.91       -26.05        26.14       -52.20       -54.70         2.51
            53    307        -2.26       -26.40        26.11       -52.51       -55.00         2.48
            54    169        -2.42       -26.56        26.00       -52.56       -55.00         2.44
            55   1244        -2.61       -26.76        25.51       -52.26       -54.69         2.43
            56   1016        -2.14       -26.29        26.00       -52.28       -54.75         2.47
            57    455        -2.55       -26.70        25.70       -52.40       -54.86         2.47
            58    785        -2.32       -26.47        25.82       -52.28       -54.73         2.45
            59    573        -2.06       -26.20        25.89       -52.10       -54.60         2.51
            60   1112        -2.50       -26.64        26.02       -52.66       -55.10         2.44
            61    517        -1.95       -26.10        26.19       -52.29       -54.80         2.51
            62    207        -2.51       -26.65        25.90       -52.56       -54.97         2.41
            63    558        -2.37       -26.52        26.27       -52.79       -55.21         2.42
            64   1376        -2.21       -26.36        26.39       -52.74       -55.19         2.45
            65    187        -2.19       -26.33        26.39       -52.73       -55.16         2.44
            66    173        -2.42       -26.57        26.21       -52.77       -55.20         2.42
            67   1264        -2.31       -26.45        26.06       -52.51       -54.93         2.42
            68   1194        -2.34       -26.49        26.08       -52.57       -54.97         2.40
            69    575        -2.05       -26.19        26.47       -52.66       -55.09         2.43
            70    181        -2.35       -26.50        25.93       -52.42       -54.83         2.41
            71   1594        -1.83       -25.97        26.28       -52.25       -54.67         2.42
            72   1144        -0.88       -25.02        27.08       -52.11       -54.62         2.52
            73   1050        -2.13       -26.27        26.60       -52.87       -55.27         2.40
            74   1510        -1.81       -25.95        26.78       -52.73       -55.14         2.41
            75    648        -0.80       -24.94        27.20       -52.14       -54.64         2.50
            76   1170        -1.00       -25.14        27.27       -52.42       -54.88         2.47
            77   1298        -0.65       -24.80        27.23       -52.02       -54.53         2.51
            78   1630        -0.78       -24.93        27.07       -52.00       -54.50         2.50
            79    990        -1.04       -25.18        27.31       -52.49       -54.96         2.47
            80    841        -0.78       -24.93        27.36       -52.29       -54.78         2.49
            81    329        -0.31       -24.46        27.68       -52.13       -54.61         2.48
            82    952        -0.77       -24.91        27.43       -52.34       -54.83         2.49
            83   1289        -0.65       -24.80        27.55       -52.35       -54.81         2.46
            84   1331        -0.69       -24.84        27.47       -52.31       -54.79         2.48
            85    490        -0.62       -24.77        27.67       -52.44       -54.94         2.50
            86   1025        -0.50       -24.64        27.99       -52.63       -55.12         2.49
            87   1201        -0.62       -24.76        27.46       -52.22       -54.68         2.46
            88    603        -0.57       -24.72        27.70       -52.42       -54.88         2.46
            89    188        -0.53       -24.68        27.89       -52.57       -55.04         2.47
            90   1316        -0.13       -24.27        27.85       -52.12       -54.61         2.49
            91    902        -0.60       -24.75        27.64       -52.38       -54.90         2.51
            92   1322        -0.56       -24.70        27.78       -52.48       -54.93         2.45
            93    855        -0.22       -24.36        27.70       -52.06       -54.56         2.50
            94   1506        -0.10       -24.25        27.82       -52.07       -54.58         2.52
            95   1530        -0.31       -24.45        28.05       -52.50       -54.97         2.46
            96    703        -0.32       -24.47        27.67       -52.13       -54.58         2.45
            97   1511         0.03       -24.11        28.00       -52.11       -54.58         2.47
            98    655        -0.30       -24.45        27.67       -52.11       -54.55         2.44
            99    258        -0.30       -24.45        27.63       -52.08       -54.52         2.44
           100    699        -0.42       -24.56        27.85       -52.42       -54.83         2.41
           101    145        -0.33       -24.47        28.01       -52.48       -54.95         2.47
           102    290        -0.25       -24.40        27.86       -52.26       -54.71         2.45
           103    195        -0.29       -24.43        27.71       -52.15       -54.60         2.46
           104    546        -0.57       -24.72        27.80       -52.52       -54.97         2.45
           105   1046        -0.12       -24.27        27.82       -52.09       -54.56         2.47
           106    237        -0.11       -24.26        27.88       -52.13       -54.59         2.46
           107    113        -0.37       -24.52        27.92       -52.43       -54.87         2.43
           108    696        -0.22       -24.36        28.06       -52.42       -54.88         2.46
           109   1607        -0.21       -24.36        27.70       -52.05       -54.53         2.47
           110   1686        -0.64       -24.79        27.76       -52.55       -54.97         2.42
           111    668        -0.27       -24.41        27.94       -52.35       -54.79         2.43
           112   1036        -0.31       -24.45        27.95       -52.40       -54.84         2.45
           113    999        -0.36       -24.50        27.89       -52.39       -54.85         2.46
           114   1233         0.13       -24.01        27.95       -51.96       -54.44         2.48
           115    640        -0.36       -24.50        27.83       -52.33       -54.78         2.45
           116   1029         0.01       -24.14        28.21       -52.35       -54.78         2.44
           117    309        -0.14       -24.28        27.82       -52.10       -54.59         2.48
           118    277        -0.14       -24.29        28.31       -52.60       -55.09         2.49
           119   1309        -0.06       -24.20        28.20       -52.41       -54.88         2.47
           120   1277        -0.16       -24.30        28.24       -52.54       -54.98         2.45
           121    627        -0.46       -24.61        27.91       -52.52       -54.94         2.42
           122   1278        -0.14       -24.29        28.22       -52.50       -54.95         2.45
           123    966         0.04       -24.10        28.13       -52.23       -54.73         2.50
           124    215        -0.16       -24.30        28.17       -52.47       -54.89         2.42
           125   1632        -0.12       -24.27        28.13       -52.40       -54.85         2.45
           126   1187         0.01       -24.14        28.19       -52.33       -54.79         2.46
           127   1370        -0.40       -24.55        27.92       -52.47       -54.88         2.41
           128   1642        -0.18       -24.33        28.04       -52.37       -54.81         2.44
          ------------------------------------------------------------------------------------------

          ----------------------------------------
          Gas Phase Internal Potential Energy: U
          ----------------------------------------

          ------------------------------------------------------------------------------------------
          Rank    ID         U         Valence     Coulomb        VdW         VdW6        VdW12
          ------------------------------------------------------------------------------------------
             1    715        23.96         3.17        19.73         1.06        -7.94         9.00
             2    441        24.51         3.68        19.66         1.17        -8.57         9.74
             3     58        24.28         3.71        19.38         1.19        -8.09         9.28
             4   1629        24.59         3.67        19.72         1.20        -8.56         9.76
             5   1243        24.57         3.67        19.71         1.20        -8.56         9.76
             6    986        24.71         3.73        19.76         1.22        -8.62         9.84
             7   1223        24.67         3.46        20.28         0.93        -8.84         9.77
             8   1132        24.74         3.69        19.92         1.13        -8.67         9.79
             9   1585        25.01         3.71        20.12         1.18        -8.62         9.80
            10   1118        24.82         3.71        19.94         1.17        -8.61         9.79
            11   1361        24.85         3.96        19.89         1.00        -9.07        10.07
            12   1356        24.93         4.21        19.39         1.33        -8.71        10.04
            13   1524        24.91         4.21        19.38         1.32        -8.72        10.04
            14   1512        25.09         4.25        19.54         1.30        -8.78        10.07
            15   1658        25.16         4.20        19.69         1.27        -9.29        10.56
            16     39        25.13         4.21        19.68         1.24        -8.83        10.08
            17   1539        25.09         4.25        19.52         1.31        -8.79        10.10
            18    679        25.27         4.17        19.87         1.24        -9.31        10.55
            19   1258        25.09         3.93        20.38         0.78        -9.98        10.76
            20   1214        25.44         4.34        19.74         1.36        -8.74        10.10
            21    688        25.15         4.18        19.66         1.31        -9.19        10.50
            22    968        25.12         4.18        19.63         1.31        -9.19        10.50
            23    210        25.35         4.22        19.85         1.28        -9.28        10.55
            24    262        25.47         4.29        19.88         1.30        -9.23        10.54
            25   1656        25.54         4.22        20.05         1.27        -9.27        10.54
            26    232        25.21         4.12        19.95         1.14        -9.56        10.69
            27   1186        25.27         3.97        20.25         1.05        -9.49        10.54
            28   1136        25.45         4.12        20.19         1.14        -9.59        10.72
            29    554        25.45         4.27        19.87         1.31        -9.22        10.53
            30    891        25.26         4.21        19.74         1.32        -9.27        10.59
            31   1673        25.38         3.96        20.37         1.04        -9.52        10.56
            32    616        25.31         4.18        20.00         1.12        -9.69        10.81
            33    847        25.45         4.32        19.73         1.40        -9.17        10.57
            34     19        25.52         4.45        19.96         1.11        -9.75        10.86
            35   1190        25.43         4.06        20.27         1.11        -9.45        10.56
            36   1185        25.64         3.98        20.67         0.99        -9.57        10.56
            37   1351        25.51         4.47        19.98         1.05        -9.82        10.88
            38   1367        25.49         4.46        19.91         1.12        -9.71        10.83
            39   1041        25.62         4.14        20.48         1.00        -9.77        10.77
            40    908        25.71         4.41        20.45         0.85       -10.19        11.04
            41    345        25.62         4.55        19.89         1.18        -9.67        10.85
            42    310        25.70         4.64        19.93         1.12        -9.96        11.08
            43   1281        25.69         4.68        19.65         1.35        -9.48        10.83
            44   1547        25.70         4.64        19.92         1.14       -10.43        11.58
            45    925        25.70         4.39        20.48         0.83       -10.72        11.56
            46   1675        25.53         4.66        19.60         1.26        -9.72        10.98
            47   1312        25.73         4.63        19.87         1.23       -10.25        11.48
            48   1295        25.49         4.66        19.57         1.26        -9.76        11.02
            49    185        25.73         4.68        19.67         1.38        -9.93        11.31
            50   1550        25.97         4.81        19.70         1.46        -9.39        10.85
            51   1262        25.82         4.78        19.61         1.43        -9.39        10.82
            52    234        26.14         4.93        19.67         1.54        -9.29        10.83
            53    307        26.11         4.79        20.05         1.27        -9.80        11.08
            54    169        26.00         4.63        20.15         1.23       -10.24        11.47
            55   1244        25.51         4.39        20.42         0.70       -10.96        11.67
            56   1016        26.00         4.76        19.83         1.41        -9.89        11.30
            57    455        25.70         4.60        20.01         1.09       -10.57        11.66
            58    785        25.82         4.50        20.34         0.97       -10.53        11.50
            59    573        25.89         4.78        19.66         1.46        -9.84        11.30
            60   1112        26.02         4.55        20.50         0.97       -10.66        11.63
            61    517        26.19         4.87        19.83         1.49        -9.79        11.27
            62    207        25.90         4.89        20.13         0.88       -10.96        11.84
            63    558        26.27         4.87        20.50         0.90       -10.95        11.85
            64   1376        26.39         4.73        20.48         1.18       -10.35        11.53
            65    187        26.39         4.97        20.37         1.04       -10.75        11.79
            66    173        26.21         4.87        20.55         0.79       -11.16        11.94
            67   1264        26.06         5.06        19.92         1.08       -10.86        11.94
            68   1194        26.08         5.05        19.93         1.10       -11.34        12.44
            69    575        26.47         5.20        20.03         1.24       -10.69        11.93
            70    181        25.93         4.81        20.41         0.72       -11.78        12.50
            71   1594        26.28         4.39        21.06         0.83       -10.64        11.48
            72   1144        27.08         5.16        20.85         1.08        -8.82         9.89
            73   1050        26.60         5.29        20.51         0.80       -11.98        12.78
            74   1510        26.78         5.14        20.51         1.13       -11.26        12.39
            75    648        27.20         4.96        21.20         1.05        -9.03        10.08
            76   1170        27.27         5.67        20.78         0.83        -9.94        10.77
            77   1298        27.23         6.29        19.80         1.13        -9.03        10.17
            78   1630        27.07         6.26        19.67         1.14        -9.08        10.22
            79    990        27.31         5.06        21.36         0.90       -10.07        10.97
            80    841        27.36         6.13        20.08         1.15        -9.53        10.68
            81    329        27.68         5.65        20.83         1.20        -9.46        10.66
            82    952        27.43         6.17        20.21         1.04        -9.70        10.74
            83   1289        27.55         6.16        20.24         1.14        -9.54        10.69
            84   1331        27.47         6.23        20.13         1.11        -9.66        10.77
            85    490        27.67         6.13        20.41         1.12        -9.58        10.71
            86   1025        27.99         6.34        20.69         0.96       -10.03        10.99
            87   1201        27.46         6.25        20.07         1.14        -9.67        10.81
            88    603        27.70         6.16        20.39         1.15        -9.57        10.72
            89    188        27.89         6.18        20.67         1.04        -9.72        10.77
            90   1316        27.85         5.68        20.99         1.18        -9.50        10.68
            91    902        27.64         5.82        21.13         0.68       -10.11        10.79
            92   1322        27.78         6.11        20.73         0.94       -10.57        11.51
            93    855        27.70         5.43        21.14         1.13        -9.72        10.85
            94   1506        27.82         5.45        21.22         1.15        -9.71        10.86
            95   1530        28.05         6.73        20.16         1.17        -9.91        11.07
            96    703        27.67         6.69        19.69         1.28        -9.75        11.03
            97   1511        28.00         5.68        21.09         1.24        -9.58        10.82
            98    655        27.67         6.69        19.71         1.27        -9.73        10.99
            99    258        27.63         6.68        19.71         1.25        -9.76        11.01
           100    699        27.85         6.64        19.99         1.22       -10.25        11.47
           101    145        28.01         6.67        20.18         1.16        -9.85        11.01
           102    290        27.86         6.79        19.86         1.21        -9.83        11.04
           103    195        27.71         6.76        19.72         1.24        -9.78        11.02
           104    546        27.80         5.53        21.30         0.97       -10.82        11.79
           105   1046        27.82         6.78        19.80         1.23        -9.71        10.95
           106    237        27.88         6.78        19.87         1.23        -9.74        10.97
           107    113        27.92         6.69        20.02         1.21       -10.29        11.50
           108    696        28.06         6.33        20.69         1.04       -10.43        11.47
           109   1607        27.70         6.76        19.66         1.27        -9.72        10.99
           110   1686        27.76         6.48        20.86         0.42       -11.36        11.78
           111    668        27.94         6.75        20.00         1.20       -10.23        11.43
           112   1036        27.95         6.73        20.07         1.15       -10.43        11.58
           113    999        27.89         6.47        20.36         1.05       -10.40        11.45
           114   1233        27.95         5.46        21.34         1.15        -9.73        10.88
           115    640        27.83         6.94        20.04         0.85       -10.29        11.15
           116   1029        28.21         6.65        20.54         1.02       -10.51        11.52
           117    309        27.82         6.84        19.70         1.28        -9.73        11.01
           118    277        28.31         6.78        20.30         1.23        -9.82        11.05
           119   1309        28.20         6.86        20.16         1.18       -10.21        11.39
           120   1277        28.24         6.64        20.37         1.22       -10.23        11.46
           121    627        27.91         6.82        20.15         0.94       -10.67        11.61
           122   1278        28.22         6.82        20.15         1.25       -10.24        11.49
           123    966        28.13         6.99        19.89         1.24        -9.66        10.90
           124    215        28.17         6.29        21.10         0.77       -10.79        11.56
           125   1632        28.13         6.43        20.72         0.99       -10.46        11.45
           126   1187        28.19         5.84        21.30         1.06       -10.71        11.77
           127   1370        27.92         6.77        20.29         0.85       -10.88        11.74
           128   1642        28.04         6.92        20.07         1.05       -10.72        11.77
          ------------------------------------------------------------------------------------------

          -------------------------------
          Bonded Energy Terms: Valence
          -------------------------------

          ------------------------------------------------------------------------------------------
          Rank    ID     Valence       Bond        Angle         Pdih         Idih       Tether
          ------------------------------------------------------------------------------------------
             1    715         3.17         0.19         0.88         2.10         0.00         0.00
             2    441         3.68         0.22         1.21         2.24         0.00         0.00
             3     58         3.71         0.20         1.16         2.35         0.00         0.00
             4   1629         3.67         0.22         1.12         2.33         0.00         0.00
             5   1243         3.67         0.22         1.12         2.33         0.00         0.00
             6    986         3.73         0.24         1.17         2.33         0.00         0.00
             7   1223         3.46         0.22         1.09         2.15         0.00         0.00
             8   1132         3.69         0.23         1.10         2.36         0.00         0.00
             9   1585         3.71         0.23         1.14         2.34         0.00         0.00
            10   1118         3.71         0.23         1.14         2.34         0.00         0.00
            11   1361         3.96         0.23         1.42         2.31         0.00         0.00
            12   1356         4.21         0.23         1.40         2.58         0.00         0.00
            13   1524         4.21         0.23         1.40         2.58         0.00         0.00
            14   1512         4.25         0.24         1.42         2.59         0.00         0.00
            15   1658         4.20         0.27         1.44         2.50         0.00         0.00
            16     39         4.21         0.24         1.35         2.61         0.00         0.00
            17   1539         4.25         0.24         1.42         2.59         0.00         0.00
            18    679         4.17         0.26         1.30         2.61         0.00         0.00
            19   1258         3.93         0.26         1.41         2.26         0.00         0.00
            20   1214         4.34         0.25         1.48         2.61         0.00         0.00
            21    688         4.18         0.26         1.45         2.47         0.00         0.00
            22    968         4.18         0.26         1.45         2.47         0.00         0.00
            23    210         4.22         0.26         1.47         2.49         0.00         0.00
            24    262         4.29         0.28         1.50         2.51         0.00         0.00
            25   1656         4.22         0.26         1.47         2.49         0.00         0.00
            26    232         4.12         0.27         1.52         2.34         0.00         0.00
            27   1186         3.97         0.25         1.33         2.39         0.00         0.00
            28   1136         4.12         0.27         1.52         2.33         0.00         0.00
            29    554         4.27         0.27         1.39         2.61         0.00         0.00
            30    891         4.21         0.27         1.36         2.58         0.00         0.00
            31   1673         3.96         0.25         1.33         2.38         0.00         0.00
            32    616         4.18         0.28         1.61         2.29         0.00         0.00
            33    847         4.32         0.28         1.46         2.58         0.00         0.00
            34     19         4.45         0.27         1.66         2.53         0.00         0.00
            35   1190         4.06         0.26         1.41         2.38         0.00         0.00
            36   1185         3.98         0.26         1.31         2.41         0.00         0.00
            37   1351         4.47         0.27         1.63         2.57         0.00         0.00
            38   1367         4.46         0.26         1.66         2.54         0.00         0.00
            39   1041         4.14         0.27         1.51         2.35         0.00         0.00
            40    908         4.41         0.27         1.69         2.44         0.00         0.00
            41    345         4.55         0.28         1.75         2.53         0.00         0.00
            42    310         4.64         0.28         1.75         2.61         0.00         0.00
            43   1281         4.68         0.27         1.55         2.86         0.00         0.00
            44   1547         4.64         0.32         1.85         2.47         0.00         0.00
            45    925         4.39         0.30         1.59         2.51         0.00         0.00
            46   1675         4.66         0.28         1.80         2.59         0.00         0.00
            47   1312         4.63         0.30         1.85         2.48         0.00         0.00
            48   1295         4.66         0.28         1.81         2.58         0.00         0.00
            49    185         4.68         0.31         1.63         2.74         0.00         0.00
            50   1550         4.81         0.29         1.67         2.86         0.00         0.00
            51   1262         4.78         0.28         1.64         2.86         0.00         0.00
            52    234         4.93         0.30         1.77         2.86         0.00         0.00
            53    307         4.79         0.30         1.94         2.55         0.00         0.00
            54    169         4.63         0.30         1.85         2.48         0.00         0.00
            55   1244         4.39         0.31         1.75         2.33         0.00         0.00
            56   1016         4.76         0.31         1.69         2.76         0.00         0.00
            57    455         4.60         0.32         1.90         2.38         0.00         0.00
            58    785         4.50         0.31         1.72         2.48         0.00         0.00
            59    573         4.78         0.31         1.72         2.74         0.00         0.00
            60   1112         4.55         0.31         1.81         2.43         0.00         0.00
            61    517         4.87         0.32         1.79         2.76         0.00         0.00
            62    207         4.89         0.31         2.00         2.58         0.00         0.00
            63    558         4.87         0.31         1.87         2.68         0.00         0.00
            64   1376         4.73         0.32         1.93         2.47         0.00         0.00
            65    187         4.97         0.32         2.00         2.66         0.00         0.00
            66    173         4.87         0.32         2.04         2.52         0.00         0.00
            67   1264         5.06         0.32         2.06         2.68         0.00         0.00
            68   1194         5.05         0.35         2.15         2.55         0.00         0.00
            69    575         5.20         0.33         2.22         2.64         0.00         0.00
            70    181         4.81         0.35         2.05         2.41         0.00         0.00
            71   1594         4.39         0.30         1.68         2.41         0.00         0.00
            72   1144         5.16         0.26         1.44         3.46         0.00         0.00
            73   1050         5.29         0.36         2.35         2.59         0.00         0.00
            74   1510         5.14         0.36         2.22         2.56         0.00         0.00
            75    648         4.96         0.24         1.60         3.12         0.00         0.00
            76   1170         5.67         0.27         1.79         3.60         0.00         0.00
            77   1298         6.29         0.22         1.38         4.68         0.00         0.00
            78   1630         6.26         0.25         1.66         4.35         0.00         0.00
            79    990         5.06         0.29         2.16         2.60         0.00         0.00
            80    841         6.13         0.27         1.64         4.22         0.00         0.00
            81    329         5.65         0.29         1.69         3.67         0.00         0.00
            82    952         6.17         0.27         1.62         4.28         0.00         0.00
            83   1289         6.16         0.27         1.68         4.21         0.00         0.00
            84   1331         6.23         0.28         1.59         4.36         0.00         0.00
            85    490         6.13         0.27         1.61         4.24         0.00         0.00
            86   1025         6.34         0.29         2.14         3.91         0.00         0.00
            87   1201         6.25         0.28         1.67         4.30         0.00         0.00
            88    603         6.16         0.27         1.66         4.22         0.00         0.00
            89    188         6.18         0.28         1.68         4.21         0.00         0.00
            90   1316         5.68         0.29         1.64         3.74         0.00         0.00
            91    902         5.82         0.28         1.91         3.63         0.00         0.00
            92   1322         6.11         0.31         1.99         3.81         0.00         0.00
            93    855         5.43         0.28         1.78         3.37         0.00         0.00
            94   1506         5.45         0.28         1.83         3.35         0.00         0.00
            95   1530         6.73         0.30         1.94         4.49         0.00         0.00
            96    703         6.69         0.29         1.95         4.46         0.00         0.00
            97   1511         5.68         0.29         1.94         3.45         0.00         0.00
            98    655         6.69         0.28         1.95         4.46         0.00         0.00
            99    258         6.68         0.29         1.89         4.50         0.00         0.00
           100    699         6.64         0.31         1.95         4.38         0.00         0.00
           101    145         6.67         0.28         1.88         4.51         0.00         0.00
           102    290         6.79         0.30         1.94         4.56         0.00         0.00
           103    195         6.76         0.29         1.88         4.59         0.00         0.00
           104    546         5.53         0.33         2.32         2.87         0.00         0.00
           105   1046         6.78         0.26         1.62         4.90         0.00         0.00
           106    237         6.78         0.26         1.61         4.91         0.00         0.00
           107    113         6.69         0.31         1.94         4.44         0.00         0.00
           108    696         6.33         0.31         2.08         3.93         0.00         0.00
           109   1607         6.76         0.29         1.90         4.57         0.00         0.00
           110   1686         6.48         0.31         2.15         4.03         0.00         0.00
           111    668         6.75         0.32         2.02         4.41         0.00         0.00
           112   1036         6.73         0.32         1.94         4.47         0.00         0.00
           113    999         6.47         0.30         1.80         4.36         0.00         0.00
           114   1233         5.46         0.28         1.83         3.35         0.00         0.00
           115    640         6.94         0.27         1.99         4.67         0.00         0.00
           116   1029         6.65         0.34         2.19         4.13         0.00         0.00
           117    309         6.84         0.29         1.87         4.68         0.00         0.00
           118    277         6.78         0.29         1.86         4.63         0.00         0.00
           119   1309         6.86         0.32         1.97         4.58         0.00         0.00
           120   1277         6.64         0.31         1.95         4.38         0.00         0.00
           121    627         6.82         0.32         2.17         4.33         0.00         0.00
           122   1278         6.82         0.32         1.99         4.51         0.00         0.00
           123    966         6.99         0.30         1.91         4.78         0.00         0.00
           124    215         6.29         0.31         2.12         3.86         0.00         0.00
           125   1632         6.43         0.30         1.84         4.29         0.00         0.00
           126   1187         5.84         0.32         2.13         3.39         0.00         0.00
           127   1370         6.77         0.33         2.34         4.10         0.00         0.00
           128   1642         6.92         0.31         2.14         4.47         0.00         0.00
          ------------------------------------------------------------------------------------------

          Calculating single reference conformer RMSDs ...

          ---------------------------------
          Conformer RMSDs are in Angstroms.
          ---------------------------------

          ------------------------------------------------------------------------------------------
                              RMSD wrt Input Crd                    RMSD wrt Rank 1
                         ---------------------------------------------------------------------------
          Rank    ID        Complex    Receptor  Ligand          Complex    Receptor  Ligand
          ------------------------------------------------------------------------------------------
             1    715                             1.266                               0.000
             2    441                             1.014                               1.033
             3     58                             0.177                               1.196
             4   1629                             1.884                               0.599
             5   1243                             1.842                               0.595
             6    986                             0.682                               1.272
             7   1223                             1.754                               0.981
             8   1132                             2.041                               1.093
             9   1585                             1.914                               0.636
            10   1118                             1.785                               0.620
            11   1361                             0.999                               1.517
            12   1356                             0.872                               1.168
            13   1524                             0.609                               1.641
            14   1512                             0.655                               1.986
            15   1658                             1.001                               1.968
            16     39                             0.952                               1.554
            17   1539                             0.571                               2.424
            18    679                             2.058                               1.875
            19   1258                             1.733                               2.349
            20   1214                             1.159                               0.664
            21    688                             1.869                               1.740
            22    968                             1.045                               1.822
            23    210                             1.609                               1.690
            24    262                             2.086                               0.869
            25   1656                             1.766                               1.652
            26    232                             1.612                               1.025
            27   1186                             1.797                               1.409
            28   1136                             2.344                               1.701
            29    554                             1.752                               0.631
            30    891                             1.875                               1.270
            31   1673                             1.749                               1.494
            32    616                             1.579                               1.729
            33    847                             0.942                               0.627
            34     19                             2.255                               2.067
            35   1190                             1.673                               0.634
            36   1185                             1.596                               1.668
            37   1351                             1.269                               1.718
            38   1367                             1.401                               1.668
            39   1041                             2.330                               1.909
            40    908                             1.934                               1.760
            41    345                             0.642                               1.667
            42    310                             1.222                               2.560
            43   1281                             1.111                               1.365
            44   1547                             1.743                               2.425
            45    925                             2.273                               1.935
            46   1675                             1.721                               1.722
            47   1312                             1.694                               1.988
            48   1295                             0.938                               2.332
            49    185                             2.203                               2.101
            50   1550                             1.682                               0.884
            51   1262                             0.635                               1.397
            52    234                             0.862                               1.127
            53    307                             1.803                               1.244
            54    169                             2.041                               1.779
            55   1244                             1.773                               1.937
            56   1016                             2.168                               1.886
            57    455                             1.397                               1.495
            58    785                             1.624                               1.294
            59    573                             0.773                               1.398
            60   1112                             2.008                               1.811
            61    517                             1.340                               0.986
            62    207                             1.720                               2.322
            63    558                             1.812                               1.984
            64   1376                             2.397                               1.186
            65    187                             1.552                               1.681
            66    173                             2.074                               1.708
            67   1264                             1.280                               2.043
            68   1194                             1.350                               2.152
            69    575                             1.605                               1.392
            70    181                             1.881                               1.531
            71   1594                             2.505                               1.829
            72   1144                             2.087                               1.379
            73   1050                             1.835                               1.776
            74   1510                             2.387                               1.942
            75    648                             1.690                               1.305
            76   1170                             2.412                               1.863
            77   1298                             1.197                               2.319
            78   1630                             1.333                               2.005
            79    990                             1.196                               1.425
            80    841                             1.649                               2.011
            81    329                             2.162                               1.992
            82    952                             1.612                               2.188
            83   1289                             2.647                               1.169
            84   1331                             2.071                               2.218
            85    490                             2.099                               1.064
            86   1025                             2.490                               2.328
            87   1201                             1.411                               2.089
            88    603                             2.521                               1.687
            89    188                             2.149                               1.971
            90   1316                             1.933                               2.236
            91    902                             2.394                               1.951
            92   1322                             1.878                               1.840
            93    855                             1.533                               1.040
            94   1506                             1.896                               1.798
            95   1530                             2.196                               2.284
            96    703                             0.958                               2.368
            97   1511                             1.623                               0.851
            98    655                             1.129                               2.784
            99    258                             0.999                               2.217
           100    699                             1.728                               1.875
           101    145                             1.965                               2.099
           102    290                             1.287                               2.233
           103    195                             2.032                               2.282
           104    546                             1.834                               1.680
           105   1046                             1.211                               1.687
           106    237                             1.841                               1.975
           107    113                             1.370                               2.144
           108    696                             2.350                               1.609
           109   1607                             1.237                               2.101
           110   1686                             2.570                               2.160
           111    668                             2.526                               1.602
           112   1036                             1.658                               2.047
           113    999                             1.829                               1.011
           114   1233                             2.073                               2.194
           115    640                             2.246                               2.135
           116   1029                             1.593                               1.853
           117    309                             1.656                               2.142
           118    277                             1.856                               1.967
           119   1309                             1.615                               1.897
           120   1277                             1.787                               1.726
           121    627                             1.482                               1.948
           122   1278                             1.802                               1.116
           123    966                             1.408                               1.668
           124    215                             1.978                               1.940
           125   1632                             1.999                               1.751
           126   1187                             1.737                               1.681
           127   1370                             1.890                               2.662
           128   1642                             1.429                               1.746
          ------------------------------------------------------------------------------------------

          --------------------------------
          Final Boltzmann Averaged Data.
          --------------------------------

          -------------------------------------------------------------------
          Results of Boltzmann Averaging Over All  219 Conformers (kcal/mol).
          -------------------------------------------------------------------

          Free Energy                        G              32.3491163908
          Average Potential Energy         < E >            -2.9045406318
          Entropy                           -TS             35.2536570226
          -------------------------------------------------------------------

          Average Potential Energy < E > Components.

          < U >                    25.0334588210
          < W(PBSA) >             -52.0823183316
          < H.O. P.E. >            24.1445583504

          Average Solvation Energy < W(PBSA) > Components.

          < PB >                  -54.5956090602
          < SA >                    2.5132907286

          Average Gas Phase Internal Potential Energy < U > Components.

          < Valence >               4.0079101310
          < Coulomb >              19.8632144680
          < VdW >                   1.1623342221

          Average Van der Waals Energy < VdW > Components.

          < VdW6  >                -9.0190597263
          < VdW12 >                10.1813939484

          Average Bonded Energy < Valence > Components.

          < Bond >                  0.2444233349
          < Angle >                 1.3391312700
          < Pdihed >                2.4243555261
          < Idihed >                0.0000000000
          < Tether >                0.0000000000

          -------------------------------------------------------------------
                        End of VM2 Calculation Results Summary.
          -------------------------------------------------------------------


     Total cpu time for run         45.78 seconds.
                                     0.76 minutes.

     Total wall time for run        45.94 seconds.
                                     0.77 minutes.

     TIME STAMP: VCPack job finished normally : Saturday, August 06, 2022 at 17:11:17
