
     --------------------------------------------------------------------------------
                        Running Program VCPack. Version 2.8

                           VeraChem LLC, PO Box 2206
                           Germantown, MD 20875, U.S.A.

                                Tel. 240-686-0565
                                www.verachem.com
     --------------------------------------------------------------------------------


     Input file          :   guest-s22_vm2.inp

     Output file         :   guest-s22_vm2.out

     Summary output file :   guest-s22_vm2.summary.out

     Executable : /data/comblab/vcCompChem_3b/exe/VC_CompChemPackage_mpi.exe

     Build date : Aug 13 2021  17:26:14

     This is a multiple processor run.

     MPI processes              :   16
     OpenMP threads per process :    0
     CUDA enabled               :  no

     TIME STAMP: VCPack job started : Sunday, August 07, 2022 at 12:05:49

     --------------------------------------------------------------------------------
                            Basic Calculation Control.
     --------------------------------------------------------------------------------

     Molecular system type                :  ligand          

     Calculation type                     :  vm2             

     Energy potential                     :  mm              

     Post-processing type                 :  none            

     Post-processing energy potential     :  none            

     Time limit in wall clock hours       :  96.00

     Read in starting conformers          :  no
     Type of conformers to read in        :  none
     Conformer source files(s)            :  none

     Use input .crd for complex build     :  no
     Place ligand confs. at input .crd    :  no
     Use input .crd as start conformer    :  yes

     Formatted output files               :  xyz     
                                          :  pdb     
                                          :  mol2    
                                          :  sdf     
                                          :  xyz     
                                          :  gms     
                                          :  csv     

     Split formatted output files         :  crd     

     Limit conformers in formatted files  :  bycount
     Maximum conformer count              :  1000

     Atoms to include in formatted files  :  all     

     Binary file restart type             :  none


     --------------------------------------------------------------------------------
                            Math Related Control and Set Up.
     --------------------------------------------------------------------------------

     Random number generator seeds :  bywallclock

     Seed 1 :           8615202
     Seed 2 :            554813
     Seed 3 :               476
     Seed 4 :             25808


     --------------------------------------------------------------------------------
                            Basic Molecular System Set Up.
     --------------------------------------------------------------------------------

     ------------------
     Ligand Data Files.
     ------------------

     Standard crd coordinate file            :  guest-s22.crd
     VeraChem topology file                  :  guest-s22.top
     Standard mol/sdf file                   :  guest-s22.mol

     Total number of ligand atoms            :        20

     Included in this calculation.
     Number of real and live ligand atoms    :        20
     Number of real but fixed ligand atoms   :         0

     Ligand placement method                 :  none

     Snap ligand to template atoms           :      no

     -------------------------------
     Final Real/Live Set Atom Count.
     -------------------------------

     Total number of real atoms              :        20
     Total number of live atoms              :        20


     --------------------------------------------------------------------------------
                            Generate Initial Molecular Conformation.
     --------------------------------------------------------------------------------

     Mandatory input crd file(s) used for generation of a single starting conformer.


     --------------------------------------------------------------------------------
                             Energy Potential Settings.
     --------------------------------------------------------------------------------


     Molecular Mechanics package          :  vchem           

     Quantum Mechanics package            :  none            


     --------------------------------------------------------------------------------
                    Running VM2 Mining Minima Module. Version 2.8
     --------------------------------------------------------------------------------

     Iteration    Free Energy G             G Diff            # Conformers     # Diff
        1           -22.767393             -22.767393              28              28
        2           -22.993570              -0.226176              52              24
        3           -23.012848              -0.019279              56               4
        4           -23.028757              -0.015908              65               9
        5           -23.029907              -0.001150              66               1
        6           -23.067980              -0.038073              70               4
        7           -23.072167              -0.004187              70               0
        8           -23.075637              -0.003470              72               2

     VM2 Free Energy converged after    8 iterations.

     Final VM2 Free Energy is     -23.075637 Kcal/mol.

          --------------------------------
          Final Individual Conformer Data.
          --------------------------------

          List data for conformers with probability of at least :  0.01 %
          Rankings are with respect to : Free Energy (G)

          ------------------------
          Free Energy: G = E - TS
          ------------------------

          ------------------------------------------------------------------------------------------
          Rank    ID     ln(Zx)    Prob(%)  Sum Prob(%)  Del G        G            E            -TS
          ------------------------------------------------------------------------------------------
             1    423     -9.14062   13.68    13.68      0.00       -21.89       -37.14        15.25
             2    514     -9.15306   13.51    27.19      0.01       -21.88       -36.77        14.89
             3     74     -9.25443   12.21    39.39      0.07       -21.82       -36.71        14.89
             4    692    -10.17046    4.88    44.28      0.61       -21.28       -36.31        15.03
             5    132    -10.21010    4.69    48.97      0.64       -21.25       -36.28        15.03
             6    182    -10.37566    3.98    52.95      0.74       -21.15       -36.16        15.01
             7    679    -10.40008    3.88    56.83      0.75       -21.14       -36.25        15.11
             8    541    -10.41566    3.82    60.65      0.76       -21.13       -36.24        15.11
             9    628    -10.43291    3.76    64.41      0.77       -21.12       -36.13        15.01
            10    312    -10.46682    3.63    68.04      0.79       -21.10       -36.46        15.36
            11    666    -10.52425    3.43    71.47      0.82       -21.06       -36.06        15.00
            12    230    -10.57647    3.25    74.72      0.86       -21.03       -36.03        15.00
            13    510    -10.64358    3.04    77.76      0.90       -20.99       -36.35        15.36
            14    642    -11.22746    1.70    79.46      1.24       -20.65       -36.10        15.45
            15    713    -11.32209    1.54    81.00      1.30       -20.59       -36.04        15.45
            16    665    -11.38344    1.45    82.46      1.34       -20.55       -35.76        15.20
            17     73    -11.47853    1.32    83.78      1.39       -20.50       -35.70        15.21
            18     40    -11.48701    1.31    85.09      1.40       -20.49       -35.70        15.21
            19    174    -11.50299    1.29    86.37      1.41       -20.48       -35.69        15.21
            20    568    -11.51318    1.28    87.65      1.41       -20.48       -36.05        15.57
            21    507    -11.60990    1.16    88.81      1.47       -20.42       -35.99        15.57
            22    304    -11.72908    1.03    89.83      1.54       -20.35       -35.61        15.27
            23    329    -11.77585    0.98    90.82      1.57       -20.32       -35.59        15.27
            24     33    -11.92257    0.85    91.66      1.66       -20.23       -35.65        15.42
            25    573    -12.12842    0.69    92.35      1.78       -20.11       -35.46        15.35
            26    161    -12.18286    0.65    93.00      1.81       -20.08       -35.43        15.35
            27    164    -12.35721    0.55    93.55      1.92       -19.97       -35.34        15.37
            28    144    -12.36699    0.54    94.10      1.92       -19.97       -35.31        15.34
            29    344    -12.40806    0.52    94.62      1.95       -19.94       -35.31        15.37
            30    106    -12.46848    0.49    95.11      1.98       -19.91       -35.25        15.34
            31    301    -12.57103    0.44    95.55      2.05       -19.84       -35.29        15.44
            32    676    -12.57813    0.44    95.99      2.05       -19.84       -35.28        15.44
            33    219    -12.64087    0.41    96.40      2.09       -19.80       -35.22        15.42
            34    492    -12.68591    0.39    96.80      2.11       -19.78       -35.19        15.42
            35    354    -12.76088    0.37    97.16      2.16       -19.73       -35.16        15.43
            36    761    -12.82826    0.34    97.51      2.20       -19.69       -35.12        15.43
            37    108    -13.25483    0.22    97.73      2.45       -19.44       -34.10        14.66
            38    365    -13.27882    0.22    97.95      2.47       -19.42       -35.13        15.71
            39    659    -13.34133    0.20    98.15      2.50       -19.39       -34.05        14.66
            40    244    -13.36948    0.20    98.35      2.52       -19.37       -34.75        15.38
            41    109    -13.44693    0.18    98.54      2.57       -19.32       -34.71        15.38
            42    484    -13.49516    0.18    98.71      2.60       -19.29       -35.04        15.75
            43     69    -13.56254    0.16    98.88      2.64       -19.25       -35.00        15.75
            44    357    -13.71400    0.14    99.02      2.73       -19.16       -34.52        15.36
            45    441    -13.74124    0.14    99.16      2.74       -19.15       -34.51        15.36
            46    197    -13.96010    0.11    99.27      2.87       -19.02       -34.23        15.22
            47    731    -13.96577    0.11    99.38      2.88       -19.01       -34.23        15.22
            48    318    -14.02068    0.10    99.48      2.91       -18.98       -34.81        15.83
            49    736    -14.05225    0.10    99.58      2.93       -18.96       -34.79        15.83
            50    477    -14.40841    0.07    99.65      3.14       -18.75       -34.41        15.66
            51    285    -14.42876    0.07    99.72      3.15       -18.74       -34.40        15.66
            52    718    -14.68455    0.05    99.77      3.31       -18.58       -34.37        15.78
            53    121    -15.25624    0.03    99.80      3.65       -18.24       -33.77        15.52
            54    189    -15.34859    0.03    99.83      3.70       -18.19       -33.71        15.52
            55    455    -15.41676    0.03    99.86      3.74       -18.15       -34.01        15.86
            56    111    -15.41987    0.03    99.88      3.74       -18.15       -33.66        15.51
            57    265    -15.43312    0.03    99.91      3.75       -18.14       -34.00        15.86
            58    767    -15.44016    0.03    99.93      3.76       -18.13       -33.65        15.51
            59     86    -15.49695    0.02    99.96      3.79       -18.10       -33.96        15.86
            60    168    -15.49792    0.02    99.98      3.79       -18.10       -33.96        15.86
          ------------------------------------------------------------------------------------------

          --------------------------------------------------------
          Potential Energy: E = (U+W) + H.O. Equipartion energy
          --------------------------------------------------------

          ------------------------------------------------------------------------------------------
          Rank    ID         E          U+W            U        W(PBSA)          PB           SA
          ------------------------------------------------------------------------------------------
             1    423       -37.14       -53.24         6.57       -59.80       -62.04         2.23
             2    514       -36.77       -52.87         6.63       -59.50       -61.76         2.26
             3     74       -36.71       -52.81         6.63       -59.44       -61.70         2.26
             4    692       -36.31       -52.40         7.83       -60.23       -62.49         2.25
             5    132       -36.28       -52.38         7.83       -60.21       -62.45         2.24
             6    182       -36.16       -52.26         7.49       -59.75       -61.97         2.23
             7    679       -36.25       -52.35         8.43       -60.77       -62.98         2.21
             8    541       -36.24       -52.34         8.43       -60.77       -62.98         2.21
             9    628       -36.13       -52.22         7.49       -59.71       -61.95         2.23
            10    312       -36.46       -52.55         7.43       -59.98       -62.18         2.20
            11    666       -36.06       -52.16         7.60       -59.76       -62.01         2.25
            12    230       -36.03       -52.13         7.60       -59.73       -61.96         2.24
            13    510       -36.35       -52.45         7.43       -59.87       -62.08         2.20
            14    642       -36.10       -52.20         8.77       -60.97       -63.16         2.19
            15    713       -36.04       -52.14         8.77       -60.91       -63.12         2.21
            16    665       -35.76       -51.85         8.96       -60.82       -63.06         2.24
            17     73       -35.70       -51.80         9.41       -61.21       -63.46         2.25
            18     40       -35.70       -51.79         8.96       -60.76       -63.01         2.25
            19    174       -35.69       -51.78         9.41       -61.20       -63.44         2.24
            20    568       -36.05       -52.14         9.32       -61.47       -63.68         2.21
            21    507       -35.99       -52.09         9.32       -61.41       -63.64         2.23
            22    304       -35.61       -51.71         8.69       -60.40       -62.59         2.19
            23    329       -35.59       -51.68         8.69       -60.37       -62.54         2.17
            24     33       -35.65       -51.75         7.59       -59.34       -61.57         2.24
            25    573       -35.46       -51.56         9.80       -61.35       -63.51         2.16
            26    161       -35.43       -51.53         9.80       -61.32       -63.48         2.16
            27    164       -35.34       -51.44        10.46       -61.90       -64.08         2.18
            28    144       -35.31       -51.41         9.19       -60.60       -62.80         2.20
            29    344       -35.31       -51.41        10.46       -61.87       -64.04         2.18
            30    106       -35.25       -51.35         9.19       -60.54       -62.74         2.21
            31    301       -35.29       -51.39        10.00       -61.39       -63.55         2.17
            32    676       -35.28       -51.38        10.00       -61.38       -63.54         2.16
            33    219       -35.22       -51.32         9.29       -60.61       -62.81         2.19
            34    492       -35.19       -51.29         9.29       -60.59       -62.77         2.18
            35    354       -35.16       -51.25        10.18       -61.43       -63.63         2.20
            36    761       -35.12       -51.21        10.18       -61.39       -63.59         2.20
            37    108       -34.10       -50.19        10.64       -60.84       -63.00         2.16
            38    365       -35.13       -51.23        10.87       -62.10       -64.25         2.15
            39    659       -34.05       -50.14        10.64       -60.79       -62.97         2.18
            40    244       -34.75       -50.85        10.20       -61.05       -63.24         2.20
            41    109       -34.71       -50.80        10.20       -61.00       -63.18         2.18
            42    484       -35.04       -51.14         9.74       -60.87       -63.02         2.15
            43     69       -35.00       -51.10         9.74       -60.83       -62.98         2.15
            44    357       -34.52       -50.62        11.13       -61.74       -63.91         2.17
            45    441       -34.51       -50.60        11.13       -61.73       -63.88         2.15
            46    197       -34.23       -50.33        11.03       -61.36       -63.52         2.17
            47    731       -34.23       -50.33        11.03       -61.35       -63.50         2.15
            48    318       -34.81       -50.90        11.08       -61.98       -64.11         2.13
            49    736       -34.79       -50.89        11.08       -61.96       -64.10         2.14
            50    477       -34.41       -50.50        10.40       -60.91       -63.05         2.14
            51    285       -34.40       -50.49        10.40       -60.90       -63.04         2.15
            52    718       -34.37       -50.46        10.91       -61.37       -63.51         2.14
            53    121       -33.77       -49.86        11.76       -61.62       -63.78         2.16
            54    189       -33.71       -49.81        11.76       -61.56       -63.75         2.18
            55    455       -34.01       -50.11        11.48       -61.58       -63.74         2.16
            56    111       -33.66       -49.76        12.06       -61.82       -64.02         2.20
            57    265       -34.00       -50.10        11.48       -61.57       -63.70         2.13
            58    767       -33.65       -49.74        12.06       -61.81       -63.98         2.18
            59     86       -33.96       -50.06        11.09       -61.15       -63.27         2.13
            60    168       -33.96       -50.05        11.09       -61.14       -63.25         2.10
          ------------------------------------------------------------------------------------------

          ----------------------------------------
          Gas Phase Internal Potential Energy: U
          ----------------------------------------

          ------------------------------------------------------------------------------------------
          Rank    ID         U         Valence     Coulomb        VdW         VdW6        VdW12
          ------------------------------------------------------------------------------------------
             1    423         6.57         7.99        -2.70         1.28        -6.47         7.75
             2    514         6.63         9.08        -3.01         0.56        -5.77         6.34
             3     74         6.63         9.08        -3.01         0.56        -5.77         6.34
             4    692         7.83         9.30        -2.08         0.61        -6.34         6.95
             5    132         7.83         9.30        -2.08         0.61        -6.34         6.95
             6    182         7.49         9.60        -2.80         0.69        -6.43         7.12
             7    679         8.43         9.23        -1.30         0.50        -6.51         7.02
             8    541         8.43         9.23        -1.30         0.50        -6.52         7.02
             9    628         7.49         9.60        -2.80         0.69        -6.43         7.12
            10    312         7.43         8.55        -2.54         1.42        -7.12         8.53
            11    666         7.60         9.60        -2.69         0.69        -6.45         7.14
            12    230         7.60         9.60        -2.69         0.69        -6.45         7.14
            13    510         7.43         8.55        -2.54         1.42        -7.12         8.54
            14    642         8.77         8.76        -1.08         1.09        -7.28         8.37
            15    713         8.77         8.76        -1.08         1.09        -7.28         8.37
            16    665         8.96         9.33        -0.78         0.42        -6.63         7.05
            17     73         9.41         9.33        -0.32         0.41        -6.64         7.05
            18     40         8.96         9.33        -0.78         0.42        -6.64         7.05
            19    174         9.41         9.33        -0.32         0.41        -6.64         7.05
            20    568         9.32         8.23        -0.02         1.11        -7.37         8.48
            21    507         9.32         8.23        -0.02         1.11        -7.37         8.48
            22    304         8.69         9.77        -1.70         0.61        -7.23         7.85
            23    329         8.69         9.78        -1.70         0.61        -7.23         7.85
            24     33         7.59         9.57        -3.09         1.11        -6.06         7.18
            25    573         9.80         9.75        -0.31         0.36        -7.58         7.94
            26    161         9.80         9.75        -0.31         0.36        -7.58         7.94
            27    164        10.46         9.55         0.48         0.42        -7.22         7.65
            28    144         9.19         9.57        -0.88         0.50        -7.17         7.67
            29    344        10.46         9.55         0.48         0.42        -7.22         7.65
            30    106         9.19         9.57        -0.88         0.50        -7.17         7.67
            31    301        10.00         9.40        -0.50         1.10        -7.98         9.08
            32    676        10.00         9.40        -0.50         1.10        -7.98         9.08
            33    219         9.29         9.50        -0.61         0.41        -7.33         7.74
            34    492         9.29         9.50        -0.61         0.41        -7.33         7.74
            35    354        10.18         9.48         0.36         0.34        -7.38         7.72
            36    761        10.18         9.48         0.36         0.34        -7.38         7.72
            37    108        10.64        11.23        -1.08         0.49        -7.55         8.04
            38    365        10.87         8.80         1.02         1.05        -8.31         9.36
            39    659        10.64        11.23        -1.08         0.49        -7.55         8.03
            40    244        10.20         9.84         0.03         0.33        -7.64         7.97
            41    109        10.20         9.84         0.03         0.33        -7.64         7.97
            42    484         9.74         9.03        -0.28         0.99        -8.10         9.09
            43     69         9.74         9.03        -0.28         0.99        -8.10         9.09
            44    357        11.13         9.85         0.99         0.28        -7.71         7.99
            45    441        11.13         9.85         0.99         0.28        -7.71         7.99
            46    197        11.03        11.01        -0.46         0.48        -7.64         8.12
            47    731        11.03        11.01        -0.46         0.48        -7.64         8.12
            48    318        11.08         8.97         1.26         0.84        -8.35         9.19
            49    736        11.08         8.97         1.26         0.84        -8.35         9.19
            50    477        10.40        10.02         0.09         0.29        -8.41         8.70
            51    285        10.40        10.02         0.09         0.29        -8.41         8.70
            52    718        10.91         9.97         0.85         0.09        -8.72         8.80
            53    121        11.76        10.98         0.36         0.41        -8.04         8.45
            54    189        11.76        10.98         0.36         0.41        -8.04         8.45
            55    455        11.48         9.96         0.36         1.16        -8.70         9.86
            56    111        12.06        10.98         0.68         0.40        -8.07         8.48
            57    265        11.48         9.96         0.35         1.16        -8.70         9.86
            58    767        12.06        10.98         0.68         0.40        -8.08         8.48
            59     86        11.09         9.66         0.66         0.77        -9.17         9.94
            60    168        11.09         9.66         0.66         0.77        -9.17         9.94
          ------------------------------------------------------------------------------------------

          -------------------------------
          Bonded Energy Terms: Valence
          -------------------------------

          ------------------------------------------------------------------------------------------
          Rank    ID     Valence       Bond        Angle         Pdih         Idih       Tether
          ------------------------------------------------------------------------------------------
             1    423         7.99         0.14         2.85         5.00         0.00         0.00
             2    514         9.08         0.08         2.24         6.75         0.00         0.00
             3     74         9.08         0.08         2.24         6.75         0.00         0.00
             4    692         9.30         0.10         2.33         6.86         0.00         0.00
             5    132         9.30         0.10         2.33         6.86         0.00         0.00
             6    182         9.60         0.12         2.49         6.99         0.00         0.00
             7    679         9.23         0.10         2.33         6.80         0.00         0.00
             8    541         9.23         0.10         2.33         6.80         0.00         0.00
             9    628         9.60         0.12         2.49         6.99         0.00         0.00
            10    312         8.55         0.18         3.11         5.25         0.00         0.00
            11    666         9.60         0.12         2.49         6.99         0.00         0.00
            12    230         9.60         0.12         2.49         6.99         0.00         0.00
            13    510         8.55         0.18         3.11         5.25         0.00         0.00
            14    642         8.76         0.17         3.20         5.40         0.00         0.00
            15    713         8.76         0.17         3.20         5.40         0.00         0.00
            16    665         9.33         0.11         2.40         6.82         0.00         0.00
            17     73         9.33         0.11         2.40         6.82         0.00         0.00
            18     40         9.33         0.11         2.40         6.82         0.00         0.00
            19    174         9.33         0.11         2.40         6.82         0.00         0.00
            20    568         8.23         0.16         3.01         5.07         0.00         0.00
            21    507         8.23         0.16         3.01         5.07         0.00         0.00
            22    304         9.77         0.15         2.69         6.93         0.00         0.00
            23    329         9.78         0.15         2.69         6.93         0.00         0.00
            24     33         9.57         0.12         2.69         6.76         0.00         0.00
            25    573         9.75         0.15         2.66         6.93         0.00         0.00
            26    161         9.75         0.15         2.66         6.93         0.00         0.00
            27    164         9.55         0.13         2.49         6.94         0.00         0.00
            28    144         9.57         0.13         2.50         6.94         0.00         0.00
            29    344         9.55         0.13         2.49         6.94         0.00         0.00
            30    106         9.57         0.13         2.50         6.94         0.00         0.00
            31    301         9.40         0.22         3.42         5.77         0.00         0.00
            32    676         9.40         0.22         3.42         5.77         0.00         0.00
            33    219         9.50         0.13         2.50         6.87         0.00         0.00
            34    492         9.50         0.13         2.50         6.87         0.00         0.00
            35    354         9.48         0.12         2.49         6.87         0.00         0.00
            36    761         9.48         0.12         2.49         6.87         0.00         0.00
            37    108        11.23         0.16         3.01         8.06         0.00         0.00
            38    365         8.80         0.21         3.38         5.21         0.00         0.00
            39    659        11.23         0.16         3.01         8.06         0.00         0.00
            40    244         9.84         0.15         2.75         6.94         0.00         0.00
            41    109         9.84         0.15         2.75         6.94         0.00         0.00
            42    484         9.03         0.19         3.36         5.48         0.00         0.00
            43     69         9.03         0.19         3.36         5.48         0.00         0.00
            44    357         9.85         0.15         2.75         6.95         0.00         0.00
            45    441         9.85         0.15         2.75         6.95         0.00         0.00
            46    197        11.01         0.16         3.06         7.79         0.00         0.00
            47    731        11.01         0.16         3.06         7.79         0.00         0.00
            48    318         8.97         0.19         3.35         5.43         0.00         0.00
            49    736         8.97         0.19         3.35         5.43         0.00         0.00
            50    477        10.02         0.18         2.94         6.90         0.00         0.00
            51    285        10.02         0.18         2.94         6.90         0.00         0.00
            52    718         9.97         0.18         2.92         6.88         0.00         0.00
            53    121        10.98         0.17         3.18         7.63         0.01         0.00
            54    189        10.98         0.17         3.18         7.63         0.00         0.00
            55    455         9.96         0.23         3.80         5.93         0.00         0.00
            56    111        10.98         0.17         3.17         7.64         0.00         0.00
            57    265         9.96         0.23         3.80         5.93         0.00         0.00
            58    767        10.98         0.17         3.17         7.64         0.01         0.00
            59     86         9.66         0.24         3.66         5.76         0.00         0.00
            60    168         9.66         0.24         3.66         5.76         0.00         0.00
          ------------------------------------------------------------------------------------------

          Calculating single reference conformer RMSDs ...

          ---------------------------------
          Conformer RMSDs are in Angstroms.
          ---------------------------------

          ------------------------------------------------------------------------------------------
                              RMSD wrt Input Crd                    RMSD wrt Rank 1
                         ---------------------------------------------------------------------------
          Rank    ID        Complex    Receptor  Ligand          Complex    Receptor  Ligand
          ------------------------------------------------------------------------------------------
             1    423                             1.417                               0.000
             2    514                             1.030                               0.777
             3     74                             0.556                               1.292
             4    692                             1.899                               1.343
             5    132                             1.867                               1.978
             6    182                             1.204                               0.825
             7    679                             1.884                               1.806
             8    541                             1.722                               2.143
             9    628                             1.070                               0.945
            10    312                             1.245                               0.943
            11    666                             1.828                               0.615
            12    230                             1.084                               0.615
            13    510                             1.437                               0.943
            14    642                             1.223                               2.073
            15    713                             1.657                               2.084
            16    665                             1.482                               1.406
            17     73                             1.399                               1.555
            18     40                             1.496                               1.374
            19    174                             1.549                               1.569
            20    568                             2.370                               1.870
            21    507                             1.899                               1.583
            22    304                             1.021                               1.692
            23    329                             1.388                               1.665
            24     33                             1.345                               0.850
            25    573                             2.098                               2.103
            26    161                             2.172                               2.361
            27    164                             1.783                               1.591
            28    144                             1.659                               1.668
            29    344                             1.379                               1.591
            30    106                             1.648                               1.149
            31    301                             1.205                               1.816
            32    676                             1.559                               2.016
            33    219                             1.918                               1.867
            34    492                             1.630                               1.431
            35    354                             1.785                               1.497
            36    761                             1.831                               1.839
            37    108                             1.997                               1.262
            38    365                             2.005                               1.798
            39    659                             1.395                               1.262
            40    244                             1.781                               1.474
            41    109                             1.690                               1.508
            42    484                             1.813                               1.118
            43     69                             1.844                               1.742
            44    357                             1.651                               1.791
            45    441                             1.589                               1.937
            46    197                             2.193                               2.230
            47    731                             2.471                               2.375
            48    318                             2.124                               1.996
            49    736                             2.281                               2.142
            50    477                             1.669                               1.061
            51    285                             1.542                               1.289
            52    718                             1.868                               1.595
            53    121                             1.584                               1.647
            54    189                             1.790                               1.736
            55    455                             1.649                               1.653
            56    111                             2.083                               2.225
            57    265                             2.105                               1.596
            58    767                             1.684                               1.944
            59     86                             1.350                               1.884
            60    168                             1.753                               1.364
          ------------------------------------------------------------------------------------------

          --------------------------------
          Final Boltzmann Averaged Data.
          --------------------------------

          -------------------------------------------------------------------
          Results of Boltzmann Averaging Over All   72 Conformers (kcal/mol).
          -------------------------------------------------------------------

          Free Energy                        G             -23.0756373904
          Average Potential Energy         < E >           -36.3343971291
          Entropy                           -TS             13.2587597387
          -------------------------------------------------------------------

          Average Potential Energy < E > Components.

          < U >                     7.6698535976
          < W(PBSA) >             -60.1001270683
          < H.O. P.E. >            16.0963722336

          Average Solvation Energy < W(PBSA) > Components.

          < PB >                  -62.3306762571
          < SA >                    2.2305491889

          Average Gas Phase Internal Potential Energy < U > Components.

          < Valence >               9.0535331991
          < Coulomb >              -2.1450665827
          < VdW >                   0.7613869812

          Average Van der Waals Energy < VdW > Components.

          < VdW6  >                -6.4836244381
          < VdW12 >                 7.2450114193

          Average Bonded Energy < Valence > Components.

          < Bond >                  0.1199387287
          < Angle >                 2.5512924101
          < Pdihed >                6.3814896129
          < Idihed >                0.0008124473
          < Tether >                0.0000000000

          -------------------------------------------------------------------
                        End of VM2 Calculation Results Summary.
          -------------------------------------------------------------------


     Total cpu time for run         21.01 seconds.
                                     0.35 minutes.

     Total wall time for run        21.17 seconds.
                                     0.35 minutes.

     TIME STAMP: VCPack job finished normally : Sunday, August 07, 2022 at 12:06:11
