
     --------------------------------------------------------------------------------
                        Running Program VCPack. Version 2.8

                           VeraChem LLC, PO Box 2206
                           Germantown, MD 20875, U.S.A.

                                Tel. 240-686-0565
                                www.verachem.com
     --------------------------------------------------------------------------------


     Input file          :   guest-s22_vm2.inp

     Output file         :   guest-s22_vm2.out

     Summary output file :   guest-s22_vm2.summary.out

     Executable : /data/comblab/vcCompChem_3b/exe/VC_CompChemPackage_mpi.exe

     Build date : Aug 13 2021  17:26:14

     This is a multiple processor run.

     MPI processes              :   16
     OpenMP threads per process :    0
     CUDA enabled               :  no

     TIME STAMP: VCPack job started : Saturday, August 06, 2022 at 17:10:46

     --------------------------------------------------------------------------------
                            Basic Calculation Control.
     --------------------------------------------------------------------------------

     Molecular system type                :  ligand          

     Calculation type                     :  vm2             

     Energy potential                     :  mm              

     Post-processing type                 :  none            

     Post-processing energy potential     :  none            

     Time limit in wall clock hours       :  96.00

     Read in starting conformers          :  no
     Type of conformers to read in        :  none
     Conformer source files(s)            :  none

     Use input .crd for complex build     :  no
     Place ligand confs. at input .crd    :  no
     Use input .crd as start conformer    :  yes

     Formatted output files               :  xyz     
                                          :  pdb     
                                          :  mol2    
                                          :  sdf     
                                          :  xyz     
                                          :  gms     
                                          :  csv     

     Split formatted output files         :  crd     

     Limit conformers in formatted files  :  bycount
     Maximum conformer count              :  1000

     Atoms to include in formatted files  :  all     

     Binary file restart type             :  none


     --------------------------------------------------------------------------------
                            Math Related Control and Set Up.
     --------------------------------------------------------------------------------

     Random number generator seeds :  bywallclock

     Seed 1 :           7585540
     Seed 2 :            650953
     Seed 3 :               773
     Seed 4 :             30649


     --------------------------------------------------------------------------------
                            Basic Molecular System Set Up.
     --------------------------------------------------------------------------------

     ------------------
     Ligand Data Files.
     ------------------

     Standard crd coordinate file            :  guest-s22.crd
     VeraChem topology file                  :  guest-s22.top
     Standard mol/sdf file                   :  guest-s22.mol

     Total number of ligand atoms            :        20

     Included in this calculation.
     Number of real and live ligand atoms    :        20
     Number of real but fixed ligand atoms   :         0

     Ligand placement method                 :  none

     Snap ligand to template atoms           :      no

     -------------------------------
     Final Real/Live Set Atom Count.
     -------------------------------

     Total number of real atoms              :        20
     Total number of live atoms              :        20


     --------------------------------------------------------------------------------
                            Generate Initial Molecular Conformation.
     --------------------------------------------------------------------------------

     Mandatory input crd file(s) used for generation of a single starting conformer.


     --------------------------------------------------------------------------------
                             Energy Potential Settings.
     --------------------------------------------------------------------------------


     Molecular Mechanics package          :  vchem           

     Quantum Mechanics package            :  none            


     --------------------------------------------------------------------------------
                    Running VM2 Mining Minima Module. Version 2.8
     --------------------------------------------------------------------------------

     Iteration    Free Energy G             G Diff            # Conformers     # Diff
        1           -22.845566             -22.845566              31              31
        2           -22.994772              -0.149206              51              20
        3           -23.013193              -0.018421              56               5
        4           -23.036334              -0.023141              67              11
        5           -23.036628              -0.000294              67               0
        6           -23.047713              -0.011085              69               2
        7           -23.047751              -0.000038              70               1
        8           -23.058867              -0.011116              74               4
        9           -23.059009              -0.000142              74               0
       10           -23.079587              -0.020578              75               1
       11           -23.079591              -0.000004              75               0
       12           -23.079931              -0.000339              75               0

     VM2 Free Energy converged after   12 iterations.

     Final VM2 Free Energy is     -23.079931 Kcal/mol.

          --------------------------------
          Final Individual Conformer Data.
          --------------------------------

          List data for conformers with probability of at least :  0.01 %
          Rankings are with respect to : Free Energy (G)

          ------------------------
          Free Energy: G = E - TS
          ------------------------

          ------------------------------------------------------------------------------------------
          Rank    ID     ln(Zx)    Prob(%)  Sum Prob(%)  Del G        G            E            -TS
          ------------------------------------------------------------------------------------------
             1    811     -9.14032   13.58    13.58      0.00       -21.89       -37.14        15.25
             2    464     -9.15611   13.37    26.95      0.01       -21.88       -36.77        14.89
             3    691     -9.25244   12.14    39.10      0.07       -21.82       -36.71        14.89
             4    900    -10.16878    4.86    43.95      0.61       -21.28       -36.31        15.03
             5   1093    -10.20101    4.70    48.66      0.63       -21.26       -36.29        15.03
             6    902    -10.37667    3.95    52.60      0.74       -21.15       -36.16        15.01
             7   1047    -10.39870    3.86    56.46      0.75       -21.14       -36.25        15.11
             8    712    -10.41449    3.80    60.26      0.76       -21.13       -36.24        15.11
             9    373    -10.43565    3.72    63.98      0.77       -21.12       -36.12        15.01
            10    159    -10.46595    3.61    67.59      0.79       -21.10       -36.46        15.36
            11    527    -10.51847    3.42    71.01      0.82       -21.07       -36.06        15.00
            12   1081    -10.54093    3.35    74.36      0.83       -21.05       -36.41        15.36
            13    857    -10.57627    3.23    77.59      0.86       -21.03       -36.03        15.00
            14    832    -11.22877    1.68    79.27      1.25       -20.64       -36.10        15.45
            15   1025    -11.32497    1.53    80.80      1.30       -20.59       -36.04        15.45
            16    539    -11.38297    1.44    82.24      1.34       -20.55       -35.76        15.20
            17    232    -11.47823    1.31    83.55      1.39       -20.50       -35.70        15.21
            18    828    -11.48522    1.30    84.86      1.40       -20.49       -35.70        15.20
            19    867    -11.48852    1.30    86.15      1.40       -20.49       -36.06        15.57
            20   1112    -11.50204    1.28    87.43      1.41       -20.48       -35.69        15.21
            21    683    -11.60960    1.15    88.58      1.47       -20.42       -35.99        15.57
            22    507    -11.73469    1.01    89.60      1.55       -20.34       -35.61        15.27
            23    890    -11.76583    0.98    90.58      1.57       -20.32       -35.59        15.27
            24     33    -11.92257    0.84    91.42      1.66       -20.23       -35.65        15.42
            25    931    -12.11868    0.69    92.11      1.78       -20.11       -35.47        15.35
            26    108    -12.18344    0.65    92.76      1.81       -20.08       -35.43        15.35
            27    377    -12.35733    0.54    93.31      1.92       -19.97       -35.34        15.37
            28    506    -12.36825    0.54    93.84      1.92       -19.97       -35.31        15.34
            29   1123    -12.40704    0.52    94.36      1.95       -19.94       -35.31        15.37
            30    220    -12.47125    0.49    94.85      1.99       -19.90       -35.25        15.34
            31    766    -12.56959    0.44    95.29      2.04       -19.85       -35.29        15.44
            32   1060    -12.57865    0.44    95.72      2.05       -19.84       -35.28        15.44
            33   1109    -12.64085    0.41    96.13      2.09       -19.80       -35.22        15.42
            34    382    -12.68543    0.39    96.53      2.11       -19.78       -35.19        15.42
            35   1128    -12.75941    0.36    96.89      2.16       -19.73       -35.16        15.43
            36    169    -12.78156    0.36    97.25      2.17       -19.72       -35.14        15.43
            37    662    -13.24568    0.22    97.47      2.45       -19.44       -34.10        14.66
            38    847    -13.27935    0.22    97.69      2.47       -19.42       -35.13        15.71
            39    492    -13.29410    0.21    97.90      2.48       -19.41       -35.12        15.71
            40    850    -13.34158    0.20    98.10      2.50       -19.39       -34.05        14.66
            41    246    -13.36789    0.20    98.30      2.52       -19.37       -34.75        15.38
            42     97    -13.44674    0.18    98.49      2.57       -19.32       -34.71        15.38
            43    484    -13.49397    0.17    98.66      2.60       -19.29       -35.04        15.74
            44     73    -13.54757    0.17    98.83      2.63       -19.26       -35.01        15.75
            45     99    -13.71452    0.14    98.97      2.73       -19.16       -34.52        15.36
            46    161    -13.74071    0.14    99.10      2.74       -19.15       -34.51        15.36
            47    896    -13.89762    0.12    99.22      2.84       -19.05       -34.88        15.83
            48    928    -13.96011    0.11    99.33      2.87       -19.02       -34.23        15.22
            49    157    -14.01395    0.10    99.43      2.91       -18.98       -34.20        15.22
            50    752    -14.02112    0.10    99.54      2.91       -18.98       -34.81        15.83
            51    284    -14.40574    0.07    99.61      3.14       -18.75       -34.41        15.66
            52    354    -14.42348    0.07    99.67      3.15       -18.74       -34.40        15.66
            53    383    -14.68808    0.05    99.73      3.31       -18.58       -34.37        15.78
            54    701    -14.70423    0.05    99.78      3.32       -18.57       -34.36        15.78
            55    158    -15.34407    0.03    99.81      3.70       -18.19       -33.71        15.52
            56   1143    -15.41588    0.03    99.83      3.74       -18.15       -33.66        15.51
            57   1022    -15.41719    0.03    99.86      3.74       -18.15       -34.01        15.86
            58    750    -15.43057    0.03    99.88      3.75       -18.14       -34.00        15.86
            59    100    -15.43303    0.03    99.91      3.75       -18.14       -33.66        15.52
            60   1140    -15.43966    0.02    99.93      3.76       -18.13       -33.65        15.51
            61    768    -15.49513    0.02    99.96      3.79       -18.10       -33.96        15.86
            62    535    -15.49724    0.02    99.98      3.79       -18.10       -33.96        15.86
          ------------------------------------------------------------------------------------------

          --------------------------------------------------------
          Potential Energy: E = (U+W) + H.O. Equipartion energy
          --------------------------------------------------------

          ------------------------------------------------------------------------------------------
          Rank    ID         E          U+W            U        W(PBSA)          PB           SA
          ------------------------------------------------------------------------------------------
             1    811       -37.14       -53.23         6.57       -59.80       -62.04         2.23
             2    464       -36.77       -52.87         6.63       -59.50       -61.76         2.26
             3    691       -36.71       -52.81         6.63       -59.44       -61.70         2.26
             4    900       -36.31       -52.40         7.83       -60.23       -62.49         2.25
             5   1093       -36.29       -52.39         7.83       -60.21       -62.46         2.24
             6    902       -36.16       -52.26         7.49       -59.75       -61.97         2.23
             7   1047       -36.25       -52.35         8.43       -60.78       -62.98         2.21
             8    712       -36.24       -52.34         8.43       -60.77       -62.98         2.21
             9    373       -36.12       -52.22         7.49       -59.71       -61.95         2.24
            10    159       -36.46       -52.55         7.43       -59.98       -62.18         2.20
            11    527       -36.06       -52.16         7.60       -59.76       -62.01         2.25
            12   1081       -36.41       -52.51         7.43       -59.93       -62.14         2.20
            13    857       -36.03       -52.13         7.60       -59.73       -61.96         2.24
            14    832       -36.10       -52.19         8.77       -60.97       -63.16         2.19
            15   1025       -36.04       -52.14         8.77       -60.91       -63.12         2.21
            16    539       -35.76       -51.85         8.96       -60.82       -63.06         2.24
            17    232       -35.70       -51.80         9.41       -61.21       -63.46         2.25
            18    828       -35.70       -51.79         8.96       -60.76       -63.01         2.25
            19    867       -36.06       -52.16         9.32       -61.48       -63.69         2.21
            20   1112       -35.69       -51.78         9.41       -61.20       -63.44         2.24
            21    683       -35.99       -52.09         9.32       -61.41       -63.64         2.23
            22    507       -35.61       -51.71         8.69       -60.40       -62.59         2.19
            23    890       -35.59       -51.69         8.69       -60.38       -62.58         2.21
            24     33       -35.65       -51.75         7.59       -59.34       -61.57         2.24
            25    931       -35.47       -51.56         9.80       -61.36       -63.52         2.16
            26    108       -35.43       -51.53         9.80       -61.32       -63.48         2.16
            27    377       -35.34       -51.44        10.46       -61.90       -64.08         2.18
            28    506       -35.31       -51.41         9.19       -60.60       -62.80         2.20
            29   1123       -35.31       -51.41        10.46       -61.87       -64.05         2.18
            30    220       -35.25       -51.34         9.19       -60.54       -62.74         2.21
            31    766       -35.29       -51.39        10.00       -61.39       -63.55         2.17
            32   1060       -35.28       -51.38        10.00       -61.38       -63.54         2.16
            33   1109       -35.22       -51.32         9.29       -60.61       -62.81         2.19
            34    382       -35.19       -51.29         9.29       -60.59       -62.77         2.18
            35   1128       -35.16       -51.25        10.18       -61.43       -63.63         2.20
            36    169       -35.14       -51.24        10.18       -61.42       -63.64         2.22
            37    662       -34.10       -50.20        10.64       -60.84       -63.00         2.16
            38    847       -35.13       -51.23        10.87       -62.10       -64.25         2.15
            39    492       -35.12       -51.22        10.87       -62.09       -64.27         2.18
            40    850       -34.05       -50.14        10.64       -60.79       -62.97         2.18
            41    246       -34.75       -50.85        10.20       -61.05       -63.24         2.20
            42     97       -34.71       -50.80        10.20       -61.00       -63.18         2.18
            43    484       -35.04       -51.13         9.74       -60.87       -63.02         2.15
            44     73       -35.01       -51.10         9.74       -60.84       -63.01         2.17
            45     99       -34.52       -50.62        11.13       -61.74       -63.91         2.17
            46    161       -34.51       -50.60        11.13       -61.73       -63.88         2.15
            47    896       -34.88       -50.98        11.08       -62.06       -64.21         2.15
            48    928       -34.23       -50.33        11.03       -61.36       -63.52         2.17
            49    157       -34.20       -50.30        11.03       -61.33       -63.51         2.18
            50    752       -34.81       -50.90        11.08       -61.98       -64.11         2.13
            51    284       -34.41       -50.51        10.40       -60.91       -63.05         2.14
            52    354       -34.40       -50.50        10.40       -60.90       -63.05         2.15
            53    383       -34.37       -50.46        10.91       -61.37       -63.51         2.14
            54    701       -34.36       -50.45        10.91       -61.36       -63.50         2.13
            55    158       -33.71       -49.81        11.75       -61.57       -63.75         2.18
            56   1143       -33.66       -49.76        12.06       -61.82       -64.02         2.20
            57   1022       -34.01       -50.11        11.48       -61.58       -63.74         2.16
            58    750       -34.00       -50.10        11.48       -61.58       -63.70         2.13
            59    100       -33.66       -49.76        11.75       -61.51       -63.71         2.20
            60   1140       -33.65       -49.74        12.06       -61.81       -63.98         2.18
            61    768       -33.96       -50.06        11.09       -61.15       -63.27         2.13
            62    535       -33.96       -50.05        11.09       -61.14       -63.25         2.10
          ------------------------------------------------------------------------------------------

          ----------------------------------------
          Gas Phase Internal Potential Energy: U
          ----------------------------------------

          ------------------------------------------------------------------------------------------
          Rank    ID         U         Valence     Coulomb        VdW         VdW6        VdW12
          ------------------------------------------------------------------------------------------
             1    811         6.57         7.99        -2.70         1.28        -6.47         7.75
             2    464         6.63         9.08        -3.01         0.56        -5.77         6.34
             3    691         6.63         9.08        -3.01         0.56        -5.77         6.34
             4    900         7.83         9.30        -2.08         0.61        -6.34         6.95
             5   1093         7.83         9.30        -2.08         0.61        -6.34         6.95
             6    902         7.49         9.60        -2.80         0.69        -6.43         7.12
             7   1047         8.43         9.23        -1.30         0.50        -6.51         7.02
             8    712         8.43         9.23        -1.30         0.50        -6.52         7.02
             9    373         7.49         9.60        -2.80         0.69        -6.43         7.12
            10    159         7.43         8.55        -2.54         1.42        -7.12         8.53
            11    527         7.60         9.60        -2.69         0.69        -6.45         7.14
            12   1081         7.43         8.55        -2.54         1.42        -7.12         8.54
            13    857         7.60         9.60        -2.69         0.69        -6.45         7.14
            14    832         8.77         8.76        -1.08         1.09        -7.28         8.37
            15   1025         8.77         8.76        -1.08         1.09        -7.28         8.37
            16    539         8.96         9.33        -0.78         0.42        -6.63         7.05
            17    232         9.41         9.33        -0.32         0.41        -6.64         7.05
            18    828         8.96         9.33        -0.78         0.42        -6.64         7.05
            19    867         9.32         8.23        -0.02         1.11        -7.37         8.48
            20   1112         9.41         9.33        -0.32         0.41        -6.64         7.05
            21    683         9.32         8.23        -0.02         1.11        -7.37         8.48
            22    507         8.69         9.77        -1.70         0.61        -7.23         7.85
            23    890         8.69         9.78        -1.70         0.61        -7.23         7.85
            24     33         7.59         9.57        -3.09         1.11        -6.06         7.18
            25    931         9.80         9.75        -0.31         0.36        -7.58         7.94
            26    108         9.80         9.75        -0.31         0.36        -7.58         7.94
            27    377        10.46         9.55         0.48         0.42        -7.22         7.65
            28    506         9.19         9.57        -0.88         0.50        -7.17         7.67
            29   1123        10.46         9.55         0.48         0.42        -7.22         7.65
            30    220         9.19         9.57        -0.88         0.50        -7.17         7.67
            31    766        10.00         9.40        -0.50         1.10        -7.98         9.08
            32   1060        10.00         9.40        -0.50         1.10        -7.98         9.08
            33   1109         9.29         9.50        -0.61         0.41        -7.33         7.74
            34    382         9.29         9.50        -0.61         0.41        -7.33         7.74
            35   1128        10.18         9.48         0.36         0.34        -7.39         7.72
            36    169        10.18         9.48         0.36         0.34        -7.39         7.72
            37    662        10.64        11.23        -1.08         0.49        -7.55         8.03
            38    847        10.87         8.80         1.02         1.05        -8.31         9.36
            39    492        10.87         8.80         1.02         1.05        -8.31         9.36
            40    850        10.64        11.23        -1.08         0.49        -7.55         8.04
            41    246        10.20         9.84         0.03         0.33        -7.64         7.97
            42     97        10.20         9.84         0.03         0.33        -7.64         7.97
            43    484         9.74         9.03        -0.28         0.99        -8.10         9.09
            44     73         9.74         9.03        -0.28         0.99        -8.10         9.09
            45     99        11.13         9.85         0.99         0.28        -7.71         7.99
            46    161        11.13         9.85         0.99         0.28        -7.71         7.99
            47    896        11.08         8.97         1.26         0.84        -8.35         9.19
            48    928        11.03        11.01        -0.46         0.48        -7.64         8.12
            49    157        11.03        11.01        -0.46         0.48        -7.64         8.12
            50    752        11.08         8.97         1.26         0.84        -8.35         9.20
            51    284        10.40        10.02         0.09         0.29        -8.41         8.70
            52    354        10.40        10.02         0.09         0.29        -8.41         8.70
            53    383        10.91         9.97         0.85         0.09        -8.72         8.80
            54    701        10.91         9.97         0.85         0.09        -8.72         8.80
            55    158        11.75        10.98         0.36         0.41        -8.04         8.45
            56   1143        12.06        10.98         0.68         0.40        -8.07         8.48
            57   1022        11.48         9.96         0.36         1.16        -8.70         9.86
            58    750        11.48         9.96         0.35         1.16        -8.70         9.86
            59    100        11.75        10.98         0.36         0.41        -8.04         8.45
            60   1140        12.06        10.98         0.68         0.40        -8.07         8.48
            61    768        11.09         9.66         0.66         0.77        -9.17         9.94
            62    535        11.09         9.66         0.66         0.77        -9.17         9.94
          ------------------------------------------------------------------------------------------

          -------------------------------
          Bonded Energy Terms: Valence
          -------------------------------

          ------------------------------------------------------------------------------------------
          Rank    ID     Valence       Bond        Angle         Pdih         Idih       Tether
          ------------------------------------------------------------------------------------------
             1    811         7.99         0.14         2.85         5.00         0.00         0.00
             2    464         9.08         0.08         2.24         6.75         0.00         0.00
             3    691         9.08         0.08         2.24         6.75         0.00         0.00
             4    900         9.30         0.10         2.33         6.86         0.00         0.00
             5   1093         9.30         0.10         2.33         6.86         0.00         0.00
             6    902         9.60         0.12         2.49         6.99         0.00         0.00
             7   1047         9.23         0.10         2.33         6.80         0.00         0.00
             8    712         9.23         0.10         2.33         6.80         0.00         0.00
             9    373         9.60         0.12         2.49         6.99         0.00         0.00
            10    159         8.55         0.18         3.11         5.25         0.00         0.00
            11    527         9.60         0.12         2.49         6.99         0.00         0.00
            12   1081         8.55         0.18         3.11         5.25         0.00         0.00
            13    857         9.60         0.12         2.49         6.99         0.00         0.00
            14    832         8.76         0.17         3.20         5.40         0.00         0.00
            15   1025         8.76         0.17         3.20         5.40         0.00         0.00
            16    539         9.33         0.11         2.40         6.82         0.00         0.00
            17    232         9.33         0.11         2.40         6.82         0.00         0.00
            18    828         9.33         0.11         2.40         6.82         0.00         0.00
            19    867         8.23         0.16         3.01         5.07         0.00         0.00
            20   1112         9.33         0.11         2.40         6.82         0.00         0.00
            21    683         8.23         0.16         3.01         5.07         0.00         0.00
            22    507         9.77         0.15         2.69         6.93         0.00         0.00
            23    890         9.78         0.15         2.69         6.93         0.00         0.00
            24     33         9.57         0.12         2.69         6.76         0.00         0.00
            25    931         9.75         0.15         2.66         6.93         0.00         0.00
            26    108         9.75         0.15         2.66         6.93         0.00         0.00
            27    377         9.55         0.13         2.49         6.94         0.00         0.00
            28    506         9.57         0.13         2.50         6.94         0.00         0.00
            29   1123         9.55         0.13         2.49         6.94         0.00         0.00
            30    220         9.57         0.13         2.50         6.94         0.00         0.00
            31    766         9.40         0.22         3.42         5.76         0.00         0.00
            32   1060         9.40         0.22         3.42         5.77         0.00         0.00
            33   1109         9.50         0.13         2.50         6.87         0.00         0.00
            34    382         9.50         0.13         2.50         6.87         0.00         0.00
            35   1128         9.48         0.12         2.49         6.87         0.00         0.00
            36    169         9.48         0.12         2.49         6.87         0.00         0.00
            37    662        11.23         0.16         3.01         8.06         0.00         0.00
            38    847         8.80         0.21         3.38         5.21         0.00         0.00
            39    492         8.80         0.21         3.38         5.21         0.00         0.00
            40    850        11.23         0.16         3.01         8.06         0.00         0.00
            41    246         9.84         0.15         2.75         6.94         0.00         0.00
            42     97         9.84         0.15         2.75         6.94         0.00         0.00
            43    484         9.03         0.19         3.36         5.48         0.00         0.00
            44     73         9.03         0.19         3.36         5.48         0.00         0.00
            45     99         9.85         0.15         2.75         6.95         0.00         0.00
            46    161         9.85         0.15         2.75         6.95         0.00         0.00
            47    896         8.97         0.19         3.35         5.43         0.00         0.00
            48    928        11.01         0.16         3.06         7.79         0.00         0.00
            49    157        11.01         0.16         3.06         7.79         0.00         0.00
            50    752         8.97         0.19         3.35         5.43         0.00         0.00
            51    284        10.02         0.18         2.94         6.90         0.00         0.00
            52    354        10.02         0.18         2.94         6.90         0.00         0.00
            53    383         9.97         0.18         2.92         6.88         0.00         0.00
            54    701         9.97         0.18         2.92         6.88         0.00         0.00
            55    158        10.98         0.17         3.18         7.63         0.00         0.00
            56   1143        10.98         0.17         3.17         7.64         0.00         0.00
            57   1022         9.96         0.23         3.80         5.93         0.00         0.00
            58    750         9.96         0.23         3.80         5.93         0.00         0.00
            59    100        10.98         0.17         3.18         7.63         0.00         0.00
            60   1140        10.98         0.17         3.17         7.64         0.01         0.00
            61    768         9.66         0.24         3.66         5.76         0.00         0.00
            62    535         9.66         0.24         3.66         5.76         0.00         0.00
          ------------------------------------------------------------------------------------------

          Calculating single reference conformer RMSDs ...

          ---------------------------------
          Conformer RMSDs are in Angstroms.
          ---------------------------------

          ------------------------------------------------------------------------------------------
                              RMSD wrt Input Crd                    RMSD wrt Rank 1
                         ---------------------------------------------------------------------------
          Rank    ID        Complex    Receptor  Ligand          Complex    Receptor  Ligand
          ------------------------------------------------------------------------------------------
             1    811                             1.417                               0.000
             2    464                             1.029                               0.777
             3    691                             0.556                               1.957
             4    900                             1.899                               2.005
             5   1093                             1.867                               2.210
             6    902                             1.204                               0.825
             7   1047                             1.884                               1.808
             8    712                             1.722                               2.121
             9    373                             1.070                               0.945
            10    159                             1.245                               0.943
            11    527                             1.828                               0.615
            12   1081                             0.623                               1.487
            13    857                             1.084                               0.615
            14    832                             1.223                               2.073
            15   1025                             1.657                               2.084
            16    539                             1.481                               2.071
            17    232                             1.399                               2.143
            18    828                             1.496                               1.374
            19    867                             1.602                               1.391
            20   1112                             1.549                               1.569
            21    683                             1.899                               1.461
            22    507                             1.021                               1.650
            23    890                             1.545                               1.312
            24     33                             1.345                               0.850
            25    931                             2.098                               2.065
            26    108                             2.172                               2.361
            27    377                             1.783                               1.596
            28    506                             1.659                               0.866
            29   1123                             1.379                               1.596
            30    220                             1.648                               0.866
            31    766                             1.206                               1.817
            32   1060                             1.559                               2.029
            33   1109                             1.918                               1.830
            34    382                             1.630                               1.383
            35   1128                             1.785                               1.872
            36    169                             1.360                               1.888
            37    662                             1.997                               1.262
            38    847                             2.005                               1.798
            39    492                             1.597                               1.669
            40    850                             1.395                               1.262
            41    246                             1.781                               1.474
            42     97                             1.690                               1.252
            43    484                             1.813                               0.721
            44     73                             1.545                               0.721
            45     99                             1.651                               1.647
            46    161                             1.589                               1.805
            47    896                             2.122                               1.656
            48    928                             2.193                               2.230
            49    157                             1.564                               2.112
            50    752                             2.125                               1.931
            51    284                             1.669                               1.061
            52    354                             1.542                               1.290
            53    383                             1.868                               1.419
            54    701                             1.598                               1.148
            55    158                             1.790                               1.736
            56   1143                             2.083                               2.225
            57   1022                             1.876                               1.810
            58    750                             2.105                               1.604
            59    100                             1.744                               1.716
            60   1140                             1.684                               1.827
            61    768                             1.350                               1.884
            62    535                             1.753                               1.314
          ------------------------------------------------------------------------------------------

          --------------------------------
          Final Boltzmann Averaged Data.
          --------------------------------

          -------------------------------------------------------------------
          Results of Boltzmann Averaging Over All   75 Conformers (kcal/mol).
          -------------------------------------------------------------------

          Free Energy                        G             -23.0799307458
          Average Potential Energy         < E >           -36.3326788525
          Entropy                           -TS             13.2527481067
          -------------------------------------------------------------------

          Average Potential Energy < E > Components.

          < U >                     7.6793665293
          < W(PBSA) >             -60.1081019419
          < H.O. P.E. >            16.0963722336

          Average Solvation Energy < W(PBSA) > Components.

          < PB >                  -62.3392625588
          < SA >                    2.2311606169

          Average Gas Phase Internal Potential Energy < U > Components.

          < Valence >               9.0516357901
          < Coulomb >              -2.1360813969
          < VdW >                   0.7638121361

          Average Van der Waals Energy < VdW > Components.

          < VdW6  >                -6.4916044513
          < VdW12 >                 7.2554165874

          Average Bonded Energy < Valence > Components.

          < Bond >                  0.1203875446
          < Angle >                 2.5552034771
          < Pdihed >                6.3752353623
          < Idihed >                0.0008094061
          < Tether >                0.0000000000

          -------------------------------------------------------------------
                        End of VM2 Calculation Results Summary.
          -------------------------------------------------------------------


     Total cpu time for run         31.58 seconds.
                                     0.53 minutes.

     Total wall time for run        32.00 seconds.
                                     0.53 minutes.

     TIME STAMP: VCPack job finished normally : Saturday, August 06, 2022 at 17:11:18
