
     --------------------------------------------------------------------------------
                        Running Program VCPack. Version 2.8

                           VeraChem LLC, PO Box 2206
                           Germantown, MD 20875, U.S.A.

                                Tel. 240-686-0565
                                www.verachem.com
     --------------------------------------------------------------------------------


     Input file          :   guest-s9_vm2.inp

     Output file         :   guest-s9_vm2.out

     Summary output file :   guest-s9_vm2.summary.out

     Executable : /data/comblab/vcCompChem_3b/exe/VC_CompChemPackage_mpi.exe

     Build date : Aug 13 2021  17:26:14

     This is a multiple processor run.

     MPI processes              :   16
     OpenMP threads per process :    0
     CUDA enabled               :  no

     TIME STAMP: VCPack job started : Sunday, August 07, 2022 at 15:53:45

     --------------------------------------------------------------------------------
                            Basic Calculation Control.
     --------------------------------------------------------------------------------

     Molecular system type                :  ligand          

     Calculation type                     :  vm2             

     Energy potential                     :  mm              

     Post-processing type                 :  none            

     Post-processing energy potential     :  none            

     Time limit in wall clock hours       :  96.00

     Read in starting conformers          :  no
     Type of conformers to read in        :  none
     Conformer source files(s)            :  none

     Use input .crd for complex build     :  no
     Place ligand confs. at input .crd    :  no
     Use input .crd as start conformer    :  yes

     Formatted output files               :  xyz     
                                          :  pdb     
                                          :  mol2    
                                          :  sdf     
                                          :  xyz     
                                          :  gms     
                                          :  csv     

     Split formatted output files         :  crd     

     Limit conformers in formatted files  :  bycount
     Maximum conformer count              :  1000

     Atoms to include in formatted files  :  all     

     Binary file restart type             :  none


     --------------------------------------------------------------------------------
                            Math Related Control and Set Up.
     --------------------------------------------------------------------------------

     Random number generator seeds :  bywallclock

     Seed 1 :           5367436
     Seed 2 :            265753
     Seed 3 :              3352
     Seed 4 :             10578


     --------------------------------------------------------------------------------
                            Basic Molecular System Set Up.
     --------------------------------------------------------------------------------

     ------------------
     Ligand Data Files.
     ------------------

     Standard crd coordinate file            :  guest-s9.crd
     VeraChem topology file                  :  guest-s9.top
     Standard mol/sdf file                   :  guest-s9.mol

     Total number of ligand atoms            :        20

     Included in this calculation.
     Number of real and live ligand atoms    :        20
     Number of real but fixed ligand atoms   :         0

     Ligand placement method                 :  none

     Snap ligand to template atoms           :      no

     -------------------------------
     Final Real/Live Set Atom Count.
     -------------------------------

     Total number of real atoms              :        20
     Total number of live atoms              :        20


     --------------------------------------------------------------------------------
                            Generate Initial Molecular Conformation.
     --------------------------------------------------------------------------------

     Mandatory input crd file(s) used for generation of a single starting conformer.


     --------------------------------------------------------------------------------
                             Energy Potential Settings.
     --------------------------------------------------------------------------------


     Molecular Mechanics package          :  vchem           

     Quantum Mechanics package            :  none            


     --------------------------------------------------------------------------------
                    Running VM2 Mining Minima Module. Version 2.8
     --------------------------------------------------------------------------------

     Iteration    Free Energy G             G Diff            # Conformers     # Diff
        1            52.914263              52.914263              19              19
        2            52.780012              -0.134251              24               5
        3            52.779792              -0.000220              24               0
        4            52.751686              -0.028107              26               2
        5            52.751663              -0.000023              26               0
        6            52.751576              -0.000087              26               0

     VM2 Free Energy converged after    6 iterations.

     Final VM2 Free Energy is      52.751576 Kcal/mol.

          --------------------------------
          Final Individual Conformer Data.
          --------------------------------

          List data for conformers with probability of at least :  0.01 %
          Rankings are with respect to : Free Energy (G)

          ------------------------
          Free Energy: G = E - TS
          ------------------------

          ------------------------------------------------------------------------------------------
          Rank    ID     ln(Zx)    Prob(%)  Sum Prob(%)  Del G        G            E            -TS
          ------------------------------------------------------------------------------------------
             1     67   -124.55255   13.69    13.69      0.00        53.94        31.43        22.50
             2     37   -124.79986   10.69    24.38      0.15        54.08        31.41        22.67
             3    394   -124.94889    9.21    33.59      0.24        54.17        31.50        22.67
             4    118   -125.16818    7.40    40.99      0.37        54.30        31.71        22.60
             5     34   -125.17769    7.33    48.31      0.37        54.31        31.71        22.60
             6    465   -125.23153    6.94    55.26      0.40        54.34        31.75        22.59
             7    245   -125.30010    6.48    61.74      0.45        54.38        31.79        22.59
             8    463   -125.49253    5.35    67.09      0.56        54.50        31.69        22.81
             9    446   -125.52073    5.20    72.29      0.58        54.51        31.70        22.81
            10     89   -125.60881    4.76    77.05      0.63        54.57        31.80        22.76
            11    120   -125.61105    4.75    81.80      0.63        54.57        31.81        22.76
            12    459   -125.64388    4.60    86.39      0.65        54.59        31.82        22.77
            13    297   -125.72605    4.23    90.63      0.70        54.64        31.87        22.77
            14     90   -126.32995    2.31    92.94      1.06        55.00        32.22        22.77
            15    454   -126.50755    1.94    94.88      1.17        55.10        32.33        22.77
            16    251   -126.71262    1.58    96.46      1.29        55.22        32.22        23.01
            17    343   -126.71498    1.57    98.03      1.29        55.23        32.22        23.01
            18     74   -127.58009    0.66    98.70      1.80        55.74        33.20        22.54
            19    284   -127.68480    0.60    99.29      1.87        55.80        33.26        22.54
            20    147   -128.73600    0.21    99.50      2.49        56.43        33.22        23.21
            21    292   -128.88961    0.18    99.68      2.59        56.52        33.31        23.21
            22    230   -129.61000    0.09    99.77      3.02        56.95        34.18        22.78
            23     76   -129.70336    0.08    99.85      3.07        57.01        34.23        22.77
            24    240   -129.71972    0.08    99.93      3.08        57.02        34.32        22.70
            25    256   -129.82282    0.07   100.00      3.14        57.08        34.38        22.70
          ------------------------------------------------------------------------------------------

          --------------------------------------------------------
          Potential Energy: E = (U+W) + H.O. Equipartion energy
          --------------------------------------------------------

          ------------------------------------------------------------------------------------------
          Rank    ID         E          U+W            U        W(PBSA)          PB           SA
          ------------------------------------------------------------------------------------------
             1     67        31.43        15.34        69.28       -53.94       -55.89         1.95
             2     37        31.41        15.32        69.66       -54.34       -56.24         1.90
             3    394        31.50        15.41        69.66       -54.25       -56.18         1.93
             4    118        31.71        15.61        69.80       -54.19       -56.12         1.93
             5     34        31.71        15.61        69.80       -54.18       -56.12         1.93
             6    465        31.75        15.66        69.96       -54.31       -56.22         1.92
             7    245        31.79        15.70        69.96       -54.26       -56.17         1.90
             8    463        31.69        15.59        70.30       -54.71       -56.59         1.88
             9    446        31.70        15.61        70.30       -54.69       -56.58         1.88
            10     89        31.80        15.71        70.16       -54.45       -56.33         1.87
            11    120        31.81        15.71        70.16       -54.45       -56.36         1.91
            12    459        31.82        15.73        70.23       -54.50       -56.39         1.89
            13    297        31.87        15.77        70.23       -54.46       -56.33         1.87
            14     90        32.22        16.13        70.37       -54.25       -56.13         1.89
            15    454        32.33        16.23        70.37       -54.14       -56.05         1.91
            16    251        32.22        16.12        70.78       -54.66       -56.50         1.85
            17    343        32.22        16.12        70.78       -54.65       -56.49         1.84
            18     74        33.20        17.10        71.85       -54.75       -56.61         1.86
            19    284        33.26        17.16        71.85       -54.69       -56.55         1.86
            20    147        33.22        17.13        72.12       -55.00       -56.81         1.81
            21    292        33.31        17.22        72.12       -54.90       -56.72         1.82
            22    230        34.18        18.08        72.49       -54.41       -56.27         1.86
            23     76        34.23        18.14        72.49       -54.35       -56.20         1.85
            24    240        34.32        18.23        72.04       -53.82       -55.69         1.87
            25    256        34.38        18.29        72.04       -53.75       -55.65         1.89
          ------------------------------------------------------------------------------------------

          ----------------------------------------
          Gas Phase Internal Potential Energy: U
          ----------------------------------------

          ------------------------------------------------------------------------------------------
          Rank    ID         U         Valence     Coulomb        VdW         VdW6        VdW12
          ------------------------------------------------------------------------------------------
             1     67        69.28         0.85        68.56        -0.13        -3.01         2.88
             2     37        69.66         1.14        68.38         0.14        -3.70         3.84
             3    394        69.66         1.14        68.38         0.14        -3.70         3.84
             4    118        69.80         1.13        68.73        -0.07        -3.56         3.49
             5     34        69.80         1.13        68.73        -0.07        -3.56         3.49
             6    465        69.96         0.98        69.06        -0.08        -3.55         3.47
             7    245        69.96         0.98        69.06        -0.08        -3.55         3.47
             8    463        70.30         1.24        68.93         0.12        -4.43         4.55
             9    446        70.30         1.25        68.93         0.12        -4.43         4.55
            10     89        70.16         1.42        68.57         0.18        -4.27         4.44
            11    120        70.16         1.42        68.57         0.18        -4.27         4.44
            12    459        70.23         1.44        68.57         0.22        -4.23         4.46
            13    297        70.23         1.44        68.57         0.22        -4.23         4.46
            14     90        70.37         1.26        69.24        -0.12        -4.34         4.21
            15    454        70.37         1.26        69.24        -0.12        -4.34         4.21
            16    251        70.78         1.53        69.17         0.08        -5.17         5.25
            17    343        70.78         1.53        69.17         0.08        -5.17         5.25
            18     74        71.85         3.01        68.71         0.13        -4.51         4.64
            19    284        71.85         3.01        68.71         0.13        -4.51         4.64
            20    147        72.12         3.20        69.11        -0.19        -5.58         5.39
            21    292        72.12         3.20        69.11        -0.19        -5.58         5.39
            22    230        72.49         2.74        69.80        -0.04        -5.33         5.29
            23     76        72.49         2.74        69.80        -0.04        -5.33         5.29
            24    240        72.04         2.43        69.83        -0.22        -4.56         4.35
            25    256        72.04         2.43        69.83        -0.22        -4.56         4.35
          ------------------------------------------------------------------------------------------

          -------------------------------
          Bonded Energy Terms: Valence
          -------------------------------

          ------------------------------------------------------------------------------------------
          Rank    ID     Valence       Bond        Angle         Pdih         Idih       Tether
          ------------------------------------------------------------------------------------------
             1     67         0.85         0.09         0.33         0.43         0.00         0.00
             2     37         1.14         0.13         0.47         0.54         0.00         0.00
             3    394         1.14         0.13         0.47         0.54         0.00         0.00
             4    118         1.13         0.11         0.46         0.57         0.00         0.00
             5     34         1.13         0.11         0.46         0.57         0.00         0.00
             6    465         0.98         0.10         0.41         0.47         0.00         0.00
             7    245         0.98         0.10         0.41         0.47         0.00         0.00
             8    463         1.24         0.15         0.59         0.51         0.00         0.00
             9    446         1.25         0.15         0.59         0.51         0.00         0.00
            10     89         1.42         0.15         0.58         0.69         0.00         0.00
            11    120         1.42         0.15         0.58         0.69         0.00         0.00
            12    459         1.44         0.15         0.60         0.69         0.00         0.00
            13    297         1.44         0.15         0.60         0.69         0.00         0.00
            14     90         1.26         0.13         0.60         0.53         0.00         0.00
            15    454         1.26         0.13         0.60         0.53         0.00         0.00
            16    251         1.53         0.17         0.75         0.61         0.00         0.00
            17    343         1.53         0.17         0.75         0.61         0.00         0.00
            18     74         3.01         0.16         1.00         1.85         0.00         0.00
            19    284         3.01         0.16         1.00         1.85         0.00         0.00
            20    147         3.20         0.18         1.21         1.81         0.00         0.00
            21    292         3.20         0.18         1.21         1.81         0.00         0.00
            22    230         2.74         0.18         1.13         1.42         0.00         0.00
            23     76         2.74         0.18         1.14         1.42         0.00         0.00
            24    240         2.43         0.14         0.94         1.36         0.00         0.00
            25    256         2.43         0.14         0.94         1.36         0.00         0.00
          ------------------------------------------------------------------------------------------

          Calculating single reference conformer RMSDs ...

          ---------------------------------
          Conformer RMSDs are in Angstroms.
          ---------------------------------

          ------------------------------------------------------------------------------------------
                              RMSD wrt Input Crd                    RMSD wrt Rank 1
                         ---------------------------------------------------------------------------
          Rank    ID        Complex    Receptor  Ligand          Complex    Receptor  Ligand
          ------------------------------------------------------------------------------------------
             1     67                             0.017                               0.000
             2     37                             1.411                               1.857
             3    394                             1.316                               2.033
             4    118                             0.767                               0.788
             5     34                             1.396                               1.403
             6    465                             1.896                               1.607
             7    245                             1.057                               2.000
             8    463                             1.478                               1.456
             9    446                             1.355                               1.451
            10     89                             1.189                               1.946
            11    120                             1.236                               1.502
            12    459                             0.709                               1.675
            13    297                             0.710                               0.710
            14     90                             1.131                               1.965
            15    454                             1.195                               1.234
            16    251                             1.654                               1.610
            17    343                             1.548                               1.562
            18     74                             2.077                               1.402
            19    284                             1.918                               1.929
            20    147                             2.018                               2.027
            21    292                             2.048                               2.065
            22    230                             1.581                               1.595
            23     76                             1.714                               1.869
            24    240                             1.773                               1.816
            25    256                             1.366                               1.349
          ------------------------------------------------------------------------------------------

          --------------------------------
          Final Boltzmann Averaged Data.
          --------------------------------

          -------------------------------------------------------------------
          Results of Boltzmann Averaging Over All   26 Conformers (kcal/mol).
          -------------------------------------------------------------------

          Free Energy                        G              52.7515757102
          Average Potential Energy         < E >            31.7224486150
          Entropy                           -TS             21.0291270952
          -------------------------------------------------------------------

          Average Potential Energy < E > Components.

          < U >                    69.9445664167
          < W(PBSA) >             -54.3182056570
          < H.O. P.E. >            16.0963722336

          Average Solvation Energy < W(PBSA) > Components.

          < PB >                  -56.2261142780
          < SA >                    1.9079086210

          Average Gas Phase Internal Potential Energy < U > Components.

          < Valence >               1.1947814149
          < Coulomb >              68.7134850372
          < VdW >                   0.0362999645

          Average Van der Waals Energy < VdW > Components.

          < VdW6  >                -3.8385924715
          < VdW12 >                 3.8748924360

          Average Bonded Energy < Valence > Components.

          < Bond >                  0.1235705736
          < Angle >                 0.5009407405
          < Pdihed >                0.5702701009
          < Idihed >                0.0000000000
          < Tether >                0.0000000000

          -------------------------------------------------------------------
                        End of VM2 Calculation Results Summary.
          -------------------------------------------------------------------


     Total cpu time for run          9.28 seconds.
                                     0.15 minutes.

     Total wall time for run         9.56 seconds.
                                     0.16 minutes.

     TIME STAMP: VCPack job finished normally : Sunday, August 07, 2022 at 15:53:54
