
     --------------------------------------------------------------------------------
                        Running Program VCPack. Version 2.8

                           VeraChem LLC, PO Box 2206
                           Germantown, MD 20875, U.S.A.

                                Tel. 240-686-0565
                                www.verachem.com
     --------------------------------------------------------------------------------


     Input file          :   guest-s18_vm2.inp

     Output file         :   guest-s18_vm2.out

     Summary output file :   guest-s18_vm2.summary.out

     Executable : /data/comblab/vcCompChem_3b/exe/VC_CompChemPackage_mpi.exe

     Build date : Aug 13 2021  17:26:14

     This is a multiple processor run.

     MPI processes              :   16
     OpenMP threads per process :    0
     CUDA enabled               :  no

     TIME STAMP: VCPack job started : Saturday, August 06, 2022 at 17:10:37

     --------------------------------------------------------------------------------
                            Basic Calculation Control.
     --------------------------------------------------------------------------------

     Molecular system type                :  ligand          

     Calculation type                     :  vm2             

     Energy potential                     :  mm              

     Post-processing type                 :  none            

     Post-processing energy potential     :  none            

     Time limit in wall clock hours       :  96.00

     Read in starting conformers          :  no
     Type of conformers to read in        :  none
     Conformer source files(s)            :  none

     Use input .crd for complex build     :  no
     Place ligand confs. at input .crd    :  no
     Use input .crd as start conformer    :  yes

     Formatted output files               :  xyz     
                                          :  pdb     
                                          :  mol2    
                                          :  sdf     
                                          :  xyz     
                                          :  gms     
                                          :  csv     

     Split formatted output files         :  crd     

     Limit conformers in formatted files  :  bycount
     Maximum conformer count              :  1000

     Atoms to include in formatted files  :  all     

     Binary file restart type             :  none


     --------------------------------------------------------------------------------
                            Math Related Control and Set Up.
     --------------------------------------------------------------------------------

     Random number generator seeds :  bywallclock

     Seed 1 :           7493223
     Seed 2 :            645633
     Seed 3 :               764
     Seed 4 :             30151


     --------------------------------------------------------------------------------
                            Basic Molecular System Set Up.
     --------------------------------------------------------------------------------

     ------------------
     Ligand Data Files.
     ------------------

     Standard crd coordinate file            :  guest-s18.crd
     VeraChem topology file                  :  guest-s18.top
     Standard mol/sdf file                   :  guest-s18.mol

     Total number of ligand atoms            :        16

     Included in this calculation.
     Number of real and live ligand atoms    :        16
     Number of real but fixed ligand atoms   :         0

     Ligand placement method                 :  none

     Snap ligand to template atoms           :      no

     -------------------------------
     Final Real/Live Set Atom Count.
     -------------------------------

     Total number of real atoms              :        16
     Total number of live atoms              :        16


     --------------------------------------------------------------------------------
                            Generate Initial Molecular Conformation.
     --------------------------------------------------------------------------------

     Mandatory input crd file(s) used for generation of a single starting conformer.


     --------------------------------------------------------------------------------
                             Energy Potential Settings.
     --------------------------------------------------------------------------------


     Molecular Mechanics package          :  vchem           

     Quantum Mechanics package            :  none            


     --------------------------------------------------------------------------------
                    Running VM2 Mining Minima Module. Version 2.8
     --------------------------------------------------------------------------------

     Iteration    Free Energy G             G Diff            # Conformers     # Diff
        1           -35.978749             -35.978749              10              10
        2           -35.985923              -0.007174              10               0
        3           -35.985924              -0.000002              10               0
        4           -35.986081              -0.000157              10               0

     VM2 Free Energy converged after    4 iterations.

     Final VM2 Free Energy is     -35.986081 Kcal/mol.

          --------------------------------
          Final Individual Conformer Data.
          --------------------------------

          List data for conformers with probability of at least :  0.01 %
          Rankings are with respect to : Free Energy (G)

          ------------------------
          Free Energy: G = E - TS
          ------------------------

          ------------------------------------------------------------------------------------------
          Rank    ID     ln(Zx)    Prob(%)  Sum Prob(%)  Del G        G            E            -TS
          ------------------------------------------------------------------------------------------
             1    166     21.34319   57.83    57.83      0.00       -35.66       -45.57         9.91
             2    184     19.97464   14.72    72.55      0.82       -34.84       -44.87        10.02
             3    170     19.88454   13.45    86.00      0.87       -34.79       -44.81        10.02
             4     20     18.85501    4.80    90.80      1.48       -34.18       -44.39        10.22
             5     53     18.75901    4.36    95.16      1.54       -34.12       -44.34        10.22
             6      0     18.50679    3.39    98.55      1.69       -33.97       -44.38        10.42
             7     37     16.91575    0.69    99.24      2.64       -33.02       -43.37        10.35
             8    134     16.83144    0.63    99.88      2.69       -32.97       -43.32        10.35
             9     58     14.47376    0.06    99.94      4.10       -31.56       -42.08        10.52
            10    183     14.47203    0.06   100.00      4.10       -31.56       -42.08        10.52
          ------------------------------------------------------------------------------------------

          --------------------------------------------------------
          Potential Energy: E = (U+W) + H.O. Equipartion energy
          --------------------------------------------------------

          ------------------------------------------------------------------------------------------
          Rank    ID         E          U+W            U        W(PBSA)          PB           SA
          ------------------------------------------------------------------------------------------
             1    166       -45.57       -58.09         6.30       -64.39       -66.33         1.94
             2    184       -44.87       -57.39         7.26       -64.65       -66.54         1.89
             3    170       -44.81       -57.33         7.26       -64.60       -66.51         1.92
             4     20       -44.39       -56.91         8.28       -65.19       -67.08         1.89
             5     53       -44.34       -56.86         8.28       -65.13       -67.03         1.90
             6      0       -44.38       -56.90         7.33       -64.23       -66.15         1.92
             7     37       -43.37       -55.89         9.72       -65.61       -67.46         1.85
             8    134       -43.32       -55.84         9.72       -65.56       -67.41         1.85
             9     58       -42.08       -54.60        11.26       -65.86       -67.71         1.85
            10    183       -42.08       -54.60        11.26       -65.86       -67.70         1.84
          ------------------------------------------------------------------------------------------

          ----------------------------------------
          Gas Phase Internal Potential Energy: U
          ----------------------------------------

          ------------------------------------------------------------------------------------------
          Rank    ID         U         Valence     Coulomb        VdW         VdW6        VdW12
          ------------------------------------------------------------------------------------------
             1    166         6.30         6.25        -0.41         0.46        -4.21         4.67
             2    184         7.26         6.73        -0.07         0.60        -4.82         5.42
             3    170         7.26         6.73        -0.07         0.60        -4.82         5.42
             4     20         8.28         6.51         1.43         0.33        -5.02         5.36
             5     53         8.28         6.51         1.43         0.33        -5.02         5.36
             6      0         7.33         6.75        -0.42         0.99        -4.50         5.49
             7     37         9.72         7.00         2.40         0.31        -5.86         6.18
             8    134         9.72         7.00         2.40         0.31        -5.86         6.18
             9     58        11.26         8.17         2.74         0.35        -6.25         6.60
            10    183        11.26         8.17         2.74         0.35        -6.25         6.60
          ------------------------------------------------------------------------------------------

          -------------------------------
          Bonded Energy Terms: Valence
          -------------------------------

          ------------------------------------------------------------------------------------------
          Rank    ID     Valence       Bond        Angle         Pdih         Idih       Tether
          ------------------------------------------------------------------------------------------
             1    166         6.25         0.07         2.25         3.93         0.00         0.00
             2    184         6.73         0.11         2.47         4.16         0.00         0.00
             3    170         6.73         0.11         2.47         4.16         0.00         0.00
             4     20         6.51         0.09         2.42         4.00         0.00         0.00
             5     53         6.51         0.09         2.42         4.00         0.00         0.00
             6      0         6.75         0.11         2.71         3.93         0.00         0.00
             7     37         7.00         0.13         2.73         4.13         0.00         0.00
             8    134         7.00         0.13         2.73         4.13         0.00         0.00
             9     58         8.17         0.15         3.17         4.84         0.01         0.00
            10    183         8.17         0.15         3.17         4.84         0.01         0.00
          ------------------------------------------------------------------------------------------

          Calculating single reference conformer RMSDs ...

          ---------------------------------
          Conformer RMSDs are in Angstroms.
          ---------------------------------

          ------------------------------------------------------------------------------------------
                              RMSD wrt Input Crd                    RMSD wrt Rank 1
                         ---------------------------------------------------------------------------
          Rank    ID        Complex    Receptor  Ligand          Complex    Receptor  Ligand
          ------------------------------------------------------------------------------------------
             1    166                             1.084                               0.000
             2    184                             0.836                               0.656
             3    170                             0.835                               1.094
             4     20                             1.914                               1.943
             5     53                             1.602                               0.711
             6      0                             0.024                               1.676
             7     37                             1.355                               1.931
             8    134                             1.851                               1.950
             9     58                             1.995                               1.983
            10    183                             1.812                               2.037
          ------------------------------------------------------------------------------------------

          --------------------------------
          Final Boltzmann Averaged Data.
          --------------------------------

          -------------------------------------------------------------------
          Results of Boltzmann Averaging Over All   10 Conformers (kcal/mol).
          -------------------------------------------------------------------

          Free Energy                        G             -35.9860808782
          Average Potential Energy         < E >           -45.1803204396
          Entropy                           -TS              9.1942395615
          -------------------------------------------------------------------

          Average Potential Energy < E > Components.

          < U >                     6.8376691762
          < W(PBSA) >             -64.5371623401
          < H.O. P.E. >            12.5194006261

          Average Solvation Energy < W(PBSA) > Components.

          < PB >                  -66.4623563360
          < SA >                    1.9251939959

          Average Gas Phase Internal Potential Energy < U > Components.

          < Valence >               6.4376189543
          < Coulomb >              -0.1032266151
          < VdW >                   0.5032768369

          Average Van der Waals Energy < VdW > Components.

          < VdW6  >                -4.4883850887
          < VdW12 >                 4.9916619257

          Average Bonded Energy < Valence > Components.

          < Bond >                  0.0858375031
          < Angle >                 2.3479558808
          < Pdihed >                4.0032693400
          < Idihed >                0.0005562305
          < Tether >                0.0000000000

          -------------------------------------------------------------------
                        End of VM2 Calculation Results Summary.
          -------------------------------------------------------------------


     Total cpu time for run          3.77 seconds.
                                     0.06 minutes.

     Total wall time for run         3.89 seconds.
                                     0.06 minutes.

     TIME STAMP: VCPack job finished normally : Saturday, August 06, 2022 at 17:10:41
