
     --------------------------------------------------------------------------------
                        Running Program VCPack. Version 2.8

                           VeraChem LLC, PO Box 2206
                           Germantown, MD 20875, U.S.A.

                                Tel. 240-686-0565
                                www.verachem.com
     --------------------------------------------------------------------------------


     Input file          :   guest-s13_vm2.inp

     Output file         :   guest-s13_vm2.out

     Summary output file :   guest-s13_vm2.summary.out

     Executable : /data/comblab/vcCompChem_3b/exe/VC_CompChemPackage_mpi.exe

     Build date : Aug 13 2021  17:26:14

     This is a multiple processor run.

     MPI processes              :   16
     OpenMP threads per process :    0
     CUDA enabled               :  no

     TIME STAMP: VCPack job started : Saturday, August 06, 2022 at 17:08:08

     --------------------------------------------------------------------------------
                            Basic Calculation Control.
     --------------------------------------------------------------------------------

     Molecular system type                :  ligand          

     Calculation type                     :  vm2             

     Energy potential                     :  mm              

     Post-processing type                 :  none            

     Post-processing energy potential     :  none            

     Time limit in wall clock hours       :  96.00

     Read in starting conformers          :  no
     Type of conformers to read in        :  none
     Conformer source files(s)            :  none

     Use input .crd for complex build     :  no
     Place ligand confs. at input .crd    :  no
     Use input .crd as start conformer    :  yes

     Formatted output files               :  xyz     
                                          :  pdb     
                                          :  mol2    
                                          :  sdf     
                                          :  xyz     
                                          :  gms     
                                          :  csv     

     Split formatted output files         :  crd     

     Limit conformers in formatted files  :  bycount
     Maximum conformer count              :  1000

     Atoms to include in formatted files  :  all     

     Binary file restart type             :  none


     --------------------------------------------------------------------------------
                            Math Related Control and Set Up.
     --------------------------------------------------------------------------------

     Random number generator seeds :  bywallclock

     Seed 1 :           6002296
     Seed 2 :            397013
     Seed 3 :               615
     Seed 4 :             17627


     --------------------------------------------------------------------------------
                            Basic Molecular System Set Up.
     --------------------------------------------------------------------------------

     ------------------
     Ligand Data Files.
     ------------------

     Standard crd coordinate file            :  guest-s13.crd
     VeraChem topology file                  :  guest-s13.top
     Standard mol/sdf file                   :  guest-s13.mol

     Total number of ligand atoms            :        26

     Included in this calculation.
     Number of real and live ligand atoms    :        26
     Number of real but fixed ligand atoms   :         0

     Ligand placement method                 :  none

     Snap ligand to template atoms           :      no

     -------------------------------
     Final Real/Live Set Atom Count.
     -------------------------------

     Total number of real atoms              :        26
     Total number of live atoms              :        26


     --------------------------------------------------------------------------------
                            Generate Initial Molecular Conformation.
     --------------------------------------------------------------------------------

     Mandatory input crd file(s) used for generation of a single starting conformer.


     --------------------------------------------------------------------------------
                             Energy Potential Settings.
     --------------------------------------------------------------------------------


     Molecular Mechanics package          :  vchem           

     Quantum Mechanics package            :  none            


     --------------------------------------------------------------------------------
                    Running VM2 Mining Minima Module. Version 2.8
     --------------------------------------------------------------------------------

     Iteration    Free Energy G             G Diff            # Conformers     # Diff
        1            23.115507              23.115507              39              39
        2            22.722386              -0.393122              72              33
        3            22.721017              -0.001368              75               3
        4            22.703608              -0.017409              82               7
        5            22.703558              -0.000050              82               0
        6            22.668780              -0.034778              89               7
        7            22.668775              -0.000005              89               0
        8            22.652976              -0.015799              94               5
        9            22.652965              -0.000011              94               0
       10            22.652564              -0.000400              94               0

     VM2 Free Energy converged after   10 iterations.

     Final VM2 Free Energy is      22.652564 Kcal/mol.

          --------------------------------
          Final Individual Conformer Data.
          --------------------------------

          List data for conformers with probability of at least :  0.01 %
          Rankings are with respect to : Free Energy (G)

          ------------------------
          Free Energy: G = E - TS
          ------------------------

          ------------------------------------------------------------------------------------------
          Rank    ID     ln(Zx)    Prob(%)  Sum Prob(%)  Del G        G            E            -TS
          ------------------------------------------------------------------------------------------
             1    326    -81.21196   16.98    16.98      0.00        23.71        -8.84        32.55
             2     54    -82.00660    7.67    24.64      0.47        24.18        -8.38        32.57
             3    130    -82.07277    7.18    31.82      0.51        24.22        -8.47        32.70
             4    772    -82.18498    6.42    38.24      0.58        24.29        -8.37        32.66
             5   1321    -82.24799    6.02    44.26      0.62        24.33        -8.33        32.66
             6    470    -82.38026    5.28    49.54      0.70        24.41        -8.26        32.67
             7    999    -82.38177    5.27    54.81      0.70        24.41        -8.34        32.74
             8   1138    -82.57060    4.36    59.17      0.81        24.52        -8.10        32.62
             9   1085    -82.72647    3.73    62.90      0.90        24.61        -8.23        32.84
            10    242    -82.95803    2.96    65.87      1.04        24.75        -7.93        32.68
            11   1295    -83.12944    2.49    68.36      1.14        24.85        -7.82        32.67
            12    513    -83.16886    2.40    70.76      1.17        24.88        -7.93        32.81
            13   1352    -83.16975    2.40    73.16      1.17        24.88        -7.82        32.70
            14    235    -83.17515    2.38    75.54      1.17        24.88        -7.93        32.81
            15   1033    -83.22852    2.26    77.80      1.20        24.91        -7.68        32.59
            16    459    -83.38461    1.93    79.73      1.30        25.01        -7.80        32.81
            17   1065    -83.40064    1.90    81.63      1.30        25.01        -7.96        32.98
            18   1014    -83.42440    1.86    83.49      1.32        25.03        -7.99        33.02
            19    225    -83.42740    1.85    85.34      1.32        25.03        -7.73        32.76
            20    567    -83.55509    1.63    86.97      1.40        25.11        -7.89        33.00
            21    442    -83.57612    1.60    88.57      1.41        25.12        -7.85        32.97
            22    672    -83.58702    1.58    90.15      1.42        25.13        -7.70        32.83
            23    523    -83.66993    1.45    91.60      1.47        25.18        -7.70        32.87
            24    275    -83.87403    1.18    92.79      1.59        25.30        -7.73        33.02
            25    852    -83.90305    1.15    93.94      1.60        25.31        -7.61        32.92
            26    538    -83.98941    1.06    94.99      1.66        25.37        -7.77        33.14
            27   1040    -84.21835    0.84    95.83      1.79        25.50        -7.65        33.15
            28   1291    -84.30297    0.77    96.60      1.84        25.55        -7.40        32.95
            29   1210    -84.37261    0.72    97.32      1.88        25.59        -7.75        33.34
            30    170    -84.75206    0.49    97.82      2.11        25.82        -7.29        33.11
            31    218    -84.96026    0.40    98.22      2.23        25.94        -7.51        33.45
            32   1020    -85.73048    0.19    98.40      2.69        26.40        -5.96        32.36
            33    248    -86.19075    0.12    98.52      2.97        26.68        -5.40        32.07
            34    807    -86.24945    0.11    98.63      3.00        26.71        -5.84        32.56
            35    188    -86.59482    0.08    98.71      3.21        26.92        -5.79        32.71
            36   1219    -86.66666    0.07    98.78      3.25        26.96        -5.91        32.87
            37    238    -86.75308    0.07    98.85      3.30        27.01        -6.12        33.13
            38    172    -86.78964    0.06    98.91      3.33        27.04        -5.81        32.84
            39   1063    -86.81064    0.06    98.97      3.34        27.05        -5.86        32.91
            40   1277    -86.82747    0.06    99.04      3.35        27.06        -5.84        32.90
            41   1235    -86.89043    0.06    99.09      3.39        27.10        -5.84        32.93
            42    845    -87.03559    0.05    99.14      3.47        27.18        -5.70        32.89
            43    431    -87.04136    0.05    99.19      3.48        27.19        -6.00        33.19
            44   1356    -87.11277    0.05    99.24      3.52        27.23        -5.56        32.79
            45   1353    -87.13199    0.05    99.29      3.53        27.24        -5.65        32.89
            46    824    -87.23993    0.04    99.33      3.59        27.30        -5.21        32.51
            47    834    -87.25573    0.04    99.37      3.60        27.31        -5.35        32.66
            48    766    -87.36285    0.04    99.40      3.67        27.38        -5.49        32.87
            49    334    -87.37000    0.04    99.44      3.67        27.38        -5.27        32.65
            50   1372    -87.53446    0.03    99.47      3.77        27.48        -5.79        33.27
            51    308    -87.55716    0.03    99.50      3.78        27.49        -5.51        33.00
            52    504    -87.56155    0.03    99.53      3.79        27.50        -5.43        32.93
            53   1279    -87.56921    0.03    99.56      3.79        27.50        -5.33        32.83
            54    864    -87.57489    0.03    99.59      3.79        27.50        -5.08        32.58
            55    783    -87.62385    0.03    99.62      3.82        27.53        -5.39        32.92
            56    530    -87.64645    0.03    99.64      3.84        27.55        -5.43        32.98
            57   1247    -87.72080    0.03    99.67      3.88        27.59        -5.46        33.05
            58    158    -87.72306    0.03    99.69      3.88        27.59        -5.38        32.97
            59    537    -87.82132    0.02    99.72      3.94        27.65        -5.74        33.39
            60    117    -87.84527    0.02    99.74      3.95        27.66        -5.40        33.06
            61    257    -87.87518    0.02    99.76      3.97        27.68        -5.49        33.17
            62    546    -87.93007    0.02    99.78      4.01        27.71        -5.27        32.98
            63    762    -87.93694    0.02    99.80      4.01        27.72        -5.02        32.74
            64    821    -88.00496    0.02    99.82      4.05        27.76        -5.29        33.05
            65    984    -88.00785    0.02    99.84      4.05        27.76        -5.29        33.05
            66    736    -88.01947    0.02    99.86      4.06        27.77        -5.25        33.02
            67   1375    -88.17702    0.02    99.87      4.15        27.86        -5.04        32.90
            68    848    -88.18458    0.02    99.89      4.16        27.87        -5.03        32.89
            69   1244    -88.19071    0.02    99.91      4.16        27.87        -5.30        33.17
            70    160    -88.32696    0.01    99.92      4.24        27.95        -5.59        33.54
            71    734    -88.36101    0.01    99.93      4.26        27.97        -5.11        33.09
          ------------------------------------------------------------------------------------------

          --------------------------------------------------------
          Potential Energy: E = (U+W) + H.O. Equipartion energy
          --------------------------------------------------------

          ------------------------------------------------------------------------------------------
          Rank    ID         E          U+W            U        W(PBSA)          PB           SA
          ------------------------------------------------------------------------------------------
             1    326        -8.84       -30.30        23.52       -53.81       -56.16         2.35
             2     54        -8.38       -29.85        23.82       -53.66       -56.02         2.36
             3    130        -8.47       -29.94        24.06       -54.00       -56.33         2.33
             4    772        -8.37       -29.84        24.15       -53.99       -56.30         2.31
             5   1321        -8.33       -29.79        24.26       -54.05       -56.36         2.30
             6    470        -8.26       -29.72        24.28       -54.00       -56.31         2.31
             7    999        -8.34       -29.80        24.15       -53.95       -56.25         2.31
             8   1138        -8.10       -29.56        24.28       -53.85       -56.21         2.36
             9   1085        -8.23       -29.69        24.34       -54.03       -56.34         2.31
            10    242        -7.93       -29.39        24.44       -53.83       -56.13         2.29
            11   1295        -7.82       -29.28        24.45       -53.74       -56.07         2.33
            12    513        -7.93       -29.39        24.79       -54.18       -56.46         2.28
            13   1352        -7.82       -29.29        24.61       -53.90       -56.21         2.31
            14    235        -7.93       -29.39        24.69       -54.08       -56.37         2.29
            15   1033        -7.68       -29.14        24.91       -54.05       -56.35         2.29
            16    459        -7.80       -29.27        24.73       -53.99       -56.30         2.31
            17   1065        -7.96       -29.42        24.69       -54.11       -56.40         2.28
            18   1014        -7.99       -29.45        24.58       -54.04       -56.33         2.29
            19    225        -7.73       -29.19        24.99       -54.18       -56.46         2.28
            20    567        -7.89       -29.35        24.85       -54.20       -56.47         2.27
            21    442        -7.85       -29.31        24.86       -54.17       -56.45         2.27
            22    672        -7.70       -29.17        24.83       -54.00       -56.29         2.29
            23    523        -7.70       -29.16        24.81       -53.97       -56.25         2.28
            24    275        -7.73       -29.19        25.01       -54.20       -56.47         2.26
            25    852        -7.61       -29.07        25.02       -54.09       -56.39         2.30
            26    538        -7.77       -29.24        25.09       -54.33       -56.62         2.30
            27   1040        -7.65       -29.11        25.10       -54.21       -56.44         2.23
            28   1291        -7.40       -28.86        25.37       -54.23       -56.50         2.27
            29   1210        -7.75       -29.21        24.97       -54.18       -56.45         2.27
            30    170        -7.29       -28.75        25.59       -54.34       -56.60         2.26
            31    218        -7.51       -28.97        25.51       -54.47       -56.69         2.22
            32   1020        -5.96       -27.42        26.49       -53.91       -56.22         2.31
            33    248        -5.40       -26.86        27.05       -53.91       -56.20         2.29
            34    807        -5.84       -27.30        26.57       -53.88       -56.19         2.32
            35    188        -5.79       -27.25        26.73       -53.98       -56.28         2.30
            36   1219        -5.91       -27.37        26.75       -54.13       -56.39         2.27
            37    238        -6.12       -27.58        26.68       -54.26       -56.53         2.27
            38    172        -5.81       -27.27        26.59       -53.86       -56.17         2.31
            39   1063        -5.86       -27.32        26.85       -54.17       -56.43         2.26
            40   1277        -5.84       -27.31        26.80       -54.10       -56.41         2.30
            41   1235        -5.84       -27.30        26.79       -54.09       -56.35         2.26
            42    845        -5.70       -27.17        27.05       -54.21       -56.48         2.27
            43    431        -6.00       -27.46        26.92       -54.39       -56.64         2.25
            44   1356        -5.56       -27.02        27.38       -54.40       -56.66         2.26
            45   1353        -5.65       -27.11        26.88       -53.99       -56.26         2.27
            46    824        -5.21       -26.67        27.54       -54.22       -56.45         2.24
            47    834        -5.35       -26.81        27.04       -53.86       -56.14         2.28
            48    766        -5.49       -26.95        27.26       -54.21       -56.47         2.26
            49    334        -5.27       -26.73        27.19       -53.92       -56.22         2.30
            50   1372        -5.79       -27.25        27.15       -54.40       -56.63         2.23
            51    308        -5.51       -26.97        27.04       -54.02       -56.29         2.27
            52    504        -5.43       -26.89        27.27       -54.16       -56.43         2.27
            53   1279        -5.33       -26.79        27.32       -54.11       -56.37         2.26
            54    864        -5.08       -26.54        27.40       -53.94       -56.24         2.30
            55    783        -5.39       -26.85        27.19       -54.05       -56.29         2.24
            56    530        -5.43       -26.90        27.55       -54.45       -56.69         2.24
            57   1247        -5.46       -26.92        27.28       -54.20       -56.42         2.22
            58    158        -5.38       -26.84        27.46       -54.30       -56.57         2.27
            59    537        -5.74       -27.20        27.00       -54.20       -56.40         2.20
            60    117        -5.40       -26.86        27.31       -54.17       -56.41         2.24
            61    257        -5.49       -26.95        27.33       -54.28       -56.51         2.22
            62    546        -5.27       -26.73        27.22       -53.95       -56.21         2.26
            63    762        -5.02       -26.48        27.50       -53.98       -56.27         2.29
            64    821        -5.29       -26.75        27.38       -54.13       -56.40         2.27
            65    984        -5.29       -26.75        27.51       -54.26       -56.50         2.23
            66    736        -5.25       -26.72        27.57       -54.29       -56.54         2.25
            67   1375        -5.04       -26.50        27.60       -54.10       -56.40         2.29
            68    848        -5.03       -26.49        27.71       -54.20       -56.46         2.26
            69   1244        -5.30       -26.76        27.48       -54.24       -56.49         2.25
            70    160        -5.59       -27.05        27.27       -54.33       -56.53         2.21
            71    734        -5.11       -26.58        27.75       -54.33       -56.57         2.24
          ------------------------------------------------------------------------------------------

          ----------------------------------------
          Gas Phase Internal Potential Energy: U
          ----------------------------------------

          ------------------------------------------------------------------------------------------
          Rank    ID         U         Valence     Coulomb        VdW         VdW6        VdW12
          ------------------------------------------------------------------------------------------
             1    326        23.52         2.74        19.86         0.92        -6.79         7.71
             2     54        23.82         3.28        19.49         1.05        -6.95         8.00
             3    130        24.06         3.25        19.78         1.03        -7.42         8.45
             4    772        24.15         3.24        19.86         1.04        -7.42         8.47
             5   1321        24.26         3.24        19.97         1.05        -7.43         8.48
             6    470        24.28         3.27        20.01         1.00        -7.48         8.48
             7    999        24.15         3.04        20.32         0.79        -7.69         8.47
             8   1138        24.28         3.31        19.89         1.08        -7.44         8.53
             9   1085        24.34         3.53        19.94         0.86        -7.91         8.78
            10    242        24.44         3.78        19.49         1.17        -7.58         8.75
            11   1295        24.45         3.78        19.49         1.18        -7.59         8.78
            12    513        24.79         3.75        19.89         1.15        -8.07         9.22
            13   1352        24.61         3.78        19.72         1.12        -7.65         8.77
            14    235        24.69         3.76        19.79         1.15        -8.08         9.23
            15   1033        24.91         3.92        19.77         1.23        -7.56         8.79
            16    459        24.73         3.78        19.80         1.14        -8.10         9.25
            17   1065        24.69         3.73        19.92         1.05        -8.39         9.44
            18   1014        24.58         3.51        20.40         0.67        -8.75         9.42
            19    225        24.99         3.86        19.96         1.17        -8.05         9.23
            20    567        24.85         3.68        20.24         0.94        -8.46         9.40
            21    442        24.86         4.00        19.92         0.94        -8.62         9.56
            22    672        24.83         3.59        20.27         0.97        -8.25         9.23
            23    523        24.81         3.51        20.42         0.87        -8.37         9.25
            24    275        25.01         4.19        19.77         1.05        -8.65         9.71
            25    852        25.02         4.08        19.89         1.05        -8.48         9.53
            26    538        25.09         3.98        20.36         0.75        -8.97         9.72
            27   1040        25.10         4.18        19.84         1.07        -9.12        10.20
            28   1291        25.37         4.33        19.84         1.20        -8.51         9.71
            29   1210        24.97         3.93        20.40         0.65        -9.63        10.28
            30    170        25.59         4.27        20.22         1.10        -9.05        10.16
            31    218        25.51         4.41        20.36         0.73        -9.84        10.57
            32   1020        26.49         4.73        20.83         0.94        -7.66         8.60
            33    248        27.05         5.14        20.89         1.03        -8.33         9.36
            34    807        26.57         4.53        21.14         0.91        -7.88         8.78
            35    188        26.73         5.86        19.88         0.99        -7.88         8.87
            36   1219        26.75         5.25        20.76         0.74        -8.68         9.42
            37    238        26.68         4.63        21.29         0.76        -8.91         9.67
            38    172        26.59         5.83        19.75         1.01        -7.93         8.93
            39   1063        26.85         5.82        20.06         0.97        -8.37         9.33
            40   1277        26.80         5.71        20.11         0.98        -8.40         9.38
            41   1235        26.79         5.74        20.02         1.02        -8.39         9.41
            42    845        27.05         5.69        20.40         0.96        -8.45         9.40
            43    431        26.92         5.93        20.33         0.66        -9.08         9.73
            44   1356        27.38         5.93        20.58         0.88        -8.77         9.65
            45   1353        26.88         5.79        20.01         1.08        -8.36         9.44
            46    824        27.54         6.19        20.49         0.87        -9.30        10.17
            47    834        27.04         4.97        21.07         1.01        -8.51         9.52
            48    766        27.26         6.23        19.94         1.09        -8.62         9.70
            49    334        27.19         5.38        20.71         1.10        -8.25         9.35
            50   1372        27.15         5.07        21.22         0.85        -9.60        10.45
            51    308        27.04         5.41        21.05         0.58        -8.85         9.43
            52    504        27.27         6.20        19.97         1.10        -8.56         9.66
            53   1279        27.32         6.34        19.87         1.11        -8.50         9.61
            54    864        27.40         5.21        21.10         1.10        -8.39         9.49
            55    783        27.19         6.32        19.78         1.09        -8.63         9.72
            56    530        27.55         6.31        20.20         1.04        -9.08        10.12
            57   1247        27.28         6.24        19.96         1.07        -9.13        10.20
            58    158        27.46         6.29        20.02         1.15        -8.55         9.70
            59    537        27.00         6.01        20.61         0.37       -10.07        10.44
            60    117        27.31         6.23        19.94         1.14        -9.00        10.14
            61    257        27.33         6.52        20.04         0.77        -9.04         9.81
            62    546        27.22         6.37        19.70         1.16        -8.53         9.69
            63    762        27.50         6.47        19.84         1.19        -8.40         9.59
            64    821        27.38         5.85        20.57         0.95        -8.73         9.69
            65    984        27.51         6.38        20.01         1.12        -8.98        10.10
            66    736        27.57         6.36        20.03         1.18        -8.94        10.12
            67   1375        27.60         6.57        19.92         1.12        -8.47         9.59
            68    848        27.71         6.57        20.04         1.10        -8.93        10.03
            69   1244        27.48         5.28        21.25         0.95        -9.42        10.37
            70    160        27.27         5.85        21.05         0.37       -10.00        10.37
            71    734        27.75         6.25        20.44         1.06        -9.10        10.16
          ------------------------------------------------------------------------------------------

          -------------------------------
          Bonded Energy Terms: Valence
          -------------------------------

          ------------------------------------------------------------------------------------------
          Rank    ID     Valence       Bond        Angle         Pdih         Idih       Tether
          ------------------------------------------------------------------------------------------
             1    326         2.74         0.17         0.87         1.69         0.00         0.00
             2     54         3.28         0.18         1.15         1.94         0.00         0.00
             3    130         3.25         0.21         1.20         1.84         0.00         0.00
             4    772         3.24         0.21         1.11         1.92         0.00         0.00
             5   1321         3.24         0.21         1.11         1.92         0.00         0.00
             6    470         3.27         0.21         1.10         1.95         0.00         0.00
             7    999         3.04         0.20         1.09         1.75         0.00         0.00
             8   1138         3.31         0.22         1.17         1.93         0.00         0.00
             9   1085         3.53         0.21         1.42         1.90         0.00         0.00
            10    242         3.78         0.22         1.39         2.17         0.00         0.00
            11   1295         3.78         0.22         1.39         2.17         0.00         0.00
            12    513         3.75         0.24         1.44         2.07         0.00         0.00
            13   1352         3.78         0.22         1.35         2.21         0.00         0.00
            14    235         3.76         0.24         1.44         2.07         0.00         0.00
            15   1033         3.92         0.23         1.48         2.20         0.00         0.00
            16    459         3.78         0.25         1.44         2.09         0.00         0.00
            17   1065         3.73         0.26         1.57         1.90         0.00         0.00
            18   1014         3.51         0.25         1.41         1.85         0.00         0.00
            19    225         3.86         0.26         1.50         2.11         0.00         0.00
            20    567         3.68         0.25         1.47         1.96         0.00         0.00
            21    442         4.00         0.25         1.61         2.15         0.00         0.00
            22    672         3.59         0.24         1.38         1.97         0.00         0.00
            23    523         3.51         0.24         1.29         1.99         0.00         0.00
            24    275         4.19         0.26         1.71         2.21         0.00         0.00
            25    852         4.08         0.26         1.72         2.11         0.00         0.00
            26    538         3.98         0.26         1.69         2.03         0.00         0.00
            27   1040         4.18         0.29         1.81         2.08         0.00         0.00
            28   1291         4.33         0.27         1.90         2.16         0.00         0.00
            29   1210         3.93         0.29         1.72         1.93         0.00         0.00
            30    170         4.27         0.30         1.89         2.08         0.00         0.00
            31    218         4.41         0.30         2.01         2.11         0.00         0.00
            32   1020         4.73         0.24         1.43         3.06         0.00         0.00
            33    248         5.14         0.28         1.71         3.14         0.00         0.00
            34    807         4.53         0.23         1.59         2.71         0.00         0.00
            35    188         5.86         0.21         1.38         4.27         0.00         0.00
            36   1219         5.25         0.26         1.80         3.19         0.00         0.00
            37    238         4.63         0.28         2.16         2.19         0.00         0.00
            38    172         5.83         0.23         1.65         3.94         0.00         0.00
            39   1063         5.82         0.27         1.80         3.76         0.00         0.00
            40   1277         5.71         0.25         1.64         3.81         0.00         0.00
            41   1235         5.74         0.26         1.58         3.90         0.00         0.00
            42    845         5.69         0.26         1.66         3.76         0.00         0.00
            43    431         5.93         0.27         2.25         3.41         0.00         0.00
            44   1356         5.93         0.27         2.15         3.50         0.00         0.00
            45   1353         5.79         0.26         1.70         3.83         0.00         0.00
            46    824         6.19         0.32         2.32         3.54         0.00         0.00
            47    834         4.97         0.26         1.76         2.95         0.00         0.00
            48    766         6.23         0.28         1.93         4.02         0.00         0.00
            49    334         5.38         0.28         1.58         3.52         0.00         0.00
            50   1372         5.07         0.31         2.31         2.45         0.00         0.00
            51    308         5.41         0.26         1.92         3.23         0.00         0.00
            52    504         6.20         0.27         1.90         4.03         0.00         0.00
            53   1279         6.34         0.24         1.60         4.50         0.00         0.00
            54    864         5.21         0.27         1.91         3.02         0.00         0.00
            55    783         6.32         0.28         1.90         4.14         0.00         0.00
            56    530         6.31         0.31         2.04         3.96         0.00         0.00
            57   1247         6.24         0.31         1.93         4.00         0.00         0.00
            58    158         6.29         0.27         1.84         4.18         0.00         0.00
            59    537         6.01         0.29         2.20         3.52         0.00         0.00
            60    117         6.23         0.29         1.97         3.97         0.00         0.00
            61    257         6.52         0.26         1.99         4.27         0.00         0.00
            62    546         6.37         0.27         1.85         4.25         0.00         0.00
            63    762         6.47         0.25         1.62         4.60         0.00         0.00
            64    821         5.85         0.28         2.37         3.20         0.00         0.00
            65    984         6.38         0.30         1.99         4.09         0.00         0.00
            66    736         6.36         0.30         2.02         4.05         0.00         0.00
            67   1375         6.57         0.29         1.91         4.37         0.00         0.00
            68    848         6.57         0.33         2.18         4.07         0.00         0.00
            69   1244         5.28         0.32         2.52         2.44         0.00         0.00
            70    160         5.85         0.29         2.26         3.31         0.00         0.00
            71    734         6.25         0.30         1.93         4.02         0.00         0.00
          ------------------------------------------------------------------------------------------

          Calculating single reference conformer RMSDs ...

          ---------------------------------
          Conformer RMSDs are in Angstroms.
          ---------------------------------

          ------------------------------------------------------------------------------------------
                              RMSD wrt Input Crd                    RMSD wrt Rank 1
                         ---------------------------------------------------------------------------
          Rank    ID        Complex    Receptor  Ligand          Complex    Receptor  Ligand
          ------------------------------------------------------------------------------------------
             1    326                             1.096                               0.000
             2     54                             0.174                               1.202
             3    130                             1.860                               1.798
             4    772                             1.821                               0.607
             5   1321                             1.917                               0.622
             6    470                             1.126                               0.626
             7    999                             1.479                               1.098
             8   1138                             0.860                               0.626
             9   1085                             1.028                               1.577
            10    242                             0.633                               1.320
            11   1295                             0.575                               1.916
            12    513                             1.312                               1.621
            13   1352                             0.632                               1.673
            14    235                             1.640                               1.389
            15   1033                             0.885                               0.633
            16    459                             0.693                               1.300
            17   1065                             1.205                               1.333
            18   1014                             2.347                               1.378
            19    225                             1.344                               0.659
            20    567                             2.029                               1.713
            21    442                             1.319                               2.052
            22    672                             1.342                               0.654
            23    523                             2.039                               1.302
            24    275                             0.938                               1.978
            25    852                             0.669                               1.359
            26    538                             1.463                               1.795
            27   1040                             0.967                               1.629
            28   1291                             1.563                               0.962
            29   1210                             1.595                               1.376
            30    170                             1.927                               1.005
            31    218                             1.487                               1.587
            32   1020                             1.234                               1.585
            33    248                             1.853                               1.049
            34    807                             1.343                               1.082
            35    188                             1.258                               2.061
            36   1219                             1.887                               1.489
            37    238                             1.278                               1.436
            38    172                             1.881                               1.259
            39   1063                             2.104                               1.363
            40   1277                             1.415                               1.010
            41   1235                             1.182                               1.647
            42    845                             1.711                               1.090
            43    431                             1.970                               1.775
            44   1356                             1.633                               1.796
            45   1353                             1.098                               1.358
            46    824                             1.658                               1.548
            47    834                             1.620                               1.724
            48    766                             1.693                               1.772
            49    334                             1.246                               1.646
            50   1372                             1.857                               1.802
            51    308                             1.916                               1.786
            52    504                             1.104                               1.928
            53   1279                             1.394                               1.203
            54    864                             1.895                               0.877
            55    783                             1.272                               1.602
            56    530                             2.324                               1.973
            57   1247                             1.784                               1.940
            58    158                             1.258                               1.357
            59    537                             1.815                               2.402
            60    117                             1.269                               1.595
            61    257                             1.390                               1.534
            62    546                             0.726                               1.700
            63    762                             1.350                               1.903
            64    821                             1.531                               1.135
            65    984                             1.099                               1.705
            66    736                             2.380                               1.715
            67   1375                             1.874                               1.529
            68    848                             1.224                               1.496
            69   1244                             1.415                               1.606
            70    160                             1.928                               1.875
            71    734                             1.550                               1.036
          ------------------------------------------------------------------------------------------

          --------------------------------
          Final Boltzmann Averaged Data.
          --------------------------------

          -------------------------------------------------------------------
          Results of Boltzmann Averaging Over All   94 Conformers (kcal/mol).
          -------------------------------------------------------------------

          Free Energy                        G              22.6525643507
          Average Potential Energy         < E >            -8.1830745832
          Entropy                           -TS             30.8356389339
          -------------------------------------------------------------------

          Average Potential Energy < E > Components.

          < U >                    24.3144773957
          < W(PBSA) >             -53.9579191422
          < H.O. P.E. >            21.4618296448

          Average Solvation Energy < W(PBSA) > Components.

          < PB >                  -56.2730380571
          < SA >                    2.3151189150

          Average Gas Phase Internal Potential Energy < U > Components.

          < Valence >               3.4119107659
          < Coulomb >              19.9000513571
          < VdW >                   1.0025152727

          Average Van der Waals Energy < VdW > Components.

          < VdW6  >                -7.6153322892
          < VdW12 >                 8.6178475620

          Average Bonded Energy < Valence > Components.

          < Bond >                  0.2143431975
          < Angle >                 1.2429071220
          < Pdihed >                1.9546604464
          < Idihed >                0.0000000000
          < Tether >                0.0000000000

          -------------------------------------------------------------------
                        End of VM2 Calculation Results Summary.
          -------------------------------------------------------------------


     Total cpu time for run         57.47 seconds.
                                     0.96 minutes.

     Total wall time for run        57.80 seconds.
                                     0.96 minutes.

     TIME STAMP: VCPack job finished normally : Saturday, August 06, 2022 at 17:09:06
