
     --------------------------------------------------------------------------------
                        Running Program VCPack. Version 2.8

                           VeraChem LLC, PO Box 2206
                           Germantown, MD 20875, U.S.A.

                                Tel. 240-686-0565
                                www.verachem.com
     --------------------------------------------------------------------------------


     Input file          :   guest-s17_vm2.inp

     Output file         :   guest-s17_vm2.out

     Summary output file :   guest-s17_vm2.summary.out

     Executable : /data/comblab/vcCompChem_3b/exe/VC_CompChemPackage_mpi.exe

     Build date : Aug 13 2021  17:26:14

     This is a multiple processor run.

     MPI processes              :   16
     OpenMP threads per process :    0
     CUDA enabled               :  no

     TIME STAMP: VCPack job started : Saturday, August 06, 2022 at 17:08:17

     --------------------------------------------------------------------------------
                            Basic Calculation Control.
     --------------------------------------------------------------------------------

     Molecular system type                :  ligand          

     Calculation type                     :  vm2             

     Energy potential                     :  mm              

     Post-processing type                 :  none            

     Post-processing energy potential     :  none            

     Time limit in wall clock hours       :  96.00

     Read in starting conformers          :  no
     Type of conformers to read in        :  none
     Conformer source files(s)            :  none

     Use input .crd for complex build     :  no
     Place ligand confs. at input .crd    :  no
     Use input .crd as start conformer    :  yes

     Formatted output files               :  xyz     
                                          :  pdb     
                                          :  mol2    
                                          :  sdf     
                                          :  xyz     
                                          :  gms     
                                          :  csv     

     Split formatted output files         :  crd     

     Limit conformers in formatted files  :  bycount
     Maximum conformer count              :  1000

     Atoms to include in formatted files  :  all     

     Binary file restart type             :  none


     --------------------------------------------------------------------------------
                            Math Related Control and Set Up.
     --------------------------------------------------------------------------------

     Random number generator seeds :  bywallclock

     Seed 1 :           6090157
     Seed 2 :            378713
     Seed 3 :               624
     Seed 4 :             16498


     --------------------------------------------------------------------------------
                            Basic Molecular System Set Up.
     --------------------------------------------------------------------------------

     ------------------
     Ligand Data Files.
     ------------------

     Standard crd coordinate file            :  guest-s17.crd
     VeraChem topology file                  :  guest-s17.top
     Standard mol/sdf file                   :  guest-s17.mol

     Total number of ligand atoms            :        25

     Included in this calculation.
     Number of real and live ligand atoms    :        25
     Number of real but fixed ligand atoms   :         0

     Ligand placement method                 :  none

     Snap ligand to template atoms           :      no

     -------------------------------
     Final Real/Live Set Atom Count.
     -------------------------------

     Total number of real atoms              :        25
     Total number of live atoms              :        25


     --------------------------------------------------------------------------------
                            Generate Initial Molecular Conformation.
     --------------------------------------------------------------------------------

     Mandatory input crd file(s) used for generation of a single starting conformer.


     --------------------------------------------------------------------------------
                             Energy Potential Settings.
     --------------------------------------------------------------------------------


     Molecular Mechanics package          :  vchem           

     Quantum Mechanics package            :  none            


     --------------------------------------------------------------------------------
                    Running VM2 Mining Minima Module. Version 2.8
     --------------------------------------------------------------------------------

     Iteration    Free Energy G             G Diff            # Conformers     # Diff
        1            60.893116              60.893116              29              29
        2            60.467829              -0.425287              72              43
        3            60.422508              -0.045321              86              14
        4            60.368191              -0.054317             100              14
        5            60.368190              -0.000001             100               0
        6            60.301945              -0.066245             108               8
        7            60.301927              -0.000018             109               1
        8            60.274562              -0.027365             115               6
        9            60.274557              -0.000004             116               1
       10            60.250975              -0.023582             122               6
       11            60.250900              -0.000076             123               1
       12            60.241736              -0.009164             124               1

     VM2 Free Energy converged after   12 iterations.

     Final VM2 Free Energy is      60.241736 Kcal/mol.

          --------------------------------
          Final Individual Conformer Data.
          --------------------------------

          List data for conformers with probability of at least :  0.01 %
          Rankings are with respect to : Free Energy (G)

          ------------------------
          Free Energy: G = E - TS
          ------------------------

          ------------------------------------------------------------------------------------------
          Rank    ID     ln(Zx)    Prob(%)  Sum Prob(%)  Del G        G            E            -TS
          ------------------------------------------------------------------------------------------
             1   1872   -149.49397    4.62     4.62      0.00        62.08        29.29        32.78
             2    252   -149.55394    4.35     8.96      0.04        62.11        29.30        32.81
             3   1283   -149.57879    4.24    13.20      0.05        62.13        29.34        32.78
             4   1289   -149.57947    4.24    17.44      0.05        62.13        29.32        32.81
             5   1358   -149.69502    3.77    21.21      0.12        62.20        29.41        32.79
             6   1238   -149.73580    3.62    24.84      0.14        62.22        29.43        32.79
             7   1319   -149.75991    3.54    28.38      0.16        62.23        29.47        32.77
             8   1088   -149.78488    3.45    31.83      0.17        62.25        29.48        32.77
             9   1973   -149.83677    3.28    35.10      0.20        62.28        29.54        32.74
            10   1940   -149.88587    3.12    38.22      0.23        62.31        29.57        32.74
            11   1354   -149.91046    3.04    41.26      0.25        62.32        29.66        32.66
            12    337   -149.92708    2.99    44.26      0.26        62.33        29.67        32.66
            13    584   -150.06430    2.61    46.87      0.34        62.42        29.63        32.78
            14   1859   -150.07810    2.57    49.44      0.35        62.42        29.64        32.78
            15    127   -150.08817    2.55    51.99      0.35        62.43        29.68        32.75
            16   1665   -150.11472    2.48    54.47      0.37        62.45        29.70        32.75
            17   1429   -150.13103    2.44    56.91      0.38        62.46        29.72        32.74
            18   1648   -150.16204    2.37    59.27      0.40        62.47        29.83        32.65
            19    287   -150.23769    2.19    61.47      0.44        62.52        29.78        32.74
            20   1352   -150.34698    1.97    63.44      0.51        62.58        29.87        32.72
            21    533   -150.39500    1.87    65.31      0.54        62.61        29.81        32.80
            22   1156   -150.39662    1.87    67.18      0.54        62.61        29.89        32.72
            23    696   -150.55857    1.59    68.77      0.63        62.71        30.02        32.69
            24   1700   -150.58046    1.56    70.33      0.65        62.72        30.03        32.69
            25   1886   -150.60215    1.52    71.85      0.66        62.74        29.99        32.74
            26   1008   -150.66063    1.44    73.29      0.70        62.77        30.03        32.74
            27    267   -150.67274    1.42    74.71      0.70        62.78        30.57        32.21
            28    328   -150.71550    1.36    76.07      0.73        62.80        30.16        32.64
            29     87   -150.79680    1.25    77.33      0.78        62.85        30.20        32.65
            30   1545   -150.80099    1.25    78.58      0.78        62.85        30.64        32.21
            31   1732   -150.84054    1.20    79.78      0.80        62.88        30.76        32.12
            32    228   -150.85172    1.19    80.96      0.81        62.88        30.77        32.12
            33     24   -150.87581    1.16    82.12      0.82        62.90        30.25        32.65
            34   1884   -150.87720    1.16    83.28      0.82        62.90        30.81        32.09
            35    329   -150.88458    1.15    84.43      0.83        62.90        30.82        32.09
            36   1220   -151.16874    0.86    85.29      1.00        63.07        30.34        32.73
            37   1244   -151.20762    0.83    86.12      1.02        63.10        30.37        32.73
            38   1115   -151.31218    0.75    86.87      1.08        63.16        31.42        31.74
            39   1072   -151.31637    0.75    87.62      1.09        63.16        31.43        31.73
            40    593   -151.41554    0.68    88.30      1.15        63.22        31.52        31.70
            41   1565   -151.50168    0.62    88.92      1.20        63.27        31.22        32.05
            42    331   -151.56776    0.58    89.50      1.24        63.31        31.26        32.05
            43    835   -151.57105    0.58    90.07      1.24        63.31        30.50        32.81
            44   1562   -151.60896    0.56    90.63      1.26        63.34        30.52        32.81
            45   1327   -151.61247    0.55    91.19      1.26        63.34        31.41        31.93
            46    941   -151.64757    0.54    91.72      1.28        63.36        30.89        32.47
            47    670   -151.66974    0.52    92.24      1.30        63.37        30.90        32.47
            48    105   -151.78625    0.47    92.71      1.37        63.44        31.04        32.40
            49    333   -151.79636    0.46    93.17      1.37        63.45        31.05        32.40
            50    703   -151.79789    0.46    93.63      1.37        63.45        30.68        32.77
            51   1610   -151.83903    0.44    94.08      1.40        63.47        30.70        32.77
            52   1546   -151.99897    0.38    94.45      1.49        63.57        31.18        32.39
            53    348   -152.01066    0.37    94.83      1.50        63.58        31.19        32.39
            54    699   -152.26218    0.29    95.12      1.65        63.73        31.41        32.31
            55    686   -152.37406    0.26    95.37      1.72        63.79        31.52        32.27
            56    615   -152.38743    0.26    95.63      1.72        63.80        31.53        32.27
            57   1483   -152.38960    0.26    95.88      1.73        63.80        31.49        32.31
            58    908   -152.67923    0.19    96.08      1.90        63.97        31.77        32.20
            59   1599   -152.69227    0.19    96.26      1.91        63.98        31.70        32.28
            60   1923   -152.71620    0.18    96.45      1.92        64.00        31.72        32.28
            61    760   -152.74733    0.18    96.63      1.94        64.01        31.74        32.28
            62    684   -152.75955    0.18    96.80      1.95        64.02        31.66        32.36
            63   1042   -152.76444    0.18    96.98      1.95        64.03        31.66        32.36
            64   1173   -152.78728    0.17    97.15      1.96        64.04        31.68        32.36
            65   1275   -152.79187    0.17    97.32      1.97        64.04        31.76        32.28
            66   1288   -152.79691    0.17    97.49      1.97        64.04        31.69        32.36
            67    559   -152.82068    0.17    97.66      1.98        64.06        31.72        32.33
            68    198   -152.85016    0.16    97.82      2.00        64.08        31.74        32.33
            69    654   -152.86711    0.16    97.97      2.01        64.09        31.83        32.26
            70   1258   -152.89985    0.15    98.13      2.03        64.11        31.82        32.29
            71   1233   -152.90149    0.15    98.28      2.03        64.11        31.82        32.29
            72    275   -152.93348    0.15    98.43      2.05        64.13        31.87        32.26
            73   1533   -153.03378    0.13    98.56      2.11        64.19        31.92        32.27
            74   1649   -153.04685    0.13    98.70      2.12        64.19        31.54        32.65
            75    967   -153.06621    0.13    98.82      2.13        64.21        31.91        32.30
            76    623   -153.08392    0.13    98.95      2.14        64.22        32.11        32.10
            77   1910   -153.08691    0.13    99.08      2.14        64.22        31.57        32.65
            78    652   -153.11374    0.12    99.20      2.16        64.23        31.97        32.26
            79    896   -153.13213    0.12    99.32      2.17        64.24        31.95        32.30
            80    704   -153.14676    0.12    99.44      2.18        64.25        32.15        32.10
            81    190   -153.30950    0.10    99.55      2.27        64.35        32.03        32.32
            82    216   -153.35080    0.10    99.64      2.30        64.37        32.05        32.32
            83   1023   -153.35774    0.10    99.74      2.30        64.38        32.41        31.97
            84    538   -153.63463    0.07    99.81      2.47        64.54        31.74        32.80
            85    319   -154.98874    0.02    99.83      3.28        65.35        32.52        32.83
            86    613   -154.98967    0.02    99.85      3.28        65.35        32.52        32.83
            87    350   -155.10331    0.02    99.87      3.34        65.42        32.13        33.29
            88   1828   -155.40707    0.01    99.88      3.53        65.60        33.00        32.60
            89   1810   -155.41734    0.01    99.89      3.53        65.61        33.22        32.39
            90    991   -155.52503    0.01    99.90      3.60        65.67        33.29        32.38
            91    438   -155.52613    0.01    99.92      3.60        65.67        33.22        32.45
          ------------------------------------------------------------------------------------------

          --------------------------------------------------------
          Potential Energy: E = (U+W) + H.O. Equipartion energy
          --------------------------------------------------------

          ------------------------------------------------------------------------------------------
          Rank    ID         E          U+W            U        W(PBSA)          PB           SA
          ------------------------------------------------------------------------------------------
             1   1872        29.29         8.72        10.91        -2.18        -4.30         2.11
             2    252        29.30         8.74        10.86        -2.13        -4.25         2.12
             3   1283        29.34         8.77        10.91        -2.13        -4.28         2.15
             4   1289        29.32         8.75        10.86        -2.11        -4.26         2.15
             5   1358        29.41         8.84        10.30        -1.46        -3.59         2.12
             6   1238        29.43         8.86        10.30        -1.44        -3.55         2.11
             7   1319        29.47         8.90        10.93        -2.03        -4.17         2.14
             8   1088        29.48         8.91        10.93        -2.02        -4.14         2.11
             9   1973        29.54         8.98        10.54        -1.56        -3.70         2.14
            10   1940        29.57         9.01        10.54        -1.54        -3.66         2.12
            11   1354        29.66         9.09        11.21        -2.11        -4.24         2.13
            12    337        29.67         9.10        11.21        -2.10        -4.23         2.13
            13    584        29.63         9.07        11.15        -2.08        -4.22         2.13
            14   1859        29.64         9.08        11.15        -2.07        -4.20         2.12
            15    127        29.68         9.12        11.36        -2.25        -4.37         2.12
            16   1665        29.70         9.13        11.36        -2.23        -4.36         2.13
            17   1429        29.72         9.15        11.18        -2.03        -4.15         2.11
            18   1648        29.83         9.26        11.19        -1.93        -4.07         2.14
            19    287        29.78         9.21        11.18        -1.97        -4.09         2.12
            20   1352        29.87         9.30        11.54        -2.25        -4.38         2.13
            21    533        29.81         9.24        10.67        -1.43        -3.55         2.12
            22   1156        29.89         9.33        11.54        -2.22        -4.34         2.12
            23    696        30.02         9.46        11.67        -2.21        -4.35         2.14
            24   1700        30.03         9.47        11.67        -2.20        -4.33         2.13
            25   1886        29.99         9.43        11.69        -2.26        -4.39         2.13
            26   1008        30.03         9.46        11.69        -2.23        -4.37         2.15
            27    267        30.57        10.00        12.14        -2.14        -4.28         2.14
            28    328        30.16         9.59        11.41        -1.82        -3.93         2.11
            29     87        30.20         9.63        11.88        -2.25        -4.38         2.13
            30   1545        30.64        10.08        12.14        -2.06        -4.22         2.15
            31   1732        30.76        10.19        12.42        -2.23        -4.38         2.14
            32    228        30.77        10.20        12.42        -2.23        -4.39         2.17
            33     24        30.25         9.68        11.88        -2.20        -4.34         2.14
            34   1884        30.81        10.24        12.34        -2.09        -4.24         2.15
            35    329        30.82        10.25        12.34        -2.09        -4.22         2.13
            36   1220        30.34         9.77        11.97        -2.20        -4.33         2.13
            37   1244        30.37         9.80        11.97        -2.17        -4.30         2.13
            38   1115        31.42        10.85        13.14        -2.29        -4.43         2.14
            39   1072        31.43        10.87        13.06        -2.20        -4.33         2.14
            40    593        31.52        10.96        12.79        -1.84        -3.98         2.14
            41   1565        31.22        10.65        11.81        -1.16        -3.26         2.11
            42    331        31.26        10.69        11.81        -1.12        -3.24         2.13
            43    835        30.50         9.93        12.09        -2.16        -4.28         2.12
            44   1562        30.52         9.96        12.09        -2.14        -4.25         2.11
            45   1327        31.41        10.85        12.34        -1.50        -3.63         2.13
            46    941        30.89        10.32        12.31        -1.99        -4.14         2.15
            47    670        30.90        10.33        12.31        -1.98        -4.13         2.15
            48    105        31.04        10.48        12.69        -2.22        -4.36         2.14
            49    333        31.05        10.48        12.69        -2.21        -4.35         2.14
            50    703        30.68        10.11        11.29        -1.18        -3.30         2.11
            51   1610        30.70        10.13        11.29        -1.16        -3.28         2.12
            52   1546        31.18        10.61        12.71        -2.09        -4.24         2.15
            53    348        31.19        10.62        12.71        -2.09        -4.23         2.14
            54    699        31.41        10.85        12.43        -1.59        -3.71         2.13
            55    686        31.52        10.95        12.53        -1.58        -3.70         2.12
            56    615        31.53        10.96        12.53        -1.57        -3.70         2.14
            57   1483        31.49        10.92        12.43        -1.51        -3.67         2.16
            58    908        31.77        11.21        12.09        -0.89        -3.00         2.11
            59   1599        31.70        11.13        13.30        -2.17        -4.31         2.15
            60   1923        31.72        11.15        13.31        -2.16        -4.30         2.14
            61    760        31.74        11.17        13.31        -2.14        -4.31         2.17
            62    684        31.66        11.10        13.32        -2.22        -4.38         2.16
            63   1042        31.66        11.10        13.29        -2.19        -4.34         2.15
            64   1173        31.68        11.11        13.29        -2.18        -4.33         2.16
            65   1275        31.76        11.19        13.30        -2.11        -4.27         2.16
            66   1288        31.69        11.12        13.32        -2.20        -4.35         2.15
            67    559        31.72        11.16        13.14        -1.98        -4.13         2.14
            68    198        31.74        11.17        13.14        -1.97        -4.11         2.14
            69    654        31.83        11.26        13.20        -1.94        -4.07         2.13
            70   1258        31.82        11.25        13.42        -2.17        -4.30         2.13
            71   1233        31.82        11.25        13.42        -2.17        -4.32         2.16
            72    275        31.87        11.30        13.20        -1.90        -4.06         2.16
            73   1533        31.92        11.35        13.64        -2.29        -4.41         2.12
            74   1649        31.54        10.97        12.26        -1.29        -3.43         2.14
            75    967        31.91        11.34        13.67        -2.33        -4.46         2.14
            76    623        32.11        11.55        13.66        -2.11        -4.23         2.11
            77   1910        31.57        11.00        12.26        -1.27        -3.40         2.13
            78    652        31.97        11.40        13.64        -2.24        -4.38         2.14
            79    896        31.95        11.38        13.67        -2.29        -4.43         2.15
            80    704        32.15        11.58        13.66        -2.08        -4.20         2.12
            81    190        32.03        11.46        13.69        -2.23        -4.35         2.12
            82    216        32.05        11.48        13.69        -2.21        -4.34         2.13
            83   1023        32.41        11.85        14.11        -2.26        -4.39         2.13
            84    538        31.74        11.17        12.09        -0.92        -3.03         2.11
            85    319        32.52        11.95        13.95        -2.00        -4.13         2.13
            86    613        32.52        11.95        13.95        -2.00        -4.11         2.11
            87    350        32.13        11.57        12.38        -0.82        -2.93         2.12
            88   1828        33.00        12.44        14.38        -1.94        -4.04         2.10
            89   1810        33.22        12.65        14.60        -1.95        -4.08         2.13
            90    991        33.29        12.72        14.60        -1.89        -4.02         2.13
            91    438        33.22        12.65        13.79        -1.13        -3.26         2.13
          ------------------------------------------------------------------------------------------

          ----------------------------------------
          Gas Phase Internal Potential Energy: U
          ----------------------------------------

          ------------------------------------------------------------------------------------------
          Rank    ID         U         Valence     Coulomb        VdW         VdW6        VdW12
          ------------------------------------------------------------------------------------------
             1   1872        10.91        16.38        -8.45         2.98       -12.57        15.55
             2    252        10.86        16.39        -8.48         2.96       -12.58        15.53
             3   1283        10.91        16.38        -8.45         2.98       -12.57        15.55
             4   1289        10.86        16.39        -8.48         2.96       -12.58        15.53
             5   1358        10.30        17.20        -9.38         2.48       -13.06        15.54
             6   1238        10.30        17.20        -9.38         2.48       -13.06        15.54
             7   1319        10.93        16.76        -8.73         2.91       -12.60        15.51
             8   1088        10.93        16.76        -8.73         2.91       -12.60        15.51
             9   1973        10.54        17.20        -9.33         2.67       -12.82        15.48
            10   1940        10.54        17.20        -9.33         2.67       -12.82        15.48
            11   1354        11.21        16.99        -8.42         2.64       -12.54        15.18
            12    337        11.21        16.99        -8.42         2.64       -12.54        15.18
            13    584        11.15        16.58        -8.36         2.93       -12.54        15.47
            14   1859        11.15        16.58        -8.36         2.93       -12.54        15.47
            15    127        11.36        16.58        -8.15         2.93       -12.53        15.46
            16   1665        11.36        16.58        -8.15         2.93       -12.53        15.46
            17   1429        11.18        16.95        -8.66         2.89       -12.56        15.45
            18   1648        11.19        17.33        -8.75         2.61       -12.57        15.18
            19    287        11.18        16.95        -8.66         2.89       -12.56        15.45
            20   1352        11.54        16.81        -8.00         2.73       -12.75        15.48
            21    533        10.67        17.25        -9.24         2.67       -13.41        16.08
            22   1156        11.54        16.81        -8.00         2.73       -12.75        15.48
            23    696        11.67        16.81        -7.71         2.56       -12.92        15.48
            24   1700        11.67        16.81        -7.71         2.56       -12.92        15.48
            25   1886        11.69        16.79        -7.84         2.73       -12.73        15.46
            26   1008        11.69        16.79        -7.84         2.73       -12.73        15.46
            27    267        12.14        18.25        -8.72         2.61       -11.96        14.57
            28    328        11.41        17.50        -8.74         2.65       -12.49        15.14
            29     87        11.88        17.15        -7.97         2.69       -12.46        15.15
            30   1545        12.14        18.25        -8.72         2.61       -11.96        14.57
            31   1732        12.42        18.28        -8.43         2.58       -11.90        14.48
            32    228        12.42        18.28        -8.43         2.58       -11.90        14.48
            33     24        11.88        17.15        -7.97         2.69       -12.46        15.15
            34   1884        12.34        18.68        -8.85         2.51       -11.91        14.42
            35    329        12.34        18.68        -8.85         2.51       -11.91        14.42
            36   1220        11.97        16.77        -7.36         2.56       -12.88        15.44
            37   1244        11.97        16.77        -7.36         2.56       -12.88        15.44
            38   1115        13.14        19.16        -8.16         2.14       -11.58        13.72
            39   1072        13.06        19.17        -8.23         2.12       -11.56        13.68
            40    593        12.79        19.53        -8.82         2.09       -11.58        13.66
            41   1565        11.81        19.95       -10.07         1.93       -13.00        14.93
            42    331        11.81        19.95       -10.07         1.93       -13.00        14.93
            43    835        12.09        16.79        -7.60         2.90       -13.30        16.20
            44   1562        12.09        16.79        -7.60         2.90       -13.30        16.20
            45   1327        12.34        19.54        -9.33         2.13       -12.58        14.71
            46    941        12.31        17.91        -8.72         3.12       -12.45        15.57
            47    670        12.31        17.91        -8.72         3.12       -12.45        15.57
            48    105        12.69        17.94        -8.34         3.10       -12.39        15.49
            49    333        12.69        17.94        -8.34         3.10       -12.39        15.49
            50    703        11.29        18.28        -9.50         2.52       -13.88        16.40
            51   1610        11.29        18.28        -9.50         2.52       -13.88        16.40
            52   1546        12.71        18.32        -8.64         3.03       -12.42        15.45
            53    348        12.71        18.32        -8.64         3.03       -12.42        15.45
            54    699        12.43        19.01        -9.37         2.80       -12.60        15.40
            55    686        12.53        19.02        -9.23         2.74       -12.61        15.35
            56    615        12.53        19.02        -9.23         2.74       -12.61        15.35
            57   1483        12.43        19.01        -9.37         2.80       -12.60        15.40
            58    908        12.09        19.65        -9.93         2.38       -13.91        16.29
            59   1599        13.30        18.61        -8.34         3.03       -12.27        15.30
            60   1923        13.31        18.59        -8.33         3.05       -12.27        15.33
            61    760        13.31        18.59        -8.33         3.05       -12.27        15.33
            62    684        13.32        18.43        -8.42         3.31       -12.37        15.68
            63   1042        13.29        18.43        -8.45         3.30       -12.37        15.67
            64   1173        13.29        18.43        -8.45         3.30       -12.37        15.67
            65   1275        13.30        18.61        -8.34         3.03       -12.27        15.30
            66   1288        13.32        18.43        -8.42         3.31       -12.37        15.68
            67    559        13.14        18.81        -8.93         3.26       -12.38        15.65
            68    198        13.14        18.81        -8.93         3.26       -12.38        15.65
            69    654        13.20        18.96        -8.75         3.00       -12.29        15.29
            70   1258        13.42        18.61        -8.05         2.86       -12.52        15.39
            71   1233        13.42        18.61        -8.05         2.86       -12.52        15.39
            72    275        13.20        18.96        -8.75         3.00       -12.29        15.29
            73   1533        13.64        18.61        -7.81         2.84       -12.55        15.39
            74   1649        12.26        19.26        -9.84         2.85       -13.72        16.56
            75    967        13.67        18.61        -7.78         2.84       -12.47        15.31
            76    623        13.66        19.00        -7.83         2.49       -12.61        15.10
            77   1910        12.26        19.26        -9.84         2.85       -13.72        16.56
            78    652        13.64        18.61        -7.81         2.84       -12.55        15.39
            79    896        13.67        18.61        -7.78         2.84       -12.47        15.31
            80    704        13.66        19.00        -7.83         2.49       -12.61        15.10
            81    190        13.69        18.57        -7.75         2.87       -12.55        15.42
            82    216        13.69        18.57        -7.75         2.87       -12.55        15.42
            83   1023        14.11        19.02        -7.31         2.39       -12.50        14.89
            84    538        12.09        19.65        -9.93         2.38       -13.91        16.29
            85    319        13.95        17.54        -6.27         2.68       -13.61        16.29
            86    613        13.95        17.54        -6.27         2.68       -13.61        16.29
            87    350        12.38        20.11       -10.32         2.60       -14.36        16.95
            88   1828        14.38        18.71        -6.94         2.61       -13.51        16.12
            89   1810        14.60        18.88        -7.23         2.96       -13.44        16.40
            90    991        14.60        18.88        -7.23         2.96       -13.44        16.40
            91    438        13.79        20.49        -9.47         2.77       -13.49        16.25
          ------------------------------------------------------------------------------------------

          -------------------------------
          Bonded Energy Terms: Valence
          -------------------------------

          ------------------------------------------------------------------------------------------
          Rank    ID     Valence       Bond        Angle         Pdih         Idih       Tether
          ------------------------------------------------------------------------------------------
             1   1872        16.38         0.44         5.05        10.89         0.00         0.00
             2    252        16.39         0.44         5.03        10.92         0.00         0.00
             3   1283        16.38         0.44         5.05        10.89         0.00         0.00
             4   1289        16.39         0.44         5.03        10.92         0.00         0.00
             5   1358        17.20         0.43         5.59        11.18         0.00         0.00
             6   1238        17.20         0.43         5.59        11.18         0.00         0.00
             7   1319        16.76         0.43         5.07        11.25         0.00         0.00
             8   1088        16.76         0.43         5.07        11.25         0.00         0.00
             9   1973        17.20         0.43         5.36        11.42         0.00         0.00
            10   1940        17.20         0.43         5.36        11.42         0.00         0.00
            11   1354        16.99         0.41         5.14        11.44         0.00         0.00
            12    337        16.99         0.41         5.15        11.44         0.00         0.00
            13    584        16.58         0.44         5.09        11.05         0.00         0.00
            14   1859        16.58         0.44         5.09        11.05         0.00         0.00
            15    127        16.58         0.44         5.10        11.04         0.00         0.00
            16   1665        16.58         0.44         5.10        11.04         0.00         0.00
            17   1429        16.95         0.43         5.12        11.40         0.00         0.00
            18   1648        17.33         0.41         5.15        11.77         0.00         0.00
            19    287        16.95         0.43         5.12        11.40         0.00         0.00
            20   1352        16.81         0.44         5.32        11.06         0.00         0.00
            21    533        17.25         0.48         6.11        10.65         0.00         0.00
            22   1156        16.81         0.44         5.32        11.06         0.00         0.00
            23    696        16.81         0.44         5.47        10.91         0.00         0.00
            24   1700        16.81         0.44         5.47        10.91         0.00         0.00
            25   1886        16.79         0.44         5.31        11.04         0.00         0.00
            26   1008        16.79         0.44         5.31        11.04         0.00         0.00
            27    267        18.25         0.34         3.15        14.76         0.00         0.00
            28    328        17.50         0.41         5.30        11.79         0.00         0.00
            29     87        17.15         0.42         5.26        11.47         0.00         0.00
            30   1545        18.25         0.34         3.15        14.76         0.00         0.00
            31   1732        18.28         0.33         3.18        14.77         0.00         0.00
            32    228        18.28         0.33         3.18        14.77         0.00         0.00
            33     24        17.15         0.42         5.26        11.47         0.00         0.00
            34   1884        18.68         0.32         3.23        15.13         0.00         0.00
            35    329        18.68         0.32         3.23        15.13         0.00         0.00
            36   1220        16.77         0.44         5.45        10.88         0.00         0.00
            37   1244        16.77         0.44         5.45        10.88         0.00         0.00
            38   1115        19.16         0.29         3.55        15.31         0.00         0.00
            39   1072        19.17         0.29         3.54        15.34         0.00         0.00
            40    593        19.53         0.29         3.59        15.65         0.00         0.00
            41   1565        19.95         0.35         6.17        13.43         0.00         0.00
            42    331        19.95         0.35         6.18        13.43         0.00         0.00
            43    835        16.79         0.50         5.82        10.47         0.00         0.00
            44   1562        16.79         0.50         5.82        10.47         0.00         0.00
            45   1327        19.54         0.36         4.76        14.43         0.00         0.00
            46    941        17.91         0.45         4.38        13.08         0.00         0.00
            47    670        17.91         0.45         4.38        13.08         0.00         0.00
            48    105        17.94         0.44         4.41        13.08         0.00         0.00
            49    333        17.94         0.44         4.41        13.08         0.00         0.00
            50    703        18.28         0.51         7.44        10.33         0.00         0.00
            51   1610        18.28         0.51         7.44        10.33         0.00         0.00
            52   1546        18.32         0.44         4.45        13.43         0.00         0.00
            53    348        18.32         0.44         4.45        13.43         0.00         0.00
            54    699        19.01         0.42         4.78        13.80         0.00         0.00
            55    686        19.02         0.42         4.88        13.71         0.00         0.00
            56    615        19.02         0.42         4.88        13.71         0.00         0.00
            57   1483        19.01         0.42         4.78        13.80         0.00         0.00
            58    908        19.65         0.50         8.15        11.00         0.00         0.00
            59   1599        18.61         0.42         4.49        13.70         0.00         0.00
            60   1923        18.59         0.42         4.51        13.66         0.00         0.00
            61    760        18.59         0.42         4.51        13.66         0.00         0.00
            62    684        18.43         0.45         4.19        13.78         0.00         0.00
            63   1042        18.43         0.45         4.24        13.74         0.00         0.00
            64   1173        18.43         0.45         4.24        13.74         0.00         0.00
            65   1275        18.61         0.42         4.49        13.70         0.00         0.00
            66   1288        18.43         0.45         4.19        13.79         0.00         0.00
            67    559        18.81         0.44         4.30        14.07         0.00         0.00
            68    198        18.81         0.44         4.30        14.07         0.00         0.00
            69    654        18.96         0.42         4.54        14.00         0.00         0.00
            70   1258        18.61         0.43         4.72        13.46         0.00         0.00
            71   1233        18.61         0.43         4.72        13.45         0.00         0.00
            72    275        18.96         0.42         4.54        14.00         0.00         0.00
            73   1533        18.61         0.43         4.74        13.43         0.00         0.00
            74   1649        19.26         0.51         6.45        12.30         0.00         0.00
            75    967        18.61         0.43         4.74        13.44         0.00         0.00
            76    623        19.00         0.39         4.27        14.34         0.00         0.00
            77   1910        19.26         0.51         6.45        12.30         0.00         0.00
            78    652        18.61         0.43         4.74        13.43         0.00         0.00
            79    896        18.61         0.43         4.74        13.44         0.00         0.00
            80    704        19.00         0.39         4.27        14.34         0.00         0.00
            81    190        18.57         0.44         4.71        13.43         0.00         0.00
            82    216        18.57         0.44         4.71        13.43         0.00         0.00
            83   1023        19.02         0.38         4.36        14.29         0.00         0.00
            84    538        19.65         0.50         8.15        11.00         0.00         0.00
            85    319        17.54         0.51         7.07         9.96         0.00         0.00
            86    613        17.54         0.51         7.07         9.96         0.00         0.00
            87    350        20.11         0.54         9.25        10.32         0.00         0.00
            88   1828        18.71         0.50         7.22        10.99         0.00         0.00
            89   1810        18.88         0.52         6.29        12.08         0.00         0.00
            90    991        18.88         0.52         6.29        12.08         0.00         0.00
            91    438        20.49         0.51         6.90        13.08         0.00         0.00
          ------------------------------------------------------------------------------------------

          Calculating single reference conformer RMSDs ...

          ---------------------------------
          Conformer RMSDs are in Angstroms.
          ---------------------------------

          ------------------------------------------------------------------------------------------
                              RMSD wrt Input Crd                    RMSD wrt Rank 1
                         ---------------------------------------------------------------------------
          Rank    ID        Complex    Receptor  Ligand          Complex    Receptor  Ligand
          ------------------------------------------------------------------------------------------
             1   1872                             1.654                               0.000
             2    252                             1.682                               0.320
             3   1283                             1.665                               1.563
             4   1289                             1.318                               1.663
             5   1358                             0.898                               1.724
             6   1238                             0.838                               1.725
             7   1319                             1.312                               1.552
             8   1088                             1.645                               0.328
             9   1973                             0.858                               1.532
            10   1940                             0.801                               1.543
            11   1354                             1.270                               1.477
            12    337                             1.389                               1.576
            13    584                             0.830                               0.800
            14   1859                             0.753                               1.271
            15    127                             0.801                               1.284
            16   1665                             0.763                               0.715
            17   1429                             0.778                               1.328
            18   1648                             1.213                               1.477
            19    287                             0.767                               0.816
            20   1352                             0.820                               1.493
            21    533                             1.203                               1.040
            22   1156                             0.749                               1.177
            23    696                             0.842                               1.363
            24   1700                             0.753                               1.287
            25   1886                             0.793                               1.236
            26   1008                             0.752                               1.489
            27    267                             1.222                               0.643
            28    328                             1.743                               1.368
            29     87                             0.311                               1.446
            30   1545                             1.141                               0.604
            31   1732                             1.172                               0.551
            32    228                             1.171                               0.770
            33     24                             0.033                               1.414
            34   1884                             1.166                               0.663
            35    329                             1.179                               1.122
            36   1220                             0.767                               1.358
            37   1244                             0.792                               1.459
            38   1115                             0.658                               1.256
            39   1072                             0.593                               1.228
            40    593                             0.657                               1.302
            41   1565                             0.975                               1.335
            42    331                             1.269                               0.715
            43    835                             1.130                               0.982
            44   1562                             1.645                               0.995
            45   1327                             1.188                               1.238
            46    941                             1.314                               0.661
            47    670                             1.238                               0.936
            48    105                             1.223                               0.952
            49    333                             1.272                               0.552
            50    703                             1.309                               1.306
            51   1610                             1.095                               1.604
            52   1546                             1.271                               0.988
            53    348                             1.254                               0.649
            54    699                             1.164                               1.267
            55    686                             0.649                               1.831
            56    615                             0.709                               1.315
            57   1483                             1.040                               0.877
            58    908                             1.054                               1.094
            59   1599                             1.468                               1.327
            60   1923                             1.417                               1.333
            61    760                             1.197                               0.768
            62    684                             0.632                               1.221
            63   1042                             0.640                               1.188
            64   1173                             0.556                               1.192
            65   1275                             1.238                               0.821
            66   1288                             0.560                               1.144
            67    559                             0.589                               1.214
            68    198                             0.597                               1.260
            69    654                             1.505                               1.336
            70   1258                             1.143                               1.372
            71   1233                             0.997                               0.949
            72    275                             1.200                               0.855
            73   1533                             0.535                               1.465
            74   1649                             1.272                               1.153
            75    967                             1.087                               1.349
            76    623                             0.897                               0.893
            77   1910                             1.150                               1.155
            78    652                             0.637                               1.619
            79    896                             1.027                               1.005
            80    704                             1.166                               1.287
            81    190                             0.616                               1.434
            82    216                             0.560                               1.567
            83   1023                             1.107                               1.720
            84    538                             1.510                               1.577
            85    319                             1.041                               1.609
            86    613                             1.181                               1.363
            87    350                             1.440                               1.327
            88   1828                             0.922                               1.103
            89   1810                             0.960                               1.275
            90    991                             1.025                               1.188
            91    438                             1.218                               1.372
          ------------------------------------------------------------------------------------------

          --------------------------------
          Final Boltzmann Averaged Data.
          --------------------------------

          -------------------------------------------------------------------
          Results of Boltzmann Averaging Over All  124 Conformers (kcal/mol).
          -------------------------------------------------------------------

          Free Energy                        G              60.2417356623
          Average Potential Energy         < E >            29.9490367132
          Entropy                           -TS             30.2926989491
          -------------------------------------------------------------------

          Average Potential Energy < E > Components.

          < U >                    11.3691767710
          < W(PBSA) >              -1.9877277953
          < H.O. P.E. >            20.5675867429

          Average Solvation Energy < W(PBSA) > Components.

          < PB >                   -4.1181123538
          < SA >                    2.1303845585

          Average Gas Phase Internal Potential Energy < U > Components.

          < Valence >              17.1907393460
          < Coulomb >              -8.5720436662
          < VdW >                   2.7504810912

          Average Van der Waals Energy < VdW > Components.

          < VdW6  >               -12.6140704887
          < VdW12 >                15.3645515798

          Average Bonded Energy < Valence > Components.

          < Bond >                  0.4233094990
          < Angle >                 5.0417142005
          < Pdihed >               11.7257156465
          < Idihed >                0.0000000000
          < Tether >                0.0000000000

          -------------------------------------------------------------------
                        End of VM2 Calculation Results Summary.
          -------------------------------------------------------------------


     Total cpu time for run         45.18 seconds.
                                     0.75 minutes.

     Total wall time for run        45.84 seconds.
                                     0.76 minutes.

     TIME STAMP: VCPack job finished normally : Saturday, August 06, 2022 at 17:09:03
