
     --------------------------------------------------------------------------------
                        Running Program VCPack. Version 2.8

                           VeraChem LLC, PO Box 2206
                           Germantown, MD 20875, U.S.A.

                                Tel. 240-686-0565
                                www.verachem.com
     --------------------------------------------------------------------------------


     Input file          :   guest-s12_vm2.inp

     Output file         :   guest-s12_vm2.out

     Summary output file :   guest-s12_vm2.summary.out

     Executable : /data/comblab/vcCompChem_3b/exe/VC_CompChemPackage_mpi.exe

     Build date : Aug 13 2021  17:26:14

     This is a multiple processor run.

     MPI processes              :   16
     OpenMP threads per process :    0
     CUDA enabled               :  no

     TIME STAMP: VCPack job started : Saturday, August 06, 2022 at 17:10:30

     --------------------------------------------------------------------------------
                            Basic Calculation Control.
     --------------------------------------------------------------------------------

     Molecular system type                :  ligand          

     Calculation type                     :  vm2             

     Energy potential                     :  mm              

     Post-processing type                 :  none            

     Post-processing energy potential     :  none            

     Time limit in wall clock hours       :  96.00

     Read in starting conformers          :  no
     Type of conformers to read in        :  none
     Conformer source files(s)            :  none

     Use input .crd for complex build     :  no
     Place ligand confs. at input .crd    :  no
     Use input .crd as start conformer    :  yes

     Formatted output files               :  xyz     
                                          :  pdb     
                                          :  mol2    
                                          :  sdf     
                                          :  xyz     
                                          :  gms     
                                          :  csv     

     Split formatted output files         :  crd     

     Limit conformers in formatted files  :  bycount
     Maximum conformer count              :  1000

     Atoms to include in formatted files  :  all     

     Binary file restart type             :  none


     --------------------------------------------------------------------------------
                            Math Related Control and Set Up.
     --------------------------------------------------------------------------------

     Random number generator seeds :  bywallclock

     Seed 1 :           7423296
     Seed 2 :            100853
     Seed 3 :               757
     Seed 4 :              2919


     --------------------------------------------------------------------------------
                            Basic Molecular System Set Up.
     --------------------------------------------------------------------------------

     ------------------
     Ligand Data Files.
     ------------------

     Standard crd coordinate file            :  guest-s12.crd
     VeraChem topology file                  :  guest-s12.top
     Standard mol/sdf file                   :  guest-s12.mol

     Total number of ligand atoms            :        26

     Included in this calculation.
     Number of real and live ligand atoms    :        26
     Number of real but fixed ligand atoms   :         0

     Ligand placement method                 :  none

     Snap ligand to template atoms           :      no

     -------------------------------
     Final Real/Live Set Atom Count.
     -------------------------------

     Total number of real atoms              :        26
     Total number of live atoms              :        26


     --------------------------------------------------------------------------------
                            Generate Initial Molecular Conformation.
     --------------------------------------------------------------------------------

     Mandatory input crd file(s) used for generation of a single starting conformer.


     --------------------------------------------------------------------------------
                             Energy Potential Settings.
     --------------------------------------------------------------------------------


     Molecular Mechanics package          :  vchem           

     Quantum Mechanics package            :  none            


     --------------------------------------------------------------------------------
                    Running VM2 Mining Minima Module. Version 2.8
     --------------------------------------------------------------------------------

     Iteration    Free Energy G             G Diff            # Conformers     # Diff
        1            74.488897              74.488897              39              39
        2            74.184922              -0.303976              94              55
        3            74.145409              -0.039513             101               7
        4            74.033046              -0.112363             144              43
        5            74.032843              -0.000203             145               1
        6            73.977982              -0.054861             168              23
        7            73.975500              -0.002482             173               5
        8            73.924043              -0.051457             186              13
        9            73.916606              -0.007437             188               2
       10            73.881782              -0.034824             199              11
       11            73.877533              -0.004249             200               1
       12            73.873649              -0.003884             208               8

     VM2 Free Energy converged after   12 iterations.

     Final VM2 Free Energy is      73.873649 Kcal/mol.

          --------------------------------
          Final Individual Conformer Data.
          --------------------------------

          List data for conformers with probability of at least :  0.01 %
          Rankings are with respect to : Free Energy (G)

          ------------------------
          Free Energy: G = E - TS
          ------------------------

          ------------------------------------------------------------------------------------------
          Rank    ID     ln(Zx)    Prob(%)  Sum Prob(%)  Del G        G            E            -TS
          ------------------------------------------------------------------------------------------
             1   1411   -168.02759    6.92     6.92      0.00        75.47        43.30        32.16
             2   1192   -168.51335    4.26    11.17      0.29        75.76        43.42        32.33
             3     37   -168.52471    4.21    15.38      0.30        75.76        43.43        32.33
             4   1284   -168.82383    3.12    18.50      0.47        75.94        43.69        32.25
             5    484   -168.82886    3.10    21.61      0.48        75.94        43.69        32.25
             6   1273   -168.96064    2.72    24.33      0.56        76.02        43.76        32.26
             7    934   -169.02107    2.56    26.89      0.59        76.06        43.80        32.26
             8   1544   -169.02545    2.55    29.44      0.59        76.06        43.58        32.48
             9   1256   -169.16185    2.23    31.67      0.68        76.14        43.87        32.27
            10    760   -169.17810    2.19    33.86      0.69        76.15        43.88        32.27
            11   1096   -169.26996    2.00    35.85      0.74        76.21        43.78        32.43
            12    813   -169.27227    1.99    37.85      0.74        76.21        43.78        32.43
            13    975   -169.30060    1.94    39.78      0.76        76.22        43.96        32.26
            14    489   -169.31316    1.91    41.70      0.77        76.23        43.97        32.26
            15   1280   -169.38128    1.79    43.48      0.81        76.27        43.85        32.43
            16    273   -169.44198    1.68    45.17      0.84        76.31        43.88        32.43
            17    728   -169.54286    1.52    46.69      0.90        76.37        43.93        32.44
            18   1074   -169.58676    1.46    48.14      0.93        76.40        43.95        32.44
            19    532   -169.59102    1.45    49.59      0.93        76.40        43.96        32.44
            20   1075   -169.63440    1.39    50.98      0.96        76.42        43.98        32.44
            21   1290   -169.66852    1.34    52.32      0.98        76.44        44.01        32.43
            22   1360   -169.68482    1.32    53.64      0.99        76.45        44.02        32.43
            23    441   -169.70697    1.29    54.93      1.00        76.47        44.03        32.43
            24   1085   -169.74444    1.24    56.17      1.02        76.49        44.06        32.43
            25   1183   -169.82749    1.14    57.31      1.07        76.54        44.18        32.36
            26   1119   -169.83396    1.14    58.45      1.08        76.54        44.18        32.37
            27    200   -169.84693    1.12    59.57      1.08        76.55        44.17        32.38
            28    834   -169.84834    1.12    60.69      1.09        76.55        44.19        32.36
            29    249   -169.88952    1.07    61.77      1.11        76.58        44.21        32.37
            30    778   -169.90383    1.06    62.83      1.12        76.58        44.22        32.37
            31    783   -169.90760    1.06    63.88      1.12        76.59        44.21        32.38
            32    835   -169.94138    1.02    64.90      1.14        76.61        44.16        32.44
            33   1326   -169.96078    1.00    65.90      1.15        76.62        44.12        32.50
            34    806   -169.97569    0.99    66.89      1.16        76.63        44.18        32.44
            35    443   -170.01598    0.95    67.84      1.19        76.65        44.29        32.36
            36    276   -170.04035    0.92    68.76      1.20        76.67        44.34        32.33
            37    859   -170.05329    0.91    69.67      1.21        76.67        44.18        32.50
            38   1517   -170.06470    0.90    70.58      1.21        76.68        44.33        32.35
            39   1335   -170.07405    0.89    71.47      1.22        76.69        44.34        32.35
            40    268   -170.11568    0.86    72.33      1.24        76.71        44.12        32.59
            41    421   -170.12960    0.85    73.17      1.25        76.72        44.39        32.33
            42    843   -170.15306    0.83    74.00      1.27        76.73        44.14        32.59
            43   1362   -170.16339    0.82    74.82      1.27        76.74        44.15        32.59
            44   1291   -170.18902    0.80    75.61      1.29        76.75        44.17        32.59
            45    491   -170.19661    0.79    76.40      1.29        76.76        44.17        32.59
            46    202   -170.22187    0.77    77.18      1.31        76.77        44.19        32.59
            47    767   -170.23342    0.76    77.94      1.32        76.78        44.24        32.54
            48   1385   -170.26846    0.74    78.67      1.34        76.80        44.21        32.59
            49   1223   -170.27047    0.73    79.41      1.34        76.80        44.25        32.55
            50    784   -170.27429    0.73    80.14      1.34        76.81        44.14        32.67
            51    283   -170.29256    0.72    80.86      1.35        76.82        44.15        32.67
            52    733   -170.30184    0.71    81.57      1.36        76.82        44.14        32.68
            53   1551   -170.31657    0.70    82.27      1.36        76.83        44.29        32.54
            54   1479   -170.32263    0.70    82.97      1.37        76.83        44.29        32.55
            55    814   -170.34344    0.68    83.65      1.38        76.85        44.16        32.68
            56   1607   -170.39754    0.65    84.30      1.41        76.88        44.37        32.51
            57   1038   -170.40770    0.64    84.94      1.42        76.88        44.34        32.55
            58   1083   -170.44233    0.62    85.56      1.44        76.91        44.36        32.55
            59   1020   -170.53230    0.57    86.12      1.49        76.96        44.45        32.51
            60   1536   -170.57668    0.54    86.66      1.52        76.99        44.22        32.77
            61    957   -170.60990    0.52    87.19      1.54        77.01        44.25        32.76
            62   1467   -170.63616    0.51    87.69      1.56        77.02        44.26        32.77
            63   1532   -170.64510    0.50    88.20      1.56        77.03        44.35        32.67
            64    862   -170.65324    0.50    88.70      1.57        77.03        44.36        32.67
            65    853   -170.65865    0.50    89.20      1.57        77.03        44.27        32.76
            66    570   -170.66098    0.50    89.70      1.57        77.04        44.53        32.51
            67    542   -170.69359    0.48    90.18      1.59        77.06        44.55        32.51
            68   1324   -170.86275    0.41    90.58      1.69        77.16        44.33        32.83
            69    108   -170.90062    0.39    90.97      1.71        77.18        44.47        32.71
            70   1095   -170.92335    0.38    91.36      1.73        77.19        44.52        32.67
            71    204   -170.93821    0.38    91.73      1.74        77.20        44.49        32.71
            72   1178   -170.98347    0.36    92.09      1.76        77.23        44.40        32.83
            73    996   -171.04472    0.34    92.43      1.80        77.26        44.59        32.67
            74   1181   -171.09946    0.32    92.75      1.83        77.30        44.77        32.53
            75    797   -171.18053    0.30    93.05      1.88        77.35        44.34        33.01
            76   1436   -171.19229    0.29    93.34      1.89        77.35        44.82        32.53
            77    475   -171.20700    0.29    93.63      1.90        77.36        44.40        32.96
            78    955   -171.21397    0.29    93.91      1.90        77.37        44.36        33.01
            79    414   -171.21554    0.29    94.20      1.90        77.37        44.80        32.57
            80    844   -171.24789    0.28    94.48      1.92        77.39        44.70        32.69
            81    158   -171.28047    0.27    94.74      1.94        77.41        44.84        32.57
            82   1342   -171.29344    0.26    95.01      1.95        77.41        45.19        32.23
            83   1237   -171.32017    0.26    95.26      1.96        77.43        44.74        32.69
            84    535   -171.35259    0.25    95.51      1.98        77.45        44.56        32.89
            85   1577   -171.38621    0.24    95.75      2.00        77.47        44.58        32.89
            86    558   -171.40296    0.24    95.99      2.01        77.48        44.55        32.93
            87   1077   -171.41740    0.23    96.22      2.02        77.49        44.56        32.93
            88    960   -171.49752    0.22    96.44      2.07        77.53        44.76        32.78
            89    690   -171.49953    0.21    96.65      2.07        77.54        44.76        32.78
            90   1320   -171.55769    0.20    96.86      2.10        77.57        45.06        32.51
            91    222   -171.62389    0.19    97.05      2.14        77.61        44.61        33.00
            92    508   -171.65887    0.18    97.23      2.16        77.63        44.63        33.00
            93    260   -171.66982    0.18    97.41      2.17        77.64        44.83        32.81
            94    764   -171.79669    0.16    97.57      2.25        77.71        45.73        31.98
            95   1317   -171.84177    0.15    97.72      2.27        77.74        45.76        31.98
            96    188   -171.93400    0.14    97.86      2.33        77.79        44.77        33.02
            97   1113   -172.08687    0.12    97.98      2.42        77.89        44.87        33.02
            98    818   -172.18317    0.11    98.09      2.48        77.94        44.70        33.24
            99    266   -172.21127    0.11    98.20      2.49        77.96        45.66        32.30
           100    207   -172.31488    0.10    98.29      2.56        78.02        44.78        33.24
           101   1582   -172.41941    0.09    98.38      2.62        78.08        45.15        32.94
           102   1528   -172.61578    0.07    98.45      2.74        78.20        45.57        32.63
           103   1060   -172.62557    0.07    98.52      2.74        78.21        45.58        32.63
           104   1302   -172.74478    0.06    98.58      2.81        78.28        45.92        32.36
           105    549   -172.77223    0.06    98.64      2.83        78.29        45.75        32.55
           106     76   -172.92164    0.05    98.69      2.92        78.38        45.90        32.49
           107   1478   -172.93360    0.05    98.74      2.92        78.39        45.92        32.47
           108   1276   -172.94541    0.05    98.79      2.93        78.40        45.85        32.55
           109   1477   -172.97391    0.05    98.84      2.95        78.41        45.95        32.47
           110   1327   -172.98060    0.05    98.89      2.95        78.42        46.12        32.30
           111    755   -173.15863    0.04    98.93      3.06        78.52        46.15        32.37
           112   1620   -173.18288    0.04    98.97      3.07        78.54        45.89        32.65
           113    543   -173.25548    0.04    99.01      3.12        78.58        46.24        32.35
           114    569   -173.26423    0.04    99.04      3.12        78.59        46.17        32.42
           115   1226   -173.28380    0.04    99.08      3.13        78.60        46.18        32.42
           116    563   -173.29769    0.04    99.12      3.14        78.61        45.96        32.65
           117    952   -173.30893    0.04    99.15      3.15        78.61        46.27        32.35
           118    795   -173.32337    0.03    99.19      3.16        78.62        45.50        33.13
           119    261   -173.36780    0.03    99.22      3.18        78.65        45.55        33.09
           120   1591   -173.44376    0.03    99.25      3.23        78.69        45.57        33.13
           121    766   -173.58527    0.03    99.28      3.31        78.78        46.28        32.50
           122    221   -173.61396    0.03    99.30      3.33        78.80        45.86        32.94
           123    961   -173.62461    0.03    99.33      3.34        78.80        45.76        33.05
           124    509   -173.63629    0.03    99.35      3.34        78.81        45.76        33.05
           125    554   -173.66830    0.02    99.38      3.36        78.83        46.14        32.68
           126   1339   -173.68140    0.02    99.40      3.37        78.84        46.33        32.50
           127   1306   -173.69607    0.02    99.43      3.38        78.85        46.16        32.68
           128    730   -173.76678    0.02    99.45      3.42        78.89        46.39        32.49
           129   1076   -173.79597    0.02    99.47      3.44        78.90        46.10        32.81
           130    700   -173.80081    0.02    99.49      3.44        78.91        46.40        32.50
           131   1346   -173.81773    0.02    99.51      3.45        78.92        46.42        32.49
           132   1358   -173.83751    0.02    99.53      3.46        78.93        45.99        32.94
           133   1491   -173.95323    0.02    99.55      3.53        79.00        46.51        32.49
           134   1619   -173.97137    0.02    99.57      3.54        79.01        46.52        32.49
           135    816   -174.09357    0.02    99.59      3.62        79.08        46.58        32.50
           136   1007   -174.13097    0.02    99.60      3.64        79.10        46.42        32.68
           137   1632   -174.13246    0.02    99.62      3.64        79.11        46.12        32.98
           138    832   -174.14644    0.02    99.63      3.65        79.11        46.44        32.67
           139    848   -174.14781    0.02    99.65      3.65        79.11        46.13        32.98
           140    257   -174.15602    0.02    99.66      3.65        79.12        46.45        32.67
           141    826   -174.17201    0.01    99.68      3.66        79.13        46.46        32.67
           142    743   -174.24398    0.01    99.69      3.71        79.17        46.70        32.47
           143   1353   -174.27027    0.01    99.70      3.72        79.19        46.72        32.47
           144    793   -174.32015    0.01    99.72      3.75        79.22        45.81        33.41
           145   1071   -174.34102    0.01    99.73      3.76        79.23        46.55        32.68
           146    572   -174.36906    0.01    99.74      3.78        79.25        45.84        33.41
           147   1114   -174.38180    0.01    99.75      3.79        79.25        46.12        33.13
           148   1594   -174.39263    0.01    99.77      3.79        79.26        46.64        32.62
           149   1117   -174.46336    0.01    99.78      3.84        79.30        46.68        32.62
           150    752   -174.49157    0.01    99.79      3.85        79.32        46.73        32.59
           151    438   -174.53229    0.01    99.80      3.88        79.34        46.76        32.59
           152    252   -174.53248    0.01    99.81      3.88        79.34        46.76        32.58
           153     77   -174.54465    0.01    99.82      3.89        79.35        46.77        32.58
           154   1568   -174.55351    0.01    99.83      3.89        79.36        46.98        32.38
          ------------------------------------------------------------------------------------------

          --------------------------------------------------------
          Potential Energy: E = (U+W) + H.O. Equipartion energy
          --------------------------------------------------------

          ------------------------------------------------------------------------------------------
          Rank    ID         E          U+W            U        W(PBSA)          PB           SA
          ------------------------------------------------------------------------------------------
             1   1411        43.30        21.84        70.36       -48.52       -50.86         2.34
             2   1192        43.42        21.96        70.75       -48.78       -51.11         2.33
             3     37        43.43        21.97        70.75       -48.78       -51.11         2.34
             4   1284        43.69        22.22        71.14       -48.92       -51.26         2.34
             5    484        43.69        22.23        71.14       -48.92       -51.25         2.34
             6   1273        43.76        22.30        71.14       -48.84       -51.18         2.34
             7    934        43.80        22.34        71.14       -48.80       -51.14         2.33
             8   1544        43.58        22.12        71.48       -49.36       -51.65         2.29
             9   1256        43.87        22.41        71.04       -48.63       -50.94         2.31
            10    760        43.88        22.42        71.04       -48.62       -50.94         2.32
            11   1096        43.78        22.32        71.51       -49.19       -51.48         2.29
            12    813        43.78        22.32        71.51       -49.19       -51.48         2.29
            13    975        43.96        22.50        71.35       -48.85       -51.16         2.31
            14    489        43.97        22.51        71.35       -48.84       -51.15         2.31
            15   1280        43.85        22.38        71.63       -49.24       -51.55         2.30
            16    273        43.88        22.42        71.63       -49.21       -51.52         2.31
            17    728        43.93        22.46        71.43       -48.96       -51.24         2.27
            18   1074        43.95        22.49        71.42       -48.93       -51.23         2.30
            19    532        43.96        22.49        71.42       -48.93       -51.22         2.29
            20   1075        43.98        22.52        71.43       -48.91       -51.18         2.27
            21   1290        44.01        22.55        71.71       -49.16       -51.44         2.28
            22   1360        44.02        22.56        71.72       -49.16       -51.48         2.32
            23    441        44.03        22.57        71.72       -49.15       -51.45         2.30
            24   1085        44.06        22.60        71.71       -49.11       -51.41         2.30
            25   1183        44.18        22.72        71.97       -49.25       -51.56         2.31
            26   1119        44.18        22.71        71.83       -49.12       -51.44         2.32
            27    200        44.17        22.71        71.73       -49.02       -51.34         2.31
            28    834        44.19        22.73        71.97       -49.24       -51.54         2.30
            29    249        44.21        22.75        71.83       -49.09       -51.41         2.32
            30    778        44.22        22.76        71.99       -49.24       -51.54         2.30
            31    783        44.21        22.75        71.73       -48.99       -51.30         2.31
            32    835        44.16        22.70        71.90       -49.20       -51.49         2.29
            33   1326        44.12        22.66        72.04       -49.38       -51.68         2.31
            34    806        44.18        22.72        71.90       -49.18       -51.49         2.31
            35    443        44.29        22.82        71.99       -49.17       -51.49         2.32
            36    276        44.34        22.87        71.90       -49.03       -51.33         2.30
            37    859        44.18        22.71        72.04       -49.32       -51.62         2.30
            38   1517        44.33        22.87        71.81       -48.94       -51.23         2.29
            39   1335        44.34        22.88        71.81       -48.93       -51.26         2.32
            40    268        44.12        22.66        72.30       -49.64       -51.90         2.26
            41    421        44.39        22.93        71.90       -48.98       -51.30         2.32
            42    843        44.14        22.68        72.28       -49.60       -51.85         2.25
            43   1362        44.15        22.69        72.18       -49.50       -51.76         2.26
            44   1291        44.17        22.71        72.30       -49.59       -51.86         2.26
            45    491        44.17        22.71        72.28       -49.57       -51.82         2.25
            46    202        44.19        22.72        71.87       -49.15       -51.41         2.26
            47    767        44.24        22.78        72.11       -49.34       -51.57         2.23
            48   1385        44.21        22.75        71.87       -49.12       -51.41         2.29
            49   1223        44.25        22.79        72.24       -49.45       -51.69         2.24
            50    784        44.14        22.67        72.35       -49.68       -51.91         2.24
            51    283        44.15        22.69        72.35       -49.67       -51.90         2.24
            52    733        44.14        22.68        72.37       -49.70       -51.95         2.25
            53   1551        44.29        22.82        72.11       -49.29       -51.57         2.28
            54   1479        44.29        22.82        72.24       -49.42       -51.67         2.25
            55    814        44.16        22.70        72.37       -49.67       -51.92         2.25
            56   1607        44.37        22.90        72.18       -49.28       -51.57         2.30
            57   1038        44.34        22.87        72.22       -49.34       -51.61         2.27
            58   1083        44.36        22.89        72.22       -49.32       -51.60         2.27
            59   1020        44.45        22.98        72.18       -49.20       -51.48         2.29
            60   1536        44.22        22.76        72.22       -49.46       -51.69         2.23
            61    957        44.25        22.78        72.26       -49.47       -51.71         2.24
            62   1467        44.26        22.79        72.22       -49.42       -51.68         2.26
            63   1532        44.35        22.89        72.55       -49.66       -51.92         2.27
            64    862        44.36        22.90        72.55       -49.65       -51.93         2.28
            65    853        44.27        22.81        72.26       -49.44       -51.71         2.26
            66    570        44.53        23.06        72.30       -49.23       -51.50         2.27
            67    542        44.55        23.08        72.30       -49.21       -51.50         2.28
            68   1324        44.33        22.87        72.45       -49.59       -51.82         2.23
            69    108        44.47        23.01        72.45       -49.44       -51.70         2.26
            70   1095        44.52        23.06        72.39       -49.33       -51.59         2.26
            71    204        44.49        23.03        72.45       -49.42       -51.69         2.27
            72   1178        44.40        22.94        72.45       -49.52       -51.80         2.28
            73    996        44.59        23.13        72.39       -49.26       -51.51         2.25
            74   1181        44.77        23.31        72.58       -49.27       -51.54         2.27
            75    797        44.34        22.88        72.76       -49.88       -52.09         2.20
            76   1436        44.82        23.36        72.58       -49.22       -51.50         2.28
            77    475        44.40        22.94        72.93       -49.99       -52.18         2.19
            78    955        44.36        22.90        72.76       -49.86       -52.06         2.20
            79    414        44.80        23.34        72.65       -49.31       -51.57         2.26
            80    844        44.70        23.24        72.71       -49.47       -51.72         2.25
            81    158        44.84        23.38        72.65       -49.27       -51.53         2.25
            82   1342        45.19        23.72        72.99       -49.27       -51.55         2.29
            83   1237        44.74        23.28        72.71       -49.43       -51.68         2.25
            84    535        44.56        23.10        72.74       -49.64       -51.85         2.21
            85   1577        44.58        23.12        72.74       -49.62       -51.86         2.24
            86    558        44.55        23.09        72.94       -49.85       -52.09         2.24
            87   1077        44.56        23.10        72.94       -49.84       -52.06         2.22
            88    960        44.76        23.30        73.04       -49.74       -52.02         2.28
            89    690        44.76        23.30        73.04       -49.74       -51.97         2.22
            90   1320        45.06        23.60        72.88       -49.28       -51.58         2.30
            91    222        44.61        23.14        72.96       -49.82       -52.04         2.22
            92    508        44.63        23.16        72.96       -49.80       -52.05         2.25
            93    260        44.83        23.37        73.12       -49.75       -51.99         2.23
            94    764        45.73        24.27        73.88       -49.61       -51.83         2.22
            95   1317        45.76        24.30        73.88       -49.58       -51.85         2.26
            96    188        44.77        23.31        72.85       -49.54       -51.77         2.23
            97   1113        44.87        23.40        72.85       -49.45       -51.68         2.23
            98    818        44.70        23.24        73.34       -50.10       -52.27         2.17
            99    266        45.66        24.20        73.67       -49.47       -51.73         2.26
           100    207        44.78        23.32        73.34       -50.02       -52.19         2.17
           101   1582        45.15        23.69        73.51       -49.83       -52.07         2.24
           102   1528        45.57        24.11        73.57       -49.46       -51.69         2.24
           103   1060        45.58        24.12        73.68       -49.56       -51.79         2.23
           104   1302        45.92        24.46        74.36       -49.90       -52.14         2.24
           105    549        45.75        24.29        73.76       -49.47       -51.70         2.23
           106     76        45.90        24.44        73.89       -49.46       -51.73         2.28
           107   1478        45.92        24.46        73.84       -49.38       -51.64         2.26
           108   1276        45.85        24.39        73.76       -49.37       -51.64         2.28
           109   1477        45.95        24.48        73.84       -49.36       -51.61         2.26
           110   1327        46.12        24.66        73.91       -49.25       -51.55         2.30
           111    755        46.15        24.69        74.43       -49.74       -51.98         2.24
           112   1620        45.89        24.43        74.23       -49.80       -52.06         2.26
           113    543        46.24        24.77        73.98       -49.21       -51.49         2.28
           114    569        46.17        24.71        74.31       -49.60       -51.86         2.27
           115   1226        46.18        24.72        74.31       -49.58       -51.86         2.28
           116    563        45.96        24.50        74.23       -49.73       -51.98         2.25
           117    952        46.27        24.81        73.98       -49.18       -51.45         2.28
           118    795        45.50        24.03        74.18       -50.14       -52.28         2.14
           119    261        45.55        24.09        74.11       -50.01       -52.19         2.18
           120   1591        45.57        24.11        74.18       -50.07       -52.23         2.15
           121    766        46.28        24.81        74.47       -49.66       -51.93         2.27
           122    221        45.86        24.39        74.34       -49.95       -52.14         2.19
           123    961        45.76        24.29        74.19       -49.90       -52.09         2.19
           124    509        45.76        24.30        74.19       -49.89       -52.10         2.21
           125    554        46.14        24.68        74.47       -49.78       -52.03         2.25
           126   1339        46.33        24.87        74.07       -49.20       -51.48         2.28
           127   1306        46.16        24.70        74.47       -49.77       -52.03         2.26
           128    730        46.39        24.93        74.13       -49.20       -51.49         2.28
           129   1076        46.10        24.64        74.31       -49.68       -51.88         2.20
           130    700        46.40        24.94        74.07       -49.13       -51.42         2.30
           131   1346        46.42        24.96        74.13       -49.17       -51.48         2.30
           132   1358        45.99        24.53        74.34       -49.81       -52.01         2.20
           133   1491        46.51        25.05        74.58       -49.54       -51.79         2.25
           134   1619        46.52        25.06        74.58       -49.53       -51.79         2.26
           135    816        46.58        25.12        74.90       -49.78       -51.98         2.20
           136   1007        46.42        24.96        74.40       -49.44       -51.68         2.24
           137   1632        46.12        24.66        74.25       -49.59       -51.81         2.22
           138    832        46.44        24.98        74.46       -49.48       -51.72         2.24
           139    848        46.13        24.67        74.25       -49.58       -51.81         2.23
           140    257        46.45        24.99        74.48       -49.49       -51.74         2.25
           141    826        46.46        24.99        74.46       -49.47       -51.71         2.25
           142    743        46.70        25.24        74.47       -49.24       -51.48         2.25
           143   1353        46.72        25.25        74.47       -49.22       -51.46         2.24
           144    793        45.81        24.34        74.53       -50.19       -52.35         2.16
           145   1071        46.55        25.09        75.03       -49.94       -52.16         2.21
           146    572        45.84        24.37        74.53       -50.16       -52.31         2.14
           147   1114        46.12        24.66        74.63       -49.97       -52.19         2.22
           148   1594        46.64        25.18        74.52       -49.34       -51.57         2.23
           149   1117        46.68        25.22        74.52       -49.29       -51.56         2.27
           150    752        46.73        25.27        75.22       -49.96       -52.19         2.24
           151    438        46.76        25.30        74.61       -49.31       -51.56         2.25
           152    252        46.76        25.30        74.59       -49.29       -51.54         2.25
           153     77        46.77        25.31        74.59       -49.28       -51.54         2.25
           154   1568        46.98        25.52        74.71       -49.19       -51.48         2.29
          ------------------------------------------------------------------------------------------

          ----------------------------------------
          Gas Phase Internal Potential Energy: U
          ----------------------------------------

          ------------------------------------------------------------------------------------------
          Rank    ID         U         Valence     Coulomb        VdW         VdW6        VdW12
          ------------------------------------------------------------------------------------------
             1   1411        70.36         1.71        68.48         0.16        -5.27         5.43
             2   1192        70.75         1.99        68.32         0.43        -5.97         6.40
             3     37        70.75         1.99        68.32         0.43        -5.97         6.40
             4   1284        71.14         1.83        69.10         0.21        -5.85         6.05
             5    484        71.14         1.84        69.10         0.21        -5.85         6.05
             6   1273        71.14         2.02        68.93         0.19        -5.90         6.09
             7    934        71.14         2.02        68.93         0.19        -5.90         6.09
             8   1544        71.48         2.08        69.00         0.40        -6.75         7.15
             9   1256        71.04         2.22        68.52         0.30        -5.88         6.18
            10    760        71.04         2.22        68.52         0.30        -5.88         6.18
            11   1096        71.51         2.29        68.78         0.44        -6.61         7.05
            12    813        71.51         2.29        68.78         0.44        -6.61         7.05
            13    975        71.35         2.26        68.81         0.28        -5.92         6.20
            14    489        71.35         2.26        68.81         0.28        -5.92         6.20
            15   1280        71.63         2.31        68.82         0.49        -6.57         7.06
            16    273        71.63         2.31        68.82         0.49        -6.57         7.06
            17    728        71.43         2.50        68.36         0.56        -6.59         7.15
            18   1074        71.42         2.50        68.36         0.56        -6.59         7.15
            19    532        71.42         2.50        68.36         0.56        -6.59         7.15
            20   1075        71.43         2.50        68.36         0.56        -6.59         7.15
            21   1290        71.71         2.54        68.63         0.53        -6.65         7.18
            22   1360        71.72         2.54        68.64         0.54        -6.63         7.17
            23    441        71.72         2.54        68.64         0.54        -6.63         7.17
            24   1085        71.71         2.54        68.63         0.54        -6.65         7.18
            25   1183        71.97         2.34        69.30         0.33        -6.49         6.81
            26   1119        71.83         2.34        69.16         0.33        -6.48         6.81
            27    200        71.73         2.51        68.93         0.30        -6.53         6.83
            28    834        71.97         2.34        69.30         0.33        -6.49         6.81
            29    249        71.83         2.34        69.16         0.33        -6.48         6.81
            30    778        71.99         2.38        69.31         0.30        -6.51         6.81
            31    783        71.73         2.51        68.93         0.30        -6.53         6.83
            32    835        71.90         2.13        69.69         0.09        -6.77         6.86
            33   1326        72.04         2.48        69.41         0.14        -6.88         7.03
            34    806        71.90         2.13        69.69         0.09        -6.77         6.86
            35    443        71.99         2.38        69.31         0.30        -6.51         6.81
            36    276        71.90         2.41        69.13         0.36        -6.46         6.82
            37    859        72.04         2.48        69.41         0.14        -6.88         7.02
            38   1517        71.81         2.57        68.88         0.36        -6.47         6.83
            39   1335        71.81         2.57        68.88         0.36        -6.47         6.83
            40    268        72.30         2.59        69.20         0.51        -7.41         7.92
            41    421        71.90         2.41        69.13         0.36        -6.46         6.82
            42    843        72.28         2.62        69.20         0.47        -7.47         7.93
            43   1362        72.18         2.59        69.07         0.52        -7.38         7.90
            44   1291        72.30         2.59        69.20         0.51        -7.41         7.92
            45    491        72.28         2.62        69.20         0.47        -7.47         7.93
            46    202        71.87         2.68        68.93         0.26        -6.83         7.09
            47    767        72.11         2.78        68.78         0.55        -7.24         7.79
            48   1385        71.87         2.68        68.93         0.26        -6.83         7.09
            49   1223        72.24         2.66        69.02         0.56        -7.36         7.91
            50    784        72.35         2.74        69.27         0.34        -7.70         8.04
            51    283        72.35         2.74        69.27         0.34        -7.70         8.04
            52    733        72.37         2.39        69.69         0.30        -7.60         7.90
            53   1551        72.11         2.78        68.78         0.55        -7.24         7.79
            54   1479        72.24         2.66        69.02         0.56        -7.36         7.91
            55    814        72.37         2.39        69.69         0.30        -7.60         7.90
            56   1607        72.18         2.84        68.73         0.61        -7.18         7.80
            57   1038        72.22         2.80        68.81         0.60        -7.20         7.80
            58   1083        72.22         2.80        68.81         0.60        -7.20         7.80
            59   1020        72.18         2.84        68.73         0.61        -7.18         7.80
            60   1536        72.22         2.96        68.76         0.50        -7.59         8.09
            61    957        72.26         2.96        68.78         0.51        -7.55         8.07
            62   1467        72.22         2.96        68.76         0.50        -7.59         8.09
            63   1532        72.55         2.78        69.32         0.45        -7.54         7.99
            64    862        72.55         2.78        69.32         0.45        -7.54         7.99
            65    853        72.26         2.96        68.78         0.51        -7.55         8.07
            66    570        72.30         2.87        68.76         0.66        -7.14         7.81
            67    542        72.30         2.87        68.76         0.66        -7.14         7.81
            68   1324        72.45         2.91        69.43         0.11        -7.77         7.88
            69    108        72.45         2.61        69.81         0.03        -7.73         7.76
            70   1095        72.39         2.83        69.22         0.34        -7.38         7.72
            71    204        72.45         2.61        69.81         0.03        -7.73         7.76
            72   1178        72.45         2.91        69.43         0.11        -7.77         7.88
            73    996        72.39         2.83        69.22         0.34        -7.38         7.72
            74   1181        72.58         2.68        69.62         0.28        -7.33         7.61
            75    797        72.76         3.17        69.30         0.29        -8.62         8.91
            76   1436        72.58         2.68        69.62         0.28        -7.33         7.61
            77    475        72.93         3.01        69.58         0.34        -8.61         8.94
            78    955        72.76         3.17        69.30         0.29        -8.62         8.91
            79    414        72.65         2.61        69.87         0.17        -7.46         7.63
            80    844        72.71         2.79        69.68         0.24        -7.47         7.71
            81    158        72.65         2.61        69.87         0.17        -7.46         7.63
            82   1342        72.99         3.86        68.74         0.40        -6.84         7.24
            83   1237        72.71         2.79        69.68         0.24        -7.47         7.71
            84    535        72.74         3.08        69.13         0.53        -8.28         8.81
            85   1577        72.74         3.08        69.13         0.53        -8.28         8.81
            86    558        72.94         2.86        69.81         0.26        -8.51         8.77
            87   1077        72.94         2.86        69.81         0.26        -8.51         8.77
            88    960        73.04         2.94        69.63         0.48        -8.18         8.66
            89    690        73.04         2.94        69.63         0.48        -8.18         8.66
            90   1320        72.88         3.73        68.87         0.28        -6.95         7.22
            91    222        72.96         3.20        69.35         0.41        -8.43         8.85
            92    508        72.96         3.20        69.35         0.41        -8.43         8.85
            93    260        73.12         2.87        69.89         0.37        -8.31         8.68
            94    764        73.88         4.36        69.05         0.48        -7.51         7.99
            95   1317        73.88         4.36        69.05         0.48        -7.51         7.99
            96    188        72.85         3.04        69.79         0.03        -8.58         8.60
            97   1113        72.85         3.04        69.79         0.03        -8.58         8.60
            98    818        73.34         3.29        69.80         0.25        -9.37         9.62
            99    266        73.67         4.36        68.78         0.52        -7.47         7.99
           100    207        73.34         3.29        69.80         0.25        -9.37         9.62
           101   1582        73.51         4.05        69.54        -0.07        -8.21         8.14
           102   1528        73.57         4.23        68.95         0.38        -7.61         7.99
           103   1060        73.68         4.24        69.06         0.38        -7.63         8.01
           104   1302        74.36         3.85        70.38         0.13        -7.96         8.08
           105    549        73.76         4.42        68.89         0.45        -7.49         7.94
           106     76        73.89         4.11        69.67         0.11        -7.00         7.11
           107   1478        73.84         4.49        68.80         0.55        -7.48         8.03
           108   1276        73.76         4.42        68.89         0.45        -7.49         7.94
           109   1477        73.84         4.49        68.80         0.55        -7.48         8.03
           110   1327        73.91         4.25        69.49         0.17        -6.83         7.00
           111    755        74.43         3.64        70.62         0.17        -7.76         7.93
           112   1620        74.23         4.38        69.55         0.30        -7.81         8.11
           113    543        73.98         3.35        70.65        -0.02        -6.98         6.96
           114    569        74.31         4.51        69.36         0.43        -7.51         7.94
           115   1226        74.31         4.51        69.36         0.43        -7.51         7.94
           116    563        74.23         4.38        69.55         0.30        -7.81         8.11
           117    952        73.98         3.35        70.65        -0.02        -6.98         6.96
           118    795        74.18         4.52        69.76        -0.11        -9.14         9.03
           119    261        74.11         4.50        69.63        -0.03        -8.97         8.95
           120   1591        74.18         4.52        69.76        -0.11        -9.14         9.03
           121    766        74.47         4.60        69.38         0.49        -7.47         7.96
           122    221        74.34         4.64        69.39         0.31        -8.57         8.89
           123    961        74.19         4.60        69.49         0.10        -8.80         8.91
           124    509        74.19         4.60        69.49         0.10        -8.80         8.91
           125    554        74.47         4.43        69.61         0.43        -7.65         8.08
           126   1339        74.07         4.69        69.11         0.27        -6.81         7.07
           127   1306        74.47         4.43        69.61         0.43        -7.65         8.08
           128    730        74.13         4.71        69.14         0.28        -6.80         7.08
           129   1076        74.31         4.91        68.87         0.53        -8.39         8.92
           130    700        74.07         4.69        69.11         0.27        -6.81         7.08
           131   1346        74.13         4.71        69.14         0.28        -6.80         7.08
           132   1358        74.34         4.64        69.39         0.31        -8.57         8.89
           133   1491        74.58         4.29        70.23         0.06        -7.67         7.74
           134   1619        74.58         4.29        70.23         0.06        -7.67         7.74
           135    816        74.90         4.08        70.54         0.27        -8.42         8.69
           136   1007        74.40         4.96        68.94         0.49        -7.59         8.08
           137   1632        74.25         4.61        69.76        -0.12        -8.15         8.04
           138    832        74.46         4.97        68.96         0.53        -7.53         8.05
           139    848        74.25         4.61        69.76        -0.12        -8.15         8.04
           140    257        74.48         4.98        68.97         0.53        -7.55         8.08
           141    826        74.46         4.97        68.96         0.53        -7.53         8.05
           142    743        74.47         3.79        70.59         0.09        -7.60         7.70
           143   1353        74.47         3.79        70.59         0.09        -7.60         7.70
           144    793        74.53         4.95        69.62        -0.03        -9.81         9.78
           145   1071        75.03         4.54        70.17         0.32        -8.48         8.81
           146    572        74.53         4.95        69.62        -0.03        -9.81         9.78
           147   1114        74.63         4.88        69.65         0.10        -8.91         9.01
           148   1594        74.52         4.84        69.33         0.34        -7.37         7.71
           149   1117        74.52         4.84        69.33         0.34        -7.37         7.71
           150    752        75.22         4.59        70.31         0.32        -8.48         8.79
           151    438        74.61         4.82        69.47         0.32        -7.37         7.69
           152    252        74.59         4.89        69.33         0.38        -7.33         7.71
           153     77        74.59         4.89        69.33         0.38        -7.33         7.71
           154   1568        74.71         4.00        70.54         0.17        -7.48         7.65
          ------------------------------------------------------------------------------------------

          -------------------------------
          Bonded Energy Terms: Valence
          -------------------------------

          ------------------------------------------------------------------------------------------
          Rank    ID     Valence       Bond        Angle         Pdih         Idih       Tether
          ------------------------------------------------------------------------------------------
             1   1411         1.71         0.13         0.35         1.24         0.00         0.00
             2   1192         1.99         0.16         0.47         1.36         0.00         0.00
             3     37         1.99         0.16         0.47         1.36         0.00         0.00
             4   1284         1.83         0.14         0.41         1.28         0.00         0.00
             5    484         1.84         0.14         0.41         1.28         0.00         0.00
             6   1273         2.02         0.15         0.48         1.39         0.00         0.00
             7    934         2.02         0.15         0.48         1.39         0.00         0.00
             8   1544         2.08         0.18         0.58         1.32         0.00         0.00
             9   1256         2.22         0.16         0.60         1.47         0.00         0.00
            10    760         2.22         0.16         0.60         1.47         0.00         0.00
            11   1096         2.29         0.18         0.59         1.52         0.00         0.00
            12    813         2.29         0.18         0.59         1.52         0.00         0.00
            13    975         2.26         0.16         0.62         1.47         0.00         0.00
            14    489         2.26         0.16         0.62         1.48         0.00         0.00
            15   1280         2.31         0.19         0.61         1.52         0.00         0.00
            16    273         2.31         0.19         0.61         1.52         0.00         0.00
            17    728         2.50         0.20         0.72         1.59         0.00         0.00
            18   1074         2.50         0.20         0.72         1.59         0.00         0.00
            19    532         2.50         0.20         0.72         1.59         0.00         0.00
            20   1075         2.50         0.20         0.72         1.59         0.00         0.00
            21   1290         2.54         0.20         0.74         1.60         0.00         0.00
            22   1360         2.54         0.20         0.75         1.59         0.00         0.00
            23    441         2.54         0.20         0.74         1.59         0.00         0.00
            24   1085         2.54         0.20         0.74         1.60         0.00         0.00
            25   1183         2.34         0.18         0.65         1.51         0.00         0.00
            26   1119         2.34         0.18         0.66         1.51         0.00         0.00
            27    200         2.51         0.18         0.69         1.63         0.00         0.00
            28    834         2.34         0.18         0.65         1.51         0.00         0.00
            29    249         2.34         0.18         0.66         1.51         0.00         0.00
            30    778         2.38         0.18         0.66         1.53         0.00         0.00
            31    783         2.51         0.18         0.69         1.63         0.00         0.00
            32    835         2.13         0.17         0.62         1.34         0.00         0.00
            33   1326         2.48         0.19         0.85         1.43         0.00         0.00
            34    806         2.13         0.17         0.62         1.34         0.00         0.00
            35    443         2.38         0.18         0.66         1.53         0.00         0.00
            36    276         2.41         0.19         0.71         1.51         0.00         0.00
            37    859         2.48         0.19         0.85         1.43         0.00         0.00
            38   1517         2.57         0.19         0.75         1.63         0.00         0.00
            39   1335         2.57         0.19         0.75         1.63         0.00         0.00
            40    268         2.59         0.22         0.82         1.55         0.00         0.00
            41    421         2.41         0.19         0.71         1.51         0.00         0.00
            42    843         2.62         0.22         0.81         1.58         0.00         0.00
            43   1362         2.59         0.22         0.82         1.56         0.00         0.00
            44   1291         2.59         0.22         0.82         1.55         0.00         0.00
            45    491         2.62         0.22         0.81         1.58         0.00         0.00
            46    202         2.68         0.21         1.00         1.47         0.00         0.00
            47    767         2.78         0.22         0.80         1.76         0.00         0.00
            48   1385         2.68         0.21         1.00         1.47         0.00         0.00
            49   1223         2.66         0.23         0.88         1.55         0.00         0.00
            50    784         2.74         0.23         0.95         1.56         0.00         0.00
            51    283         2.74         0.23         0.95         1.56         0.00         0.00
            52    733         2.39         0.21         0.75         1.42         0.00         0.00
            53   1551         2.78         0.22         0.80         1.76         0.00         0.00
            54   1479         2.66         0.23         0.88         1.55         0.00         0.00
            55    814         2.39         0.21         0.75         1.42         0.00         0.00
            56   1607         2.84         0.23         0.86         1.76         0.00         0.00
            57   1038         2.80         0.22         0.82         1.76         0.00         0.00
            58   1083         2.80         0.22         0.82         1.76         0.00         0.00
            59   1020         2.84         0.23         0.86         1.76         0.00         0.00
            60   1536         2.96         0.24         1.12         1.59         0.00         0.00
            61    957         2.96         0.24         1.12         1.59         0.00         0.00
            62   1467         2.96         0.24         1.12         1.59         0.00         0.00
            63   1532         2.78         0.23         0.99         1.55         0.00         0.00
            64    862         2.78         0.23         0.99         1.55         0.00         0.00
            65    853         2.96         0.24         1.12         1.59         0.00         0.00
            66    570         2.87         0.23         0.88         1.76         0.00         0.00
            67    542         2.87         0.23         0.88         1.76         0.00         0.00
            68   1324         2.91         0.23         1.17         1.51         0.00         0.00
            69    108         2.61         0.21         0.95         1.44         0.00         0.00
            70   1095         2.83         0.23         1.10         1.50         0.00         0.00
            71    204         2.61         0.21         0.95         1.44         0.00         0.00
            72   1178         2.91         0.23         1.17         1.51         0.00         0.00
            73    996         2.83         0.23         1.10         1.50         0.00         0.00
            74   1181         2.68         0.21         0.91         1.55         0.00         0.00
            75    797         3.17         0.27         1.27         1.63         0.00         0.00
            76   1436         2.68         0.21         0.91         1.55         0.00         0.00
            77    475         3.01         0.27         1.18         1.56         0.00         0.00
            78    955         3.17         0.27         1.27         1.63         0.00         0.00
            79    414         2.61         0.20         0.83         1.58         0.00         0.00
            80    844         2.79         0.22         1.03         1.54         0.00         0.00
            81    158         2.61         0.20         0.83         1.58         0.00         0.00
            82   1342         3.86         0.20         0.97         2.69         0.00         0.00
            83   1237         2.79         0.22         1.03         1.54         0.00         0.00
            84    535         3.08         0.27         1.28         1.53         0.00         0.00
            85   1577         3.08         0.27         1.28         1.53         0.00         0.00
            86    558         2.86         0.25         1.08         1.53         0.00         0.00
            87   1077         2.86         0.25         1.08         1.53         0.00         0.00
            88    960         2.94         0.25         1.04         1.65         0.00         0.00
            89    690         2.94         0.25         1.04         1.65         0.00         0.00
            90   1320         3.73         0.19         0.83         2.71         0.00         0.00
            91    222         3.20         0.27         1.31         1.63         0.00         0.00
            92    508         3.20         0.27         1.31         1.63         0.00         0.00
            93    260         2.87         0.25         0.96         1.66         0.00         0.00
            94    764         4.36         0.24         1.27         2.85         0.00         0.00
            95   1317         4.36         0.24         1.27         2.85         0.00         0.00
            96    188         3.04         0.25         1.27         1.51         0.00         0.00
            97   1113         3.04         0.25         1.27         1.51         0.00         0.00
            98    818         3.29         0.29         1.40         1.60         0.00         0.00
            99    266         4.36         0.23         1.23         2.90         0.00         0.00
           100    207         3.29         0.29         1.40         1.60         0.00         0.00
           101   1582         4.05         0.21         1.19         2.65         0.00         0.00
           102   1528         4.23         0.22         1.07         2.94         0.00         0.00
           103   1060         4.24         0.22         1.07         2.94         0.00         0.00
           104   1302         3.85         0.23         1.28         2.34         0.00         0.00
           105    549         4.42         0.23         1.15         3.04         0.00         0.00
           106     76         4.11         0.20         1.12         2.79         0.00         0.00
           107   1478         4.49         0.24         1.17         3.08         0.00         0.00
           108   1276         4.42         0.23         1.15         3.05         0.00         0.00
           109   1477         4.49         0.24         1.18         3.08         0.00         0.00
           110   1327         4.25         0.21         1.08         2.96         0.00         0.00
           111    755         3.64         0.22         1.18         2.24         0.00         0.00
           112   1620         4.38         0.23         1.22         2.93         0.00         0.00
           113    543         3.35         0.18         0.94         2.24         0.00         0.00
           114    569         4.51         0.24         1.21         3.07         0.00         0.00
           115   1226         4.51         0.24         1.21         3.07         0.00         0.00
           116    563         4.38         0.23         1.22         2.92         0.00         0.00
           117    952         3.35         0.18         0.94         2.24         0.00         0.00
           118    795         4.52         0.25         1.40         2.87         0.00         0.00
           119    261         4.50         0.26         1.56         2.68         0.00         0.00
           120   1591         4.52         0.25         1.40         2.87         0.00         0.00
           121    766         4.60         0.24         1.20         3.16         0.00         0.00
           122    221         4.64         0.27         1.43         2.95         0.00         0.00
           123    961         4.60         0.26         1.46         2.88         0.00         0.00
           124    509         4.60         0.26         1.46         2.88         0.00         0.00
           125    554         4.43         0.24         1.21         2.98         0.00         0.00
           126   1339         4.69         0.21         1.13         3.34         0.00         0.00
           127   1306         4.43         0.24         1.21         2.98         0.00         0.00
           128    730         4.71         0.21         1.17         3.33         0.00         0.00
           129   1076         4.91         0.28         1.57         3.06         0.00         0.00
           130    700         4.69         0.21         1.13         3.35         0.00         0.00
           131   1346         4.71         0.21         1.17         3.33         0.00         0.00
           132   1358         4.64         0.27         1.43         2.95         0.00         0.00
           133   1491         4.29         0.23         1.38         2.69         0.00         0.00
           134   1619         4.29         0.23         1.38         2.69         0.00         0.00
           135    816         4.08         0.26         1.37         2.46         0.00         0.00
           136   1007         4.96         0.25         1.24         3.47         0.00         0.00
           137   1632         4.61         0.24         1.67         2.70         0.00         0.00
           138    832         4.97         0.25         1.26         3.46         0.00         0.00
           139    848         4.61         0.24         1.67         2.70         0.00         0.00
           140    257         4.98         0.25         1.29         3.44         0.00         0.00
           141    826         4.97         0.25         1.26         3.46         0.00         0.00
           142    743         3.79         0.21         1.12         2.46         0.00         0.00
           143   1353         3.79         0.21         1.12         2.46         0.00         0.00
           144    793         4.95         0.30         1.88         2.77         0.00         0.00
           145   1071         4.54         0.27         1.46         2.81         0.00         0.00
           146    572         4.95         0.30         1.88         2.77         0.00         0.00
           147   1114         4.88         0.27         1.76         2.85         0.00         0.00
           148   1594         4.84         0.23         1.15         3.46         0.00         0.00
           149   1117         4.84         0.23         1.15         3.46         0.00         0.00
           150    752         4.59         0.28         1.61         2.70         0.00         0.00
           151    438         4.82         0.23         1.21         3.39         0.00         0.00
           152    252         4.89         0.23         1.25         3.40         0.00         0.00
           153     77         4.89         0.23         1.25         3.40         0.00         0.00
           154   1568         4.00         0.22         1.25         2.53         0.00         0.00
          ------------------------------------------------------------------------------------------

          Calculating single reference conformer RMSDs ...

          ---------------------------------
          Conformer RMSDs are in Angstroms.
          ---------------------------------

          ------------------------------------------------------------------------------------------
                              RMSD wrt Input Crd                    RMSD wrt Rank 1
                         ---------------------------------------------------------------------------
          Rank    ID        Complex    Receptor  Ligand          Complex    Receptor  Ligand
          ------------------------------------------------------------------------------------------
             1   1411                             0.020                               0.000
             2   1192                             1.721                               1.803
             3     37                             0.794                               0.775
             4   1284                             0.656                               0.681
             5    484                             0.657                               0.681
             6   1273                             1.952                               2.093
             7    934                             1.387                               1.568
             8   1544                             1.378                               1.291
             9   1256                             0.674                               0.692
            10    760                             0.674                               0.692
            11   1096                             1.224                               1.232
            12    813                             1.858                               1.866
            13    975                             1.431                               1.387
            14    489                             1.000                               0.998
            15   1280                             0.715                               0.854
            16    273                             0.938                               0.854
            17    728                             1.099                               1.037
            18   1074                             0.912                               1.071
            19    532                             1.537                               0.905
            20   1075                             1.207                               1.142
            21   1290                             1.630                               1.692
            22   1360                             1.349                               1.285
            23    441                             0.993                               0.980
            24   1085                             1.787                               1.802
            25   1183                             1.799                               1.808
            26   1119                             0.952                               0.964
            27    200                             1.228                               1.234
            28    834                             1.860                               1.521
            29    249                             0.952                               0.964
            30    778                             1.027                               1.918
            31    783                             1.049                               1.063
            32    835                             1.792                               2.198
            33   1326                             1.683                               1.751
            34    806                             1.819                               1.712
            35    443                             1.447                               1.727
            36    276                             1.260                               1.293
            37    859                             1.745                               2.432
            38   1517                             0.691                               0.705
            39   1335                             0.691                               0.924
            40    268                             1.622                               1.875
            41    421                             1.325                               1.292
            42    843                             1.766                               1.769
            43   1362                             1.330                               1.449
            44   1291                             1.578                               1.634
            45    491                             1.767                               1.777
            46    202                             1.319                               1.232
            47    767                             1.435                               1.579
            48   1385                             1.259                               1.195
            49   1223                             0.958                               0.948
            50    784                             2.235                               2.174
            51    283                             2.295                               2.239
            52    733                             1.616                               1.718
            53   1551                             1.357                               1.539
            54   1479                             0.959                               0.948
            55    814                             1.303                               1.311
            56   1607                             1.082                               1.350
            57   1038                             0.920                               1.038
            58   1083                             1.141                               1.038
            59   1020                             1.534                               1.526
            60   1536                             1.987                               1.982
            61    957                             1.769                               1.712
            62   1467                             2.052                               1.958
            63   1532                             1.229                               1.210
            64    862                             1.498                               1.468
            65    853                             1.796                               1.757
            66    570                             0.932                               0.939
            67    542                             1.067                               1.072
            68   1324                             1.728                               1.769
            69    108                             2.123                               2.130
            70   1095                             1.214                               1.246
            71    204                             2.185                               2.107
            72   1178                             1.833                               1.907
            73    996                             1.424                               1.411
            74   1181                             1.242                               1.255
            75    797                             2.208                               2.087
            76   1436                             1.129                               1.146
            77    475                             1.955                               2.074
            78    955                             2.139                               2.214
            79    414                             1.995                               2.219
            80    844                             1.614                               1.829
            81    158                             2.097                               2.124
            82   1342                             1.069                               1.076
            83   1237                             1.703                               1.818
            84    535                             1.586                               1.538
            85   1577                             1.492                               1.512
            86    558                             1.832                               1.859
            87   1077                             1.918                               1.903
            88    960                             1.402                               1.522
            89    690                             1.641                               1.557
            90   1320                             0.968                               0.982
            91    222                             1.555                               1.483
            92    508                             2.030                               2.031
            93    260                             1.667                               1.680
            94    764                             1.629                               1.557
            95   1317                             1.749                               1.807
            96    188                             1.882                               1.924
            97   1113                             1.748                               1.819
            98    818                             1.879                               1.978
            99    266                             1.336                               1.346
           100    207                             2.037                               2.020
           101   1582                             2.355                               2.352
           102   1528                             1.655                               1.657
           103   1060                             2.000                               2.010
           104   1302                             2.161                               2.202
           105    549                             1.488                               1.540
           106     76                             2.004                               2.026
           107   1478                             1.647                               1.603
           108   1276                             1.550                               1.610
           109   1477                             1.714                               1.712
           110   1327                             1.914                               2.026
           111    755                             2.563                               2.371
           112   1620                             2.284                               2.095
           113    543                             1.960                               2.074
           114    569                             2.574                               2.099
           115   1226                             1.798                               2.121
           116    563                             2.421                               2.175
           117    952                             2.109                               1.916
           118    795                             2.190                               2.128
           119    261                             2.463                               2.236
           120   1591                             2.165                               2.185
           121    766                             1.757                               1.555
           122    221                             1.811                               2.024
           123    961                             1.868                               1.891
           124    509                             1.952                               1.886
           125    554                             1.791                               1.778
           126   1339                             1.180                               1.322
           127   1306                             1.593                               1.647
           128    730                             1.057                               1.051
           129   1076                             2.110                               2.123
           130    700                             1.295                               1.197
           131   1346                             1.156                               1.051
           132   1358                             1.846                               1.999
           133   1491                             2.317                               2.366
           134   1619                             2.274                               2.282
           135    816                             1.801                               1.861
           136   1007                             1.874                               1.811
           137   1632                             2.108                               2.161
           138    832                             1.706                               1.556
           139    848                             1.914                               1.895
           140    257                             1.682                               1.579
           141    826                             1.798                               1.592
           142    743                             1.827                               2.174
           143   1353                             1.770                               2.118
           144    793                             2.322                               2.318
           145   1071                             1.741                               1.913
           146    572                             2.147                               2.230
           147   1114                             2.443                               2.412
           148   1594                             1.683                               1.676
           149   1117                             1.353                               1.484
           150    752                             2.194                               2.006
           151    438                             1.414                               1.381
           152    252                             1.312                               1.334
           153     77                             1.855                               1.828
           154   1568                             1.846                               1.933
          ------------------------------------------------------------------------------------------

          --------------------------------
          Final Boltzmann Averaged Data.
          --------------------------------

          -------------------------------------------------------------------
          Results of Boltzmann Averaging Over All  208 Conformers (kcal/mol).
          -------------------------------------------------------------------

          Free Energy                        G              73.8736485572
          Average Potential Energy         < E >            44.0115545501
          Entropy                           -TS             29.8620940072
          -------------------------------------------------------------------

          Average Potential Energy < E > Components.

          < U >                    71.6465541667
          < W(PBSA) >             -49.0967862340
          < H.O. P.E. >            21.4618296448

          Average Solvation Energy < W(PBSA) > Components.

          < PB >                  -51.3950378164
          < SA >                    2.2982515824

          Average Gas Phase Internal Potential Energy < U > Components.

          < Valence >               2.3869314346
          < Coulomb >              68.9030612142
          < VdW >                   0.3565615180

          Average Van der Waals Energy < VdW > Components.

          < VdW6  >                -6.5754664783
          < VdW12 >                 6.9320279962

          Average Bonded Energy < Valence > Components.

          < Bond >                  0.1857728235
          < Angle >                 0.6874397329
          < Pdihed >                1.5137188782
          < Idihed >                0.0000000000
          < Tether >                0.0000000000

          -------------------------------------------------------------------
                        End of VM2 Calculation Results Summary.
          -------------------------------------------------------------------


     Total cpu time for run         43.75 seconds.
                                     0.73 minutes.

     Total wall time for run        43.97 seconds.
                                     0.73 minutes.

     TIME STAMP: VCPack job finished normally : Saturday, August 06, 2022 at 17:11:14
