
     --------------------------------------------------------------------------------
                        Running Program VCPack. Version 2.8

                           VeraChem LLC, PO Box 2206
                           Germantown, MD 20875, U.S.A.

                                Tel. 240-686-0565
                                www.verachem.com
     --------------------------------------------------------------------------------


     Input file          :   guest-5_vm2.inp

     Output file         :   guest-5_vm2.out

     Summary output file :   guest-5_vm2.summary.out

     Executable : /data/comblab/vcCompChem_3b/exe/VC_CompChemPackage_mpi.exe

     Build date : Aug 13 2021  17:26:14

     This is a multiple processor run.

     MPI processes              :   16
     OpenMP threads per process :    0
     CUDA enabled               :  no

     TIME STAMP: VCPack job started : Sunday, August 07, 2022 at 15:48:31

     --------------------------------------------------------------------------------
                            Basic Calculation Control.
     --------------------------------------------------------------------------------

     Molecular system type                :  ligand          

     Calculation type                     :  vm2             

     Energy potential                     :  mm              

     Post-processing type                 :  none            

     Post-processing energy potential     :  none            

     Time limit in wall clock hours       :  96.00

     Read in starting conformers          :  no
     Type of conformers to read in        :  none
     Conformer source files(s)            :  none

     Use input .crd for complex build     :  no
     Place ligand confs. at input .crd    :  no
     Use input .crd as start conformer    :  yes

     Formatted output files               :  xyz     
                                          :  pdb     
                                          :  mol2    
                                          :  sdf     
                                          :  xyz     
                                          :  gms     
                                          :  csv     

     Split formatted output files         :  crd     

     Limit conformers in formatted files  :  bycount
     Maximum conformer count              :  1000

     Atoms to include in formatted files  :  all     

     Binary file restart type             :  none


     --------------------------------------------------------------------------------
                            Math Related Control and Set Up.
     --------------------------------------------------------------------------------

     Random number generator seeds :  bywallclock

     Seed 1 :           2232072
     Seed 2 :            431033
     Seed 3 :              3038
     Seed 4 :             19306


     --------------------------------------------------------------------------------
                            Basic Molecular System Set Up.
     --------------------------------------------------------------------------------

     ------------------
     Ligand Data Files.
     ------------------

     Standard crd coordinate file            :  guest-5.crd
     VeraChem topology file                  :  guest-5.top
     Standard mol/sdf file                   :  guest-5.mol

     Total number of ligand atoms            :        22

     Included in this calculation.
     Number of real and live ligand atoms    :        22
     Number of real but fixed ligand atoms   :         0

     Ligand placement method                 :  none

     Snap ligand to template atoms           :      no

     -------------------------------
     Final Real/Live Set Atom Count.
     -------------------------------

     Total number of real atoms              :        22
     Total number of live atoms              :        22


     --------------------------------------------------------------------------------
                            Generate Initial Molecular Conformation.
     --------------------------------------------------------------------------------

     Mandatory input crd file(s) used for generation of a single starting conformer.


     --------------------------------------------------------------------------------
                             Energy Potential Settings.
     --------------------------------------------------------------------------------


     Molecular Mechanics package          :  vchem           

     Quantum Mechanics package            :  none            


     --------------------------------------------------------------------------------
                    Running VM2 Mining Minima Module. Version 2.8
     --------------------------------------------------------------------------------

     Iteration    Free Energy G             G Diff            # Conformers     # Diff
        1            46.321279              46.321279              22              22
        2            45.969103              -0.352175              39              17
        3            45.930471              -0.038632              43               4
        4            45.902675              -0.027796              44               1
        5            45.902675              -0.000000              44               0
        6            45.902149              -0.000526              45               1

     VM2 Free Energy converged after    6 iterations.

     Final VM2 Free Energy is      45.902149 Kcal/mol.

          --------------------------------
          Final Individual Conformer Data.
          --------------------------------

          List data for conformers with probability of at least :  0.01 %
          Rankings are with respect to : Free Energy (G)

          ------------------------
          Free Energy: G = E - TS
          ------------------------

          ------------------------------------------------------------------------------------------
          Rank    ID     ln(Zx)    Prob(%)  Sum Prob(%)  Del G        G            E            -TS
          ------------------------------------------------------------------------------------------
             1    787   -121.17408    8.29     8.29      0.00        47.39        20.72        26.67
             2    428   -121.31312    7.21    15.50      0.08        47.47        20.46        27.01
             3    451   -121.36041    6.88    22.38      0.11        47.50        20.48        27.01
             4    501   -121.57809    5.53    27.91      0.24        47.63        20.97        26.66
             5     94   -121.62151    5.30    33.21      0.27        47.65        21.00        26.66
             6    810   -121.63625    5.22    38.43      0.28        47.66        21.00        26.66
             7    530   -121.66545    5.07    43.50      0.29        47.68        21.02        26.66
             8    756   -121.68149    4.99    48.49      0.30        47.69        21.02        26.67
             9    536   -121.75816    4.62    53.12      0.35        47.73        21.11        26.63
            10    552   -121.77465    4.55    57.66      0.36        47.74        21.10        26.65
            11    788   -121.81026    4.39    62.05      0.38        47.77        21.13        26.63
            12    457   -121.83833    4.27    66.31      0.40        47.78        21.07        26.72
            13    802   -121.84736    4.23    70.54      0.40        47.79        21.14        26.65
            14    757   -121.90185    4.00    74.55      0.43        47.82        21.17        26.65
            15    471   -121.93163    3.89    78.43      0.45        47.84        21.16        26.68
            16    496   -121.94058    3.85    82.28      0.46        47.84        21.16        26.68
            17    223   -122.13217    3.18    85.46      0.57        47.96        21.39        26.57
            18      5   -122.17544    3.04    88.51      0.60        47.98        21.43        26.56
            19    185   -122.21371    2.93    91.44      0.62        48.01        21.44        26.57
            20    805   -122.50337    2.19    93.63      0.79        48.18        21.16        27.02
            21    158   -122.60229    1.99    95.62      0.85        48.24        21.22        27.02
            22    495   -123.37523    0.92    96.54      1.31        48.70        22.00        26.70
            23    261   -123.41216    0.88    97.42      1.33        48.72        22.02        26.70
            24    762   -124.17826    0.41    97.83      1.79        49.18        22.51        26.67
            25    130   -124.22785    0.39    98.22      1.82        49.21        22.53        26.67
            26    461   -124.33089    0.35    98.57      1.88        49.27        22.63        26.64
            27    186   -124.38379    0.33    98.91      1.91        49.30        22.66        26.64
            28    499   -124.90745    0.20    99.11      2.23        49.61        22.88        26.74
            29    377   -124.98892    0.18    99.29      2.27        49.66        22.93        26.74
            30    144   -125.12225    0.16    99.45      2.35        49.74        23.11        26.63
            31    107   -125.16046    0.15    99.60      2.38        49.76        23.14        26.63
            32    823   -125.89655    0.07    99.68      2.82        50.20        23.58        26.63
            33    283   -125.91655    0.07    99.75      2.83        50.21        23.59        26.63
            34    241   -125.92567    0.07    99.82      2.83        50.22        23.59        26.63
            35     71   -126.87075    0.03    99.85      3.40        50.78        24.51        26.27
            36    732   -126.87412    0.03    99.88      3.40        50.78        24.52        26.27
            37    373   -127.17298    0.02    99.90      3.58        50.96        24.15        26.82
            38    588   -127.26169    0.02    99.92      3.63        51.02        24.17        26.85
            39    169   -127.30151    0.02    99.93      3.65        51.04        24.23        26.81
            40    735   -127.30416    0.02    99.95      3.65        51.04        24.19        26.85
            41    205   -127.41843    0.02    99.97      3.72        51.11        24.31        26.80
            42    752   -127.43492    0.02    99.98      3.73        51.12        24.30        26.82
            43    115   -127.59627    0.01   100.00      3.83        51.22        24.42        26.80
          ------------------------------------------------------------------------------------------

          --------------------------------------------------------
          Potential Energy: E = (U+W) + H.O. Equipartion energy
          --------------------------------------------------------

          ------------------------------------------------------------------------------------------
          Rank    ID         E          U+W            U        W(PBSA)          PB           SA
          ------------------------------------------------------------------------------------------
             1    787        20.72         2.83         4.53        -1.70        -3.70         2.00
             2    428        20.46         2.57         3.92        -1.35        -3.34         1.99
             3    451        20.48         2.60         3.92        -1.32        -3.30         1.98
             4    501        20.97         3.09         5.43        -2.35        -4.36         2.01
             5     94        21.00         3.11         5.43        -2.32        -4.35         2.03
             6    810        21.00         3.11         5.41        -2.30        -4.30         2.00
             7    530        21.02         3.13         5.41        -2.28        -4.30         2.02
             8    756        21.02         3.13         5.41        -2.27        -4.29         2.02
             9    536        21.11         3.22         5.23        -2.01        -4.02         2.01
            10    552        21.10         3.21         5.48        -2.27        -4.29         2.02
            11    788        21.13         3.25         5.34        -2.09        -4.10         2.01
            12    457        21.07         3.18         4.70        -1.52        -3.52         2.00
            13    802        21.14         3.25         5.65        -2.40        -4.41         2.01
            14    757        21.17         3.28         5.65        -2.37        -4.37         2.01
            15    471        21.16         3.27         5.68        -2.41        -4.42         2.01
            16    496        21.16         3.28         5.68        -2.40        -4.42         2.01
            17    223        21.39         3.50         5.86        -2.36        -4.37         2.00
            18      5        21.43         3.54         5.49        -1.95        -3.95         2.00
            19    185        21.44         3.55         5.85        -2.30        -4.30         2.00
            20    805        21.16         3.27         4.57        -1.30        -3.28         1.98
            21    158        21.22         3.33         4.57        -1.24        -3.23         1.99
            22    495        22.00         4.11         6.37        -2.26        -4.26         2.00
            23    261        22.02         4.13         6.37        -2.24        -4.25         2.01
            24    762        22.51         4.62         6.66        -2.04        -4.03         2.00
            25    130        22.53         4.65         6.66        -2.01        -4.00         1.99
            26    461        22.63         4.74         6.90        -2.15        -4.14         1.98
            27    186        22.66         4.77         6.90        -2.12        -4.12         2.00
            28    499        22.88         4.99         7.11        -2.12        -4.11         1.99
            29    377        22.93         5.04         7.11        -2.07        -4.07         2.00
            30    144        23.11         5.23         7.48        -2.25        -4.25         1.99
            31    107        23.14         5.25         7.48        -2.23        -4.22         1.99
            32    823        23.58         5.69         7.21        -1.52        -3.53         2.01
            33    283        23.59         5.70         7.21        -1.51        -3.50         1.99
            34    241        23.59         5.71         7.21        -1.50        -3.49         1.99
            35     71        24.51         6.63         8.89        -2.26        -4.26         2.00
            36    732        24.52         6.63         8.89        -2.26        -4.26         2.00
            37    373        24.15         6.26         8.57        -2.31        -4.34         2.02
            38    588        24.17         6.28         8.57        -2.29        -4.30         2.01
            39    169        24.23         6.34         8.61        -2.26        -4.27         2.01
            40    735        24.19         6.31         8.61        -2.30        -4.32         2.02
            41    205        24.31         6.42         8.78        -2.36        -4.37         2.02
            42    752        24.30         6.42         8.78        -2.36        -4.38         2.02
            43    115        24.42         6.53         8.92        -2.39        -4.39         2.00
          ------------------------------------------------------------------------------------------

          ----------------------------------------
          Gas Phase Internal Potential Energy: U
          ----------------------------------------

          ------------------------------------------------------------------------------------------
          Rank    ID         U         Valence     Coulomb        VdW         VdW6        VdW12
          ------------------------------------------------------------------------------------------
             1    787         4.53        12.22        -9.75         2.06        -9.20        11.26
             2    428         3.92        12.57       -10.58         1.93       -10.48        12.41
             3    451         3.92        12.57       -10.58         1.93       -10.48        12.41
             4    501         5.43        11.90        -8.72         2.25        -8.93        11.18
             5     94         5.43        11.90        -8.72         2.25        -8.93        11.18
             6    810         5.41        11.91        -8.73         2.24        -8.94        11.17
             7    530         5.41        11.91        -8.73         2.24        -8.94        11.17
             8    756         5.41        12.01        -8.86         2.26        -8.94        11.20
             9    536         5.23        12.27        -9.23         2.19        -8.95        11.14
            10    552         5.48        12.02        -8.79         2.25        -8.93        11.19
            11    788         5.34        12.39        -9.27         2.22        -8.97        11.18
            12    457         4.70        12.59       -10.00         2.11        -9.79        11.90
            13    802         5.65        11.81        -8.31         2.15        -9.14        11.29
            14    757         5.65        11.81        -8.31         2.15        -9.14        11.29
            15    471         5.68        11.81        -8.28         2.15        -9.11        11.26
            16    496         5.68        11.81        -8.28         2.15        -9.11        11.26
            17    223         5.86        12.33        -8.53         2.07        -8.87        10.93
            18      5         5.49        12.68        -9.22         2.03        -8.90        10.92
            19    185         5.85        12.33        -8.54         2.06        -8.87        10.93
            20    805         4.57        12.70       -10.36         2.23       -10.22        12.46
            21    158         4.57        12.70       -10.36         2.23       -10.22        12.46
            22    495         6.37        12.09        -8.06         2.34        -9.68        12.02
            23    261         6.37        12.09        -8.06         2.34        -9.68        12.02
            24    762         6.66        12.24        -7.55         1.97       -10.14        12.10
            25    130         6.66        12.24        -7.55         1.97       -10.14        12.10
            26    461         6.90        12.37        -7.75         2.28        -9.83        12.10
            27    186         6.90        12.37        -7.75         2.28        -9.83        12.10
            28    499         7.11        12.15        -6.96         1.93       -10.06        11.99
            29    377         7.11        12.15        -6.96         1.93       -10.06        11.99
            30    144         7.48        12.31        -7.08         2.26        -9.77        12.03
            31    107         7.48        12.31        -7.08         2.26        -9.77        12.03
            32    823         7.21        13.63        -9.92         3.49       -10.51        14.01
            33    283         7.21        13.63        -9.92         3.49       -10.51        14.01
            34    241         7.21        13.63        -9.92         3.49       -10.51        14.01
            35     71         8.89        13.21        -7.89         3.57       -10.25        13.83
            36    732         8.89        13.21        -7.89         3.57       -10.25        13.82
            37    373         8.57        13.35        -8.60         3.83        -9.68        13.51
            38    588         8.57        13.35        -8.60         3.83        -9.68        13.51
            39    169         8.61        13.31        -8.54         3.84        -9.69        13.53
            40    735         8.61        13.31        -8.55         3.84        -9.69        13.53
            41    205         8.78        13.33        -8.39         3.84        -9.74        13.58
            42    752         8.78        13.33        -8.39         3.84        -9.75        13.58
            43    115         8.92        13.46        -8.15         3.61        -9.94        13.55
          ------------------------------------------------------------------------------------------

          -------------------------------
          Bonded Energy Terms: Valence
          -------------------------------

          ------------------------------------------------------------------------------------------
          Rank    ID     Valence       Bond        Angle         Pdih         Idih       Tether
          ------------------------------------------------------------------------------------------
             1    787        12.22         0.22         2.75         9.25         0.00         0.00
             2    428        12.57         0.27         3.73         8.57         0.00         0.00
             3    451        12.57         0.27         3.73         8.57         0.00         0.00
             4    501        11.90         0.22         2.47         9.21         0.00         0.00
             5     94        11.90         0.22         2.47         9.21         0.00         0.00
             6    810        11.91         0.22         2.46         9.23         0.00         0.00
             7    530        11.91         0.22         2.46         9.23         0.00         0.00
             8    756        12.01         0.22         2.42         9.37         0.00         0.00
             9    536        12.27         0.22         2.51         9.54         0.00         0.00
            10    552        12.02         0.22         2.43         9.37         0.00         0.00
            11    788        12.39         0.22         2.43         9.74         0.00         0.00
            12    457        12.59         0.26         3.35         8.98         0.00         0.00
            13    802        11.81         0.22         2.65         8.94         0.00         0.00
            14    757        11.81         0.22         2.65         8.94         0.00         0.00
            15    471        11.81         0.22         2.65         8.93         0.00         0.00
            16    496        11.81         0.22         2.65         8.93         0.00         0.00
            17    223        12.33         0.22         2.57         9.55         0.00         0.00
            18      5        12.68         0.21         2.59         9.88         0.00         0.00
            19    185        12.33         0.22         2.56         9.55         0.00         0.00
            20    805        12.70         0.28         3.79         8.63         0.00         0.00
            21    158        12.70         0.28         3.79         8.63         0.00         0.00
            22    495        12.09         0.27         3.01         8.82         0.00         0.00
            23    261        12.09         0.27         3.00         8.82         0.00         0.00
            24    762        12.24         0.26         3.59         8.39         0.00         0.00
            25    130        12.24         0.26         3.59         8.39         0.00         0.00
            26    461        12.37         0.28         3.46         8.63         0.00         0.00
            27    186        12.37         0.28         3.46         8.63         0.00         0.00
            28    499        12.15         0.26         3.63         8.26         0.00         0.00
            29    377        12.15         0.26         3.63         8.26         0.00         0.00
            30    144        12.31         0.28         3.49         8.53         0.00         0.00
            31    107        12.31         0.28         3.49         8.53         0.00         0.00
            32    823        13.63         0.43         3.72         9.48         0.00         0.00
            33    283        13.63         0.43         3.72         9.48         0.00         0.00
            34    241        13.63         0.43         3.72         9.48         0.00         0.00
            35     71        13.21         0.44         3.61         9.16         0.00         0.00
            36    732        13.21         0.44         3.62         9.16         0.00         0.00
            37    373        13.35         0.43         3.36         9.55         0.00         0.00
            38    588        13.35         0.43         3.36         9.55         0.00         0.00
            39    169        13.31         0.43         3.38         9.50         0.00         0.00
            40    735        13.31         0.43         3.37         9.51         0.00         0.00
            41    205        13.33         0.44         3.48         9.41         0.00         0.00
            42    752        13.33         0.44         3.48         9.41         0.00         0.00
            43    115        13.46         0.44         3.54         9.48         0.00         0.00
          ------------------------------------------------------------------------------------------

          Calculating single reference conformer RMSDs ...

          ---------------------------------
          Conformer RMSDs are in Angstroms.
          ---------------------------------

          ------------------------------------------------------------------------------------------
                              RMSD wrt Input Crd                    RMSD wrt Rank 1
                         ---------------------------------------------------------------------------
          Rank    ID        Complex    Receptor  Ligand          Complex    Receptor  Ligand
          ------------------------------------------------------------------------------------------
             1    787                             0.566                               0.000
             2    428                             0.806                               0.855
             3    451                             1.088                               1.040
             4    501                             0.969                               1.273
             5     94                             1.100                               0.966
             6    810                             0.931                               1.258
             7    530                             1.085                               0.905
             8    756                             0.981                               1.299
             9    536                             0.978                               0.829
            10    552                             1.015                               1.265
            11    788                             0.859                               1.301
            12    457                             0.042                               0.566
            13    802                             0.715                               0.333
            14    757                             1.160                               1.089
            15    471                             1.178                               1.019
            16    496                             0.663                               0.360
            17    223                             0.976                               1.083
            18      5                             0.855                               1.301
            19    185                             0.960                               1.068
            20    805                             1.021                               1.030
            21    158                             0.569                               0.816
            22    495                             1.377                               0.845
            23    261                             0.338                               0.656
            24    762                             0.845                               0.827
            25    130                             1.143                               0.810
            26    461                             0.617                               0.851
            27    186                             0.903                               0.926
            28    499                             0.828                               0.862
            29    377                             0.816                               0.726
            30    144                             0.600                               0.779
            31    107                             0.890                               1.041
            32    823                             1.342                               1.414
            33    283                             0.894                               0.732
            34    241                             0.767                               1.148
            35     71                             0.838                               0.956
            36    732                             1.278                               0.729
            37    373                             0.826                               1.400
            38    588                             1.185                               0.852
            39    169                             0.839                               1.439
            40    735                             0.977                               0.859
            41    205                             0.936                               0.783
            42    752                             1.108                               1.139
            43    115                             0.892                               0.632
          ------------------------------------------------------------------------------------------

          --------------------------------
          Final Boltzmann Averaged Data.
          --------------------------------

          -------------------------------------------------------------------
          Results of Boltzmann Averaging Over All   45 Conformers (kcal/mol).
          -------------------------------------------------------------------

          Free Energy                        G              45.9021491073
          Average Potential Energy         < E >            21.0576434403
          Entropy                           -TS             24.8445056670
          -------------------------------------------------------------------

          Average Potential Energy < E > Components.

          < U >                     5.1872094780
          < W(PBSA) >              -2.0144195301
          < H.O. P.E. >            17.8848580373

          Average Solvation Energy < W(PBSA) > Components.

          < PB >                   -4.0200935074
          < SA >                    2.0056739773

          Average Gas Phase Internal Potential Energy < U > Components.

          < Valence >              12.1883574490
          < Coulomb >              -9.1482526503
          < VdW >                   2.1471046793

          Average Van der Waals Energy < VdW > Components.

          < VdW6  >                -9.3338858924
          < VdW12 >                11.4809905717

          Average Bonded Energy < Valence > Components.

          < Bond >                  0.2342605337
          < Angle >                 2.8331605211
          < Pdihed >                9.1209363942
          < Idihed >                0.0000000000
          < Tether >                0.0000000000

          -------------------------------------------------------------------
                        End of VM2 Calculation Results Summary.
          -------------------------------------------------------------------


     Total cpu time for run         16.34 seconds.
                                     0.27 minutes.

     Total wall time for run        16.52 seconds.
                                     0.28 minutes.

     TIME STAMP: VCPack job finished normally : Sunday, August 07, 2022 at 15:48:48
