
     --------------------------------------------------------------------------------
                        Running Program VCPack. Version 2.8

                           VeraChem LLC, PO Box 2206
                           Germantown, MD 20875, U.S.A.

                                Tel. 240-686-0565
                                www.verachem.com
     --------------------------------------------------------------------------------


     Input file          :   CD_guest-s12_fast_vm2_rndm.inp

     Output file         :   CD_guest-s12_fast_vm2_rndm.out

     Summary output file :   CD_guest-s12_fast_vm2_rndm.summary.out

     Executable : /data/comblab/vcCompChem_3b/exe/VC_CompChemPackage_mpi_openmp.exe

     Build date : Aug 13 2021  17:26:49

     This is a multiple processor run.

     MPI processes              :   16
     OpenMP threads per process :   16
     CUDA enabled               :  no

     TIME STAMP: VCPack job started : Sunday, August 07, 2022 at 14:34:20

     --------------------------------------------------------------------------------
                            Basic Calculation Control.
     --------------------------------------------------------------------------------

     Molecular system type                :  host+ligand     

     Calculation type                     :  feprocess       

     Energy potential                     :  mm              

     Post-processing type                 :  none            

     Post-processing energy potential     :  none            

     Time limit in wall clock hours       :  96.00

     Type of conformers to read in        :  ligand  
     Conformer source files(s)            :  guest-s12_confgen4.xyz                            

     Use input .crd for complex build     :  no
     Place ligand confs. at input .crd    :  byconfscog
     Use input .crd as start conformer    :  yes

     Formatted output files               :  xyz     
                                          :  pdb     
                                          :  mol2    
                                          :  sdf     
                                          :  xyz     
                                          :  gms     
                                          :  csv     

     Split formatted output files         :  crd     

     Limit conformers in formatted files  :  bycount
     Maximum conformer count              :  1000

     Atoms to include in formatted files  :  all     

     Binary file restart type             :  none


     --------------------------------------------------------------------------------
                            Math Related Control and Set Up.
     --------------------------------------------------------------------------------

     Random number generator seeds :  bywallclock

     Seed 1 :           7722282
     Seed 2 :            222973
     Seed 3 :              2187
     Seed 4 :              8924


     --------------------------------------------------------------------------------
                            Basic Molecular System Set Up.
     --------------------------------------------------------------------------------

     ----------------
     Host Data Files.
     ----------------

     Standard crd coordinate file            :  CD.crd
     VeraChem topology file                  :  CD.top
     Standard mol/sdf file                   :  CD.mol

     Total number of host atoms              :       126

     ------------------
     Ligand Data Files.
     ------------------

     Standard crd coordinate file            :  guest-s12.crd
     VeraChem topology file                  :  guest-s12.top
     Standard mol/sdf file                   :  guest-s12.mol

     Total number of ligand atoms            :        26

     Included in this calculation.
     Number of real and live ligand atoms    :        26
     Number of real but fixed ligand atoms   :         0

     Ligand placement method                 :  byreceptorcog

     NOTE: The placement of the ligand redefines the ligand .crd input coordinates.

     Snap ligand to template atoms           :      no

     -------------------------------
     Final Real/Live Set Atom Count.
     -------------------------------

     Total number of real atoms              :       152
     Total number of live atoms              :       152


     --------------------------------------------------------------------------------
                            Generate Initial Molecular Conformations.
     --------------------------------------------------------------------------------

     Conf. Type Read In      File Format       No. of Confs. Read In 
             ligand             xyz                1000

     Mandatory input crd file(s) used for generation of 1 additional conformer.

     From these the total number of starting conformers generated :  1000


     --------------------------------------------------------------------------------
                             Energy Potential Settings.
     --------------------------------------------------------------------------------


     Molecular Mechanics package          :  vchem           

     Quantum Mechanics package            :  none            


     --------------------------------------------------------------------------------
                       Running VfreeE Module. Version 2.8
     --------------------------------------------------------------------------------

          --------------------------------
          Final Individual Conformer Data.
          --------------------------------

          List data for conformers with probability of at least :  0.01 %
          Rankings are with respect to : Free Energy (G)

          ------------------------
          Free Energy: G = E - TS
          ------------------------

          ------------------------------------------------------------------------------------------
          Rank    ID     ln(Zx)    Prob(%)  Sum Prob(%)  Del G        G            E            -TS
          ------------------------------------------------------------------------------------------
             1    581  -1312.02504   58.01    58.01      0.00       604.43       401.70       202.73
             2    827  -1313.15740   18.70    76.71      0.68       605.10       400.76       204.34
             3    787  -1314.43961    5.19    81.89      1.44       605.87       400.97       204.89
             4     43  -1314.79161    3.65    85.54      1.65       606.08       402.89       203.18
             5    503  -1314.96472    3.07    88.61      1.75       606.18       402.63       203.55
             6    830  -1315.17810    2.48    91.09      1.88       606.31       401.73       204.58
             7    847  -1315.34618    2.09    93.18      1.98       606.41       402.18       204.23
             8    263  -1315.88896    1.22    94.40      2.30       606.73       404.42       202.31
             9    248  -1315.93963    1.16    95.56      2.33       606.76       403.25       203.51
            10    284  -1316.13383    0.95    96.51      2.45       606.88       402.52       204.36
            11    543  -1316.39571    0.73    97.24      2.61       607.03       402.74       204.29
            12    692  -1316.83283    0.47    97.72      2.87       607.29       402.60       204.70
            13    707  -1317.18943    0.33    98.05      3.08       607.51       403.50       204.01
            14    670  -1317.48276    0.25    98.30      3.25       607.68       403.61       204.07
            15    868  -1318.05582    0.14    98.44      3.60       608.02       404.87       203.15
            16    987  -1318.09184    0.13    98.57      3.62       608.04       403.62       204.42
            17    625  -1318.10776    0.13    98.70      3.63       608.05       404.92       203.13
            18    103  -1318.11338    0.13    98.83      3.63       608.06       406.00       202.06
            19    726  -1318.25505    0.11    98.95      3.71       608.14       404.08       204.06
            20    861  -1318.45251    0.09    99.04      3.83       608.26       404.15       204.11
            21      4  -1318.46224    0.09    99.14      3.84       608.26       403.40       204.86
            22     68  -1318.55467    0.08    99.22      3.89       608.32       405.98       202.34
            23    507  -1318.73098    0.07    99.29      4.00       608.42       403.31       205.11
            24      7  -1318.74285    0.07    99.36      4.00       608.43       403.94       204.49
            25    604  -1318.92336    0.06    99.42      4.11       608.54       404.87       203.66
            26    601  -1318.93269    0.06    99.48      4.12       608.54       406.54       202.01
            27    691  -1319.00005    0.05    99.53      4.16       608.59       403.45       205.13
            28    467  -1319.26922    0.04    99.57      4.32       608.75       404.22       204.52
            29    321  -1319.27498    0.04    99.61      4.32       608.75       407.98       200.77
            30    683  -1319.33131    0.04    99.65      4.36       608.78       405.87       202.91
            31    162  -1319.49600    0.03    99.69      4.45       608.88       405.00       203.88
            32    123  -1319.79561    0.02    99.71      4.63       609.06       405.08       203.98
            33    663  -1319.86153    0.02    99.73      4.67       609.10       406.16       202.94
            34    808  -1319.86602    0.02    99.76      4.67       609.10       405.01       204.09
            35     63  -1319.91507    0.02    99.78      4.70       609.13       406.80       202.33
            36    731  -1320.01463    0.02    99.80      4.76       609.19       404.24       204.95
            37    888  -1320.32904    0.01    99.81      4.95       609.38       405.46       203.91
            38    962  -1320.33773    0.01    99.83      4.96       609.38       406.84       202.54
            39    647  -1320.40793    0.01    99.84      5.00       609.42       405.61       203.82
            40    227  -1320.42227    0.01    99.85      5.01       609.43       405.03       204.41
            41    922  -1320.50885    0.01    99.87      5.06       609.48       407.78       201.71
          ------------------------------------------------------------------------------------------

          --------------------------------------------------------
          Potential Energy: E = (U+W) + H.O. Equipartion energy
          --------------------------------------------------------

          ------------------------------------------------------------------------------------------
          Rank    ID         E          U+W            U        W(PBSA)          PB           SA
          ------------------------------------------------------------------------------------------
             1    581       401.70       267.56       345.78       -78.22       -84.27         6.05
             2    827       400.76       266.63       347.49       -80.87       -86.98         6.11
             3    787       400.97       266.84       349.02       -82.18       -88.26         6.08
             4     43       402.89       268.76       347.01       -78.25       -84.25         6.00
             5    503       402.63       268.49       344.63       -76.14       -82.20         6.07
             6    830       401.73       267.59       345.64       -78.05       -84.26         6.21
             7    847       402.18       268.04       348.39       -80.35       -86.43         6.08
             8    263       404.42       270.29       356.33       -86.04       -92.10         6.06
             9    248       403.25       269.12       355.25       -86.13       -92.21         6.08
            10    284       402.52       268.38       347.56       -79.18       -85.26         6.08
            11    543       402.74       268.61       346.65       -78.04       -84.16         6.12
            12    692       402.60       268.46       348.35       -79.89       -86.02         6.12
            13    707       403.50       269.36       355.36       -86.00       -92.06         6.06
            14    670       403.61       269.47       349.07       -79.59       -85.79         6.20
            15    868       404.87       270.73       355.77       -85.04       -91.11         6.07
            16    987       403.62       269.49       356.54       -87.06       -93.11         6.05
            17    625       404.92       270.79       356.06       -85.27       -91.56         6.29
            18    103       406.00       271.86       359.98       -88.12       -94.13         6.01
            19    726       404.08       269.95       349.54       -79.59       -85.75         6.16
            20    861       404.15       270.01       347.79       -77.78       -83.97         6.18
            21      4       403.40       269.27       348.60       -79.33       -85.41         6.08
            22     68       405.98       271.84       354.01       -82.18       -88.22         6.05
            23    507       403.31       269.18       354.09       -84.92       -90.91         6.00
            24      7       403.94       269.80       350.13       -80.32       -86.38         6.06
            25    604       404.87       270.74       355.71       -84.98       -91.06         6.08
            26    601       406.54       272.40       357.59       -85.19       -91.25         6.06
            27    691       403.45       269.32       348.56       -79.24       -85.33         6.09
            28    467       404.22       270.08       356.84       -86.76       -92.86         6.10
            29    321       407.98       273.84       360.16       -86.32       -92.45         6.13
            30    683       405.87       271.74       360.94       -89.20       -95.23         6.03
            31    162       405.00       270.86       348.02       -77.16       -83.21         6.05
            32    123       405.08       270.95       351.61       -80.67       -86.75         6.09
            33    663       406.16       272.02       351.67       -79.65       -85.67         6.02
            34    808       405.01       270.87       351.88       -81.00       -87.05         6.05
            35     63       406.80       272.66       361.16       -88.50       -94.57         6.06
            36    731       404.24       270.10       344.62       -74.52       -80.69         6.17
            37    888       405.46       271.33       352.12       -80.79       -86.91         6.12
            38    962       406.84       272.71       357.47       -84.76       -90.79         6.03
            39    647       405.61       271.47       359.17       -87.70       -93.77         6.06
            40    227       405.03       270.89       358.96       -88.07       -94.06         5.99
            41    922       407.78       273.64       354.06       -80.42       -86.53         6.12
          ------------------------------------------------------------------------------------------

          ----------------------------------------
          Gas Phase Internal Potential Energy: U
          ----------------------------------------

          ------------------------------------------------------------------------------------------
          Rank    ID         U         Valence     Coulomb        VdW         VdW6        VdW12
          ------------------------------------------------------------------------------------------
             1    581       345.78       148.07       224.46       -26.75      -182.09       155.34
             2    827       347.49       147.14       228.58       -28.24      -186.51       158.28
             3    787       349.02       147.56       230.40       -28.94      -187.55       158.61
             4     43       347.01       150.07       225.48       -28.54      -185.84       157.30
             5    503       344.63       147.74       224.14       -27.26      -184.19       156.94
             6    830       345.64       147.23       224.75       -26.34      -185.25       158.91
             7    847       348.39       148.06       228.72       -28.39      -187.54       159.16
             8    263       356.33       147.47       236.88       -28.03      -183.13       155.10
             9    248       355.25       146.34       237.65       -28.74      -184.72       155.99
            10    284       347.56       147.58       228.36       -28.38      -187.50       159.12
            11    543       346.65       146.62       225.96       -25.93      -183.64       157.70
            12    692       348.35       147.28       227.76       -26.70      -184.33       157.63
            13    707       355.36       146.50       238.90       -30.04      -186.46       156.42
            14    670       349.07       148.15       227.68       -26.77      -185.42       158.65
            15    868       355.77       146.98       237.73       -28.94      -184.92       155.99
            16    987       356.54       146.02       240.44       -29.92      -185.86       155.93
            17    625       356.06       147.63       234.26       -25.83      -180.74       154.91
            18    103       359.98       148.19       240.12       -28.33      -183.04       154.71
            19    726       349.54       146.85       228.65       -25.96      -185.57       159.61
            20    861       347.79       144.97       227.11       -24.29      -181.47       157.18
            21      4       348.60       148.69       227.78       -27.87      -188.11       160.23
            22     68       354.01       150.60       232.36       -28.95      -186.22       157.27
            23    507       354.09       147.41       237.41       -30.73      -190.59       159.86
            24      7       350.13       147.51       231.07       -28.45      -185.91       157.47
            25    604       355.71       146.82       238.37       -29.48      -186.06       156.58
            26    601       357.59       147.98       238.04       -28.43      -181.13       152.70
            27    691       348.56       148.30       226.48       -26.22      -186.25       160.02
            28    467       356.84       146.00       240.80       -29.96      -185.92       155.97
            29    321       360.16       147.53       239.70       -27.08      -178.81       151.73
            30    683       360.94       147.36       241.80       -28.22      -183.96       155.74
            31    162       348.02       146.78       227.36       -26.12      -185.49       159.37
            32    123       351.61       147.16       231.02       -26.56      -185.50       158.94
            33    663       351.67       148.64       231.26       -28.24      -184.94       156.70
            34    808       351.88       149.35       231.29       -28.76      -186.54       157.78
            35     63       361.16       148.18       240.63       -27.65      -180.77       153.12
            36    731       344.62       147.20       223.37       -25.96      -185.47       159.50
            37    888       352.12       149.02       228.69       -25.58      -182.78       157.20
            38    962       357.47       147.27       238.72       -28.52      -182.94       154.42
            39    647       359.17       147.16       242.37       -30.36      -186.54       156.19
            40    227       358.96       147.96       241.76       -30.77      -188.04       157.28
            41    922       354.06       145.68       234.33       -25.95      -179.52       153.57
          ------------------------------------------------------------------------------------------

          -------------------------------
          Bonded Energy Terms: Valence
          -------------------------------

          ------------------------------------------------------------------------------------------
          Rank    ID     Valence       Bond        Angle         Pdih         Idih       Tether
          ------------------------------------------------------------------------------------------
             1    581       148.07         4.63        11.53       131.91         0.00         0.00
             2    827       147.14         4.72        12.41       130.02         0.00         0.00
             3    787       147.56         4.82        12.11       130.64         0.00         0.00
             4     43       150.07         4.65        11.96       133.46         0.00         0.00
             5    503       147.74         4.64        11.73       131.38         0.00         0.00
             6    830       147.23         4.80        12.02       130.41         0.00         0.00
             7    847       148.06         4.75        12.76       130.55         0.00         0.00
             8    263       147.47         4.71        12.16       130.60         0.00         0.00
             9    248       146.34         4.66        11.94       129.74         0.00         0.00
            10    284       147.58         4.76        12.54       130.28         0.00         0.00
            11    543       146.62         4.68        12.33       129.61         0.00         0.00
            12    692       147.28         4.73        12.39       130.16         0.00         0.00
            13    707       146.50         4.63        11.69       130.18         0.00         0.00
            14    670       148.15         4.80        12.21       131.14         0.00         0.00
            15    868       146.98         4.67        12.22       130.09         0.00         0.00
            16    987       146.02         4.61        11.80       129.61         0.00         0.00
            17    625       147.63         4.61        11.84       131.19         0.00         0.00
            18    103       148.19         4.70        12.48       131.01         0.00         0.00
            19    726       146.85         4.95        12.99       128.91         0.00         0.00
            20    861       144.97         4.80        12.13       128.04         0.00         0.00
            21      4       148.69         4.81        12.58       131.30         0.00         0.00
            22     68       150.60         4.64        12.49       133.48         0.00         0.00
            23    507       147.41         4.80        12.52       130.09         0.00         0.00
            24      7       147.51         4.67        12.34       130.50         0.00         0.00
            25    604       146.82         4.66        12.22       129.94         0.00         0.00
            26    601       147.98         4.65        11.34       131.99         0.00         0.00
            27    691       148.30         4.87        13.17       130.26         0.00         0.00
            28    467       146.00         4.61        11.77       129.63         0.00         0.00
            29    321       147.53         4.59        12.06       130.89         0.00         0.00
            30    683       147.36         4.73        12.52       130.11         0.00         0.00
            31    162       146.78         4.84        13.32       128.61         0.00         0.00
            32    123       147.16         4.78        13.38       129.00         0.00         0.00
            33    663       148.64         4.64        13.06       130.94         0.00         0.00
            34    808       149.35         4.82        12.25       132.28         0.00         0.00
            35     63       148.18         4.61        11.57       132.00         0.00         0.00
            36    731       147.20         4.81        12.50       129.89         0.00         0.00
            37    888       149.02         4.90        12.75       131.37         0.00         0.00
            38    962       147.27         4.69        11.96       130.62         0.00         0.00
            39    647       147.16         4.63        12.03       130.49         0.00         0.00
            40    227       147.96         4.72        12.51       130.73         0.00         0.00
            41    922       145.68         4.66        11.76       129.26         0.00         0.00
          ------------------------------------------------------------------------------------------

          Calculating single reference conformer RMSDs ...

          ---------------------------------
          Conformer RMSDs are in Angstroms.
          ---------------------------------

          ------------------------------------------------------------------------------------------
                              RMSD wrt Input Crd                    RMSD wrt Rank 1
                         ---------------------------------------------------------------------------
          Rank    ID        Complex    Receptor  Ligand          Complex    Receptor  Ligand
          ------------------------------------------------------------------------------------------
             1    581         1.794     1.553     2.668           0.000     0.000     0.000
             2    827         1.931     1.526     3.241           2.663     2.513     3.296
             3    787         2.074     1.746     3.221           2.858     2.589     3.906
             4     43         1.646     1.137     3.093           1.074     0.551     2.298
             5    503         1.765     1.689     2.096           2.299     2.236     2.583
             6    830         2.010     1.644     3.246           2.865     2.368     4.561
             7    847         1.855     1.426     3.203           3.073     2.868     3.918
             8    263         1.721     1.488     2.566           2.389     2.463     1.990
             9    248         1.768     1.500     2.717           2.427     2.532     1.829
            10    284         1.862     1.454     3.167           2.722     2.557     3.410
            11    543         2.155     2.217     1.828           2.392     2.231     3.054
            12    692         1.808     1.169     3.532           1.773     0.558     4.107
            13    707         2.237     1.993     3.162           2.146     2.162     2.064
            14    670         2.193     1.831     3.444           2.725     2.240     4.371
            15    868         1.812     1.365     3.188           1.202     0.586     2.605
            16    987         2.292     2.068     3.160           2.191     2.216     2.066
            17    625         2.313     1.296     4.810           2.961     2.112     5.444
            18    103         1.591     1.262     2.660           1.178     0.873     2.101
            19    726         2.269     2.190     2.616           2.455     2.188     3.470
            20    861         2.328     2.525     0.894           2.242     2.201     2.430
            21      4         1.727     1.143     3.332           1.742     0.323     4.152
            22     68         2.752     2.200     4.563           2.745     2.080     4.806
            23    507         2.155     1.978     2.862           2.566     2.510     2.822
            24      7         1.869     1.800     2.172           2.116     1.940     2.818
            25    604         1.773     1.420     2.933           2.454     2.513     2.143
            26    601         1.483     0.967     2.887           0.824     0.498     1.663
            27    691         2.070     1.741     3.219           2.794     2.557     3.738
            28    467         2.013     1.843     2.688           1.961     1.923     2.134
            29    321         1.345     1.108     2.151           1.090     0.690     2.155
            30    683         1.637     1.339     2.641           1.527     1.257     2.442
            31    162         1.386     1.412     1.252           1.267     0.793     2.517
            32    123         1.450     1.429     1.545           1.249     0.737     2.546
            33    663         2.047     2.154     1.416           2.628     2.674     2.390
            34    808         1.973     1.613     3.185           2.536     2.370     3.221
            35     63         1.369     1.012     2.449           2.289     2.291     2.278
            36    731         2.652     2.099     4.445           2.928     2.378     4.766
            37    888         2.478     1.837     4.421           2.917     2.333     4.836
            38    962         1.369     1.035     2.402           1.131     0.813     2.069
            39    647         1.964     1.777     2.694           1.972     1.937     2.134
            40    227         1.747     1.385     2.924           1.674     1.547     2.189
            41    922         2.039     1.443     3.770           2.859     2.640     3.740
          ------------------------------------------------------------------------------------------

          --------------------------------
          Final Boltzmann Averaged Data.
          --------------------------------

          -------------------------------------------------------------------
          Results of Boltzmann Averaging Over All  530 Conformers (kcal/mol).
          -------------------------------------------------------------------

          Free Energy                        G             604.1021917591
          Average Potential Energy         < E >           401.7040493716
          Entropy                           -TS            202.3981423876
          -------------------------------------------------------------------

          Average Potential Energy < E > Components.

          < U >                   346.7774079842
          < W(PBSA) >             -79.2115616001
          < H.O. P.E. >           134.1364352797

          Average Solvation Energy < W(PBSA) > Components.

          < PB >                  -85.2813390431
          < SA >                    6.0697774430

          Average Gas Phase Internal Potential Energy < U > Components.

          < Valence >             147.8494305961
          < Coulomb >             226.2515139713
          < VdW >                 -27.3235365832

          Average Van der Waals Energy < VdW > Components.

          < VdW6  >              -183.7769450992
          < VdW12 >               156.4534085161

          Average Bonded Energy < Valence > Components.

          < Bond >                  4.6692319658
          < Angle >                11.8305846398
          < Pdihed >              131.3496139905
          < Idihed >                0.0000000000
          < Tether >                0.0000000000

          -------------------------------------------------------------------
                        End of feprocess Calculation Results Summary.
          -------------------------------------------------------------------


     Total cpu time for run       3824.32 seconds.
                                    63.74 minutes.

     Total wall time for run      2001.61 seconds.
                                    33.36 minutes.

     TIME STAMP: VCPack job finished normally : Sunday, August 07, 2022 at 15:07:42
