
     --------------------------------------------------------------------------------
                        Running Program VCPack. Version 2.8

                           VeraChem LLC, PO Box 2206
                           Germantown, MD 20875, U.S.A.

                                Tel. 240-686-0565
                                www.verachem.com
     --------------------------------------------------------------------------------


     Input file          :   guest-s14_vm2.inp

     Output file         :   guest-s14_vm2.out

     Summary output file :   guest-s14_vm2.summary.out

     Executable : /data/comblab/vcCompChem_3b/exe/VC_CompChemPackage_mpi.exe

     Build date : Aug 13 2021  17:26:14

     This is a multiple processor run.

     MPI processes              :   16
     OpenMP threads per process :    0
     CUDA enabled               :  no

     TIME STAMP: VCPack job started : Sunday, August 07, 2022 at 12:03:14

     --------------------------------------------------------------------------------
                            Basic Calculation Control.
     --------------------------------------------------------------------------------

     Molecular system type                :  ligand          

     Calculation type                     :  vm2             

     Energy potential                     :  mm              

     Post-processing type                 :  none            

     Post-processing energy potential     :  none            

     Time limit in wall clock hours       :  96.00

     Read in starting conformers          :  no
     Type of conformers to read in        :  none
     Conformer source files(s)            :  none

     Use input .crd for complex build     :  no
     Place ligand confs. at input .crd    :  no
     Use input .crd as start conformer    :  yes

     Formatted output files               :  xyz     
                                          :  pdb     
                                          :  mol2    
                                          :  sdf     
                                          :  xyz     
                                          :  gms     
                                          :  csv     

     Split formatted output files         :  crd     

     Limit conformers in formatted files  :  bycount
     Maximum conformer count              :  1000

     Atoms to include in formatted files  :  all     

     Binary file restart type             :  none


     --------------------------------------------------------------------------------
                            Math Related Control and Set Up.
     --------------------------------------------------------------------------------

     Random number generator seeds :  bywallclock

     Seed 1 :           7064456
     Seed 2 :            529693
     Seed 3 :               321
     Seed 4 :             24477


     --------------------------------------------------------------------------------
                            Basic Molecular System Set Up.
     --------------------------------------------------------------------------------

     ------------------
     Ligand Data Files.
     ------------------

     Standard crd coordinate file            :  guest-s14.crd
     VeraChem topology file                  :  guest-s14.top
     Standard mol/sdf file                   :  guest-s14.mol

     Total number of ligand atoms            :        26

     Included in this calculation.
     Number of real and live ligand atoms    :        26
     Number of real but fixed ligand atoms   :         0

     Ligand placement method                 :  none

     Snap ligand to template atoms           :      no

     -------------------------------
     Final Real/Live Set Atom Count.
     -------------------------------

     Total number of real atoms              :        26
     Total number of live atoms              :        26


     --------------------------------------------------------------------------------
                            Generate Initial Molecular Conformation.
     --------------------------------------------------------------------------------

     Mandatory input crd file(s) used for generation of a single starting conformer.


     --------------------------------------------------------------------------------
                             Energy Potential Settings.
     --------------------------------------------------------------------------------


     Molecular Mechanics package          :  vchem           

     Quantum Mechanics package            :  none            


     --------------------------------------------------------------------------------
                    Running VM2 Mining Minima Module. Version 2.8
     --------------------------------------------------------------------------------

     Iteration    Free Energy G             G Diff            # Conformers     # Diff
        1            47.070407              47.070407              46              46
        2            46.876242              -0.194165             111              65
        3            46.871059              -0.005183             117               6
        4            46.830942              -0.040117             146              29
        5            46.830814              -0.000128             146               0
        6            46.780804              -0.050010             167              21
        7            46.764824              -0.015980             172               5
        8            46.744002              -0.020822             185              13
        9            46.743261              -0.000740             188               3
       10            46.733650              -0.009611             201              13

     VM2 Free Energy converged after   10 iterations.

     Final VM2 Free Energy is      46.733650 Kcal/mol.

          --------------------------------
          Final Individual Conformer Data.
          --------------------------------

          List data for conformers with probability of at least :  0.01 %
          Rankings are with respect to : Free Energy (G)

          ------------------------
          Free Energy: G = E - TS
          ------------------------

          ------------------------------------------------------------------------------------------
          Rank    ID     ln(Zx)    Prob(%)  Sum Prob(%)  Del G        G            E            -TS
          ------------------------------------------------------------------------------------------
             1    316   -122.39466    7.71     7.71      0.00        48.26        15.91        32.35
             2    307   -122.81051    5.09    12.80      0.25        48.51        16.05        32.46
             3   1283   -122.83670    4.96    17.75      0.26        48.52        16.07        32.46
             4   1284   -123.18018    3.52    21.27      0.47        48.73        16.28        32.45
             5   1194   -123.18867    3.49    24.75      0.47        48.73        16.28        32.45
             6    285   -123.38662    2.86    27.61      0.59        48.85        16.39        32.46
             7   1255   -123.44843    2.69    30.30      0.63        48.89        16.43        32.46
             8    487   -123.50680    2.54    32.84      0.66        48.92        16.47        32.45
             9    611   -123.50873    2.53    35.37      0.66        48.93        16.47        32.45
            10    613   -123.51766    2.51    37.88      0.67        48.93        16.48        32.45
            11    493   -123.54423    2.44    40.32      0.69        48.95        16.49        32.45
            12   1229   -123.77647    1.94    42.25      0.82        49.09        16.52        32.57
            13    198   -123.80696    1.88    44.13      0.84        49.10        16.47        32.64
            14    473   -123.83093    1.83    45.97      0.86        49.12        16.55        32.57
            15   1278   -123.84619    1.81    47.77      0.87        49.13        16.56        32.57
            16    761   -123.86145    1.78    49.55      0.87        49.14        16.50        32.64
            17   1075   -123.88175    1.74    51.29      0.89        49.15        16.58        32.57
            18   1275   -123.91125    1.69    52.99      0.90        49.17        16.60        32.57
            19    201   -123.93724    1.65    54.63      0.92        49.18        16.61        32.57
            20   1290   -123.96623    1.60    56.24      0.94        49.20        16.64        32.56
            21    778   -123.99043    1.56    57.80      0.95        49.21        16.66        32.56
            22    490   -123.99564    1.56    59.36      0.95        49.22        16.67        32.55
            23   1010   -124.05594    1.46    60.82      0.99        49.25        16.72        32.53
            24   1038   -124.13776    1.35    62.17      1.04        49.30        16.75        32.55
            25    136   -124.16036    1.32    63.49      1.05        49.31        16.75        32.56
            26   1221   -124.20574    1.26    64.75      1.08        49.34        16.78        32.56
            27   1178   -124.21862    1.24    65.99      1.09        49.35        16.66        32.69
            28    155   -124.22261    1.24    67.23      1.09        49.35        16.66        32.69
            29   1365   -124.25711    1.20    68.43      1.11        49.37        16.81        32.56
            30    964   -124.27409    1.18    69.61      1.12        49.38        16.82        32.56
            31    779   -124.29007    1.16    70.76      1.13        49.39        16.83        32.56
            32    725   -124.31782    1.13    71.89      1.15        49.41        16.89        32.52
            33    799   -124.35316    1.09    72.98      1.17        49.43        16.87        32.56
            34    220   -124.40157    1.04    74.02      1.20        49.46        16.68        32.78
            35    459   -124.46139    0.98    74.99      1.23        49.49        16.71        32.78
            36   1046   -124.49448    0.94    75.94      1.25        49.51        16.92        32.59
            37    811   -124.51018    0.93    76.87      1.26        49.52        16.73        32.79
            38   1352   -124.55468    0.89    77.76      1.29        49.55        16.75        32.79
            39   1185   -124.65852    0.80    78.56      1.35        49.61        17.10        32.51
            40    931   -124.68346    0.78    79.34      1.36        49.63        17.12        32.51
            41   1253   -124.85131    0.66    80.00      1.46        49.73        16.98        32.75
            42    166   -124.88013    0.64    80.64      1.48        49.74        16.99        32.75
            43     70   -124.89756    0.63    81.27      1.49        49.75        16.85        32.90
            44   1114   -124.91058    0.62    81.90      1.50        49.76        16.87        32.89
            45    854   -124.91297    0.62    82.52      1.50        49.76        17.06        32.70
            46    291   -124.92285    0.62    83.13      1.51        49.77        16.88        32.89
            47    839   -124.93456    0.61    83.74      1.51        49.78        17.07        32.70
            48   1373   -124.94937    0.60    84.34      1.52        49.78        17.04        32.75
            49   1343   -124.99386    0.57    84.91      1.55        49.81        16.92        32.89
            50    172   -125.00030    0.57    85.48      1.55        49.81        16.91        32.90
            51    727   -125.04023    0.55    86.03      1.58        49.84        17.16        32.67
            52   1215   -125.04045    0.55    86.58      1.58        49.84        16.95        32.89
            53    240   -125.08235    0.52    87.10      1.60        49.86        17.19        32.68
            54    429   -125.09803    0.52    87.62      1.61        49.87        16.98        32.89
            55   1048   -125.13584    0.50    88.11      1.63        49.90        17.32        32.58
            56    802   -125.13756    0.50    88.61      1.64        49.90        17.08        32.82
            57   1340   -125.15566    0.49    89.10      1.65        49.91        17.20        32.71
            58   1063   -125.16019    0.49    89.58      1.65        49.91        17.33        32.58
            59   1337   -125.17048    0.48    90.06      1.65        49.92        17.03        32.89
            60    281   -125.17778    0.48    90.54      1.66        49.92        17.02        32.91
            61   1003   -125.18724    0.47    91.01      1.66        49.93        17.11        32.82
            62    838   -125.19051    0.47    91.48      1.67        49.93        17.30        32.63
            63    243   -125.20180    0.47    91.95      1.67        49.93        17.23        32.71
            64    251   -125.23892    0.45    92.40      1.70        49.96        17.21        32.75
            65    446   -125.24859    0.44    92.84      1.70        49.96        16.92        33.04
            66   1355   -125.27169    0.43    93.28      1.72        49.98        17.07        32.91
            67   1371   -125.27306    0.43    93.71      1.72        49.98        17.23        32.75
            68    550   -125.27312    0.43    94.14      1.72        49.98        17.09        32.89
            69    567   -125.30830    0.42    94.56      1.74        50.00        16.96        33.04
            70    747   -125.33564    0.41    94.97      1.75        50.01        17.13        32.89
            71   1225   -125.37734    0.39    95.36      1.78        50.04        17.17        32.87
            72    508   -125.42272    0.37    95.73      1.81        50.07        17.20        32.87
            73   1328   -125.48733    0.35    96.08      1.84        50.11        17.34        32.76
            74    860   -125.54085    0.33    96.42      1.88        50.14        17.02        33.12
            75    956   -125.55470    0.33    96.74      1.88        50.15        17.03        33.12
            76    223   -125.97333    0.22    96.96      2.13        50.39        17.17        33.23
            77    215   -126.02489    0.20    97.16      2.16        50.43        17.21        33.22
            78    464   -126.05985    0.20    97.36      2.19        50.45        17.23        33.22
            79     68   -126.09244    0.19    97.55      2.20        50.47        17.41        33.05
            80     67   -126.12769    0.18    97.73      2.23        50.49        17.43        33.05
            81    684   -126.21433    0.17    97.90      2.28        50.54        17.21        33.33
            82    282   -126.23421    0.17    98.07      2.29        50.55        17.32        33.23
            83    768   -126.27551    0.16    98.23      2.31        50.57        17.24        33.33
            84   1117   -126.67267    0.11    98.34      2.55        50.81        17.76        33.05
            85    235   -126.80231    0.09    98.43      2.63        50.89        17.84        33.05
            86   1050   -126.87443    0.09    98.52      2.67        50.93        17.40        33.53
            87    859   -127.02890    0.07    98.59      2.76        51.02        18.52        32.50
            88   1090   -127.04960    0.07    98.67      2.78        51.04        18.54        32.50
            89   1364   -127.05919    0.07    98.74      2.78        51.04        18.55        32.49
            90    546   -127.19011    0.06    98.80      2.86        51.12        18.63        32.49
            91    187   -127.21182    0.06    98.86      2.87        51.13        18.44        32.69
            92   1099   -127.88881    0.03    98.90      3.28        51.54        18.79        32.75
            93    752   -127.94130    0.03    98.93      3.31        51.57        18.88        32.69
            94    439   -127.94157    0.03    98.96      3.31        51.57        18.88        32.69
            95   1248   -127.94706    0.03    98.99      3.31        51.57        18.87        32.70
            96   1349   -127.96511    0.03    99.02      3.32        51.58        18.83        32.75
            97   1081   -127.98949    0.03    99.04      3.34        51.60        19.07        32.53
            98    524   -128.00708    0.03    99.07      3.35        51.61        18.79        32.81
            99    996   -128.00798    0.03    99.10      3.35        51.61        18.97        32.64
           100    991   -128.01786    0.03    99.13      3.35        51.61        18.91        32.70
           101   1357   -128.04287    0.03    99.16      3.37        51.63        18.91        32.72
           102   1079   -128.08894    0.03    99.18      3.39        51.66        18.93        32.73
           103    732   -128.08971    0.03    99.21      3.40        51.66        18.93        32.73
           104   1366   -128.12031    0.03    99.23      3.41        51.67        19.03        32.64
           105    455   -128.13292    0.02    99.26      3.42        51.68        18.96        32.72
           106    454   -128.15813    0.02    99.28      3.44        51.70        18.88        32.82
           107   1002   -128.17715    0.02    99.31      3.45        51.71        19.20        32.51
           108   1306   -128.25246    0.02    99.33      3.49        51.75        19.13        32.63
           109    804   -128.30956    0.02    99.35      3.53        51.79        18.98        32.81
           110   1074   -128.34841    0.02    99.37      3.55        51.81        19.18        32.63
           111    533   -128.35546    0.02    99.39      3.55        51.81        19.01        32.81
           112   1004   -128.35695    0.02    99.41      3.55        51.82        19.31        32.51
           113    672   -128.37203    0.02    99.43      3.56        51.82        19.22        32.61
           114    238   -128.39671    0.02    99.45      3.58        51.84        18.63        33.21
           115    820   -128.42469    0.02    99.46      3.59        51.86        18.64        33.21
           116    367   -128.46374    0.02    99.48      3.62        51.88        19.27        32.61
           117   1319   -128.46679    0.02    99.50      3.62        51.88        19.22        32.67
           118    997   -128.49792    0.02    99.52      3.64        51.90        19.24        32.66
           119   1208   -128.50067    0.02    99.54      3.64        51.90        19.16        32.75
           120    659   -128.51108    0.02    99.55      3.65        51.91        19.16        32.75
           121    283   -128.51621    0.02    99.57      3.65        51.91        19.08        32.83
           122    262   -128.53601    0.02    99.59      3.66        51.92        19.12        32.80
           123    857   -128.58605    0.02    99.60      3.69        51.95        19.15        32.80
           124   1323   -128.59606    0.02    99.62      3.70        51.96        19.14        32.82
           125    751   -128.62488    0.02    99.63      3.71        51.98        19.19        32.79
           126    990   -128.63377    0.02    99.65      3.72        51.98        19.16        32.83
           127   1246   -128.64651    0.01    99.66      3.73        51.99        19.14        32.85
           128   1244   -128.65124    0.01    99.68      3.73        51.99        19.15        32.85
           129    556   -128.70896    0.01    99.69      3.76        52.03        19.24        32.79
           130   1060   -128.73316    0.01    99.70      3.78        52.04        19.24        32.80
           131    174   -128.73740    0.01    99.72      3.78        52.04        19.25        32.79
           132    402   -128.76644    0.01    99.73      3.80        52.06        19.19        32.87
           133   1238   -128.76834    0.01    99.74      3.80        52.06        19.19        32.87
           134    420   -128.79024    0.01    99.76      3.81        52.07        19.20        32.87
           135    398   -128.81945    0.01    99.77      3.83        52.09        19.22        32.87
           136    258   -128.85804    0.01    99.78      3.85        52.11        19.30        32.82
           137    855   -128.93795    0.01    99.79      3.90        52.16        19.22        32.95
           138    190   -128.94316    0.01    99.80      3.90        52.17        19.38        32.78
           139   1338   -128.97402    0.01    99.81      3.92        52.18        19.36        32.82
           140   1252   -129.00972    0.01    99.82      3.94        52.21        19.26        32.95
          ------------------------------------------------------------------------------------------

          --------------------------------------------------------
          Potential Energy: E = (U+W) + H.O. Equipartion energy
          --------------------------------------------------------

          ------------------------------------------------------------------------------------------
          Rank    ID         E          U+W            U        W(PBSA)          PB           SA
          ------------------------------------------------------------------------------------------
             1    316        15.91        -5.55        47.19       -52.74       -55.13         2.39
             2    307        16.05        -5.41        47.84       -53.25       -55.60         2.35
             3   1283        16.07        -5.39        47.84       -53.24       -55.59         2.35
             4   1284        16.28        -5.18        48.00       -53.18       -55.53         2.35
             5   1194        16.28        -5.18        48.00       -53.18       -55.52         2.34
             6    285        16.39        -5.07        47.85       -52.92       -55.28         2.36
             7   1255        16.43        -5.04        47.85       -52.88       -55.23         2.35
             8    487        16.47        -4.99        48.03       -53.02       -55.38         2.36
             9    611        16.47        -4.99        48.21       -53.20       -55.54         2.34
            10    613        16.48        -4.98        48.03       -53.02       -55.37         2.36
            11    493        16.49        -4.97        48.21       -53.18       -55.53         2.35
            12   1229        16.52        -4.94        48.46       -53.40       -55.71         2.31
            13    198        16.47        -5.00        48.67       -53.66       -55.97         2.31
            14    473        16.55        -4.91        48.49       -53.40       -55.72         2.32
            15   1278        16.56        -4.90        48.49       -53.39       -55.72         2.33
            16    761        16.50        -4.96        48.67       -53.63       -55.95         2.32
            17   1075        16.58        -4.88        48.46       -53.34       -55.65         2.31
            18   1275        16.60        -4.86        48.70       -53.56       -55.86         2.30
            19    201        16.61        -4.85        48.70       -53.55       -55.87         2.33
            20   1290        16.64        -4.82        48.74       -53.55       -55.89         2.34
            21    778        16.66        -4.81        48.74       -53.54       -55.86         2.32
            22    490        16.67        -4.79        48.94       -53.74       -56.05         2.31
            23   1010        16.72        -4.74        48.58       -53.33       -55.65         2.33
            24   1038        16.75        -4.71        48.94       -53.65       -55.99         2.33
            25    136        16.75        -4.71        48.72       -53.43       -55.78         2.34
            26   1221        16.78        -4.68        48.66       -53.34       -55.67         2.33
            27   1178        16.66        -4.80        48.96       -53.76       -56.08         2.32
            28    155        16.66        -4.80        48.96       -53.76       -56.08         2.32
            29   1365        16.81        -4.65        48.66       -53.31       -55.64         2.33
            30    964        16.82        -4.64        48.72       -53.36       -55.68         2.32
            31    779        16.83        -4.63        48.73       -53.36       -55.69         2.33
            32    725        16.89        -4.57        48.77       -53.34       -55.67         2.33
            33    799        16.87        -4.59        48.73       -53.33       -55.66         2.33
            34    220        16.68        -4.79        48.49       -53.28       -55.57         2.29
            35    459        16.71        -4.75        48.49       -53.24       -55.52         2.28
            36   1046        16.92        -4.54        48.77       -53.31       -55.64         2.34
            37    811        16.73        -4.73        48.91       -53.64       -55.96         2.31
            38   1352        16.75        -4.71        48.91       -53.62       -55.93         2.31
            39   1185        17.10        -4.36        48.90       -53.26       -55.57         2.31
            40    931        17.12        -4.34        48.90       -53.24       -55.59         2.34
            41   1253        16.98        -4.49        49.28       -53.76       -56.06         2.30
            42    166        16.99        -4.47        49.28       -53.75       -56.03         2.29
            43     70        16.85        -4.61        49.20       -53.81       -56.08         2.28
            44   1114        16.87        -4.59        49.15       -53.74       -56.02         2.29
            45    854        17.06        -4.40        49.23       -53.63       -55.90         2.28
            46    291        16.88        -4.58        49.43       -54.01       -56.29         2.28
            47    839        17.07        -4.39        49.23       -53.62       -55.90         2.29
            48   1373        17.04        -4.43        49.41       -53.84       -56.13         2.29
            49   1343        16.92        -4.54        49.15       -53.69       -55.96         2.28
            50    172        16.91        -4.55        49.20       -53.74       -56.03         2.29
            51    727        17.16        -4.30        49.15       -53.45       -55.74         2.28
            52   1215        16.95        -4.51        49.43       -53.94       -56.20         2.26
            53    240        17.19        -4.27        49.15       -53.43       -55.73         2.30
            54    429        16.98        -4.48        49.23       -53.71       -55.98         2.27
            55   1048        17.32        -4.15        49.32       -53.47       -55.77         2.30
            56    802        17.08        -4.39        49.57       -53.95       -56.24         2.29
            57   1340        17.20        -4.26        49.42       -53.69       -55.97         2.28
            58   1063        17.33        -4.13        49.32       -53.45       -55.75         2.30
            59   1337        17.03        -4.44        49.23       -53.67       -55.96         2.30
            60    281        17.02        -4.45        49.68       -54.12       -56.39         2.27
            61   1003        17.11        -4.36        49.57       -53.92       -56.21         2.29
            62    838        17.30        -4.16        49.40       -53.56       -55.89         2.33
            63    243        17.23        -4.23        49.42       -53.66       -55.95         2.29
            64    251        17.21        -4.26        49.69       -53.95       -56.23         2.28
            65    446        16.92        -4.54        49.45       -53.99       -56.28         2.29
            66   1355        17.07        -4.39        49.68       -54.07       -56.33         2.27
            67   1371        17.23        -4.24        49.69       -53.93       -56.22         2.29
            68    550        17.09        -4.37        49.26       -53.63       -55.89         2.26
            69    567        16.96        -4.50        49.45       -53.95       -56.23         2.27
            70    747        17.13        -4.34        49.25       -53.59       -55.89         2.30
            71   1225        17.17        -4.29        49.21       -53.50       -55.78         2.29
            72    508        17.20        -4.26        49.21       -53.47       -55.74         2.27
            73   1328        17.34        -4.12        49.64       -53.76       -56.04         2.28
            74    860        17.02        -4.44        49.28       -53.72       -55.98         2.26
            75    956        17.03        -4.43        49.28       -53.71       -55.99         2.27
            76    223        17.17        -4.30        49.63       -53.93       -56.19         2.26
            77    215        17.21        -4.25        49.64       -53.89       -56.13         2.24
            78    464        17.23        -4.23        49.64       -53.87       -56.10         2.23
            79     68        17.41        -4.05        49.82       -53.87       -56.12         2.25
            80     67        17.43        -4.03        49.82       -53.85       -56.10         2.25
            81    684        17.21        -4.26        49.82       -54.08       -56.30         2.22
            82    282        17.32        -4.14        50.09       -54.23       -56.46         2.23
            83    768        17.24        -4.22        49.82       -54.04       -56.28         2.23
            84   1117        17.76        -3.70        50.41       -54.12       -56.32         2.20
            85    235        17.84        -3.63        50.41       -54.04       -56.26         2.22
            86   1050        17.40        -4.06        50.05       -54.11       -56.31         2.20
            87    859        18.52        -2.94        50.88       -53.82       -56.14         2.32
            88   1090        18.54        -2.93        50.88       -53.81       -56.13         2.32
            89   1364        18.55        -2.91        50.87       -53.78       -56.10         2.32
            90    546        18.63        -2.83        50.87       -53.70       -56.03         2.33
            91    187        18.44        -3.02        50.86       -53.88       -56.20         2.32
            92   1099        18.79        -2.68        51.40       -54.07       -56.39         2.31
            93    752        18.88        -2.59        50.68       -53.27       -55.57         2.30
            94    439        18.88        -2.59        50.68       -53.27       -55.57         2.30
            95   1248        18.87        -2.59        50.66       -53.26       -55.57         2.31
            96   1349        18.83        -2.63        51.40       -54.03       -56.34         2.32
            97   1081        19.07        -2.39        51.49       -53.88       -56.16         2.28
            98    524        18.79        -2.67        51.33       -54.00       -56.28         2.28
            99    996        18.97        -2.50        51.40       -53.90       -56.16         2.26
           100    991        18.91        -2.55        50.66       -53.21       -55.52         2.31
           101   1357        18.91        -2.56        51.21       -53.77       -56.07         2.30
           102   1079        18.93        -2.53        51.18       -53.72       -56.01         2.29
           103    732        18.93        -2.53        51.18       -53.72       -56.00         2.29
           104   1366        19.03        -2.43        51.40       -53.83       -56.11         2.28
           105    455        18.96        -2.50        51.21       -53.72       -56.01         2.29
           106    454        18.88        -2.58        51.33       -53.91       -56.20         2.30
           107   1002        19.20        -2.26        51.61       -53.87       -56.16         2.29
           108   1306        19.13        -2.34        51.55       -53.89       -56.15         2.26
           109    804        18.98        -2.48        51.30       -53.78       -56.03         2.26
           110   1074        19.18        -2.28        51.55       -53.83       -56.12         2.29
           111    533        19.01        -2.45        51.30       -53.75       -56.02         2.27
           112   1004        19.31        -2.15        51.60       -53.76       -56.05         2.29
           113    672        19.22        -2.25        51.69       -53.94       -56.18         2.24
           114    238        18.63        -2.83        51.40       -54.24       -56.49         2.26
           115    820        18.64        -2.82        51.40       -54.22       -56.46         2.24
           116    367        19.27        -2.19        51.69       -53.88       -56.15         2.27
           117   1319        19.22        -2.25        51.52       -53.77       -56.08         2.31
           118    997        19.24        -2.23        51.52       -53.75       -56.04         2.30
           119   1208        19.16        -2.31        51.61       -53.91       -56.22         2.31
           120    659        19.16        -2.30        51.61       -53.91       -56.18         2.27
           121    283        19.08        -2.38        51.46       -53.85       -56.12         2.28
           122    262        19.12        -2.34        51.51       -53.85       -56.12         2.27
           123    857        19.15        -2.31        51.51       -53.82       -56.10         2.28
           124   1323        19.14        -2.32        51.66       -53.98       -56.24         2.26
           125    751        19.19        -2.28        51.30       -53.57       -55.84         2.27
           126    990        19.16        -2.31        51.41       -53.71       -55.99         2.28
           127   1246        19.14        -2.32        51.43       -53.74       -56.03         2.28
           128   1244        19.15        -2.32        51.43       -53.74       -56.02         2.28
           129    556        19.24        -2.22        51.44       -53.67       -55.93         2.26
           130   1060        19.24        -2.22        51.68       -53.90       -56.17         2.27
           131    174        19.25        -2.21        51.30       -53.50       -55.79         2.28
           132    402        19.19        -2.27        51.83       -54.10       -56.38         2.28
           133   1238        19.19        -2.27        51.89       -54.16       -56.42         2.26
           134    420        19.20        -2.26        51.89       -54.15       -56.40         2.25
           135    398        19.22        -2.24        51.83       -54.07       -56.35         2.28
           136    258        19.30        -2.16        51.95       -54.12       -56.40         2.29
           137    855        19.22        -2.24        51.94       -54.19       -56.42         2.23
           138    190        19.38        -2.08        51.40       -53.48       -55.76         2.29
           139   1338        19.36        -2.10        51.31       -53.41       -55.70         2.28
           140   1252        19.26        -2.20        51.95       -54.15       -56.37         2.22
          ------------------------------------------------------------------------------------------

          ----------------------------------------
          Gas Phase Internal Potential Energy: U
          ----------------------------------------

          ------------------------------------------------------------------------------------------
          Rank    ID         U         Valence     Coulomb        VdW         VdW6        VdW12
          ------------------------------------------------------------------------------------------
             1    316        47.19         2.16        44.45         0.59        -5.76         6.35
             2    307        47.84         2.26        44.89         0.69        -6.28         6.98
             3   1283        47.84         2.26        44.89         0.69        -6.28         6.98
             4   1284        48.00         2.46        44.90         0.64        -6.36         7.00
             5   1194        48.00         2.46        44.90         0.64        -6.36         7.00
             6    285        47.85         2.66        44.46         0.72        -6.38         7.10
             7   1255        47.85         2.66        44.46         0.72        -6.38         7.10
             8    487        48.03         2.70        44.62         0.71        -6.42         7.13
             9    611        48.21         2.70        44.82         0.70        -6.44         7.14
            10    613        48.03         2.70        44.62         0.71        -6.42         7.13
            11    493        48.21         2.70        44.82         0.70        -6.44         7.14
            12   1229        48.46         2.76        44.87         0.83        -6.90         7.73
            13    198        48.67         2.54        45.48         0.65        -7.10         7.74
            14    473        48.49         2.76        44.89         0.83        -6.90         7.73
            15   1278        48.49         2.76        44.89         0.83        -6.90         7.73
            16    761        48.67         2.54        45.48         0.65        -7.10         7.74
            17   1075        48.46         2.76        44.87         0.83        -6.90         7.73
            18   1275        48.70         2.79        45.12         0.78        -6.97         7.76
            19    201        48.70         2.79        45.12         0.78        -6.97         7.76
            20   1290        48.74         2.80        45.12         0.81        -6.95         7.76
            21    778        48.74         2.80        45.12         0.81        -6.95         7.76
            22    490        48.94         2.80        45.34         0.81        -6.96         7.77
            23   1010        48.58         2.82        44.92         0.84        -6.93         7.77
            24   1038        48.94         2.80        45.34         0.81        -6.96         7.77
            25    136        48.72         2.96        44.99         0.77        -7.01         7.78
            26   1221        48.66         2.96        44.93         0.77        -6.99         7.76
            27   1178        48.96         2.92        45.45         0.60        -7.36         7.96
            28    155        48.96         2.92        45.45         0.60        -7.36         7.96
            29   1365        48.66         2.96        44.93         0.77        -6.99         7.76
            30    964        48.72         2.96        44.99         0.77        -7.01         7.78
            31    779        48.73         2.99        45.00         0.74        -7.04         7.78
            32    725        48.77         3.05        44.91         0.81        -6.97         7.78
            33    799        48.73         2.99        45.00         0.74        -7.03         7.78
            34    220        48.49         3.12        44.69         0.68        -7.35         8.03
            35    459        48.49         3.12        44.69         0.68        -7.35         8.03
            36   1046        48.77         3.17        44.79         0.81        -7.08         7.89
            37    811        48.91         3.15        45.13         0.63        -7.45         8.08
            38   1352        48.91         3.15        45.13         0.63        -7.45         8.08
            39   1185        48.90         3.28        44.74         0.88        -6.99         7.87
            40    931        48.90         3.28        44.74         0.88        -6.99         7.87
            41   1253        49.28         3.05        45.46         0.77        -7.73         8.50
            42    166        49.28         3.05        45.46         0.77        -7.73         8.50
            43     70        49.20         3.02        45.59         0.59        -8.07         8.66
            44   1114        49.15         3.22        45.15         0.78        -7.88         8.66
            45    854        49.23         3.27        45.07         0.89        -7.62         8.51
            46    291        49.43         3.21        45.44         0.77        -7.92         8.68
            47    839        49.23         3.27        45.07         0.89        -7.62         8.51
            48   1373        49.41         3.04        45.61         0.76        -7.76         8.52
            49   1343        49.15         3.22        45.15         0.78        -7.88         8.66
            50    172        49.20         3.02        45.59         0.59        -8.07         8.66
            51    727        49.15         3.30        44.91         0.95        -7.57         8.52
            52   1215        49.43         3.21        45.44         0.77        -7.92         8.68
            53    240        49.15         3.30        44.91         0.95        -7.57         8.52
            54    429        49.23         3.28        45.18         0.78        -7.94         8.72
            55   1048        49.32         3.41        44.89         1.02        -7.48         8.50
            56    802        49.57         3.38        45.52         0.67        -8.07         8.74
            57   1340        49.42         3.13        45.47         0.82        -7.70         8.53
            58   1063        49.32         3.41        44.89         1.02        -7.48         8.50
            59   1337        49.23         3.28        45.18         0.78        -7.94         8.72
            60    281        49.68         3.24        45.76         0.68        -8.04         8.72
            61   1003        49.57         3.38        45.52         0.67        -8.07         8.74
            62    838        49.40         3.37        45.07         0.97        -7.53         8.49
            63    243        49.42         3.13        45.47         0.82        -7.70         8.53
            64    251        49.69         3.07        45.91         0.71        -7.81         8.52
            65    446        49.45         3.38        45.56         0.52        -8.35         8.87
            66   1355        49.68         3.24        45.76         0.68        -8.04         8.72
            67   1371        49.69         3.07        45.91         0.71        -7.81         8.52
            68    550        49.26         3.39        45.18         0.68        -8.02         8.70
            69    567        49.45         3.38        45.56         0.52        -8.35         8.87
            70    747        49.25         3.39        45.18         0.68        -8.02         8.70
            71   1225        49.21         3.47        44.96         0.79        -7.90         8.69
            72    508        49.21         3.47        44.96         0.79        -7.90         8.69
            73   1328        49.64         3.49        45.36         0.79        -7.91         8.70
            74    860        49.28         3.57        45.11         0.60        -8.33         8.93
            75    956        49.28         3.57        45.11         0.60        -8.33         8.93
            76    223        49.63         3.47        45.63         0.53        -9.03         9.56
            77    215        49.64         3.69        45.20         0.75        -8.83         9.57
            78    464        49.64         3.69        45.20         0.75        -8.83         9.57
            79     68        49.82         3.55        45.47         0.80        -8.64         9.44
            80     67        49.82         3.55        45.47         0.80        -8.64         9.44
            81    684        49.82         3.80        45.51         0.52        -9.17         9.69
            82    282        50.09         3.65        45.80         0.64        -8.93         9.57
            83    768        49.82         3.80        45.51         0.52        -9.17         9.69
            84   1117        50.41         3.47        46.37         0.57        -8.86         9.43
            85    235        50.41         3.47        46.37         0.57        -8.86         9.43
            86   1050        50.05         3.90        45.62         0.53        -9.87        10.40
            87    859        50.88         3.75        46.57         0.55        -7.28         7.83
            88   1090        50.88         3.75        46.57         0.55        -7.28         7.83
            89   1364        50.87         4.70        45.54         0.64        -7.29         7.92
            90    546        50.87         4.70        45.54         0.64        -7.29         7.92
            91    187        50.86         4.55        45.76         0.56        -7.49         8.05
            92   1099        51.40         4.71        46.08         0.61        -8.06         8.67
            93    752        50.68         5.15        44.81         0.71        -7.31         8.03
            94    439        50.68         5.15        44.81         0.71        -7.31         8.03
            95   1248        50.66         5.13        44.84         0.69        -7.33         8.02
            96   1349        51.40         4.71        46.08         0.61        -8.06         8.67
            97   1081        51.49         5.17        45.59         0.73        -7.96         8.69
            98    524        51.33         4.99        45.66         0.67        -8.11         8.78
            99    996        51.40         4.23        46.51         0.65        -7.96         8.62
           100    991        50.66         5.13        44.84         0.69        -7.33         8.02
           101   1357        51.21         5.19        45.36         0.66        -7.41         8.06
           102   1079        51.18         5.19        45.35         0.64        -7.43         8.07
           103    732        51.18         5.19        45.35         0.64        -7.43         8.07
           104   1366        51.40         4.23        46.51         0.65        -7.96         8.62
           105    455        51.21         5.19        45.36         0.66        -7.41         8.06
           106    454        51.33         4.99        45.66         0.67        -8.11         8.79
           107   1002        51.61         4.45        46.42         0.74        -7.82         8.56
           108   1306        51.55         4.25        46.64         0.66        -7.94         8.60
           109    804        51.30         5.23        45.28         0.79        -7.86         8.65
           110   1074        51.55         4.25        46.64         0.66        -7.94         8.60
           111    533        51.30         5.23        45.28         0.79        -7.86         8.65
           112   1004        51.60         4.45        46.42         0.74        -7.82         8.56
           113    672        51.69         4.26        46.78         0.65        -7.96         8.61
           114    238        51.40         5.07        46.08         0.26        -8.82         9.07
           115    820        51.40         5.07        46.08         0.26        -8.82         9.07
           116    367        51.69         4.26        46.78         0.65        -7.96         8.61
           117   1319        51.52         5.28        45.45         0.80        -7.89         8.69
           118    997        51.52         5.28        45.45         0.80        -7.89         8.69
           119   1208        51.61         5.20        45.65         0.76        -8.00         8.76
           120    659        51.61         5.20        45.65         0.76        -8.00         8.76
           121    283        51.46         5.28        45.45         0.74        -7.94         8.68
           122    262        51.51         5.25        45.47         0.79        -7.87         8.66
           123    857        51.51         5.25        45.47         0.79        -7.87         8.66
           124   1323        51.66         5.23        45.68         0.76        -7.91         8.67
           125    751        51.30         5.43        45.12         0.75        -7.91         8.66
           126    990        51.41         5.34        45.27         0.80        -7.90         8.70
           127   1246        51.43         5.32        45.31         0.79        -7.91         8.70
           128   1244        51.43         5.32        45.31         0.79        -7.91         8.70
           129    556        51.44         5.42        45.33         0.69        -8.01         8.70
           130   1060        51.68         5.25        45.64         0.79        -7.89         8.68
           131    174        51.30         5.43        45.12         0.75        -7.91         8.66
           132    402        51.83         4.86        46.52         0.44        -8.27         8.71
           133   1238        51.89         5.15        46.02         0.71        -8.70         9.42
           134    420        51.89         5.15        46.02         0.71        -8.70         9.42
           135    398        51.83         4.86        46.52         0.44        -8.27         8.71
           136    258        51.95         5.28        45.97         0.70        -8.00         8.70
           137    855        51.94         4.65        46.72         0.58        -8.95         9.53
           138    190        51.40         5.54        45.03         0.83        -7.85         8.67
           139   1338        51.31         5.46        45.07         0.77        -7.91         8.68
           140   1252        51.95         4.65        46.72         0.58        -8.95         9.53
          ------------------------------------------------------------------------------------------

          -------------------------------
          Bonded Energy Terms: Valence
          -------------------------------

          ------------------------------------------------------------------------------------------
          Rank    ID     Valence       Bond        Angle         Pdih         Idih       Tether
          ------------------------------------------------------------------------------------------
             1    316         2.16         0.13         0.39         1.63         0.00         0.00
             2    307         2.26         0.15         0.43         1.67         0.00         0.00
             3   1283         2.26         0.15         0.43         1.67         0.00         0.00
             4   1284         2.46         0.15         0.52         1.79         0.00         0.00
             5   1194         2.46         0.15         0.52         1.79         0.00         0.00
             6    285         2.66         0.16         0.63         1.86         0.00         0.00
             7   1255         2.66         0.16         0.63         1.86         0.00         0.00
             8    487         2.70         0.17         0.66         1.87         0.00         0.00
             9    611         2.70         0.17         0.66         1.87         0.00         0.00
            10    613         2.70         0.17         0.66         1.87         0.00         0.00
            11    493         2.70         0.17         0.66         1.87         0.00         0.00
            12   1229         2.76         0.18         0.67         1.90         0.00         0.00
            13    198         2.54         0.18         0.63         1.74         0.00         0.00
            14    473         2.76         0.18         0.67         1.90         0.00         0.00
            15   1278         2.76         0.18         0.67         1.90         0.00         0.00
            16    761         2.54         0.18         0.63         1.74         0.00         0.00
            17   1075         2.76         0.18         0.67         1.90         0.00         0.00
            18   1275         2.79         0.19         0.67         1.93         0.00         0.00
            19    201         2.79         0.19         0.67         1.93         0.00         0.00
            20   1290         2.80         0.19         0.70         1.92         0.00         0.00
            21    778         2.80         0.19         0.70         1.92         0.00         0.00
            22    490         2.80         0.19         0.70         1.92         0.00         0.00
            23   1010         2.82         0.19         0.72         1.91         0.00         0.00
            24   1038         2.80         0.19         0.70         1.92         0.00         0.00
            25    136         2.96         0.19         0.76         2.02         0.00         0.00
            26   1221         2.96         0.19         0.76         2.02         0.00         0.00
            27   1178         2.92         0.20         0.89         1.83         0.00         0.00
            28    155         2.92         0.20         0.89         1.83         0.00         0.00
            29   1365         2.96         0.19         0.76         2.02         0.00         0.00
            30    964         2.96         0.19         0.76         2.02         0.00         0.00
            31    779         2.99         0.19         0.75         2.04         0.00         0.00
            32    725         3.05         0.20         0.81         2.04         0.00         0.00
            33    799         2.99         0.19         0.75         2.04         0.00         0.00
            34    220         3.12         0.21         1.04         1.87         0.00         0.00
            35    459         3.12         0.21         1.04         1.87         0.00         0.00
            36   1046         3.17         0.20         0.85         2.12         0.00         0.00
            37    811         3.15         0.21         1.07         1.86         0.00         0.00
            38   1352         3.15         0.21         1.07         1.86         0.00         0.00
            39   1185         3.28         0.21         0.95         2.12         0.00         0.00
            40    931         3.28         0.21         0.95         2.12         0.00         0.00
            41   1253         3.05         0.21         0.87         1.97         0.00         0.00
            42    166         3.05         0.21         0.87         1.97         0.00         0.00
            43     70         3.02         0.22         0.96         1.84         0.00         0.00
            44   1114         3.22         0.23         1.08         1.91         0.00         0.00
            45    854         3.27         0.22         0.87         2.18         0.00         0.00
            46    291         3.21         0.23         1.08         1.91         0.00         0.00
            47    839         3.27         0.22         0.87         2.18         0.00         0.00
            48   1373         3.04         0.21         0.87         1.96         0.00         0.00
            49   1343         3.22         0.23         1.08         1.91         0.00         0.00
            50    172         3.02         0.22         0.96         1.84         0.00         0.00
            51    727         3.30         0.23         0.91         2.16         0.00         0.00
            52   1215         3.21         0.23         1.08         1.91         0.00         0.00
            53    240         3.30         0.23         0.91         2.16         0.00         0.00
            54    429         3.28         0.24         1.16         1.88         0.00         0.00
            55   1048         3.41         0.24         1.01         2.16         0.00         0.00
            56    802         3.38         0.23         1.07         2.08         0.00         0.00
            57   1340         3.13         0.22         0.94         1.97         0.00         0.00
            58   1063         3.41         0.24         1.01         2.16         0.00         0.00
            59   1337         3.28         0.24         1.16         1.88         0.00         0.00
            60    281         3.24         0.23         1.08         1.93         0.00         0.00
            61   1003         3.38         0.23         1.07         2.08         0.00         0.00
            62    838         3.37         0.23         0.96         2.17         0.00         0.00
            63    243         3.13         0.22         0.94         1.97         0.00         0.00
            64    251         3.07         0.22         0.85         2.00         0.00         0.00
            65    446         3.38         0.24         1.24         1.90         0.00         0.00
            66   1355         3.24         0.23         1.08         1.93         0.00         0.00
            67   1371         3.07         0.22         0.85         2.00         0.00         0.00
            68    550         3.39         0.23         1.12         2.04         0.00         0.00
            69    567         3.38         0.24         1.24         1.90         0.00         0.00
            70    747         3.39         0.23         1.12         2.04         0.00         0.00
            71   1225         3.47         0.24         1.21         2.02         0.00         0.00
            72    508         3.47         0.24         1.21         2.02         0.00         0.00
            73   1328         3.49         0.24         1.20         2.05         0.00         0.00
            74    860         3.57         0.25         1.37         1.94         0.00         0.00
            75    956         3.57         0.25         1.37         1.94         0.00         0.00
            76    223         3.47         0.27         1.30         1.91         0.00         0.00
            77    215         3.69         0.28         1.44         1.97         0.00         0.00
            78    464         3.69         0.28         1.44         1.97         0.00         0.00
            79     68         3.55         0.26         1.34         1.95         0.00         0.00
            80     67         3.55         0.26         1.34         1.95         0.00         0.00
            81    684         3.80         0.28         1.54         1.98         0.00         0.00
            82    282         3.65         0.27         1.38         2.00         0.00         0.00
            83    768         3.80         0.28         1.54         1.98         0.00         0.00
            84   1117         3.47         0.26         1.22         2.00         0.00         0.00
            85    235         3.47         0.26         1.22         2.00         0.00         0.00
            86   1050         3.90         0.31         1.61         1.98         0.00         0.00
            87    859         3.75         0.19         0.96         2.61         0.00         0.00
            88   1090         3.75         0.19         0.96         2.61         0.00         0.00
            89   1364         4.70         0.21         1.11         3.37         0.00         0.00
            90    546         4.70         0.21         1.12         3.37         0.00         0.00
            91    187         4.55         0.20         1.15         3.20         0.00         0.00
            92   1099         4.71         0.23         1.34         3.14         0.00         0.00
            93    752         5.15         0.21         1.19         3.75         0.00         0.00
            94    439         5.15         0.21         1.19         3.75         0.00         0.00
            95   1248         5.13         0.21         1.15         3.76         0.00         0.00
            96   1349         4.71         0.23         1.34         3.14         0.00         0.00
            97   1081         5.17         0.25         1.36         3.56         0.00         0.00
            98    524         4.99         0.23         1.33         3.43         0.00         0.00
            99    996         4.23         0.23         1.15         2.86         0.00         0.00
           100    991         5.13         0.21         1.15         3.76         0.00         0.00
           101   1357         5.19         0.22         1.18         3.80         0.00         0.00
           102   1079         5.19         0.22         1.17         3.80         0.00         0.00
           103    732         5.19         0.22         1.17         3.80         0.00         0.00
           104   1366         4.23         0.23         1.15         2.86         0.00         0.00
           105    455         5.19         0.22         1.18         3.80         0.00         0.00
           106    454         4.99         0.23         1.33         3.43         0.00         0.00
           107   1002         4.45         0.23         1.30         2.92         0.00         0.00
           108   1306         4.25         0.22         1.19         2.84         0.00         0.00
           109    804         5.23         0.23         1.20         3.80         0.00         0.00
           110   1074         4.25         0.22         1.19         2.84         0.00         0.00
           111    533         5.23         0.23         1.20         3.80         0.00         0.00
           112   1004         4.45         0.23         1.30         2.92         0.00         0.00
           113    672         4.26         0.22         1.19         2.84         0.00         0.00
           114    238         5.07         0.24         1.72         3.10         0.00         0.00
           115    820         5.07         0.24         1.72         3.10         0.00         0.00
           116    367         4.26         0.22         1.19         2.84         0.00         0.00
           117   1319         5.28         0.25         1.29         3.74         0.00         0.00
           118    997         5.28         0.25         1.29         3.74         0.00         0.00
           119   1208         5.20         0.24         1.46         3.51         0.00         0.00
           120    659         5.20         0.24         1.46         3.51         0.00         0.00
           121    283         5.28         0.23         1.19         3.86         0.00         0.00
           122    262         5.25         0.23         1.24         3.78         0.00         0.00
           123    857         5.25         0.23         1.24         3.78         0.00         0.00
           124   1323         5.23         0.24         1.18         3.81         0.00         0.00
           125    751         5.43         0.23         1.29         3.90         0.00         0.00
           126    990         5.34         0.24         1.23         3.87         0.00         0.00
           127   1246         5.32         0.24         1.18         3.91         0.00         0.00
           128   1244         5.32         0.24         1.18         3.91         0.00         0.00
           129    556         5.42         0.24         1.29         3.90         0.00         0.00
           130   1060         5.25         0.24         1.22         3.80         0.00         0.00
           131    174         5.43         0.23         1.29         3.90         0.00         0.00
           132    402         4.86         0.24         1.44         3.18         0.00         0.00
           133   1238         5.15         0.26         1.54         3.35         0.00         0.00
           134    420         5.15         0.26         1.54         3.35         0.00         0.00
           135    398         4.86         0.24         1.44         3.18         0.00         0.00
           136    258         5.28         0.24         1.24         3.80         0.00         0.00
           137    855         4.65         0.27         1.50         2.88         0.00         0.00
           138    190         5.54         0.24         1.34         3.96         0.00         0.00
           139   1338         5.46         0.24         1.24         3.98         0.00         0.00
           140   1252         4.65         0.27         1.50         2.88         0.00         0.00
          ------------------------------------------------------------------------------------------

          Calculating single reference conformer RMSDs ...

          ---------------------------------
          Conformer RMSDs are in Angstroms.
          ---------------------------------

          ------------------------------------------------------------------------------------------
                              RMSD wrt Input Crd                    RMSD wrt Rank 1
                         ---------------------------------------------------------------------------
          Rank    ID        Complex    Receptor  Ligand          Complex    Receptor  Ligand
          ------------------------------------------------------------------------------------------
             1    316                             0.018                               0.000
             2    307                             0.666                               0.685
             3   1283                             0.666                               0.685
             4   1284                             1.397                               1.443
             5   1194                             0.811                               0.798
             6    285                             0.753                               0.750
             7   1255                             0.753                               0.750
             8    487                             0.708                               0.719
             9    611                             2.379                               2.310
            10    613                             0.708                               0.719
            11    493                             1.932                               1.884
            12   1229                             2.028                               1.986
            13    198                             1.254                               1.212
            14    473                             0.915                               0.900
            15   1278                             1.050                               1.024
            16    761                             1.219                               1.149
            17   1075                             1.105                               1.194
            18   1275                             2.169                               2.109
            19    201                             2.263                               1.152
            20   1290                             0.950                               0.959
            21    778                             0.950                               0.959
            22    490                             1.858                               2.297
            23   1010                             0.672                               0.675
            24   1038                             1.823                               1.741
            25    136                             1.931                               2.071
            26   1221                             1.089                               0.992
            27   1178                             2.373                               2.286
            28    155                             2.312                               2.256
            29   1365                             1.089                               0.992
            30    964                             2.185                               2.138
            31    779                             1.852                               0.933
            32    725                             1.865                               1.778
            33    799                             1.851                               0.932
            34    220                             1.921                               1.897
            35    459                             1.217                               1.232
            36   1046                             1.748                               1.687
            37    811                             2.307                               2.310
            38   1352                             2.312                               2.167
            39   1185                             0.809                               0.676
            40    931                             0.809                               0.676
            41   1253                             1.440                               1.541
            42    166                             1.530                               1.495
            43     70                             1.765                               1.516
            44   1114                             1.743                               1.704
            45    854                             2.220                               2.145
            46    291                             2.121                               1.582
            47    839                             2.153                               2.090
            48   1373                             1.696                               1.700
            49   1343                             1.826                               1.760
            50    172                             1.668                               1.603
            51    727                             2.296                               2.139
            52   1215                             2.297                               1.540
            53    240                             2.133                               1.309
            54    429                             1.145                               1.050
            55   1048                             1.329                               0.940
            56    802                             2.272                               1.751
            57   1340                             1.214                               1.206
            58   1063                             0.936                               0.940
            59   1337                             1.145                               1.176
            60    281                             2.047                               1.922
            61   1003                             2.415                               2.047
            62    838                             0.992                               1.046
            63    243                             1.171                               1.304
            64    251                             1.549                               1.623
            65    446                             2.106                               2.163
            66   1355                             1.960                               2.064
            67   1371                             1.434                               1.847
            68    550                             2.300                               2.093
            69    567                             2.344                               2.257
            70    747                             2.180                               2.042
            71   1225                             0.970                               1.054
            72    508                             1.056                               0.988
            73   1328                             1.190                               1.101
            74    860                             1.750                               1.713
            75    956                             1.487                               1.354
            76    223                             1.831                               1.662
            77    215                             1.668                               2.096
            78    464                             2.058                               1.977
            79     68                             1.995                               1.926
            80     67                             1.380                               1.432
            81    684                             1.739                               1.832
            82    282                             1.915                               2.074
            83    768                             1.960                               1.919
            84   1117                             2.583                               2.242
            85    235                             2.480                               2.360
            86   1050                             1.947                               1.803
            87    859                             1.224                               2.251
            88   1090                             1.210                               1.085
            89   1364                             2.318                               2.278
            90    546                             2.483                               2.097
            91    187                             1.868                               2.126
            92   1099                             2.387                               2.339
            93    752                             1.029                               1.145
            94    439                             1.029                               1.128
            95   1248                             1.085                               1.092
            96   1349                             2.461                               2.463
            97   1081                             2.114                               2.031
            98    524                             2.142                               2.165
            99    996                             1.417                               1.421
           100    991                             1.085                               1.868
           101   1357                             2.083                               2.030
           102   1079                             2.375                               2.295
           103    732                             2.281                               2.245
           104   1366                             1.295                               1.488
           105    455                             2.266                               2.172
           106    454                             2.165                               1.653
           107   1002                             1.840                               1.754
           108   1306                             1.484                               1.419
           109    804                             2.147                               2.085
           110   1074                             1.464                               1.632
           111    533                             1.590                               1.511
           112   1004                             1.912                               1.884
           113    672                             2.376                               2.254
           114    238                             2.226                               2.142
           115    820                             2.226                               2.233
           116    367                             2.297                               2.486
           117   1319                             1.620                               1.716
           118    997                             2.322                               2.225
           119   1208                             2.314                               2.307
           120    659                             1.598                               1.607
           121    283                             2.011                               1.570
           122    262                             1.564                               1.644
           123    857                             1.617                               1.636
           124   1323                             2.233                               1.873
           125    751                             2.071                               1.904
           126    990                             1.951                               1.558
           127   1246                             1.757                               1.591
           128   1244                             1.764                               2.584
           129    556                             1.794                               1.843
           130   1060                             2.526                               2.527
           131    174                             1.948                               1.878
           132    402                             2.045                               1.882
           133   1238                             2.223                               2.110
           134    420                             2.236                               1.720
           135    398                             2.110                               2.090
           136    258                             2.672                               2.749
           137    855                             2.455                               2.386
           138    190                             1.280                               1.279
           139   1338                             2.177                               2.095
           140   1252                             2.414                               1.793
          ------------------------------------------------------------------------------------------

          --------------------------------
          Final Boltzmann Averaged Data.
          --------------------------------

          -------------------------------------------------------------------
          Results of Boltzmann Averaging Over All  201 Conformers (kcal/mol).
          -------------------------------------------------------------------

          Free Energy                        G              46.7336500500
          Average Potential Energy         < E >            16.6117634752
          Entropy                           -TS             30.1218865748
          -------------------------------------------------------------------

          Average Potential Energy < E > Components.

          < U >                    48.5159634768
          < W(PBSA) >             -53.3658417991
          < H.O. P.E. >            21.4618296448

          Average Solvation Energy < W(PBSA) > Components.

          < PB >                  -55.6930593415
          < SA >                    2.3272175424

          Average Gas Phase Internal Potential Energy < U > Components.

          < Valence >               2.8090455206
          < Coulomb >              44.9847536428
          < VdW >                   0.7221643134

          Average Van der Waals Energy < VdW > Components.

          < VdW6  >                -6.9121618770
          < VdW12 >                 7.6343261904

          Average Bonded Energy < Valence > Components.

          < Bond >                  0.1838125197
          < Angle >                 0.7312190643
          < Pdihed >                1.8940139367
          < Idihed >                0.0000000000
          < Tether >                0.0000000000

          -------------------------------------------------------------------
                        End of VM2 Calculation Results Summary.
          -------------------------------------------------------------------


     Total cpu time for run         37.35 seconds.
                                     0.62 minutes.

     Total wall time for run        37.54 seconds.
                                     0.63 minutes.

     TIME STAMP: VCPack job finished normally : Sunday, August 07, 2022 at 12:03:52
