
     --------------------------------------------------------------------------------
                        Running Program VCPack. Version 2.8

                           VeraChem LLC, PO Box 2206
                           Germantown, MD 20875, U.S.A.

                                Tel. 240-686-0565
                                www.verachem.com
     --------------------------------------------------------------------------------


     Input file          :   guest-2_vm2.inp

     Output file         :   guest-2_vm2.out

     Summary output file :   guest-2_vm2.summary.out

     Executable : /data/comblab/vcCompChem_3b/exe/VC_CompChemPackage_mpi.exe

     Build date : Aug 13 2021  17:26:14

     This is a multiple processor run.

     MPI processes              :   16
     OpenMP threads per process :    0
     CUDA enabled               :  no

     TIME STAMP: VCPack job started : Saturday, August 06, 2022 at 17:10:10

     --------------------------------------------------------------------------------
                            Basic Calculation Control.
     --------------------------------------------------------------------------------

     Molecular system type                :  ligand          

     Calculation type                     :  vm2             

     Energy potential                     :  mm              

     Post-processing type                 :  none            

     Post-processing energy potential     :  none            

     Time limit in wall clock hours       :  96.00

     Read in starting conformers          :  no
     Type of conformers to read in        :  none
     Conformer source files(s)            :  none

     Use input .crd for complex build     :  no
     Place ligand confs. at input .crd    :  no
     Use input .crd as start conformer    :  yes

     Formatted output files               :  xyz     
                                          :  pdb     
                                          :  mol2    
                                          :  sdf     
                                          :  xyz     
                                          :  gms     
                                          :  csv     

     Split formatted output files         :  crd     

     Limit conformers in formatted files  :  bycount
     Maximum conformer count              :  1000

     Atoms to include in formatted files  :  all     

     Binary file restart type             :  none


     --------------------------------------------------------------------------------
                            Math Related Control and Set Up.
     --------------------------------------------------------------------------------

     Random number generator seeds :  bywallclock

     Seed 1 :           7216879
     Seed 2 :            637233
     Seed 3 :               737
     Seed 4 :             29097


     --------------------------------------------------------------------------------
                            Basic Molecular System Set Up.
     --------------------------------------------------------------------------------

     ------------------
     Ligand Data Files.
     ------------------

     Standard crd coordinate file            :  guest-2.crd
     VeraChem topology file                  :  guest-2.top
     Standard mol/sdf file                   :  guest-2.mol

     Total number of ligand atoms            :        23

     Included in this calculation.
     Number of real and live ligand atoms    :        23
     Number of real but fixed ligand atoms   :         0

     Ligand placement method                 :  none

     Snap ligand to template atoms           :      no

     -------------------------------
     Final Real/Live Set Atom Count.
     -------------------------------

     Total number of real atoms              :        23
     Total number of live atoms              :        23


     --------------------------------------------------------------------------------
                            Generate Initial Molecular Conformation.
     --------------------------------------------------------------------------------

     Mandatory input crd file(s) used for generation of a single starting conformer.


     --------------------------------------------------------------------------------
                             Energy Potential Settings.
     --------------------------------------------------------------------------------


     Molecular Mechanics package          :  vchem           

     Quantum Mechanics package            :  none            


     --------------------------------------------------------------------------------
                    Running VM2 Mining Minima Module. Version 2.8
     --------------------------------------------------------------------------------

     Iteration    Free Energy G             G Diff            # Conformers     # Diff
        1            37.292405              37.292405              20              20
        2            36.876413              -0.415992              53              33
        3            36.838902              -0.037511              54               1
        4            36.716737              -0.122166              71              17
        5            36.716733              -0.000004              71               0
        6            36.698570              -0.018163              77               6
        7            36.698368              -0.000202              78               1
        8            36.698045              -0.000323              83               5

     VM2 Free Energy converged after    8 iterations.

     Final VM2 Free Energy is      36.698045 Kcal/mol.

          --------------------------------
          Final Individual Conformer Data.
          --------------------------------

          List data for conformers with probability of at least :  0.01 %
          Rankings are with respect to : Free Energy (G)

          ------------------------
          Free Energy: G = E - TS
          ------------------------

          ------------------------------------------------------------------------------------------
          Rank    ID     ln(Zx)    Prob(%)  Sum Prob(%)  Del G        G            E            -TS
          ------------------------------------------------------------------------------------------
             1    241   -101.36031   12.96    12.96      0.00        37.92        10.40        27.52
             2    514   -101.87477    7.75    20.71      0.31        38.22        10.60        27.62
             3    130   -102.13701    5.96    26.67      0.46        38.38        10.76        27.62
             4    692   -102.24826    5.33    32.01      0.53        38.45        10.83        27.62
             5    548   -102.37785    4.69    36.69      0.61        38.52        10.89        27.63
             6    551   -102.43837    4.41    41.10      0.64        38.56        10.93        27.63
             7    679   -102.58214    3.82    44.92      0.73        38.64        11.03        27.62
             8    712   -102.59721    3.76    48.68      0.74        38.65        11.03        27.62
             9    555   -102.83733    2.96    51.64      0.88        38.80        11.06        27.73
            10    489   -102.90362    2.77    54.41      0.92        38.84        11.11        27.73
            11    282   -102.94232    2.66    57.08      0.94        38.86        11.13        27.73
            12    288   -102.96144    2.61    59.69      0.95        38.87        11.07        27.80
            13    657   -102.96250    2.61    62.30      0.96        38.87        11.14        27.73
            14    700   -102.96717    2.60    64.90      0.96        38.87        11.07        27.80
            15    190   -102.97882    2.57    67.47      0.96        38.88        11.15        27.73
            16    354   -103.03638    2.43    69.90      1.00        38.92        11.18        27.73
            17    561   -103.16188    2.14    72.03      1.07        38.99        11.29        27.70
            18    593   -103.17350    2.11    74.15      1.08        39.00        11.30        27.70
            19    343   -103.21993    2.02    76.17      1.11        39.02        11.29        27.74
            20    490   -103.22042    2.02    78.19      1.11        39.03        11.29        27.74
            21    698   -103.30214    1.86    80.04      1.16        39.07        11.22        27.85
            22    568   -103.30380    1.86    81.90      1.16        39.07        11.37        27.70
            23    345   -103.33826    1.79    83.69      1.18        39.10        11.24        27.85
            24    189   -103.35457    1.76    85.46      1.19        39.11        11.40        27.70
            25    176   -103.44301    1.61    87.07      1.24        39.16        11.21        27.95
            26    630   -103.57884    1.41    88.48      1.32        39.24        11.29        27.95
            27    293   -103.97753    0.95    89.43      1.56        39.48        11.44        28.04
            28    299   -104.02856    0.90    90.33      1.59        39.51        11.45        28.06
            29    264   -104.04404    0.89    91.21      1.60        39.52        11.63        27.89
            30    521   -104.04804    0.88    92.10      1.60        39.52        11.59        27.93
            31     72   -104.08377    0.85    92.95      1.62        39.54        11.65        27.89
            32    714   -104.10822    0.83    93.78      1.64        39.55        11.49        28.06
            33    292   -104.15002    0.80    94.57      1.66        39.58        11.54        28.04
            34     68   -104.18090    0.77    95.35      1.68        39.60        11.67        27.93
            35    104   -104.21452    0.75    96.09      1.70        39.62        11.56        28.05
            36    314   -104.27925    0.70    96.79      1.74        39.66        11.47        28.18
            37    573   -104.27949    0.70    97.49      1.74        39.66        11.60        28.05
            38    108   -104.37021    0.64    98.13      1.79        39.71        11.53        28.18
            39    542   -104.98033    0.35    98.48      2.16        40.07        11.70        28.38
            40    368   -105.02826    0.33    98.81      2.19        40.10        11.73        28.38
            41    670   -106.07884    0.12    98.92      2.81        40.73        13.06        27.67
            42    160   -106.08585    0.11    99.04      2.82        40.73        13.07        27.67
            43    361   -106.11777    0.11    99.15      2.84        40.75        13.11        27.65
            44    750   -106.19797    0.10    99.25      2.88        40.80        13.15        27.65
            45    140   -106.88419    0.05    99.31      3.29        41.21        13.41        27.80
            46    566   -106.90380    0.05    99.36      3.30        41.22        13.36        27.86
            47    164   -106.98473    0.05    99.40      3.35        41.27        13.41        27.86
            48    485   -107.01074    0.05    99.45      3.37        41.28        13.48        27.80
            49    326   -107.05757    0.04    99.49      3.40        41.31        13.46        27.85
            50    177   -107.15466    0.04    99.53      3.45        41.37        13.52        27.85
            51    699   -107.25758    0.04    99.57      3.52        41.43        13.75        27.69
            52    353   -107.26720    0.04    99.60      3.52        41.44        13.75        27.69
            53    141   -107.34376    0.03    99.63      3.57        41.48        13.15        28.33
            54    181   -107.37292    0.03    99.67      3.58        41.50        13.17        28.33
            55    475   -107.48751    0.03    99.69      3.65        41.57        13.58        27.99
            56    486   -107.56300    0.03    99.72      3.70        41.61        13.63        27.99
            57    571   -107.57765    0.03    99.75      3.71        41.62        13.67        27.95
            58    399   -107.58829    0.03    99.77      3.71        41.63        13.68        27.95
            59    511   -107.67014    0.02    99.80      3.76        41.68        13.72        27.95
            60    313   -107.72840    0.02    99.82      3.80        41.71        13.76        27.95
            61    412   -107.73970    0.02    99.84      3.80        41.72        13.77        27.95
            62    564   -107.83193    0.02    99.86      3.86        41.77        13.75        28.02
            63    682   -107.85213    0.02    99.88      3.87        41.79        13.89        27.90
            64    183   -107.86544    0.02    99.90      3.88        41.79        13.90        27.90
            65    560   -107.94461    0.02    99.92      3.93        41.84        13.82        28.02
            66    186   -108.03215    0.02    99.93      3.98        41.89        13.66        28.23
            67    755   -108.15157    0.01    99.95      4.05        41.96        13.74        28.23
          ------------------------------------------------------------------------------------------

          --------------------------------------------------------
          Potential Energy: E = (U+W) + H.O. Equipartion energy
          --------------------------------------------------------

          ------------------------------------------------------------------------------------------
          Rank    ID         E          U+W            U        W(PBSA)          PB           SA
          ------------------------------------------------------------------------------------------
             1    241        10.40        -8.38        46.60       -54.99       -57.16         2.18
             2    514        10.60        -8.18        47.29       -55.47       -57.60         2.13
             3    130        10.76        -8.02        47.37       -55.39       -57.54         2.15
             4    692        10.83        -7.95        47.37       -55.33       -57.49         2.16
             5    548        10.89        -7.89        47.26       -55.15       -57.31         2.16
             6    551        10.93        -7.85        47.26       -55.11       -57.28         2.17
             7    679        11.03        -7.75        47.56       -55.32       -57.47         2.16
             8    712        11.03        -7.74        47.56       -55.31       -57.45         2.14
             9    555        11.06        -7.72        47.96       -55.67       -57.79         2.12
            10    489        11.11        -7.67        48.08       -55.75       -57.89         2.14
            11    282        11.13        -7.65        48.11       -55.77       -57.86         2.10
            12    288        11.07        -7.71        48.05       -55.76       -57.87         2.10
            13    657        11.14        -7.64        47.96       -55.60       -57.74         2.14
            14    700        11.07        -7.71        48.05       -55.76       -57.85         2.09
            15    190        11.15        -7.63        48.08       -55.71       -57.84         2.13
            16    354        11.18        -7.60        48.11       -55.71       -57.83         2.12
            17    561        11.29        -7.49        48.04       -55.53       -57.68         2.15
            18    593        11.30        -7.48        48.04       -55.52       -57.65         2.13
            19    343        11.29        -7.49        47.96       -55.45       -57.57         2.12
            20    490        11.29        -7.49        47.96       -55.45       -57.58         2.13
            21    698        11.22        -7.56        48.23       -55.79       -57.90         2.12
            22    568        11.37        -7.41        48.05       -55.46       -57.59         2.14
            23    345        11.24        -7.54        48.23       -55.77       -57.89         2.12
            24    189        11.40        -7.38        48.05       -55.43       -57.54         2.12
            25    176        11.21        -7.57        48.05       -55.62       -57.72         2.10
            26    630        11.29        -7.49        48.05       -55.54       -57.64         2.10
            27    293        11.44        -7.34        48.50       -55.84       -57.93         2.08
            28    299        11.45        -7.33        48.59       -55.92       -58.01         2.09
            29    264        11.63        -7.15        48.73       -55.88       -57.96         2.08
            30    521        11.59        -7.19        48.78       -55.96       -58.04         2.07
            31     72        11.65        -7.13        48.73       -55.86       -57.94         2.08
            32    714        11.49        -7.29        48.59       -55.88       -57.96         2.09
            33    292        11.54        -7.24        48.50       -55.74       -57.82         2.08
            34     68        11.67        -7.11        48.78       -55.89       -57.96         2.07
            35    104        11.56        -7.22        48.78       -56.00       -58.05         2.05
            36    314        11.47        -7.31        48.64       -55.95       -58.03         2.08
            37    573        11.60        -7.18        48.78       -55.96       -58.03         2.07
            38    108        11.53        -7.25        48.64       -55.89       -57.96         2.07
            39    542        11.70        -7.08        48.99       -56.07       -58.11         2.04
            40    368        11.73        -7.05        48.99       -56.04       -58.10         2.06
            41    670        13.06        -5.72        50.17       -55.89       -57.99         2.10
            42    160        13.07        -5.71        50.17       -55.88       -57.98         2.09
            43    361        13.11        -5.67        50.13       -55.81       -57.92         2.12
            44    750        13.15        -5.62        50.13       -55.76       -57.89         2.13
            45    140        13.41        -5.37        50.66       -56.03       -58.11         2.08
            46    566        13.36        -5.42        50.25       -55.67       -57.77         2.10
            47    164        13.41        -5.37        50.25       -55.62       -57.71         2.09
            48    485        13.48        -5.30        50.66       -55.95       -58.04         2.08
            49    326        13.46        -5.32        50.30       -55.62       -57.72         2.10
            50    177        13.52        -5.26        50.30       -55.56       -57.70         2.13
            51    699        13.75        -5.03        50.92       -55.95       -58.03         2.08
            52    353        13.75        -5.03        50.92       -55.95       -58.00         2.06
            53    141        13.15        -5.63        50.46       -56.09       -58.15         2.07
            54    181        13.17        -5.61        50.46       -56.07       -58.14         2.07
            55    475        13.58        -5.20        50.63       -55.82       -57.89         2.07
            56    486        13.63        -5.15        50.63       -55.78       -57.84         2.06
            57    571        13.67        -5.11        50.70       -55.81       -57.88         2.07
            58    399        13.68        -5.10        50.70       -55.80       -57.87         2.07
            59    511        13.72        -5.05        50.98       -56.03       -58.08         2.05
            60    313        13.76        -5.02        50.98       -56.00       -58.05         2.05
            61    412        13.77        -5.01        50.70       -55.71       -57.77         2.06
            62    564        13.75        -5.02        51.11       -56.14       -58.23         2.09
            63    682        13.89        -4.89        51.04       -55.92       -57.99         2.06
            64    183        13.90        -4.88        51.04       -55.92       -57.98         2.06
            65    560        13.82        -4.96        51.11       -56.07       -58.13         2.06
            66    186        13.66        -5.11        51.05       -56.17       -58.20         2.04
            67    755        13.74        -5.04        51.05       -56.10       -58.13         2.03
          ------------------------------------------------------------------------------------------

          ----------------------------------------
          Gas Phase Internal Potential Energy: U
          ----------------------------------------

          ------------------------------------------------------------------------------------------
          Rank    ID         U         Valence     Coulomb        VdW         VdW6        VdW12
          ------------------------------------------------------------------------------------------
             1    241        46.60         1.73        44.43         0.44        -4.62         5.07
             2    514        47.29         1.83        44.91         0.55        -5.14         5.69
             3    130        47.37         2.03        44.84         0.50        -5.22         5.72
             4    692        47.37         2.03        44.84         0.50        -5.22         5.72
             5    548        47.26         2.23        44.45         0.58        -5.23         5.81
             6    551        47.26         2.23        44.45         0.58        -5.23         5.81
             7    679        47.56         2.27        44.72         0.57        -5.27         5.83
             8    712        47.56         2.27        44.72         0.57        -5.27         5.83
             9    555        47.96         2.34        44.94         0.68        -5.76         6.44
            10    489        48.08         2.34        45.07         0.68        -5.77         6.45
            11    282        48.11         2.37        45.09         0.65        -5.80         6.45
            12    288        48.05         2.12        45.43         0.50        -5.94         6.44
            13    657        47.96         2.34        44.94         0.68        -5.76         6.44
            14    700        48.05         2.12        45.43         0.50        -5.94         6.44
            15    190        48.08         2.34        45.07         0.68        -5.77         6.45
            16    354        48.11         2.37        45.09         0.65        -5.80         6.45
            17    561        48.04         2.41        44.93         0.70        -5.76         6.46
            18    593        48.04         2.41        44.93         0.70        -5.76         6.46
            19    343        47.96         2.52        44.82         0.61        -5.84         6.46
            20    490        47.96         2.52        44.82         0.61        -5.84         6.46
            21    698        48.23         2.50        45.26         0.48        -6.16         6.64
            22    568        48.05         2.58        44.79         0.67        -5.79         6.46
            23    345        48.23         2.50        45.26         0.48        -6.16         6.64
            24    189        48.05         2.58        44.79         0.67        -5.79         6.46
            25    176        48.05         2.69        44.81         0.55        -6.18         6.72
            26    630        48.05         2.69        44.81         0.55        -6.18         6.72
            27    293        48.50         2.82        44.99         0.69        -6.67         7.36
            28    299        48.59         2.60        45.52         0.47        -6.87         7.34
            29    264        48.73         2.67        45.37         0.68        -6.51         7.20
            30    521        48.78         2.60        45.58         0.59        -6.62         7.21
            31     72        48.73         2.67        45.37         0.68        -6.51         7.20
            32    714        48.59         2.60        45.52         0.47        -6.87         7.34
            33    292        48.50         2.82        44.99         0.69        -6.67         7.36
            34     68        48.78         2.60        45.58         0.59        -6.62         7.21
            35    104        48.78         2.78        45.40         0.60        -6.75         7.35
            36    314        48.64         2.92        45.27         0.45        -7.04         7.49
            37    573        48.78         2.78        45.40         0.60        -6.75         7.35
            38    108        48.64         2.92        45.27         0.45        -7.04         7.49
            39    542        48.99         3.02        45.51         0.46        -7.73         8.18
            40    368        48.99         3.02        45.51         0.46        -7.73         8.18
            41    670        50.17         3.34        46.42         0.41        -6.12         6.53
            42    160        50.17         3.34        46.42         0.41        -6.12         6.53
            43    361        50.13         4.28        45.34         0.52        -6.08         6.60
            44    750        50.13         4.28        45.34         0.52        -6.08         6.60
            45    140        50.66         3.78        46.35         0.52        -6.75         7.28
            46    566        50.25         4.70        44.99         0.56        -6.15         6.71
            47    164        50.25         4.70        44.99         0.56        -6.15         6.71
            48    485        50.66         3.78        46.35         0.52        -6.75         7.28
            49    326        50.30         4.72        45.00         0.57        -6.15         6.72
            50    177        50.30         4.72        45.00         0.57        -6.15         6.72
            51    699        50.92         3.99        46.34         0.59        -6.63         7.22
            52    353        50.92         3.99        46.34         0.59        -6.63         7.22
            53    141        50.46         4.63        45.56         0.27        -7.36         7.63
            54    181        50.46         4.63        45.56         0.27        -7.36         7.63
            55    475        50.63         4.84        45.10         0.69        -6.66         7.35
            56    486        50.63         4.84        45.10         0.69        -6.66         7.35
            57    571        50.70         4.82        45.21         0.67        -6.66         7.33
            58    399        50.70         4.88        45.09         0.73        -6.62         7.35
            59    511        50.98         4.79        45.57         0.61        -6.73         7.34
            60    313        50.98         4.79        45.57         0.61        -6.73         7.34
            61    412        50.70         4.88        45.09         0.73        -6.62         7.35
            62    564        51.11         4.46        46.32         0.34        -7.02         7.36
            63    682        51.04         5.12        45.32         0.60        -6.71         7.30
            64    183        51.04         5.12        45.32         0.60        -6.71         7.30
            65    560        51.11         4.46        46.32         0.34        -7.02         7.36
            66    186        51.05         5.02        45.79         0.24        -7.35         7.60
            67    755        51.05         5.02        45.79         0.24        -7.35         7.60
          ------------------------------------------------------------------------------------------

          -------------------------------
          Bonded Energy Terms: Valence
          -------------------------------

          ------------------------------------------------------------------------------------------
          Rank    ID     Valence       Bond        Angle         Pdih         Idih       Tether
          ------------------------------------------------------------------------------------------
             1    241         1.73         0.11         0.39         1.23         0.00         0.00
             2    514         1.83         0.13         0.43         1.27         0.00         0.00
             3    130         2.03         0.14         0.51         1.38         0.00         0.00
             4    692         2.03         0.14         0.51         1.38         0.00         0.00
             5    548         2.23         0.15         0.63         1.46         0.00         0.00
             6    551         2.23         0.15         0.63         1.46         0.00         0.00
             7    679         2.27         0.15         0.66         1.47         0.00         0.00
             8    712         2.27         0.15         0.66         1.47         0.00         0.00
             9    555         2.34         0.17         0.67         1.50         0.00         0.00
            10    489         2.34         0.17         0.67         1.50         0.00         0.00
            11    282         2.37         0.17         0.68         1.52         0.00         0.00
            12    288         2.12         0.16         0.63         1.33         0.00         0.00
            13    657         2.34         0.17         0.67         1.50         0.00         0.00
            14    700         2.12         0.16         0.63         1.33         0.00         0.00
            15    190         2.34         0.17         0.67         1.50         0.00         0.00
            16    354         2.37         0.17         0.68         1.52         0.00         0.00
            17    561         2.41         0.18         0.72         1.50         0.00         0.00
            18    593         2.41         0.18         0.72         1.50         0.00         0.00
            19    343         2.52         0.17         0.73         1.62         0.00         0.00
            20    490         2.52         0.17         0.73         1.62         0.00         0.00
            21    698         2.50         0.18         0.89         1.43         0.00         0.00
            22    568         2.58         0.18         0.79         1.62         0.00         0.00
            23    345         2.50         0.18         0.89         1.43         0.00         0.00
            24    189         2.58         0.18         0.79         1.62         0.00         0.00
            25    176         2.69         0.19         1.04         1.46         0.00         0.00
            26    630         2.69         0.19         1.04         1.46         0.00         0.00
            27    293         2.82         0.22         1.12         1.49         0.00         0.00
            28    299         2.60         0.21         0.96         1.43         0.00         0.00
            29    264         2.67         0.20         0.91         1.55         0.00         0.00
            30    521         2.60         0.20         0.83         1.57         0.00         0.00
            31     72         2.67         0.20         0.91         1.55         0.00         0.00
            32    714         2.60         0.21         0.96         1.43         0.00         0.00
            33    292         2.82         0.22         1.12         1.49         0.00         0.00
            34     68         2.60         0.20         0.83         1.57         0.00         0.00
            35    104         2.78         0.21         1.04         1.53         0.00         0.00
            36    314         2.92         0.22         1.21         1.50         0.00         0.00
            37    573         2.78         0.21         1.04         1.53         0.00         0.00
            38    108         2.92         0.22         1.21         1.50         0.00         0.00
            39    542         3.02         0.25         1.28         1.50         0.00         0.00
            40    368         3.02         0.25         1.28         1.50         0.00         0.00
            41    670         3.34         0.17         0.96         2.21         0.00         0.00
            42    160         3.34         0.17         0.96         2.21         0.00         0.00
            43    361         4.28         0.19         1.13         2.95         0.00         0.00
            44    750         4.28         0.19         1.13         2.95         0.00         0.00
            45    140         3.78         0.21         1.14         2.44         0.00         0.00
            46    566         4.70         0.20         1.16         3.34         0.00         0.00
            47    164         4.70         0.20         1.16         3.34         0.00         0.00
            48    485         3.78         0.21         1.14         2.44         0.00         0.00
            49    326         4.72         0.20         1.20         3.32         0.00         0.00
            50    177         4.72         0.20         1.20         3.32         0.00         0.00
            51    699         3.99         0.21         1.27         2.50         0.00         0.00
            52    353         3.99         0.21         1.27         2.50         0.00         0.00
            53    141         4.63         0.22         1.70         2.70         0.00         0.00
            54    181         4.63         0.22         1.70         2.70         0.00         0.00
            55    475         4.84         0.22         1.17         3.45         0.00         0.00
            56    486         4.84         0.22         1.17         3.45         0.00         0.00
            57    571         4.82         0.22         1.22         3.38         0.00         0.00
            58    399         4.88         0.22         1.26         3.40         0.00         0.00
            59    511         4.79         0.22         1.23         3.34         0.00         0.00
            60    313         4.79         0.22         1.23         3.34         0.00         0.00
            61    412         4.88         0.22         1.26         3.40         0.00         0.00
            62    564         4.46         0.22         1.45         2.78         0.00         0.00
            63    682         5.12         0.23         1.41         3.48         0.00         0.00
            64    183         5.12         0.23         1.41         3.48         0.00         0.00
            65    560         4.46         0.22         1.45         2.78         0.00         0.00
            66    186         5.02         0.23         1.63         3.16         0.00         0.00
            67    755         5.02         0.23         1.63         3.16         0.00         0.00
          ------------------------------------------------------------------------------------------

          Calculating single reference conformer RMSDs ...

          ---------------------------------
          Conformer RMSDs are in Angstroms.
          ---------------------------------

          ------------------------------------------------------------------------------------------
                              RMSD wrt Input Crd                    RMSD wrt Rank 1
                         ---------------------------------------------------------------------------
          Rank    ID        Complex    Receptor  Ligand          Complex    Receptor  Ligand
          ------------------------------------------------------------------------------------------
             1    241                             0.017                               0.000
             2    514                             1.594                               1.609
             3    130                             0.715                               0.709
             4    692                             0.715                               0.709
             5    548                             1.849                               1.858
             6    551                             1.767                               1.776
             7    679                             0.697                               0.720
             8    712                             0.697                               0.720
             9    555                             1.152                               1.362
            10    489                             1.491                               1.899
            11    282                             1.036                               1.866
            12    288                             1.845                               1.861
            13    657                             1.467                               1.954
            14    700                             1.461                               1.455
            15    190                             1.471                               1.928
            16    354                             1.116                               1.807
            17    561                             1.006                               0.907
            18    593                             0.791                               0.945
            19    343                             1.032                               1.033
            20    490                             1.184                               1.133
            21    698                             1.433                               1.411
            22    568                             0.779                               0.791
            23    345                             1.065                               1.911
            24    189                             0.778                               0.791
            25    176                             1.414                               1.424
            26    630                             1.543                               1.537
            27    293                             1.853                               1.983
            28    299                             1.676                               1.644
            29    264                             1.493                               1.734
            30    521                             1.918                               1.926
            31     72                             1.064                               1.872
            32    714                             1.179                               1.818
            33    292                             1.703                               1.734
            34     68                             2.008                               2.012
            35    104                             1.938                               2.068
            36    314                             1.631                               1.687
            37    573                             2.059                               1.982
            38    108                             1.854                               1.673
            39    542                             1.950                               1.669
            40    368                             1.709                               1.746
            41    670                             1.452                               1.449
            42    160                             1.070                               1.920
            43    361                             1.501                               1.584
            44    750                             1.758                               1.698
            45    140                             1.852                               1.859
            46    566                             1.062                               1.300
            47    164                             1.252                               1.337
            48    485                             1.773                               1.779
            49    326                             1.260                               1.266
            50    177                             1.058                               1.942
            51    699                             2.087                               2.128
            52    353                             1.378                               1.411
            53    141                             1.957                               1.973
            54    181                             1.966                               1.955
            55    475                             1.367                               1.376
            56    486                             1.368                               1.375
            57    571                             1.395                               1.492
            58    399                             1.876                               1.881
            59    511                             1.510                               1.529
            60    313                             1.652                               1.660
            61    412                             1.255                               1.958
            62    564                             1.587                               1.544
            63    682                             1.644                               1.657
            64    183                             2.047                               1.728
            65    560                             1.579                               1.407
            66    186                             1.831                               2.033
            67    755                             2.014                               1.979
          ------------------------------------------------------------------------------------------

          --------------------------------
          Final Boltzmann Averaged Data.
          --------------------------------

          -------------------------------------------------------------------
          Results of Boltzmann Averaging Over All   83 Conformers (kcal/mol).
          -------------------------------------------------------------------

          Free Energy                        G              36.6980454987
          Average Potential Energy         < E >            11.0257685970
          Entropy                           -TS             25.6722769018
          -------------------------------------------------------------------

          Average Potential Energy < E > Components.

          < U >                    47.7160879676
          < W(PBSA) >             -55.4693604675
          < H.O. P.E. >            18.7791009392

          Average Solvation Energy < W(PBSA) > Components.

          < PB >                  -57.6035210339
          < SA >                    2.1341605664

          Average Gas Phase Internal Potential Energy < U > Components.

          < Valence >               2.2620453602
          < Coulomb >              44.8904201909
          < VdW >                   0.5636224165

          Average Van der Waals Energy < VdW > Components.

          < VdW6  >                -5.5776970004
          < VdW12 >                 6.1413194169

          Average Bonded Energy < Valence > Components.

          < Bond >                  0.1580177727
          < Angle >                 0.6616520352
          < Pdihed >                1.4423755523
          < Idihed >                0.0000000000
          < Tether >                0.0000000000

          -------------------------------------------------------------------
                        End of VM2 Calculation Results Summary.
          -------------------------------------------------------------------


     Total cpu time for run         17.82 seconds.
                                     0.30 minutes.

     Total wall time for run        18.21 seconds.
                                     0.30 minutes.

     TIME STAMP: VCPack job finished normally : Saturday, August 06, 2022 at 17:10:28
