
     --------------------------------------------------------------------------------
                        Running Program VCPack. Version 2.8

                           VeraChem LLC, PO Box 2206
                           Germantown, MD 20875, U.S.A.

                                Tel. 240-686-0565
                                www.verachem.com
     --------------------------------------------------------------------------------


     Input file          :   guest-s21_vm2.inp

     Output file         :   guest-s21_vm2.out

     Summary output file :   guest-s21_vm2.summary.out

     Executable : /data/comblab/vcCompChem_3b/exe/VC_CompChemPackage_mpi.exe

     Build date : Aug 13 2021  17:26:14

     This is a multiple processor run.

     MPI processes              :   16
     OpenMP threads per process :    0
     CUDA enabled               :  no

     TIME STAMP: VCPack job started : Saturday, August 06, 2022 at 17:10:45

     --------------------------------------------------------------------------------
                            Basic Calculation Control.
     --------------------------------------------------------------------------------

     Molecular system type                :  ligand          

     Calculation type                     :  vm2             

     Energy potential                     :  mm              

     Post-processing type                 :  none            

     Post-processing energy potential     :  none            

     Time limit in wall clock hours       :  96.00

     Read in starting conformers          :  no
     Type of conformers to read in        :  none
     Conformer source files(s)            :  none

     Use input .crd for complex build     :  no
     Place ligand confs. at input .crd    :  no
     Use input .crd as start conformer    :  yes

     Formatted output files               :  xyz     
                                          :  pdb     
                                          :  mol2    
                                          :  sdf     
                                          :  xyz     
                                          :  gms     
                                          :  csv     

     Split formatted output files         :  crd     

     Limit conformers in formatted files  :  bycount
     Maximum conformer count              :  1000

     Atoms to include in formatted files  :  all     

     Binary file restart type             :  none


     --------------------------------------------------------------------------------
                            Math Related Control and Set Up.
     --------------------------------------------------------------------------------

     Random number generator seeds :  bywallclock

     Seed 1 :           7566734
     Seed 2 :            549433
     Seed 3 :               772
     Seed 4 :             24692


     --------------------------------------------------------------------------------
                            Basic Molecular System Set Up.
     --------------------------------------------------------------------------------

     ------------------
     Ligand Data Files.
     ------------------

     Standard crd coordinate file            :  guest-s21.crd
     VeraChem topology file                  :  guest-s21.top
     Standard mol/sdf file                   :  guest-s21.mol

     Total number of ligand atoms            :        22

     Included in this calculation.
     Number of real and live ligand atoms    :        22
     Number of real but fixed ligand atoms   :         0

     Ligand placement method                 :  none

     Snap ligand to template atoms           :      no

     -------------------------------
     Final Real/Live Set Atom Count.
     -------------------------------

     Total number of real atoms              :        22
     Total number of live atoms              :        22


     --------------------------------------------------------------------------------
                            Generate Initial Molecular Conformation.
     --------------------------------------------------------------------------------

     Mandatory input crd file(s) used for generation of a single starting conformer.


     --------------------------------------------------------------------------------
                             Energy Potential Settings.
     --------------------------------------------------------------------------------


     Molecular Mechanics package          :  vchem           

     Quantum Mechanics package            :  none            


     --------------------------------------------------------------------------------
                    Running VM2 Mining Minima Module. Version 2.8
     --------------------------------------------------------------------------------

     Iteration    Free Energy G             G Diff            # Conformers     # Diff
        1           -17.463191             -17.463191              35              35
        2           -17.635920              -0.172729              61              26
        3           -17.639727              -0.003807              64               3
        4           -17.647352              -0.007625              72               8

     VM2 Free Energy converged after    4 iterations.

     Final VM2 Free Energy is     -17.647352 Kcal/mol.

          --------------------------------
          Final Individual Conformer Data.
          --------------------------------

          List data for conformers with probability of at least :  0.01 %
          Rankings are with respect to : Free Energy (G)

          ------------------------
          Free Energy: G = E - TS
          ------------------------

          ------------------------------------------------------------------------------------------
          Rank    ID     ln(Zx)    Prob(%)  Sum Prob(%)  Del G        G            E            -TS
          ------------------------------------------------------------------------------------------
             1    236    -17.32223   33.65    33.65      0.00       -17.00       -36.57        19.57
             2    121    -18.67605    8.69    42.34      0.81       -16.19       -35.87        19.68
             3    324    -18.78593    7.79    50.12      0.87       -16.13       -35.80        19.68
             4    132    -18.79439    7.72    57.84      0.88       -16.12       -35.79        19.67
             5    309    -18.84982    7.30    65.14      0.91       -16.09       -35.76        19.67
             6    131    -18.93467    6.71    71.85      0.96       -16.04       -35.71        19.68
             7     99    -18.99271    6.33    78.18      1.00       -16.00       -35.68        19.68
             8    134    -19.74316    2.99    81.17      1.44       -15.55       -35.43        19.88
             9    297    -19.77689    2.89    84.06      1.46       -15.53       -35.41        19.88
            10      0    -20.35427    1.62    85.69      1.81       -15.19       -35.27        20.08
            11    148    -20.35581    1.62    87.31      1.81       -15.19       -35.00        19.81
            12    279    -20.35669    1.62    88.92      1.81       -15.19       -34.92        19.73
            13    359    -20.40519    1.54    90.47      1.84       -15.16       -34.90        19.74
            14    325    -20.62929    1.23    91.70      1.97       -15.03       -35.03        20.00
            15    110    -20.67776    1.17    92.87      2.00       -15.00       -34.97        19.97
            16    183    -20.70286    1.14    94.02      2.02       -14.98       -34.96        19.97
            17    332    -21.12460    0.75    94.77      2.27       -14.73       -34.71        19.98
            18    319    -21.27783    0.64    95.41      2.36       -14.64       -34.63        19.99
            19    375    -21.31171    0.62    96.03      2.38       -14.62       -34.61        19.99
            20    116    -21.32789    0.61    96.65      2.39       -14.61       -34.59        19.98
            21    370    -21.34516    0.60    97.25      2.40       -14.60       -34.59        19.99
            22     93    -21.70479    0.42    97.67      2.61       -14.39       -34.41        20.03
            23    140    -21.77509    0.39    98.06      2.65       -14.34       -34.37        20.03
            24     94    -22.16798    0.26    98.33      2.89       -14.11       -34.42        20.32
            25     69    -22.23979    0.25    98.57      2.93       -14.07       -34.38        20.32
            26    152    -23.02845    0.11    98.68      3.40       -13.60       -33.89        20.29
            27     90    -23.03854    0.11    98.80      3.41       -13.59       -33.88        20.29
            28    315    -23.32240    0.08    98.88      3.58       -13.42       -33.72        20.30
            29    371    -23.33205    0.08    98.96      3.58       -13.42       -33.72        20.30
            30    273    -23.36225    0.08    99.04      3.60       -13.40       -33.80        20.41
            31    198    -23.37684    0.08    99.12      3.61       -13.39       -33.47        20.08
            32     83    -23.37948    0.08    99.20      3.61       -13.39       -33.47        20.08
            33    141    -23.38860    0.08    99.28      3.62       -13.38       -33.79        20.41
            34      6    -23.66424    0.06    99.34      3.78       -13.22       -33.16        19.94
            35     55    -23.67770    0.06    99.39      3.79       -13.21       -33.37        20.16
            36    265    -23.69224    0.06    99.45      3.80       -13.20       -33.39        20.19
            37    364    -23.74269    0.05    99.51      3.83       -13.17       -33.11        19.94
            38    271    -23.75340    0.05    99.56      3.83       -13.16       -33.33        20.16
            39    269    -23.76570    0.05    99.62      3.84       -13.16       -33.34        20.19
            40    125    -23.83608    0.05    99.66      3.88       -13.11       -33.06        19.95
            41     68    -23.87809    0.05    99.71      3.91       -13.09       -33.04        19.95
            42    343    -23.92417    0.05    99.76      3.94       -13.06       -32.97        19.91
            43    293    -24.02628    0.04    99.80      4.00       -13.00       -32.91        19.91
            44     75    -24.11153    0.04    99.84      4.05       -12.95       -32.86        19.91
            45    133    -24.18947    0.04    99.87      4.09       -12.90       -32.81        19.91
            46    314    -24.97349    0.02    99.89      4.56       -12.44       -33.14        20.70
            47    191    -24.99419    0.02    99.90      4.57       -12.42       -33.13        20.70
            48    115    -25.16944    0.01    99.92      4.68       -12.32       -32.51        20.19
            49     52    -25.17800    0.01    99.93      4.68       -12.31       -32.68        20.36
            50    151    -25.25597    0.01    99.94      4.73       -12.27       -32.63        20.36
            51    190    -25.28483    0.01    99.95      4.75       -12.25       -32.44        20.19
            52    158    -25.42885    0.01    99.96      4.83       -12.17       -32.17        20.00
          ------------------------------------------------------------------------------------------

          --------------------------------------------------------
          Potential Energy: E = (U+W) + H.O. Equipartion energy
          --------------------------------------------------------

          ------------------------------------------------------------------------------------------
          Rank    ID         E          U+W            U        W(PBSA)          PB           SA
          ------------------------------------------------------------------------------------------
             1    236       -36.57       -54.45         5.78       -60.23       -62.56         2.33
             2    121       -35.87       -53.75         6.78       -60.54       -62.85         2.31
             3    324       -35.80       -53.69         6.78       -60.47       -62.79         2.32
             4    132       -35.79       -53.68         7.03       -60.71       -63.01         2.30
             5    309       -35.76       -53.65         7.03       -60.67       -62.96         2.29
             6    131       -35.71       -53.60         6.75       -60.35       -62.66         2.31
             7     99       -35.68       -53.56         6.75       -60.32       -62.64         2.32
             8    134       -35.43       -53.32         7.94       -61.26       -63.56         2.30
             9    297       -35.41       -53.30         7.94       -61.24       -63.53         2.30
            10      0       -35.27       -53.16         6.76       -59.92       -62.26         2.33
            11    148       -35.00       -52.88         7.60       -60.48       -62.77         2.28
            12    279       -34.92       -52.81         7.69       -60.50       -62.77         2.27
            13    359       -34.90       -52.78         7.69       -60.47       -62.78         2.31
            14    325       -35.03       -52.92         8.06       -60.98       -63.25         2.27
            15    110       -34.97       -52.86         8.10       -60.96       -63.24         2.28
            16    183       -34.96       -52.84         8.10       -60.94       -63.21         2.27
            17    332       -34.71       -52.60         8.92       -61.52       -63.79         2.27
            18    319       -34.63       -52.51         9.11       -61.62       -63.90         2.28
            19    375       -34.61       -52.49         8.59       -61.08       -63.35         2.28
            20    116       -34.59       -52.48         8.92       -61.40       -63.68         2.28
            21    370       -34.59       -52.47         8.59       -61.06       -63.35         2.30
            22     93       -34.41       -52.30         9.62       -61.92       -64.20         2.28
            23    140       -34.37       -52.26         9.62       -61.88       -64.14         2.26
            24     94       -34.42       -52.31         8.87       -61.18       -63.41         2.23
            25     69       -34.38       -52.27         8.87       -61.14       -63.38         2.24
            26    152       -33.89       -51.77         9.55       -61.32       -63.55         2.23
            27     90       -33.88       -51.77         9.55       -61.31       -63.56         2.24
            28    315       -33.72       -51.61        10.39       -62.00       -64.21         2.20
            29    371       -33.72       -51.60        10.39       -62.00       -64.21         2.21
            30    273       -33.80       -51.69        10.05       -61.74       -63.97         2.23
            31    198       -33.47       -51.36        10.43       -61.78       -64.01         2.23
            32     83       -33.47       -51.35        10.43       -61.78       -64.01         2.23
            33    141       -33.79       -51.67        10.05       -61.72       -63.94         2.22
            34      6       -33.16       -51.04        10.04       -61.09       -63.36         2.27
            35     55       -33.37       -51.26        10.89       -62.15       -64.37         2.22
            36    265       -33.39       -51.27        11.24       -62.51       -64.78         2.27
            37    364       -33.11       -50.99        10.04       -61.04       -63.31         2.27
            38    271       -33.33       -51.21        10.89       -62.11       -64.32         2.21
            39    269       -33.34       -51.23        11.24       -62.47       -64.73         2.27
            40    125       -33.06       -50.95        10.21       -61.15       -63.41         2.26
            41     68       -33.04       -50.92        10.20       -61.12       -63.38         2.26
            42    343       -32.97       -50.86        10.45       -61.31       -63.58         2.27
            43    293       -32.91       -50.80        10.45       -61.25       -63.53         2.28
            44     75       -32.86       -50.74        10.30       -61.04       -63.29         2.25
            45    133       -32.81       -50.70        10.29       -60.99       -63.27         2.28
            46    314       -33.14       -51.02        10.57       -61.59       -63.77         2.19
            47    191       -33.13       -51.01        10.57       -61.58       -63.77         2.19
            48    115       -32.51       -50.40        11.65       -62.05       -64.29         2.25
            49     52       -32.68       -50.56        11.69       -62.25       -64.46         2.21
            50    151       -32.63       -50.51        11.69       -62.20       -64.43         2.23
            51    190       -32.44       -50.33        11.65       -61.98       -64.19         2.21
            52    158       -32.17       -50.05        11.01       -61.06       -63.30         2.23
          ------------------------------------------------------------------------------------------

          ----------------------------------------
          Gas Phase Internal Potential Energy: U
          ----------------------------------------

          ------------------------------------------------------------------------------------------
          Rank    ID         U         Valence     Coulomb        VdW         VdW6        VdW12
          ------------------------------------------------------------------------------------------
             1    236         5.78         7.10        -2.08         0.76        -6.50         7.25
             2    121         6.78         7.62        -1.71         0.87        -7.19         8.06
             3    324         6.78         7.62        -1.71         0.87        -7.19         8.06
             4    132         7.03         7.64        -1.49         0.88        -7.17         8.04
             5    309         7.03         7.64        -1.49         0.88        -7.17         8.04
             6    131         6.75         7.60        -1.74         0.89        -7.11         8.00
             7     99         6.75         7.60        -1.74         0.89        -7.11         8.00
             8    134         7.94         7.36        -0.02         0.60        -7.36         7.96
             9    297         7.94         7.36        -0.02         0.60        -7.36         7.96
            10      0         6.76         7.60        -2.14         1.30        -6.79         8.09
            11    148         7.60         8.09        -1.47         0.98        -7.83         8.81
            12    279         7.69         8.20        -1.56         1.05        -7.74         8.79
            13    359         7.69         8.20        -1.56         1.05        -7.74         8.79
            14    325         8.06         8.06        -0.78         0.78        -8.23         9.01
            15    110         8.10         8.05        -0.79         0.84        -8.07         8.91
            16    183         8.10         8.05        -0.79         0.84        -8.07         8.91
            17    332         8.92         7.88         0.35         0.69        -8.05         8.74
            18    319         9.11         7.86         0.53         0.72        -7.99         8.71
            19    375         8.59         7.93        -0.13         0.78        -7.98         8.76
            20    116         8.92         7.88         0.35         0.69        -8.05         8.74
            21    370         8.59         7.93        -0.13         0.78        -7.98         8.76
            22     93         9.62         7.87         1.26         0.49        -8.39         8.88
            23    140         9.62         7.87         1.26         0.49        -8.39         8.88
            24     94         8.87         8.48        -0.36         0.75        -9.08         9.83
            25     69         8.87         8.48        -0.36         0.75        -9.08         9.83
            26    152         9.55         8.35         0.45         0.75        -8.87         9.62
            27     90         9.55         8.35         0.45         0.75        -8.87         9.62
            28    315        10.39         8.28         1.52         0.59        -9.07         9.66
            29    371        10.39         8.28         1.52         0.59        -9.07         9.66
            30    273        10.05         8.32         1.29         0.44        -9.40         9.84
            31    198        10.43         8.45         1.31         0.68        -8.93         9.60
            32     83        10.43         8.45         1.31         0.68        -8.93         9.60
            33    141        10.05         8.32         1.29         0.44        -9.40         9.84
            34      6        10.04        10.10        -0.88         0.83        -8.18         9.00
            35     55        10.89         8.35         2.01         0.53        -9.12         9.66
            36    265        11.24         9.03         1.67         0.54        -8.82         9.36
            37    364        10.04        10.10        -0.88         0.83        -8.18         9.00
            38    271        10.89         8.35         2.01         0.53        -9.12         9.66
            39    269        11.24         9.03         1.67         0.54        -8.82         9.36
            40    125        10.21        10.11        -0.70         0.80        -8.21         9.01
            41     68        10.20        10.11        -0.70         0.80        -8.21         9.01
            42    343        10.45        10.10        -0.50         0.86        -8.06         8.92
            43    293        10.45        10.10        -0.50         0.86        -8.06         8.92
            44     75        10.30        10.08        -0.62         0.84        -8.07         8.91
            45    133        10.29        10.08        -0.62         0.84        -8.07         8.91
            46    314        10.57         8.74         1.38         0.44       -10.22        10.66
            47    191        10.57         8.74         1.38         0.44       -10.22        10.66
            48    115        11.65         9.67         1.20         0.78        -9.28        10.06
            49     52        11.69         9.47         1.56         0.65        -9.49        10.15
            50    151        11.69         9.47         1.56         0.65        -9.49        10.15
            51    190        11.65         9.67         1.20         0.78        -9.28        10.06
            52    158        11.01        10.80        -0.76         0.97        -8.67         9.64
          ------------------------------------------------------------------------------------------

          -------------------------------
          Bonded Energy Terms: Valence
          -------------------------------

          ------------------------------------------------------------------------------------------
          Rank    ID     Valence       Bond        Angle         Pdih         Idih       Tether
          ------------------------------------------------------------------------------------------
             1    236         7.10         0.10         2.26         4.74         0.00         0.00
             2    121         7.62         0.14         2.50         4.97         0.00         0.00
             3    324         7.62         0.14         2.50         4.97         0.00         0.00
             4    132         7.64         0.13         2.51         4.99         0.00         0.00
             5    309         7.64         0.13         2.51         4.99         0.00         0.00
             6    131         7.60         0.13         2.49         4.98         0.00         0.00
             7     99         7.60         0.13         2.49         4.98         0.00         0.00
             8    134         7.36         0.12         2.43         4.81         0.00         0.00
             9    297         7.36         0.12         2.43         4.81         0.00         0.00
            10      0         7.60         0.13         2.72         4.75         0.00         0.00
            11    148         8.09         0.17         2.69         5.23         0.00         0.00
            12    279         8.20         0.18         2.78         5.24         0.00         0.00
            13    359         8.20         0.18         2.78         5.24         0.00         0.00
            14    325         8.06         0.18         2.91         4.97         0.00         0.00
            15    110         8.05         0.17         2.89         4.99         0.00         0.00
            16    183         8.05         0.17         2.89         4.99         0.00         0.00
            17    332         7.88         0.16         2.66         5.06         0.00         0.00
            18    319         7.86         0.15         2.65         5.06         0.00         0.00
            19    375         7.93         0.16         2.70         5.07         0.00         0.00
            20    116         7.88         0.16         2.66         5.06         0.00         0.00
            21    370         7.93         0.16         2.70         5.07         0.00         0.00
            22     93         7.87         0.17         2.77         4.93         0.00         0.00
            23    140         7.87         0.17         2.77         4.93         0.00         0.00
            24     94         8.48         0.22         3.21         5.05         0.00         0.00
            25     69         8.48         0.22         3.21         5.05         0.00         0.00
            26    152         8.35         0.20         3.09         5.06         0.00         0.00
            27     90         8.35         0.20         3.09         5.06         0.00         0.00
            28    315         8.28         0.19         3.03         5.06         0.00         0.00
            29    371         8.28         0.19         3.03         5.06         0.00         0.00
            30    273         8.32         0.21         3.15         4.96         0.00         0.00
            31    198         8.45         0.21         3.07         5.17         0.00         0.00
            32     83         8.45         0.21         3.07         5.17         0.00         0.00
            33    141         8.32         0.21         3.15         4.96         0.00         0.00
            34      6        10.10         0.18         2.99         6.93         0.00         0.00
            35     55         8.35         0.20         2.94         5.21         0.00         0.00
            36    265         9.03         0.19         3.20         5.64         0.01         0.00
            37    364        10.10         0.18         2.99         6.93         0.00         0.00
            38    271         8.35         0.20         2.94         5.21         0.00         0.00
            39    269         9.03         0.19         3.20         5.64         0.01         0.00
            40    125        10.11         0.19         3.00         6.91         0.00         0.00
            41     68        10.11         0.19         3.00         6.91         0.00         0.00
            42    343        10.10         0.18         3.00         6.92         0.00         0.00
            43    293        10.10         0.18         3.00         6.92         0.00         0.00
            44     75        10.08         0.18         2.98         6.92         0.00         0.00
            45    133        10.08         0.18         2.98         6.92         0.00         0.00
            46    314         8.74         0.25         3.45         5.04         0.00         0.00
            47    191         8.74         0.25         3.45         5.04         0.00         0.00
            48    115         9.67         0.22         3.51         5.93         0.01         0.00
            49     52         9.47         0.22         3.35         5.89         0.01         0.00
            50    151         9.47         0.22         3.35         5.89         0.01         0.00
            51    190         9.67         0.22         3.51         5.93         0.01         0.00
            52    158        10.80         0.22         3.24         7.34         0.00         0.00
          ------------------------------------------------------------------------------------------

          Calculating single reference conformer RMSDs ...

          ---------------------------------
          Conformer RMSDs are in Angstroms.
          ---------------------------------

          ------------------------------------------------------------------------------------------
                              RMSD wrt Input Crd                    RMSD wrt Rank 1
                         ---------------------------------------------------------------------------
          Rank    ID        Complex    Receptor  Ligand          Complex    Receptor  Ligand
          ------------------------------------------------------------------------------------------
             1    236                             1.922                               0.000
             2    121                             1.620                               2.040
             3    324                             1.813                               1.141
             4    132                             2.278                               0.662
             5    309                             1.394                               1.895
             6    131                             1.022                               0.644
             7     99                             0.929                               0.644
             8    134                             2.747                               1.455
             9    297                             2.181                               2.468
            10      0                             0.024                               1.916
            11    148                             1.269                               1.023
            12    279                             1.255                               0.629
            13    359                             1.200                               0.629
            14    325                             1.541                               1.656
            15    110                             1.503                               2.262
            16    183                             1.328                               1.716
            17    332                             2.011                               2.720
            18    319                             1.747                               2.791
            19    375                             1.350                               2.296
            20    116                             1.986                               2.404
            21    370                             1.944                               2.319
            22     93                             2.170                               2.869
            23    140                             2.122                               2.684
            24     94                             2.397                               1.563
            25     69                             1.705                               1.563
            26    152                             1.334                               1.010
            27     90                             2.310                               1.010
            28    315                             2.215                               1.503
            29    371                             1.540                               2.264
            30    273                             2.591                               2.201
            31    198                             2.679                               2.253
            32     83                             2.075                               2.773
            33    141                             2.142                               2.317
            34      6                             1.490                               1.881
            35     55                             2.214                               2.781
            36    265                             2.688                               2.847
            37    364                             1.783                               2.227
            38    271                             2.797                               2.727
            39    269                             2.858                               2.893
            40    125                             2.038                               2.239
            41     68                             1.346                               1.865
            42    343                             1.617                               2.001
            43    293                             1.812                               2.006
            44     75                             1.571                               1.479
            45    133                             1.646                               1.479
            46    314                             1.904                               1.928
            47    191                             2.348                               1.946
            48    115                             2.786                               2.390
            49     52                             2.573                               2.730
            50    151                             2.400                               2.781
            51    190                             2.603                               2.460
            52    158                             1.752                               1.606
          ------------------------------------------------------------------------------------------

          --------------------------------
          Final Boltzmann Averaged Data.
          --------------------------------

          -------------------------------------------------------------------
          Results of Boltzmann Averaging Over All   72 Conformers (kcal/mol).
          -------------------------------------------------------------------

          Free Energy                        G             -17.6473518688
          Average Potential Energy         < E >           -35.8553519800
          Entropy                           -TS             18.2080001113
          -------------------------------------------------------------------

          Average Potential Energy < E > Components.

          < U >                     6.7846926210
          < W(PBSA) >             -60.5249370451
          < H.O. P.E. >            17.8848580373

          Average Solvation Energy < W(PBSA) > Components.

          < PB >                  -62.8353414557
          < SA >                    2.3104044106

          Average Gas Phase Internal Potential Energy < U > Components.

          < Valence >               7.5062615690
          < Coulomb >              -1.5439553680
          < VdW >                   0.8223864199

          Average Van der Waals Energy < VdW > Components.

          < VdW6  >                -7.0759169092
          < VdW12 >                 7.8983033291

          Average Bonded Energy < Valence > Components.

          < Bond >                  0.1287570787
          < Angle >                 2.4659332996
          < Pdihed >                4.9109421017
          < Idihed >                0.0006290891
          < Tether >                0.0000000000

          -------------------------------------------------------------------
                        End of VM2 Calculation Results Summary.
          -------------------------------------------------------------------


     Total cpu time for run         11.02 seconds.
                                     0.18 minutes.

     Total wall time for run        11.25 seconds.
                                     0.19 minutes.

     TIME STAMP: VCPack job finished normally : Saturday, August 06, 2022 at 17:10:56
