
     --------------------------------------------------------------------------------
                        Running Program VCPack. Version 2.8

                           VeraChem LLC, PO Box 2206
                           Germantown, MD 20875, U.S.A.

                                Tel. 240-686-0565
                                www.verachem.com
     --------------------------------------------------------------------------------


     Input file          :   CD_guest-s10_fast_vm2_rndm.inp

     Output file         :   CD_guest-s10_fast_vm2_rndm.out

     Summary output file :   CD_guest-s10_fast_vm2_rndm.summary.out

     Executable : /data/comblab/vcCompChem_3b/exe/VC_CompChemPackage_mpi_openmp.exe

     Build date : Aug 13 2021  17:26:49

     This is a multiple processor run.

     MPI processes              :   16
     OpenMP threads per process :   16
     CUDA enabled               :  no

     TIME STAMP: VCPack job started : Sunday, August 07, 2022 at 14:27:43

     --------------------------------------------------------------------------------
                            Basic Calculation Control.
     --------------------------------------------------------------------------------

     Molecular system type                :  host+ligand     

     Calculation type                     :  feprocess       

     Energy potential                     :  mm              

     Post-processing type                 :  none            

     Post-processing energy potential     :  none            

     Time limit in wall clock hours       :  96.00

     Type of conformers to read in        :  ligand  
     Conformer source files(s)            :  guest-s10_confgen4.xyz                            

     Use input .crd for complex build     :  no
     Place ligand confs. at input .crd    :  byconfscog
     Use input .crd as start conformer    :  yes

     Formatted output files               :  xyz     
                                          :  pdb     
                                          :  mol2    
                                          :  sdf     
                                          :  xyz     
                                          :  gms     
                                          :  csv     

     Split formatted output files         :  crd     

     Limit conformers in formatted files  :  bycount
     Maximum conformer count              :  1000

     Atoms to include in formatted files  :  all     

     Binary file restart type             :  none


     --------------------------------------------------------------------------------
                            Math Related Control and Set Up.
     --------------------------------------------------------------------------------

     Random number generator seeds :  bywallclock

     Seed 1 :           3747572
     Seed 2 :            624093
     Seed 3 :              1790
     Seed 4 :             28509


     --------------------------------------------------------------------------------
                            Basic Molecular System Set Up.
     --------------------------------------------------------------------------------

     ----------------
     Host Data Files.
     ----------------

     Standard crd coordinate file            :  CD.crd
     VeraChem topology file                  :  CD.top
     Standard mol/sdf file                   :  CD.mol

     Total number of host atoms              :       126

     ------------------
     Ligand Data Files.
     ------------------

     Standard crd coordinate file            :  guest-s10.crd
     VeraChem topology file                  :  guest-s10.top
     Standard mol/sdf file                   :  guest-s10.mol

     Total number of ligand atoms            :        20

     Included in this calculation.
     Number of real and live ligand atoms    :        20
     Number of real but fixed ligand atoms   :         0

     Ligand placement method                 :  byreceptorcog

     NOTE: The placement of the ligand redefines the ligand .crd input coordinates.

     Snap ligand to template atoms           :      no

     -------------------------------
     Final Real/Live Set Atom Count.
     -------------------------------

     Total number of real atoms              :       146
     Total number of live atoms              :       146


     --------------------------------------------------------------------------------
                            Generate Initial Molecular Conformations.
     --------------------------------------------------------------------------------

     Conf. Type Read In      File Format       No. of Confs. Read In 
             ligand             xyz                1000

     Mandatory input crd file(s) used for generation of 1 additional conformer.

     From these the total number of starting conformers generated :  1000


     --------------------------------------------------------------------------------
                             Energy Potential Settings.
     --------------------------------------------------------------------------------


     Molecular Mechanics package          :  vchem           

     Quantum Mechanics package            :  none            


     --------------------------------------------------------------------------------
                       Running VfreeE Module. Version 2.8
     --------------------------------------------------------------------------------

          --------------------------------
          Final Individual Conformer Data.
          --------------------------------

          List data for conformers with probability of at least :  0.01 %
          Rankings are with respect to : Free Energy (G)

          ------------------------
          Free Energy: G = E - TS
          ------------------------

          ------------------------------------------------------------------------------------------
          Rank    ID     ln(Zx)    Prob(%)  Sum Prob(%)  Del G        G            E            -TS
          ------------------------------------------------------------------------------------------
             1    568  -1187.15657   74.38    74.38      0.00       534.37       340.92       193.45
             2     84  -1188.63695   16.92    91.30      0.88       535.26       342.75       192.51
             3    261  -1190.54463    2.51    93.81      2.02       536.39       343.63       192.76
             4    335  -1190.89156    1.78    95.59      2.23       536.60       343.77       192.83
             5    538  -1191.17912    1.33    96.92      2.40       536.77       344.69       192.08
             6     85  -1191.59608    0.88    97.80      2.65       537.02       344.25       192.77
             7    841  -1191.63490    0.84    98.64      2.67       537.04       343.88       193.16
             8    711  -1192.13052    0.51    99.16      2.97       537.34       345.37       191.97
             9    392  -1192.73765    0.28    99.44      3.33       537.70       343.35       194.35
            10    112  -1193.20347    0.18    99.61      3.60       537.98       343.66       194.32
            11    813  -1193.57814    0.12    99.74      3.83       538.20       345.46       192.74
            12     76  -1194.33870    0.06    99.79      4.28       538.66       346.46       192.20
            13    753  -1194.63197    0.04    99.83      4.46       538.83       344.79       194.04
            14    523  -1194.69473    0.04    99.87      4.49       538.87       345.62       193.25
            15    122  -1194.79514    0.04    99.91      4.55       538.93       345.49       193.44
            16    542  -1195.05229    0.03    99.94      4.71       539.08       345.11       193.97
            17    219  -1195.75571    0.01    99.95      5.13       539.50       347.88       191.63
          ------------------------------------------------------------------------------------------

          --------------------------------------------------------
          Potential Energy: E = (U+W) + H.O. Equipartion energy
          --------------------------------------------------------

          ------------------------------------------------------------------------------------------
          Rank    ID         E          U+W            U        W(PBSA)          PB           SA
          ------------------------------------------------------------------------------------------
             1    568       340.92       212.15       301.63       -89.49       -95.54         6.05
             2     84       342.75       213.97       302.97       -88.99       -95.08         6.09
             3    261       343.63       214.86       302.08       -87.21       -93.24         6.03
             4    335       343.77       215.00       305.45       -90.45       -96.60         6.14
             5    538       344.69       215.92       310.58       -94.66      -100.69         6.03
             6     85       344.25       215.48       302.79       -87.31       -93.41         6.10
             7    841       343.88       215.11       302.59       -87.48       -93.51         6.03
             8    711       345.37       216.59       305.30       -88.70       -94.71         6.01
             9    392       343.35       214.58       299.04       -84.46       -90.48         6.02
            10    112       343.66       214.89       298.98       -84.09       -90.15         6.06
            11    813       345.46       216.69       308.14       -91.44       -97.62         6.18
            12     76       346.46       217.69       304.20       -86.51       -92.59         6.08
            13    753       344.79       216.02       300.84       -84.82       -90.81         5.99
            14    523       345.62       216.85       307.27       -90.42       -96.41         5.99
            15    122       345.49       216.71       302.27       -85.55       -91.59         6.03
            16    542       345.11       216.34       300.71       -84.36       -90.36         6.00
            17    219       347.88       219.10       307.65       -88.55       -94.63         6.08
          ------------------------------------------------------------------------------------------

          ----------------------------------------
          Gas Phase Internal Potential Energy: U
          ----------------------------------------

          ------------------------------------------------------------------------------------------
          Rank    ID         U         Valence     Coulomb        VdW         VdW6        VdW12
          ------------------------------------------------------------------------------------------
             1    568       301.63       147.58       178.23       -24.18      -177.33       153.15
             2     84       302.97       148.01       177.25       -22.29      -175.39       153.10
             3    261       302.08       147.17       178.71       -23.81      -178.01       154.21
             4    335       305.45       146.79       178.91       -20.25      -173.07       152.81
             5    538       310.58       149.39       185.96       -24.77      -176.80       152.02
             6     85       302.79       147.53       178.38       -23.12      -175.31       152.19
             7    841       302.59       147.85       178.74       -24.01      -178.64       154.64
             8    711       305.30       148.27       181.39       -24.36      -178.41       154.05
             9    392       299.04       146.97       176.09       -24.01      -180.14       156.13
            10    112       298.98       147.20       175.64       -23.87      -179.50       155.63
            11    813       308.14       151.32       178.10       -21.28      -172.90       151.63
            12     76       304.20       148.65       177.88       -22.34      -176.20       153.87
            13    753       300.84       147.78       177.22       -24.17      -180.89       156.72
            14    523       307.27       148.23       182.26       -23.22      -175.87       152.65
            15    122       302.27       148.60       176.73       -23.06      -178.70       155.63
            16    542       300.71       148.09       176.62       -24.00      -180.35       156.35
            17    219       307.65       150.16       179.92       -22.43      -176.13       153.71
          ------------------------------------------------------------------------------------------

          -------------------------------
          Bonded Energy Terms: Valence
          -------------------------------

          ------------------------------------------------------------------------------------------
          Rank    ID     Valence       Bond        Angle         Pdih         Idih       Tether
          ------------------------------------------------------------------------------------------
             1    568       147.58         4.60        11.81       131.17         0.00         0.00
             2     84       148.01         4.65        12.66       130.70         0.00         0.00
             3    261       147.17         4.61        12.71       129.86         0.00         0.00
             4    335       146.79         4.64        12.83       129.32         0.00         0.00
             5    538       149.39         4.55        12.27       132.57         0.00         0.00
             6     85       147.53         4.63        12.18       130.72         0.00         0.00
             7    841       147.85         4.62        12.39       130.84         0.00         0.00
             8    711       148.27         4.58        12.78       130.91         0.00         0.00
             9    392       146.97         4.70        13.01       129.25         0.00         0.00
            10    112       147.20         4.69        11.94       130.58         0.00         0.00
            11    813       151.32         4.64        13.04       133.64         0.00         0.00
            12     76       148.65         4.67        12.70       131.28         0.00         0.00
            13    753       147.78         4.75        13.40       129.64         0.00         0.00
            14    523       148.23         4.56        12.08       131.59         0.00         0.00
            15    122       148.60         4.73        13.43       130.45         0.00         0.00
            16    542       148.09         4.76        12.43       130.90         0.00         0.00
            17    219       150.16         4.57        13.23       132.36         0.00         0.00
          ------------------------------------------------------------------------------------------

          Calculating single reference conformer RMSDs ...

          ---------------------------------
          Conformer RMSDs are in Angstroms.
          ---------------------------------

          ------------------------------------------------------------------------------------------
                              RMSD wrt Input Crd                    RMSD wrt Rank 1
                         ---------------------------------------------------------------------------
          Rank    ID        Complex    Receptor  Ligand          Complex    Receptor  Ligand
          ------------------------------------------------------------------------------------------
             1    568         1.669     1.091     3.583           0.000     0.000     0.000
             2     84         1.852     1.023     4.294           2.225     2.153     2.639
             3    261         2.086     1.786     3.416           2.338     2.361     2.187
             4    335         2.061     1.362     4.395           2.149     2.055     2.665
             5    538         1.839     1.373     3.579           2.422     2.520     1.678
             6     85         1.778     1.070     3.983           2.427     2.465     2.168
             7    841         1.943     1.424     3.845           2.833     2.936     2.063
             8    711         1.832     1.423     3.428           2.830     2.931     2.085
             9    392         1.711     1.326     3.207           1.421     1.427     1.384
            10    112         1.688     1.377     2.977           2.532     2.603     2.026
            11    813         1.903     1.086     4.361           1.175     0.390     3.020
            12     76         1.787     1.078     3.997           2.295     2.336     2.019
            13    753         1.742     1.456     2.962           2.179     2.212     1.961
            14    523         1.857     1.315     3.780           2.563     2.704     1.378
            15    122         1.835     1.450     3.365           2.808     2.943     1.728
            16    542         1.450     1.058     2.880           1.851     1.891     1.578
            17    219         1.795     1.024     4.111           1.196     0.785     2.561
          ------------------------------------------------------------------------------------------

          --------------------------------
          Final Boltzmann Averaged Data.
          --------------------------------

          -------------------------------------------------------------------
          Results of Boltzmann Averaging Over All  370 Conformers (kcal/mol).
          -------------------------------------------------------------------

          Free Energy                        G             534.1977537365
          Average Potential Energy         < E >           341.5071282814
          Entropy                           -TS            192.6906254550
          -------------------------------------------------------------------

          Average Potential Energy < E > Components.

          < U >                   302.0975827942
          < W(PBSA) >             -89.3664182117
          < H.O. P.E. >           128.7709778685

          Average Solvation Energy < W(PBSA) > Components.

          < PB >                  -95.4218251413
          < SA >                    6.0554069296

          Average Gas Phase Internal Potential Energy < U > Components.

          < Valence >             147.6644990993
          < Coulomb >             178.2029793531
          < VdW >                 -23.7698956582

          Average Van der Waals Energy < VdW > Components.

          < VdW6  >              -176.9439372393
          < VdW12 >               153.1740415811

          Average Bonded Energy < Valence > Components.

          < Bond >                  4.6076730139
          < Angle >                12.0227304148
          < Pdihed >              131.0340956706
          < Idihed >                0.0000000000
          < Tether >                0.0000000000

          -------------------------------------------------------------------
                        End of feprocess Calculation Results Summary.
          -------------------------------------------------------------------


     Total cpu time for run       4056.32 seconds.
                                    67.61 minutes.

     Total wall time for run      2046.65 seconds.
                                    34.11 minutes.

     TIME STAMP: VCPack job finished normally : Sunday, August 07, 2022 at 15:01:49
