
     --------------------------------------------------------------------------------
                        Running Program VCPack. Version 2.8

                           VeraChem LLC, PO Box 2206
                           Germantown, MD 20875, U.S.A.

                                Tel. 240-686-0565
                                www.verachem.com
     --------------------------------------------------------------------------------


     Input file          :   guest-5_vm2.inp

     Output file         :   guest-5_vm2.out

     Summary output file :   guest-5_vm2.summary.out

     Executable : /data/comblab/vcCompChem_3b/exe/VC_CompChemPackage_mpi.exe

     Build date : Aug 13 2021  17:26:14

     This is a multiple processor run.

     MPI processes              :   16
     OpenMP threads per process :    0
     CUDA enabled               :  no

     TIME STAMP: VCPack job started : Saturday, August 06, 2022 at 17:08:03

     --------------------------------------------------------------------------------
                            Basic Calculation Control.
     --------------------------------------------------------------------------------

     Molecular system type                :  ligand          

     Calculation type                     :  vm2             

     Energy potential                     :  mm              

     Post-processing type                 :  none            

     Post-processing energy potential     :  none            

     Time limit in wall clock hours       :  96.00

     Read in starting conformers          :  no
     Type of conformers to read in        :  none
     Conformer source files(s)            :  none

     Use input .crd for complex build     :  no
     Place ligand confs. at input .crd    :  no
     Use input .crd as start conformer    :  yes

     Formatted output files               :  xyz     
                                          :  pdb     
                                          :  mol2    
                                          :  sdf     
                                          :  xyz     
                                          :  gms     
                                          :  csv     

     Split formatted output files         :  crd     

     Limit conformers in formatted files  :  bycount
     Maximum conformer count              :  1000

     Atoms to include in formatted files  :  all     

     Binary file restart type             :  none


     --------------------------------------------------------------------------------
                            Math Related Control and Set Up.
     --------------------------------------------------------------------------------

     Random number generator seeds :  bywallclock

     Seed 1 :           5951083
     Seed 2 :             64053
     Seed 3 :               610
     Seed 4 :               858


     --------------------------------------------------------------------------------
                            Basic Molecular System Set Up.
     --------------------------------------------------------------------------------

     ------------------
     Ligand Data Files.
     ------------------

     Standard crd coordinate file            :  guest-5.crd
     VeraChem topology file                  :  guest-5.top
     Standard mol/sdf file                   :  guest-5.mol

     Total number of ligand atoms            :        22

     Included in this calculation.
     Number of real and live ligand atoms    :        22
     Number of real but fixed ligand atoms   :         0

     Ligand placement method                 :  none

     Snap ligand to template atoms           :      no

     -------------------------------
     Final Real/Live Set Atom Count.
     -------------------------------

     Total number of real atoms              :        22
     Total number of live atoms              :        22


     --------------------------------------------------------------------------------
                            Generate Initial Molecular Conformation.
     --------------------------------------------------------------------------------

     Mandatory input crd file(s) used for generation of a single starting conformer.


     --------------------------------------------------------------------------------
                             Energy Potential Settings.
     --------------------------------------------------------------------------------


     Molecular Mechanics package          :  vchem           

     Quantum Mechanics package            :  none            


     --------------------------------------------------------------------------------
                    Running VM2 Mining Minima Module. Version 2.8
     --------------------------------------------------------------------------------

     Iteration    Free Energy G             G Diff            # Conformers     # Diff
        1            46.372979              46.372979              21              21
        2            45.991239              -0.381740              36              15
        3            45.942140              -0.049100              40               4
        4            45.917947              -0.024192              42               2
        5            45.917943              -0.000004              42               0
        6            45.885654              -0.032289              45               3
        7            45.885654              -0.000000              45               0
        8            45.826661              -0.058993              51               6
        9            45.826589              -0.000072              52               1
       10            45.769886              -0.056703              59               7
       11            45.769886              -0.000000              59               0
       12            45.728635              -0.041251              61               2
       13            45.707207              -0.021427              62               1
       14            45.708337               0.001130              64               2
       15            45.708336              -0.000001              64               0
       16            45.604060              -0.104275              71               7
       17            45.604057              -0.000003              71               0
       18            45.562140              -0.041918              76               5
       19            45.562140               0.000000              76               0
       20            45.561006              -0.001134              77               1

     VM2 Free Energy converged after   20 iterations.

     Final VM2 Free Energy is      45.561006 Kcal/mol.

          --------------------------------
          Final Individual Conformer Data.
          --------------------------------

          List data for conformers with probability of at least :  0.01 %
          Rankings are with respect to : Free Energy (G)

          ------------------------
          Free Energy: G = E - TS
          ------------------------

          ------------------------------------------------------------------------------------------
          Rank    ID     ln(Zx)    Prob(%)  Sum Prob(%)  Del G        G            E            -TS
          ------------------------------------------------------------------------------------------
             1   1160   -121.13346    4.87     4.87      0.00        47.36        20.69        26.67
             2   2585   -121.15592    4.76     9.63      0.01        47.38        20.71        26.67
             3    571   -121.17388    4.68    14.31      0.02        47.39        20.72        26.67
             4   2388   -121.30966    4.08    18.39      0.11        47.47        20.45        27.01
             5   2139   -121.31128    4.08    22.47      0.11        47.47        20.46        27.01
             6   1995   -121.31315    4.07    26.54      0.11        47.47        20.46        27.01
             7    124   -121.36034    3.88    30.42      0.14        47.50        20.48        27.01
             8   1799   -121.57812    3.12    33.55      0.27        47.63        20.97        26.66
             9   1339   -121.62129    2.99    36.54      0.29        47.65        21.00        26.66
            10   2314   -121.63622    2.95    39.48      0.30        47.66        21.00        26.66
            11   2288   -121.64151    2.93    42.41      0.30        47.67        21.00        26.66
            12   2371   -121.66526    2.86    45.27      0.32        47.68        21.02        26.66
            13   1256   -121.67071    2.85    48.12      0.32        47.68        21.03        26.66
            14   2362   -121.68159    2.82    50.94      0.33        47.69        21.02        26.67
            15   1731   -121.70070    2.76    53.70      0.34        47.70        21.03        26.67
            16   2378   -121.74384    2.65    56.34      0.36        47.73        21.05        26.67
            17   2142   -121.75629    2.61    58.96      0.37        47.73        21.06        26.67
            18    278   -121.75794    2.61    61.57      0.37        47.73        21.11        26.63
            19   2386   -121.78960    2.53    64.09      0.39        47.75        21.13        26.63
            20   1017   -121.81027    2.48    66.57      0.40        47.77        21.13        26.63
            21   2556   -121.81402    2.47    69.03      0.41        47.77        21.05        26.72
            22   1770   -121.82319    2.44    71.48      0.41        47.77        21.12        26.65
            23   2551   -121.83838    2.41    73.88      0.42        47.78        21.07        26.72
            24   1200   -121.84735    2.39    76.27      0.43        47.79        21.14        26.65
            25    584   -121.90157    2.26    78.53      0.46        47.82        21.17        26.65
            26   1919   -121.93139    2.19    80.72      0.48        47.84        21.16        26.68
            27   1514   -121.94087    2.17    82.90      0.48        47.84        21.16        26.68
            28   1696   -122.13219    1.79    84.69      0.60        47.96        21.39        26.57
            29   1363   -122.15775    1.75    86.44      0.61        47.97        21.40        26.57
            30    386   -122.17529    1.72    88.16      0.62        47.98        21.43        26.56
            31   2290   -122.18303    1.71    89.86      0.63        47.99        21.43        26.56
            32    499   -122.20310    1.67    91.53      0.64        48.00        21.43        26.57
            33   2330   -122.49296    1.25    92.78      0.81        48.17        21.15        27.02
            34    300   -122.50314    1.24    94.02      0.82        48.18        21.16        27.02
            35   2549   -122.54010    1.19    95.21      0.84        48.20        21.18        27.02
            36    734   -122.60229    1.12    96.34      0.88        48.24        21.22        27.02
            37   1626   -123.37537    0.52    96.85      1.34        48.70        22.00        26.70
            38   2592   -123.41144    0.50    97.35      1.36        48.72        22.02        26.70
            39   1352   -123.41211    0.50    97.85      1.36        48.72        22.02        26.70
            40    922   -124.17825    0.23    98.08      1.82        49.18        22.51        26.67
            41    835   -124.22786    0.22    98.30      1.84        49.21        22.53        26.67
            42   2292   -124.23618    0.22    98.52      1.85        49.21        22.54        26.67
            43   2395   -124.31681    0.20    98.72      1.90        49.26        22.62        26.64
            44    251   -124.33109    0.20    98.92      1.91        49.27        22.63        26.64
            45   2215   -124.38124    0.19    99.11      1.94        49.30        22.66        26.64
            46   2548   -124.89708    0.11    99.23      2.24        49.61        22.87        26.74
            47    279   -124.90717    0.11    99.34      2.25        49.61        22.88        26.74
            48   1353   -124.98806    0.10    99.44      2.30        49.66        22.92        26.74
            49    140   -125.12226    0.09    99.53      2.38        49.74        23.11        26.63
            50    172   -125.16028    0.09    99.62      2.40        49.76        23.14        26.63
            51   2533   -125.88228    0.04    99.66      2.83        50.19        23.57        26.63
            52   1022   -125.89537    0.04    99.70      2.84        50.20        23.58        26.63
            53    537   -125.91655    0.04    99.74      2.85        50.21        23.59        26.63
            54    614   -125.92552    0.04    99.78      2.86        50.22        23.59        26.63
            55    112   -126.86987    0.02    99.80      3.42        50.78        24.51        26.27
            56   1955   -126.87335    0.02    99.81      3.42        50.78        24.52        26.27
            57   2583   -126.87759    0.02    99.83      3.42        50.79        24.52        26.27
            58   1362   -126.95175    0.01    99.84      3.47        50.83        24.56        26.27
            59   2598   -127.14271    0.01    99.86      3.58        50.95        24.13        26.81
            60   2576   -127.17923    0.01    99.87      3.60        50.97        24.15        26.82
            61   2396   -127.18789    0.01    99.88      3.61        50.97        24.17        26.81
            62   1605   -127.19871    0.01    99.89      3.62        50.98        24.13        26.85
            63   2102   -127.26129    0.01    99.90      3.65        51.02        24.17        26.85
            64   2037   -127.30120    0.01    99.91      3.68        51.04        24.23        26.81
            65   1296   -127.30404    0.01    99.92      3.68        51.04        24.19        26.85
          ------------------------------------------------------------------------------------------

          --------------------------------------------------------
          Potential Energy: E = (U+W) + H.O. Equipartion energy
          --------------------------------------------------------

          ------------------------------------------------------------------------------------------
          Rank    ID         E          U+W            U        W(PBSA)          PB           SA
          ------------------------------------------------------------------------------------------
             1   1160        20.69         2.81         4.53        -1.72        -3.72         2.00
             2   2585        20.71         2.82         4.53        -1.71        -3.71         2.00
             3    571        20.72         2.83         4.53        -1.70        -3.70         2.00
             4   2388        20.45         2.57         3.92        -1.35        -3.33         1.98
             5   2139        20.46         2.57         3.92        -1.35        -3.35         2.00
             6   1995        20.46         2.57         3.92        -1.35        -3.34         1.99
             7    124        20.48         2.60         3.92        -1.32        -3.30         1.98
             8   1799        20.97         3.09         5.43        -2.35        -4.36         2.01
             9   1339        21.00         3.11         5.43        -2.32        -4.35         2.03
            10   2314        21.00         3.11         5.41        -2.30        -4.30         2.00
            11   2288        21.00         3.12         5.41        -2.29        -4.30         2.01
            12   2371        21.02         3.13         5.41        -2.28        -4.30         2.02
            13   1256        21.03         3.14         5.43        -2.29        -4.33         2.03
            14   2362        21.02         3.13         5.41        -2.27        -4.29         2.02
            15   1731        21.03         3.14         5.41        -2.26        -4.27         2.01
            16   2378        21.05         3.17         5.41        -2.24        -4.27         2.03
            17   2142        21.06         3.18         5.41        -2.23        -4.25         2.02
            18    278        21.11         3.22         5.23        -2.01        -4.02         2.01
            19   2386        21.13         3.24         5.23        -1.99        -4.01         2.02
            20   1017        21.13         3.25         5.34        -2.09        -4.10         2.01
            21   2556        21.05         3.17         4.70        -1.53        -3.53         2.00
            22   1770        21.12         3.24         5.65        -2.41        -4.42         2.00
            23   2551        21.07         3.18         4.70        -1.52        -3.52         2.00
            24   1200        21.14         3.25         5.65        -2.40        -4.41         2.01
            25    584        21.17         3.28         5.65        -2.37        -4.37         2.01
            26   1919        21.16         3.27         5.68        -2.41        -4.42         2.01
            27   1514        21.16         3.28         5.68        -2.40        -4.42         2.01
            28   1696        21.39         3.50         5.86        -2.36        -4.37         2.00
            29   1363        21.40         3.52         5.86        -2.35        -4.36         2.01
            30    386        21.43         3.54         5.49        -1.95        -3.95         2.00
            31   2290        21.43         3.55         5.49        -1.94        -3.95         2.01
            32    499        21.43         3.54         5.86        -2.32        -4.33         2.01
            33   2330        21.15         3.27         4.57        -1.31        -3.29         1.98
            34    300        21.16         3.27         4.57        -1.30        -3.28         1.98
            35   2549        21.18         3.29         4.57        -1.28        -3.27         1.99
            36    734        21.22         3.33         4.57        -1.24        -3.23         1.99
            37   1626        22.00         4.11         6.37        -2.26        -4.26         2.00
            38   2592        22.02         4.13         6.37        -2.24        -4.24         2.00
            39   1352        22.02         4.13         6.37        -2.24        -4.25         2.01
            40    922        22.51         4.62         6.66        -2.04        -4.04         2.00
            41    835        22.53         4.65         6.66        -2.01        -4.00         1.99
            42   2292        22.54         4.65         6.66        -2.00        -4.01         2.00
            43   2395        22.62         4.73         6.90        -2.16        -4.14         1.98
            44    251        22.63         4.74         6.90        -2.15        -4.14         1.98
            45   2215        22.66         4.77         6.90        -2.13        -4.12         2.00
            46   2548        22.87         4.99         7.11        -2.13        -4.11         1.98
            47    279        22.88         4.99         7.11        -2.12        -4.11         1.99
            48   1353        22.92         5.04         7.11        -2.07        -4.07         2.00
            49    140        23.11         5.23         7.48        -2.25        -4.25         1.99
            50    172        23.14         5.25         7.48        -2.23        -4.22         1.99
            51   2533        23.57         5.68         7.21        -1.53        -3.52         1.99
            52   1022        23.58         5.69         7.21        -1.52        -3.53         2.01
            53    537        23.59         5.70         7.21        -1.51        -3.50         1.99
            54    614        23.59         5.71         7.21        -1.50        -3.49         1.99
            55    112        24.51         6.63         8.89        -2.26        -4.26         2.00
            56   1955        24.52         6.63         8.89        -2.26        -4.26         2.00
            57   2583        24.52         6.63         8.89        -2.26        -4.26         2.01
            58   1362        24.56         6.68         8.89        -2.22        -4.23         2.01
            59   2598        24.13         6.25         8.57        -2.33        -4.34         2.02
            60   2576        24.15         6.26         8.57        -2.31        -4.33         2.02
            61   2396        24.17         6.28         8.61        -2.33        -4.32         1.99
            62   1605        24.13         6.25         8.57        -2.33        -4.33         2.01
            63   2102        24.17         6.28         8.57        -2.29        -4.30         2.01
            64   2037        24.23         6.34         8.61        -2.26        -4.27         2.01
            65   1296        24.19         6.31         8.61        -2.30        -4.32         2.02
          ------------------------------------------------------------------------------------------

          ----------------------------------------
          Gas Phase Internal Potential Energy: U
          ----------------------------------------

          ------------------------------------------------------------------------------------------
          Rank    ID         U         Valence     Coulomb        VdW         VdW6        VdW12
          ------------------------------------------------------------------------------------------
             1   1160         4.53        12.22        -9.75         2.06        -9.20        11.26
             2   2585         4.53        12.22        -9.75         2.06        -9.20        11.26
             3    571         4.53        12.22        -9.75         2.06        -9.20        11.26
             4   2388         3.92        12.57       -10.58         1.93       -10.48        12.41
             5   2139         3.92        12.57       -10.58         1.93       -10.48        12.41
             6   1995         3.92        12.57       -10.58         1.93       -10.48        12.41
             7    124         3.92        12.57       -10.58         1.93       -10.48        12.41
             8   1799         5.43        11.90        -8.72         2.25        -8.93        11.18
             9   1339         5.43        11.90        -8.72         2.25        -8.93        11.18
            10   2314         5.41        11.91        -8.73         2.24        -8.94        11.17
            11   2288         5.41        11.91        -8.73         2.24        -8.94        11.17
            12   2371         5.41        11.91        -8.73         2.24        -8.94        11.17
            13   1256         5.43        11.90        -8.72         2.25        -8.93        11.18
            14   2362         5.41        12.01        -8.86         2.26        -8.94        11.20
            15   1731         5.41        12.01        -8.86         2.26        -8.94        11.20
            16   2378         5.41        12.01        -8.86         2.26        -8.94        11.20
            17   2142         5.41        12.01        -8.86         2.26        -8.94        11.20
            18    278         5.23        12.27        -9.23         2.19        -8.95        11.14
            19   2386         5.23        12.27        -9.23         2.19        -8.95        11.14
            20   1017         5.34        12.39        -9.27         2.22        -8.97        11.18
            21   2556         4.70        12.59       -10.00         2.11        -9.79        11.90
            22   1770         5.65        11.81        -8.31         2.15        -9.14        11.29
            23   2551         4.70        12.59       -10.00         2.11        -9.79        11.90
            24   1200         5.65        11.81        -8.31         2.15        -9.14        11.29
            25    584         5.65        11.81        -8.31         2.15        -9.14        11.29
            26   1919         5.68        11.81        -8.28         2.15        -9.11        11.26
            27   1514         5.68        11.81        -8.28         2.15        -9.11        11.26
            28   1696         5.86        12.33        -8.53         2.07        -8.87        10.93
            29   1363         5.86        12.33        -8.53         2.07        -8.87        10.93
            30    386         5.49        12.68        -9.22         2.03        -8.90        10.92
            31   2290         5.49        12.68        -9.22         2.03        -8.90        10.92
            32    499         5.86        12.33        -8.53         2.07        -8.87        10.93
            33   2330         4.57        12.70       -10.36         2.23       -10.22        12.46
            34    300         4.57        12.70       -10.36         2.23       -10.22        12.46
            35   2549         4.57        12.70       -10.36         2.23       -10.22        12.46
            36    734         4.57        12.70       -10.36         2.23       -10.22        12.46
            37   1626         6.37        12.09        -8.06         2.34        -9.68        12.02
            38   2592         6.37        12.09        -8.06         2.34        -9.68        12.02
            39   1352         6.37        12.09        -8.06         2.34        -9.68        12.02
            40    922         6.66        12.24        -7.55         1.97       -10.14        12.10
            41    835         6.66        12.24        -7.55         1.97       -10.14        12.10
            42   2292         6.66        12.24        -7.55         1.97       -10.14        12.10
            43   2395         6.90        12.37        -7.75         2.28        -9.83        12.10
            44    251         6.90        12.37        -7.75         2.28        -9.83        12.10
            45   2215         6.90        12.37        -7.75         2.28        -9.83        12.10
            46   2548         7.11        12.15        -6.96         1.93       -10.06        11.99
            47    279         7.11        12.15        -6.96         1.93       -10.06        11.99
            48   1353         7.11        12.15        -6.96         1.93       -10.06        11.99
            49    140         7.48        12.31        -7.08         2.26        -9.77        12.03
            50    172         7.48        12.31        -7.08         2.26        -9.77        12.03
            51   2533         7.21        13.63        -9.92         3.49       -10.51        14.01
            52   1022         7.21        13.63        -9.92         3.50       -10.51        14.01
            53    537         7.21        13.63        -9.92         3.49       -10.51        14.01
            54    614         7.21        13.63        -9.92         3.49       -10.51        14.01
            55    112         8.89        13.21        -7.89         3.57       -10.25        13.83
            56   1955         8.89        13.21        -7.89         3.57       -10.25        13.83
            57   2583         8.89        13.21        -7.89         3.57       -10.25        13.82
            58   1362         8.89        13.21        -7.89         3.57       -10.26        13.83
            59   2598         8.57        13.35        -8.60         3.83        -9.68        13.51
            60   2576         8.57        13.35        -8.60         3.83        -9.68        13.51
            61   2396         8.61        13.31        -8.55         3.84        -9.69        13.53
            62   1605         8.57        13.35        -8.60         3.83        -9.68        13.51
            63   2102         8.57        13.35        -8.60         3.83        -9.68        13.51
            64   2037         8.61        13.31        -8.55         3.84        -9.69        13.53
            65   1296         8.61        13.31        -8.55         3.84        -9.69        13.53
          ------------------------------------------------------------------------------------------

          -------------------------------
          Bonded Energy Terms: Valence
          -------------------------------

          ------------------------------------------------------------------------------------------
          Rank    ID     Valence       Bond        Angle         Pdih         Idih       Tether
          ------------------------------------------------------------------------------------------
             1   1160        12.22         0.22         2.75         9.25         0.00         0.00
             2   2585        12.22         0.22         2.75         9.25         0.00         0.00
             3    571        12.22         0.22         2.75         9.25         0.00         0.00
             4   2388        12.57         0.27         3.73         8.57         0.00         0.00
             5   2139        12.57         0.27         3.73         8.57         0.00         0.00
             6   1995        12.57         0.27         3.73         8.57         0.00         0.00
             7    124        12.57         0.27         3.73         8.57         0.00         0.00
             8   1799        11.90         0.22         2.47         9.21         0.00         0.00
             9   1339        11.90         0.22         2.47         9.21         0.00         0.00
            10   2314        11.91         0.22         2.46         9.23         0.00         0.00
            11   2288        11.91         0.22         2.46         9.23         0.00         0.00
            12   2371        11.91         0.22         2.46         9.23         0.00         0.00
            13   1256        11.90         0.22         2.47         9.21         0.00         0.00
            14   2362        12.01         0.22         2.42         9.37         0.00         0.00
            15   1731        12.01         0.22         2.42         9.37         0.00         0.00
            16   2378        12.01         0.22         2.42         9.37         0.00         0.00
            17   2142        12.01         0.22         2.42         9.37         0.00         0.00
            18    278        12.27         0.22         2.51         9.54         0.00         0.00
            19   2386        12.27         0.22         2.51         9.54         0.00         0.00
            20   1017        12.39         0.22         2.43         9.74         0.00         0.00
            21   2556        12.59         0.26         3.35         8.98         0.00         0.00
            22   1770        11.81         0.22         2.65         8.94         0.00         0.00
            23   2551        12.59         0.26         3.35         8.98         0.00         0.00
            24   1200        11.81         0.22         2.65         8.94         0.00         0.00
            25    584        11.81         0.22         2.65         8.94         0.00         0.00
            26   1919        11.81         0.22         2.65         8.93         0.00         0.00
            27   1514        11.81         0.22         2.65         8.93         0.00         0.00
            28   1696        12.33         0.22         2.57         9.55         0.00         0.00
            29   1363        12.33         0.22         2.56         9.55         0.00         0.00
            30    386        12.68         0.21         2.59         9.88         0.00         0.00
            31   2290        12.68         0.21         2.59         9.88         0.00         0.00
            32    499        12.33         0.22         2.56         9.55         0.00         0.00
            33   2330        12.70         0.28         3.79         8.63         0.00         0.00
            34    300        12.70         0.28         3.79         8.63         0.00         0.00
            35   2549        12.70         0.28         3.79         8.63         0.00         0.00
            36    734        12.70         0.28         3.79         8.63         0.00         0.00
            37   1626        12.09         0.27         3.01         8.82         0.00         0.00
            38   2592        12.09         0.27         3.01         8.82         0.00         0.00
            39   1352        12.09         0.27         3.00         8.82         0.00         0.00
            40    922        12.24         0.26         3.59         8.39         0.00         0.00
            41    835        12.24         0.26         3.59         8.39         0.00         0.00
            42   2292        12.24         0.26         3.59         8.39         0.00         0.00
            43   2395        12.37         0.28         3.46         8.63         0.00         0.00
            44    251        12.37         0.28         3.46         8.63         0.00         0.00
            45   2215        12.37         0.28         3.46         8.63         0.00         0.00
            46   2548        12.15         0.26         3.63         8.26         0.00         0.00
            47    279        12.15         0.26         3.63         8.26         0.00         0.00
            48   1353        12.15         0.26         3.63         8.26         0.00         0.00
            49    140        12.31         0.28         3.49         8.53         0.00         0.00
            50    172        12.31         0.28         3.49         8.53         0.00         0.00
            51   2533        13.63         0.43         3.72         9.48         0.00         0.00
            52   1022        13.63         0.43         3.72         9.48         0.00         0.00
            53    537        13.63         0.43         3.72         9.48         0.00         0.00
            54    614        13.63         0.43         3.72         9.48         0.00         0.00
            55    112        13.21         0.44         3.61         9.16         0.00         0.00
            56   1955        13.21         0.44         3.61         9.16         0.00         0.00
            57   2583        13.21         0.44         3.62         9.16         0.00         0.00
            58   1362        13.21         0.44         3.62         9.16         0.00         0.00
            59   2598        13.35         0.43         3.36         9.55         0.00         0.00
            60   2576        13.35         0.43         3.36         9.55         0.00         0.00
            61   2396        13.31         0.43         3.37         9.51         0.00         0.00
            62   1605        13.35         0.43         3.36         9.55         0.00         0.00
            63   2102        13.35         0.43         3.36         9.55         0.00         0.00
            64   2037        13.31         0.43         3.37         9.50         0.00         0.00
            65   1296        13.31         0.43         3.37         9.51         0.00         0.00
          ------------------------------------------------------------------------------------------

          Calculating single reference conformer RMSDs ...

          ---------------------------------
          Conformer RMSDs are in Angstroms.
          ---------------------------------

          ------------------------------------------------------------------------------------------
                              RMSD wrt Input Crd                    RMSD wrt Rank 1
                         ---------------------------------------------------------------------------
          Rank    ID        Complex    Receptor  Ligand          Complex    Receptor  Ligand
          ------------------------------------------------------------------------------------------
             1   1160                             1.425                               0.000
             2   2585                             0.702                               1.145
             3    571                             0.566                               1.375
             4   2388                             0.988                               1.045
             5   2139                             1.163                               1.107
             6   1995                             0.806                               1.040
             7    124                             1.088                               1.192
             8   1799                             0.969                               0.966
             9   1339                             1.100                               1.170
            10   2314                             0.931                               0.905
            11   2288                             0.987                               1.475
            12   2371                             1.085                               0.984
            13   1256                             1.167                               0.711
            14   2362                             0.981                               1.029
            15   1731                             1.101                               0.958
            16   2378                             1.145                               1.320
            17   2142                             0.948                               1.425
            18    278                             0.978                               1.085
            19   2386                             0.726                               1.423
            20   1017                             0.859                               0.901
            21   2556                             0.827                               1.483
            22   1770                             1.393                               0.649
            23   2551                             0.042                               1.073
            24   1200                             0.715                               1.335
            25    584                             1.160                               0.333
            26   1919                             1.178                               0.360
            27   1514                             0.663                               1.593
            28   1696                             0.976                               0.724
            29   1363                             0.629                               0.857
            30    386                             0.855                               0.566
            31   2290                             0.503                               0.993
            32    499                             0.929                               0.919
            33   2330                             1.063                               1.000
            34    300                             1.021                               0.816
            35   2549                             1.037                               0.966
            36    734                             0.569                               1.030
            37   1626                             1.377                               0.656
            38   2592                             1.341                               0.775
            39   1352                             0.338                               1.308
            40    922                             0.845                               0.810
            41    835                             1.143                               1.244
            42   2292                             1.149                               1.111
            43   2395                             1.002                               0.932
            44    251                             0.617                               0.790
            45   2215                             0.903                               0.851
            46   2548                             0.950                               1.036
            47    279                             0.828                               0.726
            48   1353                             0.816                               0.960
            49    140                             0.600                               1.041
            50    172                             0.889                               0.779
            51   2533                             1.287                               1.136
            52   1022                             1.342                               0.908
            53    537                             0.894                               1.148
            54    614                             0.767                               1.135
            55    112                             0.838                               0.838
            56   1955                             1.278                               0.956
            57   2583                             1.357                               0.933
            58   1362                             1.294                               1.157
            59   2598                             1.105                               0.771
            60   2576                             0.826                               0.852
            61   2396                             0.875                               0.851
            62   1605                             1.059                               1.113
            63   2102                             1.185                               1.443
            64   2037                             0.839                               0.858
            65   1296                             0.977                               1.681
          ------------------------------------------------------------------------------------------

          --------------------------------
          Final Boltzmann Averaged Data.
          --------------------------------

          -------------------------------------------------------------------
          Results of Boltzmann Averaging Over All   77 Conformers (kcal/mol).
          -------------------------------------------------------------------

          Free Energy                        G              45.5610061022
          Average Potential Energy         < E >            21.0059616966
          Entropy                           -TS             24.5550444057
          -------------------------------------------------------------------

          Average Potential Energy < E > Components.

          < U >                     5.0668185413
          < W(PBSA) >              -1.9457044700
          < H.O. P.E. >            17.8848580373

          Average Solvation Energy < W(PBSA) > Components.

          < PB >                   -3.9510116888
          < SA >                    2.0053072189

          Average Gas Phase Internal Potential Energy < U > Components.

          < Valence >              12.2246090965
          < Coulomb >              -9.2928968835
          < VdW >                   2.1351063283

          Average Van der Waals Energy < VdW > Components.

          < VdW6  >                -9.3795094979
          < VdW12 >                11.5146158263

          Average Bonded Energy < Valence > Components.

          < Bond >                  0.2350536807
          < Angle >                 2.8746946252
          < Pdihed >                9.1148607905
          < Idihed >                0.0000000000
          < Tether >                0.0000000000

          -------------------------------------------------------------------
                        End of VM2 Calculation Results Summary.
          -------------------------------------------------------------------


     Total cpu time for run         53.62 seconds.
                                     0.89 minutes.

     Total wall time for run        54.84 seconds.
                                     0.91 minutes.

     TIME STAMP: VCPack job finished normally : Saturday, August 06, 2022 at 17:08:58
