
     --------------------------------------------------------------------------------
                        Running Program VCPack. Version 2.8

                           VeraChem LLC, PO Box 2206
                           Germantown, MD 20875, U.S.A.

                                Tel. 240-686-0565
                                www.verachem.com
     --------------------------------------------------------------------------------


     Input file          :   CD_guest-5_fast_vm2_rndm.inp

     Output file         :   CD_guest-5_fast_vm2_rndm.out

     Summary output file :   CD_guest-5_fast_vm2_rndm.summary.out

     Executable : /data/comblab/vcCompChem_3b/exe/VC_CompChemPackage_mpi_openmp.exe

     Build date : Aug 13 2021  17:26:49

     This is a multiple processor run.

     MPI processes              :   16
     OpenMP threads per process :   16
     CUDA enabled               :  no

     TIME STAMP: VCPack job started : Sunday, August 07, 2022 at 13:39:52

     --------------------------------------------------------------------------------
                            Basic Calculation Control.
     --------------------------------------------------------------------------------

     Molecular system type                :  host+ligand     

     Calculation type                     :  feprocess       

     Energy potential                     :  mm              

     Post-processing type                 :  none            

     Post-processing energy potential     :  none            

     Time limit in wall clock hours       :  96.00

     Type of conformers to read in        :  ligand  
     Conformer source files(s)            :  guest-5_confgen4.xyz                              

     Use input .crd for complex build     :  no
     Place ligand confs. at input .crd    :  byconfscog
     Use input .crd as start conformer    :  yes

     Formatted output files               :  xyz     
                                          :  pdb     
                                          :  mol2    
                                          :  sdf     
                                          :  xyz     
                                          :  gms     
                                          :  csv     

     Split formatted output files         :  crd     

     Limit conformers in formatted files  :  bycount
     Maximum conformer count              :  1000

     Atoms to include in formatted files  :  all     

     Binary file restart type             :  none


     --------------------------------------------------------------------------------
                            Math Related Control and Set Up.
     --------------------------------------------------------------------------------

     Random number generator seeds :  bywallclock

     Seed 1 :           5039015
     Seed 2 :            164453
     Seed 3 :              2519
     Seed 4 :              5671


     --------------------------------------------------------------------------------
                            Basic Molecular System Set Up.
     --------------------------------------------------------------------------------

     ----------------
     Host Data Files.
     ----------------

     Standard crd coordinate file            :  CD.crd
     VeraChem topology file                  :  CD.top
     Standard mol/sdf file                   :  CD.mol

     Total number of host atoms              :       126

     ------------------
     Ligand Data Files.
     ------------------

     Standard crd coordinate file            :  guest-5.crd
     VeraChem topology file                  :  guest-5.top
     Standard mol/sdf file                   :  guest-5.mol

     Total number of ligand atoms            :        22

     Included in this calculation.
     Number of real and live ligand atoms    :        22
     Number of real but fixed ligand atoms   :         0

     Ligand placement method                 :  byreceptorcog

     NOTE: The placement of the ligand redefines the ligand .crd input coordinates.

     Snap ligand to template atoms           :      no

     -------------------------------
     Final Real/Live Set Atom Count.
     -------------------------------

     Total number of real atoms              :       148
     Total number of live atoms              :       148


     --------------------------------------------------------------------------------
                            Generate Initial Molecular Conformations.
     --------------------------------------------------------------------------------

     Conf. Type Read In      File Format       No. of Confs. Read In 
             ligand             xyz                1000

     Mandatory input crd file(s) used for generation of 1 additional conformer.

     From these the total number of starting conformers generated :  1000


     --------------------------------------------------------------------------------
                             Energy Potential Settings.
     --------------------------------------------------------------------------------


     Molecular Mechanics package          :  vchem           

     Quantum Mechanics package            :  none            


     --------------------------------------------------------------------------------
                       Running VfreeE Module. Version 2.8
     --------------------------------------------------------------------------------

          --------------------------------
          Final Individual Conformer Data.
          --------------------------------

          List data for conformers with probability of at least :  0.01 %
          Rankings are with respect to : Free Energy (G)

          ------------------------
          Free Energy: G = E - TS
          ------------------------

          ------------------------------------------------------------------------------------------
          Rank    ID     ln(Zx)    Prob(%)  Sum Prob(%)  Del G        G            E            -TS
          ------------------------------------------------------------------------------------------
             1    751  -1258.84817   41.89    41.89      0.00       572.58       375.91       196.66
             2    366  -1260.72542    6.41    48.30      1.12       573.70       378.90       194.80
             3     95  -1260.77149    6.12    54.43      1.15       573.72       376.66       197.06
             4    726  -1260.78465    6.04    60.47      1.15       573.73       378.08       195.65
             5     43  -1260.91269    5.32    65.78      1.23       573.81       377.76       196.05
             6    683  -1260.93641    5.19    70.97      1.24       573.82       378.32       195.50
             7    595  -1261.55805    2.79    73.76      1.62       574.19       377.43       196.76
             8     23  -1261.85170    2.08    75.84      1.79       574.37       377.42       196.95
             9    539  -1261.90458    1.97    77.81      1.82       574.40       379.27       195.13
            10    130  -1262.20325    1.46    79.27      2.00       574.58       377.59       196.99
            11    947  -1262.50604    1.08    80.35      2.18       574.76       378.94       195.81
            12    196  -1262.56263    1.02    81.37      2.21       574.79       380.40       194.39
            13    611  -1262.60032    0.98    82.36      2.24       574.81       378.96       195.86
            14    588  -1262.85434    0.76    83.12      2.39       574.97       378.09       196.87
            15    579  -1262.98804    0.67    83.79      2.47       575.05       379.68       195.37
            16    591  -1263.08890    0.60    84.39      2.53       575.11       377.92       197.19
            17    494  -1263.13371    0.58    84.97      2.55       575.13       379.36       195.77
            18    779  -1263.19396    0.54    85.51      2.59       575.17       379.32       195.85
            19    743  -1263.22910    0.52    86.03      2.61       575.19       379.31       195.88
            20    538  -1263.23690    0.52    86.55      2.62       575.19       379.08       196.11
            21    349  -1263.24406    0.52    87.07      2.62       575.20       379.82       195.38
            22     68  -1263.28211    0.50    87.57      2.64       575.22       380.19       195.03
            23    557  -1263.30264    0.49    88.06      2.66       575.23       379.78       195.46
            24    181  -1263.48883    0.40    88.46      2.77       575.34       380.58       194.77
            25    898  -1263.53115    0.39    88.85      2.79       575.37       379.79       195.58
            26    231  -1263.60242    0.36    89.21      2.83       575.41       378.61       196.80
            27    125  -1263.63323    0.35    89.56      2.85       575.43       379.75       195.68
            28    908  -1263.68649    0.33    89.89      2.88       575.46       377.93       197.53
            29    151  -1263.70940    0.32    90.21      2.90       575.48       378.55       196.93
            30    163  -1263.76737    0.31    90.52      2.93       575.51       378.82       196.69
            31     59  -1263.81857    0.29    90.81      2.96       575.54       381.14       194.40
            32    106  -1263.84222    0.28    91.10      2.98       575.56       380.52       195.04
            33    107  -1263.86132    0.28    91.37      2.99       575.57       380.95       194.62
            34    610  -1263.86346    0.28    91.65      2.99       575.57       381.04       194.53
            35    471  -1263.86941    0.28    91.93      2.99       575.57       378.83       196.74
            36    923  -1263.98968    0.25    92.17      3.07       575.64       380.02       195.63
            37     98  -1264.05962    0.23    92.40      3.11       575.68       380.61       195.07
            38     53  -1264.06879    0.23    92.63      3.11       575.69       379.61       196.08
            39    405  -1264.07194    0.23    92.85      3.11       575.69       380.10       195.59
            40    126  -1264.08744    0.22    93.08      3.12       575.70       378.65       197.05
            41   1000  -1264.09702    0.22    93.30      3.13       575.71       380.77       194.93
            42    910  -1264.14316    0.21    93.51      3.16       575.73       379.83       195.90
            43     76  -1264.15892    0.21    93.71      3.17       575.74       380.53       195.21
            44     63  -1264.16469    0.21    93.92      3.17       575.75       378.97       196.78
            45    843  -1264.25120    0.19    94.11      3.22       575.80       380.61       195.19
            46    355  -1264.25215    0.19    94.30      3.22       575.80       381.18       194.62
            47    276  -1264.28980    0.18    94.48      3.24       575.82       380.47       195.35
            48    987  -1264.33472    0.17    94.65      3.27       575.85       380.26       195.59
            49    351  -1264.43964    0.16    94.81      3.33       575.91       380.09       195.82
            50    239  -1264.44643    0.16    94.96      3.34       575.92       379.42       196.49
            51    811  -1264.44840    0.15    95.12      3.34       575.92       380.22       195.70
            52    829  -1264.49930    0.15    95.26      3.37       575.95       379.39       196.56
            53    607  -1264.58962    0.13    95.40      3.42       576.00       378.73       197.27
            54    733  -1264.64096    0.13    95.53      3.45       576.03       380.53       195.50
            55     44  -1264.71831    0.12    95.64      3.50       576.08       380.09       195.99
            56    418  -1264.72580    0.12    95.76      3.50       576.08       380.11       195.98
            57    716  -1264.74948    0.11    95.88      3.52       576.10       379.65       196.44
            58    851  -1264.74993    0.11    95.99      3.52       576.10       379.83       196.26
            59    646  -1264.75051    0.11    96.11      3.52       576.10       380.51       195.59
            60    463  -1264.81275    0.11    96.21      3.56       576.13       378.00       198.13
            61    675  -1264.82089    0.11    96.32      3.56       576.14       380.57       195.57
            62    771  -1264.82845    0.11    96.43      3.57       576.14       380.21       195.94
            63    662  -1264.83417    0.11    96.53      3.57       576.15       380.97       195.18
            64    419  -1264.90144    0.10    96.63      3.61       576.19       379.50       196.69
            65    842  -1264.90669    0.10    96.73      3.61       576.19       380.48       195.71
            66     90  -1264.99006    0.09    96.82      3.66       576.24       381.13       195.11
            67    251  -1265.03316    0.09    96.90      3.69       576.27       381.10       195.17
            68    778  -1265.04118    0.09    96.99      3.69       576.27       380.56       195.71
            69    796  -1265.05414    0.08    97.07      3.70       576.28       381.16       195.11
            70    316  -1265.07600    0.08    97.16      3.71       576.29       379.66       196.63
            71    975  -1265.12063    0.08    97.24      3.74       576.32       379.52       196.79
            72    828  -1265.12993    0.08    97.31      3.74       576.32       381.39       194.94
            73    981  -1265.13129    0.08    97.39      3.75       576.32       381.51       194.81
            74    531  -1265.14687    0.08    97.47      3.76       576.33       380.88       195.45
            75    164  -1265.20393    0.07    97.54      3.79       576.37       380.78       195.59
            76    174  -1265.23876    0.07    97.61      3.81       576.39       381.32       195.07
            77    467  -1265.23940    0.07    97.68      3.81       576.39       382.16       194.23
            78     83  -1265.25017    0.07    97.75      3.82       576.39       382.21       194.19
            79     36  -1265.26404    0.07    97.82      3.82       576.40       380.34       196.06
            80    147  -1265.27982    0.07    97.89      3.83       576.41       380.91       195.50
            81    895  -1265.42507    0.06    97.95      3.92       576.50       378.95       197.55
            82    892  -1265.47224    0.06    98.00      3.95       576.53       380.90       195.63
            83    442  -1265.53171    0.05    98.05      3.98       576.56       379.81       196.75
            84    178  -1265.60896    0.05    98.10      4.03       576.61       382.16       194.44
            85    374  -1265.62664    0.05    98.15      4.04       576.62       379.18       197.44
            86    271  -1265.69041    0.04    98.20      4.08       576.66       379.13       197.52
            87    661  -1265.69629    0.04    98.24      4.08       576.66       380.10       196.56
            88    834  -1265.77325    0.04    98.28      4.13       576.71       379.47       197.24
            89     61  -1265.77430    0.04    98.32      4.13       576.71       381.97       194.74
            90    589  -1265.82539    0.04    98.36      4.16       576.74       380.38       196.36
            91    427  -1265.82824    0.04    98.40      4.16       576.74       379.61       197.13
            92    719  -1265.86324    0.04    98.44      4.18       576.76       380.04       196.72
            93    983  -1265.87047    0.04    98.48      4.19       576.76       381.23       195.53
            94    330  -1265.94141    0.03    98.51      4.23       576.81       381.92       194.88
            95    443  -1265.95066    0.03    98.54      4.23       576.81       380.21       196.61
            96     38  -1265.98208    0.03    98.58      4.25       576.83       379.21       197.62
            97     74  -1266.02748    0.03    98.61      4.28       576.86       380.51       196.35
            98    701  -1266.03005    0.03    98.64      4.28       576.86       381.46       195.40
            99    165  -1266.07459    0.03    98.67      4.31       576.89       382.23       194.66
           100    146  -1266.07769    0.03    98.70      4.31       576.89       380.18       196.71
           101    638  -1266.08542    0.03    98.73      4.31       576.89       380.15       196.74
           102    243  -1266.11323    0.03    98.76      4.33       576.91       379.84       197.07
           103    795  -1266.12580    0.03    98.79      4.34       576.92       381.00       195.92
           104    877  -1266.13572    0.03    98.82      4.34       576.92       379.99       196.93
           105    799  -1266.13717    0.03    98.85      4.35       576.92       379.60       197.33
           106    622  -1266.19584    0.03    98.88      4.38       576.96       380.83       196.13
           107    602  -1266.24279    0.03    98.90      4.41       576.99       380.68       196.30
           108    348  -1266.25303    0.03    98.93      4.41       576.99       381.06       195.94
           109    155  -1266.25493    0.03    98.95      4.42       576.99       382.81       194.19
           110    487  -1266.38499    0.02    98.97      4.49       577.07       380.86       196.21
           111    703  -1266.39902    0.02    99.00      4.50       577.08       379.99       197.09
           112    220  -1266.43361    0.02    99.02      4.52       577.10       381.99       195.11
           113    190  -1266.47415    0.02    99.04      4.55       577.12       381.70       195.42
           114    387  -1266.49082    0.02    99.06      4.56       577.13       380.82       196.31
           115    682  -1266.50117    0.02    99.08      4.56       577.14       380.55       196.59
           116    332  -1266.50952    0.02    99.10      4.57       577.15       379.67       197.48
           117    250  -1266.57179    0.02    99.12      4.60       577.18       380.83       196.35
           118    214  -1266.58904    0.02    99.13      4.61       577.19       380.39       196.80
           119    714  -1266.63866    0.02    99.15      4.64       577.22       383.22       194.01
           120     15  -1266.64636    0.02    99.17      4.65       577.23       381.93       195.29
           121    764  -1266.73326    0.02    99.18      4.70       577.28       380.67       196.61
           122    158  -1266.77173    0.02    99.20      4.72       577.30       381.82       195.48
           123    916  -1266.80360    0.01    99.21      4.74       577.32       381.99       195.33
           124    527  -1266.81456    0.01    99.23      4.75       577.33       383.30       194.02
           125    295  -1266.83080    0.01    99.24      4.76       577.34       381.46       195.88
           126    450  -1266.84289    0.01    99.26      4.77       577.34       382.44       194.91
           127    754  -1266.88994    0.01    99.27      4.79       577.37       381.16       196.22
           128    132  -1266.89206    0.01    99.28      4.80       577.37       381.48       195.90
           129    101  -1266.89540    0.01    99.30      4.80       577.38       381.10       196.28
           130    525  -1266.94116    0.01    99.31      4.82       577.40       379.37       198.04
           131    406  -1266.94345    0.01    99.32      4.83       577.40       379.20       198.21
           132      2  -1266.98732    0.01    99.34      4.85       577.43       382.06       195.37
           133      4  -1267.00780    0.01    99.35      4.86       577.44       381.05       196.39
           134    802  -1267.04216    0.01    99.36      4.88       577.46       381.40       196.06
           135    748  -1267.06297    0.01    99.37      4.90       577.48       379.39       198.09
           136    475  -1267.06611    0.01    99.38      4.90       577.48       382.12       195.35
           137    689  -1267.08370    0.01    99.39      4.91       577.49       382.12       195.37
           138    571  -1267.10016    0.01    99.40      4.92       577.50       380.64       196.85
           139    279  -1267.10789    0.01    99.41      4.92       577.50       379.65       197.85
           140    370  -1267.10809    0.01    99.43      4.92       577.50       382.26       195.24
           141    905  -1267.10998    0.01    99.44      4.93       577.50       381.42       196.08
           142    822  -1267.14094    0.01    99.45      4.94       577.52       380.00       197.52
           143    972  -1267.16062    0.01    99.46      4.96       577.53       382.49       195.04
           144    322  -1267.18404    0.01    99.47      4.97       577.55       381.51       196.04
          ------------------------------------------------------------------------------------------

          --------------------------------------------------------
          Potential Energy: E = (U+W) + H.O. Equipartion energy
          --------------------------------------------------------

          ------------------------------------------------------------------------------------------
          Rank    ID         E          U+W            U        W(PBSA)          PB           SA
          ------------------------------------------------------------------------------------------
             1    751       375.91       245.35       282.81       -37.46       -43.59         6.13
             2    366       378.90       248.34       282.25       -33.91       -39.94         6.03
             3     95       376.66       246.10       284.20       -38.10       -44.23         6.13
             4    726       378.08       247.52       282.60       -35.08       -41.15         6.07
             5     43       377.76       247.20       285.77       -38.57       -44.65         6.08
             6    683       378.32       247.76       282.17       -34.40       -40.48         6.07
             7    595       377.43       246.87       282.64       -35.77       -41.86         6.09
             8     23       377.42       246.86       283.99       -37.13       -43.15         6.03
             9    539       379.27       248.71       282.23       -33.52       -39.55         6.03
            10    130       377.59       247.03       282.12       -35.09       -41.16         6.07
            11    947       378.94       248.38       286.50       -38.11       -44.19         6.08
            12    196       380.40       249.84       283.94       -34.10       -40.10         6.00
            13    611       378.96       248.40       286.41       -38.01       -44.11         6.10
            14    588       378.09       247.53       284.73       -37.20       -43.30         6.10
            15    579       379.68       249.12       286.16       -37.04       -43.11         6.06
            16    591       377.92       247.36       285.06       -37.70       -43.77         6.07
            17    494       379.36       248.80       284.54       -35.74       -41.74         6.00
            18    779       379.32       248.76       288.11       -39.35       -45.43         6.08
            19    743       379.31       248.75       284.44       -35.69       -41.82         6.13
            20    538       379.08       248.52       283.43       -34.90       -40.98         6.07
            21    349       379.82       249.26       283.70       -34.43       -40.50         6.07
            22     68       380.19       249.63       287.24       -37.60       -43.64         6.04
            23    557       379.78       249.22       287.16       -37.95       -44.02         6.07
            24    181       380.58       250.02       284.40       -34.39       -40.42         6.03
            25    898       379.79       249.23       282.98       -33.76       -39.78         6.02
            26    231       378.61       248.05       285.11       -37.05       -43.09         6.04
            27    125       379.75       249.19       286.81       -37.62       -43.67         6.05
            28    908       377.93       247.37       283.69       -36.32       -42.40         6.07
            29    151       378.55       247.99       285.35       -37.36       -43.41         6.05
            30    163       378.82       248.26       285.91       -37.65       -43.71         6.06
            31     59       381.14       250.58       291.48       -40.90       -46.99         6.08
            32    106       380.52       249.96       288.53       -38.57       -44.70         6.12
            33    107       380.95       250.39       288.22       -37.83       -43.92         6.09
            34    610       381.04       250.48       291.40       -40.93       -47.01         6.09
            35    471       378.83       248.27       287.24       -38.97       -45.08         6.11
            36    923       380.02       249.46       287.03       -37.58       -43.59         6.01
            37     98       380.61       250.05       287.96       -37.91       -43.90         6.00
            38     53       379.61       249.05       286.31       -37.25       -43.36         6.11
            39    405       380.10       249.55       287.89       -38.35       -44.51         6.16
            40    126       378.65       248.09       286.04       -37.95       -43.99         6.03
            41   1000       380.77       250.21       287.47       -37.26       -43.32         6.06
            42    910       379.83       249.27       287.88       -38.61       -44.69         6.08
            43     76       380.53       249.97       285.15       -35.18       -41.18         6.00
            44     63       378.97       248.41       285.70       -37.29       -43.30         6.01
            45    843       380.61       250.05       287.94       -37.89       -43.98         6.09
            46    355       381.18       250.62       283.96       -33.34       -39.41         6.07
            47    276       380.47       249.91       289.15       -39.24       -45.41         6.17
            48    987       380.26       249.70       285.61       -35.90       -41.92         6.02
            49    351       380.09       249.53       284.69       -35.16       -41.24         6.09
            50    239       379.42       248.86       284.34       -35.48       -41.64         6.16
            51    811       380.22       249.66       284.86       -35.21       -41.22         6.01
            52    829       379.39       248.83       285.87       -37.05       -43.19         6.14
            53    607       378.73       248.17       285.88       -37.72       -43.81         6.09
            54    733       380.53       249.98       287.97       -37.99       -44.06         6.06
            55     44       380.09       249.53       287.94       -38.41       -44.48         6.07
            56    418       380.11       249.55       287.53       -37.98       -44.12         6.14
            57    716       379.65       249.09       285.52       -36.43       -42.54         6.11
            58    851       379.83       249.27       287.26       -37.99       -44.05         6.06
            59    646       380.51       249.95       284.46       -34.51       -40.50         5.99
            60    463       378.00       247.44       284.66       -37.22       -43.23         6.01
            61    675       380.57       250.01       288.11       -38.10       -44.17         6.07
            62    771       380.21       249.65       283.97       -34.33       -40.36         6.03
            63    662       380.97       250.41       288.39       -37.98       -44.00         6.02
            64    419       379.50       248.94       283.99       -35.06       -41.09         6.04
            65    842       380.48       249.92       287.82       -37.91       -43.95         6.05
            66     90       381.13       250.57       287.35       -36.79       -42.79         6.01
            67    251       381.10       250.54       287.66       -37.12       -43.17         6.05
            68    778       380.56       250.00       286.66       -36.66       -42.70         6.03
            69    796       381.16       250.60       288.73       -38.13       -44.18         6.05
            70    316       379.66       249.10       287.87       -38.77       -44.87         6.10
            71    975       379.52       248.97       287.34       -38.37       -44.44         6.07
            72    828       381.39       250.83       291.57       -40.74       -46.82         6.08
            73    981       381.51       250.95       284.31       -33.36       -39.40         6.05
            74    531       380.88       250.32       285.21       -34.89       -40.90         6.01
            75    164       380.78       250.22       283.84       -33.62       -39.63         6.01
            76    174       381.32       250.76       287.38       -36.62       -42.68         6.06
            77    467       382.16       251.60       289.91       -38.32       -44.31         5.99
            78     83       382.21       251.65       291.80       -40.16       -46.18         6.02
            79     36       380.34       249.78       287.49       -37.70       -43.77         6.07
            80    147       380.91       250.35       286.87       -36.52       -42.52         5.99
            81    895       378.95       248.39       284.93       -36.54       -42.53         5.99
            82    892       380.90       250.34       288.27       -37.93       -43.93         6.00
            83    442       379.81       249.25       285.95       -36.69       -42.75         6.06
            84    178       382.16       251.61       292.05       -40.44       -46.46         6.02
            85    374       379.18       248.62       285.94       -37.32       -43.34         6.01
            86    271       379.13       248.58       286.06       -37.49       -43.54         6.05
            87    661       380.10       249.54       287.49       -37.94       -43.99         6.05
            88    834       379.47       248.91       286.34       -37.43       -43.57         6.14
            89     61       381.97       251.41       284.55       -33.14       -39.15         6.01
            90    589       380.38       249.82       287.36       -37.54       -43.57         6.03
            91    427       379.61       249.05       285.88       -36.83       -42.98         6.14
            92    719       380.04       249.48       287.59       -38.11       -44.12         6.01
            93    983       381.23       250.67       285.52       -34.85       -40.82         5.97
            94    330       381.92       251.36       290.19       -38.82       -44.82         6.00
            95    443       380.21       249.65       286.19       -36.55       -42.54         5.99
            96     38       379.21       248.65       283.50       -34.85       -40.85         5.99
            97     74       380.51       249.95       287.76       -37.81       -43.86         6.05
            98    701       381.46       250.90       288.87       -37.96       -44.02         6.05
            99    165       382.23       251.67       286.35       -34.68       -40.67         5.99
           100    146       380.18       249.62       284.14       -34.52       -40.53         6.01
           101    638       380.15       249.59       286.44       -36.84       -42.93         6.09
           102    243       379.84       249.28       284.52       -35.24       -41.26         6.02
           103    795       381.00       250.44       288.87       -38.44       -44.42         5.99
           104    877       379.99       249.43       286.38       -36.95       -42.98         6.03
           105    799       379.60       249.04       288.00       -38.97       -45.02         6.05
           106    622       380.83       250.27       283.39       -33.12       -39.12         6.00
           107    602       380.68       250.13       283.74       -33.61       -39.56         5.94
           108    348       381.06       250.50       284.48       -33.99       -40.02         6.03
           109    155       382.81       252.25       289.11       -36.86       -42.91         6.05
           110    487       380.86       250.30       288.07       -37.77       -43.76         5.99
           111    703       379.99       249.43       286.79       -37.36       -43.38         6.02
           112    220       381.99       251.43       288.90       -37.47       -43.47         5.99
           113    190       381.70       251.14       286.13       -34.99       -40.95         5.96
           114    387       380.82       250.26       285.52       -35.26       -41.29         6.02
           115    682       380.55       249.99       287.69       -37.70       -43.76         6.06
           116    332       379.67       249.11       286.87       -37.76       -43.81         6.05
           117    250       380.83       250.27       283.74       -33.47       -39.43         5.96
           118    214       380.39       249.83       287.54       -37.71       -43.74         6.02
           119    714       383.22       252.66       288.79       -36.13       -42.11         5.98
           120     15       381.93       251.37       287.17       -35.80       -41.84         6.04
           121    764       380.67       250.11       283.67       -33.56       -39.46         5.90
           122    158       381.82       251.26       289.19       -37.93       -43.96         6.03
           123    916       381.99       251.43       287.20       -35.77       -41.73         5.95
           124    527       383.30       252.75       292.43       -39.68       -45.68         6.00
           125    295       381.46       250.90       285.08       -34.18       -40.17         5.99
           126    450       382.44       251.88       288.49       -36.62       -42.59         5.98
           127    754       381.16       250.60       287.08       -36.48       -42.52         6.04
           128    132       381.48       250.92       288.79       -37.87       -43.92         6.05
           129    101       381.10       250.54       285.99       -35.46       -41.47         6.02
           130    525       379.37       248.81       291.01       -42.20       -48.36         6.16
           131    406       379.20       248.64       287.32       -38.69       -44.90         6.21
           132      2       382.06       251.50       289.94       -38.44       -44.44         6.00
           133      4       381.05       250.50       286.92       -36.43       -42.46         6.04
           134    802       381.40       250.84       284.43       -33.59       -39.57         5.99
           135    748       379.39       248.83       290.92       -42.09       -48.28         6.20
           136    475       382.12       251.57       288.38       -36.82       -42.77         5.96
           137    689       382.12       251.56       284.63       -33.07       -39.02         5.95
           138    571       380.64       250.08       285.96       -35.88       -41.91         6.03
           139    279       379.65       249.09       285.18       -36.09       -42.17         6.09
           140    370       382.26       251.70       288.09       -36.38       -42.43         6.04
           141    905       381.42       250.86       288.60       -37.73       -43.72         5.99
           142    822       380.00       249.44       286.86       -37.42       -43.45         6.03
           143    972       382.49       251.93       285.95       -34.02       -40.13         6.11
           144    322       381.51       250.95       287.98       -37.03       -43.10         6.07
          ------------------------------------------------------------------------------------------

          ----------------------------------------
          Gas Phase Internal Potential Energy: U
          ----------------------------------------

          ------------------------------------------------------------------------------------------
          Rank    ID         U         Valence     Coulomb        VdW         VdW6        VdW12
          ------------------------------------------------------------------------------------------
             1    751       282.81       157.73       150.49       -25.40      -181.71       156.30
             2    366       282.25       158.53       151.39       -27.67      -183.47       155.80
             3     95       284.20       157.68       152.42       -25.90      -182.13       156.23
             4    726       282.60       157.38       153.26       -28.04      -184.25       156.21
             5     43       285.77       157.68       153.58       -25.49      -181.93       156.44
             6    683       282.17       157.64       151.85       -27.32      -184.68       157.36
             7    595       282.64       158.31       151.21       -26.89      -184.13       157.24
             8     23       283.99       159.07       151.06       -26.14      -183.96       157.82
             9    539       282.23       158.83       150.70       -27.30      -184.28       156.98
            10    130       282.12       158.66       149.29       -25.84      -184.67       158.83
            11    947       286.50       159.24       152.84       -25.59      -183.03       157.44
            12    196       283.94       157.85       154.33       -28.24      -184.47       156.23
            13    611       286.41       158.37       153.14       -25.10      -182.03       156.93
            14    588       284.73       157.76       151.76       -24.79      -183.34       158.56
            15    579       286.16       159.70       151.26       -24.80      -178.94       154.14
            16    591       285.06       159.26       151.81       -26.01      -185.38       159.37
            17    494       284.54       157.60       151.93       -24.99      -181.35       156.36
            18    779       288.11       159.81       155.06       -26.77      -182.26       155.49
            19    743       284.44       159.54       147.82       -22.92      -182.52       159.60
            20    538       283.43       159.77       150.24       -26.58      -182.91       156.33
            21    349       283.70       157.72       152.56       -26.58      -183.89       157.30
            22     68       287.24       159.46       152.80       -25.02      -180.71       155.69
            23    557       287.16       159.40       154.53       -26.76      -183.46       156.70
            24    181       284.40       158.94       153.54       -28.08      -184.03       155.95
            25    898       282.98       157.28       154.19       -28.48      -186.66       158.18
            26    231       285.11       158.64       152.31       -25.84      -183.44       157.60
            27    125       286.81       157.09       154.04       -24.32      -181.90       157.58
            28    908       283.69       156.86       151.65       -24.82      -183.81       158.99
            29    151       285.35       158.66       152.79       -26.11      -184.94       158.83
            30    163       285.91       158.87       152.30       -25.27      -183.51       158.24
            31     59       291.48       161.33       156.90       -26.74      -181.64       154.89
            32    106       288.53       156.74       154.42       -22.63      -178.14       155.51
            33    107       288.22       158.11       155.84       -25.72      -179.95       154.23
            34    610       291.40       160.86       156.99       -26.45      -181.18       154.74
            35    471       287.24       159.83       152.76       -25.34      -184.13       158.79
            36    923       287.03       158.81       153.55       -25.32      -181.81       156.49
            37     98       287.96       159.96       153.67       -25.67      -183.30       157.63
            38     53       286.31       158.82       153.68       -26.20      -184.60       158.40
            39    405       287.89       160.53       152.34       -24.98      -181.84       156.86
            40    126       286.04       159.46       152.78       -26.20      -185.29       159.09
            41   1000       287.47       159.56       153.36       -25.45      -181.87       156.42
            42    910       287.88       156.38       157.59       -26.09      -181.89       155.79
            43     76       285.15       157.15       156.33       -28.33      -184.28       155.95
            44     63       285.70       160.36       151.17       -25.82      -184.20       158.38
            45    843       287.94       159.51       153.49       -25.06      -179.86       154.81
            46    355       283.96       158.57       151.03       -25.64      -180.62       154.97
            47    276       289.15       160.16       153.68       -24.69      -181.45       156.76
            48    987       285.61       156.21       155.25       -25.86      -181.84       155.99
            49    351       284.69       158.69       153.76       -27.76      -186.72       158.96
            50    239       284.34       158.31       148.63       -22.61      -181.03       158.42
            51    811       284.86       156.51       154.84       -26.49      -182.16       155.67
            52    829       285.87       158.40       152.00       -24.53      -183.33       158.81
            53    607       285.88       158.91       152.38       -25.40      -184.62       159.22
            54    733       287.97       159.46       152.35       -23.84      -178.32       154.48
            55     44       287.94       159.34       155.24       -26.64      -184.30       157.66
            56    418       287.53       158.60       152.84       -23.91      -181.18       157.27
            57    716       285.52       159.77       149.08       -23.33      -182.89       159.56
            58    851       287.26       159.68       153.41       -25.83      -182.66       156.83
            59    646       284.46       159.96       150.91       -26.41      -184.07       157.66
            60    463       284.66       160.20       150.47       -26.01      -187.38       161.37
            61    675       288.11       161.00       151.74       -24.63      -181.98       157.35
            62    771       283.97       156.84       156.31       -29.17      -186.28       157.11
            63    662       288.39       158.00       155.51       -25.13      -181.35       156.22
            64    419       283.99       159.19       152.27       -27.47      -185.89       158.42
            65    842       287.82       158.71       155.64       -26.53      -184.41       157.89
            66     90       287.35       159.81       152.31       -24.77      -181.56       156.79
            67    251       287.66       158.99       153.79       -25.13      -181.74       156.61
            68    778       286.66       159.25       155.27       -27.86      -184.44       156.58
            69    796       288.73       158.13       155.80       -25.20      -181.76       156.56
            70    316       287.87       158.48       154.55       -25.16      -183.28       158.12
            71    975       287.34       159.41       154.96       -27.02      -184.33       157.30
            72    828       291.57       158.89       160.26       -27.57      -181.79       154.22
            73    981       284.31       157.69       154.02       -27.41      -185.17       157.77
            74    531       285.21       159.59       153.21       -27.59      -184.26       156.67
            75    164       283.84       157.83       153.40       -27.39      -184.58       157.18
            76    174       287.38       158.67       154.96       -26.26      -182.36       156.11
            77    467       289.91       161.44       155.91       -27.43      -182.19       154.76
            78     83       291.80       162.27       156.64       -27.10      -183.12       156.02
            79     36       287.49       159.72       154.57       -26.80      -184.44       157.64
            80    147       286.87       159.64       155.59       -28.35      -184.40       156.05
            81    895       284.93       160.26       151.69       -27.01      -186.40       159.39
            82    892       288.27       156.92       157.07       -25.73      -183.79       158.06
            83    442       285.95       157.29       153.39       -24.73      -182.06       157.33
            84    178       292.05       161.87       156.91       -26.74      -182.47       155.74
            85    374       285.94       159.98       151.60       -25.63      -184.77       159.13
            86    271       286.06       160.46       151.82       -26.22      -186.77       160.55
            87    661       287.49       158.11       154.94       -25.57      -184.20       158.63
            88    834       286.34       158.42       152.46       -24.54      -182.63       158.09
            89     61       284.55       156.92       154.76       -27.12      -184.49       157.36
            90    589       287.36       161.32       152.08       -26.03      -184.70       158.66
            91    427       285.88       160.91       148.90       -23.93      -183.77       159.84
            92    719       287.59       160.87       153.22       -26.50      -185.70       159.21
            93    983       285.52       158.99       154.29       -27.75      -186.76       159.01
            94    330       290.19       159.72       157.21       -26.74      -184.39       157.65
            95    443       286.19       159.94       154.83       -28.57      -184.95       156.37
            96     38       283.50       159.52       152.73       -28.76      -187.16       158.40
            97     74       287.76       158.51       154.51       -25.26      -183.42       158.16
            98    701       288.87       159.03       154.94       -25.11      -183.16       158.05
            99    165       286.35       158.44       157.00       -29.08      -185.06       155.98
           100    146       284.14       161.11       150.02       -26.99      -184.90       157.91
           101    638       286.44       161.54       149.59       -24.69      -184.66       159.98
           102    243       284.52       161.03       147.21       -23.71      -181.65       157.93
           103    795       288.87       160.67       152.96       -24.76      -182.47       157.71
           104    877       286.38       158.74       152.93       -25.29      -183.60       158.31
           105    799       288.00       160.02       154.30       -26.32      -185.18       158.86
           106    622       283.39       158.24       152.16       -27.01      -183.85       156.83
           107    602       283.74       161.33       149.91       -27.50      -185.54       158.04
           108    348       284.48       160.76       151.44       -27.71      -186.11       158.40
           109    155       289.11       158.88       157.17       -26.94      -181.52       154.58
           110    487       288.07       160.43       153.77       -26.12      -184.19       158.06
           111    703       286.79       158.28       153.92       -25.41      -184.51       159.10
           112    220       288.90       161.65       154.91       -27.66      -183.98       156.32
           113    190       286.13       160.25       153.04       -27.16      -185.22       158.06
           114    387       285.52       159.83       153.45       -27.76      -185.96       158.20
           115    682       287.69       159.59       153.28       -25.18      -183.72       158.54
           116    332       286.87       157.52       154.38       -25.03      -183.67       158.64
           117    250       283.74       160.99       149.65       -26.90      -185.84       158.94
           118    214       287.54       161.23       151.86       -25.55      -184.55       159.00
           119    714       288.79       160.55       157.32       -29.08      -184.91       155.83
           120     15       287.17       160.16       152.37       -25.35      -182.71       157.35
           121    764       283.67       159.74       152.33       -28.40      -190.08       161.68
           122    158       289.19       160.34       157.51       -28.66      -185.54       156.88
           123    916       287.20       159.87       154.47       -27.14      -185.17       158.04
           124    527       292.43       163.15       157.53       -28.25      -183.73       155.48
           125    295       285.08       161.13       151.54       -27.59      -185.60       158.01
           126    450       288.49       160.05       155.00       -26.57      -181.71       155.14
           127    754       287.08       161.67       150.60       -25.18      -183.98       158.80
           128    132       288.79       160.45       155.36       -27.02      -184.52       157.50
           129    101       285.99       157.37       152.85       -24.23      -180.50       156.28
           130    525       291.01       154.91       155.19       -19.10      -179.82       160.72
           131    406       287.32       154.87       152.40       -19.94      -181.64       161.69
           132      2       289.94       159.58       157.64       -27.28      -184.65       157.37
           133      4       286.92       158.88       153.70       -25.66      -184.40       158.74
           134    802       284.43       159.82       152.11       -27.51      -186.61       159.10
           135    748       290.92       155.01       154.99       -19.08      -180.10       161.02
           136    475       288.38       158.52       156.51       -26.65      -182.77       156.12
           137    689       284.63       158.96       152.64       -26.97      -187.71       160.74
           138    571       285.96       161.25       148.57       -23.86      -183.41       159.55
           139    279       285.18       158.90       149.47       -23.20      -179.41       156.21
           140    370       288.09       160.79       155.61       -28.32      -185.13       156.81
           141    905       288.60       157.40       156.42       -25.22      -184.11       158.90
           142    822       286.86       160.41       153.01       -26.56      -186.72       160.16
           143    972       285.95       159.23       150.83       -24.12      -180.61       156.48
           144    322       287.98       161.30       152.61       -25.93      -182.87       156.93
          ------------------------------------------------------------------------------------------

          -------------------------------
          Bonded Energy Terms: Valence
          -------------------------------

          ------------------------------------------------------------------------------------------
          Rank    ID     Valence       Bond        Angle         Pdih         Idih       Tether
          ------------------------------------------------------------------------------------------
             1    751       157.73         4.67        14.25       138.81         0.00         0.00
             2    366       158.53         4.47        14.11       139.96         0.00         0.00
             3     95       157.68         4.65        14.24       138.79         0.00         0.00
             4    726       157.38         4.50        14.14       138.74         0.00         0.00
             5     43       157.68         4.62        13.22       139.85         0.00         0.00
             6    683       157.64         4.58        13.67       139.40         0.00         0.00
             7    595       158.31         4.55        13.32       140.45         0.00         0.00
             8     23       159.07         4.70        14.80       139.58         0.00         0.00
             9    539       158.83         4.58        13.93       140.32         0.00         0.00
            10    130       158.66         4.62        13.55       140.49         0.00         0.00
            11    947       159.24         4.68        13.78       140.79         0.00         0.00
            12    196       157.85         4.60        14.62       138.63         0.00         0.00
            13    611       158.37         4.65        13.34       140.37         0.00         0.00
            14    588       157.76         4.86        15.14       137.76         0.00         0.00
            15    579       159.70         4.52        12.74       142.44         0.00         0.00
            16    591       159.26         4.86        14.51       139.88         0.00         0.00
            17    494       157.60         4.66        14.63       138.30         0.00         0.00
            18    779       159.81         4.61        12.57       142.63         0.00         0.00
            19    743       159.54         4.80        14.93       139.81         0.00         0.00
            20    538       159.77         4.49        12.99       142.28         0.00         0.00
            21    349       157.72         4.68        15.17       137.88         0.00         0.00
            22     68       159.46         4.64        15.05       139.77         0.00         0.00
            23    557       159.40         4.65        14.39       140.36         0.00         0.00
            24    181       158.94         4.50        13.96       140.48         0.00         0.00
            25    898       157.28         4.72        14.71       137.85         0.00         0.00
            26    231       158.64         4.79        15.05       138.79         0.00         0.00
            27    125       157.09         4.70        14.08       138.31         0.00         0.00
            28    908       156.86         4.78        14.87       137.21         0.00         0.00
            29    151       158.66         4.82        14.83       139.01         0.00         0.00
            30    163       158.87         4.73        13.55       140.59         0.00         0.00
            31     59       161.33         4.60        12.60       144.12         0.00         0.00
            32    106       156.74         4.79        14.66       137.29         0.00         0.00
            33    107       158.11         4.64        13.65       139.82         0.00         0.00
            34    610       160.86         4.60        12.67       143.58         0.00         0.00
            35    471       159.83         4.74        14.62       140.47         0.00         0.00
            36    923       158.81         4.78        14.01       140.02         0.00         0.00
            37     98       159.96         4.67        13.76       141.53         0.00         0.00
            38     53       158.82         4.74        13.14       140.95         0.00         0.00
            39    405       160.53         4.63        14.64       141.26         0.00         0.00
            40    126       159.46         4.91        14.44       140.10         0.00         0.00
            41   1000       159.56         4.73        14.99       139.84         0.00         0.00
            42    910       156.38         4.72        14.19       137.48         0.00         0.00
            43     76       157.15         4.63        15.37       137.15         0.00         0.00
            44     63       160.36         4.75        15.07       140.54         0.00         0.00
            45    843       159.51         4.67        13.95       140.89         0.00         0.00
            46    355       158.57         4.54        13.35       140.69         0.00         0.00
            47    276       160.16         4.64        14.21       141.30         0.00         0.00
            48    987       156.21         4.59        14.09       137.53         0.00         0.00
            49    351       158.69         4.78        15.85       138.06         0.00         0.00
            50    239       158.31         4.78        15.49       138.05         0.00         0.00
            51    811       156.51         4.70        14.16       137.65         0.00         0.00
            52    829       158.40         4.83        15.03       138.54         0.00         0.00
            53    607       158.91         4.99        14.83       139.08         0.00         0.00
            54    733       159.46         4.55        13.20       141.70         0.00         0.00
            55     44       159.34         4.74        13.32       141.28         0.00         0.00
            56    418       158.60         4.66        13.87       140.07         0.00         0.00
            57    716       159.77         4.77        15.01       139.99         0.00         0.00
            58    851       159.68         4.70        12.91       142.07         0.00         0.00
            59    646       159.96         4.77        15.49       139.69         0.00         0.00
            60    463       160.20         4.78        14.77       140.66         0.00         0.00
            61    675       161.00         4.69        13.68       142.63         0.00         0.00
            62    771       156.84         4.62        15.48       136.73         0.00         0.00
            63    662       158.00         4.69        13.66       139.65         0.00         0.00
            64    419       159.19         4.57        13.58       141.04         0.00         0.00
            65    842       158.71         4.89        13.79       140.04         0.00         0.00
            66     90       159.81         4.68        12.90       142.22         0.00         0.00
            67    251       158.99         4.81        14.07       140.11         0.00         0.00
            68    778       159.25         4.68        13.79       140.78         0.00         0.00
            69    796       158.13         4.74        14.56       138.83         0.00         0.00
            70    316       158.48         4.84        15.35       138.28         0.00         0.00
            71    975       159.41         4.65        15.03       139.73         0.00         0.00
            72    828       158.89         4.71        14.86       139.32         0.00         0.00
            73    981       157.69         4.88        16.74       136.08         0.00         0.00
            74    531       159.59         4.58        14.21       140.81         0.00         0.00
            75    164       157.83         4.73        15.85       137.25         0.00         0.00
            76    174       158.67         4.71        14.90       139.06         0.00         0.00
            77    467       161.44         4.54        13.47       143.43         0.00         0.00
            78     83       162.27         4.61        12.88       144.78         0.00         0.00
            79     36       159.72         4.74        13.62       141.36         0.00         0.00
            80    147       159.64         4.61        13.02       142.01         0.00         0.00
            81    895       160.26         4.71        15.30       140.25         0.00         0.00
            82    892       156.92         4.72        14.93       137.27         0.00         0.00
            83    442       157.29         4.71        14.24       138.34         0.00         0.00
            84    178       161.87         4.61        12.97       144.29         0.00         0.00
            85    374       159.98         4.75        15.01       140.22         0.00         0.00
            86    271       160.46         4.89        14.82       140.75         0.00         0.00
            87    661       158.11         4.84        15.12       138.15         0.00         0.00
            88    834       158.42         4.86        13.28       140.28         0.00         0.00
            89     61       156.92         4.85        16.92       135.14         0.00         0.00
            90    589       161.32         4.70        14.38       142.24         0.00         0.00
            91    427       160.91         4.83        14.43       141.65         0.00         0.00
            92    719       160.87         4.85        14.70       141.32         0.00         0.00
            93    983       158.99         5.01        17.61       136.37         0.00         0.00
            94    330       159.72         4.86        13.97       140.89         0.00         0.00
            95    443       159.94         4.63        13.05       142.27         0.00         0.00
            96     38       159.52         4.56        13.86       141.11         0.00         0.00
            97     74       158.51         4.67        14.39       139.44         0.00         0.00
            98    701       159.03         4.68        14.31       140.03         0.00         0.00
            99    165       158.44         4.47        14.61       139.36         0.00         0.00
           100    146       161.11         4.55        13.24       143.33         0.00         0.00
           101    638       161.54         4.78        15.84       140.92         0.00         0.00
           102    243       161.03         4.67        13.18       143.17         0.00         0.00
           103    795       160.67         4.68        13.57       142.41         0.00         0.00
           104    877       158.74         4.80        14.56       139.38         0.00         0.00
           105    799       160.02         4.85        14.76       140.42         0.00         0.00
           106    622       158.24         4.72        15.83       137.69         0.00         0.00
           107    602       161.33         4.64        14.22       142.47         0.00         0.00
           108    348       160.76         4.60        14.23       141.93         0.00         0.00
           109    155       158.88         4.59        13.48       140.81         0.00         0.00
           110    487       160.43         4.78        15.01       140.64         0.00         0.00
           111    703       158.28         4.88        15.69       137.71         0.00         0.00
           112    220       161.65         4.65        14.20       142.81         0.00         0.00
           113    190       160.25         4.72        15.16       140.37         0.00         0.00
           114    387       159.83         4.77        13.93       141.13         0.00         0.00
           115    682       159.59         4.93        13.17       141.49         0.00         0.00
           116    332       157.52         4.77        15.20       137.55         0.00         0.00
           117    250       160.99         4.77        14.62       141.60         0.00         0.00
           118    214       161.23         4.71        14.44       142.09         0.00         0.00
           119    714       160.55         4.54        13.52       142.49         0.00         0.00
           120     15       160.16         4.69        14.74       140.73         0.00         0.00
           121    764       159.74         5.04        16.74       137.96         0.00         0.00
           122    158       160.34         4.57        13.99       141.79         0.00         0.00
           123    916       159.87         4.74        15.30       139.83         0.00         0.00
           124    527       163.15         4.58        14.10       144.47         0.00         0.00
           125    295       161.13         4.57        14.45       142.10         0.00         0.00
           126    450       160.05         4.58        13.50       141.97         0.00         0.00
           127    754       161.67         4.72        13.30       143.64         0.00         0.00
           128    132       160.45         4.65        14.69       141.11         0.00         0.00
           129    101       157.37         4.83        15.88       136.66         0.00         0.00
           130    525       154.91         5.16        16.12       133.63         0.00         0.00
           131    406       154.87         5.25        15.65       133.97         0.00         0.00
           132      2       159.58         4.76        13.56       141.26         0.00         0.00
           133      4       158.88         4.81        14.94       139.13         0.00         0.00
           134    802       159.82         4.74        14.34       140.75         0.00         0.00
           135    748       155.01         5.18        16.16       133.67         0.00         0.00
           136    475       158.52         4.67        14.34       139.51         0.00         0.00
           137    689       158.96         4.86        15.47       138.63         0.00         0.00
           138    571       161.25         4.75        13.32       143.19         0.00         0.00
           139    279       158.90         4.73        14.44       139.73         0.00         0.00
           140    370       160.79         4.66        13.71       142.42         0.00         0.00
           141    905       157.40         4.84        14.92       137.63         0.00         0.00
           142    822       160.41         4.88        14.79       140.74         0.00         0.00
           143    972       159.23         4.63        13.53       141.07         0.00         0.00
           144    322       161.30         4.60        13.07       143.64         0.00         0.00
          ------------------------------------------------------------------------------------------

          Calculating single reference conformer RMSDs ...

          ---------------------------------
          Conformer RMSDs are in Angstroms.
          ---------------------------------

          ------------------------------------------------------------------------------------------
                              RMSD wrt Input Crd                    RMSD wrt Rank 1
                         ---------------------------------------------------------------------------
          Rank    ID        Complex    Receptor  Ligand          Complex    Receptor  Ligand
          ------------------------------------------------------------------------------------------
             1    751         1.669     0.970     3.654           0.000     0.000     0.000
             2    366         1.710     1.080     3.605           0.847     0.782     1.151
             3     95         1.671     1.181     3.288           1.479     1.415     1.803
             4    726         1.623     1.021     3.427           0.500     0.297     1.086
             5     43         1.626     0.932     3.578           0.707     0.625     1.058
             6    683         1.634     0.872     3.689           0.641     0.434     1.297
             7    595         1.590     0.875     3.554           0.807     0.579     1.568
             8     23         1.695     1.196     3.336           1.623     1.589     1.807
             9    539         1.902     1.435     3.542           1.759     1.784     1.602
            10    130         1.796     1.279     3.509           2.194     2.259     1.776
            11    947         1.952     1.468     3.645           0.935     0.797     1.497
            12    196         1.761     1.230     3.494           1.189     1.129     1.488
            13    611         1.622     0.880     3.642           2.072     2.166     1.418
            14    588         1.734     1.222     3.416           2.164     2.261     1.489
            15    579         1.698     0.723     4.050           1.485     1.367     2.034
            16    591         1.574     0.837     3.557           0.737     0.525     1.439
            17    494         1.800     1.077     3.892           1.340     1.265     1.708
            18    779         1.493     0.764     3.413           1.261     1.235     1.398
            19    743         1.794     1.028     3.951           0.951     0.690     1.833
            20    538         1.638     0.836     3.747           1.367     1.323     1.593
            21    349         1.846     1.286     3.666           1.985     2.028     1.716
            22     68         1.912     1.252     3.953           2.187     2.284     1.515
            23    557         1.625     1.160     3.174           1.862     1.908     1.572
            24    181         1.587     0.904     3.501           1.320     1.247     1.678
            25    898         1.883     1.393     3.570           2.077     2.148     1.610
            26    231         1.691     1.174     3.369           1.929     2.014     1.337
            27    125         1.783     1.246     3.534           1.847     1.795     2.118
            28    908         1.611     0.925     3.545           2.059     2.104     1.784
            29    151         1.563     0.864     3.489           0.669     0.434     1.390
            30    163         1.778     1.260     3.487           1.882     1.835     2.129
            31     59         1.453     0.658     3.424           0.964     0.723     1.804
            32    106         2.531     2.200     3.920           2.447     2.577     1.498
            33    107         1.787     1.170     3.693           1.379     1.362     1.476
            34    610         1.481     0.664     3.498           1.525     1.496     1.678
            35    471         1.797     1.185     3.697           1.547     1.487     1.853
            36    923         2.231     1.787     3.896           2.033     2.146     1.197
            37     98         1.705     0.974     3.757           2.469     2.555     1.907
            38     53         1.560     0.750     3.627           0.793     0.566     1.547
            39    405         1.752     1.240     3.442           2.582     2.727     1.506
            40    126         1.649     1.130     3.313           1.532     1.503     1.692
            41   1000         1.741     1.285     3.305           2.415     2.542     1.488
            42    910         1.683     1.066     3.544           1.868     1.914     1.573
            43     76         2.063     1.541     3.875           1.374     1.305     1.714
            44     63         1.816     1.184     3.763           1.961     1.980     1.853
            45    843         1.685     0.935     3.753           0.921     0.772     1.514
            46    355         1.825     1.183     3.795           1.367     1.329     1.564
            47    276         1.818     1.248     3.649           2.552     2.678     1.652
            48    987         1.814     1.268     3.598           1.508     1.568     1.105
            49    351         1.806     1.285     3.536           1.957     1.962     1.929
            50    239         1.949     1.311     3.965           1.817     1.810     1.859
            51    811         2.004     1.477     3.809           2.304     2.369     1.890
            52    829         1.826     1.190     3.786           2.358     2.444     1.784
            53    607         1.701     1.213     3.320           1.872     1.877     1.840
            54    733         1.709     0.710     4.094           1.481     1.368     2.009
            55     44         1.493     0.760     3.418           0.974     0.620     2.045
            56    418         1.873     1.108     4.071           1.174     1.116     1.464
            57    716         1.731     0.927     3.904           1.677     1.677     1.681
            58    851         1.511     0.720     3.520           1.272     1.242     1.430
            59    646         2.096     1.580     3.906           2.401     2.517     1.582
            60    463         1.700     1.047     3.628           0.815     0.812     0.831
            61    675         2.008     1.422     3.942           2.318     2.388     1.868
            62    771         1.948     1.462     3.645           2.148     2.201     1.813
            63    662         1.803     1.083     3.892           1.501     1.429     1.860
            64    419         1.489     0.784     3.375           1.321     1.266     1.597
            65    842         1.430     0.781     3.204           1.517     1.358     2.215
            66     90         1.647     0.966     3.590           0.995     0.673     2.017
            67    251         1.762     1.053     3.810           1.694     1.699     1.664
            68    778         1.514     0.822     3.398           1.490     1.446     1.724
            69    796         1.898     1.404     3.598           1.863     1.900     1.629
            70    316         1.721     1.205     3.407           2.284     2.395     1.494
            71    975         1.605     0.894     3.571           0.395     0.425     0.122
            72    828         1.496     0.937     3.167           1.286     1.167     1.824
            73    981         1.722     1.084     3.638           1.630     1.499     2.236
            74    531         1.837     1.292     3.625           2.291     2.352     1.905
            75    164         1.784     1.168     3.686           1.551     1.577     1.398
            76    174         1.558     0.937     3.363           2.039     2.088     1.729
            77    467         1.490     0.711     3.470           2.145     2.172     1.980
            78     83         1.434     0.618     3.412           1.086     1.019     1.411
            79     36         1.490     0.706     3.477           1.670     1.589     2.075
            80    147         1.459     0.765     3.311           0.969     0.511     2.196
            81    895         1.587     0.892     3.522           0.534     0.577     0.113
            82    892         1.814     1.317     3.496           1.654     1.713     1.262
            83    442         1.701     1.153     3.443           1.043     0.921     1.570
            84    178         1.460     0.624     3.480           1.064     0.848     1.870
            85    374         1.935     1.370     3.800           2.497     2.546     2.198
            86    271         1.528     0.860     3.385           1.230     1.139     1.659
            87    661         1.868     1.402     3.495           2.111     2.139     1.941
            88    834         1.545     0.931     3.329           0.974     0.758     1.758
            89     61         1.876     1.289     3.763           1.616     1.604     1.682
            90    589         1.810     1.260     3.598           2.264     2.348     1.705
            91    427         1.600     0.973     3.434           1.568     1.447     2.129
            92    719         1.527     0.752     3.529           0.901     0.729     1.557
            93    983         2.135     1.641     3.904           1.280     1.208     1.632
            94    330         1.391     0.746     3.135           2.079     2.079     2.080
            95    443         1.612     1.059     3.325           1.502     1.424     1.891
            96     38         1.522     0.792     3.463           2.245     2.341     1.578
            97     74         2.466     2.145     3.816           2.072     2.122     1.758
            98    701         1.678     0.936     3.733           0.715     0.673     0.917
            99    165         1.890     1.407     3.564           0.937     0.787     1.535
           100    146         1.770     1.172     3.634           2.255     2.322     1.820
           101    638         1.902     1.327     3.776           2.684     2.813     1.782
           102    243         1.816     1.116     3.880           1.392     1.258     1.993
           103    795         1.821     1.112     3.902           1.253     1.122     1.828
           104    877         1.633     0.966     3.549           1.624     1.676     1.280
           105    799         1.650     1.134     3.310           1.574     1.505     1.925
           106    622         1.776     1.044     3.870           1.491     1.351     2.121
           107    602         1.795     1.240     3.587           2.282     2.316     2.080
           108    348         1.626     0.885     3.646           1.319     1.196     1.875
           109    155         1.454     0.742     3.328           1.440     1.325     1.976
           110    487         1.536     0.824     3.463           0.723     0.637     1.095
           111    703         1.983     1.449     3.799           2.108     2.192     1.541
           112    220         1.442     0.732     3.304           1.521     1.479     1.741
           113    190         1.784     1.316     3.390           1.977     1.984     1.938
           114    387         1.639     1.128     3.285           1.504     1.391     2.034
           115    682         1.408     0.805     3.104           2.129     2.170     1.875
           116    332         1.721     0.926     3.873           1.397     1.416     1.283
           117    250         1.790     1.215     3.621           2.081     2.163     1.532
           118    214         1.810     1.264     3.590           2.282     2.367     1.713
           119    714         1.600     1.119     3.169           1.579     1.466     2.115
           120     15         1.670     0.927     3.719           2.123     2.164     1.868
           121    764         2.241     1.750     4.029           2.072     2.127     1.721
           122    158         1.333     0.599     3.147           2.040     2.020     2.155
           123    916         1.748     1.157     3.589           2.609     2.752     1.562
           124    527         1.431     0.595     3.429           1.310     1.121     2.085
           125    295         1.550     0.847     3.472           1.275     1.155     1.817
           126    450         1.721     1.060     3.674           1.262     1.275     1.186
           127    754         1.860     1.250     3.787           2.312     2.372     1.932
           128    132         1.738     1.213     3.451           2.442     2.523     1.918
           129    101         1.734     1.045     3.737           1.560     1.550     1.615
           130    525         2.461     1.962     4.322           3.628     2.773     6.670
           131    406         2.300     1.876     3.930           3.134     2.101     6.387
           132      2         1.646     1.148     3.269           2.093     2.110     1.997
           133      4         1.871     1.376     3.566           2.099     2.157     1.728
           134    802         1.752     1.122     3.667           2.608     2.728     1.775
           135    748         2.421     1.970     4.149           3.557     2.701     6.580
           136    475         2.261     1.844     3.863           1.009     0.801     1.784
           137    689         1.590     0.956     3.432           1.437     1.412     1.577
           138    571         1.791     0.983     4.006           1.686     1.672     1.766
           139    279         1.662     0.772     3.896           1.304     1.329     1.154
           140    370         1.369     0.693     3.140           1.933     1.838     2.404
           141    905         1.804     1.103     3.863           1.788     1.748     2.001
           142    822         1.745     1.183     3.531           2.456     2.533     1.963
           143    972         1.863     1.217     3.855           1.786     1.802     1.691
           144    322         1.556     0.832     3.511           1.361     1.230     1.947
          ------------------------------------------------------------------------------------------

          --------------------------------
          Final Boltzmann Averaged Data.
          --------------------------------

          -------------------------------------------------------------------
          Results of Boltzmann Averaging Over All  476 Conformers (kcal/mol).
          -------------------------------------------------------------------

          Free Energy                        G             572.0591918591
          Average Potential Energy         < E >           377.4731084031
          Entropy                           -TS            194.5860834560
          -------------------------------------------------------------------

          Average Potential Energy < E > Components.

          < U >                   283.6703252615
          < W(PBSA) >             -36.7568979330
          < H.O. P.E. >           130.5594636723

          Average Solvation Energy < W(PBSA) > Components.

          < PB >                  -42.8494495272
          < SA >                    6.0925515942

          Average Gas Phase Internal Potential Energy < U > Components.

          < Valence >             158.0684375281
          < Coulomb >             151.6411902981
          < VdW >                 -26.0393025647

          Average Van der Waals Energy < VdW > Components.

          < VdW6  >              -182.6421819541
          < VdW12 >               156.6028793893

          Average Bonded Energy < Valence > Components.

          < Bond >                  4.6380749429
          < Angle >                14.1115617216
          < Pdihed >              139.3188008637
          < Idihed >                0.0000000000
          < Tether >                0.0000000000

          -------------------------------------------------------------------
                        End of feprocess Calculation Results Summary.
          -------------------------------------------------------------------


     Total cpu time for run       4707.78 seconds.
                                    78.46 minutes.

     Total wall time for run      2223.68 seconds.
                                    37.06 minutes.

     TIME STAMP: VCPack job finished normally : Sunday, August 07, 2022 at 14:16:55
