
     --------------------------------------------------------------------------------
                        Running Program VCPack. Version 2.8

                           VeraChem LLC, PO Box 2206
                           Germantown, MD 20875, U.S.A.

                                Tel. 240-686-0565
                                www.verachem.com
     --------------------------------------------------------------------------------


     Input file          :   guest-s13_vm2.inp

     Output file         :   guest-s13_vm2.out

     Summary output file :   guest-s13_vm2.summary.out

     Executable : /data/comblab/vcCompChem_3b/exe/VC_CompChemPackage_mpi.exe

     Build date : Aug 13 2021  17:26:14

     This is a multiple processor run.

     MPI processes              :   16
     OpenMP threads per process :    0
     CUDA enabled               :  no

     TIME STAMP: VCPack job started : Sunday, August 07, 2022 at 15:50:36

     --------------------------------------------------------------------------------
                            Basic Calculation Control.
     --------------------------------------------------------------------------------

     Molecular system type                :  ligand          

     Calculation type                     :  vm2             

     Energy potential                     :  mm              

     Post-processing type                 :  none            

     Post-processing energy potential     :  none            

     Time limit in wall clock hours       :  96.00

     Read in starting conformers          :  no
     Type of conformers to read in        :  none
     Conformer source files(s)            :  none

     Use input .crd for complex build     :  no
     Place ligand confs. at input .crd    :  no
     Use input .crd as start conformer    :  yes

     Formatted output files               :  xyz     
                                          :  pdb     
                                          :  mol2    
                                          :  sdf     
                                          :  xyz     
                                          :  gms     
                                          :  csv     

     Split formatted output files         :  crd     

     Limit conformers in formatted files  :  bycount
     Maximum conformer count              :  1000

     Atoms to include in formatted files  :  all     

     Binary file restart type             :  none


     --------------------------------------------------------------------------------
                            Math Related Control and Set Up.
     --------------------------------------------------------------------------------

     Random number generator seeds :  bywallclock

     Seed 1 :           3483849
     Seed 2 :            453473
     Seed 3 :              3163
     Seed 4 :             20606


     --------------------------------------------------------------------------------
                            Basic Molecular System Set Up.
     --------------------------------------------------------------------------------

     ------------------
     Ligand Data Files.
     ------------------

     Standard crd coordinate file            :  guest-s13.crd
     VeraChem topology file                  :  guest-s13.top
     Standard mol/sdf file                   :  guest-s13.mol

     Total number of ligand atoms            :        26

     Included in this calculation.
     Number of real and live ligand atoms    :        26
     Number of real but fixed ligand atoms   :         0

     Ligand placement method                 :  none

     Snap ligand to template atoms           :      no

     -------------------------------
     Final Real/Live Set Atom Count.
     -------------------------------

     Total number of real atoms              :        26
     Total number of live atoms              :        26


     --------------------------------------------------------------------------------
                            Generate Initial Molecular Conformation.
     --------------------------------------------------------------------------------

     Mandatory input crd file(s) used for generation of a single starting conformer.


     --------------------------------------------------------------------------------
                             Energy Potential Settings.
     --------------------------------------------------------------------------------


     Molecular Mechanics package          :  vchem           

     Quantum Mechanics package            :  none            


     --------------------------------------------------------------------------------
                    Running VM2 Mining Minima Module. Version 2.8
     --------------------------------------------------------------------------------

     Iteration    Free Energy G             G Diff            # Conformers     # Diff
        1            23.121875              23.121875              35              35
        2            22.817384              -0.304491              73              38
        3            22.816585              -0.000799              75               2
        4            22.709488              -0.107097              86              11
        5            22.709385              -0.000103              86               0
        6            22.655966              -0.053419              89               3
        7            22.655416              -0.000550              89               0
        8            22.655099              -0.000317              90               1

     VM2 Free Energy converged after    8 iterations.

     Final VM2 Free Energy is      22.655099 Kcal/mol.

          --------------------------------
          Final Individual Conformer Data.
          --------------------------------

          List data for conformers with probability of at least :  0.01 %
          Rankings are with respect to : Free Energy (G)

          ------------------------
          Free Energy: G = E - TS
          ------------------------

          ------------------------------------------------------------------------------------------
          Rank    ID     ln(Zx)    Prob(%)  Sum Prob(%)  Del G        G            E            -TS
          ------------------------------------------------------------------------------------------
             1    613    -81.21597   16.98    16.98      0.00        23.71        -8.84        32.55
             2    969    -82.00480    7.72    24.69      0.47        24.18        -8.38        32.57
             3    995    -82.07232    7.21    31.91      0.51        24.22        -8.48        32.70
             4   1012    -82.20713    6.30    38.21      0.59        24.30        -8.36        32.66
             5   1081    -82.24857    6.05    44.25      0.62        24.33        -8.33        32.66
             6    452    -82.37990    5.30    49.56      0.69        24.41        -8.34        32.75
             7    262    -82.38064    5.30    54.85      0.69        24.41        -8.26        32.67
             8    753    -82.56936    4.39    59.24      0.81        24.52        -8.10        32.62
             9   1021    -82.73517    3.72    62.96      0.91        24.62        -8.22        32.84
            10   1087    -82.95716    2.98    65.93      1.04        24.75        -7.93        32.68
            11    751    -83.13145    2.50    68.43      1.14        24.85        -7.82        32.67
            12   1106    -83.16998    2.41    70.84      1.16        24.88        -7.93        32.81
            13    456    -83.17050    2.40    73.25      1.17        24.88        -7.82        32.70
            14    494    -83.17619    2.39    75.64      1.17        24.88        -7.93        32.81
            15   1072    -83.23007    2.27    77.90      1.20        24.91        -7.68        32.59
            16   1049    -83.38419    1.94    79.84      1.29        25.00        -7.80        32.81
            17    270    -83.40213    1.91    81.75      1.30        25.02        -7.96        32.97
            18    182    -83.42294    1.87    83.62      1.32        25.03        -7.99        33.02
            19    533    -83.42944    1.86    85.48      1.32        25.03        -7.73        32.76
            20    490    -83.56015    1.63    87.10      1.40        25.11        -7.89        33.00
            21    152    -83.57654    1.60    88.71      1.41        25.12        -7.85        32.97
            22    672    -83.59131    1.58    90.29      1.42        25.13        -7.70        32.83
            23   1068    -83.66934    1.46    91.75      1.46        25.17        -7.70        32.87
            24    981    -83.87572    1.19    92.93      1.59        25.30        -7.72        33.02
            25      5    -83.91300    1.14    94.08      1.61        25.32        -7.60        32.92
            26    164    -83.98868    1.06    95.14      1.65        25.37        -7.77        33.14
            27    568    -84.21525    0.85    95.99      1.79        25.50        -7.65        33.15
            28    279    -84.31233    0.77    96.75      1.85        25.56        -7.39        32.95
            29    237    -84.37415    0.72    97.48      1.88        25.59        -7.75        33.34
            30    462    -84.75553    0.49    97.97      2.11        25.82        -7.29        33.11
            31    228    -84.96148    0.40    98.37      2.23        25.95        -7.51        33.45
            32    732    -85.72921    0.19    98.56      2.69        26.40        -5.96        32.36
            33    977    -86.18243    0.12    98.67      2.96        26.67        -5.42        32.09
            34    188    -86.59445    0.08    98.75      3.21        26.92        -5.79        32.71
            35    109    -86.66658    0.07    98.82      3.25        26.96        -5.91        32.87
            36    864    -86.75327    0.07    98.89      3.30        27.01        -6.12        33.13
            37    154    -86.78777    0.06    98.96      3.32        27.03        -5.87        32.91
            38    573    -86.78794    0.06    99.02      3.32        27.03        -5.81        32.84
            39    476    -86.82954    0.06    99.08      3.35        27.06        -5.84        32.90
            40    700    -86.89349    0.06    99.14      3.38        27.10        -5.84        32.93
            41    555    -87.03193    0.05    99.19      3.47        27.18        -5.71        32.89
            42    989    -87.04133    0.05    99.24      3.47        27.19        -6.00        33.19
            43   1042    -87.12068    0.05    99.29      3.52        27.23        -5.56        32.79
            44    126    -87.13179    0.05    99.33      3.53        27.24        -5.65        32.89
            45    235    -87.27541    0.04    99.37      3.61        27.32        -5.20        32.53
            46    277    -87.36772    0.04    99.41      3.67        27.38        -5.27        32.65
            47    214    -87.37177    0.04    99.45      3.67        27.38        -5.49        32.87
            48    544    -87.53618    0.03    99.48      3.77        27.48        -5.79        33.27
            49    307    -87.55781    0.03    99.51      3.78        27.49        -5.51        33.00
            50    191    -87.56224    0.03    99.54      3.78        27.50        -5.43        32.93
            51    190    -87.57141    0.03    99.57      3.79        27.50        -5.33        32.83
            52    854    -87.57834    0.03    99.59      3.79        27.51        -5.08        32.58
            53   1007    -87.62310    0.03    99.62      3.82        27.53        -5.39        32.92
            54   1055    -87.64579    0.03    99.65      3.83        27.55        -5.44        32.98
            55    103    -87.71983    0.03    99.68      3.88        27.59        -5.46        33.05
            56    460    -87.72916    0.03    99.70      3.88        27.60        -5.38        32.97
            57   1120    -87.81987    0.02    99.72      3.94        27.65        -5.74        33.39
            58    508    -87.84449    0.02    99.75      3.95        27.66        -5.40        33.06
            59   1024    -87.92981    0.02    99.77      4.00        27.71        -5.27        32.98
            60    503    -87.93677    0.02    99.79      4.01        27.72        -5.02        32.74
            61    540    -87.95874    0.02    99.81      4.02        27.73        -5.12        32.85
            62    257    -88.00421    0.02    99.83      4.05        27.76        -5.29        33.05
            63    984    -88.00803    0.02    99.85      4.05        27.76        -5.29        33.05
            64   1110    -88.02748    0.02    99.86      4.06        27.77        -5.25        33.02
            65    264    -88.17652    0.02    99.88      4.15        27.86        -5.04        32.90
            66    752    -88.18984    0.02    99.90      4.16        27.87        -5.30        33.17
            67    516    -88.33343    0.01    99.91      4.24        27.96        -5.59        33.54
            68    428    -88.36548    0.01    99.92      4.26        27.97        -5.11        33.09
          ------------------------------------------------------------------------------------------

          --------------------------------------------------------
          Potential Energy: E = (U+W) + H.O. Equipartion energy
          --------------------------------------------------------

          ------------------------------------------------------------------------------------------
          Rank    ID         E          U+W            U        W(PBSA)          PB           SA
          ------------------------------------------------------------------------------------------
             1    613        -8.84       -30.30        23.52       -53.82       -56.16         2.35
             2    969        -8.38       -29.85        23.82       -53.66       -56.02         2.36
             3    995        -8.48       -29.94        24.06       -54.00       -56.33         2.33
             4   1012        -8.36       -29.82        24.15       -53.97       -56.28         2.31
             5   1081        -8.33       -29.79        24.26       -54.05       -56.36         2.30
             6    452        -8.34       -29.80        24.15       -53.95       -56.25         2.31
             7    262        -8.26       -29.72        24.28       -54.00       -56.31         2.31
             8    753        -8.10       -29.57        24.28       -53.85       -56.21         2.36
             9   1021        -8.22       -29.69        24.34       -54.02       -56.34         2.31
            10   1087        -7.93       -29.39        24.44       -53.83       -56.13         2.29
            11    751        -7.82       -29.28        24.45       -53.74       -56.07         2.33
            12   1106        -7.93       -29.39        24.79       -54.18       -56.46         2.28
            13    456        -7.82       -29.28        24.61       -53.90       -56.21         2.31
            14    494        -7.93       -29.39        24.69       -54.08       -56.37         2.29
            15   1072        -7.68       -29.14        24.91       -54.05       -56.34         2.29
            16   1049        -7.80       -29.27        24.73       -53.99       -56.30         2.31
            17    270        -7.96       -29.42        24.69       -54.11       -56.40         2.28
            18    182        -7.99       -29.45        24.58       -54.04       -56.33         2.29
            19    533        -7.73       -29.19        24.99       -54.18       -56.46         2.28
            20    490        -7.89       -29.35        24.85       -54.20       -56.47         2.27
            21    152        -7.85       -29.31        24.86       -54.17       -56.44         2.27
            22    672        -7.70       -29.16        24.83       -54.00       -56.29         2.29
            23   1068        -7.70       -29.16        24.81       -53.97       -56.25         2.28
            24    981        -7.72       -29.19        25.01       -54.20       -56.46         2.26
            25      5        -7.60       -29.07        25.02       -54.09       -56.38         2.30
            26    164        -7.77       -29.24        25.09       -54.33       -56.62         2.29
            27    568        -7.65       -29.11        25.10       -54.21       -56.44         2.23
            28    279        -7.39       -28.85        25.37       -54.22       -56.49         2.27
            29    237        -7.75       -29.21        24.97       -54.18       -56.45         2.27
            30    462        -7.29       -28.75        25.59       -54.34       -56.60         2.26
            31    228        -7.51       -28.97        25.51       -54.47       -56.69         2.22
            32    732        -5.96       -27.42        26.49       -53.91       -56.22         2.31
            33    977        -5.42       -26.88        27.05       -53.94       -56.23         2.29
            34    188        -5.79       -27.25        26.73       -53.98       -56.28         2.30
            35    109        -5.91       -27.37        26.75       -54.13       -56.39         2.27
            36    864        -6.12       -27.58        26.68       -54.26       -56.53         2.27
            37    154        -5.87       -27.33        26.85       -54.18       -56.44         2.26
            38    573        -5.81       -27.27        26.59       -53.86       -56.18         2.31
            39    476        -5.84       -27.30        26.80       -54.10       -56.40         2.30
            40    700        -5.84       -27.30        26.79       -54.09       -56.35         2.26
            41    555        -5.71       -27.17        27.05       -54.21       -56.48         2.27
            42    989        -6.00       -27.46        26.92       -54.39       -56.64         2.25
            43   1042        -5.56       -27.02        27.38       -54.40       -56.65         2.26
            44    126        -5.65       -27.11        26.88       -53.99       -56.26         2.27
            45    235        -5.20       -26.66        27.54       -54.21       -56.44         2.23
            46    277        -5.27       -26.73        27.19       -53.93       -56.22         2.30
            47    214        -5.49       -26.95        27.26       -54.21       -56.47         2.26
            48    544        -5.79       -27.25        27.15       -54.40       -56.62         2.23
            49    307        -5.51       -26.97        27.04       -54.02       -56.29         2.27
            50    191        -5.43       -26.89        27.27       -54.16       -56.43         2.27
            51    190        -5.33       -26.79        27.32       -54.11       -56.37         2.26
            52    854        -5.08       -26.54        27.40       -53.94       -56.24         2.30
            53   1007        -5.39       -26.85        27.19       -54.05       -56.29         2.24
            54   1055        -5.44       -26.90        27.55       -54.45       -56.69         2.24
            55    103        -5.46       -26.92        27.28       -54.20       -56.42         2.22
            56    460        -5.38       -26.84        27.46       -54.30       -56.57         2.28
            57   1120        -5.74       -27.20        27.00       -54.20       -56.40         2.20
            58    508        -5.40       -26.86        27.31       -54.17       -56.41         2.24
            59   1024        -5.27       -26.73        27.22       -53.95       -56.21         2.26
            60    503        -5.02       -26.48        27.50       -53.98       -56.27         2.29
            61    540        -5.12       -26.58        27.65       -54.23       -56.52         2.29
            62    257        -5.29       -26.75        27.38       -54.13       -56.40         2.27
            63    984        -5.29       -26.75        27.51       -54.26       -56.50         2.23
            64   1110        -5.25       -26.71        27.57       -54.28       -56.54         2.25
            65    264        -5.04       -26.50        27.60       -54.10       -56.40         2.29
            66    752        -5.30       -26.76        27.48       -54.24       -56.49         2.25
            67    516        -5.59       -27.05        27.27       -54.32       -56.53         2.21
            68    428        -5.11       -26.57        27.75       -54.32       -56.57         2.25
          ------------------------------------------------------------------------------------------

          ----------------------------------------
          Gas Phase Internal Potential Energy: U
          ----------------------------------------

          ------------------------------------------------------------------------------------------
          Rank    ID         U         Valence     Coulomb        VdW         VdW6        VdW12
          ------------------------------------------------------------------------------------------
             1    613        23.52         2.74        19.86         0.92        -6.79         7.71
             2    969        23.82         3.28        19.49         1.05        -6.95         8.00
             3    995        24.06         3.25        19.78         1.03        -7.42         8.45
             4   1012        24.15         3.24        19.86         1.04        -7.42         8.46
             5   1081        24.26         3.24        19.97         1.05        -7.43         8.48
             6    452        24.15         3.04        20.32         0.79        -7.69         8.47
             7    262        24.28         3.27        20.01         1.00        -7.48         8.48
             8    753        24.28         3.31        19.89         1.08        -7.44         8.53
             9   1021        24.34         3.53        19.94         0.86        -7.91         8.78
            10   1087        24.44         3.78        19.49         1.17        -7.58         8.75
            11    751        24.45         3.78        19.49         1.18        -7.60         8.78
            12   1106        24.79         3.75        19.89         1.15        -8.07         9.22
            13    456        24.61         3.78        19.72         1.12        -7.65         8.77
            14    494        24.69         3.75        19.79         1.15        -8.08         9.23
            15   1072        24.91         3.92        19.77         1.23        -7.56         8.79
            16   1049        24.73         3.78        19.80         1.14        -8.10         9.25
            17    270        24.69         3.73        19.92         1.05        -8.39         9.44
            18    182        24.58         3.51        20.40         0.67        -8.75         9.42
            19    533        24.99         3.86        19.96         1.17        -8.05         9.23
            20    490        24.85         3.68        20.24         0.94        -8.46         9.40
            21    152        24.86         4.00        19.92         0.94        -8.62         9.56
            22    672        24.83         3.59        20.27         0.97        -8.25         9.23
            23   1068        24.81         3.51        20.42         0.87        -8.37         9.25
            24    981        25.01         4.19        19.77         1.05        -8.65         9.71
            25      5        25.02         4.08        19.89         1.05        -8.48         9.53
            26    164        25.09         3.98        20.36         0.75        -8.97         9.72
            27    568        25.10         4.18        19.84         1.07        -9.12        10.20
            28    279        25.37         4.33        19.84         1.20        -8.51         9.71
            29    237        24.97         3.93        20.40         0.65        -9.63        10.28
            30    462        25.59         4.27        20.22         1.10        -9.05        10.16
            31    228        25.51         4.41        20.36         0.73        -9.84        10.57
            32    732        26.49         4.73        20.83         0.94        -7.66         8.60
            33    977        27.05         5.14        20.89         1.03        -8.33         9.36
            34    188        26.73         5.86        19.88         0.99        -7.88         8.87
            35    109        26.75         5.25        20.76         0.74        -8.68         9.42
            36    864        26.68         4.63        21.28         0.76        -8.91         9.67
            37    154        26.85         5.82        20.06         0.97        -8.37         9.33
            38    573        26.59         5.83        19.75         1.01        -7.93         8.93
            39    476        26.80         5.71        20.11         0.98        -8.40         9.38
            40    700        26.79         5.74        20.02         1.02        -8.39         9.41
            41    555        27.05         5.69        20.40         0.96        -8.45         9.40
            42    989        26.92         5.93        20.33         0.66        -9.08         9.73
            43   1042        27.38         5.93        20.58         0.88        -8.77         9.65
            44    126        26.88         5.79        20.01         1.08        -8.36         9.44
            45    235        27.54         6.18        20.49         0.87        -9.30        10.17
            46    277        27.19         5.38        20.71         1.10        -8.25         9.35
            47    214        27.26         6.23        19.94         1.09        -8.62         9.70
            48    544        27.15         5.07        21.22         0.85        -9.60        10.45
            49    307        27.04         5.41        21.05         0.58        -8.85         9.43
            50    191        27.27         6.20        19.97         1.10        -8.56         9.66
            51    190        27.32         6.34        19.87         1.11        -8.50         9.61
            52    854        27.40         5.21        21.10         1.10        -8.39         9.49
            53   1007        27.19         6.32        19.78         1.09        -8.63         9.72
            54   1055        27.55         6.31        20.20         1.04        -9.08        10.12
            55    103        27.28         6.24        19.96         1.07        -9.13        10.20
            56    460        27.46         6.29        20.02         1.15        -8.55         9.70
            57   1120        27.00         6.01        20.61         0.37       -10.07        10.44
            58    508        27.31         6.23        19.94         1.14        -9.00        10.14
            59   1024        27.22         6.37        19.70         1.16        -8.53         9.69
            60    503        27.50         6.47        19.84         1.19        -8.40         9.59
            61    540        27.65         6.44        19.99         1.23        -8.46         9.69
            62    257        27.38         5.85        20.57         0.95        -8.73         9.69
            63    984        27.51         6.38        20.01         1.12        -8.98        10.10
            64   1110        27.57         6.36        20.03         1.18        -8.94        10.12
            65    264        27.60         6.57        19.92         1.12        -8.47         9.59
            66    752        27.48         5.28        21.25         0.95        -9.42        10.37
            67    516        27.27         5.85        21.05         0.37       -10.00        10.37
            68    428        27.75         6.25        20.44         1.06        -9.10        10.16
          ------------------------------------------------------------------------------------------

          -------------------------------
          Bonded Energy Terms: Valence
          -------------------------------

          ------------------------------------------------------------------------------------------
          Rank    ID     Valence       Bond        Angle         Pdih         Idih       Tether
          ------------------------------------------------------------------------------------------
             1    613         2.74         0.17         0.87         1.69         0.00         0.00
             2    969         3.28         0.18         1.15         1.94         0.00         0.00
             3    995         3.25         0.21         1.20         1.84         0.00         0.00
             4   1012         3.24         0.21         1.11         1.92         0.00         0.00
             5   1081         3.24         0.21         1.11         1.92         0.00         0.00
             6    452         3.04         0.20         1.09         1.75         0.00         0.00
             7    262         3.27         0.21         1.10         1.95         0.00         0.00
             8    753         3.31         0.22         1.17         1.93         0.00         0.00
             9   1021         3.53         0.21         1.42         1.90         0.00         0.00
            10   1087         3.78         0.22         1.39         2.17         0.00         0.00
            11    751         3.78         0.22         1.39         2.17         0.00         0.00
            12   1106         3.75         0.24         1.44         2.07         0.00         0.00
            13    456         3.78         0.22         1.35         2.21         0.00         0.00
            14    494         3.75         0.24         1.44         2.07         0.00         0.00
            15   1072         3.92         0.23         1.48         2.20         0.00         0.00
            16   1049         3.78         0.25         1.44         2.09         0.00         0.00
            17    270         3.73         0.26         1.57         1.90         0.00         0.00
            18    182         3.51         0.25         1.41         1.85         0.00         0.00
            19    533         3.86         0.26         1.50         2.11         0.00         0.00
            20    490         3.68         0.25         1.47         1.96         0.00         0.00
            21    152         4.00         0.25         1.61         2.15         0.00         0.00
            22    672         3.59         0.24         1.38         1.97         0.00         0.00
            23   1068         3.51         0.24         1.29         1.99         0.00         0.00
            24    981         4.19         0.26         1.71         2.21         0.00         0.00
            25      5         4.08         0.26         1.72         2.11         0.00         0.00
            26    164         3.98         0.26         1.69         2.03         0.00         0.00
            27    568         4.18         0.29         1.81         2.08         0.00         0.00
            28    279         4.33         0.27         1.90         2.16         0.00         0.00
            29    237         3.93         0.29         1.72         1.93         0.00         0.00
            30    462         4.27         0.30         1.89         2.08         0.00         0.00
            31    228         4.41         0.30         2.01         2.11         0.00         0.00
            32    732         4.73         0.24         1.43         3.06         0.00         0.00
            33    977         5.14         0.28         1.71         3.15         0.00         0.00
            34    188         5.86         0.21         1.38         4.28         0.00         0.00
            35    109         5.25         0.26         1.80         3.19         0.00         0.00
            36    864         4.63         0.28         2.16         2.19         0.00         0.00
            37    154         5.82         0.27         1.80         3.76         0.00         0.00
            38    573         5.83         0.23         1.65         3.94         0.00         0.00
            39    476         5.71         0.25         1.64         3.81         0.00         0.00
            40    700         5.74         0.26         1.58         3.90         0.00         0.00
            41    555         5.69         0.26         1.66         3.76         0.00         0.00
            42    989         5.93         0.27         2.25         3.41         0.00         0.00
            43   1042         5.93         0.27         2.15         3.50         0.00         0.00
            44    126         5.79         0.26         1.70         3.83         0.00         0.00
            45    235         6.18         0.32         2.31         3.55         0.00         0.00
            46    277         5.38         0.28         1.58         3.52         0.00         0.00
            47    214         6.23         0.28         1.93         4.02         0.00         0.00
            48    544         5.07         0.31         2.31         2.45         0.00         0.00
            49    307         5.41         0.26         1.92         3.23         0.00         0.00
            50    191         6.20         0.27         1.90         4.03         0.00         0.00
            51    190         6.34         0.24         1.60         4.49         0.00         0.00
            52    854         5.21         0.27         1.91         3.02         0.00         0.00
            53   1007         6.32         0.28         1.90         4.14         0.00         0.00
            54   1055         6.31         0.31         2.04         3.96         0.00         0.00
            55    103         6.24         0.31         1.93         4.00         0.00         0.00
            56    460         6.29         0.27         1.84         4.18         0.00         0.00
            57   1120         6.01         0.29         2.20         3.52         0.00         0.00
            58    508         6.23         0.29         1.97         3.97         0.00         0.00
            59   1024         6.37         0.27         1.85         4.25         0.00         0.00
            60    503         6.47         0.25         1.62         4.60         0.00         0.00
            61    540         6.44         0.28         2.01         4.15         0.00         0.00
            62    257         5.85         0.28         2.37         3.20         0.00         0.00
            63    984         6.38         0.30         1.99         4.09         0.00         0.00
            64   1110         6.36         0.30         2.02         4.05         0.00         0.00
            65    264         6.57         0.29         1.91         4.37         0.00         0.00
            66    752         5.28         0.32         2.52         2.44         0.00         0.00
            67    516         5.85         0.29         2.26         3.31         0.00         0.00
            68    428         6.25         0.30         1.93         4.02         0.00         0.00
          ------------------------------------------------------------------------------------------

          Calculating single reference conformer RMSDs ...

          ---------------------------------
          Conformer RMSDs are in Angstroms.
          ---------------------------------

          ------------------------------------------------------------------------------------------
                              RMSD wrt Input Crd                    RMSD wrt Rank 1
                         ---------------------------------------------------------------------------
          Rank    ID        Complex    Receptor  Ligand          Complex    Receptor  Ligand
          ------------------------------------------------------------------------------------------
             1    613                             1.096                               0.000
             2    969                             0.174                               1.232
             3    995                             1.860                               1.885
             4   1012                             1.821                               0.607
             5   1081                             1.917                               0.622
             6    452                             1.479                               1.019
             7    262                             1.126                               0.626
             8    753                             0.860                               0.626
             9   1021                             1.028                               1.632
            10   1087                             0.633                               1.308
            11    751                             0.575                               1.954
            12   1106                             1.312                               1.717
            13    456                             0.632                               1.697
            14    494                             1.640                               1.455
            15   1072                             0.885                               0.633
            16   1049                             0.693                               1.278
            17    270                             1.205                               1.323
            18    182                             2.347                               1.529
            19    533                             1.344                               0.659
            20    490                             2.029                               1.701
            21    152                             1.319                               2.177
            22    672                             1.342                               0.654
            23   1068                             2.038                               1.386
            24    981                             0.938                               1.966
            25      5                             0.669                               1.506
            26    164                             1.463                               1.877
            27    568                             0.967                               1.640
            28    279                             1.563                               0.962
            29    237                             1.595                               1.529
            30    462                             1.927                               1.005
            31    228                             1.487                               1.622
            32    732                             1.234                               1.611
            33    977                             1.853                               1.014
            34    188                             1.258                               2.169
            35    109                             1.887                               1.671
            36    864                             1.279                               1.347
            37    154                             2.104                               1.382
            38    573                             1.881                               1.377
            39    476                             1.415                               1.010
            40    700                             1.183                               1.682
            41    555                             1.711                               1.090
            42    989                             1.970                               1.779
            43   1042                             1.633                               1.927
            44    126                             1.098                               1.333
            45    235                             1.657                               1.626
            46    277                             1.246                               1.690
            47    214                             1.693                               1.828
            48    544                             1.857                               1.767
            49    307                             1.916                               1.889
            50    191                             1.104                               1.927
            51    190                             1.394                               1.250
            52    854                             1.895                               0.843
            53   1007                             1.272                               1.666
            54   1055                             2.324                               1.997
            55    103                             1.784                               1.963
            56    460                             1.259                               1.395
            57   1120                             1.815                               2.434
            58    508                             1.269                               1.598
            59   1024                             0.726                               1.774
            60    503                             1.350                               1.992
            61    540                             1.629                               1.952
            62    257                             1.531                               1.162
            63    984                             1.099                               1.693
            64   1110                             2.380                               1.789
            65    264                             1.874                               1.551
            66    752                             1.415                               1.539
            67    516                             1.928                               1.977
            68    428                             1.550                               1.036
          ------------------------------------------------------------------------------------------

          --------------------------------
          Final Boltzmann Averaged Data.
          --------------------------------

          -------------------------------------------------------------------
          Results of Boltzmann Averaging Over All   90 Conformers (kcal/mol).
          -------------------------------------------------------------------

          Free Energy                        G              22.6550992443
          Average Potential Energy         < E >            -8.1850622812
          Entropy                           -TS             30.8401615255
          -------------------------------------------------------------------

          Average Potential Energy < E > Components.

          < U >                    24.3109846614
          < W(PBSA) >             -53.9574929617
          < H.O. P.E. >            21.4618296448

          Average Solvation Energy < W(PBSA) > Components.

          < PB >                  -56.2724331735
          < SA >                    2.3149402118

          Average Gas Phase Internal Potential Energy < U > Components.

          < Valence >               3.4101228052
          < Coulomb >              19.8981852469
          < VdW >                   1.0026766093

          Average Van der Waals Energy < VdW > Components.

          < VdW6  >                -7.6147860775
          < VdW12 >                 8.6174626868

          Average Bonded Energy < Valence > Components.

          < Bond >                  0.2143171043
          < Angle >                 1.2424133039
          < Pdihed >                1.9533923969
          < Idihed >                0.0000000000
          < Tether >                0.0000000000

          -------------------------------------------------------------------
                        End of VM2 Calculation Results Summary.
          -------------------------------------------------------------------


     Total cpu time for run         25.52 seconds.
                                     0.43 minutes.

     Total wall time for run        25.83 seconds.
                                     0.43 minutes.

     TIME STAMP: VCPack job finished normally : Sunday, August 07, 2022 at 15:51:02
