
     --------------------------------------------------------------------------------
                        Running Program VCPack. Version 2.8

                           VeraChem LLC, PO Box 2206
                           Germantown, MD 20875, U.S.A.

                                Tel. 240-686-0565
                                www.verachem.com
     --------------------------------------------------------------------------------


     Input file          :   guest-s19_vm2.inp

     Output file         :   guest-s19_vm2.out

     Summary output file :   guest-s19_vm2.summary.out

     Executable : /data/comblab/vcCompChem_3b/exe/VC_CompChemPackage_mpi.exe

     Build date : Aug 13 2021  17:26:14

     This is a multiple processor run.

     MPI processes              :   16
     OpenMP threads per process :    0
     CUDA enabled               :  no

     TIME STAMP: VCPack job started : Sunday, August 07, 2022 at 15:53:17

     --------------------------------------------------------------------------------
                            Basic Calculation Control.
     --------------------------------------------------------------------------------

     Molecular system type                :  ligand          

     Calculation type                     :  vm2             

     Energy potential                     :  mm              

     Post-processing type                 :  none            

     Post-processing energy potential     :  none            

     Time limit in wall clock hours       :  96.00

     Read in starting conformers          :  no
     Type of conformers to read in        :  none
     Conformer source files(s)            :  none

     Use input .crd for complex build     :  no
     Place ligand confs. at input .crd    :  no
     Use input .crd as start conformer    :  yes

     Formatted output files               :  xyz     
                                          :  pdb     
                                          :  mol2    
                                          :  sdf     
                                          :  xyz     
                                          :  gms     
                                          :  csv     

     Split formatted output files         :  crd     

     Limit conformers in formatted files  :  bycount
     Maximum conformer count              :  1000

     Atoms to include in formatted files  :  all     

     Binary file restart type             :  none


     --------------------------------------------------------------------------------
                            Math Related Control and Set Up.
     --------------------------------------------------------------------------------

     Random number generator seeds :  bywallclock

     Seed 1 :           5091839
     Seed 2 :            473853
     Seed 3 :              3324
     Seed 4 :             21424


     --------------------------------------------------------------------------------
                            Basic Molecular System Set Up.
     --------------------------------------------------------------------------------

     ------------------
     Ligand Data Files.
     ------------------

     Standard crd coordinate file            :  guest-s19.crd
     VeraChem topology file                  :  guest-s19.top
     Standard mol/sdf file                   :  guest-s19.mol

     Total number of ligand atoms            :        17

     Included in this calculation.
     Number of real and live ligand atoms    :        17
     Number of real but fixed ligand atoms   :         0

     Ligand placement method                 :  none

     Snap ligand to template atoms           :      no

     -------------------------------
     Final Real/Live Set Atom Count.
     -------------------------------

     Total number of real atoms              :        17
     Total number of live atoms              :        17


     --------------------------------------------------------------------------------
                            Generate Initial Molecular Conformation.
     --------------------------------------------------------------------------------

     Mandatory input crd file(s) used for generation of a single starting conformer.


     --------------------------------------------------------------------------------
                             Energy Potential Settings.
     --------------------------------------------------------------------------------


     Molecular Mechanics package          :  vchem           

     Quantum Mechanics package            :  none            


     --------------------------------------------------------------------------------
                    Running VM2 Mining Minima Module. Version 2.8
     --------------------------------------------------------------------------------

     Iteration    Free Energy G             G Diff            # Conformers     # Diff
        1           -29.791863             -29.791863               5               5
        2           -29.851758              -0.059895               6               1
        3           -29.860870              -0.009112               6               0
        4           -29.868602              -0.007733               6               0

     VM2 Free Energy converged after    4 iterations.

     Final VM2 Free Energy is     -29.868602 Kcal/mol.

          --------------------------------
          Final Individual Conformer Data.
          --------------------------------

          List data for conformers with probability of at least :  0.01 %
          Rankings are with respect to : Free Energy (G)

          ------------------------
          Free Energy: G = E - TS
          ------------------------

          ------------------------------------------------------------------------------------------
          Rank    ID     ln(Zx)    Prob(%)  Sum Prob(%)  Del G        G            E            -TS
          ------------------------------------------------------------------------------------------
             1    146      6.76967   31.51    31.51      0.00       -29.18       -40.00        10.82
             2    186      6.71014   29.69    61.20      0.04       -29.14       -39.96        10.82
             3    182      5.61158    9.90    71.10      0.69       -28.49       -39.46        10.97
             4    149      5.60886    9.87    80.96      0.69       -28.49       -39.46        10.97
             5     75      5.57546    9.55    90.51      0.71       -28.47       -39.44        10.97
             6    165      5.56957    9.49   100.00      0.72       -28.46       -39.43        10.97
          ------------------------------------------------------------------------------------------

          --------------------------------------------------------
          Potential Energy: E = (U+W) + H.O. Equipartion energy
          --------------------------------------------------------

          ------------------------------------------------------------------------------------------
          Rank    ID         E          U+W            U        W(PBSA)          PB           SA
          ------------------------------------------------------------------------------------------
             1    146       -40.00       -53.41         9.05       -62.46       -64.54         2.08
             2    186       -39.96       -53.38         9.05       -62.43       -64.50         2.07
             3    182       -39.46       -52.88        10.07       -62.95       -64.98         2.04
             4    149       -39.46       -52.87        10.07       -62.94       -64.98         2.03
             5     75       -39.44       -52.85        10.24       -63.09       -65.12         2.03
             6    165       -39.43       -52.85        10.24       -63.09       -65.13         2.05
          ------------------------------------------------------------------------------------------

          ----------------------------------------
          Gas Phase Internal Potential Energy: U
          ----------------------------------------

          ------------------------------------------------------------------------------------------
          Rank    ID         U         Valence     Coulomb        VdW         VdW6        VdW12
          ------------------------------------------------------------------------------------------
             1    146         9.05         2.65         5.58         0.82        -4.53         5.35
             2    186         9.05         2.65         5.58         0.82        -4.53         5.35
             3    182        10.07         2.78         6.47         0.81        -5.09         5.90
             4    149        10.07         2.78         6.47         0.81        -5.09         5.90
             5     75        10.24         2.82         6.64         0.78        -5.22         6.00
             6    165        10.24         2.82         6.64         0.79        -5.21         6.00
          ------------------------------------------------------------------------------------------

          -------------------------------
          Bonded Energy Terms: Valence
          -------------------------------

          ------------------------------------------------------------------------------------------
          Rank    ID     Valence       Bond        Angle         Pdih         Idih       Tether
          ------------------------------------------------------------------------------------------
             1    146         2.65         0.06         2.58         0.01         0.00         0.00
             2    186         2.65         0.06         2.58         0.01         0.00         0.00
             3    182         2.78         0.08         2.65         0.05         0.00         0.00
             4    149         2.78         0.08         2.65         0.05         0.00         0.00
             5     75         2.82         0.08         2.68         0.06         0.00         0.00
             6    165         2.82         0.08         2.68         0.06         0.00         0.00
          ------------------------------------------------------------------------------------------

          Calculating single reference conformer RMSDs ...

          ---------------------------------
          Conformer RMSDs are in Angstroms.
          ---------------------------------

          ------------------------------------------------------------------------------------------
                              RMSD wrt Input Crd                    RMSD wrt Rank 1
                         ---------------------------------------------------------------------------
          Rank    ID        Complex    Receptor  Ligand          Complex    Receptor  Ligand
          ------------------------------------------------------------------------------------------
             1    146                             0.864                               0.000
             2    186                             0.577                               1.307
             3    182                             0.743                               1.398
             4    149                             0.758                               1.235
             5     75                             1.920                               1.018
             6    165                             1.022                               1.301
          ------------------------------------------------------------------------------------------

          --------------------------------
          Final Boltzmann Averaged Data.
          --------------------------------

          -------------------------------------------------------------------
          Results of Boltzmann Averaging Over All    6 Conformers (kcal/mol).
          -------------------------------------------------------------------

          Free Energy                        G             -29.8686021867
          Average Potential Energy         < E >           -39.7756882205
          Entropy                           -TS              9.9070860338
          -------------------------------------------------------------------

          Average Potential Energy < E > Components.

          < U >                     9.4769067122
          < W(PBSA) >             -62.6662187221
          < H.O. P.E. >            13.4136435280

          Average Solvation Energy < W(PBSA) > Components.

          < PB >                  -64.7268321161
          < SA >                    2.0606133940

          Average Gas Phase Internal Potential Energy < U > Components.

          < Valence >               2.7093238085
          < Coulomb >               5.9567158531
          < VdW >                   0.8108670506

          Average Van der Waals Energy < VdW > Components.

          < VdW6  >                -4.7732865169
          < VdW12 >                 5.5841535675

          Average Bonded Energy < Valence > Components.

          < Bond >                  0.0690802392
          < Angle >                 2.6120964108
          < Pdihed >                0.0281071488
          < Idihed >                0.0000400098
          < Tether >                0.0000000000

          -------------------------------------------------------------------
                        End of VM2 Calculation Results Summary.
          -------------------------------------------------------------------


     Total cpu time for run          3.65 seconds.
                                     0.06 minutes.

     Total wall time for run         3.86 seconds.
                                     0.06 minutes.

     TIME STAMP: VCPack job finished normally : Sunday, August 07, 2022 at 15:53:21
