
     --------------------------------------------------------------------------------
                        Running Program VCPack. Version 2.8

                           VeraChem LLC, PO Box 2206
                           Germantown, MD 20875, U.S.A.

                                Tel. 240-686-0565
                                www.verachem.com
     --------------------------------------------------------------------------------


     Input file          :   guest-1_vm2.inp

     Output file         :   guest-1_vm2.out

     Summary output file :   guest-1_vm2.summary.out

     Executable : /data/comblab/vcCompChem_3b/exe/VC_CompChemPackage_mpi.exe

     Build date : Aug 13 2021  17:26:14

     This is a multiple processor run.

     MPI processes              :   16
     OpenMP threads per process :    0
     CUDA enabled               :  no

     TIME STAMP: VCPack job started : Sunday, August 07, 2022 at 11:58:20

     --------------------------------------------------------------------------------
                            Basic Calculation Control.
     --------------------------------------------------------------------------------

     Molecular system type                :  ligand          

     Calculation type                     :  vm2             

     Energy potential                     :  mm              

     Post-processing type                 :  none            

     Post-processing energy potential     :  none            

     Time limit in wall clock hours       :  96.00

     Read in starting conformers          :  no
     Type of conformers to read in        :  none
     Conformer source files(s)            :  none

     Use input .crd for complex build     :  no
     Place ligand confs. at input .crd    :  no
     Use input .crd as start conformer    :  yes

     Formatted output files               :  xyz     
                                          :  pdb     
                                          :  mol2    
                                          :  sdf     
                                          :  xyz     
                                          :  gms     
                                          :  csv     

     Split formatted output files         :  crd     

     Limit conformers in formatted files  :  bycount
     Maximum conformer count              :  1000

     Atoms to include in formatted files  :  all     

     Binary file restart type             :  none


     --------------------------------------------------------------------------------
                            Math Related Control and Set Up.
     --------------------------------------------------------------------------------

     Random number generator seeds :  bywallclock

     Seed 1 :           4123149
     Seed 2 :            488833
     Seed 3 :              3627
     Seed 4 :             22304


     --------------------------------------------------------------------------------
                            Basic Molecular System Set Up.
     --------------------------------------------------------------------------------

     ------------------
     Ligand Data Files.
     ------------------

     Standard crd coordinate file            :  guest-1.crd
     VeraChem topology file                  :  guest-1.top
     Standard mol/sdf file                   :  guest-1.mol

     Total number of ligand atoms            :        17

     Included in this calculation.
     Number of real and live ligand atoms    :        17
     Number of real but fixed ligand atoms   :         0

     Ligand placement method                 :  none

     Snap ligand to template atoms           :      no

     -------------------------------
     Final Real/Live Set Atom Count.
     -------------------------------

     Total number of real atoms              :        17
     Total number of live atoms              :        17


     --------------------------------------------------------------------------------
                            Generate Initial Molecular Conformation.
     --------------------------------------------------------------------------------

     Mandatory input crd file(s) used for generation of a single starting conformer.


     --------------------------------------------------------------------------------
                             Energy Potential Settings.
     --------------------------------------------------------------------------------


     Molecular Mechanics package          :  vchem           

     Quantum Mechanics package            :  none            


     --------------------------------------------------------------------------------
                    Running VM2 Mining Minima Module. Version 2.8
     --------------------------------------------------------------------------------

     Iteration    Free Energy G             G Diff            # Conformers     # Diff
        1            15.003198              15.003198               6               6
        2            14.744746              -0.258452               8               2
        3            14.744678              -0.000068               8               0
        4            14.647173              -0.097504               9               1
        5            14.647166              -0.000007               9               0
        6            14.647119              -0.000047               9               0

     VM2 Free Energy converged after    6 iterations.

     Final VM2 Free Energy is      14.647119 Kcal/mol.

          --------------------------------
          Final Individual Conformer Data.
          --------------------------------

          List data for conformers with probability of at least :  0.01 %
          Rankings are with respect to : Free Energy (G)

          ------------------------
          Free Energy: G = E - TS
          ------------------------

          ------------------------------------------------------------------------------------------
          Rank    ID     ln(Zx)    Prob(%)  Sum Prob(%)  Del G        G            E            -TS
          ------------------------------------------------------------------------------------------
             1    119    -56.23867   28.02    28.02      0.00        15.41        -2.45        17.86
             2    274    -56.82088   15.66    43.68      0.35        15.75        -2.20        17.95
             3    249    -56.85833   15.08    58.76      0.37        15.77        -2.18        17.95
             4     82    -56.86344   15.00    73.76      0.37        15.78        -2.18        17.95
             5     69    -56.92427   14.12    87.88      0.41        15.81        -2.14        17.95
             6    234    -57.77323    6.04    93.92      0.91        16.32        -1.81        18.13
             7    113    -57.84725    5.61    99.53      0.96        16.36        -1.77        18.13
             8     19    -60.97006    0.25    99.77      2.82        18.23         0.21        18.02
             9     53    -61.05619    0.23   100.00      2.87        18.28         0.26        18.02
          ------------------------------------------------------------------------------------------

          --------------------------------------------------------
          Potential Energy: E = (U+W) + H.O. Equipartion energy
          --------------------------------------------------------

          ------------------------------------------------------------------------------------------
          Rank    ID         E          U+W            U        W(PBSA)          PB           SA
          ------------------------------------------------------------------------------------------
             1    119        -2.45       -15.87        44.66       -60.53       -62.31         1.78
             2    274        -2.20       -15.62        45.28       -60.89       -62.64         1.75
             3    249        -2.18       -15.59        45.28       -60.87       -62.61         1.74
             4     82        -2.18       -15.59        45.17       -60.76       -62.52         1.75
             5     69        -2.14       -15.55        45.17       -60.73       -62.49         1.76
             6    234        -1.81       -15.22        45.70       -60.92       -62.63         1.71
             7    113        -1.77       -15.18        45.70       -60.88       -62.59         1.71
             8     19         0.21       -13.20        47.42       -60.63       -62.33         1.70
             9     53         0.26       -13.15        47.42       -60.58       -62.26         1.69
          ------------------------------------------------------------------------------------------

          ----------------------------------------
          Gas Phase Internal Potential Energy: U
          ----------------------------------------

          ------------------------------------------------------------------------------------------
          Rank    ID         U         Valence     Coulomb        VdW         VdW6        VdW12
          ------------------------------------------------------------------------------------------
             1    119        44.66         0.87        43.65         0.14        -2.37         2.51
             2    274        45.28         0.99        44.03         0.25        -2.86         3.11
             3    249        45.28         0.99        44.03         0.25        -2.86         3.11
             4     82        45.17         1.16        43.79         0.22        -2.90         3.12
             5     69        45.17         1.16        43.79         0.22        -2.90         3.12
             6    234        45.70         1.26        44.18         0.25        -3.55         3.81
             7    113        45.70         1.26        44.18         0.25        -3.55         3.81
             8     19        47.42         2.41        44.83         0.18        -3.74         3.92
             9     53        47.42         2.41        44.83         0.18        -3.74         3.92
          ------------------------------------------------------------------------------------------

          -------------------------------
          Bonded Energy Terms: Valence
          -------------------------------

          ------------------------------------------------------------------------------------------
          Rank    ID     Valence       Bond        Angle         Pdih         Idih       Tether
          ------------------------------------------------------------------------------------------
             1    119         0.87         0.08         0.38         0.42         0.00         0.00
             2    274         0.99         0.10         0.43         0.46         0.00         0.00
             3    249         0.99         0.10         0.43         0.46         0.00         0.00
             4     82         1.16         0.10         0.50         0.56         0.00         0.00
             5     69         1.16         0.10         0.50         0.56         0.00         0.00
             6    234         1.26         0.13         0.62         0.52         0.00         0.00
             7    113         1.26         0.13         0.62         0.52         0.00         0.00
             8     19         2.41         0.14         0.94         1.34         0.00         0.00
             9     53         2.41         0.14         0.94         1.34         0.00         0.00
          ------------------------------------------------------------------------------------------

          Calculating single reference conformer RMSDs ...

          ---------------------------------
          Conformer RMSDs are in Angstroms.
          ---------------------------------

          ------------------------------------------------------------------------------------------
                              RMSD wrt Input Crd                    RMSD wrt Rank 1
                         ---------------------------------------------------------------------------
          Rank    ID        Complex    Receptor  Ligand          Complex    Receptor  Ligand
          ------------------------------------------------------------------------------------------
             1    119                             0.013                               0.000
             2    274                             1.023                               1.788
             3    249                             1.577                               1.638
             4     82                             1.087                               0.907
             5     69                             1.038                               1.040
             6    234                             1.695                               1.763
             7    113                             1.639                               1.220
             8     19                             1.309                               1.226
             9     53                             1.124                               1.226
          ------------------------------------------------------------------------------------------

          --------------------------------
          Final Boltzmann Averaged Data.
          --------------------------------

          -------------------------------------------------------------------
          Results of Boltzmann Averaging Over All    9 Conformers (kcal/mol).
          -------------------------------------------------------------------

          Free Energy                        G              14.6471187289
          Average Potential Energy         < E >            -2.1967263598
          Entropy                           -TS             16.8438450886
          -------------------------------------------------------------------

          Average Potential Energy < E > Components.

          < U >                    45.1347436522
          < W(PBSA) >             -60.7450455970
          < H.O. P.E. >            13.4136435280

          Average Solvation Energy < W(PBSA) > Components.

          < PB >                  -62.4986314461
          < SA >                    1.7535858491

          Average Gas Phase Internal Potential Energy < U > Components.

          < Valence >               1.0461397163
          < Coulomb >              43.8750689841
          < VdW >                   0.2135349519

          Average Van der Waals Energy < VdW > Components.

          < VdW6  >                -2.8168750543
          < VdW12 >                 3.0304100062

          Average Bonded Energy < Valence > Components.

          < Bond >                  0.0980892932
          < Angle >                 0.4604177212
          < Pdihed >                0.4876327019
          < Idihed >                0.0000000000
          < Tether >                0.0000000000

          -------------------------------------------------------------------
                        End of VM2 Calculation Results Summary.
          -------------------------------------------------------------------


     Total cpu time for run          4.22 seconds.
                                     0.07 minutes.

     Total wall time for run         4.48 seconds.
                                     0.07 minutes.

     TIME STAMP: VCPack job finished normally : Sunday, August 07, 2022 at 11:58:25
