
     --------------------------------------------------------------------------------
                        Running Program VCPack. Version 2.8

                           VeraChem LLC, PO Box 2206
                           Germantown, MD 20875, U.S.A.

                                Tel. 240-686-0565
                                www.verachem.com
     --------------------------------------------------------------------------------


     Input file          :   guest-s12_vm2.inp

     Output file         :   guest-s12_vm2.out

     Summary output file :   guest-s12_vm2.summary.out

     Executable : /data/comblab/vcCompChem_3b/exe/VC_CompChemPackage_mpi.exe

     Build date : Aug 13 2021  17:26:14

     This is a multiple processor run.

     MPI processes              :   16
     OpenMP threads per process :    0
     CUDA enabled               :  no

     TIME STAMP: VCPack job started : Sunday, August 07, 2022 at 15:49:53

     --------------------------------------------------------------------------------
                            Basic Calculation Control.
     --------------------------------------------------------------------------------

     Molecular system type                :  ligand          

     Calculation type                     :  vm2             

     Energy potential                     :  mm              

     Post-processing type                 :  none            

     Post-processing energy potential     :  none            

     Time limit in wall clock hours       :  96.00

     Read in starting conformers          :  no
     Type of conformers to read in        :  none
     Conformer source files(s)            :  none

     Use input .crd for complex build     :  no
     Place ligand confs. at input .crd    :  no
     Use input .crd as start conformer    :  yes

     Formatted output files               :  xyz     
                                          :  pdb     
                                          :  mol2    
                                          :  sdf     
                                          :  xyz     
                                          :  gms     
                                          :  csv     

     Split formatted output files         :  crd     

     Limit conformers in formatted files  :  bycount
     Maximum conformer count              :  1000

     Atoms to include in formatted files  :  all     

     Binary file restart type             :  none


     --------------------------------------------------------------------------------
                            Math Related Control and Set Up.
     --------------------------------------------------------------------------------

     Random number generator seeds :  bywallclock

     Seed 1 :           3055722
     Seed 2 :            447973
     Seed 3 :              3120
     Seed 4 :             20518


     --------------------------------------------------------------------------------
                            Basic Molecular System Set Up.
     --------------------------------------------------------------------------------

     ------------------
     Ligand Data Files.
     ------------------

     Standard crd coordinate file            :  guest-s12.crd
     VeraChem topology file                  :  guest-s12.top
     Standard mol/sdf file                   :  guest-s12.mol

     Total number of ligand atoms            :        26

     Included in this calculation.
     Number of real and live ligand atoms    :        26
     Number of real but fixed ligand atoms   :         0

     Ligand placement method                 :  none

     Snap ligand to template atoms           :      no

     -------------------------------
     Final Real/Live Set Atom Count.
     -------------------------------

     Total number of real atoms              :        26
     Total number of live atoms              :        26


     --------------------------------------------------------------------------------
                            Generate Initial Molecular Conformation.
     --------------------------------------------------------------------------------

     Mandatory input crd file(s) used for generation of a single starting conformer.


     --------------------------------------------------------------------------------
                             Energy Potential Settings.
     --------------------------------------------------------------------------------


     Molecular Mechanics package          :  vchem           

     Quantum Mechanics package            :  none            


     --------------------------------------------------------------------------------
                    Running VM2 Mining Minima Module. Version 2.8
     --------------------------------------------------------------------------------

     Iteration    Free Energy G             G Diff            # Conformers     # Diff
        1            74.574872              74.574872              33              33
        2            74.231031              -0.343842              96              63
        3            74.163138              -0.067893             105               9
        4            74.049082              -0.114056             145              40
        5            74.049076              -0.000005             145               0
        6            73.969542              -0.079534             170              25
        7            73.948913              -0.020629             177               7
        8            73.884244              -0.064669             196              19
        9            73.883977              -0.000267             197               1
       10            73.865166              -0.018812             212              15
       11            73.858936              -0.006230             213               1
       12            73.855641              -0.003295             222               9

     VM2 Free Energy converged after   12 iterations.

     Final VM2 Free Energy is      73.855641 Kcal/mol.

          --------------------------------
          Final Individual Conformer Data.
          --------------------------------

          List data for conformers with probability of at least :  0.01 %
          Rankings are with respect to : Free Energy (G)

          ------------------------
          Free Energy: G = E - TS
          ------------------------

          ------------------------------------------------------------------------------------------
          Rank    ID     ln(Zx)    Prob(%)  Sum Prob(%)  Del G        G            E            -TS
          ------------------------------------------------------------------------------------------
             1     11   -168.02855    6.71     6.71      0.00        75.47        43.30        32.16
             2   1250   -168.51583    4.12    10.83      0.29        75.76        43.42        32.33
             3     37   -168.52471    4.08    14.91      0.30        75.76        43.43        32.33
             4   1284   -168.82372    3.03    17.94      0.47        75.94        43.69        32.25
             5    484   -168.82886    3.01    20.95      0.48        75.94        43.69        32.25
             6   1013   -168.96909    2.62    23.57      0.56        76.03        43.77        32.26
             7   1246   -169.02165    2.48    26.05      0.59        76.06        43.80        32.26
             8   1278   -169.02477    2.48    28.53      0.59        76.06        43.58        32.48
             9    546   -169.08790    2.32    30.85      0.63        76.10        43.62        32.48
            10   1070   -169.16009    2.16    33.02      0.67        76.14        43.87        32.27
            11    472   -169.17572    2.13    35.15      0.68        76.15        43.88        32.27
            12   1545   -169.27174    1.93    37.08      0.74        76.21        43.78        32.43
            13    781   -169.27367    1.93    39.01      0.74        76.21        43.78        32.43
            14    951   -169.29965    1.88    40.89      0.76        76.22        43.96        32.26
            15    489   -169.31316    1.86    42.75      0.77        76.23        43.97        32.26
            16   1530   -169.38511    1.73    44.47      0.81        76.28        43.85        32.43
            17   1630   -169.44200    1.63    46.11      0.84        76.31        43.88        32.43
            18    816   -169.54450    1.47    47.58      0.90        76.37        43.93        32.44
            19   1216   -169.58621    1.41    48.99      0.93        76.40        43.95        32.44
            20   1367   -169.59082    1.41    50.40      0.93        76.40        43.95        32.44
            21   1317   -169.63496    1.35    51.74      0.96        76.42        43.98        32.44
            22   1257   -169.66984    1.30    53.04      0.98        76.45        44.01        32.43
            23    827   -169.68763    1.28    54.32      0.99        76.46        44.02        32.43
            24    441   -169.70697    1.25    55.57      1.00        76.47        44.03        32.43
            25   1088   -169.74469    1.21    56.78      1.02        76.49        44.06        32.43
            26    463   -169.82733    1.11    57.89      1.07        76.54        44.18        32.36
            27    976   -169.83426    1.10    58.99      1.08        76.54        44.18        32.37
            28   1459   -169.84693    1.09    60.08      1.08        76.55        44.19        32.36
            29   1490   -169.85115    1.08    61.16      1.09        76.55        44.17        32.38
            30    975   -169.89171    1.04    62.20      1.11        76.58        44.21        32.37
            31   1492   -169.90496    1.03    63.23      1.12        76.59        44.22        32.37
            32    978   -169.90891    1.02    64.25      1.12        76.59        44.21        32.38
            33    129   -169.94924    0.98    65.23      1.15        76.61        44.17        32.44
            34   1489   -169.95868    0.97    66.21      1.15        76.62        44.12        32.50
            35   1341   -169.98097    0.95    67.16      1.16        76.63        44.19        32.44
            36    248   -170.03657    0.90    68.06      1.20        76.66        44.30        32.37
            37    952   -170.04137    0.90    68.95      1.20        76.67        44.34        32.33
            38   1232   -170.05139    0.89    69.84      1.21        76.67        44.18        32.50
            39   1036   -170.06811    0.87    70.71      1.22        76.68        44.09        32.59
            40    247   -170.06838    0.87    71.59      1.22        76.68        44.34        32.35
            41   1093   -170.07764    0.86    72.45      1.22        76.69        44.34        32.35
            42    422   -170.12896    0.82    73.27      1.25        76.72        44.39        32.33
            43    205   -170.14752    0.81    74.08      1.26        76.73        44.14        32.59
            44    242   -170.16131    0.79    74.87      1.27        76.74        44.15        32.59
            45    850   -170.17554    0.78    75.66      1.28        76.75        44.16        32.59
            46    779   -170.19628    0.77    76.42      1.29        76.76        44.17        32.59
            47    868   -170.22598    0.74    77.17      1.31        76.78        44.19        32.59
            48   1021   -170.25940    0.72    77.89      1.33        76.80        44.25        32.55
            49   1129   -170.26863    0.71    78.60      1.34        76.80        44.21        32.59
            50   1007   -170.28100    0.71    79.31      1.34        76.81        44.14        32.67
            51   1038   -170.28931    0.70    80.01      1.35        76.81        44.27        32.55
            52   1296   -170.28976    0.70    80.71      1.35        76.81        44.14        32.67
            53   1581   -170.30257    0.69    81.40      1.36        76.82        44.14        32.68
            54    203   -170.31426    0.68    82.08      1.36        76.83        44.28        32.54
            55    276   -170.33367    0.67    82.75      1.37        76.84        44.16        32.68
            56   1371   -170.37502    0.64    83.39      1.40        76.87        44.32        32.55
            57   1334   -170.39883    0.63    84.02      1.41        76.88        44.37        32.51
            58    849   -170.44097    0.60    84.62      1.44        76.90        44.36        32.55
            59    790   -170.53232    0.55    85.16      1.49        76.96        44.45        32.51
            60    231   -170.57875    0.52    85.69      1.52        76.99        44.22        32.77
            61   1466   -170.61104    0.51    86.19      1.54        77.01        44.25        32.76
            62    252   -170.63556    0.49    86.69      1.55        77.02        44.26        32.77
            63    168   -170.63848    0.49    87.18      1.56        77.02        44.35        32.67
            64    207   -170.65169    0.49    87.67      1.56        77.03        44.36        32.67
            65   1004   -170.65730    0.48    88.15      1.57        77.03        44.27        32.76
            66   1215   -170.65949    0.48    88.64      1.57        77.04        44.53        32.51
            67   1470   -170.69358    0.47    89.10      1.59        77.06        44.55        32.51
            68    170   -170.86483    0.39    89.50      1.69        77.16        44.33        32.83
            69     79   -170.90454    0.38    89.87      1.71        77.18        44.47        32.71
            70    208   -170.92403    0.37    90.24      1.73        77.19        44.52        32.67
            71    134   -170.93918    0.37    90.61      1.74        77.20        44.49        32.71
            72    210   -170.98140    0.35    90.96      1.76        77.23        44.40        32.83
            73    728   -171.04440    0.33    91.29      1.80        77.26        44.59        32.67
            74   1439   -171.09922    0.31    91.60      1.83        77.30        44.77        32.53
            75   1567   -171.16423    0.29    91.89      1.87        77.34        44.37        32.96
            76    400   -171.18028    0.29    92.18      1.88        77.35        44.34        33.01
            77     69   -171.19189    0.28    92.46      1.89        77.35        44.82        32.53
            78    837   -171.20570    0.28    92.74      1.89        77.36        44.40        32.96
            79    956   -171.21242    0.28    93.02      1.90        77.36        44.36        33.01
            80    789   -171.21638    0.28    93.30      1.90        77.37        44.80        32.57
            81    804   -171.24877    0.27    93.56      1.92        77.39        44.70        32.69
            82    416   -171.28534    0.26    93.82      1.94        77.41        44.84        32.57
            83   1544   -171.29131    0.26    94.08      1.95        77.41        45.18        32.23
            84    534   -171.32761    0.25    94.33      1.97        77.43        44.75        32.69
            85    759   -171.34113    0.24    94.57      1.97        77.44        45.22        32.22
            86    533   -171.35193    0.24    94.81      1.98        77.45        44.56        32.89
            87   1590   -171.37830    0.24    95.05      2.00        77.46        44.58        32.89
            88   1046   -171.40311    0.23    95.28      2.01        77.48        44.55        32.93
            89   1629   -171.41819    0.23    95.50      2.02        77.49        44.56        32.93
            90   1015   -171.49789    0.21    95.71      2.07        77.53        44.76        32.78
            91    690   -171.49829    0.21    95.92      2.07        77.54        44.76        32.78
            92   1598   -171.55714    0.20    96.12      2.10        77.57        45.06        32.51
            93   1075   -171.56013    0.20    96.31      2.11        77.57        45.06        32.51
            94    174   -171.61794    0.19    96.50      2.14        77.61        44.80        32.81
            95    791   -171.62371    0.18    96.68      2.14        77.61        44.61        33.00
            96    553   -171.65207    0.18    96.86      2.16        77.63        44.62        33.00
            97    512   -171.66975    0.18    97.04      2.17        77.64        44.83        32.81
            98    277   -171.84477    0.15    97.19      2.28        77.74        45.74        32.01
            99    559   -171.85847    0.15    97.33      2.28        77.75        45.76        31.99
           100   1312   -171.93479    0.13    97.47      2.33        77.80        44.77        33.02
           101    532   -172.08607    0.12    97.58      2.42        77.89        44.86        33.02
           102   1358   -172.17611    0.11    97.69      2.47        77.94        44.70        33.24
           103   1071   -172.22868    0.10    97.79      2.50        77.97        45.67        32.30
           104   1080   -172.31727    0.09    97.88      2.56        78.02        44.78        33.24
           105   1369   -172.38389    0.09    97.97      2.60        78.06        45.70        32.37
           106   1356   -172.42044    0.08    98.05      2.62        78.08        45.15        32.94
           107    547   -172.43387    0.08    98.13      2.63        78.09        45.16        32.94
           108   1290   -172.47673    0.08    98.21      2.65        78.12        45.76        32.36
           109   1620   -172.58202    0.07    98.28      2.71        78.18        45.55        32.63
           110   1272   -172.61514    0.07    98.35      2.73        78.20        45.57        32.63
           111   1305   -172.62565    0.07    98.42      2.74        78.21        45.58        32.63
           112    264   -172.62614    0.07    98.48      2.74        78.21        45.58        32.63
           113    970   -172.64564    0.07    98.55      2.75        78.22        45.87        32.35
           114   1055   -172.66379    0.07    98.62      2.76        78.23        45.60        32.63
           115   1364   -172.75194    0.06    98.67      2.82        78.28        45.92        32.36
           116   1343   -172.77274    0.06    98.73      2.83        78.29        45.75        32.55
           117    244   -172.92269    0.05    98.78      2.92        78.38        45.90        32.49
           118   1107   -172.93269    0.05    98.83      2.92        78.39        45.92        32.47
           119    840   -172.94618    0.05    98.88      2.93        78.40        45.85        32.55
           120    269   -172.97033    0.05    98.93      2.95        78.41        45.94        32.47
           121    990   -172.98066    0.05    98.98      2.95        78.42        46.12        32.30
           122   1614   -173.18545    0.04    99.02      3.07        78.54        45.89        32.65
           123   1443   -173.25595    0.04    99.05      3.12        78.58        46.24        32.35
           124    835   -173.26272    0.04    99.09      3.12        78.59        46.17        32.42
           125   1602   -173.28366    0.04    99.12      3.13        78.60        46.18        32.42
           126   1072   -173.29570    0.03    99.16      3.14        78.61        45.96        32.65
           127    229   -173.30856    0.03    99.19      3.15        78.61        46.27        32.35
           128    563   -173.31532    0.03    99.23      3.15        78.62        45.49        33.13
           129   1627   -173.48739    0.03    99.25      3.25        78.72        45.99        32.73
           130    218   -173.62315    0.02    99.28      3.34        78.80        45.76        33.05
           131    503   -173.63667    0.02    99.30      3.34        78.81        45.76        33.05
           132   1372   -173.66591    0.02    99.33      3.36        78.83        46.14        32.68
           133   1225   -173.68139    0.02    99.35      3.37        78.84        46.33        32.50
           134    504   -173.70012    0.02    99.37      3.38        78.85        46.16        32.68
           135   1616   -173.71518    0.02    99.40      3.39        78.86        46.35        32.50
           136   1087   -173.76505    0.02    99.42      3.42        78.89        46.39        32.49
           137   1366   -173.79657    0.02    99.44      3.44        78.91        46.10        32.81
           138    212   -173.79696    0.02    99.46      3.44        78.91        46.40        32.50
           139   1240   -173.81777    0.02    99.48      3.45        78.92        46.42        32.49
           140   1057   -173.85490    0.02    99.50      3.47        78.94        46.05        32.89
           141   1241   -173.96869    0.02    99.52      3.54        79.01        46.52        32.49
           142   1603   -173.98092    0.02    99.54      3.55        79.02        46.51        32.50
           143   1275   -174.12869    0.02    99.55      3.64        79.10        46.42        32.68
           144    521   -174.13294    0.01    99.57      3.64        79.11        46.12        32.98
           145   1270   -174.14720    0.01    99.58      3.65        79.11        46.13        32.98
           146    861   -174.14854    0.01    99.60      3.65        79.12        46.44        32.67
           147   1337   -174.15321    0.01    99.61      3.65        79.12        46.45        32.67
           148    545   -174.17153    0.01    99.62      3.66        79.13        46.46        32.67
           149    556   -174.20560    0.01    99.64      3.68        79.15        46.47        32.68
           150    550   -174.21288    0.01    99.65      3.69        79.15        46.48        32.68
           151    818   -174.23781    0.01    99.67      3.70        79.17        46.70        32.47
           152    802   -174.27437    0.01    99.68      3.72        79.19        46.72        32.47
           153    535   -174.27507    0.01    99.69      3.72        79.19        46.51        32.68
           154   1601   -174.32021    0.01    99.70      3.75        79.22        46.08        33.13
           155    254   -174.32447    0.01    99.72      3.75        79.22        45.81        33.41
           156    427   -174.39538    0.01    99.73      3.80        79.26        46.64        32.62
           157    519   -174.43355    0.01    99.74      3.82        79.28        46.91        32.37
           158    284   -174.45506    0.01    99.75      3.83        79.30        46.71        32.59
           159    423   -174.46438    0.01    99.76      3.84        79.30        46.69        32.62
           160   1058   -174.47091    0.01    99.77      3.84        79.31        46.72        32.59
           161   1103   -174.48317    0.01    99.78      3.85        79.31        46.92        32.39
           162    228   -174.53010    0.01    99.79      3.88        79.34        46.76        32.59
           163     73   -174.53204    0.01    99.80      3.88        79.34        46.76        32.58
          ------------------------------------------------------------------------------------------

          --------------------------------------------------------
          Potential Energy: E = (U+W) + H.O. Equipartion energy
          --------------------------------------------------------

          ------------------------------------------------------------------------------------------
          Rank    ID         E          U+W            U        W(PBSA)          PB           SA
          ------------------------------------------------------------------------------------------
             1     11        43.30        21.84        70.36       -48.51       -50.85         2.34
             2   1250        43.42        21.96        70.75       -48.78       -51.11         2.33
             3     37        43.43        21.97        70.75       -48.78       -51.11         2.34
             4   1284        43.69        22.22        71.14       -48.92       -51.25         2.34
             5    484        43.69        22.23        71.14       -48.92       -51.25         2.34
             6   1013        43.77        22.31        71.14       -48.83       -51.18         2.34
             7   1246        43.80        22.34        71.14       -48.80       -51.14         2.34
             8   1278        43.58        22.12        71.48       -49.36       -51.65         2.29
             9    546        43.62        22.16        71.48       -49.32       -51.60         2.28
            10   1070        43.87        22.41        71.04       -48.63       -50.94         2.31
            11    472        43.88        22.42        71.04       -48.62       -50.94         2.32
            12   1545        43.78        22.32        71.51       -49.19       -51.48         2.29
            13    781        43.78        22.32        71.51       -49.19       -51.48         2.29
            14    951        43.96        22.50        71.35       -48.85       -51.16         2.31
            15    489        43.97        22.51        71.35       -48.84       -51.15         2.31
            16   1530        43.85        22.39        71.63       -49.24       -51.54         2.30
            17   1630        43.88        22.42        71.63       -49.21       -51.52         2.31
            18    816        43.93        22.47        71.43       -48.96       -51.24         2.27
            19   1216        43.95        22.49        71.42       -48.93       -51.23         2.30
            20   1367        43.95        22.49        71.42       -48.93       -51.22         2.29
            21   1317        43.98        22.52        71.43       -48.91       -51.18         2.27
            22   1257        44.01        22.55        71.71       -49.16       -51.44         2.28
            23    827        44.02        22.56        71.72       -49.16       -51.48         2.32
            24    441        44.03        22.57        71.72       -49.15       -51.45         2.30
            25   1088        44.06        22.60        71.71       -49.11       -51.41         2.30
            26    463        44.18        22.72        71.97       -49.25       -51.56         2.31
            27    976        44.18        22.71        71.83       -49.12       -51.44         2.32
            28   1459        44.19        22.73        71.97       -49.24       -51.54         2.30
            29   1490        44.17        22.71        71.73       -49.02       -51.33         2.31
            30    975        44.21        22.75        71.83       -49.08       -51.40         2.32
            31   1492        44.22        22.76        71.99       -49.24       -51.54         2.30
            32    978        44.21        22.75        71.73       -48.99       -51.30         2.31
            33    129        44.17        22.71        71.91       -49.20       -51.49         2.29
            34   1489        44.12        22.66        72.04       -49.38       -51.69         2.31
            35   1341        44.19        22.73        71.91       -49.18       -51.49         2.32
            36    248        44.30        22.84        71.99       -49.16       -51.48         2.32
            37    952        44.34        22.87        71.90       -49.03       -51.33         2.30
            38   1232        44.18        22.71        72.04       -49.32       -51.62         2.30
            39   1036        44.09        22.63        72.18       -49.55       -51.79         2.24
            40    247        44.34        22.87        71.81       -48.94       -51.23         2.29
            41   1093        44.34        22.88        71.81       -48.93       -51.26         2.33
            42    422        44.39        22.93        71.90       -48.98       -51.30         2.32
            43    205        44.14        22.68        72.28       -49.60       -51.85         2.25
            44    242        44.15        22.68        72.18       -49.50       -51.76         2.26
            45    850        44.16        22.70        72.30       -49.60       -51.87         2.27
            46    779        44.17        22.71        72.28       -49.57       -51.82         2.25
            47    868        44.19        22.73        71.87       -49.14       -51.40         2.26
            48   1021        44.25        22.79        72.24       -49.45       -51.70         2.24
            49   1129        44.21        22.75        71.87       -49.12       -51.41         2.29
            50   1007        44.14        22.68        72.35       -49.67       -51.91         2.24
            51   1038        44.27        22.80        72.24       -49.44       -51.69         2.25
            52   1296        44.14        22.68        72.35       -49.67       -51.91         2.24
            53   1581        44.14        22.68        72.37       -49.70       -51.95         2.25
            54    203        44.28        22.82        72.11       -49.29       -51.57         2.28
            55    276        44.16        22.70        72.37       -49.68       -51.93         2.25
            56   1371        44.32        22.85        72.22       -49.36       -51.63         2.27
            57   1334        44.37        22.90        72.18       -49.28       -51.57         2.30
            58    849        44.36        22.89        72.22       -49.32       -51.60         2.27
            59    790        44.45        22.98        72.18       -49.20       -51.48         2.29
            60    231        44.22        22.76        72.22       -49.46       -51.69         2.23
            61   1466        44.25        22.78        72.26       -49.47       -51.71         2.24
            62    252        44.26        22.79        72.22       -49.42       -51.68         2.26
            63    168        44.35        22.89        72.55       -49.66       -51.92         2.26
            64    207        44.36        22.90        72.55       -49.65       -51.93         2.28
            65   1004        44.27        22.81        72.26       -49.45       -51.71         2.26
            66   1215        44.53        23.06        72.30       -49.24       -51.50         2.27
            67   1470        44.55        23.08        72.30       -49.21       -51.50         2.28
            68    170        44.33        22.87        72.45       -49.59       -51.82         2.23
            69     79        44.47        23.01        72.45       -49.44       -51.70         2.26
            70    208        44.52        23.06        72.39       -49.33       -51.60         2.27
            71    134        44.49        23.03        72.45       -49.42       -51.69         2.27
            72    210        44.40        22.94        72.45       -49.52       -51.80         2.28
            73    728        44.59        23.13        72.39       -49.26       -51.51         2.25
            74   1439        44.77        23.31        72.58       -49.27       -51.54         2.27
            75   1567        44.37        22.91        72.93       -50.01       -52.19         2.18
            76    400        44.34        22.88        72.76       -49.88       -52.09         2.20
            77     69        44.82        23.36        72.58       -49.22       -51.50         2.28
            78    837        44.40        22.94        72.93       -49.99       -52.18         2.19
            79    956        44.36        22.90        72.76       -49.87       -52.06         2.20
            80    789        44.80        23.34        72.65       -49.31       -51.57         2.26
            81    804        44.70        23.24        72.71       -49.47       -51.72         2.25
            82    416        44.84        23.38        72.65       -49.27       -51.52         2.25
            83   1544        45.18        23.72        72.99       -49.27       -51.56         2.28
            84    534        44.75        23.29        72.71       -49.42       -51.68         2.25
            85    759        45.22        23.75        72.99       -49.24       -51.52         2.28
            86    533        44.56        23.10        72.74       -49.64       -51.85         2.21
            87   1590        44.58        23.11        72.74       -49.63       -51.87         2.24
            88   1046        44.55        23.09        72.94       -49.85       -52.09         2.24
            89   1629        44.56        23.10        72.94       -49.84       -52.06         2.22
            90   1015        44.76        23.30        73.04       -49.74       -51.97         2.22
            91    690        44.76        23.30        73.04       -49.75       -52.02         2.28
            92   1598        45.06        23.60        72.88       -49.28       -51.58         2.30
            93   1075        45.06        23.60        72.88       -49.28       -51.55         2.27
            94    174        44.80        23.34        73.12       -49.78       -52.01         2.23
            95    791        44.61        23.14        72.96       -49.82       -52.04         2.22
            96    553        44.62        23.16        72.96       -49.80       -52.05         2.25
            97    512        44.83        23.37        73.12       -49.75       -51.99         2.23
            98    277        45.74        24.27        73.88       -49.61       -51.83         2.22
            99    559        45.76        24.30        73.88       -49.58       -51.84         2.26
           100   1312        44.77        23.31        72.85       -49.54       -51.77         2.23
           101    532        44.86        23.40        72.85       -49.45       -51.68         2.23
           102   1358        44.70        23.24        73.34       -50.10       -52.28         2.17
           103   1071        45.67        24.20        73.67       -49.46       -51.72         2.26
           104   1080        44.78        23.32        73.34       -50.02       -52.19         2.17
           105   1369        45.70        24.24        73.77       -49.53       -51.77         2.24
           106   1356        45.15        23.69        73.51       -49.83       -52.07         2.24
           107    547        45.16        23.69        73.51       -49.82       -52.04         2.22
           108   1290        45.76        24.29        73.77       -49.47       -51.72         2.25
           109   1620        45.55        24.09        73.66       -49.58       -51.84         2.26
           110   1272        45.57        24.11        73.57       -49.46       -51.69         2.24
           111   1305        45.58        24.12        73.68       -49.56       -51.79         2.23
           112    264        45.58        24.12        73.57       -49.45       -51.70         2.25
           113    970        45.87        24.40        74.36       -49.96       -52.19         2.23
           114   1055        45.60        24.14        73.68       -49.54       -51.78         2.25
           115   1364        45.92        24.46        74.36       -49.90       -52.14         2.24
           116   1343        45.75        24.29        73.76       -49.47       -51.70         2.23
           117    244        45.90        24.44        73.89       -49.45       -51.73         2.28
           118   1107        45.92        24.46        73.84       -49.38       -51.64         2.26
           119    840        45.85        24.39        73.76       -49.37       -51.64         2.28
           120    269        45.94        24.48        73.84       -49.36       -51.61         2.26
           121    990        46.12        24.66        73.91       -49.25       -51.55         2.30
           122   1614        45.89        24.43        74.23       -49.80       -52.06         2.26
           123   1443        46.24        24.78        73.98       -49.21       -51.49         2.28
           124    835        46.17        24.71        74.31       -49.60       -51.87         2.27
           125   1602        46.18        24.72        74.31       -49.58       -51.86         2.28
           126   1072        45.96        24.50        74.23       -49.73       -51.98         2.25
           127    229        46.27        24.81        73.98       -49.18       -51.45         2.28
           128    563        45.49        24.03        74.18       -50.15       -52.28         2.13
           129   1627        45.99        24.53        74.54       -50.01       -52.20         2.19
           130    218        45.76        24.29        74.19       -49.90       -52.09         2.19
           131    503        45.76        24.30        74.19       -49.89       -52.10         2.21
           132   1372        46.14        24.68        74.47       -49.79       -52.03         2.25
           133   1225        46.33        24.87        74.07       -49.20       -51.48         2.28
           134    504        46.16        24.70        74.47       -49.77       -52.03         2.26
           135   1616        46.35        24.89        74.47       -49.58       -51.83         2.25
           136   1087        46.39        24.93        74.13       -49.20       -51.49         2.28
           137   1366        46.10        24.64        74.31       -49.68       -51.88         2.20
           138    212        46.40        24.94        74.07       -49.13       -51.42         2.29
           139   1240        46.42        24.96        74.13       -49.17       -51.47         2.30
           140   1057        46.05        24.59        74.26       -49.67       -51.88         2.21
           141   1241        46.52        25.06        74.58       -49.53       -51.79         2.26
           142   1603        46.51        25.05        74.90       -49.85       -52.06         2.21
           143   1275        46.42        24.96        74.40       -49.44       -51.68         2.24
           144    521        46.12        24.66        74.25       -49.59       -51.81         2.22
           145   1270        46.13        24.67        74.25       -49.58       -51.81         2.23
           146    861        46.44        24.98        74.46       -49.48       -51.72         2.24
           147   1337        46.45        24.98        74.48       -49.49       -51.74         2.25
           148    545        46.46        24.99        74.46       -49.47       -51.71         2.25
           149    556        46.47        25.01        74.46       -49.45       -51.67         2.22
           150    550        46.48        25.02        74.46       -49.44       -51.69         2.25
           151    818        46.70        25.23        74.47       -49.24       -51.48         2.24
           152    802        46.72        25.26        74.47       -49.22       -51.46         2.24
           153    535        46.51        25.05        75.03       -49.98       -52.18         2.20
           154   1601        46.08        24.62        74.63       -50.01       -52.19         2.18
           155    254        45.81        24.35        74.53       -50.19       -52.35         2.16
           156    427        46.64        25.18        74.52       -49.33       -51.57         2.23
           157    519        46.91        25.45        74.71       -49.26       -51.54         2.27
           158    284        46.71        25.25        74.61       -49.36       -51.61         2.25
           159    423        46.69        25.22        74.52       -49.29       -51.56         2.27
           160   1058        46.72        25.26        75.23       -49.97       -52.20         2.23
           161   1103        46.92        25.46        75.18       -49.71       -51.95         2.24
           162    228        46.76        25.30        74.61       -49.31       -51.57         2.25
           163     73        46.76        25.30        74.59       -49.29       -51.54         2.25
          ------------------------------------------------------------------------------------------

          ----------------------------------------
          Gas Phase Internal Potential Energy: U
          ----------------------------------------

          ------------------------------------------------------------------------------------------
          Rank    ID         U         Valence     Coulomb        VdW         VdW6        VdW12
          ------------------------------------------------------------------------------------------
             1     11        70.36         1.71        68.48         0.16        -5.27         5.43
             2   1250        70.75         1.99        68.32         0.43        -5.97         6.40
             3     37        70.75         1.99        68.32         0.43        -5.97         6.40
             4   1284        71.14         1.84        69.10         0.21        -5.85         6.05
             5    484        71.14         1.84        69.10         0.21        -5.85         6.05
             6   1013        71.14         2.02        68.93         0.19        -5.90         6.09
             7   1246        71.14         2.02        68.93         0.19        -5.90         6.09
             8   1278        71.48         2.08        69.00         0.40        -6.75         7.15
             9    546        71.48         2.08        69.00         0.40        -6.75         7.15
            10   1070        71.04         2.22        68.52         0.30        -5.88         6.18
            11    472        71.04         2.22        68.52         0.30        -5.88         6.18
            12   1545        71.51         2.29        68.78         0.44        -6.61         7.05
            13    781        71.51         2.29        68.78         0.44        -6.61         7.05
            14    951        71.35         2.26        68.81         0.28        -5.92         6.20
            15    489        71.35         2.26        68.81         0.28        -5.92         6.20
            16   1530        71.63         2.31        68.82         0.49        -6.57         7.06
            17   1630        71.63         2.31        68.82         0.49        -6.57         7.06
            18    816        71.43         2.50        68.36         0.56        -6.59         7.15
            19   1216        71.42         2.50        68.36         0.56        -6.59         7.15
            20   1367        71.42         2.50        68.36         0.56        -6.59         7.15
            21   1317        71.43         2.50        68.36         0.56        -6.59         7.15
            22   1257        71.71         2.54        68.63         0.53        -6.65         7.18
            23    827        71.72         2.54        68.64         0.54        -6.63         7.17
            24    441        71.72         2.54        68.64         0.54        -6.63         7.17
            25   1088        71.71         2.54        68.63         0.54        -6.65         7.18
            26    463        71.97         2.34        69.30         0.33        -6.49         6.81
            27    976        71.83         2.34        69.16         0.33        -6.48         6.81
            28   1459        71.97         2.34        69.30         0.33        -6.49         6.81
            29   1490        71.73         2.51        68.93         0.30        -6.53         6.83
            30    975        71.83         2.34        69.16         0.33        -6.48         6.81
            31   1492        71.99         2.38        69.31         0.30        -6.51         6.81
            32    978        71.73         2.51        68.93         0.30        -6.53         6.83
            33    129        71.91         2.13        69.69         0.09        -6.77         6.86
            34   1489        72.04         2.48        69.41         0.14        -6.88         7.02
            35   1341        71.91         2.13        69.69         0.09        -6.77         6.86
            36    248        71.99         2.38        69.31         0.30        -6.51         6.81
            37    952        71.90         2.41        69.13         0.36        -6.46         6.82
            38   1232        72.04         2.48        69.41         0.14        -6.88         7.02
            39   1036        72.18         2.59        69.07         0.52        -7.38         7.90
            40    247        71.81         2.57        68.88         0.36        -6.47         6.83
            41   1093        71.81         2.57        68.88         0.36        -6.47         6.83
            42    422        71.90         2.41        69.13         0.36        -6.46         6.82
            43    205        72.28         2.62        69.20         0.47        -7.47         7.93
            44    242        72.18         2.59        69.07         0.52        -7.38         7.90
            45    850        72.30         2.59        69.20         0.51        -7.41         7.92
            46    779        72.28         2.62        69.20         0.47        -7.47         7.93
            47    868        71.87         2.68        68.93         0.26        -6.83         7.09
            48   1021        72.24         2.66        69.02         0.56        -7.36         7.91
            49   1129        71.87         2.68        68.93         0.26        -6.83         7.09
            50   1007        72.35         2.74        69.27         0.34        -7.70         8.04
            51   1038        72.24         2.66        69.02         0.56        -7.36         7.91
            52   1296        72.35         2.74        69.27         0.34        -7.70         8.04
            53   1581        72.37         2.39        69.69         0.30        -7.60         7.90
            54    203        72.11         2.78        68.78         0.55        -7.24         7.79
            55    276        72.37         2.39        69.69         0.30        -7.60         7.90
            56   1371        72.22         2.80        68.81         0.60        -7.20         7.80
            57   1334        72.18         2.84        68.73         0.61        -7.18         7.80
            58    849        72.22         2.80        68.81         0.60        -7.20         7.80
            59    790        72.18         2.84        68.73         0.61        -7.18         7.79
            60    231        72.22         2.96        68.76         0.50        -7.59         8.09
            61   1466        72.26         2.96        68.78         0.51        -7.55         8.07
            62    252        72.22         2.96        68.76         0.50        -7.59         8.09
            63    168        72.55         2.78        69.32         0.45        -7.54         7.99
            64    207        72.55         2.78        69.32         0.45        -7.54         7.99
            65   1004        72.26         2.96        68.78         0.51        -7.55         8.07
            66   1215        72.30         2.87        68.76         0.66        -7.14         7.81
            67   1470        72.30         2.87        68.76         0.66        -7.14         7.81
            68    170        72.45         2.91        69.43         0.11        -7.76         7.88
            69     79        72.45         2.61        69.81         0.03        -7.73         7.76
            70    208        72.39         2.83        69.22         0.34        -7.38         7.72
            71    134        72.45         2.61        69.81         0.03        -7.73         7.77
            72    210        72.45         2.91        69.43         0.11        -7.76         7.88
            73    728        72.39         2.83        69.22         0.34        -7.38         7.72
            74   1439        72.58         2.68        69.62         0.28        -7.33         7.61
            75   1567        72.93         3.01        69.58         0.34        -8.61         8.94
            76    400        72.76         3.17        69.30         0.29        -8.62         8.91
            77     69        72.58         2.68        69.62         0.28        -7.33         7.61
            78    837        72.93         3.01        69.58         0.34        -8.61         8.94
            79    956        72.76         3.17        69.30         0.29        -8.61         8.91
            80    789        72.65         2.61        69.87         0.17        -7.46         7.63
            81    804        72.71         2.79        69.68         0.24        -7.47         7.71
            82    416        72.65         2.61        69.87         0.17        -7.46         7.63
            83   1544        72.99         3.86        68.74         0.40        -6.84         7.24
            84    534        72.71         2.79        69.68         0.24        -7.47         7.71
            85    759        72.99         3.86        68.74         0.40        -6.84         7.24
            86    533        72.74         3.08        69.13         0.53        -8.28         8.81
            87   1590        72.74         3.08        69.13         0.53        -8.28         8.81
            88   1046        72.94         2.86        69.81         0.26        -8.51         8.77
            89   1629        72.94         2.86        69.81         0.26        -8.51         8.77
            90   1015        73.04         2.94        69.62         0.48        -8.18         8.66
            91    690        73.04         2.94        69.63         0.48        -8.18         8.66
            92   1598        72.88         3.73        68.87         0.28        -6.95         7.22
            93   1075        72.88         3.73        68.87         0.28        -6.95         7.22
            94    174        73.12         2.87        69.89         0.37        -8.31         8.68
            95    791        72.96         3.20        69.35         0.41        -8.43         8.85
            96    553        72.96         3.20        69.35         0.41        -8.43         8.85
            97    512        73.12         2.87        69.89         0.37        -8.31         8.68
            98    277        73.88         4.36        69.05         0.48        -7.51         7.99
            99    559        73.88         4.36        69.05         0.48        -7.51         7.99
           100   1312        72.85         3.04        69.79         0.03        -8.58         8.60
           101    532        72.85         3.04        69.79         0.02        -8.58         8.60
           102   1358        73.34         3.29        69.80         0.25        -9.37         9.62
           103   1071        73.67         4.36        68.78         0.52        -7.47         7.99
           104   1080        73.34         3.29        69.80         0.25        -9.37         9.62
           105   1369        73.77         4.37        68.89         0.50        -7.52         8.02
           106   1356        73.51         4.05        69.54        -0.07        -8.21         8.14
           107    547        73.51         4.05        69.54        -0.07        -8.21         8.14
           108   1290        73.77         4.37        68.89         0.50        -7.52         8.02
           109   1620        73.66         4.22        69.07         0.38        -7.61         7.99
           110   1272        73.57         4.23        68.95         0.38        -7.61         7.99
           111   1305        73.68         4.24        69.06         0.38        -7.63         8.01
           112    264        73.57         4.23        68.95         0.38        -7.61         7.99
           113    970        74.36         3.85        70.39         0.13        -7.96         8.08
           114   1055        73.68         4.24        69.06         0.38        -7.63         8.01
           115   1364        74.36         3.85        70.38         0.13        -7.96         8.08
           116   1343        73.76         4.42        68.89         0.45        -7.49         7.94
           117    244        73.89         4.11        69.67         0.11        -7.00         7.11
           118   1107        73.84         4.49        68.80         0.55        -7.48         8.03
           119    840        73.76         4.42        68.89         0.45        -7.49         7.94
           120    269        73.84         4.49        68.80         0.55        -7.48         8.03
           121    990        73.91         4.25        69.49         0.17        -6.83         7.00
           122   1614        74.23         4.38        69.55         0.30        -7.81         8.11
           123   1443        73.98         3.35        70.65        -0.02        -6.98         6.96
           124    835        74.31         4.51        69.36         0.43        -7.51         7.94
           125   1602        74.31         4.51        69.36         0.43        -7.51         7.94
           126   1072        74.23         4.38        69.55         0.30        -7.81         8.11
           127    229        73.98         3.35        70.65        -0.02        -6.98         6.96
           128    563        74.18         4.52        69.76        -0.11        -9.14         9.03
           129   1627        74.54         4.77        69.42         0.34        -8.67         9.01
           130    218        74.19         4.60        69.49         0.10        -8.80         8.91
           131    503        74.19         4.60        69.49         0.10        -8.80         8.91
           132   1372        74.47         4.43        69.61         0.43        -7.65         8.08
           133   1225        74.07         4.69        69.11         0.27        -6.81         7.07
           134    504        74.47         4.43        69.61         0.43        -7.65         8.08
           135   1616        74.47         4.60        69.38         0.49        -7.47         7.96
           136   1087        74.13         4.71        69.14         0.28        -6.80         7.08
           137   1366        74.31         4.91        68.87         0.53        -8.39         8.92
           138    212        74.07         4.69        69.11         0.27        -6.81         7.08
           139   1240        74.13         4.71        69.14         0.28        -6.80         7.08
           140   1057        74.26         4.84        69.00         0.43        -8.43         8.85
           141   1241        74.58         4.29        70.23         0.06        -7.67         7.74
           142   1603        74.90         4.08        70.54         0.27        -8.42         8.69
           143   1275        74.40         4.96        68.94         0.49        -7.59         8.08
           144    521        74.25         4.61        69.76        -0.12        -8.15         8.04
           145   1270        74.25         4.61        69.76        -0.12        -8.15         8.04
           146    861        74.46         4.97        68.96         0.53        -7.53         8.05
           147   1337        74.48         4.98        68.97         0.53        -7.55         8.08
           148    545        74.46         4.97        68.96         0.53        -7.53         8.05
           149    556        74.46         4.98        68.96         0.52        -7.57         8.09
           150    550        74.46         4.98        68.96         0.52        -7.57         8.09
           151    818        74.47         3.79        70.59         0.09        -7.60         7.70
           152    802        74.47         3.79        70.59         0.09        -7.60         7.70
           153    535        75.03         4.54        70.17         0.32        -8.49         8.81
           154   1601        74.63         4.88        69.65         0.10        -8.91         9.01
           155    254        74.53         4.95        69.62        -0.03        -9.81         9.78
           156    427        74.52         4.84        69.33         0.34        -7.37         7.71
           157    519        74.71         4.00        70.54         0.18        -7.48         7.65
           158    284        74.61         4.82        69.47         0.32        -7.37         7.69
           159    423        74.52         4.84        69.33         0.34        -7.37         7.71
           160   1058        75.23         4.59        70.32         0.32        -8.48         8.79
           161   1103        75.18         4.30        70.50         0.37        -8.22         8.59
           162    228        74.61         4.82        69.47         0.32        -7.37         7.69
           163     73        74.59         4.89        69.33         0.38        -7.33         7.71
          ------------------------------------------------------------------------------------------

          -------------------------------
          Bonded Energy Terms: Valence
          -------------------------------

          ------------------------------------------------------------------------------------------
          Rank    ID     Valence       Bond        Angle         Pdih         Idih       Tether
          ------------------------------------------------------------------------------------------
             1     11         1.71         0.13         0.35         1.24         0.00         0.00
             2   1250         1.99         0.16         0.47         1.36         0.00         0.00
             3     37         1.99         0.16         0.47         1.36         0.00         0.00
             4   1284         1.84         0.14         0.41         1.28         0.00         0.00
             5    484         1.84         0.14         0.41         1.28         0.00         0.00
             6   1013         2.02         0.15         0.48         1.39         0.00         0.00
             7   1246         2.02         0.15         0.48         1.39         0.00         0.00
             8   1278         2.08         0.18         0.58         1.32         0.00         0.00
             9    546         2.08         0.18         0.58         1.32         0.00         0.00
            10   1070         2.22         0.16         0.60         1.47         0.00         0.00
            11    472         2.22         0.16         0.60         1.47         0.00         0.00
            12   1545         2.29         0.18         0.59         1.52         0.00         0.00
            13    781         2.29         0.18         0.59         1.52         0.00         0.00
            14    951         2.26         0.16         0.62         1.47         0.00         0.00
            15    489         2.26         0.16         0.62         1.48         0.00         0.00
            16   1530         2.31         0.19         0.61         1.52         0.00         0.00
            17   1630         2.31         0.19         0.61         1.52         0.00         0.00
            18    816         2.50         0.20         0.72         1.59         0.00         0.00
            19   1216         2.50         0.20         0.72         1.59         0.00         0.00
            20   1367         2.50         0.20         0.72         1.59         0.00         0.00
            21   1317         2.50         0.20         0.72         1.59         0.00         0.00
            22   1257         2.54         0.20         0.74         1.60         0.00         0.00
            23    827         2.54         0.20         0.75         1.59         0.00         0.00
            24    441         2.54         0.20         0.74         1.59         0.00         0.00
            25   1088         2.54         0.20         0.74         1.60         0.00         0.00
            26    463         2.34         0.18         0.65         1.51         0.00         0.00
            27    976         2.34         0.18         0.66         1.51         0.00         0.00
            28   1459         2.34         0.18         0.65         1.51         0.00         0.00
            29   1490         2.51         0.18         0.69         1.63         0.00         0.00
            30    975         2.34         0.18         0.66         1.51         0.00         0.00
            31   1492         2.38         0.18         0.66         1.53         0.00         0.00
            32    978         2.51         0.18         0.69         1.63         0.00         0.00
            33    129         2.13         0.17         0.62         1.34         0.00         0.00
            34   1489         2.48         0.19         0.85         1.43         0.00         0.00
            35   1341         2.13         0.17         0.62         1.34         0.00         0.00
            36    248         2.38         0.18         0.66         1.53         0.00         0.00
            37    952         2.41         0.19         0.71         1.51         0.00         0.00
            38   1232         2.48         0.19         0.85         1.43         0.00         0.00
            39   1036         2.59         0.22         0.82         1.56         0.00         0.00
            40    247         2.57         0.19         0.75         1.63         0.00         0.00
            41   1093         2.57         0.19         0.75         1.63         0.00         0.00
            42    422         2.41         0.19         0.71         1.51         0.00         0.00
            43    205         2.62         0.22         0.81         1.58         0.00         0.00
            44    242         2.59         0.22         0.82         1.56         0.00         0.00
            45    850         2.59         0.22         0.82         1.55         0.00         0.00
            46    779         2.62         0.22         0.81         1.58         0.00         0.00
            47    868         2.68         0.21         1.00         1.47         0.00         0.00
            48   1021         2.66         0.23         0.88         1.55         0.00         0.00
            49   1129         2.68         0.21         1.00         1.47         0.00         0.00
            50   1007         2.74         0.23         0.95         1.56         0.00         0.00
            51   1038         2.66         0.23         0.88         1.55         0.00         0.00
            52   1296         2.74         0.23         0.95         1.56         0.00         0.00
            53   1581         2.39         0.21         0.75         1.42         0.00         0.00
            54    203         2.78         0.22         0.80         1.76         0.00         0.00
            55    276         2.39         0.21         0.75         1.42         0.00         0.00
            56   1371         2.80         0.22         0.82         1.76         0.00         0.00
            57   1334         2.84         0.23         0.86         1.76         0.00         0.00
            58    849         2.80         0.22         0.82         1.76         0.00         0.00
            59    790         2.84         0.23         0.86         1.76         0.00         0.00
            60    231         2.96         0.24         1.12         1.59         0.00         0.00
            61   1466         2.96         0.24         1.12         1.59         0.00         0.00
            62    252         2.96         0.24         1.12         1.59         0.00         0.00
            63    168         2.78         0.23         0.99         1.55         0.00         0.00
            64    207         2.78         0.23         0.99         1.55         0.00         0.00
            65   1004         2.96         0.24         1.12         1.59         0.00         0.00
            66   1215         2.87         0.23         0.88         1.76         0.00         0.00
            67   1470         2.87         0.23         0.88         1.76         0.00         0.00
            68    170         2.91         0.23         1.17         1.51         0.00         0.00
            69     79         2.61         0.21         0.95         1.44         0.00         0.00
            70    208         2.83         0.23         1.10         1.50         0.00         0.00
            71    134         2.61         0.21         0.95         1.44         0.00         0.00
            72    210         2.91         0.23         1.17         1.51         0.00         0.00
            73    728         2.83         0.23         1.10         1.50         0.00         0.00
            74   1439         2.68         0.21         0.91         1.55         0.00         0.00
            75   1567         3.01         0.27         1.18         1.56         0.00         0.00
            76    400         3.17         0.27         1.27         1.63         0.00         0.00
            77     69         2.68         0.21         0.91         1.55         0.00         0.00
            78    837         3.01         0.27         1.18         1.56         0.00         0.00
            79    956         3.17         0.27         1.27         1.63         0.00         0.00
            80    789         2.61         0.20         0.83         1.58         0.00         0.00
            81    804         2.79         0.22         1.03         1.54         0.00         0.00
            82    416         2.61         0.20         0.83         1.58         0.00         0.00
            83   1544         3.86         0.20         0.97         2.69         0.00         0.00
            84    534         2.79         0.22         1.03         1.54         0.00         0.00
            85    759         3.86         0.20         0.97         2.69         0.00         0.00
            86    533         3.08         0.27         1.28         1.53         0.00         0.00
            87   1590         3.08         0.27         1.28         1.53         0.00         0.00
            88   1046         2.86         0.25         1.08         1.53         0.00         0.00
            89   1629         2.86         0.25         1.08         1.53         0.00         0.00
            90   1015         2.94         0.25         1.04         1.65         0.00         0.00
            91    690         2.94         0.25         1.04         1.65         0.00         0.00
            92   1598         3.73         0.19         0.83         2.71         0.00         0.00
            93   1075         3.73         0.19         0.83         2.71         0.00         0.00
            94    174         2.87         0.25         0.96         1.66         0.00         0.00
            95    791         3.20         0.27         1.31         1.63         0.00         0.00
            96    553         3.20         0.27         1.31         1.63         0.00         0.00
            97    512         2.87         0.25         0.96         1.66         0.00         0.00
            98    277         4.36         0.24         1.26         2.86         0.00         0.00
            99    559         4.36         0.24         1.27         2.86         0.00         0.00
           100   1312         3.04         0.25         1.27         1.51         0.00         0.00
           101    532         3.04         0.25         1.27         1.51         0.00         0.00
           102   1358         3.29         0.29         1.40         1.60         0.00         0.00
           103   1071         4.36         0.23         1.23         2.91         0.00         0.00
           104   1080         3.29         0.29         1.40         1.60         0.00         0.00
           105   1369         4.37         0.23         1.19         2.94         0.00         0.00
           106   1356         4.05         0.21         1.19         2.65         0.00         0.00
           107    547         4.05         0.21         1.19         2.65         0.00         0.00
           108   1290         4.37         0.23         1.20         2.94         0.00         0.00
           109   1620         4.22         0.23         1.07         2.93         0.00         0.00
           110   1272         4.23         0.22         1.07         2.94         0.00         0.00
           111   1305         4.24         0.22         1.08         2.94         0.00         0.00
           112    264         4.23         0.22         1.07         2.94         0.00         0.00
           113    970         3.85         0.23         1.28         2.33         0.00         0.00
           114   1055         4.24         0.22         1.07         2.94         0.00         0.00
           115   1364         3.85         0.23         1.28         2.34         0.00         0.00
           116   1343         4.42         0.23         1.15         3.05         0.00         0.00
           117    244         4.11         0.20         1.12         2.79         0.00         0.00
           118   1107         4.49         0.24         1.17         3.08         0.00         0.00
           119    840         4.42         0.23         1.15         3.04         0.00         0.00
           120    269         4.49         0.24         1.17         3.08         0.00         0.00
           121    990         4.25         0.21         1.08         2.96         0.00         0.00
           122   1614         4.38         0.23         1.22         2.93         0.00         0.00
           123   1443         3.35         0.18         0.94         2.24         0.00         0.00
           124    835         4.51         0.24         1.21         3.07         0.00         0.00
           125   1602         4.51         0.24         1.21         3.07         0.00         0.00
           126   1072         4.38         0.23         1.22         2.92         0.00         0.00
           127    229         3.35         0.18         0.94         2.24         0.00         0.00
           128    563         4.52         0.25         1.40         2.87         0.00         0.00
           129   1627         4.77         0.28         1.58         2.91         0.00         0.00
           130    218         4.60         0.26         1.46         2.88         0.00         0.00
           131    503         4.60         0.26         1.46         2.88         0.00         0.00
           132   1372         4.43         0.24         1.21         2.98         0.00         0.00
           133   1225         4.69         0.21         1.13         3.35         0.00         0.00
           134    504         4.43         0.24         1.21         2.98         0.00         0.00
           135   1616         4.60         0.24         1.20         3.16         0.00         0.00
           136   1087         4.71         0.21         1.17         3.33         0.00         0.00
           137   1366         4.91         0.28         1.57         3.06         0.00         0.00
           138    212         4.69         0.21         1.13         3.35         0.00         0.00
           139   1240         4.71         0.21         1.17         3.33         0.00         0.00
           140   1057         4.84         0.27         1.56         3.00         0.00         0.00
           141   1241         4.29         0.23         1.38         2.69         0.00         0.00
           142   1603         4.08         0.26         1.37         2.46         0.00         0.00
           143   1275         4.96         0.25         1.24         3.47         0.00         0.00
           144    521         4.61         0.24         1.67         2.70         0.00         0.00
           145   1270         4.61         0.24         1.67         2.70         0.00         0.00
           146    861         4.97         0.25         1.26         3.46         0.00         0.00
           147   1337         4.98         0.25         1.29         3.44         0.00         0.00
           148    545         4.97         0.25         1.26         3.46         0.00         0.00
           149    556         4.98         0.25         1.29         3.45         0.00         0.00
           150    550         4.98         0.25         1.29         3.45         0.00         0.00
           151    818         3.79         0.21         1.12         2.46         0.00         0.00
           152    802         3.79         0.21         1.12         2.46         0.00         0.00
           153    535         4.54         0.27         1.46         2.81         0.00         0.00
           154   1601         4.88         0.27         1.76         2.85         0.00         0.00
           155    254         4.95         0.30         1.88         2.77         0.00         0.00
           156    427         4.84         0.23         1.15         3.46         0.00         0.00
           157    519         4.00         0.22         1.25         2.53         0.00         0.00
           158    284         4.82         0.23         1.21         3.39         0.00         0.00
           159    423         4.84         0.23         1.15         3.46         0.00         0.00
           160   1058         4.59         0.28         1.62         2.70         0.00         0.00
           161   1103         4.30         0.27         1.49         2.55         0.00         0.00
           162    228         4.82         0.23         1.21         3.39         0.00         0.00
           163     73         4.89         0.23         1.25         3.40         0.00         0.00
          ------------------------------------------------------------------------------------------

          Calculating single reference conformer RMSDs ...

          ---------------------------------
          Conformer RMSDs are in Angstroms.
          ---------------------------------

          ------------------------------------------------------------------------------------------
                              RMSD wrt Input Crd                    RMSD wrt Rank 1
                         ---------------------------------------------------------------------------
          Rank    ID        Complex    Receptor  Ligand          Complex    Receptor  Ligand
          ------------------------------------------------------------------------------------------
             1     11                             0.020                               0.000
             2   1250                             1.721                               1.650
             3     37                             0.794                               0.775
             4   1284                             0.656                               0.681
             5    484                             0.657                               0.681
             6   1013                             1.952                               1.996
             7   1246                             1.387                               1.539
             8   1278                             1.378                               1.292
             9    546                             1.156                               1.238
            10   1070                             0.674                               0.692
            11    472                             0.674                               0.692
            12   1545                             1.858                               1.757
            13    781                             1.224                               1.141
            14    951                             1.431                               1.337
            15    489                             1.000                               0.998
            16   1530                             0.715                               0.711
            17   1630                             0.938                               0.711
            18    816                             1.099                               0.996
            19   1216                             0.912                               0.976
            20   1367                             1.537                               0.905
            21   1317                             1.207                               1.064
            22   1257                             1.630                               1.642
            23    827                             1.349                               1.331
            24    441                             0.993                               0.981
            25   1088                             1.787                               1.723
            26    463                             1.799                               1.741
            27    976                             0.952                               0.964
            28   1459                             1.860                               1.483
            29   1490                             1.228                               1.235
            30    975                             0.952                               0.964
            31   1492                             1.027                               1.870
            32    978                             1.049                               1.064
            33    129                             1.792                               2.096
            34   1489                             1.683                               1.757
            35   1341                             1.819                               1.712
            36    248                             1.447                               1.590
            37    952                             1.260                               1.212
            38   1232                             1.745                               2.411
            39   1036                             1.514                               1.460
            40    247                             0.691                               0.705
            41   1093                             0.691                               0.924
            42    422                             1.325                               1.195
            43    205                             1.766                               1.744
            44    242                             1.330                               1.397
            45    850                             1.578                               1.616
            46    779                             1.767                               1.756
            47    868                             1.318                               1.179
            48   1021                             0.959                               0.948
            49   1129                             1.259                               1.271
            50   1007                             2.235                               2.171
            51   1038                             0.959                               0.949
            52   1296                             2.295                               2.251
            53   1581                             1.616                               1.527
            54    203                             1.357                               1.540
            55    276                             1.303                               1.222
            56   1371                             0.920                               1.084
            57   1334                             1.082                               1.324
            58    849                             1.141                               0.930
            59    790                             1.534                               1.401
            60    231                             1.987                               1.972
            61   1466                             1.769                               1.790
            62    252                             2.052                               1.940
            63    168                             1.229                               1.115
            64    207                             1.498                               1.544
            65   1004                             1.796                               1.779
            66   1215                             0.932                               0.939
            67   1470                             1.067                               1.072
            68    170                             1.728                               1.592
            69     79                             2.123                               2.151
            70    208                             1.214                               1.299
            71    134                             2.186                               1.988
            72    210                             1.833                               1.961
            73    728                             1.424                               1.491
            74   1439                             1.242                               1.255
            75   1567                             2.087                               2.067
            76    400                             2.208                               1.982
            77     69                             1.129                               1.146
            78    837                             1.955                               2.103
            79    956                             2.139                               2.139
            80    789                             1.995                               2.167
            81    804                             1.614                               1.780
            82    416                             2.097                               2.040
            83   1544                             1.070                               1.077
            84    534                             1.703                               1.922
            85    759                             0.951                               0.966
            86    533                             1.586                               1.525
            87   1590                             1.492                               1.567
            88   1046                             1.832                               1.815
            89   1629                             1.918                               1.819
            90   1015                             1.641                               1.557
            91    690                             1.402                               1.513
            92   1598                             0.968                               0.982
            93   1075                             0.967                               0.982
            94    174                             1.784                               1.883
            95    791                             1.555                               1.632
            96    553                             2.030                               2.042
            97    512                             1.667                               1.632
            98    277                             1.827                               1.558
            99    559                             1.749                               1.663
           100   1312                             1.882                               1.757
           101    532                             1.749                               1.839
           102   1358                             1.879                               1.948
           103   1071                             1.336                               1.346
           104   1080                             2.037                               2.094
           105   1369                             1.686                               1.787
           106   1356                             2.355                               2.307
           107    547                             2.177                               2.193
           108   1290                             1.677                               1.671
           109   1620                             1.567                               1.726
           110   1272                             1.655                               1.704
           111   1305                             2.000                               1.932
           112    264                             1.649                               1.794
           113    970                             2.134                               2.133
           114   1055                             1.814                               2.106
           115   1364                             2.161                               2.119
           116   1343                             1.488                               1.425
           117    244                             2.004                               2.039
           118   1107                             1.647                               1.658
           119    840                             1.550                               1.472
           120    269                             1.714                               1.763
           121    990                             1.914                               2.027
           122   1614                             2.284                               2.039
           123   1443                             1.960                               2.016
           124    835                             2.574                               1.921
           125   1602                             1.798                               2.132
           126   1072                             2.421                               2.043
           127    229                             2.109                               1.872
           128    563                             2.190                               2.211
           129   1627                             1.799                               1.836
           130    218                             1.868                               1.872
           131    503                             1.952                               1.952
           132   1372                             1.791                               1.671
           133   1225                             1.180                               1.194
           134    504                             1.593                               1.781
           135   1616                             1.528                               1.765
           136   1087                             1.057                               1.051
           137   1366                             2.110                               2.145
           138    212                             1.295                               1.207
           139   1240                             1.156                               1.051
           140   1057                             1.651                               1.735
           141   1241                             2.274                               2.157
           142   1603                             1.971                               2.051
           143   1275                             1.874                               1.800
           144    521                             2.108                               2.076
           145   1270                             1.914                               2.012
           146    861                             1.705                               1.601
           147   1337                             1.682                               1.626
           148    545                             1.798                               1.542
           149    556                             2.113                               2.127
           150    550                             2.027                               1.922
           151    818                             1.827                               2.077
           152    802                             1.770                               2.012
           153    535                             1.818                               1.710
           154   1601                             2.293                               2.116
           155    254                             2.322                               2.286
           156    427                             1.683                               1.649
           157    519                             1.788                               1.852
           158    284                             1.442                               1.443
           159    423                             1.353                               1.334
           160   1058                             2.195                               1.856
           161   1103                             2.025                               1.983
           162    228                             1.415                               1.457
           163     73                             1.312                               1.420
          ------------------------------------------------------------------------------------------

          --------------------------------
          Final Boltzmann Averaged Data.
          --------------------------------

          -------------------------------------------------------------------
          Results of Boltzmann Averaging Over All  222 Conformers (kcal/mol).
          -------------------------------------------------------------------

          Free Energy                        G              73.8556406900
          Average Potential Energy         < E >            44.0159510042
          Entropy                           -TS             29.8396896857
          -------------------------------------------------------------------

          Average Potential Energy < E > Components.

          < U >                    71.6607464859
          < W(PBSA) >             -49.1064328504
          < H.O. P.E. >            21.4618296448

          Average Solvation Energy < W(PBSA) > Components.

          < PB >                  -51.4036742995
          < SA >                    2.2972414491

          Average Gas Phase Internal Potential Energy < U > Components.

          < Valence >               2.3949246326
          < Coulomb >              68.9093302253
          < VdW >                   0.3564916280

          Average Van der Waals Energy < VdW > Components.

          < VdW6  >                -6.5904002678
          < VdW12 >                 6.9468918958

          Average Bonded Energy < Valence > Components.

          < Bond >                  0.1860659353
          < Angle >                 0.6891821810
          < Pdihed >                1.5196765164
          < Idihed >                0.0000000000
          < Tether >                0.0000000000

          -------------------------------------------------------------------
                        End of VM2 Calculation Results Summary.
          -------------------------------------------------------------------


     Total cpu time for run         42.05 seconds.
                                     0.70 minutes.

     Total wall time for run        42.31 seconds.
                                     0.71 minutes.

     TIME STAMP: VCPack job finished normally : Sunday, August 07, 2022 at 15:50:36
