
     --------------------------------------------------------------------------------
                        Running Program VCPack. Version 2.8

                           VeraChem LLC, PO Box 2206
                           Germantown, MD 20875, U.S.A.

                                Tel. 240-686-0565
                                www.verachem.com
     --------------------------------------------------------------------------------


     Input file          :   CD_guest-6_fast_vm2_rndm.inp

     Output file         :   CD_guest-6_fast_vm2_rndm.out

     Summary output file :   CD_guest-6_fast_vm2_rndm.summary.out

     Executable : /data/comblab/vcCompChem_3b/exe/VC_CompChemPackage_mpi_openmp.exe

     Build date : Aug 13 2021  17:26:49

     This is a multiple processor run.

     MPI processes              :   16
     OpenMP threads per process :   16
     CUDA enabled               :  no

     TIME STAMP: VCPack job started : Sunday, August 07, 2022 at 13:49:14

     --------------------------------------------------------------------------------
                            Basic Calculation Control.
     --------------------------------------------------------------------------------

     Molecular system type                :  host+ligand     

     Calculation type                     :  feprocess       

     Energy potential                     :  mm              

     Post-processing type                 :  none            

     Post-processing energy potential     :  none            

     Time limit in wall clock hours       :  96.00

     Type of conformers to read in        :  ligand  
     Conformer source files(s)            :  guest-6_confgen4.xyz                              

     Use input .crd for complex build     :  no
     Place ligand confs. at input .crd    :  byconfscog
     Use input .crd as start conformer    :  yes

     Formatted output files               :  xyz     
                                          :  pdb     
                                          :  mol2    
                                          :  sdf     
                                          :  xyz     
                                          :  gms     
                                          :  csv     

     Split formatted output files         :  crd     

     Limit conformers in formatted files  :  bycount
     Maximum conformer count              :  1000

     Atoms to include in formatted files  :  all     

     Binary file restart type             :  none


     --------------------------------------------------------------------------------
                            Math Related Control and Set Up.
     --------------------------------------------------------------------------------

     Random number generator seeds :  bywallclock

     Seed 1 :            659845
     Seed 2 :            174533
     Seed 3 :              3081
     Seed 4 :              6258


     --------------------------------------------------------------------------------
                            Basic Molecular System Set Up.
     --------------------------------------------------------------------------------

     ----------------
     Host Data Files.
     ----------------

     Standard crd coordinate file            :  CD.crd
     VeraChem topology file                  :  CD.top
     Standard mol/sdf file                   :  CD.mol

     Total number of host atoms              :       126

     ------------------
     Ligand Data Files.
     ------------------

     Standard crd coordinate file            :  guest-6.crd
     VeraChem topology file                  :  guest-6.top
     Standard mol/sdf file                   :  guest-6.mol

     Total number of ligand atoms            :        13

     Included in this calculation.
     Number of real and live ligand atoms    :        13
     Number of real but fixed ligand atoms   :         0

     Ligand placement method                 :  byreceptorcog

     NOTE: The placement of the ligand redefines the ligand .crd input coordinates.

     Snap ligand to template atoms           :      no

     -------------------------------
     Final Real/Live Set Atom Count.
     -------------------------------

     Total number of real atoms              :       139
     Total number of live atoms              :       139


     --------------------------------------------------------------------------------
                            Generate Initial Molecular Conformations.
     --------------------------------------------------------------------------------

     Conf. Type Read In      File Format       No. of Confs. Read In 
             ligand             xyz                1000

     Mandatory input crd file(s) used for generation of 1 additional conformer.

     From these the total number of starting conformers generated :  1000


     --------------------------------------------------------------------------------
                             Energy Potential Settings.
     --------------------------------------------------------------------------------


     Molecular Mechanics package          :  vchem           

     Quantum Mechanics package            :  none            


     --------------------------------------------------------------------------------
                       Running VfreeE Module. Version 2.8
     --------------------------------------------------------------------------------

          --------------------------------
          Final Individual Conformer Data.
          --------------------------------

          List data for conformers with probability of at least :  0.01 %
          Rankings are with respect to : Free Energy (G)

          ------------------------
          Free Energy: G = E - TS
          ------------------------

          ------------------------------------------------------------------------------------------
          Rank    ID     ln(Zx)    Prob(%)  Sum Prob(%)  Del G        G            E            -TS
          ------------------------------------------------------------------------------------------
             1    493  -1101.04057   32.69    32.69      0.00       482.61       304.92       177.69
             2    309  -1101.05724   32.15    64.84      0.01       482.62       304.61       178.01
             3     41  -1101.69711   16.95    81.79      0.39       483.00       305.67       177.33
             4    644  -1103.48672    2.83    84.62      1.46       484.07       306.27       177.80
             5    948  -1103.53600    2.70    87.32      1.49       484.10       306.66       177.43
             6    650  -1103.59554    2.54    89.86      1.52       484.13       306.64       177.49
             7    111  -1103.65261    2.40    92.25      1.56       484.17       307.19       176.97
             8    925  -1103.88337    1.90    94.16      1.69       484.31       306.03       178.28
             9     21  -1104.21159    1.37    95.53      1.89       484.50       307.35       177.15
            10    750  -1104.58220    0.95    96.48      2.11       484.72       307.37       177.35
            11    589  -1104.69050    0.85    97.33      2.18       484.79       305.25       179.54
            12    666  -1104.82066    0.75    98.07      2.25       484.86       307.64       177.22
            13    402  -1105.79058    0.28    98.36      2.83       485.44       308.28       177.16
            14    502  -1105.85665    0.26    98.62      2.87       485.48       309.99       175.50
            15    480  -1105.96177    0.24    98.86      2.93       485.54       307.99       177.55
            16    896  -1106.23027    0.18    99.04      3.09       485.70       308.27       177.43
            17    825  -1106.23248    0.18    99.22      3.10       485.71       308.38       177.33
            18    102  -1106.58196    0.13    99.35      3.30       485.91       308.53       177.38
            19    893  -1106.75503    0.11    99.46      3.41       486.02       310.92       175.10
            20    698  -1107.24910    0.07    99.52      3.70       486.31       309.49       176.82
            21    331  -1107.29300    0.06    99.59      3.73       486.34       309.45       176.89
            22    165  -1107.40296    0.06    99.64      3.79       486.40       307.01       179.39
            23    789  -1107.66227    0.04    99.69      3.95       486.56       309.71       176.84
            24    103  -1107.70090    0.04    99.73      3.97       486.58       309.04       177.54
            25    357  -1107.76488    0.04    99.77      4.01       486.62       309.22       177.40
            26    513  -1107.85798    0.04    99.80      4.06       486.67       309.73       176.95
            27    557  -1108.19980    0.03    99.83      4.27       486.88       311.79       175.09
            28    642  -1108.39047    0.02    99.85      4.38       486.99       309.99       177.00
            29    144  -1108.48359    0.02    99.87      4.44       487.05       310.72       176.33
            30    307  -1108.54168    0.02    99.89      4.47       487.08       310.39       176.70
            31    194  -1108.76276    0.01    99.90      4.60       487.21       309.55       177.67
            32    757  -1108.91755    0.01    99.91      4.70       487.31       312.53       174.77
            33    403  -1108.97690    0.01    99.93      4.73       487.34       311.87       175.47
            34     91  -1109.11409    0.01    99.94      4.81       487.42       313.22       174.20
          ------------------------------------------------------------------------------------------

          --------------------------------------------------------
          Potential Energy: E = (U+W) + H.O. Equipartion energy
          --------------------------------------------------------

          ------------------------------------------------------------------------------------------
          Rank    ID         E          U+W            U        W(PBSA)          PB           SA
          ------------------------------------------------------------------------------------------
             1    493       304.92       182.41       254.46       -72.05       -78.01         5.96
             2    309       304.61       182.10       254.42       -72.32       -78.30         5.98
             3     41       305.67       183.16       257.74       -74.58       -80.54         5.96
             4    644       306.27       183.75       258.09       -74.34       -80.31         5.97
             5    948       306.66       184.15       260.66       -76.51       -82.48         5.97
             6    650       306.64       184.13       255.25       -71.12       -77.03         5.91
             7    111       307.19       184.68       256.99       -72.30       -78.30         6.00
             8    925       306.03       183.51       256.49       -72.98       -78.96         5.99
             9     21       307.35       184.84       259.23       -74.39       -80.37         5.97
            10    750       307.37       184.86       261.61       -76.75       -82.68         5.93
            11    589       305.25       182.74       255.66       -72.92       -78.89         5.97
            12    666       307.64       185.13       258.77       -73.64       -79.63         5.99
            13    402       308.28       185.77       258.92       -73.15       -79.08         5.93
            14    502       309.99       187.47       264.52       -77.04       -82.98         5.93
            15    480       307.99       185.48       262.52       -77.04       -82.99         5.95
            16    896       308.27       185.76       261.02       -75.26       -81.21         5.95
            17    825       308.38       185.86       265.32       -79.46       -85.41         5.96
            18    102       308.53       186.02       259.12       -73.09       -79.06         5.96
            19    893       310.92       188.41       263.56       -75.15       -81.10         5.95
            20    698       309.49       186.98       260.22       -73.24       -79.16         5.92
            21    331       309.45       186.94       257.02       -70.08       -76.02         5.93
            22    165       307.01       184.50       255.77       -71.27       -77.25         5.98
            23    789       309.71       187.20       263.74       -76.54       -82.50         5.96
            24    103       309.04       186.53       258.58       -72.05       -78.01         5.96
            25    357       309.22       186.71       261.93       -75.23       -81.12         5.89
            26    513       309.73       187.22       262.66       -75.44       -81.36         5.92
            27    557       311.79       189.28       266.61       -77.33       -83.26         5.93
            28    642       309.99       187.48       259.72       -72.24       -78.15         5.92
            29    144       310.72       188.21       266.70       -78.50       -84.45         5.95
            30    307       310.39       187.88       261.41       -73.54       -79.54         6.01
            31    194       309.55       187.04       259.98       -72.95       -78.91         5.96
            32    757       312.53       190.02       270.38       -80.35       -86.33         5.97
            33    403       311.87       189.36       262.51       -73.15       -79.10         5.95
            34     91       313.22       190.71       274.47       -83.76       -89.80         6.04
          ------------------------------------------------------------------------------------------

          ----------------------------------------
          Gas Phase Internal Potential Energy: U
          ----------------------------------------

          ------------------------------------------------------------------------------------------
          Rank    ID         U         Valence     Coulomb        VdW         VdW6        VdW12
          ------------------------------------------------------------------------------------------
             1    493       254.46       149.95       126.92       -22.42      -179.47       157.05
             2    309       254.42       149.19       127.44       -22.21      -178.95       156.74
             3     41       257.74       150.40       129.11       -21.76      -177.76       156.00
             4    644       258.09       150.70       129.84       -22.45      -179.29       156.84
             5    948       260.66       151.89       130.52       -21.75      -178.78       157.03
             6    650       255.25       150.46       127.52       -22.73      -179.45       156.72
             7    111       256.99       150.74       127.82       -21.58      -177.69       156.11
             8    925       256.49       151.64       124.08       -19.23      -178.29       159.06
             9     21       259.23       151.74       127.79       -20.30      -177.26       156.96
            10    750       261.61       149.36       134.98       -22.73      -178.69       155.97
            11    589       255.66       150.36       125.75       -20.46      -181.96       161.50
            12    666       258.77       151.12       129.68       -22.03      -177.76       155.73
            13    402       258.92       149.32       133.07       -23.47      -177.92       154.45
            14    502       264.52       152.54       133.02       -21.05      -172.83       151.79
            15    480       262.52       152.64       131.99       -22.11      -178.50       156.40
            16    896       261.02       152.38       130.62       -21.99      -178.77       156.78
            17    825       265.32       148.57       138.42       -21.67      -177.44       155.77
            18    102       259.12       149.15       133.29       -23.32      -177.91       154.59
            19    893       263.56       152.89       134.15       -23.48      -176.09       152.61
            20    698       260.22       150.24       133.97       -23.99      -177.90       153.91
            21    331       257.02       151.77       126.96       -21.71      -178.00       156.29
            22    165       255.77       150.87       125.66       -20.77      -181.95       161.18
            23    789       263.74       151.71       134.54       -22.51      -176.66       154.15
            24    103       258.58       151.56       128.90       -21.88      -178.01       156.13
            25    357       261.93       149.84       135.13       -23.04      -178.75       155.71
            26    513       262.66       155.80       127.76       -20.91      -177.44       156.53
            27    557       266.61       153.31       134.58       -21.28      -172.66       151.39
            28    642       259.72       149.95       133.53       -23.77      -177.88       154.11
            29    144       266.70       151.04       138.15       -22.49      -176.07       153.58
            30    307       261.41       151.61       128.10       -18.29      -172.09       153.79
            31    194       259.98       152.94       127.71       -20.67      -177.25       156.59
            32    757       270.38       153.44       137.77       -20.83      -170.72       149.90
            33    403       262.51       152.01       130.39       -19.88      -172.77       152.89
            34     91       274.47       151.05       146.79       -23.37      -171.51       148.15
          ------------------------------------------------------------------------------------------

          -------------------------------
          Bonded Energy Terms: Valence
          -------------------------------

          ------------------------------------------------------------------------------------------
          Rank    ID     Valence       Bond        Angle         Pdih         Idih       Tether
          ------------------------------------------------------------------------------------------
             1    493       149.95         5.15        15.33       129.46         0.01         0.00
             2    309       149.19         5.09        14.66       129.44         0.01         0.00
             3     41       150.40         5.14        15.46       129.77         0.02         0.00
             4    644       150.70         5.14        15.45       130.11         0.01         0.00
             5    948       151.89         5.17        15.14       131.56         0.01         0.00
             6    650       150.46         5.14        15.67       129.63         0.01         0.00
             7    111       150.74         5.14        15.13       130.47         0.01         0.00
             8    925       151.64         5.42        15.38       130.81         0.03         0.00
             9     21       151.74         5.29        15.72       130.70         0.03         0.00
            10    750       149.36         5.09        15.01       129.25         0.00         0.00
            11    589       150.36         5.50        17.24       127.57         0.06         0.00
            12    666       151.12         5.14        15.84       130.12         0.02         0.00
            13    402       149.32         5.06        15.53       128.73         0.01         0.00
            14    502       152.54         4.94        13.31       134.29         0.00         0.00
            15    480       152.64         5.14        15.34       132.15         0.01         0.00
            16    896       152.38         5.17        15.43       131.77         0.01         0.00
            17    825       148.57         5.11        15.02       128.44         0.00         0.00
            18    102       149.15         5.08        15.57       128.49         0.00         0.00
            19    893       152.89         4.90        14.75       133.19         0.04         0.00
            20    698       150.24         5.02        15.63       129.59         0.00         0.00
            21    331       151.77         5.15        15.50       131.12         0.00         0.00
            22    165       150.87         5.48        17.50       127.84         0.06         0.00
            23    789       151.71         4.96        15.38       131.33         0.06         0.00
            24    103       151.56         5.15        15.54       130.86         0.01         0.00
            25    357       149.84         5.09        15.31       129.45         0.00         0.00
            26    513       155.80         5.13        14.97       135.66         0.05         0.00
            27    557       153.31         4.94        13.63       134.74         0.00         0.00
            28    642       149.95         5.05        15.80       129.10         0.00         0.00
            29    144       151.04         4.98        14.30       131.76         0.01         0.00
            30    307       151.61         5.10        15.08       131.37         0.05         0.00
            31    194       152.94         5.32        16.01       131.58         0.03         0.00
            32    757       153.44         4.90        13.70       134.83         0.00         0.00
            33    403       152.01         4.99        15.10       131.85         0.06         0.00
            34     91       151.05         4.75        13.96       132.33         0.01         0.00
          ------------------------------------------------------------------------------------------

          Calculating single reference conformer RMSDs ...

          ---------------------------------
          Conformer RMSDs are in Angstroms.
          ---------------------------------

          ------------------------------------------------------------------------------------------
                              RMSD wrt Input Crd                    RMSD wrt Rank 1
                         ---------------------------------------------------------------------------
          Rank    ID        Complex    Receptor  Ligand          Complex    Receptor  Ligand
          ------------------------------------------------------------------------------------------
             1    493         1.890     1.972     0.712           0.000     0.000     0.000
             2    309         2.279     2.356     1.319           2.367     2.441     1.460
             3     41         1.353     1.388     0.945           2.531     2.639     0.991
             4    644         1.859     1.770     2.560           3.009     3.047     2.619
             5    948         1.845     1.785     2.345           1.476     1.375     2.235
             6    650         2.023     2.114     0.646           1.416     1.452     1.001
             7    111         1.411     1.231     2.573           1.036     0.678     2.650
             8    925         1.658     1.544     2.507           1.602     1.472     2.537
             9     21         1.369     1.182     2.548           2.762     2.783     2.550
            10    750         1.889     1.973     0.671           0.276     0.267     0.349
            11    589         2.036     2.094     1.362           0.768     0.717     1.147
            12    666         1.871     1.921     1.301           1.449     1.488     1.009
            13    402         2.394     2.496     0.935           2.753     2.870     1.105
            14    502         1.462     1.196     2.999           1.126     0.723     2.913
            15    480         1.840     1.750     2.550           3.016     3.055     2.608
            16    896         1.789     1.729     2.292           2.796     2.823     2.512
            17    825         1.900     1.956     1.225           1.160     1.181     0.922
            18    102         2.317     2.413     0.979           1.906     1.974     1.028
            19    893         1.914     1.996     0.754           1.603     1.679     0.383
            20    698         2.428     2.533     0.902           1.905     1.989     0.681
            21    331         1.342     1.130     2.624           1.036     0.657     2.703
            22    165         1.747     1.809     0.953           0.721     0.664     1.133
            23    789         1.806     1.688     2.693           2.450     2.430     2.633
            24    103         1.874     1.744     2.836           2.928     2.956     2.633
            25    357         1.902     1.968     1.058           3.016     3.132     1.469
            26    513         2.028     1.882     3.100           1.829     1.631     3.162
            27    557         1.443     1.200     2.879           1.191     0.851     2.855
            28    642         2.695     2.796     1.386           2.422     2.519     1.104
            29    144         1.754     1.673     2.402           1.764     1.693     2.342
            30    307         1.592     1.078     3.979           2.845     2.695     4.019
            31    194         1.546     1.394     2.595           1.503     1.322     2.687
            32    757         1.657     1.284     3.658           2.282     2.099     3.602
            33    403         1.846     1.511     3.784           2.831     2.707     3.826
            34     91         1.371     1.173     2.601           1.959     1.846     2.827
          ------------------------------------------------------------------------------------------

          --------------------------------
          Final Boltzmann Averaged Data.
          --------------------------------

          -------------------------------------------------------------------
          Results of Boltzmann Averaging Over All   95 Conformers (kcal/mol).
          -------------------------------------------------------------------

          Free Energy                        G             481.9439946167
          Average Potential Energy         < E >           305.3126220580
          Entropy                           -TS            176.6313725587
          -------------------------------------------------------------------

          Average Potential Energy < E > Components.

          < U >                   255.7120461529
          < W(PBSA) >             -72.9102668105
          < H.O. P.E. >           122.5112775555

          Average Solvation Energy < W(PBSA) > Components.

          < PB >                  -78.8768128150
          < SA >                    5.9665460044

          Average Gas Phase Internal Potential Energy < U > Components.

          < Valence >             149.9772689261
          < Coulomb >             127.8364141380
          < VdW >                 -22.1016369112

          Average Van der Waals Energy < VdW > Components.

          < VdW6  >              -178.8496731925
          < VdW12 >               156.7480362813

          Average Bonded Energy < Valence > Components.

          < Bond >                  5.1386082675
          < Angle >                15.1573714532
          < Pdihed >              129.6697468142
          < Idihed >                0.0115423912
          < Tether >                0.0000000000

          -------------------------------------------------------------------
                        End of feprocess Calculation Results Summary.
          -------------------------------------------------------------------


     Total cpu time for run       5023.09 seconds.
                                    83.72 minutes.

     Total wall time for run      2349.42 seconds.
                                    39.16 minutes.

     TIME STAMP: VCPack job finished normally : Sunday, August 07, 2022 at 14:28:23
