
     --------------------------------------------------------------------------------
                        Running Program VCPack. Version 2.8

                           VeraChem LLC, PO Box 2206
                           Germantown, MD 20875, U.S.A.

                                Tel. 240-686-0565
                                www.verachem.com
     --------------------------------------------------------------------------------


     Input file          :   guest-s11_vm2.inp

     Output file         :   guest-s11_vm2.out

     Summary output file :   guest-s11_vm2.summary.out

     Executable : /data/comblab/vcCompChem_3b/exe/VC_CompChemPackage_mpi.exe

     Build date : Aug 13 2021  17:26:14

     This is a multiple processor run.

     MPI processes              :   16
     OpenMP threads per process :    0
     CUDA enabled               :  no

     TIME STAMP: VCPack job started : Sunday, August 07, 2022 at 15:49:41

     --------------------------------------------------------------------------------
                            Basic Calculation Control.
     --------------------------------------------------------------------------------

     Molecular system type                :  ligand          

     Calculation type                     :  vm2             

     Energy potential                     :  mm              

     Post-processing type                 :  none            

     Post-processing energy potential     :  none            

     Time limit in wall clock hours       :  96.00

     Read in starting conformers          :  no
     Type of conformers to read in        :  none
     Conformer source files(s)            :  none

     Use input .crd for complex build     :  no
     Place ligand confs. at input .crd    :  no
     Use input .crd as start conformer    :  yes

     Formatted output files               :  xyz     
                                          :  pdb     
                                          :  mol2    
                                          :  sdf     
                                          :  xyz     
                                          :  gms     
                                          :  csv     

     Split formatted output files         :  crd     

     Limit conformers in formatted files  :  bycount
     Maximum conformer count              :  1000

     Atoms to include in formatted files  :  all     

     Binary file restart type             :  none


     --------------------------------------------------------------------------------
                            Math Related Control and Set Up.
     --------------------------------------------------------------------------------

     Random number generator seeds :  bywallclock

     Seed 1 :           2928425
     Seed 2 :            445073
     Seed 3 :              3108
     Seed 4 :             19643


     --------------------------------------------------------------------------------
                            Basic Molecular System Set Up.
     --------------------------------------------------------------------------------

     ------------------
     Ligand Data Files.
     ------------------

     Standard crd coordinate file            :  guest-s11.crd
     VeraChem topology file                  :  guest-s11.top
     Standard mol/sdf file                   :  guest-s11.mol

     Total number of ligand atoms            :        20

     Included in this calculation.
     Number of real and live ligand atoms    :        20
     Number of real but fixed ligand atoms   :         0

     Ligand placement method                 :  none

     Snap ligand to template atoms           :      no

     -------------------------------
     Final Real/Live Set Atom Count.
     -------------------------------

     Total number of real atoms              :        20
     Total number of live atoms              :        20


     --------------------------------------------------------------------------------
                            Generate Initial Molecular Conformation.
     --------------------------------------------------------------------------------

     Mandatory input crd file(s) used for generation of a single starting conformer.


     --------------------------------------------------------------------------------
                             Energy Potential Settings.
     --------------------------------------------------------------------------------


     Molecular Mechanics package          :  vchem           

     Quantum Mechanics package            :  none            


     --------------------------------------------------------------------------------
                    Running VM2 Mining Minima Module. Version 2.8
     --------------------------------------------------------------------------------

     Iteration    Free Energy G             G Diff            # Conformers     # Diff
        1            26.338549              26.338549              19              19
        2            26.201699              -0.136850              25               6
        3            26.201352              -0.000347              25               0
        4            26.114574              -0.086778              27               2
        5            26.113968              -0.000606              27               0
        6            26.042855              -0.071113              28               1
        7            26.042764              -0.000091              28               0
        8            26.042652              -0.000112              28               0

     VM2 Free Energy converged after    8 iterations.

     Final VM2 Free Energy is      26.042652 Kcal/mol.

          --------------------------------
          Final Individual Conformer Data.
          --------------------------------

          List data for conformers with probability of at least :  0.01 %
          Rankings are with respect to : Free Energy (G)

          ------------------------
          Free Energy: G = E - TS
          ------------------------

          ------------------------------------------------------------------------------------------
          Rank    ID     ln(Zx)    Prob(%)  Sum Prob(%)  Del G        G            E            -TS
          ------------------------------------------------------------------------------------------
             1    371    -79.37485   19.94    19.94      0.00        27.00         4.32        22.69
             2    117    -79.88314   12.00    31.94      0.30        27.31         4.52        22.79
             3    430    -79.95053   11.21    43.15      0.34        27.35         4.56        22.79
             4    602    -80.21570    8.60    51.76      0.50        27.51         4.72        22.78
             5    510    -80.41045    7.08    58.84      0.62        27.62         4.82        22.80
             6    284    -80.42755    6.96    65.80      0.63        27.63         4.83        22.80
             7    427    -80.88239    4.42    70.21      0.90        27.90         5.02        22.88
             8    542    -80.88983    4.38    74.60      0.90        27.91         5.00        22.91
             9    569    -80.92880    4.22    78.81      0.93        27.93         5.02        22.91
            10    268    -81.10960    3.52    82.33      1.03        28.04         5.02        23.01
            11    140    -81.12171    3.48    85.81      1.04        28.05         5.16        22.88
            12    465    -81.14241    3.41    89.21      1.05        28.06         5.09        22.97
            13    342    -81.14983    3.38    92.59      1.06        28.06         5.05        23.01
            14    269    -81.15567    3.36    95.95      1.06        28.07         5.10        22.97
            15     90    -81.93037    1.55    97.50      1.52        28.53         5.31        23.22
            16    317    -81.99813    1.45    98.95      1.56        28.57         5.35        23.22
            17    557    -83.79718    0.24    99.19      2.64        29.64         6.96        22.68
            18    138    -83.84850    0.23    99.42      2.67        29.67         6.99        22.69
            19    289    -84.28374    0.15    99.56      2.93        29.93         7.13        22.80
            20    558    -84.28703    0.15    99.71      2.93        29.93         7.13        22.80
            21    128    -84.78658    0.09    99.80      3.23        30.23         7.24        22.99
            22    225    -84.83375    0.08    99.89      3.25        30.26         7.27        22.99
            23    457    -85.54618    0.04    99.93      3.68        30.68         7.49        23.19
            24    560    -85.74929    0.03    99.96      3.80        30.80         7.62        23.19
            25    112    -86.29232    0.02    99.98      4.12        31.13         7.72        23.40
            26    472    -86.40868    0.02   100.00      4.19        31.20         7.79        23.40
          ------------------------------------------------------------------------------------------

          --------------------------------------------------------
          Potential Energy: E = (U+W) + H.O. Equipartion energy
          --------------------------------------------------------

          ------------------------------------------------------------------------------------------
          Rank    ID         E          U+W            U        W(PBSA)          PB           SA
          ------------------------------------------------------------------------------------------
             1    371         4.32       -11.78        45.77       -57.55       -59.51         1.96
             2    117         4.52       -11.58        46.42       -58.00       -59.94         1.94
             3    430         4.56       -11.54        46.42       -57.96       -59.89         1.93
             4    602         4.72       -11.38        46.51       -57.88       -59.81         1.93
             5    510         4.82       -11.27        46.49       -57.76       -59.71         1.95
             6    284         4.83       -11.26        46.49       -57.75       -59.69         1.94
             7    427         5.02       -11.08        47.08       -58.15       -60.05         1.90
             8    542         5.00       -11.10        47.05       -58.15       -60.06         1.92
             9    569         5.02       -11.07        47.05       -58.12       -60.04         1.91
            10    268         5.02       -11.07        47.08       -58.15       -60.06         1.91
            11    140         5.16       -10.93        47.08       -58.01       -59.92         1.90
            12    465         5.09       -11.01        47.13       -58.13       -60.04         1.91
            13    342         5.05       -11.05        47.08       -58.13       -60.03         1.90
            14    269         5.10       -11.00        47.13       -58.12       -60.04         1.91
            15     90         5.31       -10.79        47.56       -58.35       -60.22         1.88
            16    317         5.35       -10.75        47.56       -58.31       -60.18         1.88
            17    557         6.96        -9.14        48.92       -58.06       -59.98         1.92
            18    138         6.99        -9.11        48.92       -58.03       -59.94         1.91
            19    289         7.13        -8.97        49.22       -58.19       -60.09         1.90
            20    558         7.13        -8.97        49.22       -58.18       -60.06         1.88
            21    128         7.24        -8.86        49.43       -58.29       -60.17         1.88
            22    225         7.27        -8.83        49.43       -58.26       -60.13         1.86
            23    457         7.49        -8.60        49.67       -58.27       -60.12         1.85
            24    560         7.62        -8.48        49.67       -58.15       -60.00         1.85
            25    112         7.72        -8.37        49.57       -57.94       -59.79         1.85
            26    472         7.79        -8.30        49.57       -57.87       -59.72         1.85
          ------------------------------------------------------------------------------------------

          ----------------------------------------
          Gas Phase Internal Potential Energy: U
          ----------------------------------------

          ------------------------------------------------------------------------------------------
          Rank    ID         U         Valence     Coulomb        VdW         VdW6        VdW12
          ------------------------------------------------------------------------------------------
             1    371        45.77         1.30        44.18         0.30        -3.49         3.79
             2    117        46.42         1.41        44.61         0.40        -4.00         4.40
             3    430        46.42         1.41        44.61         0.40        -4.00         4.40
             4    602        46.51         1.61        44.54         0.36        -4.06         4.42
             5    510        46.49         1.81        44.25         0.43        -4.09         4.52
             6    284        46.49         1.81        44.25         0.43        -4.09         4.52
             7    427        47.08         1.94        44.57         0.56        -4.57         5.14
             8    542        47.05         1.91        44.63         0.52        -4.61         5.13
             9    569        47.05         1.91        44.63         0.52        -4.61         5.13
            10    268        47.08         2.04        44.66         0.38        -4.91         5.30
            11    140        47.08         1.94        44.57         0.56        -4.57         5.14
            12    465        47.13         1.70        45.05         0.37        -4.76         5.13
            13    342        47.08         2.04        44.66         0.38        -4.91         5.30
            14    269        47.13         1.70        45.05         0.37        -4.76         5.13
            15     90        47.56         2.15        45.03         0.38        -5.60         5.98
            16    317        47.56         2.15        45.03         0.38        -5.60         5.98
            17    557        48.92         3.79        44.72         0.41        -4.84         5.25
            18    138        48.92         3.79        44.72         0.41        -4.84         5.25
            19    289        49.22         2.93        46.01         0.28        -4.91         5.19
            20    558        49.22         2.93        46.01         0.28        -4.91         5.19
            21    128        49.43         3.80        45.25         0.38        -5.60         5.98
            22    225        49.43         3.80        45.25         0.38        -5.60         5.98
            23    457        49.67         3.95        45.46         0.25        -5.83         6.09
            24    560        49.67         3.95        45.46         0.25        -5.83         6.09
            25    112        49.57         3.37        46.02         0.18        -6.02         6.20
            26    472        49.57         3.37        46.02         0.18        -6.02         6.20
          ------------------------------------------------------------------------------------------

          -------------------------------
          Bonded Energy Terms: Valence
          -------------------------------

          ------------------------------------------------------------------------------------------
          Rank    ID     Valence       Bond        Angle         Pdih         Idih       Tether
          ------------------------------------------------------------------------------------------
             1    371         1.30         0.10         0.38         0.82         0.00         0.00
             2    117         1.41         0.12         0.43         0.86         0.00         0.00
             3    430         1.41         0.12         0.43         0.86         0.00         0.00
             4    602         1.61         0.12         0.52         0.98         0.00         0.00
             5    510         1.81         0.13         0.63         1.05         0.00         0.00
             6    284         1.81         0.13         0.63         1.05         0.00         0.00
             7    427         1.94         0.16         0.70         1.09         0.00         0.00
             8    542         1.91         0.15         0.65         1.10         0.00         0.00
             9    569         1.91         0.15         0.65         1.10         0.00         0.00
            10    268         2.04         0.16         0.86         1.02         0.00         0.00
            11    140         1.94         0.16         0.70         1.09         0.00         0.00
            12    465         1.70         0.14         0.63         0.93         0.00         0.00
            13    342         2.04         0.16         0.86         1.02         0.00         0.00
            14    269         1.70         0.14         0.63         0.93         0.00         0.00
            15     90         2.15         0.19         0.94         1.03         0.00         0.00
            16    317         2.15         0.19         0.94         1.03         0.00         0.00
            17    557         3.79         0.18         1.20         2.41         0.00         0.00
            18    138         3.79         0.18         1.20         2.41         0.00         0.00
            19    289         2.93         0.16         0.97         1.80         0.00         0.00
            20    558         2.93         0.16         0.97         1.80         0.00         0.00
            21    128         3.80         0.20         1.37         2.23         0.00         0.00
            22    225         3.80         0.20         1.37         2.23         0.00         0.00
            23    457         3.95         0.20         1.49         2.25         0.00         0.00
            24    560         3.95         0.20         1.50         2.25         0.00         0.00
            25    112         3.37         0.20         1.44         1.73         0.00         0.00
            26    472         3.37         0.20         1.44         1.73         0.00         0.00
          ------------------------------------------------------------------------------------------

          Calculating single reference conformer RMSDs ...

          ---------------------------------
          Conformer RMSDs are in Angstroms.
          ---------------------------------

          ------------------------------------------------------------------------------------------
                              RMSD wrt Input Crd                    RMSD wrt Rank 1
                         ---------------------------------------------------------------------------
          Rank    ID        Complex    Receptor  Ligand          Complex    Receptor  Ligand
          ------------------------------------------------------------------------------------------
             1    371                             0.015                               0.000
             2    117                             0.748                               0.773
             3    430                             0.747                               1.423
             4    602                             1.011                               1.014
             5    510                             1.341                               1.339
             6    284                             0.873                               0.862
             7    427                             0.972                               0.976
             8    542                             1.743                               1.778
             9    569                             1.819                               1.840
            10    268                             1.613                               1.677
            11    140                             1.705                               1.708
            12    465                             1.997                               2.005
            13    342                             1.409                               1.376
            14    269                             1.188                               1.195
            15     90                             1.490                               1.497
            16    317                             1.552                               1.559
            17    557                             1.347                               1.625
            18    138                             1.452                               1.462
            19    289                             2.081                               1.438
            20    558                             1.951                               1.470
            21    128                             1.810                               1.808
            22    225                             1.838                               1.849
            23    457                             1.954                               1.961
            24    560                             1.938                               1.951
            25    112                             1.781                               1.786
            26    472                             1.781                               1.785
          ------------------------------------------------------------------------------------------

          --------------------------------
          Final Boltzmann Averaged Data.
          --------------------------------

          -------------------------------------------------------------------
          Results of Boltzmann Averaging Over All   28 Conformers (kcal/mol).
          -------------------------------------------------------------------

          Free Energy                        G              26.0426523650
          Average Potential Energy         < E >             4.7566359128
          Entropy                           -TS             21.2860164523
          -------------------------------------------------------------------

          Average Potential Energy < E > Components.

          < U >                    46.5709725760
          < W(PBSA) >             -57.9104523916
          < H.O. P.E. >            16.0963722336

          Average Solvation Energy < W(PBSA) > Components.

          < PB >                  -59.8407483989
          < SA >                    1.9302960073

          Average Gas Phase Internal Potential Energy < U > Components.

          < Valence >               1.6535339354
          < Coulomb >              44.5177255702
          < VdW >                   0.3997130704

          Average Van der Waals Energy < VdW > Components.

          < VdW6  >                -4.1876193546
          < VdW12 >                 4.5873324251

          Average Bonded Energy < Valence > Components.

          < Bond >                  0.1285721258
          < Angle >                 0.5620831113
          < Pdihed >                0.9628786983
          < Idihed >                0.0000000000
          < Tether >                0.0000000000

          -------------------------------------------------------------------
                        End of VM2 Calculation Results Summary.
          -------------------------------------------------------------------


     Total cpu time for run         11.91 seconds.
                                     0.20 minutes.

     Total wall time for run        12.23 seconds.
                                     0.20 minutes.

     TIME STAMP: VCPack job finished normally : Sunday, August 07, 2022 at 15:49:53
