
     --------------------------------------------------------------------------------
                        Running Program VCPack. Version 2.8

                           VeraChem LLC, PO Box 2206
                           Germantown, MD 20875, U.S.A.

                                Tel. 240-686-0565
                                www.verachem.com
     --------------------------------------------------------------------------------


     Input file          :   guest-s16_vm2.inp

     Output file         :   guest-s16_vm2.out

     Summary output file :   guest-s16_vm2.summary.out

     Executable : /data/comblab/vcCompChem_3b/exe/VC_CompChemPackage_mpi.exe

     Build date : Aug 13 2021  17:26:14

     This is a multiple processor run.

     MPI processes              :   16
     OpenMP threads per process :    0
     CUDA enabled               :  no

     TIME STAMP: VCPack job started : Sunday, August 07, 2022 at 15:52:26

     --------------------------------------------------------------------------------
                            Basic Calculation Control.
     --------------------------------------------------------------------------------

     Molecular system type                :  ligand          

     Calculation type                     :  vm2             

     Energy potential                     :  mm              

     Post-processing type                 :  none            

     Post-processing energy potential     :  none            

     Time limit in wall clock hours       :  96.00

     Read in starting conformers          :  no
     Type of conformers to read in        :  none
     Conformer source files(s)            :  none

     Use input .crd for complex build     :  no
     Place ligand confs. at input .crd    :  no
     Use input .crd as start conformer    :  yes

     Formatted output files               :  xyz     
                                          :  pdb     
                                          :  mol2    
                                          :  sdf     
                                          :  xyz     
                                          :  gms     
                                          :  csv     

     Split formatted output files         :  crd     

     Limit conformers in formatted files  :  bycount
     Maximum conformer count              :  1000

     Atoms to include in formatted files  :  all     

     Binary file restart type             :  none


     --------------------------------------------------------------------------------
                            Math Related Control and Set Up.
     --------------------------------------------------------------------------------

     Random number generator seeds :  bywallclock

     Seed 1 :           4579760
     Seed 2 :            465393
     Seed 3 :              3273
     Seed 4 :             20793


     --------------------------------------------------------------------------------
                            Basic Molecular System Set Up.
     --------------------------------------------------------------------------------

     ------------------
     Ligand Data Files.
     ------------------

     Standard crd coordinate file            :  guest-s16.crd
     VeraChem topology file                  :  guest-s16.top
     Standard mol/sdf file                   :  guest-s16.mol

     Total number of ligand atoms            :        13

     Included in this calculation.
     Number of real and live ligand atoms    :        13
     Number of real but fixed ligand atoms   :         0

     Ligand placement method                 :  none

     Snap ligand to template atoms           :      no

     -------------------------------
     Final Real/Live Set Atom Count.
     -------------------------------

     Total number of real atoms              :        13
     Total number of live atoms              :        13


     --------------------------------------------------------------------------------
                            Generate Initial Molecular Conformation.
     --------------------------------------------------------------------------------

     Mandatory input crd file(s) used for generation of a single starting conformer.


     --------------------------------------------------------------------------------
                             Energy Potential Settings.
     --------------------------------------------------------------------------------


     Molecular Mechanics package          :  vchem           

     Quantum Mechanics package            :  none            


     --------------------------------------------------------------------------------
                    Running VM2 Mining Minima Module. Version 2.8
     --------------------------------------------------------------------------------

     Iteration    Free Energy G             G Diff            # Conformers     # Diff
        1            15.907341              15.907341               5               5
        2            15.874948              -0.032393               6               1
        3            15.874942              -0.000006               6               0
        4            15.874932              -0.000010               6               0

     VM2 Free Energy converged after    4 iterations.

     Final VM2 Free Energy is      15.874932 Kcal/mol.

          --------------------------------
          Final Individual Conformer Data.
          --------------------------------

          List data for conformers with probability of at least :  0.01 %
          Rankings are with respect to : Free Energy (G)

          ------------------------
          Free Energy: G = E - TS
          ------------------------

          ------------------------------------------------------------------------------------------
          Rank    ID     ln(Zx)    Prob(%)  Sum Prob(%)  Del G        G            E            -TS
          ------------------------------------------------------------------------------------------
             1     19    -58.41153   32.01    32.01      0.00        16.55         6.69         9.86
             2     90    -58.43019   31.42    63.43      0.01        16.57         6.71         9.86
             3    148    -58.95957   18.51    81.94      0.33        16.88         7.06         9.82
             4    114    -59.86484    7.48    89.42      0.87        17.42         7.53         9.89
             5     93    -60.21138    5.29    94.71      1.07        17.63         7.74         9.89
             6    140    -60.21263    5.29   100.00      1.07        17.63         7.74         9.89
          ------------------------------------------------------------------------------------------

          --------------------------------------------------------
          Potential Energy: E = (U+W) + H.O. Equipartion energy
          --------------------------------------------------------

          ------------------------------------------------------------------------------------------
          Rank    ID         E          U+W            U        W(PBSA)          PB           SA
          ------------------------------------------------------------------------------------------
             1     19         6.69        -3.14        -0.15        -2.99        -4.59         1.60
             2     90         6.71        -3.13        -0.15        -2.98        -4.58         1.60
             3    148         7.06        -2.78        -0.18        -2.59        -4.18         1.59
             4    114         7.53        -2.31         0.04        -2.35        -3.92         1.57
             5     93         7.74        -2.10         0.84        -2.94        -4.53         1.59
             6    140         7.74        -2.10         0.84        -2.94        -4.53         1.58
          ------------------------------------------------------------------------------------------

          ----------------------------------------
          Gas Phase Internal Potential Energy: U
          ----------------------------------------

          ------------------------------------------------------------------------------------------
          Rank    ID         U         Valence     Coulomb        VdW         VdW6        VdW12
          ------------------------------------------------------------------------------------------
             1     19        -0.15         6.33        -7.44         0.95        -2.12         3.07
             2     90        -0.15         6.33        -7.44         0.95        -2.12         3.07
             3    148        -0.18         6.84        -7.92         0.89        -2.17         3.06
             4    114         0.04         7.32        -8.53         1.25        -2.62         3.86
             5     93         0.84         6.74        -7.25         1.35        -2.50         3.85
             6    140         0.84         6.74        -7.25         1.35        -2.50         3.85
          ------------------------------------------------------------------------------------------

          -------------------------------
          Bonded Energy Terms: Valence
          -------------------------------

          ------------------------------------------------------------------------------------------
          Rank    ID     Valence       Bond        Angle         Pdih         Idih       Tether
          ------------------------------------------------------------------------------------------
             1     19         6.33         0.06         0.93         5.34         0.00         0.00
             2     90         6.33         0.06         0.93         5.34         0.00         0.00
             3    148         6.84         0.06         0.92         5.86         0.00         0.00
             4    114         7.32         0.06         0.69         6.57         0.00         0.00
             5     93         6.74         0.06         0.69         5.99         0.00         0.00
             6    140         6.74         0.06         0.69         5.99         0.00         0.00
          ------------------------------------------------------------------------------------------

          Calculating single reference conformer RMSDs ...

          ---------------------------------
          Conformer RMSDs are in Angstroms.
          ---------------------------------

          ------------------------------------------------------------------------------------------
                              RMSD wrt Input Crd                    RMSD wrt Rank 1
                         ---------------------------------------------------------------------------
          Rank    ID        Complex    Receptor  Ligand          Complex    Receptor  Ligand
          ------------------------------------------------------------------------------------------
             1     19                             0.439                               0.000
             2     90                             0.029                               0.445
             3    148                             0.468                               0.452
             4    114                             1.044                               1.275
             5     93                             1.618                               1.232
             6    140                             0.982                               1.462
          ------------------------------------------------------------------------------------------

          --------------------------------
          Final Boltzmann Averaged Data.
          --------------------------------

          -------------------------------------------------------------------
          Results of Boltzmann Averaging Over All    6 Conformers (kcal/mol).
          -------------------------------------------------------------------

          Free Energy                        G              15.8749322757
          Average Potential Energy         < E >             6.9383466261
          Entropy                           -TS              8.9365856497
          -------------------------------------------------------------------

          Average Potential Energy < E > Components.

          < U >                    -0.0395473071
          < W(PBSA) >              -2.8587406444
          < H.O. P.E. >             9.8366719205

          Average Solvation Energy < W(PBSA) > Components.

          < PB >                   -4.4537910589
          < SA >                    1.5950504144

          Average Gas Phase Internal Potential Energy < U > Components.

          < Valence >               6.5435651514
          < Coulomb >              -7.5883564313
          < VdW >                   1.0052439728

          Average Van der Waals Energy < VdW > Components.

          < VdW6  >                -2.2059747526
          < VdW12 >                 3.2112187254

          Average Bonded Energy < Valence > Components.

          < Bond >                  0.0627166589
          < Angle >                 0.8846286634
          < Pdihed >                5.5962198290
          < Idihed >                0.0000000000
          < Tether >                0.0000000000

          -------------------------------------------------------------------
                        End of VM2 Calculation Results Summary.
          -------------------------------------------------------------------


     Total cpu time for run          2.66 seconds.
                                     0.04 minutes.

     Total wall time for run         2.85 seconds.
                                     0.05 minutes.

     TIME STAMP: VCPack job finished normally : Sunday, August 07, 2022 at 15:52:29
