
     --------------------------------------------------------------------------------
                        Running Program VCPack. Version 2.8

                           VeraChem LLC, PO Box 2206
                           Germantown, MD 20875, U.S.A.

                                Tel. 240-686-0565
                                www.verachem.com
     --------------------------------------------------------------------------------


     Input file          :   guest-2_vm2.inp

     Output file         :   guest-2_vm2.out

     Summary output file :   guest-2_vm2.summary.out

     Executable : /data/comblab/vcCompChem_3b/exe/VC_CompChemPackage_mpi.exe

     Build date : Aug 13 2021  17:26:14

     This is a multiple processor run.

     MPI processes              :   16
     OpenMP threads per process :    0
     CUDA enabled               :  no

     TIME STAMP: VCPack job started : Saturday, August 06, 2022 at 17:08:03

     --------------------------------------------------------------------------------
                            Basic Calculation Control.
     --------------------------------------------------------------------------------

     Molecular system type                :  ligand          

     Calculation type                     :  vm2             

     Energy potential                     :  mm              

     Post-processing type                 :  none            

     Post-processing energy potential     :  none            

     Time limit in wall clock hours       :  96.00

     Read in starting conformers          :  no
     Type of conformers to read in        :  none
     Conformer source files(s)            :  none

     Use input .crd for complex build     :  no
     Place ligand confs. at input .crd    :  no
     Use input .crd as start conformer    :  yes

     Formatted output files               :  xyz     
                                          :  pdb     
                                          :  mol2    
                                          :  sdf     
                                          :  xyz     
                                          :  gms     
                                          :  csv     

     Split formatted output files         :  crd     

     Limit conformers in formatted files  :  bycount
     Maximum conformer count              :  1000

     Atoms to include in formatted files  :  all     

     Binary file restart type             :  none


     --------------------------------------------------------------------------------
                            Math Related Control and Set Up.
     --------------------------------------------------------------------------------

     Random number generator seeds :  bywallclock

     Seed 1 :           5951164
     Seed 2 :            488673
     Seed 3 :               610
     Seed 4 :             22097


     --------------------------------------------------------------------------------
                            Basic Molecular System Set Up.
     --------------------------------------------------------------------------------

     ------------------
     Ligand Data Files.
     ------------------

     Standard crd coordinate file            :  guest-2.crd
     VeraChem topology file                  :  guest-2.top
     Standard mol/sdf file                   :  guest-2.mol

     Total number of ligand atoms            :        23

     Included in this calculation.
     Number of real and live ligand atoms    :        23
     Number of real but fixed ligand atoms   :         0

     Ligand placement method                 :  none

     Snap ligand to template atoms           :      no

     -------------------------------
     Final Real/Live Set Atom Count.
     -------------------------------

     Total number of real atoms              :        23
     Total number of live atoms              :        23


     --------------------------------------------------------------------------------
                            Generate Initial Molecular Conformation.
     --------------------------------------------------------------------------------

     Mandatory input crd file(s) used for generation of a single starting conformer.


     --------------------------------------------------------------------------------
                             Energy Potential Settings.
     --------------------------------------------------------------------------------


     Molecular Mechanics package          :  vchem           

     Quantum Mechanics package            :  none            


     --------------------------------------------------------------------------------
                    Running VM2 Mining Minima Module. Version 2.8
     --------------------------------------------------------------------------------

     Iteration    Free Energy G             G Diff            # Conformers     # Diff
        1            37.276624              37.276624              20              20
        2            36.842250              -0.434375              52              32
        3            36.821885              -0.020365              54               2
        4            36.725547              -0.096338              69              15
        5            36.725439              -0.000107              69               0
        6            36.706010              -0.019429              78               9
        7            36.692539              -0.013471              80               2
        8            36.666915              -0.025625              85               5
        9            36.666843              -0.000072              86               1
       10            36.651826              -0.015017              89               3
       11            36.651748              -0.000078              89               0
       12            36.651389              -0.000359              90               1

     VM2 Free Energy converged after   12 iterations.

     Final VM2 Free Energy is      36.651389 Kcal/mol.

          --------------------------------
          Final Individual Conformer Data.
          --------------------------------

          List data for conformers with probability of at least :  0.01 %
          Rankings are with respect to : Free Energy (G)

          ------------------------
          Free Energy: G = E - TS
          ------------------------

          ------------------------------------------------------------------------------------------
          Rank    ID     ln(Zx)    Prob(%)  Sum Prob(%)  Del G        G            E            -TS
          ------------------------------------------------------------------------------------------
             1    803   -101.36064   11.98    11.98      0.00        37.92        10.40        27.52
             2    866   -101.85505    7.31    19.29      0.29        38.21        10.59        27.62
             3   1091   -101.87036    7.20    26.49      0.30        38.22        10.60        27.62
             4    714   -102.13613    5.52    32.01      0.46        38.38        10.76        27.62
             5   1052   -102.24736    4.94    36.94      0.53        38.44        10.83        27.62
             6    948   -102.37870    4.33    41.27      0.61        38.52        10.89        27.63
             7   1122   -102.43797    4.08    45.35      0.64        38.56        10.93        27.63
             8    872   -102.58194    3.53    48.88      0.73        38.64        11.03        27.62
             9   1102   -102.59770    3.48    52.36      0.74        38.65        11.03        27.62
            10    896   -102.83310    2.75    55.11      0.88        38.79        11.06        27.73
            11    765   -102.90223    2.56    57.67      0.92        38.84        11.11        27.73
            12    659   -102.93976    2.47    60.14      0.94        38.86        11.13        27.73
            13    756   -102.96120    2.42    62.56      0.95        38.87        11.07        27.80
            14    942   -102.96520    2.41    64.97      0.96        38.87        11.14        27.73
            15    478   -102.96886    2.40    67.37      0.96        38.88        11.07        27.80
            16    759   -102.97139    2.39    69.76      0.96        38.88        11.15        27.73
            17    297   -103.02528    2.27    72.03      0.99        38.91        11.18        27.73
            18    839   -103.16134    1.98    74.01      1.07        38.99        11.29        27.70
            19    978   -103.17325    1.96    75.97      1.08        39.00        11.30        27.70
            20    729   -103.21976    1.87    77.83      1.11        39.02        11.29        27.74
            21   1137   -103.22255    1.86    79.69      1.11        39.03        11.29        27.74
            22    139   -103.30000    1.72    81.42      1.16        39.07        11.37        27.70
            23    750   -103.30304    1.72    83.13      1.16        39.07        11.22        27.85
            24    716   -103.33832    1.66    84.79      1.18        39.10        11.24        27.85
            25    188   -103.35308    1.63    86.43      1.19        39.10        11.40        27.70
            26    518   -103.44184    1.50    87.92      1.24        39.16        11.21        27.95
            27    834   -103.58777    1.29    89.21      1.33        39.24        11.30        27.95
            28    571   -103.97735    0.88    90.09      1.56        39.48        11.44        28.04
            29     88   -104.02992    0.83    90.92      1.59        39.51        11.45        28.06
            30    636   -104.04305    0.82    91.74      1.60        39.52        11.63        27.89
            31    378   -104.04719    0.82    92.56      1.60        39.52        11.59        27.93
            32    795   -104.08269    0.79    93.34      1.62        39.54        11.65        27.89
            33   1134   -104.10687    0.77    94.11      1.64        39.55        11.49        28.06
            34    365   -104.15097    0.74    94.85      1.66        39.58        11.54        28.04
            35    466   -104.17478    0.72    95.57      1.68        39.59        11.67        27.93
            36    492   -104.21250    0.69    96.26      1.70        39.62        11.56        28.05
            37    703   -104.27781    0.65    96.91      1.74        39.66        11.60        28.05
            38    441   -104.27904    0.65    97.55      1.74        39.66        11.47        28.18
            39    479   -104.37024    0.59    98.14      1.79        39.71        11.53        28.18
            40   1138   -104.96293    0.33    98.47      2.15        40.06        11.69        28.38
            41    758   -105.02897    0.31    98.78      2.19        40.10        11.73        28.38
            42    882   -106.07733    0.11    98.88      2.81        40.73        13.06        27.66
            43    174   -106.08653    0.11    98.99      2.82        40.73        13.07        27.67
            44   1118   -106.11825    0.10    99.09      2.84        40.75        13.11        27.65
            45    341   -106.19771    0.10    99.19      2.88        40.80        13.15        27.65
            46     79   -106.88589    0.05    99.24      3.29        41.21        13.35        27.86
            47    918   -106.88880    0.05    99.28      3.30        41.21        13.41        27.80
            48    933   -106.98529    0.04    99.33      3.35        41.27        13.41        27.86
            49    349   -107.00774    0.04    99.37      3.37        41.28        13.48        27.80
            50    372   -107.05863    0.04    99.41      3.40        41.31        13.46        27.85
            51   1149   -107.06123    0.04    99.45      3.40        41.31        13.42        27.90
            52    568   -107.15448    0.04    99.49      3.45        41.37        13.52        27.85
            53    757   -107.15625    0.04    99.52      3.46        41.37        13.47        27.90
            54    137   -107.26554    0.03    99.55      3.52        41.44        13.75        27.69
            55    736   -107.27028    0.03    99.59      3.52        41.44        13.75        27.69
            56   1120   -107.34355    0.03    99.62      3.57        41.48        13.15        28.33
            57    572   -107.37413    0.03    99.65      3.59        41.50        13.17        28.33
            58    364   -107.46642    0.03    99.67      3.64        41.56        13.60        27.95
            59     52   -107.48778    0.03    99.70      3.65        41.57        13.58        27.99
            60   1125   -107.56309    0.02    99.72      3.70        41.61        13.63        27.99
            61    510   -107.57708    0.02    99.75      3.71        41.62        13.67        27.95
            62    495   -107.58795    0.02    99.77      3.71        41.63        13.68        27.95
            63    319   -107.66983    0.02    99.79      3.76        41.68        13.72        27.95
            64    860   -107.72855    0.02    99.81      3.80        41.71        13.76        27.95
            65   1022   -107.73983    0.02    99.83      3.80        41.72        13.77        27.95
            66    559   -107.82487    0.02    99.85      3.85        41.77        13.75        28.02
            67    857   -107.85078    0.02    99.87      3.87        41.79        13.89        27.90
            68    664   -107.85810    0.02    99.89      3.87        41.79        13.89        27.89
            69    726   -107.94446    0.02    99.91      3.93        41.84        13.82        28.02
            70   1083   -108.03083    0.02    99.92      3.98        41.89        13.66        28.23
            71    929   -108.28942    0.01    99.93      4.13        42.05        14.15        27.90
            72    511   -108.35600    0.01    99.94      4.17        42.09        14.19        27.90
          ------------------------------------------------------------------------------------------

          --------------------------------------------------------
          Potential Energy: E = (U+W) + H.O. Equipartion energy
          --------------------------------------------------------

          ------------------------------------------------------------------------------------------
          Rank    ID         E          U+W            U        W(PBSA)          PB           SA
          ------------------------------------------------------------------------------------------
             1    803        10.40        -8.38        46.60       -54.99       -57.16         2.18
             2    866        10.59        -8.19        47.29       -55.48       -57.63         2.15
             3   1091        10.60        -8.18        47.29       -55.47       -57.60         2.13
             4    714        10.76        -8.02        47.37       -55.39       -57.54         2.15
             5   1052        10.83        -7.95        47.37       -55.33       -57.49         2.16
             6    948        10.89        -7.89        47.26       -55.15       -57.31         2.16
             7   1122        10.93        -7.85        47.26       -55.11       -57.28         2.17
             8    872        11.03        -7.75        47.56       -55.32       -57.47         2.16
             9   1102        11.03        -7.74        47.56       -55.31       -57.45         2.14
            10    896        11.06        -7.72        47.96       -55.67       -57.79         2.12
            11    765        11.11        -7.67        48.08       -55.76       -57.89         2.14
            12    659        11.13        -7.65        48.11       -55.77       -57.86         2.10
            13    756        11.07        -7.71        48.05       -55.76       -57.87         2.10
            14    942        11.14        -7.64        47.96       -55.60       -57.74         2.14
            15    478        11.07        -7.71        48.05       -55.76       -57.85         2.09
            16    759        11.15        -7.63        48.08       -55.71       -57.84         2.13
            17    297        11.18        -7.60        48.11       -55.72       -57.84         2.12
            18    839        11.29        -7.49        48.04       -55.53       -57.68         2.15
            19    978        11.30        -7.48        48.04       -55.52       -57.65         2.13
            20    729        11.29        -7.49        47.96       -55.45       -57.57         2.12
            21   1137        11.29        -7.49        47.96       -55.45       -57.58         2.13
            22    139        11.37        -7.41        48.05       -55.46       -57.60         2.14
            23    750        11.22        -7.56        48.23       -55.79       -57.90         2.12
            24    716        11.24        -7.54        48.23       -55.77       -57.89         2.12
            25    188        11.40        -7.38        48.05       -55.43       -57.54         2.12
            26    518        11.21        -7.57        48.05       -55.62       -57.72         2.10
            27    834        11.30        -7.48        48.05       -55.53       -57.64         2.10
            28    571        11.44        -7.34        48.50       -55.84       -57.93         2.08
            29     88        11.45        -7.33        48.59       -55.92       -58.01         2.09
            30    636        11.63        -7.15        48.73       -55.88       -57.96         2.08
            31    378        11.59        -7.19        48.78       -55.97       -58.04         2.07
            32    795        11.65        -7.13        48.73       -55.86       -57.94         2.08
            33   1134        11.49        -7.29        48.59       -55.88       -57.96         2.09
            34    365        11.54        -7.24        48.50       -55.74       -57.82         2.08
            35    466        11.67        -7.11        48.78       -55.89       -57.96         2.07
            36    492        11.56        -7.22        48.78       -56.00       -58.05         2.05
            37    703        11.60        -7.18        48.78       -55.96       -58.03         2.07
            38    441        11.47        -7.31        48.64       -55.95       -58.03         2.08
            39    479        11.53        -7.25        48.64       -55.89       -57.96         2.07
            40   1138        11.69        -7.09        48.99       -56.08       -58.12         2.04
            41    758        11.73        -7.05        48.99       -56.04       -58.10         2.06
            42    882        13.06        -5.72        50.17       -55.89       -57.99         2.10
            43    174        13.07        -5.71        50.17       -55.88       -57.98         2.09
            44   1118        13.11        -5.67        50.13       -55.81       -57.92         2.12
            45    341        13.15        -5.63        50.13       -55.76       -57.89         2.13
            46     79        13.35        -5.43        50.25       -55.68       -57.78         2.10
            47    918        13.41        -5.37        50.66       -56.03       -58.11         2.08
            48    933        13.41        -5.37        50.25       -55.62       -57.71         2.09
            49    349        13.48        -5.30        50.66       -55.96       -58.04         2.08
            50    372        13.46        -5.32        50.30       -55.62       -57.72         2.10
            51   1149        13.42        -5.36        50.74       -56.11       -58.19         2.08
            52    568        13.52        -5.26        50.30       -55.56       -57.70         2.13
            53    757        13.47        -5.31        50.74       -56.05       -58.12         2.07
            54    137        13.75        -5.03        50.92       -55.94       -58.03         2.08
            55    736        13.75        -5.03        50.92       -55.94       -58.00         2.06
            56   1120        13.15        -5.63        50.46       -56.09       -58.15         2.07
            57    572        13.17        -5.61        50.46       -56.07       -58.14         2.07
            58    364        13.60        -5.18        50.70       -55.88       -57.96         2.09
            59     52        13.58        -5.20        50.63       -55.82       -57.89         2.07
            60   1125        13.63        -5.15        50.63       -55.78       -57.84         2.06
            61    510        13.67        -5.11        50.70       -55.81       -57.88         2.07
            62    495        13.68        -5.10        50.70       -55.80       -57.87         2.07
            63    319        13.72        -5.05        50.98       -56.03       -58.08         2.05
            64    860        13.76        -5.02        50.98       -56.00       -58.05         2.05
            65   1022        13.77        -5.01        50.70       -55.71       -57.77         2.06
            66    559        13.75        -5.03        51.11       -56.14       -58.24         2.09
            67    857        13.89        -4.89        51.04       -55.92       -57.99         2.06
            68    664        13.89        -4.88        51.04       -55.92       -57.98         2.06
            69    726        13.82        -4.96        51.11       -56.07       -58.13         2.06
            70   1083        13.66        -5.11        51.05       -56.17       -58.21         2.04
            71    929        14.15        -4.63        51.45       -56.08       -58.11         2.03
            72    511        14.19        -4.59        51.45       -56.04       -58.08         2.04
          ------------------------------------------------------------------------------------------

          ----------------------------------------
          Gas Phase Internal Potential Energy: U
          ----------------------------------------

          ------------------------------------------------------------------------------------------
          Rank    ID         U         Valence     Coulomb        VdW         VdW6        VdW12
          ------------------------------------------------------------------------------------------
             1    803        46.60         1.73        44.43         0.44        -4.62         5.07
             2    866        47.29         1.83        44.91         0.55        -5.14         5.69
             3   1091        47.29         1.83        44.91         0.55        -5.14         5.69
             4    714        47.37         2.03        44.84         0.50        -5.22         5.72
             5   1052        47.37         2.03        44.84         0.50        -5.22         5.72
             6    948        47.26         2.23        44.45         0.58        -5.23         5.81
             7   1122        47.26         2.23        44.45         0.58        -5.23         5.81
             8    872        47.56         2.27        44.72         0.57        -5.27         5.83
             9   1102        47.56         2.27        44.72         0.57        -5.27         5.83
            10    896        47.96         2.34        44.94         0.68        -5.76         6.44
            11    765        48.08         2.34        45.07         0.68        -5.77         6.45
            12    659        48.11         2.37        45.09         0.65        -5.80         6.45
            13    756        48.05         2.12        45.43         0.50        -5.94         6.44
            14    942        47.96         2.34        44.94         0.68        -5.76         6.44
            15    478        48.05         2.12        45.43         0.50        -5.94         6.44
            16    759        48.08         2.34        45.07         0.68        -5.77         6.45
            17    297        48.11         2.37        45.09         0.65        -5.80         6.45
            18    839        48.04         2.41        44.93         0.70        -5.76         6.46
            19    978        48.04         2.41        44.93         0.70        -5.76         6.46
            20    729        47.96         2.52        44.82         0.61        -5.84         6.46
            21   1137        47.96         2.52        44.82         0.61        -5.84         6.46
            22    139        48.05         2.58        44.79         0.67        -5.79         6.46
            23    750        48.23         2.50        45.26         0.48        -6.16         6.64
            24    716        48.23         2.50        45.26         0.48        -6.16         6.64
            25    188        48.05         2.58        44.79         0.67        -5.79         6.46
            26    518        48.05         2.69        44.81         0.55        -6.18         6.72
            27    834        48.05         2.69        44.81         0.55        -6.18         6.72
            28    571        48.50         2.82        44.99         0.69        -6.67         7.36
            29     88        48.59         2.60        45.52         0.47        -6.87         7.34
            30    636        48.73         2.67        45.37         0.68        -6.51         7.20
            31    378        48.78         2.60        45.58         0.59        -6.62         7.21
            32    795        48.73         2.67        45.37         0.68        -6.51         7.20
            33   1134        48.59         2.60        45.52         0.47        -6.87         7.34
            34    365        48.50         2.82        44.99         0.69        -6.67         7.36
            35    466        48.78         2.60        45.58         0.59        -6.62         7.21
            36    492        48.78         2.78        45.40         0.60        -6.75         7.35
            37    703        48.78         2.78        45.40         0.60        -6.75         7.35
            38    441        48.64         2.92        45.27         0.45        -7.04         7.49
            39    479        48.64         2.92        45.27         0.45        -7.04         7.49
            40   1138        48.99         3.02        45.51         0.46        -7.73         8.18
            41    758        48.99         3.02        45.51         0.46        -7.73         8.18
            42    882        50.17         3.34        46.42         0.41        -6.12         6.53
            43    174        50.17         3.34        46.42         0.41        -6.12         6.53
            44   1118        50.13         4.28        45.34         0.52        -6.08         6.60
            45    341        50.13         4.28        45.34         0.52        -6.08         6.60
            46     79        50.25         4.70        44.99         0.56        -6.15         6.71
            47    918        50.66         3.78        46.35         0.52        -6.75         7.28
            48    933        50.25         4.70        44.99         0.56        -6.15         6.71
            49    349        50.66         3.78        46.35         0.52        -6.75         7.28
            50    372        50.30         4.72        45.00         0.57        -6.15         6.72
            51   1149        50.74         4.30        45.94         0.50        -6.82         7.33
            52    568        50.30         4.72        45.00         0.57        -6.15         6.72
            53    757        50.74         4.30        45.94         0.50        -6.82         7.33
            54    137        50.92         3.99        46.34         0.59        -6.63         7.22
            55    736        50.92         3.99        46.34         0.59        -6.63         7.22
            56   1120        50.46         4.63        45.56         0.27        -7.36         7.63
            57    572        50.46         4.63        45.56         0.27        -7.36         7.63
            58    364        50.70         4.82        45.21         0.67        -6.66         7.33
            59     52        50.63         4.84        45.10         0.69        -6.66         7.35
            60   1125        50.63         4.84        45.10         0.69        -6.66         7.35
            61    510        50.70         4.82        45.21         0.67        -6.66         7.33
            62    495        50.70         4.88        45.09         0.73        -6.62         7.35
            63    319        50.98         4.79        45.57         0.61        -6.73         7.34
            64    860        50.98         4.79        45.57         0.61        -6.73         7.34
            65   1022        50.70         4.88        45.09         0.73        -6.62         7.35
            66    559        51.11         4.46        46.32         0.34        -7.02         7.36
            67    857        51.04         5.12        45.32         0.60        -6.71         7.30
            68    664        51.04         5.12        45.32         0.60        -6.71         7.30
            69    726        51.11         4.45        46.32         0.34        -7.02         7.36
            70   1083        51.05         5.02        45.79         0.24        -7.35         7.60
            71    929        51.45         5.24        45.55         0.66        -7.39         8.06
            72    511        51.45         5.24        45.55         0.66        -7.39         8.06
          ------------------------------------------------------------------------------------------

          -------------------------------
          Bonded Energy Terms: Valence
          -------------------------------

          ------------------------------------------------------------------------------------------
          Rank    ID     Valence       Bond        Angle         Pdih         Idih       Tether
          ------------------------------------------------------------------------------------------
             1    803         1.73         0.11         0.39         1.23         0.00         0.00
             2    866         1.83         0.13         0.43         1.27         0.00         0.00
             3   1091         1.83         0.13         0.43         1.27         0.00         0.00
             4    714         2.03         0.14         0.51         1.38         0.00         0.00
             5   1052         2.03         0.14         0.51         1.38         0.00         0.00
             6    948         2.23         0.15         0.63         1.46         0.00         0.00
             7   1122         2.23         0.15         0.63         1.46         0.00         0.00
             8    872         2.27         0.15         0.66         1.47         0.00         0.00
             9   1102         2.27         0.15         0.66         1.47         0.00         0.00
            10    896         2.34         0.17         0.67         1.50         0.00         0.00
            11    765         2.34         0.17         0.67         1.50         0.00         0.00
            12    659         2.37         0.17         0.68         1.52         0.00         0.00
            13    756         2.12         0.16         0.63         1.33         0.00         0.00
            14    942         2.34         0.17         0.67         1.50         0.00         0.00
            15    478         2.12         0.16         0.63         1.33         0.00         0.00
            16    759         2.34         0.17         0.67         1.50         0.00         0.00
            17    297         2.37         0.17         0.68         1.52         0.00         0.00
            18    839         2.41         0.18         0.72         1.50         0.00         0.00
            19    978         2.41         0.18         0.72         1.50         0.00         0.00
            20    729         2.52         0.17         0.73         1.62         0.00         0.00
            21   1137         2.52         0.17         0.73         1.62         0.00         0.00
            22    139         2.58         0.18         0.79         1.62         0.00         0.00
            23    750         2.50         0.18         0.89         1.43         0.00         0.00
            24    716         2.50         0.18         0.89         1.43         0.00         0.00
            25    188         2.58         0.18         0.79         1.62         0.00         0.00
            26    518         2.69         0.19         1.04         1.46         0.00         0.00
            27    834         2.69         0.19         1.04         1.46         0.00         0.00
            28    571         2.82         0.22         1.12         1.49         0.00         0.00
            29     88         2.60         0.21         0.96         1.43         0.00         0.00
            30    636         2.67         0.20         0.91         1.55         0.00         0.00
            31    378         2.60         0.20         0.83         1.57         0.00         0.00
            32    795         2.67         0.20         0.91         1.55         0.00         0.00
            33   1134         2.60         0.21         0.96         1.43         0.00         0.00
            34    365         2.82         0.22         1.12         1.49         0.00         0.00
            35    466         2.60         0.20         0.83         1.57         0.00         0.00
            36    492         2.78         0.21         1.04         1.53         0.00         0.00
            37    703         2.78         0.21         1.04         1.53         0.00         0.00
            38    441         2.92         0.22         1.21         1.50         0.00         0.00
            39    479         2.92         0.22         1.21         1.50         0.00         0.00
            40   1138         3.02         0.25         1.28         1.50         0.00         0.00
            41    758         3.02         0.25         1.28         1.50         0.00         0.00
            42    882         3.34         0.17         0.96         2.21         0.00         0.00
            43    174         3.34         0.17         0.96         2.21         0.00         0.00
            44   1118         4.28         0.19         1.13         2.95         0.00         0.00
            45    341         4.28         0.19         1.13         2.96         0.00         0.00
            46     79         4.70         0.20         1.16         3.34         0.00         0.00
            47    918         3.78         0.21         1.14         2.44         0.00         0.00
            48    933         4.70         0.20         1.16         3.34         0.00         0.00
            49    349         3.78         0.21         1.14         2.44         0.00         0.00
            50    372         4.72         0.20         1.20         3.33         0.00         0.00
            51   1149         4.30         0.22         1.35         2.73         0.00         0.00
            52    568         4.72         0.20         1.20         3.32         0.00         0.00
            53    757         4.30         0.22         1.35         2.73         0.00         0.00
            54    137         3.99         0.21         1.27         2.50         0.00         0.00
            55    736         3.99         0.21         1.27         2.50         0.00         0.00
            56   1120         4.63         0.23         1.70         2.70         0.00         0.00
            57    572         4.63         0.22         1.70         2.70         0.00         0.00
            58    364         4.82         0.22         1.22         3.38         0.00         0.00
            59     52         4.84         0.22         1.17         3.45         0.00         0.00
            60   1125         4.84         0.22         1.17         3.45         0.00         0.00
            61    510         4.82         0.22         1.22         3.38         0.00         0.00
            62    495         4.88         0.22         1.26         3.40         0.00         0.00
            63    319         4.79         0.22         1.23         3.34         0.00         0.00
            64    860         4.79         0.22         1.23         3.34         0.00         0.00
            65   1022         4.88         0.22         1.26         3.40         0.00         0.00
            66    559         4.46         0.22         1.45         2.78         0.00         0.00
            67    857         5.12         0.23         1.41         3.47         0.00         0.00
            68    664         5.12         0.23         1.41         3.47         0.00         0.00
            69    726         4.45         0.22         1.45         2.78         0.00         0.00
            70   1083         5.02         0.23         1.63         3.16         0.00         0.00
            71    929         5.24         0.27         1.69         3.28         0.00         0.00
            72    511         5.24         0.27         1.69         3.28         0.00         0.00
          ------------------------------------------------------------------------------------------

          Calculating single reference conformer RMSDs ...

          ---------------------------------
          Conformer RMSDs are in Angstroms.
          ---------------------------------

          ------------------------------------------------------------------------------------------
                              RMSD wrt Input Crd                    RMSD wrt Rank 1
                         ---------------------------------------------------------------------------
          Rank    ID        Complex    Receptor  Ligand          Complex    Receptor  Ligand
          ------------------------------------------------------------------------------------------
             1    803                             0.017                               0.000
             2    866                             1.098                               1.036
             3   1091                             1.594                               1.486
             4    714                             0.715                               0.709
             5   1052                             0.715                               0.709
             6    948                             1.850                               1.813
             7   1122                             1.767                               1.764
             8    872                             0.697                               0.720
             9   1102                             0.697                               0.720
            10    896                             1.152                               1.305
            11    765                             1.491                               1.394
            12    659                             1.036                               1.761
            13    756                             1.845                               1.748
            14    942                             1.466                               1.914
            15    478                             1.461                               1.322
            16    759                             1.471                               1.375
            17    297                             1.116                               1.001
            18    839                             1.006                               0.789
            19    978                             0.791                               1.795
            20    729                             1.032                               1.093
            21   1137                             1.184                               1.085
            22    139                             0.779                               0.905
            23    750                             1.433                               1.065
            24    716                             1.065                               1.065
            25    188                             0.778                               0.898
            26    518                             1.414                               1.561
            27    834                             1.543                               1.371
            28    571                             1.853                               1.950
            29     88                             1.676                               1.461
            30    636                             1.493                               1.706
            31    378                             1.918                               1.942
            32    795                             1.064                               1.892
            33   1134                             1.179                               1.257
            34    365                             1.703                               1.595
            35    466                             2.008                               1.976
            36    492                             1.938                               2.145
            37    703                             2.059                               2.067
            38    441                             1.631                               1.489
            39    479                             1.854                               1.885
            40   1138                             1.950                               1.723
            41    758                             1.709                               1.680
            42    882                             1.452                               1.069
            43    174                             1.070                               1.069
            44   1118                             1.501                               2.242
            45    341                             1.758                               1.454
            46     79                             1.062                               1.064
            47    918                             1.852                               1.851
            48    933                             1.253                               1.064
            49    349                             1.773                               1.829
            50    372                             1.260                               1.059
            51   1149                             2.089                               1.940
            52    568                             1.058                               1.059
            53    757                             2.058                               1.979
            54    137                             2.087                               2.056
            55    736                             1.377                               1.143
            56   1120                             1.957                               1.841
            57    572                             1.966                               1.978
            58    364                             1.522                               1.393
            59     52                             1.367                               1.218
            60   1125                             1.368                               1.331
            61    510                             1.395                               1.445
            62    495                             1.875                               1.810
            63    319                             1.510                               1.591
            64    860                             1.652                               1.723
            65   1022                             1.255                               1.861
            66    559                             1.588                               1.369
            67    857                             1.644                               1.676
            68    664                             2.047                               2.040
            69    726                             1.579                               1.854
            70   1083                             1.831                               1.764
            71    929                             2.045                               1.964
            72    511                             1.962                               2.041
          ------------------------------------------------------------------------------------------

          --------------------------------
          Final Boltzmann Averaged Data.
          --------------------------------

          -------------------------------------------------------------------
          Results of Boltzmann Averaging Over All   90 Conformers (kcal/mol).
          -------------------------------------------------------------------

          Free Energy                        G              36.6513891980
          Average Potential Energy         < E >            10.9964914170
          Entropy                           -TS             25.6548977810
          -------------------------------------------------------------------

          Average Potential Energy < E > Components.

          < U >                    47.6889091235
          < W(PBSA) >             -55.4714834544
          < H.O. P.E. >            18.7791009392

          Average Solvation Energy < W(PBSA) > Components.

          < PB >                  -57.6067687164
          < SA >                    2.1352852620

          Average Gas Phase Internal Potential Energy < U > Components.

          < Valence >               2.2334362855
          < Coulomb >              44.8929378465
          < VdW >                   0.5625349915

          Average Van der Waals Energy < VdW > Components.

          < VdW6  >                -5.5476101876
          < VdW12 >                 6.1101451791

          Average Bonded Energy < Valence > Components.

          < Bond >                  0.1562705237
          < Angle >                 0.6456064955
          < Pdihed >                1.4315592663
          < Idihed >                0.0000000000
          < Tether >                0.0000000000

          -------------------------------------------------------------------
                        End of VM2 Calculation Results Summary.
          -------------------------------------------------------------------


     Total cpu time for run         26.54 seconds.
                                     0.44 minutes.

     Total wall time for run        27.02 seconds.
                                     0.45 minutes.

     TIME STAMP: VCPack job finished normally : Saturday, August 06, 2022 at 17:08:30
