
     --------------------------------------------------------------------------------
                        Running Program VCPack. Version 2.8

                           VeraChem LLC, PO Box 2206
                           Germantown, MD 20875, U.S.A.

                                Tel. 240-686-0565
                                www.verachem.com
     --------------------------------------------------------------------------------


     Input file          :   CD_guest-s11_fast_vm2_rndm.inp

     Output file         :   CD_guest-s11_fast_vm2_rndm.out

     Summary output file :   CD_guest-s11_fast_vm2_rndm.summary.out

     Executable : /data/comblab/vcCompChem_3b/exe/VC_CompChemPackage_mpi_openmp.exe

     Build date : Aug 13 2021  17:26:49

     This is a multiple processor run.

     MPI processes              :   16
     OpenMP threads per process :   16
     CUDA enabled               :  no

     TIME STAMP: VCPack job started : Sunday, August 07, 2022 at 14:28:24

     --------------------------------------------------------------------------------
                            Basic Calculation Control.
     --------------------------------------------------------------------------------

     Molecular system type                :  host+ligand     

     Calculation type                     :  feprocess       

     Energy potential                     :  mm              

     Post-processing type                 :  none            

     Post-processing energy potential     :  none            

     Time limit in wall clock hours       :  96.00

     Type of conformers to read in        :  ligand  
     Conformer source files(s)            :  guest-s11_confgen4.xyz                            

     Use input .crd for complex build     :  no
     Place ligand confs. at input .crd    :  byconfscog
     Use input .crd as start conformer    :  yes

     Formatted output files               :  xyz     
                                          :  pdb     
                                          :  mol2    
                                          :  sdf     
                                          :  xyz     
                                          :  gms     
                                          :  csv     

     Split formatted output files         :  crd     

     Limit conformers in formatted files  :  bycount
     Maximum conformer count              :  1000

     Atoms to include in formatted files  :  all     

     Binary file restart type             :  none


     --------------------------------------------------------------------------------
                            Math Related Control and Set Up.
     --------------------------------------------------------------------------------

     Random number generator seeds :  bywallclock

     Seed 1 :           4159429
     Seed 2 :            272453
     Seed 3 :              1831
     Seed 4 :             11113


     --------------------------------------------------------------------------------
                            Basic Molecular System Set Up.
     --------------------------------------------------------------------------------

     ----------------
     Host Data Files.
     ----------------

     Standard crd coordinate file            :  CD.crd
     VeraChem topology file                  :  CD.top
     Standard mol/sdf file                   :  CD.mol

     Total number of host atoms              :       126

     ------------------
     Ligand Data Files.
     ------------------

     Standard crd coordinate file            :  guest-s11.crd
     VeraChem topology file                  :  guest-s11.top
     Standard mol/sdf file                   :  guest-s11.mol

     Total number of ligand atoms            :        20

     Included in this calculation.
     Number of real and live ligand atoms    :        20
     Number of real but fixed ligand atoms   :         0

     Ligand placement method                 :  byreceptorcog

     NOTE: The placement of the ligand redefines the ligand .crd input coordinates.

     Snap ligand to template atoms           :      no

     -------------------------------
     Final Real/Live Set Atom Count.
     -------------------------------

     Total number of real atoms              :       146
     Total number of live atoms              :       146


     --------------------------------------------------------------------------------
                            Generate Initial Molecular Conformations.
     --------------------------------------------------------------------------------

     Conf. Type Read In      File Format       No. of Confs. Read In 
             ligand             xyz                 992

     Mandatory input crd file(s) used for generation of 1 additional conformer.

     From these the total number of starting conformers generated :   993


     --------------------------------------------------------------------------------
                             Energy Potential Settings.
     --------------------------------------------------------------------------------


     Molecular Mechanics package          :  vchem           

     Quantum Mechanics package            :  none            


     --------------------------------------------------------------------------------
                       Running VfreeE Module. Version 2.8
     --------------------------------------------------------------------------------

          --------------------------------
          Final Individual Conformer Data.
          --------------------------------

          List data for conformers with probability of at least :  0.01 %
          Rankings are with respect to : Free Energy (G)

          ------------------------
          Free Energy: G = E - TS
          ------------------------

          ------------------------------------------------------------------------------------------
          Rank    ID     ln(Zx)    Prob(%)  Sum Prob(%)  Del G        G            E            -TS
          ------------------------------------------------------------------------------------------
             1    545  -1225.55708   37.36    37.36      0.00       557.27       364.94       192.33
             2    837  -1225.97942   24.49    61.85      0.25       557.52       365.71       191.81
             3    497  -1226.62699   12.82    74.66      0.64       557.90       366.35       191.56
             4    897  -1226.92655    9.50    84.16      0.82       558.08       366.01       192.08
             5    136  -1227.08838    8.08    92.24      0.91       558.18       365.42       192.76
             6    517  -1228.25385    2.52    94.76      1.61       558.87       364.45       194.42
             7    903  -1229.02855    1.16    95.92      2.07       559.34       364.93       194.40
             8    373  -1229.17491    1.00    96.92      2.16       559.42       365.05       194.38
             9    355  -1229.46926    0.75    97.67      2.33       559.60       366.88       192.72
            10    282  -1229.65628    0.62    98.29      2.44       559.71       367.67       192.05
            11    153  -1229.89517    0.49    98.78      2.59       559.85       365.63       194.22
            12    487  -1230.46007    0.28    99.06      2.92       560.19       365.83       194.36
            13    385  -1230.84609    0.19    99.25      3.15       560.42       366.20       194.22
            14    249  -1231.13369    0.14    99.39      3.32       560.59       367.70       192.89
            15    398  -1231.14628    0.14    99.53      3.33       560.60       367.03       193.57
            16    761  -1231.20574    0.13    99.66      3.37       560.63       366.51       194.13
            17    474  -1231.82685    0.07    99.73      3.74       561.00       367.74       193.26
            18    218  -1231.96096    0.06    99.79      3.82       561.08       369.33       191.75
            19    424  -1232.39913    0.04    99.83      4.08       561.35       369.28       192.06
            20    838  -1232.78991    0.03    99.86      4.31       561.58       368.47       193.11
            21    919  -1233.55055    0.01    99.87      4.77       562.03       367.87       194.17
          ------------------------------------------------------------------------------------------

          --------------------------------------------------------
          Potential Energy: E = (U+W) + H.O. Equipartion energy
          --------------------------------------------------------

          ------------------------------------------------------------------------------------------
          Rank    ID         E          U+W            U        W(PBSA)          PB           SA
          ------------------------------------------------------------------------------------------
             1    545       364.94       236.16       325.32       -89.16       -95.13         5.97
             2    837       365.71       236.94       329.85       -92.90       -99.03         6.13
             3    497       366.35       237.58       333.88       -96.30      -102.30         6.00
             4    897       366.01       237.24       327.19       -89.95       -95.93         5.98
             5    136       365.42       236.65       325.28       -88.63       -94.64         6.01
             6    517       364.45       235.68       323.44       -87.77       -93.85         6.08
             7    903       364.93       236.16       324.75       -88.58       -94.67         6.08
             8    373       365.05       236.28       323.47       -87.19       -93.30         6.10
             9    355       366.88       238.11       324.32       -86.21       -92.27         6.06
            10    282       367.67       238.89       333.84       -94.95      -101.00         6.05
            11    153       365.63       236.86       325.13       -88.27       -94.28         6.01
            12    487       365.83       237.06       326.29       -89.23       -95.26         6.03
            13    385       366.20       237.43       326.17       -88.74       -94.77         6.03
            14    249       367.70       238.93       334.71       -95.77      -101.79         6.02
            15    398       367.03       238.26       327.95       -89.69       -95.79         6.10
            16    761       366.51       237.74       328.82       -91.08       -97.02         5.94
            17    474       367.74       238.97       328.43       -89.46       -95.46         6.00
            18    218       369.33       240.56       337.26       -96.70      -102.74         6.04
            19    424       369.28       240.51       330.83       -90.32       -96.41         6.09
            20    838       368.47       239.70       328.13       -88.43       -94.48         6.05
            21    919       367.87       239.10       331.08       -91.98       -98.01         6.03
          ------------------------------------------------------------------------------------------

          ----------------------------------------
          Gas Phase Internal Potential Energy: U
          ----------------------------------------

          ------------------------------------------------------------------------------------------
          Rank    ID         U         Valence     Coulomb        VdW         VdW6        VdW12
          ------------------------------------------------------------------------------------------
             1    545       325.32       145.53       203.47       -23.68      -177.46       153.78
             2    837       329.85       146.82       205.89       -22.87      -174.94       152.07
             3    497       333.88       145.33       211.98       -23.44      -173.44       150.00
             4    897       327.19       146.04       204.86       -23.72      -177.52       153.79
             5    136       325.28       145.60       203.89       -24.21      -177.32       153.11
             6    517       323.44       146.83       199.61       -23.00      -178.51       155.51
             7    903       324.75       146.78       201.97       -24.00      -180.08       156.08
             8    373       323.47       146.16       199.57       -22.26      -178.05       155.79
             9    355       324.32       147.64       201.15       -24.47      -178.59       154.12
            10    282       333.84       145.33       213.00       -24.49      -176.28       151.79
            11    153       325.13       145.62       203.11       -23.60      -179.03       155.43
            12    487       326.29       147.42       202.93       -24.07      -180.52       156.45
            13    385       326.17       147.18       201.59       -22.61      -177.69       155.08
            14    249       334.71       145.54       213.06       -23.90      -175.10       151.20
            15    398       327.95       147.40       202.53       -21.98      -177.41       155.43
            16    761       328.82       147.31       206.86       -25.35      -181.36       156.00
            17    474       328.43       148.43       204.11       -24.11      -176.64       152.53
            18    218       337.26       145.75       216.23       -24.72      -175.95       151.23
            19    424       330.83       148.79       205.48       -23.44      -175.63       152.19
            20    838       328.13       148.70       203.22       -23.79      -177.71       153.92
            21    919       331.08       148.64       207.03       -24.60      -180.64       156.04
          ------------------------------------------------------------------------------------------

          -------------------------------
          Bonded Energy Terms: Valence
          -------------------------------

          ------------------------------------------------------------------------------------------
          Rank    ID     Valence       Bond        Angle         Pdih         Idih       Tether
          ------------------------------------------------------------------------------------------
             1    545       145.53         4.79        13.03       127.70         0.00         0.00
             2    837       146.82         4.70        12.21       129.91         0.00         0.00
             3    497       145.33         4.66        12.10       128.58         0.00         0.00
             4    897       146.04         4.79        13.23       128.02         0.00         0.00
             5    136       145.60         4.70        11.56       129.34         0.00         0.00
             6    517       146.83         4.77        12.08       129.97         0.00         0.00
             7    903       146.78         4.83        12.41       129.54         0.00         0.00
             8    373       146.16         4.81        12.15       129.20         0.00         0.00
             9    355       147.64         4.66        12.14       130.84         0.00         0.00
            10    282       145.33         4.68        12.21       128.44         0.00         0.00
            11    153       145.62         4.79        12.46       128.37         0.00         0.00
            12    487       147.42         4.83        12.62       129.98         0.00         0.00
            13    385       147.18         4.82        12.96       129.40         0.00         0.00
            14    249       145.54         4.70        12.20       128.64         0.00         0.00
            15    398       147.40         4.90        12.80       129.70         0.00         0.00
            16    761       147.31         4.73        13.15       129.43         0.00         0.00
            17    474       148.43         4.66        10.93       132.85         0.00         0.00
            18    218       145.75         4.66        12.50       128.58         0.00         0.00
            19    424       148.79         4.64        12.17       131.99         0.00         0.00
            20    838       148.70         4.72        11.69       132.28         0.00         0.00
            21    919       148.64         4.82        12.76       131.07         0.00         0.00
          ------------------------------------------------------------------------------------------

          Calculating single reference conformer RMSDs ...

          ---------------------------------
          Conformer RMSDs are in Angstroms.
          ---------------------------------

          ------------------------------------------------------------------------------------------
                              RMSD wrt Input Crd                    RMSD wrt Rank 1
                         ---------------------------------------------------------------------------
          Rank    ID        Complex    Receptor  Ligand          Complex    Receptor  Ligand
          ------------------------------------------------------------------------------------------
             1    545         2.028     1.934     2.538           0.000     0.000     0.000
             2    837         2.060     1.410     4.298           2.596     2.498     3.145
             3    497         1.574     1.389     2.435           1.381     0.626     3.384
             4    897         1.817     1.589     2.862           0.991     0.649     2.124
             5    136         1.769     1.433     3.147           2.182     2.182     2.182
             6    517         1.976     1.642     3.393           1.898     1.907     1.844
             7    903         1.665     1.524     2.366           2.388     2.353     2.595
             8    373         2.204     2.101     2.766           1.501     1.513     1.425
             9    355         1.806     1.005     4.176           1.467     0.610     3.658
            10    282         1.578     1.397     2.425           1.235     0.572     3.011
            11    153         2.054     2.173     1.020           1.911     1.921     1.841
            12    487         1.965     1.804     2.770           2.362     2.494     1.239
            13    385         1.846     1.400     3.539           1.056     0.442     2.629
            14    249         1.854     1.786     2.236           1.164     0.309     3.047
            15    398         1.828     1.388     3.502           1.362     0.627     3.327
            16    761         1.726     1.395     3.081           0.985     0.702     1.994
            17    474         1.534     1.191     2.873           1.477     1.442     1.681
            18    218         1.587     1.406     2.435           1.239     0.571     3.026
            19    424         2.026     1.340     4.317           2.761     2.616     3.542
            20    838         1.752     1.351     3.304           2.278     2.238     2.515
            21    919         1.609     1.417     2.498           2.857     3.010     1.583
          ------------------------------------------------------------------------------------------

          --------------------------------
          Final Boltzmann Averaged Data.
          --------------------------------

          -------------------------------------------------------------------
          Results of Boltzmann Averaging Over All  537 Conformers (kcal/mol).
          -------------------------------------------------------------------

          Free Energy                        G             556.6801766301
          Average Potential Energy         < E >           365.4992159700
          Entropy                           -TS            191.1809606601
          -------------------------------------------------------------------

          Average Potential Energy < E > Components.

          < U >                   327.7151660042
          < W(PBSA) >             -90.9870315042
          < H.O. P.E. >           128.7709778685

          Average Solvation Energy < W(PBSA) > Components.

          < PB >                  -97.0124999343
          < SA >                    6.0254684302

          Average Gas Phase Internal Potential Energy < U > Components.

          < Valence >             145.9632477087
          < Coulomb >             205.2297830485
          < VdW >                 -23.4778647530

          Average Van der Waals Energy < VdW > Components.

          < VdW6  >              -176.4016182522
          < VdW12 >               152.9237534992

          Average Bonded Energy < Valence > Components.

          < Bond >                  4.7441364278
          < Angle >                12.5483127740
          < Pdihed >              128.6707985069
          < Idihed >                0.0000000000
          < Tether >                0.0000000000

          -------------------------------------------------------------------
                        End of feprocess Calculation Results Summary.
          -------------------------------------------------------------------


     Total cpu time for run       4038.54 seconds.
                                    67.31 minutes.

     Total wall time for run      1902.65 seconds.
                                    31.71 minutes.

     TIME STAMP: VCPack job finished normally : Sunday, August 07, 2022 at 15:00:06
