
     --------------------------------------------------------------------------------
                        Running Program VCPack. Version 2.8

                           VeraChem LLC, PO Box 2206
                           Germantown, MD 20875, U.S.A.

                                Tel. 240-686-0565
                                www.verachem.com
     --------------------------------------------------------------------------------


     Input file          :   guest-4_vm2.inp

     Output file         :   guest-4_vm2.out

     Summary output file :   guest-4_vm2.summary.out

     Executable : /data/comblab/vcCompChem_3b/exe/VC_CompChemPackage_mpi.exe

     Build date : Aug 13 2021  17:26:14

     This is a multiple processor run.

     MPI processes              :   16
     OpenMP threads per process :    0
     CUDA enabled               :  no

     TIME STAMP: VCPack job started : Saturday, August 06, 2022 at 17:08:03

     --------------------------------------------------------------------------------
                            Basic Calculation Control.
     --------------------------------------------------------------------------------

     Molecular system type                :  ligand          

     Calculation type                     :  vm2             

     Energy potential                     :  mm              

     Post-processing type                 :  none            

     Post-processing energy potential     :  none            

     Time limit in wall clock hours       :  96.00

     Read in starting conformers          :  no
     Type of conformers to read in        :  none
     Conformer source files(s)            :  none

     Use input .crd for complex build     :  no
     Place ligand confs. at input .crd    :  no
     Use input .crd as start conformer    :  yes

     Formatted output files               :  xyz     
                                          :  pdb     
                                          :  mol2    
                                          :  sdf     
                                          :  xyz     
                                          :  gms     
                                          :  csv     

     Split formatted output files         :  crd     

     Limit conformers in formatted files  :  bycount
     Maximum conformer count              :  1000

     Atoms to include in formatted files  :  all     

     Binary file restart type             :  none


     --------------------------------------------------------------------------------
                            Math Related Control and Set Up.
     --------------------------------------------------------------------------------

     Random number generator seeds :  bywallclock

     Seed 1 :           5951035
     Seed 2 :            394393
     Seed 3 :               610
     Seed 4 :             17370


     --------------------------------------------------------------------------------
                            Basic Molecular System Set Up.
     --------------------------------------------------------------------------------

     ------------------
     Ligand Data Files.
     ------------------

     Standard crd coordinate file            :  guest-4.crd
     VeraChem topology file                  :  guest-4.top
     Standard mol/sdf file                   :  guest-4.mol

     Total number of ligand atoms            :        16

     Included in this calculation.
     Number of real and live ligand atoms    :        16
     Number of real but fixed ligand atoms   :         0

     Ligand placement method                 :  none

     Snap ligand to template atoms           :      no

     -------------------------------
     Final Real/Live Set Atom Count.
     -------------------------------

     Total number of real atoms              :        16
     Total number of live atoms              :        16


     --------------------------------------------------------------------------------
                            Generate Initial Molecular Conformation.
     --------------------------------------------------------------------------------

     Mandatory input crd file(s) used for generation of a single starting conformer.


     --------------------------------------------------------------------------------
                             Energy Potential Settings.
     --------------------------------------------------------------------------------


     Molecular Mechanics package          :  vchem           

     Quantum Mechanics package            :  none            


     --------------------------------------------------------------------------------
                    Running VM2 Mining Minima Module. Version 2.8
     --------------------------------------------------------------------------------

     Iteration    Free Energy G             G Diff            # Conformers     # Diff
        1            29.612662              29.612662               3               3
        2            29.612566              -0.000097               3               0
        3            29.612566               0.000000               3               0
        4            29.612566               0.000000               3               0

     VM2 Free Energy converged after    4 iterations.

     Final VM2 Free Energy is      29.612566 Kcal/mol.

          --------------------------------
          Final Individual Conformer Data.
          --------------------------------

          List data for conformers with probability of at least :  0.01 %
          Rankings are with respect to : Free Energy (G)

          ------------------------
          Free Energy: G = E - TS
          ------------------------

          ------------------------------------------------------------------------------------------
          Rank    ID     ln(Zx)    Prob(%)  Sum Prob(%)  Del G        G            E            -TS
          ------------------------------------------------------------------------------------------
             1    134    -85.01232   36.24    36.24      0.00        30.22        15.55        14.67
             2     58    -85.04110   35.21    71.44      0.02        30.23        15.56        14.67
             3     20    -85.25041   28.56   100.00      0.14        30.36        15.05        15.31
          ------------------------------------------------------------------------------------------

          --------------------------------------------------------
          Potential Energy: E = (U+W) + H.O. Equipartion energy
          --------------------------------------------------------

          ------------------------------------------------------------------------------------------
          Rank    ID         E          U+W            U        W(PBSA)          PB           SA
          ------------------------------------------------------------------------------------------
             1    134        15.55         3.03         5.89        -2.87        -4.61         1.74
             2     58        15.56         3.04         5.89        -2.85        -4.59         1.74
             3     20        15.05         2.53         4.51        -1.98        -3.71         1.73
          ------------------------------------------------------------------------------------------

          ----------------------------------------
          Gas Phase Internal Potential Energy: U
          ----------------------------------------

          ------------------------------------------------------------------------------------------
          Rank    ID         U         Valence     Coulomb        VdW         VdW6        VdW12
          ------------------------------------------------------------------------------------------
             1    134         5.89        13.78        -8.52         0.63        -3.30         3.93
             2     58         5.89        13.78        -8.52         0.63        -3.30         3.93
             3     20         4.51        14.71       -10.69         0.49        -3.74         4.23
          ------------------------------------------------------------------------------------------

          -------------------------------
          Bonded Energy Terms: Valence
          -------------------------------

          ------------------------------------------------------------------------------------------
          Rank    ID     Valence       Bond        Angle         Pdih         Idih       Tether
          ------------------------------------------------------------------------------------------
             1    134        13.78         0.05         4.03         9.70         0.00         0.00
             2     58        13.78         0.05         4.03         9.70         0.00         0.00
             3     20        14.71         0.07         3.90        10.74         0.00         0.00
          ------------------------------------------------------------------------------------------

          Calculating single reference conformer RMSDs ...

          ---------------------------------
          Conformer RMSDs are in Angstroms.
          ---------------------------------

          ------------------------------------------------------------------------------------------
                              RMSD wrt Input Crd                    RMSD wrt Rank 1
                         ---------------------------------------------------------------------------
          Rank    ID        Complex    Receptor  Ligand          Complex    Receptor  Ligand
          ------------------------------------------------------------------------------------------
             1    134                             0.398                               0.000
             2     58                             1.683                               1.730
             3     20                             1.039                               1.043
          ------------------------------------------------------------------------------------------

          --------------------------------
          Final Boltzmann Averaged Data.
          --------------------------------

          -------------------------------------------------------------------
          Results of Boltzmann Averaging Over All    3 Conformers (kcal/mol).
          -------------------------------------------------------------------

          Free Energy                        G              29.6125657926
          Average Potential Energy         < E >            15.4101200376
          Entropy                           -TS             14.2024457550
          -------------------------------------------------------------------

          Average Potential Energy < E > Components.

          < U >                     5.4980585835
          < W(PBSA) >              -2.6073401404
          < H.O. P.E. >            12.5194006261

          Average Solvation Energy < W(PBSA) > Components.

          < PB >                   -4.3463892984
          < SA >                    1.7390491580

          Average Gas Phase Internal Potential Energy < U > Components.

          < Valence >              14.0445331248
          < Coulomb >              -9.1377243871
          < VdW >                   0.5912498458

          Average Van der Waals Energy < VdW > Components.

          < VdW6  >                -3.4283296142
          < VdW12 >                 4.0195794600

          Average Bonded Energy < Valence > Components.

          < Bond >                  0.0577668084
          < Angle >                 3.9936185464
          < Pdihed >                9.9931477700
          < Idihed >                0.0000000000
          < Tether >                0.0000000000

          -------------------------------------------------------------------
                        End of VM2 Calculation Results Summary.
          -------------------------------------------------------------------


     Total cpu time for run          4.29 seconds.
                                     0.07 minutes.

     Total wall time for run         4.62 seconds.
                                     0.08 minutes.

     TIME STAMP: VCPack job finished normally : Saturday, August 06, 2022 at 17:08:08
