
     --------------------------------------------------------------------------------
                        Running Program VCPack. Version 2.8

                           VeraChem LLC, PO Box 2206
                           Germantown, MD 20875, U.S.A.

                                Tel. 240-686-0565
                                www.verachem.com
     --------------------------------------------------------------------------------


     Input file          :   guest-s10_vm2.inp

     Output file         :   guest-s10_vm2.out

     Summary output file :   guest-s10_vm2.summary.out

     Executable : /data/comblab/vcCompChem_3b/exe/VC_CompChemPackage_mpi.exe

     Build date : Aug 13 2021  17:26:14

     This is a multiple processor run.

     MPI processes              :   16
     OpenMP threads per process :    0
     CUDA enabled               :  no

     TIME STAMP: VCPack job started : Sunday, August 07, 2022 at 15:49:35

     --------------------------------------------------------------------------------
                            Basic Calculation Control.
     --------------------------------------------------------------------------------

     Molecular system type                :  ligand          

     Calculation type                     :  vm2             

     Energy potential                     :  mm              

     Post-processing type                 :  none            

     Post-processing energy potential     :  none            

     Time limit in wall clock hours       :  96.00

     Read in starting conformers          :  no
     Type of conformers to read in        :  none
     Conformer source files(s)            :  none

     Use input .crd for complex build     :  no
     Place ligand confs. at input .crd    :  no
     Use input .crd as start conformer    :  yes

     Formatted output files               :  xyz     
                                          :  pdb     
                                          :  mol2    
                                          :  sdf     
                                          :  xyz     
                                          :  gms     
                                          :  csv     

     Split formatted output files         :  crd     

     Limit conformers in formatted files  :  bycount
     Maximum conformer count              :  1000

     Atoms to include in formatted files  :  all     

     Binary file restart type             :  none


     --------------------------------------------------------------------------------
                            Math Related Control and Set Up.
     --------------------------------------------------------------------------------

     Random number generator seeds :  bywallclock

     Seed 1 :           2873954
     Seed 2 :            442413
     Seed 3 :              3102
     Seed 4 :             20063


     --------------------------------------------------------------------------------
                            Basic Molecular System Set Up.
     --------------------------------------------------------------------------------

     ------------------
     Ligand Data Files.
     ------------------

     Standard crd coordinate file            :  guest-s10.crd
     VeraChem topology file                  :  guest-s10.top
     Standard mol/sdf file                   :  guest-s10.mol

     Total number of ligand atoms            :        20

     Included in this calculation.
     Number of real and live ligand atoms    :        20
     Number of real but fixed ligand atoms   :         0

     Ligand placement method                 :  none

     Snap ligand to template atoms           :      no

     -------------------------------
     Final Real/Live Set Atom Count.
     -------------------------------

     Total number of real atoms              :        20
     Total number of live atoms              :        20


     --------------------------------------------------------------------------------
                            Generate Initial Molecular Conformation.
     --------------------------------------------------------------------------------

     Mandatory input crd file(s) used for generation of a single starting conformer.


     --------------------------------------------------------------------------------
                             Energy Potential Settings.
     --------------------------------------------------------------------------------


     Molecular Mechanics package          :  vchem           

     Quantum Mechanics package            :  none            


     --------------------------------------------------------------------------------
                    Running VM2 Mining Minima Module. Version 2.8
     --------------------------------------------------------------------------------

     Iteration    Free Energy G             G Diff            # Conformers     # Diff
        1             2.172201               2.172201              11              11
        2             2.171448              -0.000753              11               0
        3             2.171447              -0.000001              11               0
        4             2.171320              -0.000127              11               0

     VM2 Free Energy converged after    4 iterations.

     Final VM2 Free Energy is       2.171320 Kcal/mol.

          --------------------------------
          Final Individual Conformer Data.
          --------------------------------

          List data for conformers with probability of at least :  0.01 %
          Rankings are with respect to : Free Energy (G)

          ------------------------
          Free Energy: G = E - TS
          ------------------------

          ------------------------------------------------------------------------------------------
          Rank    ID     ln(Zx)    Prob(%)  Sum Prob(%)  Del G        G            E            -TS
          ------------------------------------------------------------------------------------------
             1    154    -38.61770   40.79    40.79      0.00         2.71       -20.18        22.89
             2    308    -39.41605   18.36    59.14      0.48         3.18       -19.72        22.90
             3     61    -39.56077   15.88    75.03      0.56         3.27       -19.76        23.03
             4    104    -39.72178   13.52    88.55      0.66         3.36       -19.71        23.08
             5    303    -39.99111   10.33    98.88      0.82         3.52       -19.64        23.16
             6    306    -43.25631    0.39    99.27      2.77         5.47       -17.43        22.90
             7    273    -44.02690    0.18    99.45      3.22         5.93       -17.09        23.02
             8    220    -44.05591    0.18    99.63      3.24         5.95       -17.19        23.13
             9    283    -44.14247    0.16    99.79      3.29         6.00       -17.18        23.18
            10    250    -44.19113    0.15    99.95      3.32         6.03       -17.42        23.44
            11    231    -45.30618    0.05   100.00      3.99         6.69       -16.65        23.34
          ------------------------------------------------------------------------------------------

          --------------------------------------------------------
          Potential Energy: E = (U+W) + H.O. Equipartion energy
          --------------------------------------------------------

          ------------------------------------------------------------------------------------------
          Rank    ID         E          U+W            U        W(PBSA)          PB           SA
          ------------------------------------------------------------------------------------------
             1    154       -20.18       -36.28        22.08       -58.36       -60.29         1.93
             2    308       -19.72       -35.82        22.49       -58.31       -60.26         1.95
             3     61       -19.76       -35.86        22.62       -58.48       -60.40         1.92
             4    104       -19.71       -35.81        22.37       -58.18       -60.10         1.92
             5    303       -19.64       -35.73        22.80       -58.53       -60.44         1.90
             6    306       -17.43       -33.53        24.34       -57.87       -59.77         1.90
             7    273       -17.09       -33.18        25.26       -58.44       -60.34         1.90
             8    220       -17.19       -33.28        25.22       -58.51       -60.41         1.90
             9    283       -17.18       -33.28        25.37       -58.64       -60.52         1.87
            10    250       -17.42       -33.51        24.55       -58.06       -59.93         1.87
            11    231       -16.65       -32.75        25.52       -58.27       -60.15         1.88
          ------------------------------------------------------------------------------------------

          ----------------------------------------
          Gas Phase Internal Potential Energy: U
          ----------------------------------------

          ------------------------------------------------------------------------------------------
          Rank    ID         U         Valence     Coulomb        VdW         VdW6        VdW12
          ------------------------------------------------------------------------------------------
             1    154        22.08         1.88        19.56         0.64        -4.48         5.12
             2    308        22.49         2.42        19.30         0.77        -4.63         5.41
             3     61        22.62         2.40        19.46         0.76        -5.07         5.83
             4    104        22.37         2.17        19.64         0.57        -5.26         5.83
             5    303        22.80         2.66        19.48         0.65        -5.46         6.11
             6    306        24.34         3.59        20.07         0.68        -5.47         6.14
             7    273        25.26         4.96        19.51         0.78        -5.43         6.21
             8    220        25.22         4.94        19.47         0.81        -5.46         6.27
             9    283        25.37         4.94        19.66         0.76        -5.87         6.64
            10    250        24.55         3.73        20.22         0.61        -6.40         7.00
            11    231        25.52         4.93        19.83         0.76        -6.20         6.96
          ------------------------------------------------------------------------------------------

          -------------------------------
          Bonded Energy Terms: Valence
          -------------------------------

          ------------------------------------------------------------------------------------------
          Rank    ID     Valence       Bond        Angle         Pdih         Idih       Tether
          ------------------------------------------------------------------------------------------
             1    154         1.88         0.14         0.87         0.88         0.00         0.00
             2    308         2.42         0.15         1.14         1.13         0.00         0.00
             3     61         2.40         0.17         1.21         1.02         0.00         0.00
             4    104         2.17         0.16         1.07         0.94         0.00         0.00
             5    303         2.66         0.17         1.38         1.11         0.00         0.00
             6    306         3.59         0.19         1.56         1.84         0.00         0.00
             7    273         4.96         0.17         1.38         3.41         0.00         0.00
             8    220         4.94         0.20         1.68         3.07         0.00         0.00
             9    283         4.94         0.23         1.86         2.85         0.00         0.00
            10    250         3.73         0.24         2.10         1.39         0.00         0.00
            11    231         4.93         0.25         2.33         2.35         0.00         0.00
          ------------------------------------------------------------------------------------------

          Calculating single reference conformer RMSDs ...

          ---------------------------------
          Conformer RMSDs are in Angstroms.
          ---------------------------------

          ------------------------------------------------------------------------------------------
                              RMSD wrt Input Crd                    RMSD wrt Rank 1
                         ---------------------------------------------------------------------------
          Rank    ID        Complex    Receptor  Ligand          Complex    Receptor  Ligand
          ------------------------------------------------------------------------------------------
             1    154                             0.731                               0.000
             2    308                             0.727                               0.676
             3     61                             0.024                               0.722
             4    104                             1.027                               0.654
             5    303                             0.924                               0.986
             6    306                             1.459                               0.722
             7    273                             1.487                               1.388
             8    220                             0.854                               1.780
             9    283                             0.553                               1.331
            10    250                             0.723                               1.528
            11    231                             0.779                               1.458
          ------------------------------------------------------------------------------------------

          --------------------------------
          Final Boltzmann Averaged Data.
          --------------------------------

          -------------------------------------------------------------------
          Results of Boltzmann Averaging Over All   11 Conformers (kcal/mol).
          -------------------------------------------------------------------

          Free Energy                        G               2.1713203176
          Average Potential Energy         < E >           -19.8770771809
          Entropy                           -TS             22.0483974984
          -------------------------------------------------------------------

          Average Potential Energy < E > Components.

          < U >                    22.3873208989
          < W(PBSA) >             -58.3605152499
          < H.O. P.E. >            16.0963722336

          Average Solvation Energy < W(PBSA) > Components.

          < PB >                  -60.2889274951
          < SA >                    1.9284122451

          Average Gas Phase Internal Potential Energy < U > Components.

          < Valence >               2.2109858372
          < Coulomb >              19.5026968555
          < VdW >                   0.6736382062

          Average Van der Waals Energy < VdW > Components.

          < VdW6  >                -4.8241718971
          < VdW12 >                 5.4978101033

          Average Bonded Energy < Valence > Components.

          < Bond >                  0.1523904970
          < Angle >                 1.0605644149
          < Pdihed >                0.9980309252
          < Idihed >                0.0000000000
          < Tether >                0.0000000000

          -------------------------------------------------------------------
                        End of VM2 Calculation Results Summary.
          -------------------------------------------------------------------


     Total cpu time for run          4.75 seconds.
                                     0.08 minutes.

     Total wall time for run         4.95 seconds.
                                     0.08 minutes.

     TIME STAMP: VCPack job finished normally : Sunday, August 07, 2022 at 15:49:40
