
     --------------------------------------------------------------------------------
                        Running Program VCPack. Version 2.8

                           VeraChem LLC, PO Box 2206
                           Germantown, MD 20875, U.S.A.

                                Tel. 240-686-0565
                                www.verachem.com
     --------------------------------------------------------------------------------


     Input file          :   guest-2_vm2.inp

     Output file         :   guest-2_vm2.out

     Summary output file :   guest-2_vm2.summary.out

     Executable : /data/comblab/vcCompChem_3b/exe/VC_CompChemPackage_mpi.exe

     Build date : Aug 13 2021  17:26:14

     This is a multiple processor run.

     MPI processes              :   16
     OpenMP threads per process :    0
     CUDA enabled               :  no

     TIME STAMP: VCPack job started : Sunday, August 07, 2022 at 15:46:38

     --------------------------------------------------------------------------------
                            Basic Calculation Control.
     --------------------------------------------------------------------------------

     Molecular system type                :  ligand          

     Calculation type                     :  vm2             

     Energy potential                     :  mm              

     Post-processing type                 :  none            

     Post-processing energy potential     :  none            

     Time limit in wall clock hours       :  96.00

     Read in starting conformers          :  no
     Type of conformers to read in        :  none
     Conformer source files(s)            :  none

     Use input .crd for complex build     :  no
     Place ligand confs. at input .crd    :  no
     Use input .crd as start conformer    :  yes

     Formatted output files               :  xyz     
                                          :  pdb     
                                          :  mol2    
                                          :  sdf     
                                          :  xyz     
                                          :  gms     
                                          :  csv     

     Split formatted output files         :  crd     

     Limit conformers in formatted files  :  bycount
     Maximum conformer count              :  1000

     Atoms to include in formatted files  :  all     

     Binary file restart type             :  none


     --------------------------------------------------------------------------------
                            Math Related Control and Set Up.
     --------------------------------------------------------------------------------

     Random number generator seeds :  bywallclock

     Seed 1 :           1103919
     Seed 2 :            419233
     Seed 3 :              2925
     Seed 4 :             18901


     --------------------------------------------------------------------------------
                            Basic Molecular System Set Up.
     --------------------------------------------------------------------------------

     ------------------
     Ligand Data Files.
     ------------------

     Standard crd coordinate file            :  guest-2.crd
     VeraChem topology file                  :  guest-2.top
     Standard mol/sdf file                   :  guest-2.mol

     Total number of ligand atoms            :        23

     Included in this calculation.
     Number of real and live ligand atoms    :        23
     Number of real but fixed ligand atoms   :         0

     Ligand placement method                 :  none

     Snap ligand to template atoms           :      no

     -------------------------------
     Final Real/Live Set Atom Count.
     -------------------------------

     Total number of real atoms              :        23
     Total number of live atoms              :        23


     --------------------------------------------------------------------------------
                            Generate Initial Molecular Conformation.
     --------------------------------------------------------------------------------

     Mandatory input crd file(s) used for generation of a single starting conformer.


     --------------------------------------------------------------------------------
                             Energy Potential Settings.
     --------------------------------------------------------------------------------


     Molecular Mechanics package          :  vchem           

     Quantum Mechanics package            :  none            


     --------------------------------------------------------------------------------
                    Running VM2 Mining Minima Module. Version 2.8
     --------------------------------------------------------------------------------

     Iteration    Free Energy G             G Diff            # Conformers     # Diff
        1            37.349316              37.349316              18              18
        2            36.960990              -0.388326              52              34
        3            36.896195              -0.064795              56               4
        4            36.777052              -0.119143              70              14
        5            36.776623              -0.000429              71               1
        6            36.694214              -0.082409              79               8
        7            36.667921              -0.026293              82               3
        8            36.651986              -0.015935              89               7
        9            36.651810              -0.000176              89               0
       10            36.651342              -0.000469              90               1

     VM2 Free Energy converged after   10 iterations.

     Final VM2 Free Energy is      36.651342 Kcal/mol.

          --------------------------------
          Final Individual Conformer Data.
          --------------------------------

          List data for conformers with probability of at least :  0.01 %
          Rankings are with respect to : Free Energy (G)

          ------------------------
          Free Energy: G = E - TS
          ------------------------

          ------------------------------------------------------------------------------------------
          Rank    ID     ln(Zx)    Prob(%)  Sum Prob(%)  Del G        G            E            -TS
          ------------------------------------------------------------------------------------------
             1    625   -101.36103   11.98    11.98      0.00        37.92        10.40        27.52
             2    674   -101.84697    7.37    19.34      0.29        38.21        10.58        27.62
             3    691   -101.87533    7.16    26.50      0.31        38.22        10.60        27.62
             4    130   -102.13701    5.51    32.02      0.46        38.38        10.76        27.62
             5    654   -102.24948    4.93    36.94      0.53        38.45        10.83        27.62
             6    353   -102.37818    4.33    41.27      0.61        38.52        10.89        27.63
             7    310   -102.43515    4.09    45.36      0.64        38.56        10.93        27.63
             8    132   -102.58228    3.53    48.90      0.73        38.64        11.03        27.62
             9    549   -102.59712    3.48    52.38      0.74        38.65        11.03        27.62
            10    860   -102.83926    2.73    55.11      0.88        38.80        11.06        27.73
            11    295   -102.90476    2.56    57.66      0.92        38.84        11.11        27.73
            12    875   -102.94341    2.46    60.13      0.94        38.86        11.13        27.73
            13    906   -102.95894    2.42    62.55      0.95        38.87        11.13        27.73
            14    905   -102.96021    2.42    64.97      0.95        38.87        11.07        27.80
            15    560   -102.96120    2.42    67.39      0.95        38.87        11.07        27.80
            16    727   -102.97256    2.39    69.78      0.96        38.88        11.15        27.73
            17    869   -103.03356    2.25    72.03      1.00        38.91        11.18        27.73
            18    521   -103.16154    1.98    74.00      1.07        38.99        11.29        27.70
            19    558   -103.17335    1.96    75.96      1.08        39.00        11.30        27.70
            20    122   -103.21956    1.87    77.83      1.11        39.02        11.29        27.74
            21    722   -103.22398    1.86    79.69      1.11        39.03        11.29        27.74
            22    372   -103.30212    1.72    81.40      1.16        39.07        11.37        27.70
            23    500   -103.30256    1.72    83.12      1.16        39.07        11.22        27.85
            24    658   -103.33912    1.66    84.78      1.18        39.10        11.24        27.85
            25    703   -103.34728    1.64    86.42      1.18        39.10        11.40        27.70
            26    517   -103.44185    1.49    87.92      1.24        39.16        11.21        27.95
            27    364   -103.58785    1.29    89.21      1.33        39.24        11.30        27.95
            28    704   -103.97409    0.88    90.09      1.56        39.47        11.44        28.04
            29     76   -104.02950    0.83    90.92      1.59        39.51        11.45        28.06
            30    441   -104.04222    0.82    91.74      1.60        39.51        11.62        27.89
            31    158   -104.04770    0.82    92.55      1.60        39.52        11.59        27.93
            32    824   -104.08070    0.79    93.34      1.62        39.54        11.65        27.89
            33    192   -104.10781    0.77    94.11      1.64        39.55        11.49        28.06
            34    954   -104.14973    0.74    94.85      1.66        39.58        11.54        28.04
            35    700   -104.17189    0.72    95.57      1.68        39.59        11.66        27.93
            36    854   -104.21487    0.69    96.26      1.70        39.62        11.56        28.05
            37    753   -104.27868    0.65    96.91      1.74        39.66        11.60        28.05
            38    245   -104.27885    0.65    97.55      1.74        39.66        11.47        28.18
            39    107   -104.36993    0.59    98.14      1.79        39.71        11.53        28.18
            40    187   -104.96315    0.33    98.47      2.15        40.06        11.69        28.38
            41    106   -105.02912    0.31    98.78      2.19        40.10        11.73        28.38
            42    734   -106.07736    0.11    98.88      2.81        40.73        13.06        27.66
            43    671   -106.08643    0.11    98.99      2.82        40.73        13.07        27.67
            44    343   -106.11894    0.10    99.09      2.84        40.75        13.11        27.65
            45    861   -106.19531    0.10    99.19      2.88        40.80        13.15        27.65
            46    868   -106.88432    0.05    99.24      3.29        41.21        13.41        27.80
            47    462   -106.89971    0.05    99.28      3.30        41.22        13.36        27.86
            48    273   -106.98518    0.04    99.33      3.35        41.27        13.41        27.86
            49    544   -107.00663    0.04    99.37      3.37        41.28        13.48        27.80
            50    686   -107.06511    0.04    99.41      3.40        41.32        13.42        27.90
            51    550   -107.06667    0.04    99.45      3.40        41.32        13.47        27.85
            52    359   -107.15396    0.04    99.48      3.45        41.37        13.52        27.85
            53    134   -107.16554    0.04    99.52      3.46        41.38        13.48        27.90
            54    511   -107.26160    0.03    99.55      3.52        41.43        13.75        27.69
            55    867   -107.26804    0.03    99.59      3.52        41.44        13.75        27.69
            56    172   -107.34322    0.03    99.62      3.57        41.48        13.15        28.33
            57    371   -107.37359    0.03    99.65      3.58        41.50        13.17        28.33
            58    761   -107.46361    0.03    99.67      3.64        41.55        13.60        27.95
            59    283   -107.48775    0.03    99.70      3.65        41.57        13.58        27.99
            60    285   -107.56232    0.02    99.72      3.70        41.61        13.63        27.99
            61    931   -107.57758    0.02    99.75      3.71        41.62        13.67        27.95
            62    111   -107.58799    0.02    99.77      3.71        41.63        13.68        27.95
            63    669   -107.67125    0.02    99.79      3.76        41.68        13.72        27.95
            64    730   -107.72830    0.02    99.81      3.80        41.71        13.76        27.95
            65    456   -107.73954    0.02    99.83      3.80        41.72        13.77        27.95
            66    124   -107.82976    0.02    99.85      3.86        41.77        13.75        28.02
            67    915   -107.85044    0.02    99.87      3.87        41.79        13.89        27.89
            68    666   -107.85457    0.02    99.89      3.87        41.79        13.89        27.89
            69    126   -107.94414    0.02    99.90      3.92        41.84        13.82        28.02
            70    765   -108.03157    0.02    99.92      3.98        41.89        13.66        28.23
            71    880   -108.14917    0.01    99.93      4.05        41.96        13.73        28.23
            72    127   -108.35600    0.01    99.94      4.17        42.09        14.19        27.90
          ------------------------------------------------------------------------------------------

          --------------------------------------------------------
          Potential Energy: E = (U+W) + H.O. Equipartion energy
          --------------------------------------------------------

          ------------------------------------------------------------------------------------------
          Rank    ID         E          U+W            U        W(PBSA)          PB           SA
          ------------------------------------------------------------------------------------------
             1    625        10.40        -8.38        46.60       -54.99       -57.16         2.18
             2    674        10.58        -8.20        47.29       -55.48       -57.63         2.15
             3    691        10.60        -8.18        47.29       -55.47       -57.60         2.13
             4    130        10.76        -8.02        47.37       -55.39       -57.54         2.15
             5    654        10.83        -7.95        47.37       -55.33       -57.49         2.17
             6    353        10.89        -7.89        47.26       -55.15       -57.31         2.16
             7    310        10.93        -7.85        47.26       -55.12       -57.28         2.17
             8    132        11.03        -7.75        47.56       -55.32       -57.47         2.16
             9    549        11.03        -7.74        47.56       -55.31       -57.45         2.14
            10    860        11.06        -7.72        47.96       -55.67       -57.79         2.12
            11    295        11.11        -7.67        48.08       -55.75       -57.89         2.14
            12    875        11.13        -7.65        48.11       -55.76       -57.86         2.10
            13    906        11.13        -7.64        47.96       -55.60       -57.74         2.14
            14    905        11.07        -7.71        48.05       -55.76       -57.86         2.09
            15    560        11.07        -7.71        48.05       -55.76       -57.87         2.10
            16    727        11.15        -7.63        48.08       -55.71       -57.84         2.13
            17    869        11.18        -7.60        48.11       -55.71       -57.83         2.12
            18    521        11.29        -7.49        48.04       -55.53       -57.68         2.15
            19    558        11.30        -7.48        48.04       -55.52       -57.65         2.13
            20    122        11.29        -7.49        47.96       -55.45       -57.57         2.12
            21    722        11.29        -7.49        47.96       -55.45       -57.58         2.13
            22    372        11.37        -7.41        48.05       -55.46       -57.60         2.14
            23    500        11.22        -7.56        48.23       -55.79       -57.90         2.12
            24    658        11.24        -7.54        48.23       -55.77       -57.89         2.12
            25    703        11.40        -7.38        48.05       -55.43       -57.55         2.12
            26    517        11.21        -7.57        48.05       -55.62       -57.72         2.10
            27    364        11.30        -7.48        48.05       -55.53       -57.64         2.10
            28    704        11.44        -7.34        48.50       -55.85       -57.93         2.08
            29     76        11.45        -7.33        48.59       -55.92       -58.01         2.09
            30    441        11.62        -7.15        48.73       -55.88       -57.96         2.08
            31    158        11.59        -7.19        48.78       -55.96       -58.04         2.07
            32    824        11.65        -7.13        48.73       -55.86       -57.94         2.08
            33    192        11.49        -7.29        48.59       -55.88       -57.96         2.09
            34    954        11.54        -7.24        48.50       -55.74       -57.82         2.08
            35    700        11.66        -7.12        48.77       -55.89       -57.96         2.07
            36    854        11.56        -7.22        48.78       -56.00       -58.05         2.05
            37    753        11.60        -7.18        48.78       -55.96       -58.03         2.07
            38    245        11.47        -7.31        48.64       -55.95       -58.03         2.08
            39    107        11.53        -7.25        48.64       -55.89       -57.96         2.07
            40    187        11.69        -7.09        48.99       -56.08       -58.12         2.04
            41    106        11.73        -7.05        48.99       -56.04       -58.10         2.06
            42    734        13.06        -5.72        50.17       -55.89       -57.99         2.10
            43    671        13.07        -5.71        50.17       -55.88       -57.97         2.09
            44    343        13.11        -5.67        50.13       -55.81       -57.92         2.12
            45    861        13.15        -5.63        50.13       -55.76       -57.89         2.13
            46    868        13.41        -5.37        50.66       -56.03       -58.11         2.08
            47    462        13.36        -5.42        50.25       -55.68       -57.77         2.10
            48    273        13.41        -5.37        50.25       -55.62       -57.71         2.09
            49    544        13.48        -5.30        50.66       -55.96       -58.04         2.08
            50    686        13.42        -5.36        50.74       -56.10       -58.19         2.08
            51    550        13.47        -5.31        50.30       -55.62       -57.71         2.10
            52    359        13.52        -5.26        50.30       -55.56       -57.70         2.13
            53    134        13.48        -5.30        50.74       -56.04       -58.11         2.07
            54    511        13.75        -5.03        50.92       -55.95       -58.03         2.08
            55    867        13.75        -5.03        50.92       -55.94       -58.00         2.06
            56    172        13.15        -5.63        50.46       -56.09       -58.15         2.07
            57    371        13.17        -5.61        50.46       -56.07       -58.14         2.07
            58    761        13.60        -5.18        50.70       -55.88       -57.96         2.09
            59    283        13.58        -5.20        50.63       -55.82       -57.89         2.07
            60    285        13.63        -5.15        50.63       -55.78       -57.84         2.06
            61    931        13.67        -5.11        50.70       -55.81       -57.88         2.07
            62    111        13.68        -5.10        50.70       -55.80       -57.87         2.07
            63    669        13.72        -5.05        50.98       -56.03       -58.08         2.05
            64    730        13.76        -5.02        50.97       -55.99       -58.05         2.05
            65    456        13.77        -5.01        50.70       -55.71       -57.77         2.06
            66    124        13.75        -5.03        51.11       -56.14       -58.23         2.09
            67    915        13.89        -4.89        51.04       -55.92       -57.99         2.06
            68    666        13.89        -4.89        51.04       -55.92       -57.98         2.06
            69    126        13.82        -4.96        51.11       -56.07       -58.13         2.06
            70    765        13.66        -5.11        51.05       -56.17       -58.20         2.04
            71    880        13.73        -5.04        51.05       -56.10       -58.13         2.03
            72    127        14.19        -4.59        51.45       -56.04       -58.08         2.04
          ------------------------------------------------------------------------------------------

          ----------------------------------------
          Gas Phase Internal Potential Energy: U
          ----------------------------------------

          ------------------------------------------------------------------------------------------
          Rank    ID         U         Valence     Coulomb        VdW         VdW6        VdW12
          ------------------------------------------------------------------------------------------
             1    625        46.60         1.73        44.43         0.44        -4.62         5.07
             2    674        47.29         1.83        44.91         0.55        -5.14         5.69
             3    691        47.29         1.83        44.91         0.55        -5.14         5.69
             4    130        47.37         2.03        44.84         0.50        -5.22         5.72
             5    654        47.37         2.03        44.84         0.50        -5.22         5.72
             6    353        47.26         2.23        44.45         0.58        -5.23         5.81
             7    310        47.26         2.23        44.45         0.58        -5.23         5.81
             8    132        47.56         2.27        44.72         0.57        -5.27         5.83
             9    549        47.56         2.27        44.72         0.57        -5.27         5.83
            10    860        47.96         2.34        44.94         0.68        -5.76         6.44
            11    295        48.08         2.34        45.07         0.68        -5.77         6.45
            12    875        48.11         2.37        45.09         0.65        -5.80         6.45
            13    906        47.96         2.34        44.94         0.68        -5.76         6.44
            14    905        48.05         2.12        45.43         0.50        -5.94         6.44
            15    560        48.05         2.12        45.43         0.50        -5.94         6.44
            16    727        48.08         2.34        45.07         0.68        -5.77         6.45
            17    869        48.11         2.37        45.09         0.65        -5.80         6.45
            18    521        48.04         2.41        44.93         0.70        -5.76         6.46
            19    558        48.04         2.41        44.93         0.70        -5.76         6.46
            20    122        47.96         2.52        44.82         0.61        -5.84         6.46
            21    722        47.96         2.52        44.82         0.61        -5.84         6.46
            22    372        48.05         2.58        44.79         0.67        -5.79         6.46
            23    500        48.23         2.50        45.26         0.48        -6.16         6.64
            24    658        48.23         2.50        45.26         0.48        -6.16         6.64
            25    703        48.05         2.58        44.79         0.67        -5.79         6.46
            26    517        48.05         2.69        44.81         0.55        -6.18         6.72
            27    364        48.05         2.69        44.81         0.55        -6.18         6.72
            28    704        48.50         2.82        44.99         0.69        -6.67         7.36
            29     76        48.59         2.60        45.52         0.47        -6.87         7.34
            30    441        48.73         2.67        45.37         0.68        -6.51         7.20
            31    158        48.78         2.60        45.58         0.59        -6.62         7.21
            32    824        48.73         2.67        45.37         0.68        -6.51         7.20
            33    192        48.59         2.60        45.52         0.47        -6.87         7.34
            34    954        48.50         2.82        44.99         0.69        -6.67         7.36
            35    700        48.77         2.60        45.58         0.59        -6.62         7.21
            36    854        48.78         2.78        45.40         0.60        -6.75         7.35
            37    753        48.78         2.78        45.40         0.60        -6.75         7.35
            38    245        48.64         2.92        45.27         0.45        -7.04         7.49
            39    107        48.64         2.92        45.27         0.45        -7.04         7.49
            40    187        48.99         3.02        45.51         0.46        -7.73         8.18
            41    106        48.99         3.02        45.51         0.46        -7.73         8.18
            42    734        50.17         3.34        46.42         0.41        -6.12         6.53
            43    671        50.17         3.34        46.42         0.41        -6.12         6.53
            44    343        50.13         4.28        45.34         0.52        -6.08         6.60
            45    861        50.13         4.28        45.34         0.52        -6.08         6.60
            46    868        50.66         3.78        46.35         0.52        -6.75         7.28
            47    462        50.25         4.70        44.99         0.56        -6.15         6.71
            48    273        50.25         4.70        44.99         0.56        -6.15         6.71
            49    544        50.66         3.78        46.35         0.52        -6.75         7.28
            50    686        50.74         4.30        45.94         0.50        -6.82         7.33
            51    550        50.30         4.72        45.00         0.57        -6.15         6.72
            52    359        50.30         4.72        45.00         0.57        -6.15         6.72
            53    134        50.74         4.30        45.94         0.50        -6.82         7.33
            54    511        50.92         3.99        46.34         0.59        -6.63         7.22
            55    867        50.92         3.99        46.34         0.59        -6.63         7.22
            56    172        50.46         4.63        45.56         0.27        -7.36         7.63
            57    371        50.46         4.63        45.56         0.27        -7.36         7.63
            58    761        50.70         4.82        45.21         0.67        -6.66         7.33
            59    283        50.63         4.84        45.10         0.69        -6.66         7.35
            60    285        50.63         4.84        45.10         0.69        -6.66         7.35
            61    931        50.70         4.82        45.21         0.67        -6.66         7.33
            62    111        50.70         4.88        45.09         0.73        -6.62         7.35
            63    669        50.98         4.79        45.57         0.61        -6.73         7.34
            64    730        50.97         4.79        45.57         0.61        -6.73         7.34
            65    456        50.70         4.88        45.09         0.73        -6.62         7.35
            66    124        51.11         4.45        46.32         0.34        -7.02         7.36
            67    915        51.04         5.12        45.32         0.60        -6.71         7.30
            68    666        51.04         5.12        45.32         0.60        -6.71         7.30
            69    126        51.11         4.46        46.32         0.34        -7.02         7.36
            70    765        51.05         5.02        45.79         0.24        -7.35         7.60
            71    880        51.05         5.02        45.79         0.24        -7.35         7.60
            72    127        51.45         5.24        45.55         0.66        -7.39         8.06
          ------------------------------------------------------------------------------------------

          -------------------------------
          Bonded Energy Terms: Valence
          -------------------------------

          ------------------------------------------------------------------------------------------
          Rank    ID     Valence       Bond        Angle         Pdih         Idih       Tether
          ------------------------------------------------------------------------------------------
             1    625         1.73         0.11         0.39         1.23         0.00         0.00
             2    674         1.83         0.13         0.43         1.27         0.00         0.00
             3    691         1.83         0.13         0.43         1.27         0.00         0.00
             4    130         2.03         0.14         0.51         1.38         0.00         0.00
             5    654         2.03         0.14         0.51         1.38         0.00         0.00
             6    353         2.23         0.15         0.63         1.46         0.00         0.00
             7    310         2.23         0.15         0.63         1.46         0.00         0.00
             8    132         2.27         0.15         0.66         1.47         0.00         0.00
             9    549         2.27         0.15         0.66         1.47         0.00         0.00
            10    860         2.34         0.17         0.67         1.50         0.00         0.00
            11    295         2.34         0.17         0.67         1.50         0.00         0.00
            12    875         2.37         0.17         0.68         1.52         0.00         0.00
            13    906         2.34         0.17         0.67         1.50         0.00         0.00
            14    905         2.12         0.16         0.63         1.33         0.00         0.00
            15    560         2.12         0.16         0.63         1.33         0.00         0.00
            16    727         2.34         0.17         0.67         1.50         0.00         0.00
            17    869         2.37         0.17         0.68         1.52         0.00         0.00
            18    521         2.41         0.18         0.72         1.50         0.00         0.00
            19    558         2.41         0.18         0.72         1.50         0.00         0.00
            20    122         2.52         0.17         0.73         1.62         0.00         0.00
            21    722         2.52         0.17         0.73         1.62         0.00         0.00
            22    372         2.58         0.18         0.79         1.62         0.00         0.00
            23    500         2.50         0.18         0.89         1.43         0.00         0.00
            24    658         2.50         0.18         0.89         1.43         0.00         0.00
            25    703         2.58         0.18         0.79         1.62         0.00         0.00
            26    517         2.69         0.19         1.04         1.46         0.00         0.00
            27    364         2.69         0.19         1.04         1.46         0.00         0.00
            28    704         2.82         0.22         1.12         1.49         0.00         0.00
            29     76         2.60         0.21         0.96         1.43         0.00         0.00
            30    441         2.67         0.20         0.91         1.55         0.00         0.00
            31    158         2.60         0.20         0.83         1.57         0.00         0.00
            32    824         2.67         0.20         0.92         1.55         0.00         0.00
            33    192         2.60         0.21         0.96         1.43         0.00         0.00
            34    954         2.82         0.22         1.12         1.49         0.00         0.00
            35    700         2.60         0.20         0.83         1.57         0.00         0.00
            36    854         2.78         0.21         1.04         1.53         0.00         0.00
            37    753         2.78         0.21         1.04         1.53         0.00         0.00
            38    245         2.92         0.22         1.21         1.50         0.00         0.00
            39    107         2.92         0.22         1.21         1.50         0.00         0.00
            40    187         3.02         0.25         1.28         1.50         0.00         0.00
            41    106         3.02         0.25         1.28         1.50         0.00         0.00
            42    734         3.34         0.17         0.96         2.21         0.00         0.00
            43    671         3.34         0.17         0.96         2.21         0.00         0.00
            44    343         4.28         0.19         1.13         2.96         0.00         0.00
            45    861         4.28         0.19         1.13         2.96         0.00         0.00
            46    868         3.78         0.21         1.14         2.44         0.00         0.00
            47    462         4.70         0.20         1.16         3.34         0.00         0.00
            48    273         4.70         0.20         1.16         3.34         0.00         0.00
            49    544         3.78         0.21         1.14         2.44         0.00         0.00
            50    686         4.30         0.22         1.35         2.73         0.00         0.00
            51    550         4.72         0.20         1.20         3.32         0.00         0.00
            52    359         4.72         0.20         1.20         3.32         0.00         0.00
            53    134         4.30         0.22         1.35         2.73         0.00         0.00
            54    511         3.99         0.21         1.27         2.50         0.00         0.00
            55    867         3.99         0.21         1.27         2.50         0.00         0.00
            56    172         4.63         0.23         1.70         2.70         0.00         0.00
            57    371         4.63         0.22         1.70         2.70         0.00         0.00
            58    761         4.82         0.22         1.22         3.38         0.00         0.00
            59    283         4.84         0.22         1.17         3.45         0.00         0.00
            60    285         4.84         0.22         1.17         3.45         0.00         0.00
            61    931         4.82         0.22         1.22         3.38         0.00         0.00
            62    111         4.88         0.22         1.26         3.40         0.00         0.00
            63    669         4.79         0.22         1.23         3.34         0.00         0.00
            64    730         4.79         0.22         1.23         3.34         0.00         0.00
            65    456         4.88         0.22         1.26         3.40         0.00         0.00
            66    124         4.45         0.22         1.45         2.78         0.00         0.00
            67    915         5.12         0.23         1.41         3.47         0.00         0.00
            68    666         5.12         0.23         1.41         3.47         0.00         0.00
            69    126         4.46         0.22         1.45         2.78         0.00         0.00
            70    765         5.02         0.23         1.63         3.16         0.00         0.00
            71    880         5.02         0.23         1.63         3.16         0.00         0.00
            72    127         5.24         0.27         1.69         3.28         0.00         0.00
          ------------------------------------------------------------------------------------------

          Calculating single reference conformer RMSDs ...

          ---------------------------------
          Conformer RMSDs are in Angstroms.
          ---------------------------------

          ------------------------------------------------------------------------------------------
                              RMSD wrt Input Crd                    RMSD wrt Rank 1
                         ---------------------------------------------------------------------------
          Rank    ID        Complex    Receptor  Ligand          Complex    Receptor  Ligand
          ------------------------------------------------------------------------------------------
             1    625                             0.017                               0.000
             2    674                             1.098                               1.143
             3    691                             1.594                               1.639
             4    130                             0.715                               0.709
             5    654                             0.715                               0.709
             6    353                             1.849                               1.885
             7    310                             1.767                               1.909
             8    132                             0.697                               0.720
             9    549                             0.697                               0.720
            10    860                             1.152                               1.380
            11    295                             1.491                               1.450
            12    875                             1.036                               1.917
            13    906                             1.466                               1.911
            14    905                             1.461                               1.376
            15    560                             1.845                               1.814
            16    727                             1.471                               1.450
            17    869                             1.116                               1.008
            18    521                             1.006                               0.789
            19    558                             0.791                               1.952
            20    122                             1.032                               1.184
            21    722                             1.184                               1.166
            22    372                             0.779                               0.905
            23    500                             1.433                               1.183
            24    658                             1.065                               1.183
            25    703                             0.778                               0.898
            26    517                             1.414                               1.429
            27    364                             1.543                               1.380
            28    704                             1.853                               2.008
            29     76                             1.676                               1.502
            30    441                             1.493                               1.866
            31    158                             1.918                               1.880
            32    824                             1.064                               1.990
            33    192                             1.179                               1.271
            34    954                             1.703                               1.675
            35    700                             2.007                               1.941
            36    854                             1.938                               2.231
            37    753                             2.059                               2.136
            38    245                             1.631                               1.576
            39    107                             1.854                               1.932
            40    187                             1.950                               1.644
            41    106                             1.709                               1.711
            42    734                             1.452                               1.179
            43    671                             1.070                               1.179
            44    343                             1.501                               2.489
            45    861                             1.758                               1.644
            46    868                             1.852                               1.843
            47    462                             1.062                               1.181
            48    273                             1.253                               1.181
            49    544                             1.773                               1.803
            50    686                             2.089                               1.991
            51    550                             1.260                               1.059
            52    359                             1.058                               1.059
            53    134                             2.058                               2.101
            54    511                             2.087                               2.071
            55    867                             1.378                               1.258
            56    172                             1.957                               1.941
            57    371                             1.966                               1.882
            58    761                             1.522                               1.286
            59    283                             1.367                               1.297
            60    285                             1.368                               1.462
            61    931                             1.395                               1.286
            62    111                             1.875                               1.772
            63    669                             1.510                               1.520
            64    730                             1.652                               1.862
            65    456                             1.255                               1.976
            66    124                             1.587                               1.464
            67    915                             1.644                               1.671
            68    666                             2.047                               2.046
            69    126                             1.579                               1.911
            70    765                             1.831                               1.746
            71    880                             2.014                               1.770
            72    127                             1.962                               2.007
          ------------------------------------------------------------------------------------------

          --------------------------------
          Final Boltzmann Averaged Data.
          --------------------------------

          -------------------------------------------------------------------
          Results of Boltzmann Averaging Over All   90 Conformers (kcal/mol).
          -------------------------------------------------------------------

          Free Energy                        G              36.6513416532
          Average Potential Energy         < E >            10.9962951252
          Entropy                           -TS             25.6550465281
          -------------------------------------------------------------------

          Average Potential Energy < E > Components.

          < U >                    47.6887688736
          < W(PBSA) >             -55.4715299040
          < H.O. P.E. >            18.7791009392

          Average Solvation Energy < W(PBSA) > Components.

          < PB >                  -57.6067727553
          < SA >                    2.1352428513

          Average Gas Phase Internal Potential Energy < U > Components.

          < Valence >               2.2333598811
          < Coulomb >              44.8929641680
          < VdW >                   0.5624448245

          Average Van der Waals Energy < VdW > Components.

          < VdW6  >                -5.5475979116
          < VdW12 >                 6.1100427360

          Average Bonded Energy < Valence > Components.

          < Bond >                  0.1562682387
          < Angle >                 0.6455886397
          < Pdihed >                1.4315030028
          < Idihed >                0.0000000000
          < Tether >                0.0000000000

          -------------------------------------------------------------------
                        End of VM2 Calculation Results Summary.
          -------------------------------------------------------------------


     Total cpu time for run         22.53 seconds.
                                     0.38 minutes.

     Total wall time for run        22.95 seconds.
                                     0.38 minutes.

     TIME STAMP: VCPack job finished normally : Sunday, August 07, 2022 at 15:47:01
