
     --------------------------------------------------------------------------------
                        Running Program VCPack. Version 2.8

                           VeraChem LLC, PO Box 2206
                           Germantown, MD 20875, U.S.A.

                                Tel. 240-686-0565
                                www.verachem.com
     --------------------------------------------------------------------------------


     Input file          :   guest-s17_vm2.inp

     Output file         :   guest-s17_vm2.out

     Summary output file :   guest-s17_vm2.summary.out

     Executable : /data/comblab/vcCompChem_3b/exe/VC_CompChemPackage_mpi.exe

     Build date : Aug 13 2021  17:26:14

     This is a multiple processor run.

     MPI processes              :   16
     OpenMP threads per process :    0
     CUDA enabled               :  no

     TIME STAMP: VCPack job started : Sunday, August 07, 2022 at 12:04:41

     --------------------------------------------------------------------------------
                            Basic Calculation Control.
     --------------------------------------------------------------------------------

     Molecular system type                :  ligand          

     Calculation type                     :  vm2             

     Energy potential                     :  mm              

     Post-processing type                 :  none            

     Post-processing energy potential     :  none            

     Time limit in wall clock hours       :  96.00

     Read in starting conformers          :  no
     Type of conformers to read in        :  none
     Conformer source files(s)            :  none

     Use input .crd for complex build     :  no
     Place ligand confs. at input .crd    :  no
     Use input .crd as start conformer    :  yes

     Formatted output files               :  xyz     
                                          :  pdb     
                                          :  mol2    
                                          :  sdf     
                                          :  xyz     
                                          :  gms     
                                          :  csv     

     Split formatted output files         :  crd     

     Limit conformers in formatted files  :  bycount
     Maximum conformer count              :  1000

     Atoms to include in formatted files  :  all     

     Binary file restart type             :  none


     --------------------------------------------------------------------------------
                            Math Related Control and Set Up.
     --------------------------------------------------------------------------------

     Random number generator seeds :  bywallclock

     Seed 1 :           7933496
     Seed 2 :            541033
     Seed 3 :               408
     Seed 4 :             24948


     --------------------------------------------------------------------------------
                            Basic Molecular System Set Up.
     --------------------------------------------------------------------------------

     ------------------
     Ligand Data Files.
     ------------------

     Standard crd coordinate file            :  guest-s17.crd
     VeraChem topology file                  :  guest-s17.top
     Standard mol/sdf file                   :  guest-s17.mol

     Total number of ligand atoms            :        25

     Included in this calculation.
     Number of real and live ligand atoms    :        25
     Number of real but fixed ligand atoms   :         0

     Ligand placement method                 :  none

     Snap ligand to template atoms           :      no

     -------------------------------
     Final Real/Live Set Atom Count.
     -------------------------------

     Total number of real atoms              :        25
     Total number of live atoms              :        25


     --------------------------------------------------------------------------------
                            Generate Initial Molecular Conformation.
     --------------------------------------------------------------------------------

     Mandatory input crd file(s) used for generation of a single starting conformer.


     --------------------------------------------------------------------------------
                             Energy Potential Settings.
     --------------------------------------------------------------------------------


     Molecular Mechanics package          :  vchem           

     Quantum Mechanics package            :  none            


     --------------------------------------------------------------------------------
                    Running VM2 Mining Minima Module. Version 2.8
     --------------------------------------------------------------------------------

     Iteration    Free Energy G             G Diff            # Conformers     # Diff
        1            60.807406              60.807406              35              35
        2            60.565737              -0.241669              66              31
        3            60.450421              -0.115316              84              18
        4            60.378757              -0.071664             101              17
        5            60.378752              -0.000005             101               0
        6            60.319890              -0.058862             108               7
        7            60.319889              -0.000001             108               0
        8            60.269950              -0.049939             116               8
        9            60.269867              -0.000082             117               1
       10            60.269852              -0.000016             119               2

     VM2 Free Energy converged after   10 iterations.

     Final VM2 Free Energy is      60.269852 Kcal/mol.

          --------------------------------
          Final Individual Conformer Data.
          --------------------------------

          List data for conformers with probability of at least :  0.01 %
          Rankings are with respect to : Free Energy (G)

          ------------------------
          Free Energy: G = E - TS
          ------------------------

          ------------------------------------------------------------------------------------------
          Rank    ID     ln(Zx)    Prob(%)  Sum Prob(%)  Del G        G            E            -TS
          ------------------------------------------------------------------------------------------
             1    755   -149.49401    4.84     4.84      0.00        62.08        29.29        32.78
             2    384   -149.55396    4.56     9.39      0.04        62.11        29.30        32.81
             3   1279   -149.57875    4.44    13.84      0.05        62.13        29.34        32.78
             4   1494   -149.57983    4.44    18.28      0.05        62.13        29.32        32.81
             5    924   -149.69504    3.96    22.24      0.12        62.20        29.41        32.79
             6     88   -149.73574    3.80    26.04      0.14        62.22        29.43        32.79
             7   1311   -149.75989    3.71    29.74      0.16        62.23        29.47        32.77
             8   1371   -149.78487    3.62    33.36      0.17        62.25        29.48        32.77
             9   1355   -149.83712    3.43    36.79      0.20        62.28        29.54        32.74
            10    180   -149.88594    3.27    40.06      0.23        62.31        29.57        32.74
            11    273   -149.91059    3.19    43.25      0.25        62.32        29.66        32.66
            12    937   -149.92712    3.14    46.39      0.26        62.33        29.67        32.66
            13   1325   -150.06425    2.74    49.13      0.34        62.42        29.63        32.78
            14     60   -150.07837    2.70    51.82      0.35        62.42        29.64        32.78
            15   1341   -150.08800    2.67    54.49      0.35        62.43        29.68        32.75
            16   1026   -150.11470    2.60    57.09      0.37        62.45        29.70        32.75
            17   1430   -150.13095    2.56    59.65      0.38        62.46        29.72        32.74
            18   1242   -150.15934    2.49    62.14      0.40        62.47        29.83        32.65
            19   1241   -150.23793    2.30    64.44      0.44        62.52        29.78        32.74
            20   1013   -150.39663    1.96    66.40      0.54        62.61        29.81        32.80
            21   1477   -150.39667    1.96    68.36      0.54        62.61        29.89        32.72
            22   1369   -150.55863    1.67    70.03      0.63        62.71        30.02        32.69
            23    134   -150.58043    1.63    71.66      0.65        62.72        30.03        32.69
            24   1671   -150.60211    1.60    73.26      0.66        62.74        29.99        32.74
            25    606   -150.66108    1.51    74.77      0.70        62.77        30.03        32.74
            26   1346   -150.67248    1.49    76.26      0.70        62.78        30.57        32.21
            27   1669   -150.79686    1.31    77.57      0.78        62.85        30.20        32.65
            28     77   -150.79718    1.31    78.89      0.78        62.85        30.21        32.64
            29    471   -150.80086    1.31    80.20      0.78        62.85        30.64        32.21
            30    960   -150.84048    1.26    81.45      0.80        62.88        30.76        32.12
            31   1335   -150.85168    1.24    82.70      0.81        62.88        30.77        32.12
            32     24   -150.87581    1.21    83.91      0.82        62.90        30.25        32.65
            33   1025   -150.87744    1.21    85.13      0.82        62.90        30.81        32.09
            34   1208   -151.16860    0.91    86.03      1.00        63.07        30.34        32.73
            35    285   -151.20776    0.87    86.90      1.02        63.10        30.37        32.73
            36    777   -151.31231    0.79    87.69      1.08        63.16        31.42        31.74
            37   1342   -151.31715    0.78    88.47      1.09        63.16        31.43        31.73
            38    949   -151.41689    0.71    89.18      1.15        63.22        31.52        31.70
            39    986   -151.50239    0.65    89.83      1.20        63.27        31.22        32.05
            40   1277   -151.57092    0.61    90.43      1.24        63.31        30.50        32.81
            41    501   -151.64762    0.56    91.00      1.28        63.36        30.89        32.47
            42    609   -151.66978    0.55    91.55      1.30        63.37        30.90        32.47
            43   1246   -151.68734    0.54    92.08      1.31        63.38        31.46        31.92
            44     85   -151.78613    0.49    92.57      1.37        63.44        31.04        32.40
            45   1453   -151.79634    0.48    93.06      1.37        63.45        31.05        32.40
            46   1351   -151.79766    0.48    93.54      1.37        63.45        30.68        32.77
            47    974   -151.83906    0.46    94.00      1.40        63.47        30.70        32.77
            48   1358   -151.99880    0.40    94.40      1.49        63.57        31.18        32.39
            49    632   -152.01053    0.39    94.79      1.50        63.58        31.19        32.39
            50   1362   -152.24963    0.31    95.10      1.64        63.72        31.41        32.31
            51   1550   -152.37417    0.27    95.37      1.72        63.79        31.52        32.27
            52   1617   -152.38728    0.27    95.64      1.72        63.80        31.53        32.27
            53    976   -152.38974    0.27    95.90      1.73        63.80        31.49        32.31
            54    267   -152.67424    0.20    96.11      1.90        63.97        31.77        32.20
            55   1173   -152.69205    0.20    96.30      1.91        63.98        31.70        32.28
            56    676   -152.71624    0.19    96.50      1.92        64.00        31.72        32.28
            57   1031   -152.74712    0.19    96.68      1.94        64.01        31.74        32.28
            58    943   -152.75947    0.18    96.87      1.95        64.02        31.66        32.36
            59    795   -152.76430    0.18    97.05      1.95        64.03        31.66        32.36
            60   1169   -152.78730    0.18    97.23      1.96        64.04        31.68        32.36
            61    603   -152.79221    0.18    97.41      1.97        64.04        31.76        32.28
            62   1611   -152.79815    0.18    97.59      1.97        64.05        31.69        32.36
            63   1347   -152.82067    0.17    97.76      1.98        64.06        31.72        32.33
            64    927   -152.85025    0.17    97.93      2.00        64.08        31.74        32.33
            65   1228   -152.86712    0.17    98.10      2.01        64.09        31.83        32.26
            66    669   -152.89963    0.16    98.26      2.03        64.11        31.82        32.29
            67   1423   -152.90146    0.16    98.42      2.03        64.11        31.82        32.29
            68    313   -152.93106    0.16    98.57      2.05        64.12        31.87        32.26
            69    380   -153.03364    0.14    98.71      2.11        64.19        31.92        32.27
            70   1350   -153.04657    0.14    98.85      2.12        64.19        31.54        32.65
            71   1293   -153.06621    0.14    98.99      2.13        64.21        31.91        32.30
            72   1316   -153.13235    0.13    99.12      2.17        64.24        31.95        32.30
            73    318   -153.14700    0.13    99.24      2.18        64.25        32.15        32.10
            74   1056   -153.30924    0.11    99.35      2.27        64.35        32.03        32.32
            75    880   -153.35116    0.10    99.45      2.30        64.37        32.05        32.32
            76    877   -153.35887    0.10    99.55      2.30        64.38        32.41        31.96
            77   1010   -153.36209    0.10    99.65      2.31        64.38        32.42        31.96
            78    971   -153.60025    0.08    99.73      2.45        64.52        31.85        32.68
            79    352   -153.67341    0.07    99.81      2.49        64.57        31.74        32.83
            80    961   -154.98920    0.02    99.83      3.28        65.35        32.52        32.83
            81   1652   -155.10333    0.02    99.84      3.34        65.42        32.13        33.29
            82    224   -155.37461    0.01    99.86      3.51        65.58        32.99        32.60
            83   1488   -155.41728    0.01    99.87      3.53        65.61        33.22        32.39
            84    643   -155.52477    0.01    99.88      3.60        65.67        33.29        32.38
            85    791   -155.52662    0.01    99.89      3.60        65.67        33.22        32.45
            86    672   -155.52714    0.01    99.90      3.60        65.67        33.22        32.45
          ------------------------------------------------------------------------------------------

          --------------------------------------------------------
          Potential Energy: E = (U+W) + H.O. Equipartion energy
          --------------------------------------------------------

          ------------------------------------------------------------------------------------------
          Rank    ID         E          U+W            U        W(PBSA)          PB           SA
          ------------------------------------------------------------------------------------------
             1    755        29.29         8.72        10.91        -2.18        -4.30         2.11
             2    384        29.30         8.74        10.86        -2.13        -4.25         2.12
             3   1279        29.34         8.77        10.91        -2.13        -4.28         2.15
             4   1494        29.32         8.75        10.86        -2.11        -4.26         2.15
             5    924        29.41         8.84        10.30        -1.46        -3.59         2.12
             6     88        29.43         8.86        10.30        -1.44        -3.55         2.11
             7   1311        29.47         8.90        10.93        -2.03        -4.17         2.14
             8   1371        29.48         8.91        10.93        -2.02        -4.14         2.11
             9   1355        29.54         8.98        10.54        -1.56        -3.70         2.14
            10    180        29.57         9.01        10.54        -1.54        -3.66         2.12
            11    273        29.66         9.09        11.21        -2.11        -4.24         2.13
            12    937        29.67         9.10        11.21        -2.10        -4.23         2.13
            13   1325        29.63         9.07        11.15        -2.08        -4.22         2.13
            14     60        29.64         9.08        11.15        -2.07        -4.20         2.12
            15   1341        29.68         9.12        11.36        -2.25        -4.37         2.12
            16   1026        29.70         9.13        11.36        -2.23        -4.36         2.13
            17   1430        29.72         9.15        11.18        -2.03        -4.15         2.11
            18   1242        29.83         9.26        11.19        -1.93        -4.07         2.14
            19   1241        29.78         9.21        11.18        -1.97        -4.09         2.12
            20   1013        29.81         9.24        10.67        -1.43        -3.55         2.12
            21   1477        29.89         9.33        11.54        -2.22        -4.34         2.12
            22   1369        30.02         9.46        11.67        -2.21        -4.35         2.14
            23    134        30.03         9.47        11.67        -2.20        -4.33         2.13
            24   1671        29.99         9.43        11.69        -2.26        -4.39         2.13
            25    606        30.03         9.46        11.69        -2.23        -4.37         2.15
            26   1346        30.57        10.00        12.14        -2.14        -4.28         2.14
            27   1669        30.20         9.63        11.88        -2.25        -4.38         2.13
            28     77        30.21         9.64        11.41        -1.77        -3.91         2.14
            29    471        30.64        10.08        12.14        -2.06        -4.22         2.15
            30    960        30.76        10.19        12.42        -2.23        -4.38         2.14
            31   1335        30.77        10.20        12.42        -2.23        -4.39         2.17
            32     24        30.25         9.68        11.88        -2.20        -4.34         2.14
            33   1025        30.81        10.24        12.34        -2.09        -4.24         2.15
            34   1208        30.34         9.77        11.97        -2.20        -4.33         2.13
            35    285        30.37         9.80        11.97        -2.17        -4.30         2.13
            36    777        31.42        10.85        13.14        -2.29        -4.43         2.14
            37   1342        31.43        10.87        13.06        -2.20        -4.33         2.14
            38    949        31.52        10.96        12.79        -1.84        -3.98         2.14
            39    986        31.22        10.65        11.81        -1.16        -3.26         2.11
            40   1277        30.50         9.93        12.09        -2.16        -4.28         2.12
            41    501        30.89        10.32        12.31        -1.99        -4.14         2.15
            42    609        30.90        10.33        12.31        -1.98        -4.13         2.15
            43   1246        31.46        10.89        12.34        -1.45        -3.57         2.12
            44     85        31.04        10.48        12.69        -2.22        -4.36         2.14
            45   1453        31.05        10.48        12.69        -2.21        -4.35         2.14
            46   1351        30.68        10.11        11.29        -1.18        -3.30         2.11
            47    974        30.70        10.13        11.29        -1.16        -3.28         2.12
            48   1358        31.18        10.61        12.71        -2.09        -4.24         2.15
            49    632        31.19        10.62        12.71        -2.09        -4.23         2.14
            50   1362        31.41        10.84        12.43        -1.59        -3.73         2.14
            51   1550        31.52        10.95        12.53        -1.58        -3.70         2.12
            52   1617        31.53        10.96        12.53        -1.57        -3.70         2.14
            53    976        31.49        10.92        12.43        -1.51        -3.67         2.16
            54    267        31.77        11.21        12.09        -0.89        -3.00         2.11
            55   1173        31.70        11.13        13.30        -2.17        -4.31         2.15
            56    676        31.72        11.15        13.31        -2.16        -4.30         2.14
            57   1031        31.74        11.17        13.31        -2.14        -4.31         2.17
            58    943        31.66        11.10        13.32        -2.22        -4.38         2.16
            59    795        31.66        11.10        13.29        -2.19        -4.34         2.15
            60   1169        31.68        11.11        13.29        -2.18        -4.33         2.16
            61    603        31.76        11.19        13.30        -2.11        -4.27         2.16
            62   1611        31.69        11.12        13.32        -2.20        -4.35         2.15
            63   1347        31.72        11.16        13.14        -1.98        -4.13         2.14
            64    927        31.74        11.17        13.14        -1.97        -4.11         2.14
            65   1228        31.83        11.26        13.20        -1.94        -4.07         2.13
            66    669        31.82        11.25        13.42        -2.17        -4.30         2.13
            67   1423        31.82        11.25        13.42        -2.17        -4.32         2.16
            68    313        31.87        11.30        13.20        -1.90        -4.06         2.16
            69    380        31.92        11.35        13.64        -2.29        -4.41         2.12
            70   1350        31.54        10.97        12.26        -1.29        -3.43         2.14
            71   1293        31.91        11.34        13.67        -2.33        -4.46         2.14
            72   1316        31.95        11.38        13.67        -2.29        -4.43         2.15
            73    318        32.15        11.58        13.66        -2.08        -4.20         2.12
            74   1056        32.03        11.46        13.69        -2.23        -4.35         2.12
            75    880        32.05        11.48        13.69        -2.21        -4.34         2.13
            76    877        32.41        11.85        14.11        -2.26        -4.39         2.13
            77   1010        32.42        11.85        14.11        -2.26        -4.38         2.13
            78    971        31.85        11.28        13.11        -1.83        -3.95         2.12
            79    352        31.74        11.17        12.09        -0.92        -3.03         2.11
            80    961        32.52        11.95        13.95        -2.00        -4.11         2.11
            81   1652        32.13        11.57        12.38        -0.82        -2.93         2.12
            82    224        32.99        12.42        14.38        -1.96        -4.08         2.12
            83   1488        33.22        12.65        14.60        -1.95        -4.08         2.13
            84    643        33.29        12.72        14.60        -1.89        -4.02         2.13
            85    791        33.22        12.65        13.79        -1.13        -3.26         2.13
            86    672        33.22        12.65        13.79        -1.13        -3.27         2.13
          ------------------------------------------------------------------------------------------

          ----------------------------------------
          Gas Phase Internal Potential Energy: U
          ----------------------------------------

          ------------------------------------------------------------------------------------------
          Rank    ID         U         Valence     Coulomb        VdW         VdW6        VdW12
          ------------------------------------------------------------------------------------------
             1    755        10.91        16.38        -8.45         2.98       -12.57        15.55
             2    384        10.86        16.39        -8.48         2.96       -12.58        15.53
             3   1279        10.91        16.38        -8.45         2.98       -12.57        15.55
             4   1494        10.86        16.39        -8.48         2.96       -12.58        15.53
             5    924        10.30        17.20        -9.38         2.48       -13.06        15.54
             6     88        10.30        17.20        -9.38         2.48       -13.06        15.54
             7   1311        10.93        16.76        -8.73         2.91       -12.60        15.51
             8   1371        10.93        16.76        -8.73         2.91       -12.60        15.51
             9   1355        10.54        17.20        -9.33         2.67       -12.82        15.48
            10    180        10.54        17.20        -9.33         2.67       -12.82        15.48
            11    273        11.21        16.99        -8.42         2.64       -12.54        15.18
            12    937        11.21        16.99        -8.42         2.64       -12.54        15.18
            13   1325        11.15        16.58        -8.36         2.93       -12.54        15.47
            14     60        11.15        16.58        -8.36         2.93       -12.54        15.47
            15   1341        11.36        16.58        -8.15         2.93       -12.53        15.46
            16   1026        11.36        16.58        -8.15         2.93       -12.53        15.46
            17   1430        11.18        16.95        -8.66         2.89       -12.56        15.45
            18   1242        11.19        17.33        -8.75         2.61       -12.57        15.18
            19   1241        11.18        16.95        -8.66         2.89       -12.56        15.45
            20   1013        10.67        17.25        -9.24         2.67       -13.41        16.08
            21   1477        11.54        16.81        -8.00         2.73       -12.75        15.48
            22   1369        11.67        16.81        -7.71         2.56       -12.92        15.48
            23    134        11.67        16.81        -7.71         2.56       -12.92        15.48
            24   1671        11.69        16.79        -7.84         2.73       -12.73        15.46
            25    606        11.69        16.79        -7.84         2.73       -12.73        15.46
            26   1346        12.14        18.25        -8.72         2.61       -11.96        14.57
            27   1669        11.88        17.15        -7.97         2.69       -12.46        15.15
            28     77        11.41        17.50        -8.74         2.65       -12.49        15.14
            29    471        12.14        18.25        -8.72         2.61       -11.96        14.57
            30    960        12.42        18.28        -8.43         2.58       -11.90        14.48
            31   1335        12.42        18.28        -8.43         2.58       -11.90        14.48
            32     24        11.88        17.15        -7.97         2.69       -12.46        15.15
            33   1025        12.34        18.68        -8.85         2.51       -11.91        14.42
            34   1208        11.97        16.77        -7.36         2.56       -12.88        15.44
            35    285        11.97        16.77        -7.36         2.56       -12.88        15.44
            36    777        13.14        19.16        -8.16         2.14       -11.58        13.72
            37   1342        13.06        19.17        -8.23         2.12       -11.56        13.68
            38    949        12.79        19.53        -8.82         2.09       -11.58        13.67
            39    986        11.81        19.95       -10.07         1.93       -13.00        14.93
            40   1277        12.09        16.79        -7.60         2.90       -13.30        16.21
            41    501        12.31        17.91        -8.72         3.12       -12.45        15.57
            42    609        12.31        17.91        -8.72         3.12       -12.45        15.57
            43   1246        12.34        19.54        -9.33         2.13       -12.58        14.71
            44     85        12.69        17.94        -8.34         3.10       -12.39        15.49
            45   1453        12.69        17.94        -8.34         3.10       -12.39        15.49
            46   1351        11.29        18.28        -9.50         2.52       -13.88        16.40
            47    974        11.29        18.28        -9.50         2.52       -13.88        16.40
            48   1358        12.71        18.32        -8.64         3.03       -12.42        15.45
            49    632        12.71        18.32        -8.64         3.03       -12.42        15.45
            50   1362        12.43        19.01        -9.37         2.80       -12.60        15.40
            51   1550        12.53        19.02        -9.23         2.74       -12.61        15.35
            52   1617        12.53        19.02        -9.23         2.74       -12.61        15.35
            53    976        12.43        19.01        -9.37         2.80       -12.60        15.40
            54    267        12.09        19.65        -9.93         2.38       -13.91        16.29
            55   1173        13.30        18.61        -8.34         3.03       -12.27        15.30
            56    676        13.31        18.59        -8.33         3.06       -12.27        15.33
            57   1031        13.31        18.59        -8.33         3.05       -12.27        15.33
            58    943        13.32        18.43        -8.42         3.31       -12.37        15.68
            59    795        13.29        18.43        -8.45         3.30       -12.37        15.67
            60   1169        13.29        18.43        -8.45         3.30       -12.37        15.67
            61    603        13.30        18.61        -8.34         3.03       -12.27        15.30
            62   1611        13.32        18.43        -8.42         3.31       -12.37        15.68
            63   1347        13.14        18.81        -8.93         3.26       -12.38        15.65
            64    927        13.14        18.81        -8.93         3.26       -12.38        15.65
            65   1228        13.20        18.96        -8.75         3.00       -12.29        15.29
            66    669        13.42        18.61        -8.05         2.86       -12.52        15.39
            67   1423        13.42        18.61        -8.05         2.86       -12.52        15.39
            68    313        13.20        18.96        -8.75         3.00       -12.29        15.29
            69    380        13.64        18.61        -7.81         2.84       -12.55        15.39
            70   1350        12.26        19.26        -9.84         2.85       -13.72        16.56
            71   1293        13.67        18.61        -7.78         2.84       -12.47        15.31
            72   1316        13.67        18.61        -7.78         2.84       -12.47        15.31
            73    318        13.66        19.00        -7.83         2.49       -12.61        15.10
            74   1056        13.69        18.57        -7.75         2.87       -12.55        15.42
            75    880        13.69        18.57        -7.75         2.87       -12.55        15.42
            76    877        14.11        19.02        -7.31         2.39       -12.50        14.89
            77   1010        14.11        19.02        -7.31         2.39       -12.50        14.89
            78    971        13.11        17.76        -7.34         2.69       -13.72        16.41
            79    352        12.09        19.65        -9.93         2.38       -13.91        16.29
            80    961        13.95        17.54        -6.27         2.68       -13.61        16.29
            81   1652        12.38        20.11       -10.32         2.60       -14.36        16.95
            82    224        14.38        18.71        -6.94         2.61       -13.51        16.12
            83   1488        14.60        18.88        -7.23         2.96       -13.44        16.40
            84    643        14.60        18.88        -7.23         2.96       -13.44        16.40
            85    791        13.79        20.49        -9.47         2.77       -13.49        16.25
            86    672        13.79        20.49        -9.47         2.77       -13.49        16.25
          ------------------------------------------------------------------------------------------

          -------------------------------
          Bonded Energy Terms: Valence
          -------------------------------

          ------------------------------------------------------------------------------------------
          Rank    ID     Valence       Bond        Angle         Pdih         Idih       Tether
          ------------------------------------------------------------------------------------------
             1    755        16.38         0.44         5.05        10.89         0.00         0.00
             2    384        16.39         0.44         5.03        10.92         0.00         0.00
             3   1279        16.38         0.44         5.05        10.89         0.00         0.00
             4   1494        16.39         0.44         5.03        10.92         0.00         0.00
             5    924        17.20         0.43         5.59        11.18         0.00         0.00
             6     88        17.20         0.43         5.59        11.18         0.00         0.00
             7   1311        16.76         0.43         5.07        11.25         0.00         0.00
             8   1371        16.76         0.43         5.07        11.25         0.00         0.00
             9   1355        17.20         0.43         5.36        11.42         0.00         0.00
            10    180        17.20         0.43         5.36        11.42         0.00         0.00
            11    273        16.99         0.41         5.15        11.44         0.00         0.00
            12    937        16.99         0.41         5.15        11.44         0.00         0.00
            13   1325        16.58         0.44         5.09        11.05         0.00         0.00
            14     60        16.58         0.44         5.09        11.05         0.00         0.00
            15   1341        16.58         0.44         5.10        11.04         0.00         0.00
            16   1026        16.58         0.44         5.10        11.04         0.00         0.00
            17   1430        16.95         0.43         5.12        11.40         0.00         0.00
            18   1242        17.33         0.41         5.15        11.77         0.00         0.00
            19   1241        16.95         0.43         5.12        11.40         0.00         0.00
            20   1013        17.25         0.48         6.11        10.65         0.00         0.00
            21   1477        16.81         0.44         5.32        11.06         0.00         0.00
            22   1369        16.81         0.44         5.47        10.91         0.00         0.00
            23    134        16.81         0.44         5.47        10.91         0.00         0.00
            24   1671        16.79         0.44         5.31        11.04         0.00         0.00
            25    606        16.79         0.44         5.31        11.04         0.00         0.00
            26   1346        18.25         0.34         3.15        14.76         0.00         0.00
            27   1669        17.15         0.42         5.26        11.47         0.00         0.00
            28     77        17.50         0.41         5.30        11.79         0.00         0.00
            29    471        18.25         0.34         3.15        14.76         0.00         0.00
            30    960        18.28         0.33         3.18        14.77         0.00         0.00
            31   1335        18.28         0.33         3.18        14.77         0.00         0.00
            32     24        17.15         0.42         5.26        11.47         0.00         0.00
            33   1025        18.68         0.32         3.23        15.13         0.00         0.00
            34   1208        16.77         0.44         5.45        10.88         0.00         0.00
            35    285        16.77         0.44         5.45        10.88         0.00         0.00
            36    777        19.16         0.29         3.55        15.31         0.00         0.00
            37   1342        19.17         0.29         3.54        15.34         0.00         0.00
            38    949        19.53         0.29         3.59        15.65         0.00         0.00
            39    986        19.95         0.35         6.17        13.43         0.00         0.00
            40   1277        16.79         0.50         5.82        10.47         0.00         0.00
            41    501        17.91         0.45         4.38        13.08         0.00         0.00
            42    609        17.91         0.45         4.38        13.09         0.00         0.00
            43   1246        19.54         0.36         4.76        14.43         0.00         0.00
            44     85        17.94         0.44         4.41        13.08         0.00         0.00
            45   1453        17.94         0.44         4.41        13.08         0.00         0.00
            46   1351        18.28         0.51         7.44        10.33         0.00         0.00
            47    974        18.28         0.51         7.44        10.33         0.00         0.00
            48   1358        18.32         0.44         4.45        13.43         0.00         0.00
            49    632        18.32         0.44         4.45        13.43         0.00         0.00
            50   1362        19.01         0.42         4.78        13.80         0.00         0.00
            51   1550        19.02         0.42         4.88        13.71         0.00         0.00
            52   1617        19.02         0.42         4.88        13.71         0.00         0.00
            53    976        19.01         0.42         4.78        13.80         0.00         0.00
            54    267        19.65         0.50         8.15        11.00         0.00         0.00
            55   1173        18.61         0.42         4.49        13.70         0.00         0.00
            56    676        18.59         0.42         4.51        13.66         0.00         0.00
            57   1031        18.59         0.42         4.51        13.66         0.00         0.00
            58    943        18.43         0.45         4.19        13.78         0.00         0.00
            59    795        18.43         0.45         4.24        13.74         0.00         0.00
            60   1169        18.43         0.45         4.24        13.74         0.00         0.00
            61    603        18.61         0.42         4.49        13.70         0.00         0.00
            62   1611        18.43         0.45         4.19        13.78         0.00         0.00
            63   1347        18.81         0.44         4.30        14.07         0.00         0.00
            64    927        18.81         0.44         4.30        14.07         0.00         0.00
            65   1228        18.96         0.42         4.54        14.00         0.00         0.00
            66    669        18.61         0.43         4.72        13.45         0.00         0.00
            67   1423        18.61         0.43         4.72        13.45         0.00         0.00
            68    313        18.96         0.42         4.54        14.00         0.00         0.00
            69    380        18.61         0.43         4.74        13.43         0.00         0.00
            70   1350        19.26         0.51         6.45        12.30         0.00         0.00
            71   1293        18.61         0.43         4.74        13.44         0.00         0.00
            72   1316        18.61         0.43         4.74        13.44         0.00         0.00
            73    318        19.00         0.39         4.27        14.34         0.00         0.00
            74   1056        18.57         0.44         4.71        13.43         0.00         0.00
            75    880        18.57         0.44         4.71        13.43         0.00         0.00
            76    877        19.02         0.38         4.36        14.29         0.00         0.00
            77   1010        19.02         0.38         4.36        14.29         0.00         0.00
            78    971        17.76         0.51         7.05        10.20         0.00         0.00
            79    352        19.65         0.50         8.15        11.00         0.00         0.00
            80    961        17.54         0.51         7.07         9.96         0.00         0.00
            81   1652        20.11         0.54         9.25        10.32         0.00         0.00
            82    224        18.71         0.50         7.22        10.99         0.00         0.00
            83   1488        18.88         0.52         6.29        12.08         0.00         0.00
            84    643        18.88         0.52         6.29        12.08         0.00         0.00
            85    791        20.49         0.51         6.90        13.08         0.00         0.00
            86    672        20.49         0.51         6.90        13.08         0.00         0.00
          ------------------------------------------------------------------------------------------

          Calculating single reference conformer RMSDs ...

          ---------------------------------
          Conformer RMSDs are in Angstroms.
          ---------------------------------

          ------------------------------------------------------------------------------------------
                              RMSD wrt Input Crd                    RMSD wrt Rank 1
                         ---------------------------------------------------------------------------
          Rank    ID        Complex    Receptor  Ligand          Complex    Receptor  Ligand
          ------------------------------------------------------------------------------------------
             1    755                             1.654                               0.000
             2    384                             1.682                               0.320
             3   1279                             1.665                               1.563
             4   1494                             1.318                               1.663
             5    924                             0.898                               1.724
             6     88                             0.838                               1.725
             7   1311                             1.312                               1.552
             8   1371                             1.645                               0.328
             9   1355                             0.858                               1.532
            10    180                             0.801                               1.543
            11    273                             1.270                               1.477
            12    937                             1.389                               1.576
            13   1325                             0.830                               0.800
            14     60                             0.753                               1.271
            15   1341                             0.801                               1.284
            16   1026                             0.763                               0.715
            17   1430                             0.778                               1.328
            18   1242                             1.213                               1.477
            19   1241                             0.767                               0.816
            20   1013                             1.203                               1.040
            21   1477                             0.749                               1.177
            22   1369                             0.842                               1.363
            23    134                             0.753                               1.287
            24   1671                             0.793                               1.236
            25    606                             0.752                               1.489
            26   1346                             1.222                               0.643
            27   1669                             0.311                               1.446
            28     77                             0.345                               1.327
            29    471                             1.141                               0.604
            30    960                             1.172                               0.551
            31   1335                             1.171                               0.770
            32     24                             0.033                               1.414
            33   1025                             1.166                               0.663
            34   1208                             0.767                               1.358
            35    285                             0.792                               1.459
            36    777                             0.658                               1.256
            37   1342                             0.593                               1.228
            38    949                             0.657                               1.302
            39    986                             0.975                               1.335
            40   1277                             1.130                               0.982
            41    501                             1.314                               0.661
            42    609                             1.238                               0.936
            43   1246                             0.981                               0.940
            44     85                             1.223                               0.952
            45   1453                             1.272                               0.552
            46   1351                             1.309                               1.306
            47    974                             1.095                               1.604
            48   1358                             1.271                               0.988
            49    632                             1.254                               0.649
            50   1362                             0.887                               1.078
            51   1550                             0.649                               1.831
            52   1617                             0.709                               1.315
            53    976                             1.040                               0.877
            54    267                             1.054                               1.094
            55   1173                             1.468                               1.327
            56    676                             1.417                               1.333
            57   1031                             1.197                               0.768
            58    943                             0.632                               1.221
            59    795                             0.640                               1.188
            60   1169                             0.556                               1.192
            61    603                             1.238                               0.821
            62   1611                             0.560                               1.144
            63   1347                             0.589                               1.214
            64    927                             0.597                               1.260
            65   1228                             1.505                               1.336
            66    669                             1.143                               1.372
            67   1423                             0.997                               0.949
            68    313                             1.200                               0.855
            69    380                             0.535                               1.465
            70   1350                             1.272                               1.153
            71   1293                             1.087                               1.349
            72   1316                             1.027                               1.005
            73    318                             1.166                               1.287
            74   1056                             0.616                               1.434
            75    880                             0.560                               1.567
            76    877                             1.107                               1.720
            77   1010                             0.930                               1.507
            78    971                             1.098                               1.612
            79    352                             1.510                               1.577
            80    961                             1.181                               1.363
            81   1652                             1.440                               1.327
            82    224                             0.845                               1.156
            83   1488                             0.960                               1.275
            84    643                             1.025                               1.188
            85    791                             1.218                               1.372
            86    672                             1.298                               1.173
          ------------------------------------------------------------------------------------------

          --------------------------------
          Final Boltzmann Averaged Data.
          --------------------------------

          -------------------------------------------------------------------
          Results of Boltzmann Averaging Over All  119 Conformers (kcal/mol).
          -------------------------------------------------------------------

          Free Energy                        G              60.2698517677
          Average Potential Energy         < E >            29.9255031433
          Entropy                           -TS             30.3443486244
          -------------------------------------------------------------------

          Average Potential Energy < E > Components.

          < U >                    11.3435604824
          < W(PBSA) >              -1.9856432866
          < H.O. P.E. >            20.5675867429

          Average Solvation Energy < W(PBSA) > Components.

          < PB >                   -4.1163477880
          < SA >                    2.1307045015

          Average Gas Phase Internal Potential Energy < U > Components.

          < Valence >              17.1605757825
          < Coulomb >              -8.5750151081
          < VdW >                   2.7579998081

          Average Van der Waals Energy < VdW > Components.

          < VdW6  >               -12.6129216871
          < VdW12 >                15.3709214952

          Average Bonded Energy < Valence > Components.

          < Bond >                  0.4242525776
          < Angle >                 5.0466295571
          < Pdihed >               11.6896936478
          < Idihed >                0.0000000000
          < Tether >                0.0000000000

          -------------------------------------------------------------------
                        End of VM2 Calculation Results Summary.
          -------------------------------------------------------------------


     Total cpu time for run         37.17 seconds.
                                     0.62 minutes.

     Total wall time for run        37.37 seconds.
                                     0.62 minutes.

     TIME STAMP: VCPack job finished normally : Sunday, August 07, 2022 at 12:05:19
