
     --------------------------------------------------------------------------------
                        Running Program VCPack. Version 2.8

                           VeraChem LLC, PO Box 2206
                           Germantown, MD 20875, U.S.A.

                                Tel. 240-686-0565
                                www.verachem.com
     --------------------------------------------------------------------------------


     Input file          :   CD_guest-s16_fast_vm2_rndm.inp

     Output file         :   CD_guest-s16_fast_vm2_rndm.out

     Summary output file :   CD_guest-s16_fast_vm2_rndm.summary.out

     Executable : /data/comblab/vcCompChem_3b/exe/VC_CompChemPackage_mpi_openmp.exe

     Build date : Aug 13 2021  17:26:49

     This is a multiple processor run.

     MPI processes              :   16
     OpenMP threads per process :   16
     CUDA enabled               :  no

     TIME STAMP: VCPack job started : Sunday, August 07, 2022 at 15:00:07

     --------------------------------------------------------------------------------
                            Basic Calculation Control.
     --------------------------------------------------------------------------------

     Molecular system type                :  host+ligand     

     Calculation type                     :  feprocess       

     Energy potential                     :  mm              

     Post-processing type                 :  none            

     Post-processing energy potential     :  none            

     Time limit in wall clock hours       :  96.00

     Type of conformers to read in        :  ligand  
     Conformer source files(s)            :  guest-s16_confgen4.xyz                            

     Use input .crd for complex build     :  no
     Place ligand confs. at input .crd    :  byconfscog
     Use input .crd as start conformer    :  yes

     Formatted output files               :  xyz     
                                          :  pdb     
                                          :  mol2    
                                          :  sdf     
                                          :  xyz     
                                          :  gms     
                                          :  csv     

     Split formatted output files         :  crd     

     Limit conformers in formatted files  :  bycount
     Maximum conformer count              :  1000

     Atoms to include in formatted files  :  all     

     Binary file restart type             :  none


     --------------------------------------------------------------------------------
                            Math Related Control and Set Up.
     --------------------------------------------------------------------------------

     Random number generator seeds :  bywallclock

     Seed 1 :           3191527
     Seed 2 :            353953
     Seed 3 :               134
     Seed 4 :             15397


     --------------------------------------------------------------------------------
                            Basic Molecular System Set Up.
     --------------------------------------------------------------------------------

     ----------------
     Host Data Files.
     ----------------

     Standard crd coordinate file            :  CD.crd
     VeraChem topology file                  :  CD.top
     Standard mol/sdf file                   :  CD.mol

     Total number of host atoms              :       126

     ------------------
     Ligand Data Files.
     ------------------

     Standard crd coordinate file            :  guest-s16.crd
     VeraChem topology file                  :  guest-s16.top
     Standard mol/sdf file                   :  guest-s16.mol

     Total number of ligand atoms            :        13

     Included in this calculation.
     Number of real and live ligand atoms    :        13
     Number of real but fixed ligand atoms   :         0

     Ligand placement method                 :  byreceptorcog

     NOTE: The placement of the ligand redefines the ligand .crd input coordinates.

     Snap ligand to template atoms           :      no

     -------------------------------
     Final Real/Live Set Atom Count.
     -------------------------------

     Total number of real atoms              :       139
     Total number of live atoms              :       139


     --------------------------------------------------------------------------------
                            Generate Initial Molecular Conformations.
     --------------------------------------------------------------------------------

     Conf. Type Read In      File Format       No. of Confs. Read In 
             ligand             xyz                1000

     Mandatory input crd file(s) used for generation of 1 additional conformer.

     From these the total number of starting conformers generated :  1000


     --------------------------------------------------------------------------------
                             Energy Potential Settings.
     --------------------------------------------------------------------------------


     Molecular Mechanics package          :  vchem           

     Quantum Mechanics package            :  none            


     --------------------------------------------------------------------------------
                       Running VfreeE Module. Version 2.8
     --------------------------------------------------------------------------------

          --------------------------------
          Final Individual Conformer Data.
          --------------------------------

          List data for conformers with probability of at least :  0.01 %
          Rankings are with respect to : Free Energy (G)

          ------------------------
          Free Energy: G = E - TS
          ------------------------

          ------------------------------------------------------------------------------------------
          Rank    ID     ln(Zx)    Prob(%)  Sum Prob(%)  Del G        G            E            -TS
          ------------------------------------------------------------------------------------------
             1    341  -1201.59620   19.31    19.31      0.00       545.03       365.73       179.31
             2    987  -1202.12405   11.39    30.70      0.31       545.34       366.41       178.93
             3    597  -1202.35061    9.08    39.79      0.45       545.48       368.22       177.26
             4    712  -1202.71090    6.33    46.12      0.66       545.69       367.73       177.96
             5    879  -1202.99224    4.78    50.90      0.83       545.86       367.51       178.35
             6    991  -1203.16384    4.03    54.93      0.93       545.96       366.81       179.16
             7    959  -1203.27108    3.62    58.55      1.00       546.03       367.02       179.01
             8    846  -1203.31658    3.46    62.00      1.03       546.06       367.85       178.21
             9    696  -1203.41154    3.14    65.15      1.08       546.11       367.16       178.96
            10    417  -1203.62073    2.55    67.70      1.21       546.24       369.97       176.27
            11    867  -1203.96424    1.81    69.51      1.41       546.44       368.92       177.52
            12    781  -1203.97148    1.80    71.30      1.42       546.45       368.38       178.07
            13    506  -1204.12633    1.54    72.84      1.51       546.54       367.87       178.67
            14     89  -1204.20468    1.42    74.26      1.56       546.59       367.61       178.98
            15      4  -1204.39023    1.18    75.44      1.67       546.70       368.83       177.87
            16    722  -1204.42528    1.14    76.59      1.69       546.72       369.57       177.15
            17     22  -1204.44306    1.12    77.71      1.70       546.73       368.21       178.52
            18     87  -1204.49722    1.06    78.77      1.73       546.76       370.26       176.50
            19    171  -1204.51036    1.05    79.81      1.74       546.77       369.13       177.64
            20    585  -1204.59756    0.96    80.78      1.79       546.82       370.04       176.78
            21    607  -1204.60126    0.96    81.73      1.79       546.82       369.43       177.39
            22    379  -1204.74853    0.83    82.56      1.88       546.91       368.14       178.77
            23    564  -1204.77916    0.80    83.36      1.90       546.93       369.30       177.63
            24      1  -1204.80847    0.78    84.14      1.92       546.95       369.03       177.91
            25    807  -1204.88317    0.72    84.86      1.96       546.99       368.31       178.68
            26    906  -1204.92051    0.70    85.55      1.98       547.01       368.69       178.32
            27    926  -1205.00592    0.64    86.19      2.03       547.06       368.90       178.16
            28    522  -1205.01572    0.63    86.82      2.04       547.07       369.72       177.34
            29    496  -1205.03039    0.62    87.45      2.05       547.08       367.81       179.26
            30    355  -1205.06197    0.60    88.05      2.07       547.10       368.90       178.20
            31    191  -1205.17207    0.54    88.59      2.13       547.16       368.55       178.62
            32    457  -1205.32937    0.46    89.05      2.23       547.26       368.76       178.49
            33    578  -1205.37693    0.44    89.49      2.25       547.28       369.10       178.18
            34    394  -1205.40786    0.43    89.92      2.27       547.30       368.98       178.32
            35    167  -1205.43932    0.41    90.33      2.29       547.32       368.99       178.33
            36    422  -1205.47977    0.40    90.73      2.32       547.35       368.83       178.52
            37    750  -1205.49441    0.39    91.12      2.32       547.35       369.08       178.28
            38     41  -1205.50639    0.39    91.51      2.33       547.36       368.45       178.91
            39    723  -1205.51802    0.38    91.89      2.34       547.37       369.54       177.82
            40    647  -1205.53352    0.38    92.27      2.35       547.38       370.63       176.75
            41    843  -1205.55555    0.37    92.64      2.36       547.39       369.38       178.01
            42    676  -1205.68980    0.32    92.96      2.44       547.47       369.28       178.19
            43    352  -1205.69316    0.32    93.28      2.44       547.47       369.24       178.24
            44    242  -1205.70138    0.32    93.60      2.45       547.48       369.96       177.52
            45    714  -1205.73996    0.31    93.90      2.47       547.50       369.99       177.51
            46    336  -1205.78142    0.29    94.20      2.50       547.53       368.46       179.07
            47    669  -1205.87460    0.27    94.47      2.55       547.58       369.38       178.20
            48    235  -1205.97055    0.24    94.71      2.61       547.64       368.90       178.73
            49    194  -1206.00374    0.24    94.94      2.63       547.66       369.09       178.57
            50    534  -1206.07538    0.22    95.16      2.67       547.70       370.04       177.66
            51    596  -1206.13243    0.21    95.37      2.70       547.73       369.47       178.27
            52    601  -1206.17364    0.20    95.57      2.73       547.76       368.64       179.12
            53    289  -1206.20007    0.19    95.76      2.74       547.77       367.74       180.03
            54    569  -1206.24805    0.18    95.95      2.77       547.80       369.63       178.17
            55    976  -1206.28147    0.18    96.12      2.79       547.82       370.67       177.16
            56    973  -1206.35826    0.17    96.29      2.84       547.87       370.04       177.83
            57    891  -1206.42586    0.15    96.44      2.88       547.91       370.49       177.42
            58    896  -1206.43824    0.15    96.60      2.89       547.92       370.46       177.46
            59     14  -1206.66961    0.12    96.72      3.02       548.05       369.10       178.96
            60    419  -1206.67162    0.12    96.84      3.03       548.06       370.32       177.73
            61    407  -1206.73169    0.11    96.95      3.06       548.09       369.55       178.54
            62    862  -1206.74369    0.11    97.06      3.07       548.10       370.57       177.53
            63    885  -1206.79385    0.11    97.17      3.10       548.13       370.48       177.65
            64    467  -1206.83972    0.10    97.27      3.13       548.16       370.68       177.47
            65    381  -1206.84906    0.10    97.37      3.13       548.16       370.51       177.66
            66    298  -1206.86852    0.10    97.47      3.14       548.17       370.60       177.57
            67    154  -1206.98980    0.09    97.56      3.22       548.25       371.04       177.21
            68    638  -1207.09602    0.08    97.64      3.28       548.31       369.33       178.98
            69    264  -1207.09760    0.08    97.72      3.28       548.31       369.12       179.19
            70     57  -1207.14420    0.08    97.79      3.31       548.34       371.87       176.47
            71    431  -1207.20270    0.07    97.86      3.34       548.37       370.75       177.63
            72    902  -1207.24990    0.07    97.93      3.37       548.40       369.84       178.56
            73    211  -1207.31866    0.06    98.00      3.41       548.44       370.30       178.14
            74    869  -1207.34307    0.06    98.06      3.43       548.46       369.48       178.97
            75     91  -1207.35026    0.06    98.12      3.43       548.46       370.16       178.30
            76    806  -1207.37752    0.06    98.18      3.45       548.48       372.18       176.29
            77    357  -1207.39959    0.06    98.24      3.46       548.49       369.94       178.55
            78     95  -1207.44305    0.06    98.29      3.49       548.52       369.47       179.05
            79    769  -1207.48255    0.05    98.35      3.51       548.54       369.27       179.27
            80    136  -1207.54559    0.05    98.40      3.55       548.58       371.22       177.36
            81    982  -1207.55680    0.05    98.45      3.55       548.58       369.36       179.23
            82     40  -1207.58783    0.05    98.49      3.57       548.60       369.74       178.87
            83    246  -1207.60457    0.05    98.54      3.58       548.61       371.15       177.46
            84    827  -1207.64628    0.05    98.59      3.61       548.64       370.60       178.04
            85    428  -1207.64848    0.05    98.63      3.61       548.64       370.74       177.89
            86    787  -1207.66740    0.04    98.68      3.62       548.65       370.72       177.93
            87    256  -1207.70184    0.04    98.72      3.64       548.67       370.37       178.30
            88    986  -1207.74596    0.04    98.76      3.67       548.70       371.52       177.18
            89    321  -1207.77578    0.04    98.80      3.68       548.71       370.30       178.41
            90    484  -1207.79132    0.04    98.84      3.69       548.72       371.43       177.30
            91    384  -1207.86429    0.04    98.88      3.74       548.77       370.64       178.13
            92    679  -1207.95337    0.03    98.91      3.79       548.82       371.08       177.74
            93    433  -1207.95698    0.03    98.94      3.79       548.82       370.15       178.68
            94    812  -1207.98365    0.03    98.98      3.81       548.84       370.52       178.32
            95    805  -1207.98883    0.03    99.01      3.81       548.84       370.10       178.74
            96    164  -1207.99608    0.03    99.04      3.82       548.85       371.63       177.22
            97     81  -1208.10336    0.03    99.07      3.88       548.91       370.19       178.72
            98    445  -1208.17055    0.03    99.10      3.92       548.95       369.65       179.30
            99    859  -1208.17776    0.03    99.12      3.92       548.95       370.38       178.57
           100    129  -1208.19357    0.03    99.15      3.93       548.96       370.82       178.14
           101    297  -1208.21712    0.03    99.18      3.95       548.98       369.94       179.04
           102    546  -1208.22972    0.03    99.20      3.95       548.98       371.21       177.77
           103     65  -1208.23676    0.03    99.23      3.96       548.99       372.76       176.23
           104    472  -1208.26519    0.02    99.25      3.98       549.01       372.21       176.79
           105    654  -1208.28704    0.02    99.28      3.99       549.02       370.17       178.85
           106    118  -1208.31441    0.02    99.30      4.01       549.04       369.51       179.52
           107    280  -1208.41552    0.02    99.32      4.07       549.10       371.91       177.19
           108    742  -1208.44240    0.02    99.34      4.08       549.11       371.24       177.87
           109    331  -1208.45860    0.02    99.36      4.09       549.12       371.23       177.89
           110    349  -1208.46353    0.02    99.38      4.09       549.12       371.93       177.19
           111    675  -1208.47500    0.02    99.40      4.10       549.13       372.46       176.67
           112    509  -1208.48366    0.02    99.42      4.11       549.14       372.03       177.11
           113     20  -1208.51794    0.02    99.44      4.13       549.16       371.93       177.22
           114      3  -1208.52292    0.02    99.46      4.13       549.16       372.18       176.98
           115    427  -1208.54822    0.02    99.48      4.14       549.17       371.77       177.41
           116    228  -1208.55707    0.02    99.49      4.15       549.18       370.41       178.77
           117     78  -1208.55788    0.02    99.51      4.15       549.18       370.45       178.73
           118     36  -1208.56630    0.02    99.53      4.16       549.19       369.77       179.42
           119    305  -1208.58009    0.02    99.55      4.16       549.19       370.79       178.41
           120    233  -1208.68755    0.02    99.57      4.23       549.26       370.77       178.49
           121    643  -1208.77700    0.01    99.58      4.28       549.31       371.13       178.18
           122    524  -1208.79500    0.01    99.59      4.29       549.32       370.38       178.94
           123    498  -1208.79606    0.01    99.61      4.29       549.32       370.91       178.41
           124    234  -1208.83422    0.01    99.62      4.32       549.35       370.70       178.64
           125    707  -1208.85309    0.01    99.64      4.33       549.36       372.43       176.93
           126    439  -1208.86727    0.01    99.65      4.33       549.37       372.33       177.04
           127    460  -1208.94028    0.01    99.66      4.38       549.41       370.44       178.97
           128    659  -1208.94931    0.01    99.67      4.38       549.41       372.30       177.11
           129    749  -1208.98422    0.01    99.69      4.40       549.43       373.05       176.39
           130    378  -1209.01300    0.01    99.70      4.42       549.45       372.35       177.10
           131    947  -1209.02676    0.01    99.71      4.43       549.46       368.97       180.49
           132    590  -1209.02934    0.01    99.72      4.43       549.46       371.88       177.58
           133    274  -1209.13290    0.01    99.73      4.49       549.52       370.89       178.63
          ------------------------------------------------------------------------------------------

          --------------------------------------------------------
          Potential Energy: E = (U+W) + H.O. Equipartion energy
          --------------------------------------------------------

          ------------------------------------------------------------------------------------------
          Rank    ID         E          U+W            U        W(PBSA)          PB           SA
          ------------------------------------------------------------------------------------------
             1    341       365.73       243.21       281.68       -38.46       -44.56         6.10
             2    987       366.41       243.90       279.38       -35.48       -41.50         6.02
             3    597       368.22       245.71       283.01       -37.30       -43.28         5.98
             4    712       367.73       245.22       281.30       -36.08       -42.07         6.00
             5    879       367.51       245.00       281.85       -36.86       -42.90         6.04
             6    991       366.81       244.30       282.44       -38.14       -44.10         5.96
             7    959       367.02       244.51       283.21       -38.71       -44.72         6.02
             8    846       367.85       245.34       284.01       -38.67       -44.80         6.13
             9    696       367.16       244.65       282.80       -38.15       -44.11         5.96
            10    417       369.97       247.45       286.39       -38.94       -44.96         6.02
            11    867       368.92       246.41       285.98       -39.57       -45.59         6.02
            12    781       368.38       245.87       283.05       -37.18       -43.23         6.05
            13    506       367.87       245.35       283.77       -38.41       -44.45         6.03
            14     89       367.61       245.10       280.53       -35.43       -41.42         5.99
            15      4       368.83       246.31       283.40       -37.08       -43.09         6.01
            16    722       369.57       247.06       283.77       -36.71       -42.62         5.91
            17     22       368.21       245.70       284.69       -38.99       -44.99         6.00
            18     87       370.26       247.75       288.52       -40.77       -46.77         6.00
            19    171       369.13       246.62       283.17       -36.55       -42.45         5.90
            20    585       370.04       247.53       284.56       -37.03       -42.98         5.95
            21    607       369.43       246.92       283.90       -36.98       -42.94         5.96
            22    379       368.14       245.62       281.00       -35.38       -41.38         6.00
            23    564       369.30       246.79       282.63       -35.84       -41.83         5.99
            24      1       369.03       246.52       282.89       -36.36       -42.39         6.02
            25    807       368.31       245.80       281.06       -35.26       -41.25         5.98
            26    906       368.69       246.18       281.58       -35.40       -41.34         5.94
            27    926       368.90       246.39       280.88       -34.49       -40.43         5.95
            28    522       369.72       247.21       286.57       -39.36       -45.32         5.97
            29    496       367.81       245.30       280.57       -35.27       -41.28         6.01
            30    355       368.90       246.38       280.77       -34.38       -40.36         5.98
            31    191       368.55       246.04       281.41       -35.38       -41.32         5.95
            32    457       368.76       246.25       284.23       -37.98       -43.92         5.94
            33    578       369.10       246.59       284.76       -38.17       -44.18         6.01
            34    394       368.98       246.47       280.98       -34.51       -40.49         5.98
            35    167       368.99       246.48       283.87       -37.39       -43.42         6.03
            36    422       368.83       246.32       280.73       -34.41       -40.41         6.00
            37    750       369.08       246.56       280.92       -34.35       -40.39         6.04
            38     41       368.45       245.94       283.82       -37.88       -43.87         5.99
            39    723       369.54       247.03       286.60       -39.57       -45.52         5.95
            40    647       370.63       248.12       282.42       -34.30       -40.25         5.95
            41    843       369.38       246.87       281.20       -34.33       -40.26         5.93
            42    676       369.28       246.77       284.26       -37.49       -43.58         6.08
            43    352       369.24       246.72       284.77       -38.04       -44.06         6.02
            44    242       369.96       247.45       285.93       -38.48       -44.47         5.99
            45    714       369.99       247.48       286.58       -39.10       -45.12         6.02
            46    336       368.46       245.95       285.34       -39.40       -45.32         5.92
            47    669       369.38       246.87       281.19       -34.32       -40.31         5.98
            48    235       368.90       246.39       284.32       -37.93       -43.93         6.00
            49    194       369.09       246.58       285.26       -38.69       -44.62         5.93
            50    534       370.04       247.53       286.78       -39.25       -45.32         6.07
            51    596       369.47       246.96       285.01       -38.05       -44.03         5.98
            52    601       368.64       246.12       285.59       -39.47       -45.42         5.95
            53    289       367.74       245.23       284.02       -38.79       -44.91         6.12
            54    569       369.63       247.12       285.86       -38.75       -44.85         6.10
            55    976       370.67       248.16       285.63       -37.47       -43.43         5.96
            56    973       370.04       247.53       284.67       -37.14       -43.15         6.01
            57    891       370.49       247.98       285.71       -37.73       -43.73         6.00
            58    896       370.46       247.95       283.40       -35.46       -41.39         5.93
            59     14       369.10       246.59       281.03       -34.44       -40.40         5.96
            60    419       370.32       247.81       283.70       -35.89       -41.87         5.98
            61    407       369.55       247.04       286.02       -38.97       -45.05         6.08
            62    862       370.57       248.06       288.54       -40.48       -46.48         6.00
            63    885       370.48       247.97       284.07       -36.10       -42.09         5.99
            64    467       370.68       248.17       285.07       -36.90       -42.82         5.93
            65    381       370.51       248.00       286.89       -38.90       -44.85         5.95
            66    298       370.60       248.09       286.66       -38.57       -44.50         5.93
            67    154       371.04       248.52       287.03       -38.50       -44.44         5.93
            68    638       369.33       246.82       285.06       -38.24       -44.24         6.00
            69    264       369.12       246.61       283.12       -36.51       -42.51         5.99
            70     57       371.87       249.36       286.70       -37.34       -43.28         5.94
            71    431       370.75       248.23       284.61       -36.38       -42.34         5.96
            72    902       369.84       247.33       286.02       -38.69       -44.59         5.90
            73    211       370.30       247.79       286.79       -38.99       -44.95         5.95
            74    869       369.48       246.97       283.23       -36.26       -42.28         6.02
            75     91       370.16       247.64       284.42       -36.78       -42.68         5.90
            76    806       372.18       249.67       287.52       -37.85       -43.80         5.95
            77    357       369.94       247.42       286.40       -38.98       -44.89         5.92
            78     95       369.47       246.95       283.50       -36.55       -42.53         5.98
            79    769       369.27       246.76       286.25       -39.49       -45.50         6.01
            80    136       371.22       248.71       286.71       -38.00       -43.97         5.96
            81    982       369.36       246.85       283.20       -36.35       -42.31         5.95
            82     40       369.74       247.22       285.06       -37.83       -43.79         5.96
            83    246       371.15       248.64       287.95       -39.31       -45.29         5.98
            84    827       370.60       248.09       287.37       -39.28       -45.29         6.01
            85    428       370.74       248.23       285.03       -36.79       -42.75         5.96
            86    787       370.72       248.21       286.45       -38.24       -44.17         5.93
            87    256       370.37       247.86       286.71       -38.85       -44.79         5.95
            88    986       371.52       249.00       285.48       -36.47       -42.37         5.90
            89    321       370.30       247.79       285.56       -37.77       -43.77         6.00
            90    484       371.43       248.91       287.52       -38.61       -44.57         5.96
            91    384       370.64       248.12       287.38       -39.26       -45.23         5.97
            92    679       371.08       248.57       285.34       -36.78       -42.66         5.88
            93    433       370.15       247.63       285.02       -37.38       -43.34         5.96
            94    812       370.52       248.01       284.52       -36.51       -42.44         5.93
            95    805       370.10       247.59       286.72       -39.13       -45.11         5.99
            96    164       371.63       249.12       283.80       -34.69       -40.60         5.91
            97     81       370.19       247.67       282.53       -34.86       -40.71         5.85
            98    445       369.65       247.14       285.86       -38.73       -44.78         6.05
            99    859       370.38       247.87       286.17       -38.30       -44.25         5.95
           100    129       370.82       248.31       286.93       -38.62       -44.58         5.95
           101    297       369.94       247.43       282.47       -35.04       -40.98         5.93
           102    546       371.21       248.70       286.55       -37.85       -43.79         5.94
           103     65       372.76       250.24       289.13       -38.88       -44.80         5.92
           104    472       372.21       249.70       287.59       -37.89       -43.80         5.92
           105    654       370.17       247.66       285.67       -38.00       -43.96         5.96
           106    118       369.51       247.00       284.28       -37.28       -43.26         5.98
           107    280       371.91       249.40       284.26       -34.87       -40.77         5.91
           108    742       371.24       248.73       286.09       -37.35       -43.30         5.95
           109    331       371.23       248.72       285.71       -36.99       -42.90         5.92
           110    349       371.93       249.42       289.49       -40.08       -46.09         6.01
           111    675       372.46       249.95       288.18       -38.24       -44.18         5.95
           112    509       372.03       249.52       286.83       -37.31       -43.23         5.92
           113     20       371.93       249.42       288.41       -38.99       -44.93         5.94
           114      3       372.18       249.66       287.95       -38.29       -44.28         6.00
           115    427       371.77       249.26       287.24       -37.99       -43.97         5.98
           116    228       370.41       247.90       285.17       -37.27       -43.27         6.01
           117     78       370.45       247.94       285.56       -37.62       -43.65         6.03
           118     36       369.77       247.26       283.18       -35.92       -41.91         5.99
           119    305       370.79       248.28       286.83       -38.55       -44.57         6.02
           120    233       370.77       248.25       287.67       -39.42       -45.39         5.97
           121    643       371.13       248.62       287.25       -38.63       -44.53         5.90
           122    524       370.38       247.87       282.64       -34.78       -40.70         5.93
           123    498       370.91       248.40       283.19       -34.79       -40.75         5.97
           124    234       370.70       248.19       286.50       -38.31       -44.21         5.90
           125    707       372.43       249.92       288.21       -38.29       -44.20         5.91
           126    439       372.33       249.82       286.11       -36.29       -42.24         5.94
           127    460       370.44       247.93       285.22       -37.29       -43.23         5.94
           128    659       372.30       249.79       290.05       -40.26       -46.24         5.98
           129    749       373.05       250.54       285.44       -34.90       -40.79         5.89
           130    378       372.35       249.84       288.79       -38.95       -44.93         5.97
           131    947       368.97       246.46       282.58       -36.12       -42.16         6.05
           132    590       371.88       249.37       284.04       -34.67       -40.58         5.91
           133    274       370.89       248.38       283.41       -35.03       -40.96         5.93
          ------------------------------------------------------------------------------------------

          ----------------------------------------
          Gas Phase Internal Potential Energy: U
          ----------------------------------------

          ------------------------------------------------------------------------------------------
          Rank    ID         U         Valence     Coulomb        VdW         VdW6        VdW12
          ------------------------------------------------------------------------------------------
             1    341       281.68       149.45       150.46       -18.23      -168.87       150.64
             2    987       279.38       152.51       149.36       -22.49      -168.20       145.71
             3    597       283.01       152.35       151.63       -20.98      -167.55       146.57
             4    712       281.30       153.31       150.63       -22.64      -168.66       146.02
             5    879       281.85       152.29       149.66       -20.09      -168.28       148.18
             6    991       282.44       152.14       151.64       -21.35      -170.35       149.01
             7    959       283.21       151.56       152.33       -20.67      -169.47       148.80
             8    846       284.01       151.82       150.68       -18.49      -165.51       147.02
             9    696       282.80       151.92       151.94       -21.06      -168.40       147.33
            10    417       286.39       153.01       154.41       -21.02      -165.53       144.51
            11    867       285.98       152.66       155.49       -22.18      -168.42       146.25
            12    781       283.05       152.56       149.75       -19.26      -166.44       147.18
            13    506       283.77       153.12       151.33       -20.68      -167.38       146.71
            14     89       280.53       152.38       149.41       -21.26      -169.62       148.36
            15      4       283.40       153.55       150.84       -20.99      -167.50       146.51
            16    722       283.77       153.16       153.82       -23.22      -168.50       145.27
            17     22       284.69       153.36       153.26       -21.93      -168.79       146.86
            18     87       288.52       153.64       157.47       -22.59      -166.98       144.40
            19    171       283.17       152.65       154.09       -23.58      -169.26       145.69
            20    585       284.56       153.87       151.75       -21.05      -167.19       146.14
            21    607       283.90       154.10       152.81       -23.01      -168.71       145.70
            22    379       281.00       152.70       149.18       -20.87      -168.99       148.11
            23    564       282.63       154.61       150.50       -22.49      -168.78       146.29
            24      1       282.89       153.19       150.36       -20.67      -168.29       147.63
            25    807       281.06       154.04       149.33       -22.31      -169.37       147.06
            26    906       281.58       154.19       149.97       -22.58      -170.09       147.51
            27    926       280.88       153.45       150.07       -22.65      -169.24       146.60
            28    522       286.57       153.06       156.11       -22.60      -169.28       146.68
            29    496       280.57       153.30       148.37       -21.09      -170.60       149.51
            30    355       280.77       153.73       149.78       -22.73      -170.76       148.02
            31    191       281.41       153.73       150.54       -22.86      -170.57       147.70
            32    457       284.23       152.56       152.52       -20.84      -168.12       147.28
            33    578       284.76       152.59       152.29       -20.12      -167.68       147.56
            34    394       280.98       153.99       149.45       -22.47      -169.49       147.02
            35    167       283.87       152.13       153.27       -21.53      -168.90       147.38
            36    422       280.73       153.75       149.25       -22.26      -170.06       147.80
            37    750       280.92       153.79       149.60       -22.48      -170.14       147.67
            38     41       283.82       153.54       151.37       -21.09      -170.14       149.04
            39    723       286.60       152.50       156.34       -22.23      -169.16       146.93
            40    647       282.42       153.20       151.96       -22.75      -167.18       144.43
            41    843       281.20       153.89       149.05       -21.75      -170.94       149.19
            42    676       284.26       149.56       150.38       -15.68      -164.34       148.66
            43    352       284.77       152.86       152.23       -20.32      -168.29       147.97
            44    242       285.93       153.14       154.08       -21.28      -167.38       146.10
            45    714       286.58       153.72       155.50       -22.64      -169.47       146.83
            46    336       285.34       152.75       154.25       -21.65      -170.36       148.71
            47    669       281.19       153.37       151.23       -23.41      -170.05       146.64
            48    235       284.32       153.34       151.77       -20.79      -171.65       150.85
            49    194       285.26       154.07       153.15       -21.96      -168.88       146.92
            50    534       286.78       151.59       156.41       -21.23      -168.64       147.42
            51    596       285.01       154.31       151.55       -20.85      -168.10       147.25
            52    601       285.59       152.79       154.40       -21.60      -170.23       148.63
            53    289       284.02       150.86       151.35       -18.19      -169.20       151.01
            54    569       285.86       151.46       153.37       -18.97      -166.12       147.15
            55    976       285.63       154.51       153.32       -22.20      -168.20       146.00
            56    973       284.67       152.92       151.85       -20.10      -167.72       147.62
            57    891       285.71       153.53       154.34       -22.16      -167.75       145.59
            58    896       283.40       155.25       150.46       -22.30      -170.94       148.64
            59     14       281.03       153.96       149.42       -22.35      -169.41       147.06
            60    419       283.70       154.42       153.01       -23.73      -169.17       145.44
            61    407       286.02       150.89       153.25       -18.12      -167.53       149.41
            62    862       288.54       153.60       157.37       -22.43      -167.89       145.45
            63    885       284.07       152.61       152.81       -21.35      -168.15       146.80
            64    467       285.07       154.49       153.98       -23.39      -169.91       146.52
            65    381       286.89       154.83       154.26       -22.19      -168.97       146.78
            66    298       286.66       154.04       154.75       -22.13      -169.08       146.95
            67    154       287.03       155.09       154.44       -22.50      -168.04       145.54
            68    638       285.06       152.36       154.17       -21.47      -170.39       148.92
            69    264       283.12       153.37       150.48       -20.74      -168.85       148.11
            70     57       286.70       153.97       156.70       -23.98      -168.60       144.62
            71    431       284.61       153.96       154.11       -23.46      -169.69       146.23
            72    902       286.02       154.55       153.59       -22.12      -169.79       147.67
            73    211       286.79       154.06       154.48       -21.75      -168.08       146.33
            74    869       283.23       152.96       151.81       -21.54      -169.72       148.18
            75     91       284.42       154.21       153.72       -23.51      -171.54       148.04
            76    806       287.52       155.24       154.38       -22.09      -168.29       146.19
            77    357       286.40       153.72       154.51       -21.83      -168.81       146.98
            78     95       283.50       152.72       151.47       -20.69      -169.38       148.69
            79    769       286.25       153.10       154.70       -21.55      -170.07       148.51
            80    136       286.71       154.64       154.50       -22.43      -168.30       145.88
            81    982       283.20       153.49       150.73       -21.02      -170.46       149.44
            82     40       285.06       152.73       154.27       -21.94      -169.00       147.07
            83    246       287.95       153.58       156.01       -21.64      -167.53       145.89
            84    827       287.37       152.02       155.27       -19.92      -167.91       147.98
            85    428       285.03       152.45       153.86       -21.28      -168.62       147.33
            86    787       286.45       155.14       154.68       -23.38      -169.85       146.47
            87    256       286.71       154.33       153.76       -21.38      -167.66       146.28
            88    986       285.48       154.05       155.44       -24.01      -169.22       145.21
            89    321       285.56       153.55       154.22       -22.21      -170.50       148.29
            90    484       287.52       155.58       154.34       -22.39      -168.46       146.07
            91    384       287.38       154.60       154.80       -22.02      -168.25       146.23
            92    679       285.34       155.16       154.11       -23.92      -170.80       146.88
            93    433       285.02       154.38       153.98       -23.34      -173.20       149.86
            94    812       284.52       154.87       152.45       -22.80      -170.41       147.61
            95    805       286.72       153.90       155.28       -22.46      -170.91       148.45
            96    164       283.80       154.23       153.21       -23.64      -169.84       146.20
            97     81       282.53       155.55       149.99       -23.00      -171.55       148.55
            98    445       285.86       153.07       154.11       -21.32      -171.08       149.76
            99    859       286.17       155.43       152.74       -22.00      -171.04       149.04
           100    129       286.93       152.33       156.05       -21.45      -166.07       144.62
           101    297       282.47       155.33       149.60       -22.46      -171.40       148.94
           102    546       286.55       154.49       154.12       -22.05      -168.33       146.27
           103     65       289.13       155.65       155.46       -21.98      -166.59       144.60
           104    472       287.59       148.50       161.68       -22.59      -165.79       143.20
           105    654       285.67       154.03       152.53       -20.89      -168.81       147.92
           106    118       284.28       153.19       152.37       -21.28      -171.23       149.95
           107    280       284.26       155.10       152.52       -23.36      -169.56       146.20
           108    742       286.09       154.73       153.48       -22.12      -168.65       146.53
           109    331       285.71       155.04       154.20       -23.53      -170.88       147.35
           110    349       289.49       154.41       157.98       -22.89      -169.27       146.38
           111    675       288.18       155.83       153.86       -21.50      -167.62       146.12
           112    509       286.83       155.86       152.75       -21.78      -168.52       146.74
           113     20       288.41       153.84       155.81       -21.24      -167.47       146.23
           114      3       287.95       155.20       154.08       -21.34      -167.68       146.35
           115    427       287.24       154.12       154.49       -21.36      -166.80       145.44
           116    228       285.17       154.26       152.80       -21.89      -170.97       149.08
           117     78       285.56       151.54       155.43       -21.41      -170.03       148.62
           118     36       283.18       155.03       149.87       -21.73      -172.94       151.21
           119    305       286.83       155.09       154.39       -22.65      -171.39       148.74
           120    233       287.67       153.76       155.89       -21.97      -169.08       147.11
           121    643       287.25       153.15       156.94       -22.83      -170.95       148.12
           122    524       282.64       156.31       149.56       -23.23      -172.59       149.36
           123    498       283.19       153.58       152.42       -22.81      -169.86       147.04
           124    234       286.50       155.24       153.40       -22.13      -169.92       147.79
           125    707       288.21       155.35       156.51       -23.66      -169.69       146.03
           126    439       286.11       155.10       154.06       -23.04      -168.63       145.58
           127    460       285.22       155.12       152.23       -22.14      -171.94       149.81
           128    659       290.05       155.73       156.64       -22.32      -167.48       145.16
           129    749       285.44       154.11       155.42       -24.10      -169.39       145.29
           130    378       288.79       154.61       156.60       -22.41      -168.46       146.05
           131    947       282.58       153.91       149.40       -20.74      -172.02       151.28
           132    590       284.04       155.48       151.14       -22.58      -168.76       146.18
           133    274       283.41       156.65       149.44       -22.68      -171.38       148.70
          ------------------------------------------------------------------------------------------

          -------------------------------
          Bonded Energy Terms: Valence
          -------------------------------

          ------------------------------------------------------------------------------------------
          Rank    ID     Valence       Bond        Angle         Pdih         Idih       Tether
          ------------------------------------------------------------------------------------------
             1    341       149.45         4.91        13.78       130.76         0.00         0.00
             2    987       152.51         4.41        11.14       136.95         0.00         0.00
             3    597       152.35         4.57        12.34       135.44         0.00         0.00
             4    712       153.31         4.45        11.52       137.34         0.00         0.00
             5    879       152.29         4.69        12.60       135.01         0.00         0.00
             6    991       152.14         4.70        13.17       134.27         0.00         0.00
             7    959       151.56         4.74        13.28       133.54         0.00         0.00
             8    846       151.82         4.68        12.05       135.08         0.00         0.00
             9    696       151.92         4.61        12.25       135.06         0.00         0.00
            10    417       153.01         4.48        12.03       136.50         0.00         0.00
            11    867       152.66         4.61        11.70       136.36         0.00         0.00
            12    781       152.56         4.72        12.23       135.61         0.00         0.00
            13    506       153.12         4.58        12.19       136.34         0.00         0.00
            14     89       152.38         4.65        12.03       135.69         0.00         0.00
            15      4       153.55         4.58        12.12       136.85         0.00         0.00
            16    722       153.16         4.47        11.31       137.38         0.00         0.00
            17     22       153.36         4.57        12.54       136.25         0.00         0.00
            18     87       153.64         4.45        12.17       137.01         0.00         0.00
            19    171       152.65         4.48        11.32       136.85         0.00         0.00
            20    585       153.87         4.51        11.56       137.80         0.00         0.00
            21    607       154.10         4.45        11.70       137.95         0.00         0.00
            22    379       152.70         4.70        12.03       135.97         0.00         0.00
            23    564       154.61         4.51        11.68       138.42         0.00         0.00
            24      1       153.19         4.63        12.25       136.31         0.00         0.00
            25    807       154.04         4.51        11.74       137.79         0.00         0.00
            26    906       154.19         4.55        11.80       137.85         0.00         0.00
            27    926       153.45         4.53        11.73       137.19         0.00         0.00
            28    522       153.06         4.55        12.04       136.47         0.00         0.00
            29    496       153.30         4.76        12.19       136.36         0.00         0.00
            30    355       153.73         4.50        11.39       137.85         0.00         0.00
            31    191       153.73         4.56        11.55       137.63         0.00         0.00
            32    457       152.56         4.66        13.18       134.71         0.00         0.00
            33    578       152.59         4.61        12.24       135.74         0.00         0.00
            34    394       153.99         4.55        11.77       137.67         0.00         0.00
            35    167       152.13         4.65        12.03       135.44         0.00         0.00
            36    422       153.75         4.59        11.70       137.45         0.00         0.00
            37    750       153.79         4.49        11.48       137.82         0.00         0.00
            38     41       153.54         4.79        12.39       136.36         0.00         0.00
            39    723       152.50         4.56        12.33       135.60         0.00         0.00
            40    647       153.20         4.43        11.49       137.28         0.00         0.00
            41    843       153.89         4.59        11.76       137.55         0.00         0.00
            42    676       149.56         4.85        13.65       131.06         0.00         0.00
            43    352       152.86         4.69        13.00       135.16         0.00         0.00
            44    242       153.14         4.55        12.59       135.99         0.00         0.00
            45    714       153.72         4.57        12.05       137.10         0.00         0.00
            46    336       152.75         4.69        13.51       134.54         0.00         0.00
            47    669       153.37         4.54        11.55       137.29         0.00         0.00
            48    235       153.34         4.84        12.81       135.70         0.00         0.00
            49    194       154.07         4.60        12.53       136.95         0.00         0.00
            50    534       151.59         4.71        12.94       133.95         0.00         0.00
            51    596       154.31         4.59        12.37       137.35         0.00         0.00
            52    601       152.79         4.69        13.53       134.57         0.00         0.00
            53    289       150.86         5.04        13.85       131.97         0.00         0.00
            54    569       151.46         4.68        12.31       134.46         0.00         0.00
            55    976       154.51         4.73        11.41       138.37         0.00         0.00
            56    973       152.92         4.60        11.97       136.35         0.00         0.00
            57    891       153.53         4.54        11.08       137.91         0.00         0.00
            58    896       155.25         4.67        11.97       138.60         0.00         0.00
            59     14       153.96         4.56        11.77       137.63         0.00         0.00
            60    419       154.42         4.50        10.78       139.13         0.00         0.00
            61    407       150.89         4.89        13.53       132.46         0.00         0.00
            62    862       153.60         4.59        11.82       137.19         0.00         0.00
            63    885       152.61         4.56        11.86       136.19         0.00         0.00
            64    467       154.49         4.47        11.66       138.36         0.00         0.00
            65    381       154.83         4.68        12.07       138.08         0.00         0.00
            66    298       154.04         4.59        12.36       137.08         0.00         0.00
            67    154       155.09         4.48        11.58       139.03         0.00         0.00
            68    638       152.36         4.72        12.92       134.71         0.00         0.00
            69    264       153.37         4.72        13.09       135.56         0.00         0.00
            70     57       153.97         4.42        11.50       138.05         0.00         0.00
            71    431       153.96         4.48        11.78       137.70         0.00         0.00
            72    902       154.55         4.61        12.75       137.19         0.00         0.00
            73    211       154.06         4.57        12.02       137.47         0.00         0.00
            74    869       152.96         4.65        12.40       135.91         0.00         0.00
            75     91       154.21         4.55        11.92       137.74         0.00         0.00
            76    806       155.24         4.64        11.79       138.80         0.00         0.00
            77    357       153.72         4.57        12.24       136.91         0.00         0.00
            78     95       152.72         4.66        12.25       135.82         0.00         0.00
            79    769       153.10         4.71        13.53       134.87         0.00         0.00
            80    136       154.64         4.50        11.39       138.75         0.00         0.00
            81    982       153.49         4.76        12.65       136.08         0.00         0.00
            82     40       152.73         4.56        12.32       135.84         0.00         0.00
            83    246       153.58         4.60        11.88       137.10         0.00         0.00
            84    827       152.02         4.81        13.16       134.05         0.00         0.00
            85    428       152.45         4.49        11.80       136.16         0.00         0.00
            86    787       155.14         4.57        11.73       138.84         0.00         0.00
            87    256       154.33         4.60        11.82       137.91         0.00         0.00
            88    986       154.05         4.38        11.41       138.26         0.00         0.00
            89    321       153.55         4.63        12.19       136.72         0.00         0.00
            90    484       155.58         4.62        11.81       139.14         0.00         0.00
            91    384       154.60         4.57        11.82       138.20         0.00         0.00
            92    679       155.16         4.50        11.44       139.22         0.00         0.00
            93    433       154.38         4.62        11.87       137.90         0.00         0.00
            94    812       154.87         4.56        12.27       138.04         0.00         0.00
            95    805       153.90         4.63        12.16       137.11         0.00         0.00
            96    164       154.23         4.44        11.64       138.16         0.00         0.00
            97     81       155.55         4.59        12.09       138.87         0.00         0.00
            98    445       153.07         4.78        12.93       135.37         0.00         0.00
            99    859       155.43         4.82        12.32       138.29         0.00         0.00
           100    129       152.33         4.53        11.39       136.42         0.00         0.00
           101    297       155.33         4.62        12.05       138.67         0.00         0.00
           102    546       154.49         4.51        11.73       138.26         0.00         0.00
           103     65       155.65         4.46        10.82       140.37         0.00         0.00
           104    472       148.50         4.64        13.10       130.76         0.00         0.00
           105    654       154.03         4.69        12.82       136.51         0.00         0.00
           106    118       153.19         4.73        12.33       136.12         0.00         0.00
           107    280       155.10         4.40        11.18       139.52         0.00         0.00
           108    742       154.73         4.50        11.52       138.71         0.00         0.00
           109    331       155.04         4.59        11.58       138.87         0.00         0.00
           110    349       154.41         4.56        12.38       137.47         0.00         0.00
           111    675       155.83         4.52        11.29       140.02         0.00         0.00
           112    509       155.86         4.57        12.16       139.12         0.00         0.00
           113     20       153.84         4.55        12.62       136.68         0.00         0.00
           114      3       155.20         4.54        11.41       139.25         0.00         0.00
           115    427       154.12         4.58        12.08       137.46         0.00         0.00
           116    228       154.26         4.67        11.47       138.13         0.00         0.00
           117     78       151.54         4.65        12.88       134.01         0.00         0.00
           118     36       155.03         4.89        12.65       137.50         0.00         0.00
           119    305       155.09         4.70        11.89       138.49         0.00         0.00
           120    233       153.76         4.71        12.19       136.86         0.00         0.00
           121    643       153.15         4.60        12.71       135.84         0.00         0.00
           122    524       156.31         4.63        12.22       139.46         0.00         0.00
           123    498       153.58         4.52        11.18       137.88         0.00         0.00
           124    234       155.24         4.63        12.78       137.83         0.00         0.00
           125    707       155.35         4.46        11.90       138.99         0.00         0.00
           126    439       155.10         4.45        11.44       139.21         0.00         0.00
           127    460       155.12         4.78        12.12       138.21         0.00         0.00
           128    659       155.73         4.64        11.66       139.42         0.00         0.00
           129    749       154.11         4.42        12.04       137.66         0.00         0.00
           130    378       154.61         4.49        11.96       138.16         0.00         0.00
           131    947       153.91         4.98        13.13       135.80         0.00         0.00
           132    590       155.48         4.40        11.34       139.74         0.00         0.00
           133    274       156.65         4.60        12.18       139.88         0.00         0.00
          ------------------------------------------------------------------------------------------

          Calculating single reference conformer RMSDs ...

          ---------------------------------
          Conformer RMSDs are in Angstroms.
          ---------------------------------

          ------------------------------------------------------------------------------------------
                              RMSD wrt Input Crd                    RMSD wrt Rank 1
                         ---------------------------------------------------------------------------
          Rank    ID        Complex    Receptor  Ligand          Complex    Receptor  Ligand
          ------------------------------------------------------------------------------------------
             1    341         1.732     1.666     2.278           0.000     0.000     0.000
             2    987         1.229     1.026     2.439           1.886     1.661     3.364
             3    597         1.400     1.288     2.212           2.581     2.421     3.801
             4    712         1.408     1.283     2.286           2.122     1.953     3.341
             5    879         1.193     0.992     2.384           1.241     0.532     3.705
             6    991         1.398     1.311     2.057           2.618     2.507     3.511
             7    959         1.452     1.365     2.119           2.634     2.535     3.453
             8    846         1.685     1.426     3.262           1.323     1.253     1.871
             9    696         1.402     1.274     2.295           2.557     2.389     3.819
            10    417         1.115     0.878     2.410           1.322     0.729     3.680
            11    867         1.000     0.853     1.909           1.428     1.138     3.043
            12    781         1.492     1.331     2.574           2.598     2.450     3.743
            13    506         1.211     1.043     2.269           1.665     1.355     3.444
            14     89         1.146     0.946     2.318           1.180     0.678     3.232
            15      4         1.135     0.920     2.360           1.288     0.645     3.703
            16    722         0.972     0.722     2.245           1.524     1.307     2.874
            17     22         1.343     1.210     2.254           2.325     2.140     3.658
            18     87         1.545     1.434     2.369           2.128     1.921     3.554
            19    171         1.235     1.125     2.010           2.130     2.035     2.894
            20    585         1.358     1.238     2.208           2.540     2.396     3.647
            21    607         1.304     1.110     2.495           2.124     1.929     3.487
            22    379         1.184     0.938     2.540           1.195     0.682     3.283
            23    564         1.413     1.284     2.319           2.133     1.966     3.346
            24      1         1.124     0.923     2.291           1.257     0.627     3.618
            25    807         1.127     0.877     2.472           2.399     2.292     3.260
            26    906         1.169     0.996     2.235           2.318     2.180     3.376
            27    926         1.462     1.311     2.494           1.759     1.475     3.465
            28    522         0.908     0.826     1.479           1.407     1.084     3.129
            29    496         1.104     0.933     2.143           1.089     0.536     3.145
            30    355         1.081     0.831     2.410           1.153     0.704     3.068
            31    191         1.362     1.204     2.403           2.149     2.007     3.216
            32    457         1.241     0.996     2.617           1.367     0.725     3.858
            33    578         1.423     1.270     2.453           2.563     2.388     3.871
            34    394         1.371     1.170     2.615           2.581     2.469     3.485
            35    167         1.606     1.462     2.619           2.071     2.085     1.926
            36    422         1.059     0.823     2.331           1.267     0.768     3.381
            37    750         1.030     0.837     2.132           1.229     0.794     3.170
            38     41         1.395     1.329     1.921           1.866     1.828     2.204
            39    723         1.588     1.509     2.213           2.417     2.295     3.378
            40    647         1.418     1.291     2.315           2.177     2.034     3.248
            41    843         1.353     1.224     2.250           2.517     2.417     3.333
            42    676         1.865     1.650     3.291           2.905     2.928     2.667
            43    352         1.429     1.312     2.272           2.643     2.501     3.750
            44    242         1.350     1.240     2.139           2.429     2.249     3.749
            45    714         1.236     1.196     1.573           2.288     2.187     3.103
            46    336         1.401     1.315     2.053           2.624     2.515     3.510
            47    669         1.249     1.153     1.950           2.284     2.199     2.979
            48    235         1.712     1.687     1.935           1.789     1.818     1.485
            49    194         1.994     1.963     2.278           1.903     1.655     3.492
            50    534         1.744     1.688     2.212           1.940     1.973     1.584
            51    596         1.247     1.047     2.449           1.995     1.743     3.620
            52    601         1.129     1.004     1.961           1.238     0.707     3.396
            53    289         1.851     1.819     2.141           0.457     0.198     1.362
            54    569         1.981     1.874     2.813           2.121     2.136     1.970
            55    976         1.246     1.148     1.958           2.521     2.472     2.950
            56    973         1.147     0.929     2.390           1.247     0.651     3.537
            57    891         1.193     0.970     2.469           2.090     1.889     3.478
            58    896         1.274     1.180     1.966           2.132     2.029     2.951
            59     14         1.347     1.196     2.353           2.211     2.065     3.303
            60    419         0.895     0.666     2.064           1.357     1.079     2.900
            61    407         1.880     1.831     2.307           0.574     0.255     1.700
            62    862         0.952     0.837     1.705           1.496     1.178     3.239
            63    885         1.456     1.260     2.699           2.645     2.501     3.764
            64    467         1.243     1.121     2.082           2.267     2.198     2.848
            65    381         1.385     1.341     1.755           1.975     1.766     3.387
            66    298         1.361     1.213     2.354           1.609     1.257     3.516
            67    154         1.119     0.854     2.517           2.139     1.908     3.693
            68    638         2.104     2.122     1.923           2.516     2.413     3.354
            69    264         1.439     1.330     2.236           2.363     2.201     3.575
            70     57         1.220     1.085     2.121           2.128     2.039     2.849
            71    431         1.399     1.240     2.453           1.950     1.756     3.284
            72    902         1.418     1.278     2.379           2.077     1.814     3.774
            73    211         1.413     1.266     2.412           2.187     1.971     3.670
            74    869         1.205     0.953     2.591           1.176     0.566     3.419
            75     91         1.005     0.826     2.045           2.452     2.392     2.973
            76    806         1.288     1.167     2.129           2.238     2.094     3.330
            77    357         1.196     0.915     2.680           2.208     1.961     3.855
            78     95         1.410     1.278     2.328           2.599     2.507     3.361
            79    769         1.165     1.022     2.093           1.219     0.700     3.337
            80    136         1.021     0.752     2.382           2.182     1.968     3.655
            81    982         1.121     0.938     2.217           1.325     0.751     3.649
            82     40         1.415     1.323     2.108           2.412     2.274     3.477
            83    246         0.970     0.810     1.921           1.734     1.468     3.356
            84    827         1.781     1.681     2.555           0.753     0.601     1.601
            85    428         1.384     1.237     2.379           2.550     2.387     3.780
            86    787         1.047     0.830     2.249           1.968     1.850     2.874
            87    256         1.257     1.009     2.653           2.218     1.920     4.109
            88    986         1.193     1.067     2.046           2.047     1.941     2.879
            89    321         0.972     0.846     1.777           1.221     0.871     2.933
            90    484         1.345     1.304     1.692           1.631     1.430     2.934
            91    384         1.080     0.861     2.299           2.172     1.938     3.746
            92    679         1.066     0.812     2.399           2.039     1.910     3.019
            93    433         0.918     0.789     1.726           1.366     1.101     2.863
            94    812         1.474     1.333     2.452           1.703     1.461     3.216
            95    805         1.105     0.989     1.887           1.553     1.289     3.112
            96    164         1.068     0.881     2.164           1.997     1.854     3.055
            97     81         1.194     0.988     2.402           1.999     1.826     3.226
            98    445         1.888     1.915     1.604           1.916     1.768     2.995
            99    859         1.236     1.044     2.399           1.787     1.840     1.158
           100    129         1.394     1.247     2.390           2.313     2.079     3.912
           101    297         1.097     0.877     2.328           2.087     1.932     3.228
           102    546         1.137     0.864     2.564           2.056     1.763     3.883
           103     65         1.380     1.205     2.506           2.007     1.703     3.867
           104    472         1.744     1.591     2.825           2.753     2.518     4.427
           105    654         1.484     1.330     2.526           2.425     2.203     3.980
           106    118         1.426     1.391     1.729           2.354     2.255     3.161
           107    280         1.294     1.156     2.226           2.096     1.934     3.278
           108    742         1.045     0.843     2.190           1.974     1.769     3.363
           109    331         1.344     1.191     2.357           2.131     2.017     3.020
           110    349         1.226     1.184     1.576           2.287     2.186     3.103
           111    675         1.044     0.845     2.177           2.020     1.768     3.651
           112    509         1.173     0.964     2.389           2.095     1.847     3.725
           113     20         1.306     1.072     2.663           1.897     1.530     3.976
           114      3         1.030     0.856     2.057           2.008     1.763     3.599
           115    427         1.365     1.184     2.519           2.396     2.191     3.852
           116    228         1.140     0.979     2.145           1.611     1.385     3.021
           117     78         1.479     1.349     2.398           2.475     2.348     3.476
           118     36         1.027     0.882     1.934           1.249     0.924     2.899
           119    305         1.101     1.020     1.692           1.842     1.784     2.326
           120    233         1.301     1.223     1.894           2.316     2.203     3.209
           121    643         1.391     1.291     2.130           2.480     2.351     3.489
           122    524         1.483     1.377     2.265           2.149     1.994     3.296
           123    498         1.277     1.111     2.335           2.503     2.431     3.114
           124    234         1.695     1.621     2.284           2.451     2.306     3.565
           125    707         0.949     0.704     2.199           2.620     2.593     2.869
           126    439         1.027     0.790     2.285           1.557     1.277     3.179
           127    460         1.394     1.380     1.528           1.889     1.798     2.616
           128    659         0.812     0.751     1.263           2.448     2.432     2.597
           129    749         1.553     1.476     2.166           1.876     1.638     3.413
           130    378         1.506     1.391     2.345           2.159     1.989     3.392
           131    947         1.359     1.335     1.567           1.933     1.850     2.604
           132    590         1.128     0.877     2.477           2.086     1.866     3.577
           133    274         1.112     0.893     2.346           2.093     1.939     3.226
          ------------------------------------------------------------------------------------------

          --------------------------------
          Final Boltzmann Averaged Data.
          --------------------------------

          -------------------------------------------------------------------
          Results of Boltzmann Averaging Over All  215 Conformers (kcal/mol).
          -------------------------------------------------------------------

          Free Energy                        G             544.0499361295
          Average Potential Energy         < E >           367.6527697987
          Entropy                           -TS            176.3971663308
          -------------------------------------------------------------------

          Average Potential Energy < E > Components.

          < U >                   282.5144375695
          < W(PBSA) >             -37.3729393431
          < H.O. P.E. >           122.5112775555

          Average Solvation Energy < W(PBSA) > Components.

          < PB >                  -43.3937553563
          < SA >                    6.0208160132

          Average Gas Phase Internal Potential Energy < U > Components.

          < Valence >             152.1111185416
          < Coulomb >             151.2319666088
          < VdW >                 -20.8286475809

          Average Van der Waals Energy < VdW > Components.

          < VdW6  >              -168.4330054727
          < VdW12 >               147.6043578919

          Average Bonded Energy < Valence > Components.

          < Bond >                  4.6376767245
          < Angle >                12.3866398919
          < Pdihed >              135.0868019252
          < Idihed >                0.0000000000
          < Tether >                0.0000000000

          -------------------------------------------------------------------
                        End of feprocess Calculation Results Summary.
          -------------------------------------------------------------------


     Total cpu time for run       4118.57 seconds.
                                    68.64 minutes.

     Total wall time for run      1993.92 seconds.
                                    33.23 minutes.

     TIME STAMP: VCPack job finished normally : Sunday, August 07, 2022 at 15:33:21
