
     --------------------------------------------------------------------------------
                        Running Program VCPack. Version 2.8

                           VeraChem LLC, PO Box 2206
                           Germantown, MD 20875, U.S.A.

                                Tel. 240-686-0565
                                www.verachem.com
     --------------------------------------------------------------------------------


     Input file          :   guest-s10_vm2.inp

     Output file         :   guest-s10_vm2.out

     Summary output file :   guest-s10_vm2.summary.out

     Executable : /data/comblab/vcCompChem_3b/exe/VC_CompChemPackage_mpi.exe

     Build date : Aug 13 2021  17:26:14

     This is a multiple processor run.

     MPI processes              :   16
     OpenMP threads per process :    0
     CUDA enabled               :  no

     TIME STAMP: VCPack job started : Saturday, August 06, 2022 at 17:08:03

     --------------------------------------------------------------------------------
                            Basic Calculation Control.
     --------------------------------------------------------------------------------

     Molecular system type                :  ligand          

     Calculation type                     :  vm2             

     Energy potential                     :  mm              

     Post-processing type                 :  none            

     Post-processing energy potential     :  none            

     Time limit in wall clock hours       :  96.00

     Read in starting conformers          :  no
     Type of conformers to read in        :  none
     Conformer source files(s)            :  none

     Use input .crd for complex build     :  no
     Place ligand confs. at input .crd    :  no
     Use input .crd as start conformer    :  yes

     Formatted output files               :  xyz     
                                          :  pdb     
                                          :  mol2    
                                          :  sdf     
                                          :  xyz     
                                          :  gms     
                                          :  csv     

     Split formatted output files         :  crd     

     Limit conformers in formatted files  :  bycount
     Maximum conformer count              :  1000

     Atoms to include in formatted files  :  all     

     Binary file restart type             :  none


     --------------------------------------------------------------------------------
                            Math Related Control and Set Up.
     --------------------------------------------------------------------------------

     Random number generator seeds :  bywallclock

     Seed 1 :           5951102
     Seed 2 :            595953
     Seed 3 :               610
     Seed 4 :             27455


     --------------------------------------------------------------------------------
                            Basic Molecular System Set Up.
     --------------------------------------------------------------------------------

     ------------------
     Ligand Data Files.
     ------------------

     Standard crd coordinate file            :  guest-s10.crd
     VeraChem topology file                  :  guest-s10.top
     Standard mol/sdf file                   :  guest-s10.mol

     Total number of ligand atoms            :        20

     Included in this calculation.
     Number of real and live ligand atoms    :        20
     Number of real but fixed ligand atoms   :         0

     Ligand placement method                 :  none

     Snap ligand to template atoms           :      no

     -------------------------------
     Final Real/Live Set Atom Count.
     -------------------------------

     Total number of real atoms              :        20
     Total number of live atoms              :        20


     --------------------------------------------------------------------------------
                            Generate Initial Molecular Conformation.
     --------------------------------------------------------------------------------

     Mandatory input crd file(s) used for generation of a single starting conformer.


     --------------------------------------------------------------------------------
                             Energy Potential Settings.
     --------------------------------------------------------------------------------


     Molecular Mechanics package          :  vchem           

     Quantum Mechanics package            :  none            


     --------------------------------------------------------------------------------
                    Running VM2 Mining Minima Module. Version 2.8
     --------------------------------------------------------------------------------

     Iteration    Free Energy G             G Diff            # Conformers     # Diff
        1             2.172757               2.172757              10              10
        2             2.171819              -0.000939              11               1
        3             2.171713              -0.000105              11               0
        4             2.171367              -0.000346              11               0

     VM2 Free Energy converged after    4 iterations.

     Final VM2 Free Energy is       2.171367 Kcal/mol.

          --------------------------------
          Final Individual Conformer Data.
          --------------------------------

          List data for conformers with probability of at least :  0.01 %
          Rankings are with respect to : Free Energy (G)

          ------------------------
          Free Energy: G = E - TS
          ------------------------

          ------------------------------------------------------------------------------------------
          Rank    ID     ln(Zx)    Prob(%)  Sum Prob(%)  Del G        G            E            -TS
          ------------------------------------------------------------------------------------------
             1    211    -38.61765   40.79    40.79      0.00         2.71       -20.18        22.89
             2    304    -39.41603   18.36    59.15      0.48         3.18       -19.72        22.90
             3      1    -39.56408   15.83    74.98      0.56         3.27       -19.76        23.03
             4    280    -39.71855   13.57    88.55      0.66         3.36       -19.71        23.08
             5     85    -39.99117   10.33    98.88      0.82         3.52       -19.64        23.16
             6    305    -43.25785    0.39    99.27      2.77         5.47       -17.43        22.91
             7     53    -44.02661    0.18    99.45      3.22         5.93       -17.09        23.02
             8    230    -44.05567    0.18    99.63      3.24         5.95       -17.19        23.13
             9     35    -44.14990    0.16    99.79      3.30         6.00       -17.18        23.18
            10    266    -44.18682    0.16    99.95      3.32         6.03       -17.42        23.44
            11    267    -45.30376    0.05   100.00      3.99         6.69       -16.65        23.34
          ------------------------------------------------------------------------------------------

          --------------------------------------------------------
          Potential Energy: E = (U+W) + H.O. Equipartion energy
          --------------------------------------------------------

          ------------------------------------------------------------------------------------------
          Rank    ID         E          U+W            U        W(PBSA)          PB           SA
          ------------------------------------------------------------------------------------------
             1    211       -20.18       -36.28        22.08       -58.36       -60.29         1.93
             2    304       -19.72       -35.82        22.49       -58.31       -60.26         1.95
             3      1       -19.76       -35.86        22.62       -58.48       -60.40         1.92
             4    280       -19.71       -35.81        22.37       -58.18       -60.10         1.92
             5     85       -19.64       -35.73        22.80       -58.53       -60.44         1.90
             6    305       -17.43       -33.53        24.34       -57.87       -59.77         1.90
             7     53       -17.09       -33.18        25.26       -58.44       -60.34         1.90
             8    230       -17.19       -33.28        25.22       -58.51       -60.41         1.90
             9     35       -17.18       -33.27        25.37       -58.64       -60.51         1.87
            10    266       -17.42       -33.51        24.55       -58.07       -59.94         1.87
            11    267       -16.65       -32.75        25.52       -58.27       -60.15         1.88
          ------------------------------------------------------------------------------------------

          ----------------------------------------
          Gas Phase Internal Potential Energy: U
          ----------------------------------------

          ------------------------------------------------------------------------------------------
          Rank    ID         U         Valence     Coulomb        VdW         VdW6        VdW12
          ------------------------------------------------------------------------------------------
             1    211        22.08         1.88        19.56         0.64        -4.48         5.12
             2    304        22.49         2.42        19.30         0.77        -4.63         5.41
             3      1        22.62         2.40        19.46         0.76        -5.07         5.83
             4    280        22.37         2.17        19.64         0.57        -5.26         5.83
             5     85        22.80         2.66        19.48         0.65        -5.46         6.11
             6    305        24.34         3.59        20.07         0.68        -5.47         6.14
             7     53        25.26         4.96        19.51         0.78        -5.43         6.21
             8    230        25.22         4.94        19.47         0.81        -5.46         6.27
             9     35        25.37         4.94        19.66         0.76        -5.87         6.64
            10    266        24.55         3.73        20.22         0.61        -6.40         7.00
            11    267        25.52         4.93        19.83         0.76        -6.20         6.96
          ------------------------------------------------------------------------------------------

          -------------------------------
          Bonded Energy Terms: Valence
          -------------------------------

          ------------------------------------------------------------------------------------------
          Rank    ID     Valence       Bond        Angle         Pdih         Idih       Tether
          ------------------------------------------------------------------------------------------
             1    211         1.88         0.14         0.87         0.88         0.00         0.00
             2    304         2.42         0.15         1.14         1.13         0.00         0.00
             3      1         2.40         0.17         1.21         1.02         0.00         0.00
             4    280         2.17         0.16         1.07         0.94         0.00         0.00
             5     85         2.66         0.17         1.38         1.11         0.00         0.00
             6    305         3.59         0.19         1.56         1.84         0.00         0.00
             7     53         4.96         0.17         1.38         3.41         0.00         0.00
             8    230         4.94         0.20         1.67         3.07         0.00         0.00
             9     35         4.94         0.23         1.86         2.86         0.00         0.00
            10    266         3.73         0.24         2.10         1.39         0.00         0.00
            11    267         4.93         0.25         2.33         2.35         0.00         0.00
          ------------------------------------------------------------------------------------------

          Calculating single reference conformer RMSDs ...

          ---------------------------------
          Conformer RMSDs are in Angstroms.
          ---------------------------------

          ------------------------------------------------------------------------------------------
                              RMSD wrt Input Crd                    RMSD wrt Rank 1
                         ---------------------------------------------------------------------------
          Rank    ID        Complex    Receptor  Ligand          Complex    Receptor  Ligand
          ------------------------------------------------------------------------------------------
             1    211                             0.731                               0.000
             2    304                             0.727                               0.676
             3      1                             0.024                               0.722
             4    280                             1.028                               0.654
             5     85                             0.924                               1.148
             6    305                             1.459                               0.722
             7     53                             1.487                               1.193
             8    230                             0.854                               1.165
             9     35                             0.553                               1.331
            10    266                             0.723                               1.486
            11    267                             0.779                               1.342
          ------------------------------------------------------------------------------------------

          --------------------------------
          Final Boltzmann Averaged Data.
          --------------------------------

          -------------------------------------------------------------------
          Results of Boltzmann Averaging Over All   11 Conformers (kcal/mol).
          -------------------------------------------------------------------

          Free Energy                        G               2.1713669260
          Average Potential Energy         < E >           -19.8770818525
          Entropy                           -TS             22.0484487785
          -------------------------------------------------------------------

          Average Potential Energy < E > Components.

          < U >                    22.3871694036
          < W(PBSA) >             -58.3603457732
          < H.O. P.E. >            16.0963722336

          Average Solvation Energy < W(PBSA) > Components.

          < PB >                  -60.2889734759
          < SA >                    1.9286277027

          Average Gas Phase Internal Potential Energy < U > Components.

          < Valence >               2.2108425424
          < Coulomb >              19.5028175942
          < VdW >                   0.6735092670

          Average Van der Waals Energy < VdW > Components.

          < VdW6  >                -4.8242480829
          < VdW12 >                 5.4977573499

          Average Bonded Energy < Valence > Components.

          < Bond >                  0.1523847109
          < Angle >                 1.0604486327
          < Pdihed >                0.9980091988
          < Idihed >                0.0000000000
          < Tether >                0.0000000000

          -------------------------------------------------------------------
                        End of VM2 Calculation Results Summary.
          -------------------------------------------------------------------


     Total cpu time for run          5.12 seconds.
                                     0.09 minutes.

     Total wall time for run         5.33 seconds.
                                     0.09 minutes.

     TIME STAMP: VCPack job finished normally : Saturday, August 06, 2022 at 17:08:08
