
     --------------------------------------------------------------------------------
                        Running Program VCPack. Version 2.8

                           VeraChem LLC, PO Box 2206
                           Germantown, MD 20875, U.S.A.

                                Tel. 240-686-0565
                                www.verachem.com
     --------------------------------------------------------------------------------


     Input file          :   guest-7_vm2.inp

     Output file         :   guest-7_vm2.out

     Summary output file :   guest-7_vm2.summary.out

     Executable : /data/comblab/vcCompChem_3b/exe/VC_CompChemPackage_mpi.exe

     Build date : Aug 13 2021  17:26:14

     This is a multiple processor run.

     MPI processes              :   16
     OpenMP threads per process :    0
     CUDA enabled               :  no

     TIME STAMP: VCPack job started : Sunday, August 07, 2022 at 12:00:49

     --------------------------------------------------------------------------------
                            Basic Calculation Control.
     --------------------------------------------------------------------------------

     Molecular system type                :  ligand          

     Calculation type                     :  vm2             

     Energy potential                     :  mm              

     Post-processing type                 :  none            

     Post-processing energy potential     :  none            

     Time limit in wall clock hours       :  96.00

     Read in starting conformers          :  no
     Type of conformers to read in        :  none
     Conformer source files(s)            :  none

     Use input .crd for complex build     :  no
     Place ligand confs. at input .crd    :  no
     Use input .crd as start conformer    :  yes

     Formatted output files               :  xyz     
                                          :  pdb     
                                          :  mol2    
                                          :  sdf     
                                          :  xyz     
                                          :  gms     
                                          :  csv     

     Split formatted output files         :  crd     

     Limit conformers in formatted files  :  bycount
     Maximum conformer count              :  1000

     Atoms to include in formatted files  :  all     

     Binary file restart type             :  none


     --------------------------------------------------------------------------------
                            Math Related Control and Set Up.
     --------------------------------------------------------------------------------

     Random number generator seeds :  bywallclock

     Seed 1 :           5611646
     Seed 2 :            509033
     Seed 3 :               176
     Seed 4 :             23163


     --------------------------------------------------------------------------------
                            Basic Molecular System Set Up.
     --------------------------------------------------------------------------------

     ------------------
     Ligand Data Files.
     ------------------

     Standard crd coordinate file            :  guest-7.crd
     VeraChem topology file                  :  guest-7.top
     Standard mol/sdf file                   :  guest-7.mol

     Total number of ligand atoms            :        19

     Included in this calculation.
     Number of real and live ligand atoms    :        19
     Number of real but fixed ligand atoms   :         0

     Ligand placement method                 :  none

     Snap ligand to template atoms           :      no

     -------------------------------
     Final Real/Live Set Atom Count.
     -------------------------------

     Total number of real atoms              :        19
     Total number of live atoms              :        19


     --------------------------------------------------------------------------------
                            Generate Initial Molecular Conformation.
     --------------------------------------------------------------------------------

     Mandatory input crd file(s) used for generation of a single starting conformer.


     --------------------------------------------------------------------------------
                             Energy Potential Settings.
     --------------------------------------------------------------------------------


     Molecular Mechanics package          :  vchem           

     Quantum Mechanics package            :  none            


     --------------------------------------------------------------------------------
                    Running VM2 Mining Minima Module. Version 2.8
     --------------------------------------------------------------------------------

     Iteration    Free Energy G             G Diff            # Conformers     # Diff
        1           -26.656785             -26.656785              21              21
        2           -26.676702              -0.019917              29               8
        3           -26.681017              -0.004315              31               2
        4           -26.681304              -0.000287              31               0

     VM2 Free Energy converged after    4 iterations.

     Final VM2 Free Energy is     -26.681304 Kcal/mol.

          --------------------------------
          Final Individual Conformer Data.
          --------------------------------

          List data for conformers with probability of at least :  0.01 %
          Rankings are with respect to : Free Energy (G)

          ------------------------
          Free Energy: G = E - TS
          ------------------------

          ------------------------------------------------------------------------------------------
          Rank    ID     ln(Zx)    Prob(%)  Sum Prob(%)  Del G        G            E            -TS
          ------------------------------------------------------------------------------------------
             1     69      1.71249   41.09    41.09      0.00       -26.15       -40.89        14.74
             2    319      0.46663   11.82    52.92      0.74       -25.41       -40.25        14.85
             3     33      0.40192   11.08    64.00      0.78       -25.37       -40.22        14.85
             4    201      0.23926    9.42    73.42      0.88       -25.27       -40.13        14.85
             5    269      0.21219    9.17    82.58      0.89       -25.26       -40.11        14.85
             6    278     -0.68471    3.74    86.32      1.43       -24.72       -39.77        15.05
             7    284     -0.68649    3.73    90.05      1.43       -24.72       -39.77        15.05
             8      0     -1.15216    2.34    92.40      1.71       -24.44       -39.69        15.25
             9     22     -1.50802    1.64    94.04      1.92       -24.23       -39.38        15.15
            10     21     -1.52361    1.62    95.65      1.93       -24.22       -39.37        15.15
            11    125     -2.29791    0.74    96.40      2.39       -23.76       -38.93        15.17
            12     60     -2.31039    0.74    97.13      2.40       -23.75       -38.92        15.16
            13    150     -2.32025    0.73    97.86      2.40       -23.75       -38.91        15.16
            14    238     -2.36013    0.70    98.56      2.43       -23.72       -38.89        15.17
            15    114     -2.80822    0.45    99.01      2.70       -23.46       -38.65        15.19
            16    294     -2.86104    0.42    99.43      2.73       -23.42       -38.62        15.19
            17    254     -4.44718    0.09    99.52      3.67       -22.48       -38.02        15.54
            18    297     -4.47367    0.08    99.60      3.69       -22.46       -38.01        15.54
            19     91     -4.52795    0.08    99.68      3.72       -22.43       -37.49        15.06
            20     73     -4.56098    0.08    99.76      3.74       -22.41       -37.48        15.06
            21     25     -4.78955    0.06    99.82      3.88       -22.27       -37.62        15.35
            22    221     -4.79690    0.06    99.88      3.88       -22.27       -37.62        15.35
            23     92     -4.98446    0.05    99.94      3.99       -22.16       -37.23        15.07
            24    310     -4.99778    0.05    99.99      4.00       -22.15       -37.22        15.07
          ------------------------------------------------------------------------------------------

          --------------------------------------------------------
          Potential Energy: E = (U+W) + H.O. Equipartion energy
          --------------------------------------------------------

          ------------------------------------------------------------------------------------------
          Rank    ID         E          U+W            U        W(PBSA)          PB           SA
          ------------------------------------------------------------------------------------------
             1     69       -40.89       -56.09         5.98       -62.07       -64.22         2.15
             2    319       -40.25       -55.46         6.91       -62.37       -64.45         2.08
             3     33       -40.22       -55.42         6.91       -62.33       -64.42         2.09
             4    201       -40.13       -55.33         7.24       -62.57       -64.67         2.09
             5    269       -40.11       -55.31         7.24       -62.56       -64.66         2.10
             6    278       -39.77       -54.97         8.27       -63.24       -65.34         2.10
             7    284       -39.77       -54.97         8.27       -63.24       -65.33         2.09
             8      0       -39.69       -54.89         6.97       -61.86       -63.96         2.11
             9     22       -39.38       -54.58         8.22       -62.80       -64.86         2.06
            10     21       -39.37       -54.57         8.22       -62.79       -64.83         2.04
            11    125       -38.93       -54.13         8.87       -63.00       -65.09         2.09
            12     60       -38.92       -54.12         9.28       -63.40       -65.48         2.07
            13    150       -38.91       -54.11         9.28       -63.40       -65.46         2.06
            14    238       -38.89       -54.09         8.87       -62.96       -65.04         2.08
            15    114       -38.65       -53.85         9.75       -63.60       -65.66         2.05
            16    294       -38.62       -53.82         9.75       -63.57       -65.64         2.07
            17    254       -38.02       -53.22        10.21       -63.44       -65.47         2.03
            18    297       -38.01       -53.21        10.21       -63.42       -65.46         2.04
            19     91       -37.49       -52.70        10.23       -62.93       -64.99         2.06
            20     73       -37.48       -52.68        10.23       -62.91       -64.98         2.07
            21     25       -37.62       -52.83        10.97       -63.79       -65.83         2.04
            22    221       -37.62       -52.82        10.97       -63.79       -65.84         2.05
            23     92       -37.23       -52.43        10.42       -62.86       -64.91         2.06
            24    310       -37.22       -52.43        10.42       -62.85       -64.92         2.07
          ------------------------------------------------------------------------------------------

          ----------------------------------------
          Gas Phase Internal Potential Energy: U
          ----------------------------------------

          ------------------------------------------------------------------------------------------
          Rank    ID         U         Valence     Coulomb        VdW         VdW6        VdW12
          ------------------------------------------------------------------------------------------
             1     69         5.98         6.67        -1.31         0.61        -5.35         5.96
             2    319         6.91         7.20        -1.02         0.74        -6.01         6.75
             3     33         6.91         7.20        -1.02         0.74        -6.01         6.75
             4    201         7.24         7.17        -0.67         0.74        -5.97         6.71
             5    269         7.24         7.17        -0.67         0.74        -5.97         6.71
             6    278         8.27         6.93         0.87         0.46        -6.20         6.66
             7    284         8.27         6.94         0.87         0.46        -6.20         6.66
             8      0         6.97         7.17        -1.36         1.15        -5.64         6.79
             9     22         8.22         7.61        -0.09         0.70        -6.92         7.62
            10     21         8.22         7.61        -0.09         0.70        -6.92         7.62
            11    125         8.87         7.47         0.76         0.64        -6.78         7.42
            12     60         9.28         7.43         1.30         0.56        -6.84         7.40
            13    150         9.28         7.43         1.30         0.56        -6.84         7.40
            14    238         8.87         7.47         0.76         0.64        -6.78         7.42
            15    114         9.75         7.45         1.92         0.38        -7.17         7.55
            16    294         9.75         7.45         1.92         0.38        -7.17         7.55
            17    254        10.21         7.87         1.97         0.38        -8.07         8.45
            18    297        10.21         7.87         1.97         0.38        -8.07         8.45
            19     91        10.23         9.64        -0.16         0.75        -6.88         7.63
            20     73        10.23         9.64        -0.16         0.75        -6.88         7.63
            21     25        10.97         8.61         1.89         0.47        -7.57         8.04
            22    221        10.97         8.61         1.89         0.47        -7.57         8.04
            23     92        10.42         9.63         0.10         0.69        -6.93         7.62
            24    310        10.42         9.63         0.10         0.69        -6.93         7.62
          ------------------------------------------------------------------------------------------

          -------------------------------
          Bonded Energy Terms: Valence
          -------------------------------

          ------------------------------------------------------------------------------------------
          Rank    ID     Valence       Bond        Angle         Pdih         Idih       Tether
          ------------------------------------------------------------------------------------------
             1     69         6.67         0.09         2.25         4.33         0.00         0.00
             2    319         7.20         0.13         2.50         4.57         0.00         0.00
             3     33         7.20         0.13         2.50         4.57         0.00         0.00
             4    201         7.17         0.12         2.48         4.58         0.00         0.00
             5    269         7.17         0.12         2.48         4.58         0.00         0.00
             6    278         6.93         0.11         2.42         4.41         0.00         0.00
             7    284         6.94         0.11         2.42         4.41         0.00         0.00
             8      0         7.17         0.12         2.72         4.34         0.00         0.00
             9     22         7.61         0.16         2.87         4.58         0.00         0.00
            10     21         7.61         0.16         2.87         4.58         0.00         0.00
            11    125         7.47         0.14         2.67         4.66         0.00         0.00
            12     60         7.43         0.14         2.63         4.65         0.00         0.00
            13    150         7.43         0.14         2.63         4.65         0.00         0.00
            14    238         7.47         0.14         2.67         4.66         0.00         0.00
            15    114         7.45         0.15         2.77         4.53         0.00         0.00
            16    294         7.45         0.15         2.77         4.53         0.00         0.00
            17    254         7.87         0.19         3.12         4.56         0.00         0.00
            18    297         7.87         0.19         3.12         4.56         0.00         0.00
            19     91         9.64         0.16         3.00         6.48         0.00         0.00
            20     73         9.64         0.16         3.00         6.48         0.00         0.00
            21     25         8.61         0.17         3.20         5.24         0.01         0.00
            22    221         8.61         0.17         3.20         5.24         0.01         0.00
            23     92         9.63         0.17         2.99         6.46         0.00         0.00
            24    310         9.63         0.17         2.99         6.47         0.00         0.00
          ------------------------------------------------------------------------------------------

          Calculating single reference conformer RMSDs ...

          ---------------------------------
          Conformer RMSDs are in Angstroms.
          ---------------------------------

          ------------------------------------------------------------------------------------------
                              RMSD wrt Input Crd                    RMSD wrt Rank 1
                         ---------------------------------------------------------------------------
          Rank    ID        Complex    Receptor  Ligand          Complex    Receptor  Ligand
          ------------------------------------------------------------------------------------------
             1     69                             1.765                               0.000
             2    319                             0.903                               0.662
             3     33                             0.744                               1.127
             4    201                             1.872                               0.676
             5    269                             1.089                               1.484
             6    278                             2.485                               1.276
             7    284                             1.913                               1.276
             8      0                             0.024                               1.139
             9     22                             1.295                               1.386
            10     21                             1.343                               1.243
            11    125                             1.790                               0.702
            12     60                             2.157                               1.559
            13    150                             2.027                               1.341
            14    238                             1.633                               0.702
            15    114                             2.493                               1.959
            16    294                             2.063                               2.608
            17    254                             1.810                               2.066
            18    297                             1.672                               1.681
            19     91                             1.281                               1.464
            20     73                             1.470                               1.325
            21     25                             1.917                               2.356
            22    221                             1.922                               2.375
            23     92                             1.913                               1.841
            24    310                             1.625                               1.451
          ------------------------------------------------------------------------------------------

          --------------------------------
          Final Boltzmann Averaged Data.
          --------------------------------

          -------------------------------------------------------------------
          Results of Boltzmann Averaging Over All   31 Conformers (kcal/mol).
          -------------------------------------------------------------------

          Free Energy                        G             -26.6813039404
          Average Potential Energy         < E >           -40.3387030005
          Entropy                           -TS             13.6573990601
          -------------------------------------------------------------------

          Average Potential Energy < E > Components.

          < U >                     6.8422517779
          < W(PBSA) >             -62.3827225621
          < H.O. P.E. >            15.2021293317

          Average Solvation Energy < W(PBSA) > Components.

          < PB >                  -64.4973996700
          < SA >                    2.1146771078

          Average Gas Phase Internal Potential Energy < U > Components.

          < Valence >               6.9893730336
          < Coulomb >              -0.8118839997
          < VdW >                   0.6647627440

          Average Van der Waals Energy < VdW > Components.

          < VdW6  >                -5.8088368330
          < VdW12 >                 6.4735995770

          Average Bonded Energy < Valence > Components.

          < Bond >                  0.1080089594
          < Angle >                 2.4161579302
          < Pdihed >                4.4645972819
          < Idihed >                0.0006088621
          < Tether >                0.0000000000

          -------------------------------------------------------------------
                        End of VM2 Calculation Results Summary.
          -------------------------------------------------------------------


     Total cpu time for run          7.62 seconds.
                                     0.13 minutes.

     Total wall time for run         7.82 seconds.
                                     0.13 minutes.

     TIME STAMP: VCPack job finished normally : Sunday, August 07, 2022 at 12:00:57
