
     --------------------------------------------------------------------------------
                        Running Program VCPack. Version 2.8

                           VeraChem LLC, PO Box 2206
                           Germantown, MD 20875, U.S.A.

                                Tel. 240-686-0565
                                www.verachem.com
     --------------------------------------------------------------------------------


     Input file          :   guest-8_vm2.inp

     Output file         :   guest-8_vm2.out

     Summary output file :   guest-8_vm2.summary.out

     Executable : /data/comblab/vcCompChem_3b/exe/VC_CompChemPackage_mpi.exe

     Build date : Aug 13 2021  17:26:14

     This is a multiple processor run.

     MPI processes              :   16
     OpenMP threads per process :    0
     CUDA enabled               :  no

     TIME STAMP: VCPack job started : Sunday, August 07, 2022 at 12:00:57

     --------------------------------------------------------------------------------
                            Basic Calculation Control.
     --------------------------------------------------------------------------------

     Molecular system type                :  ligand          

     Calculation type                     :  vm2             

     Energy potential                     :  mm              

     Post-processing type                 :  none            

     Post-processing energy potential     :  none            

     Time limit in wall clock hours       :  96.00

     Read in starting conformers          :  no
     Type of conformers to read in        :  none
     Conformer source files(s)            :  none

     Use input .crd for complex build     :  no
     Place ligand confs. at input .crd    :  no
     Use input .crd as start conformer    :  yes

     Formatted output files               :  xyz     
                                          :  pdb     
                                          :  mol2    
                                          :  sdf     
                                          :  xyz     
                                          :  gms     
                                          :  csv     

     Split formatted output files         :  crd     

     Limit conformers in formatted files  :  bycount
     Maximum conformer count              :  1000

     Atoms to include in formatted files  :  all     

     Binary file restart type             :  none


     --------------------------------------------------------------------------------
                            Math Related Control and Set Up.
     --------------------------------------------------------------------------------

     Random number generator seeds :  bywallclock

     Seed 1 :           5694832
     Seed 2 :            511833
     Seed 3 :               184
     Seed 4 :             23622


     --------------------------------------------------------------------------------
                            Basic Molecular System Set Up.
     --------------------------------------------------------------------------------

     ------------------
     Ligand Data Files.
     ------------------

     Standard crd coordinate file            :  guest-8.crd
     VeraChem topology file                  :  guest-8.top
     Standard mol/sdf file                   :  guest-8.mol

     Total number of ligand atoms            :        25

     Included in this calculation.
     Number of real and live ligand atoms    :        25
     Number of real but fixed ligand atoms   :         0

     Ligand placement method                 :  none

     Snap ligand to template atoms           :      no

     -------------------------------
     Final Real/Live Set Atom Count.
     -------------------------------

     Total number of real atoms              :        25
     Total number of live atoms              :        25


     --------------------------------------------------------------------------------
                            Generate Initial Molecular Conformation.
     --------------------------------------------------------------------------------

     Mandatory input crd file(s) used for generation of a single starting conformer.


     --------------------------------------------------------------------------------
                             Energy Potential Settings.
     --------------------------------------------------------------------------------


     Molecular Mechanics package          :  vchem           

     Quantum Mechanics package            :  none            


     --------------------------------------------------------------------------------
                    Running VM2 Mining Minima Module. Version 2.8
     --------------------------------------------------------------------------------

     Iteration    Free Energy G             G Diff            # Conformers     # Diff
        1            -8.323031              -8.323031              57              57
        2            -8.652210              -0.329179             109              52
        3            -8.666077              -0.013867             118               9
        4            -8.723883              -0.057805             144              26
        5            -8.723978              -0.000095             144               0
        6            -8.818412              -0.094434             173              29
        7            -8.824817              -0.006405             177               4
        8            -8.835844              -0.011027             187              10
        9            -8.836214              -0.000370             189               2
       10            -8.839650              -0.003436             203              14

     VM2 Free Energy converged after   10 iterations.

     Final VM2 Free Energy is      -8.839650 Kcal/mol.

          --------------------------------
          Final Individual Conformer Data.
          --------------------------------

          List data for conformers with probability of at least :  0.01 %
          Rankings are with respect to : Free Energy (G)

          ------------------------
          Free Energy: G = E - TS
          ------------------------

          ------------------------------------------------------------------------------------------
          Rank    ID     ln(Zx)    Prob(%)  Sum Prob(%)  Del G        G            E            -TS
          ------------------------------------------------------------------------------------------
             1   1130    -36.15967   22.96    22.96      0.00        -7.96       -32.36        24.40
             2   1266    -37.55864    5.67    28.63      0.83        -7.13       -31.64        24.51
             3   1028    -37.59963    5.44    34.07      0.86        -7.10       -31.61        24.51
             4    921    -37.68464    5.00    39.06      0.91        -7.05       -31.56        24.51
             5   1285    -37.69579    4.94    44.00      0.92        -7.05       -31.55        24.50
             6   1286    -37.71349    4.85    48.86      0.93        -7.04       -31.54        24.51
             7   1015    -37.74068    4.72    53.58      0.94        -7.02       -31.53        24.51
             8   1345    -37.75330    4.67    58.25      0.95        -7.01       -31.52        24.51
             9   1064    -37.75444    4.66    62.91      0.95        -7.01       -31.51        24.50
            10    487    -38.47450    2.27    65.18      1.38        -6.58       -31.29        24.71
            11     54    -38.48732    2.24    67.42      1.39        -6.57       -31.29        24.71
            12   1177    -39.01679    1.32    68.73      1.70        -6.26       -30.87        24.62
            13    182    -39.05521    1.27    70.00      1.73        -6.24       -30.86        24.62
            14   1183    -39.06714    1.25    71.26      1.73        -6.23       -30.84        24.62
            15   1343    -39.06828    1.25    72.51      1.73        -6.23       -30.85        24.62
            16    972    -39.09252    1.22    73.73      1.75        -6.21       -30.85        24.64
            17    531    -39.10918    1.20    74.93      1.76        -6.20       -30.84        24.64
            18      0    -39.20917    1.09    76.02      1.82        -6.14       -31.06        24.92
            19    509    -39.22116    1.07    77.10      1.83        -6.14       -30.98        24.84
            20    494    -39.23671    1.06    78.16      1.83        -6.13       -30.77        24.64
            21    847    -39.24581    1.05    79.20      1.84        -6.12       -30.97        24.84
            22    181    -39.24718    1.05    80.25      1.84        -6.12       -30.76        24.64
            23     93    -39.25657    1.04    81.29      1.85        -6.12       -30.66        24.55
            24   1038    -39.26269    1.03    82.32      1.85        -6.11       -30.66        24.55
            25   1351    -39.26568    1.03    83.35      1.85        -6.11       -30.67        24.56
            26    565    -39.29786    1.00    84.34      1.87        -6.09       -30.92        24.83
            27    399    -39.36254    0.93    85.28      1.91        -6.05       -30.88        24.83
            28   1069    -39.36845    0.93    86.20      1.91        -6.05       -30.61        24.56
            29    957    -39.42012    0.88    87.09      1.94        -6.02       -30.82        24.80
            30    490    -39.45379    0.85    87.94      1.96        -6.00       -30.80        24.80
            31   1221    -39.92346    0.53    88.47      2.24        -5.72       -30.53        24.81
            32   1360    -39.92580    0.53    89.00      2.25        -5.72       -30.54        24.82
            33   1120    -39.95016    0.52    89.52      2.26        -5.70       -30.52        24.82
            34   1240    -39.95090    0.52    90.04      2.26        -5.70       -30.52        24.82
            35    443    -40.01308    0.49    90.53      2.30        -5.67       -30.49        24.82
            36    460    -40.03405    0.48    91.00      2.31        -5.65       -30.47        24.81
            37    598    -40.04310    0.47    91.47      2.32        -5.65       -30.46        24.81
            38   1040    -40.05302    0.47    91.94      2.32        -5.64       -30.46        24.82
            39    694    -40.05688    0.47    92.41      2.32        -5.64       -30.46        24.82
            40    406    -40.05864    0.47    92.87      2.32        -5.64       -30.46        24.82
            41    187    -40.10879    0.44    93.32      2.35        -5.61       -30.43        24.82
            42   1009    -40.13106    0.43    93.75      2.37        -5.59       -30.40        24.81
            43   1262    -40.41293    0.33    94.08      2.54        -5.43       -30.29        24.86
            44    784    -40.41518    0.33    94.40      2.54        -5.43       -30.29        24.86
            45   1347    -40.60020    0.27    94.67      2.65        -5.32       -30.25        24.93
            46    461    -40.65647    0.26    94.93      2.68        -5.28       -30.21        24.93
            47    144    -40.66884    0.25    95.18      2.69        -5.27       -30.25        24.98
            48    712    -40.68860    0.25    95.43      2.70        -5.26       -30.24        24.98
            49    781    -40.80073    0.22    95.65      2.77        -5.20       -30.37        25.18
            50    700    -40.82203    0.22    95.87      2.78        -5.18       -30.05        24.87
            51   1264    -40.83926    0.21    96.08      2.79        -5.17       -30.09        24.91
            52    740    -40.88082    0.20    96.28      2.81        -5.15       -30.06        24.91
            53   1088    -40.89638    0.20    96.49      2.82        -5.14       -30.32        25.18
            54   1190    -40.90153    0.20    96.69      2.83        -5.14       -30.28        25.14
            55    260    -40.90670    0.20    96.88      2.83        -5.13       -30.00        24.87
            56    892    -41.01318    0.18    97.06      2.89        -5.07       -30.21        25.14
            57    782    -41.51747    0.11    97.17      3.19        -4.77       -29.72        24.95
            58     88    -41.54852    0.10    97.28      3.21        -4.75       -29.71        24.96
            59    279    -41.56296    0.10    97.38      3.22        -4.74       -29.70        24.96
            60    163    -41.56353    0.10    97.48      3.22        -4.74       -29.61        24.87
            61   1254    -41.59275    0.10    97.58      3.24        -4.72       -29.67        24.95
            62   1091    -41.60654    0.10    97.68      3.25        -4.72       -29.58        24.87
            63    928    -41.60788    0.10    97.78      3.25        -4.71       -29.59        24.87
            64    408    -41.62624    0.10    97.88      3.26        -4.70       -29.57        24.87
            65   1004    -41.69247    0.09    97.97      3.30        -4.66       -29.77        25.11
            66    835    -41.76285    0.08    98.05      3.34        -4.62       -29.75        25.12
            67    863    -41.80382    0.08    98.14      3.36        -4.60       -29.71        25.11
            68   1272    -41.81408    0.08    98.22      3.37        -4.59       -29.74        25.15
            69    434    -41.85462    0.08    98.29      3.40        -4.57       -29.69        25.13
            70   1295    -41.86910    0.08    98.37      3.40        -4.56       -29.71        25.15
            71    400    -41.97365    0.07    98.44      3.47        -4.50       -29.75        25.25
            72   1322    -41.98169    0.07    98.51      3.47        -4.49       -29.65        25.16
            73    567    -41.98737    0.07    98.57      3.47        -4.49       -29.46        24.97
            74    283    -41.99323    0.07    98.64      3.48        -4.48       -29.46        24.97
            75   1228    -42.01594    0.07    98.71      3.49        -4.47       -29.37        24.90
            76   1209    -42.08095    0.06    98.77      3.53        -4.43       -29.68        25.25
            77    697    -42.08364    0.06    98.83      3.53        -4.43       -29.33        24.90
            78   1081    -42.08425    0.06    98.89      3.53        -4.43       -29.38        24.95
            79    668    -42.10241    0.06    98.95      3.54        -4.42       -29.37        24.95
            80   1375    -42.32418    0.05    99.00      3.68        -4.29       -29.29        25.00
            81    110    -42.34944    0.05    99.05      3.69        -4.27       -29.30        25.03
            82   1278    -42.38220    0.05    99.09      3.71        -4.25       -29.28        25.03
            83   1191    -42.39988    0.04    99.14      3.72        -4.24       -29.02        24.78
            84    253    -42.42680    0.04    99.18      3.74        -4.23       -29.68        25.45
            85    614    -42.47040    0.04    99.22      3.76        -4.20       -28.98        24.78
            86    591    -42.50121    0.04    99.26      3.78        -4.18       -29.63        25.45
            87   1241    -42.60770    0.04    99.30      3.84        -4.12       -28.91        24.79
            88   1075    -42.63408    0.04    99.33      3.86        -4.10       -28.89        24.79
            89      7    -42.64247    0.04    99.37      3.86        -4.10       -28.88        24.78
            90    720    -42.71334    0.03    99.40      3.91        -4.06       -28.83        24.77
            91    980    -42.75784    0.03    99.43      3.93        -4.03       -28.76        24.73
            92    394    -42.76209    0.03    99.46      3.94        -4.03       -28.76        24.74
            93    789    -42.77939    0.03    99.49      3.95        -4.02       -28.79        24.77
            94     36    -42.78033    0.03    99.53      3.95        -4.02       -28.80        24.78
            95   1370    -42.78115    0.03    99.56      3.95        -4.01       -28.75        24.73
            96    436    -42.78379    0.03    99.59      3.95        -4.01       -28.75        24.74
            97    230    -43.32593    0.02    99.60      4.27        -3.69       -29.15        25.46
            98    825    -43.37311    0.02    99.62      4.30        -3.66       -29.04        25.37
            99    250    -43.39318    0.02    99.64      4.31        -3.65       -29.21        25.56
           100    146    -43.43947    0.02    99.65      4.34        -3.62       -29.00        25.37
           101    735    -43.52012    0.01    99.67      4.39        -3.57       -28.90        25.32
           102    750    -43.59601    0.01    99.68      4.43        -3.53       -29.00        25.47
           103   1062    -43.64323    0.01    99.69      4.46        -3.50       -29.06        25.56
           104    216    -43.68087    0.01    99.71      4.48        -3.48       -28.80        25.32
           105    528    -43.84633    0.01    99.72      4.58        -3.38       -28.38        25.00
           106   1085    -43.86888    0.01    99.73      4.60        -3.37       -28.55        25.19
           107    438    -43.88895    0.01    99.74      4.61        -3.35       -28.54        25.19
          ------------------------------------------------------------------------------------------

          --------------------------------------------------------
          Potential Energy: E = (U+W) + H.O. Equipartion energy
          --------------------------------------------------------

          ------------------------------------------------------------------------------------------
          Rank    ID         E          U+W            U        W(PBSA)          PB           SA
          ------------------------------------------------------------------------------------------
             1   1130       -32.36       -52.93         5.62       -58.54       -61.06         2.52
             2   1266       -31.64       -52.20         6.58       -58.78       -61.32         2.54
             3   1028       -31.61       -52.18         6.58       -58.76       -61.29         2.54
             4    921       -31.56       -52.13         6.63       -58.76       -61.28         2.52
             5   1285       -31.55       -52.11         6.58       -58.70       -61.20         2.50
             6   1286       -31.54       -52.11         7.04       -59.15       -61.66         2.51
             7   1015       -31.53       -52.09         7.04       -59.14       -61.63         2.50
             8   1345       -31.52       -52.09         6.63       -58.72       -61.24         2.52
             9   1064       -31.51       -52.08         6.58       -58.66       -61.15         2.48
            10    487       -31.29       -51.86         7.82       -59.68       -62.18         2.50
            11     54       -31.29       -51.85         7.82       -59.67       -62.16         2.49
            12   1177       -30.87       -51.44         7.70       -59.14       -61.61         2.47
            13    182       -30.86       -51.42         7.65       -59.07       -61.56         2.49
            14   1183       -30.84       -51.41         7.70       -59.11       -61.58         2.47
            15   1343       -30.85       -51.42         7.65       -59.07       -61.56         2.49
            16    972       -30.85       -51.42         7.39       -58.81       -61.28         2.48
            17    531       -30.84       -51.41         7.39       -58.80       -61.27         2.47
            18      0       -31.06       -51.63         6.59       -58.22       -60.76         2.54
            19    509       -30.98       -51.55         8.11       -59.66       -62.14         2.47
            20    494       -30.77       -51.34         7.84       -59.18       -61.67         2.49
            21    847       -30.97       -51.53         8.11       -59.65       -62.10         2.45
            22    181       -30.76       -51.33         7.84       -59.17       -61.67         2.50
            23     93       -30.66       -51.23         7.51       -58.74       -61.28         2.54
            24   1038       -30.66       -51.23         7.51       -58.74       -61.25         2.51
            25   1351       -30.67       -51.24         7.81       -59.04       -61.53         2.49
            26    565       -30.92       -51.49         8.13       -59.62       -62.09         2.47
            27    399       -30.88       -51.45         8.13       -59.58       -62.03         2.45
            28   1069       -30.61       -51.18         7.80       -58.98       -61.46         2.48
            29    957       -30.82       -51.39         7.57       -58.95       -61.39         2.44
            30    490       -30.80       -51.37         7.57       -58.93       -61.40         2.46
            31   1221       -30.53       -51.10         8.90       -60.00       -62.48         2.47
            32   1360       -30.54       -51.11         8.78       -59.89       -62.36         2.47
            33   1120       -30.52       -51.09         8.78       -59.87       -62.36         2.48
            34   1240       -30.52       -51.09         8.38       -59.47       -61.94         2.48
            35    443       -30.49       -51.05         8.63       -59.69       -62.18         2.49
            36    460       -30.47       -51.04         8.90       -59.94       -62.42         2.48
            37    598       -30.46       -51.02         9.00       -60.02       -62.52         2.50
            38   1040       -30.46       -51.03         8.38       -59.41       -61.87         2.47
            39    694       -30.46       -51.03         9.23       -60.26       -62.74         2.48
            40    406       -30.46       -51.03         9.23       -60.26       -62.75         2.49
            41    187       -30.43       -51.00         8.63       -59.63       -62.12         2.49
            42   1009       -30.40       -50.97         9.00       -59.97       -62.45         2.48
            43   1262       -30.29       -50.86         9.44       -60.30       -62.76         2.46
            44    784       -30.29       -50.86         9.44       -60.30       -62.77         2.47
            45   1347       -30.25       -50.82         8.42       -59.24       -61.66         2.42
            46    461       -30.21       -50.78         8.42       -59.20       -61.63         2.43
            47    144       -30.25       -50.82         8.96       -59.78       -62.19         2.41
            48    712       -30.24       -50.81         8.96       -59.76       -62.19         2.42
            49    781       -30.37       -50.94         8.90       -59.84       -62.24         2.41
            50    700       -30.05       -50.62         8.47       -59.09       -61.53         2.44
            51   1264       -30.09       -50.66         8.77       -59.43       -61.89         2.46
            52    740       -30.06       -50.63         8.77       -59.40       -61.85         2.45
            53   1088       -30.32       -50.88         8.90       -59.78       -62.19         2.41
            54   1190       -30.28       -50.85         8.65       -59.49       -61.92         2.43
            55    260       -30.00       -50.57         8.47       -59.04       -61.49         2.45
            56    892       -30.21       -50.78         8.65       -59.43       -61.87         2.44
            57    782       -29.72       -50.28         9.53       -59.81       -62.28         2.47
            58     88       -29.71       -50.28         9.32       -59.59       -62.05         2.45
            59    279       -29.70       -50.27         9.32       -59.59       -62.04         2.46
            60    163       -29.61       -50.18         9.76       -59.94       -62.39         2.45
            61   1254       -29.67       -50.24         9.53       -59.77       -62.24         2.47
            62   1091       -29.58       -50.15         9.76       -59.91       -62.38         2.47
            63    928       -29.59       -50.15         9.42       -59.57       -62.05         2.48
            64    408       -29.57       -50.14         9.42       -59.56       -62.02         2.46
            65   1004       -29.77       -50.34         9.80       -60.14       -62.57         2.44
            66    835       -29.75       -50.31        10.40       -60.71       -63.15         2.44
            67    863       -29.71       -50.28         9.80       -60.07       -62.52         2.45
            68   1272       -29.74       -50.31         9.26       -59.57       -62.03         2.46
            69    434       -29.69       -50.26        10.40       -60.66       -63.10         2.44
            70   1295       -29.71       -50.28         9.26       -59.54       -61.98         2.44
            71    400       -29.75       -50.32         9.77       -60.09       -62.54         2.45
            72   1322       -29.65       -50.22        10.37       -60.59       -63.00         2.41
            73    567       -29.46       -50.03        10.31       -60.34       -62.77         2.43
            74    283       -29.46       -50.02        10.31       -60.34       -62.78         2.45
            75   1228       -29.37       -49.94        10.27       -60.21       -62.63         2.42
            76   1209       -29.68       -50.25         9.77       -60.02       -62.44         2.42
            77    697       -29.33       -49.90        10.27       -60.17       -62.62         2.45
            78   1081       -29.38       -49.95        10.72       -60.67       -63.10         2.43
            79    668       -29.37       -49.94        10.72       -60.66       -63.08         2.43
            80   1375       -29.29       -49.85        10.63       -60.49       -62.91         2.42
            81    110       -29.30       -49.87        10.90       -60.77       -63.22         2.45
            82   1278       -29.28       -49.85        10.90       -60.75       -63.19         2.45
            83   1191       -29.02       -49.59        10.02       -59.61       -62.07         2.46
            84    253       -29.68       -50.24         9.32       -59.57       -61.97         2.40
            85    614       -28.98       -49.55        10.02       -59.57       -62.02         2.45
            86    591       -29.63       -50.20         9.32       -59.52       -61.90         2.38
            87   1241       -28.91       -49.47        10.34       -59.82       -62.26         2.44
            88   1075       -28.89       -49.46        10.34       -59.80       -62.24         2.44
            89      7       -28.88       -49.45        10.48       -59.93       -62.37         2.45
            90    720       -28.83       -49.40        10.17       -59.57       -62.03         2.46
            91    980       -28.76       -49.33         9.71       -59.04       -61.49         2.46
            92    394       -28.76       -49.33         9.74       -59.07       -61.52         2.45
            93    789       -28.79       -49.36        10.17       -59.53       -62.00         2.47
            94     36       -28.80       -49.37        10.48       -59.85       -62.30         2.45
            95   1370       -28.75       -49.32         9.71       -59.02       -61.48         2.46
            96    436       -28.75       -49.32         9.74       -59.06       -61.49         2.43
            97    230       -29.15       -49.72        10.17       -59.89       -62.27         2.39
            98    825       -29.04       -49.60        10.96       -60.56       -62.94         2.37
            99    250       -29.21       -49.78        10.24       -60.02       -62.39         2.37
           100    146       -29.00       -49.56        10.96       -60.52       -62.91         2.39
           101    735       -28.90       -49.47        10.88       -60.34       -62.74         2.40
           102    750       -29.00       -49.57        11.22       -60.79       -63.16         2.37
           103   1062       -29.06       -49.63        10.24       -59.87       -62.26         2.39
           104    216       -28.80       -49.37        10.88       -60.25       -62.65         2.40
           105    528       -28.38       -48.95        11.42       -60.37       -62.80         2.42
           106   1085       -28.55       -49.12        11.40       -60.52       -62.95         2.42
           107    438       -28.54       -49.11        11.40       -60.51       -62.94         2.43
          ------------------------------------------------------------------------------------------

          ----------------------------------------
          Gas Phase Internal Potential Energy: U
          ----------------------------------------

          ------------------------------------------------------------------------------------------
          Rank    ID         U         Valence     Coulomb        VdW         VdW6        VdW12
          ------------------------------------------------------------------------------------------
             1   1130         5.62         7.53        -2.82         0.90        -7.64         8.54
             2   1266         6.58         8.05        -2.49         1.01        -8.34         9.35
             3   1028         6.58         8.05        -2.49         1.01        -8.34         9.35
             4    921         6.63         8.03        -2.44         1.04        -8.26         9.30
             5   1285         6.58         8.07        -2.52         1.03        -8.30         9.34
             6   1286         7.04         8.06        -2.03         1.01        -8.35         9.35
             7   1015         7.04         8.06        -2.03         1.01        -8.35         9.35
             8   1345         6.63         8.03        -2.44         1.04        -8.26         9.30
             9   1064         6.58         8.07        -2.52         1.03        -8.30         9.34
            10    487         7.82         7.78        -0.71         0.74        -8.51         9.26
            11     54         7.82         7.78        -0.71         0.74        -8.51         9.26
            12   1177         7.70         8.55        -1.99         1.14        -8.99        10.13
            13    182         7.65         8.55        -2.03         1.14        -8.97        10.11
            14   1183         7.70         8.55        -1.99         1.14        -8.99        10.13
            15   1343         7.65         8.55        -2.03         1.14        -8.97        10.11
            16    972         7.39         8.56        -2.28         1.11        -9.03        10.14
            17    531         7.39         8.56        -2.28         1.11        -9.03        10.14
            18      0         6.59         8.03        -2.89         1.45        -7.93         9.38
            19    509         8.11         8.49        -1.26         0.89        -9.45        10.33
            20    494         7.84         8.54        -1.81         1.11        -8.99        10.10
            21    847         8.11         8.49        -1.26         0.89        -9.45        10.33
            22    181         7.84         8.54        -1.81         1.11        -8.99        10.10
            23     93         7.51         8.67        -2.36         1.19        -8.93        10.12
            24   1038         7.51         8.67        -2.35         1.19        -8.93        10.12
            25   1351         7.81         8.64        -2.03         1.19        -8.89        10.08
            26    565         8.13         8.51        -1.30         0.92        -9.37        10.29
            27    399         8.13         8.51        -1.30         0.92        -9.37        10.29
            28   1069         7.80         8.64        -2.03         1.19        -8.89        10.08
            29    957         7.57         8.48        -1.91         1.00        -9.21        10.20
            30    490         7.57         8.48        -1.91         1.00        -9.21        10.20
            31   1221         8.90         8.31        -0.22         0.82        -9.24        10.06
            32   1360         8.78         8.29        -0.38         0.88        -9.13        10.01
            33   1120         8.78         8.29        -0.38         0.88        -9.13        10.01
            34   1240         8.38         8.36        -0.89         0.91        -9.16        10.07
            35    443         8.63         8.29        -0.53         0.88        -9.13        10.01
            36    460         8.90         8.31        -0.22         0.82        -9.24        10.06
            37    598         9.00         8.32        -0.18         0.85        -9.20        10.05
            38   1040         8.38         8.36        -0.89         0.91        -9.16        10.07
            39    694         9.23         8.32         0.07         0.84        -9.23        10.07
            40    406         9.23         8.32         0.07         0.84        -9.23        10.07
            41    187         8.63         8.29        -0.53         0.88        -9.13        10.01
            42   1009         9.00         8.32        -0.18         0.85        -9.20        10.05
            43   1262         9.44         8.29         0.53         0.62        -9.56        10.19
            44    784         9.44         8.29         0.53         0.62        -9.56        10.19
            45   1347         8.42         8.96        -1.58         1.04       -10.00        11.04
            46    461         8.42         8.96        -1.58         1.04       -10.00        11.04
            47    144         8.96         8.95        -0.94         0.95       -10.18        11.13
            48    712         8.96         8.95        -0.94         0.95       -10.18        11.13
            49    781         8.90         8.93        -0.85         0.81       -10.41        11.22
            50    700         8.47         9.08        -1.77         1.17        -9.83        11.00
            51   1264         8.77         9.06        -1.37         1.08        -9.99        11.07
            52    740         8.77         9.06        -1.37         1.08        -9.99        11.07
            53   1088         8.90         8.93        -0.85         0.81       -10.41        11.22
            54   1190         8.65         8.92        -1.17         0.89       -10.22        11.12
            55    260         8.47         9.08        -1.77         1.17        -9.83        11.00
            56    892         8.65         8.92        -1.17         0.89       -10.22        11.12
            57    782         9.53         8.78        -0.18         0.93        -9.87        10.80
            58     88         9.32         8.83        -0.52         1.01        -9.81        10.82
            59    279         9.32         8.83        -0.52         1.01        -9.81        10.82
            60    163         9.76         8.88        -0.12         1.00        -9.78        10.79
            61   1254         9.53         8.78        -0.18         0.93        -9.87        10.80
            62   1091         9.76         8.88        -0.12         1.00        -9.78        10.78
            63    928         9.42         8.94        -0.61         1.09        -9.71        10.80
            64    408         9.42         8.94        -0.61         1.09        -9.71        10.80
            65   1004         9.80         8.74         0.24         0.82       -10.10        10.91
            66    835        10.40         8.74         0.89         0.77       -10.16        10.93
            67    863         9.80         8.74         0.24         0.82       -10.10        10.91
            68   1272         9.26         8.80        -0.37         0.84       -10.17        11.01
            69    434        10.40         8.74         0.89         0.77       -10.16        10.94
            70   1295         9.26         8.80        -0.38         0.84       -10.17        11.01
            71    400         9.77         8.74         0.48         0.55       -10.63        11.18
            72   1322        10.37         8.73         0.99         0.65       -10.41        11.06
            73    567        10.31         8.80         0.78         0.74       -10.19        10.93
            74    283        10.31         8.80         0.78         0.74       -10.19        10.93
            75   1228        10.27         8.91         0.55         0.81       -10.14        10.95
            76   1209         9.77         8.74         0.48         0.55       -10.63        11.18
            77    697        10.27         8.91         0.55         0.81       -10.14        10.94
            78   1081        10.72         8.80         1.20         0.72       -10.23        10.95
            79    668        10.72         8.80         1.20         0.72       -10.23        10.95
            80   1375        10.63         8.79         1.20         0.65       -10.38        11.03
            81    110        10.90         9.44         0.78         0.68       -10.01        10.69
            82   1278        10.90         9.44         0.78         0.68       -10.01        10.69
            83   1191        10.02        10.52        -1.44         0.93        -9.40        10.33
            84    253         9.32         9.36        -0.85         0.82       -11.21        12.03
            85    614        10.02        10.52        -1.44         0.93        -9.40        10.33
            86    591         9.32         9.36        -0.85         0.82       -11.21        12.03
            87   1241        10.34        10.53        -1.07         0.88        -9.46        10.34
            88   1075        10.34        10.53        -1.07         0.88        -9.46        10.34
            89      7        10.48        10.55        -0.99         0.92        -9.37        10.29
            90    720        10.17        10.55        -1.32         0.94        -9.36        10.29
            91    980         9.71        10.53        -1.84         1.02        -9.20        10.22
            92    394         9.74        10.51        -1.76         0.99        -9.21        10.20
            93    789        10.17        10.55        -1.32         0.94        -9.36        10.29
            94     36        10.48        10.55        -0.99         0.92        -9.37        10.29
            95   1370         9.71        10.53        -1.84         1.02        -9.20        10.22
            96    436         9.74        10.51        -1.76         0.99        -9.21        10.20
            97    230        10.17         9.22         0.15         0.80       -11.03        11.83
            98    825        10.96         9.20         1.17         0.59       -11.37        11.96
            99    250        10.24         9.19         0.54         0.51       -11.54        12.05
           100    146        10.96         9.20         1.17         0.59       -11.37        11.96
           101    735        10.88         9.32         0.83         0.73       -11.18        11.91
           102    750        11.22         9.15         1.47         0.60       -11.29        11.89
           103   1062        10.24         9.19         0.54         0.51       -11.54        12.05
           104    216        10.88         9.32         0.83         0.73       -11.18        11.91
           105    528        11.42        10.14         0.37         0.92       -10.48        11.40
           106   1085        11.40         9.92         0.70         0.78       -10.72        11.49
           107    438        11.40         9.92         0.70         0.78       -10.72        11.49
          ------------------------------------------------------------------------------------------

          -------------------------------
          Bonded Energy Terms: Valence
          -------------------------------

          ------------------------------------------------------------------------------------------
          Rank    ID     Valence       Bond        Angle         Pdih         Idih       Tether
          ------------------------------------------------------------------------------------------
             1   1130         7.53         0.12         2.27         5.14         0.00         0.00
             2   1266         8.05         0.16         2.51         5.38         0.00         0.00
             3   1028         8.05         0.16         2.51         5.38         0.00         0.00
             4    921         8.03         0.15         2.50         5.39         0.00         0.00
             5   1285         8.07         0.15         2.52         5.40         0.00         0.00
             6   1286         8.06         0.15         2.52         5.39         0.00         0.00
             7   1015         8.06         0.15         2.52         5.39         0.00         0.00
             8   1345         8.03         0.15         2.50         5.39         0.00         0.00
             9   1064         8.07         0.15         2.52         5.40         0.00         0.00
            10    487         7.78         0.14         2.43         5.22         0.00         0.00
            11     54         7.78         0.14         2.43         5.22         0.00         0.00
            12   1177         8.55         0.19         2.74         5.62         0.00         0.00
            13    182         8.55         0.19         2.74         5.62         0.00         0.00
            14   1183         8.55         0.19         2.74         5.62         0.00         0.00
            15   1343         8.55         0.19         2.74         5.62         0.00         0.00
            16    972         8.56         0.19         2.72         5.65         0.00         0.00
            17    531         8.56         0.19         2.72         5.65         0.00         0.00
            18      0         8.03         0.15         2.73         5.15         0.00         0.00
            19    509         8.49         0.20         2.91         5.37         0.00         0.00
            20    494         8.54         0.18         2.70         5.65         0.00         0.00
            21    847         8.49         0.20         2.91         5.37         0.00         0.00
            22    181         8.54         0.18         2.70         5.65         0.00         0.00
            23     93         8.67         0.20         2.82         5.65         0.00         0.00
            24   1038         8.67         0.20         2.82         5.65         0.00         0.00
            25   1351         8.64         0.19         2.80         5.66         0.00         0.00
            26    565         8.51         0.19         2.93         5.38         0.00         0.00
            27    399         8.51         0.19         2.93         5.38         0.00         0.00
            28   1069         8.64         0.19         2.80         5.66         0.00         0.00
            29    957         8.48         0.19         2.90         5.39         0.00         0.00
            30    490         8.48         0.19         2.90         5.39         0.00         0.00
            31   1221         8.31         0.17         2.66         5.47         0.00         0.00
            32   1360         8.29         0.17         2.66         5.46         0.00         0.00
            33   1120         8.29         0.17         2.66         5.46         0.00         0.00
            34   1240         8.36         0.18         2.70         5.48         0.00         0.00
            35    443         8.29         0.17         2.66         5.46         0.00         0.00
            36    460         8.31         0.17         2.66         5.47         0.00         0.00
            37    598         8.32         0.17         2.68         5.47         0.00         0.00
            38   1040         8.36         0.18         2.70         5.48         0.00         0.00
            39    694         8.32         0.17         2.68         5.47         0.00         0.00
            40    406         8.32         0.17         2.68         5.47         0.00         0.00
            41    187         8.29         0.17         2.66         5.46         0.00         0.00
            42   1009         8.32         0.17         2.68         5.47         0.00         0.00
            43   1262         8.29         0.18         2.77         5.33         0.00         0.00
            44    784         8.29         0.18         2.77         5.33         0.00         0.00
            45   1347         8.96         0.23         3.08         5.65         0.00         0.00
            46    461         8.96         0.23         3.08         5.65         0.00         0.00
            47    144         8.95         0.23         3.08         5.64         0.00         0.00
            48    712         8.95         0.23         3.08         5.64         0.00         0.00
            49    781         8.93         0.24         3.24         5.45         0.00         0.00
            50    700         9.08         0.24         3.22         5.61         0.00         0.00
            51   1264         9.06         0.24         3.22         5.60         0.00         0.00
            52    740         9.06         0.24         3.22         5.60         0.00         0.00
            53   1088         8.93         0.24         3.24         5.45         0.00         0.00
            54   1190         8.92         0.23         3.23         5.46         0.00         0.00
            55    260         9.08         0.24         3.22         5.61         0.00         0.00
            56    892         8.92         0.23         3.23         5.46         0.00         0.00
            57    782         8.78         0.20         2.85         5.73         0.00         0.00
            58     88         8.83         0.21         2.88         5.74         0.00         0.00
            59    279         8.83         0.21         2.88         5.74         0.00         0.00
            60    163         8.88         0.21         2.94         5.73         0.00         0.00
            61   1254         8.78         0.20         2.85         5.73         0.00         0.00
            62   1091         8.88         0.21         2.94         5.73         0.00         0.00
            63    928         8.94         0.22         2.98         5.74         0.00         0.00
            64    408         8.94         0.22         2.98         5.74         0.00         0.00
            65   1004         8.74         0.21         3.06         5.47         0.00         0.00
            66    835         8.74         0.21         3.06         5.47         0.00         0.00
            67    863         8.74         0.21         3.06         5.47         0.00         0.00
            68   1272         8.80         0.22         3.13         5.45         0.00         0.00
            69    434         8.74         0.21         3.06         5.47         0.00         0.00
            70   1295         8.80         0.22         3.13         5.45         0.00         0.00
            71    400         8.74         0.23         3.16         5.36         0.00         0.00
            72   1322         8.73         0.21         3.07         5.45         0.00         0.00
            73    567         8.80         0.22         3.00         5.58         0.00         0.00
            74    283         8.80         0.22         3.00         5.58         0.00         0.00
            75   1228         8.91         0.23         3.10         5.58         0.00         0.00
            76   1209         8.74         0.23         3.16         5.36         0.00         0.00
            77    697         8.91         0.23         3.10         5.58         0.00         0.00
            78   1081         8.80         0.22         3.00         5.58         0.00         0.00
            79    668         8.80         0.22         3.00         5.58         0.00         0.00
            80   1375         8.79         0.22         2.96         5.61         0.00         0.00
            81    110         9.44         0.20         3.20         6.04         0.01         0.00
            82   1278         9.44         0.20         3.20         6.04         0.01         0.00
            83   1191        10.52         0.20         2.99         7.33         0.00         0.00
            84    253         9.36         0.28         3.55         5.53         0.00         0.00
            85    614        10.52         0.20         2.99         7.33         0.00         0.00
            86    591         9.36         0.28         3.54         5.54         0.00         0.00
            87   1241        10.53         0.21         3.01         7.31         0.00         0.00
            88   1075        10.53         0.21         3.01         7.31         0.00         0.00
            89      7        10.55         0.19         2.99         7.37         0.00         0.00
            90    720        10.55         0.19         3.00         7.36         0.00         0.00
            91    980        10.53         0.19         3.01         7.33         0.00         0.00
            92    394        10.51         0.19         2.98         7.33         0.00         0.00
            93    789        10.55         0.19         3.00         7.36         0.00         0.00
            94     36        10.55         0.19         2.99         7.37         0.00         0.00
            95   1370        10.53         0.19         3.01         7.33         0.00         0.00
            96    436        10.51         0.19         2.98         7.33         0.00         0.00
            97    230         9.22         0.26         3.42         5.54         0.00         0.00
            98    825         9.20         0.26         3.32         5.62         0.00         0.00
            99    250         9.19         0.27         3.48         5.44         0.00         0.00
           100    146         9.20         0.26         3.32         5.62         0.00         0.00
           101    735         9.32         0.27         3.46         5.59         0.00         0.00
           102    750         9.15         0.25         3.36         5.53         0.00         0.00
           103   1062         9.19         0.27         3.48         5.44         0.00         0.00
           104    216         9.32         0.27         3.46         5.59         0.00         0.00
           105    528        10.14         0.24         3.54         6.35         0.01         0.00
           106   1085         9.92         0.23         3.37         6.30         0.01         0.00
           107    438         9.92         0.23         3.37         6.30         0.01         0.00
          ------------------------------------------------------------------------------------------

          Calculating single reference conformer RMSDs ...

          ---------------------------------
          Conformer RMSDs are in Angstroms.
          ---------------------------------

          ------------------------------------------------------------------------------------------
                              RMSD wrt Input Crd                    RMSD wrt Rank 1
                         ---------------------------------------------------------------------------
          Rank    ID        Complex    Receptor  Ligand          Complex    Receptor  Ligand
          ------------------------------------------------------------------------------------------
             1   1130                             2.120                               0.000
             2   1266                             1.970                               1.419
             3   1028                             1.972                               1.445
             4    921                             2.207                               1.465
             5   1285                             2.138                               0.654
             6   1286                             1.739                               1.725
             7   1015                             1.691                               1.342
             8   1345                             1.307                               0.864
             9   1064                             1.588                               0.653
            10    487                             2.535                               2.059
            11     54                             3.080                               3.314
            12   1177                             1.548                               1.645
            13    182                             1.332                               2.237
            14   1183                             1.939                               1.588
            15   1343                             2.100                               1.696
            16    972                             1.550                               1.327
            17    531                             1.476                               1.277
            18      0                             0.024                               2.084
            19    509                             2.657                               2.080
            20    494                             2.479                               2.277
            21    847                             2.058                               2.945
            22    181                             2.432                               2.338
            23     93                             1.719                               0.612
            24   1038                             1.147                               1.558
            25   1351                             2.413                               2.037
            26    565                             2.745                               2.057
            27    399                             2.009                               1.714
            28   1069                             1.834                               0.663
            29    957                             1.326                               1.212
            30    490                             1.594                               1.330
            31   1221                             2.326                               1.909
            32   1360                             2.697                               2.921
            33   1120                             2.014                               1.717
            34   1240                             2.159                               0.666
            35    443                             1.986                               1.597
            36    460                             2.507                               3.064
            37    598                             2.252                               2.439
            38   1040                             1.532                               0.666
            39    694                             2.481                               2.439
            40    406                             2.910                               2.927
            41    187                             2.360                               1.693
            42   1009                             2.447                               2.638
            43   1262                             2.611                               2.930
            44    784                             2.319                               2.796
            45   1347                             1.420                               1.548
            46    461                             1.611                               1.550
            47    144                             2.568                               2.066
            48    712                             2.624                               2.189
            49    781                             2.055                               2.403
            50    700                             1.350                               1.113
            51   1264                             2.464                               1.873
            52    740                             1.656                               2.523
            53   1088                             2.253                               1.933
            54   1190                             1.789                               1.549
            55    260                             1.641                               1.660
            56    892                             1.792                               1.668
            57    782                             2.041                               1.582
            58     88                             1.985                               2.603
            59    279                             1.976                               1.095
            60    163                             2.251                               1.650
            61   1254                             1.542                               1.557
            62   1091                             2.330                               1.478
            63    928                             2.535                               2.367
            64    408                             2.138                               0.785
            65   1004                             1.754                               1.640
            66    835                             3.028                               2.821
            67    863                             2.015                               2.290
            68   1272                             1.986                               1.303
            69    434                             3.034                               3.050
            70   1295                             1.807                               1.183
            71    400                             2.387                               2.171
            72   1322                             2.119                               2.040
            73    567                             3.109                               2.597
            74    283                             2.510                               2.614
            75   1228                             2.046                               2.745
            76   1209                             2.016                               2.658
            77    697                             2.308                               2.413
            78   1081                             2.588                               2.782
            79    668                             2.548                               2.749
            80   1375                             3.018                               2.728
            81    110                             2.548                               3.089
            82   1278                             2.560                               3.122
            83   1191                             2.483                               1.966
            84    253                             1.896                               2.651
            85    614                             2.980                               2.225
            86    591                             1.845                               1.671
            87   1241                             2.694                               2.244
            88   1075                             2.331                               2.930
            89      7                             2.233                               1.848
            90    720                             2.092                               1.736
            91    980                             2.126                               1.315
            92    394                             1.477                               1.330
            93    789                             1.944                               1.927
            94     36                             2.765                               2.341
            95   1370                             1.270                               1.571
            96    436                             1.592                               1.224
            97    230                             1.607                               1.657
            98    825                             2.593                               2.268
            99    250                             2.050                               2.068
           100    146                             2.523                               2.309
           101    735                             2.725                               1.995
           102    750                             2.101                               1.873
           103   1062                             2.371                               2.042
           104    216                             3.020                               2.133
           105    528                             2.285                               2.653
           106   1085                             2.615                               2.951
           107    438                             2.876                               2.505
          ------------------------------------------------------------------------------------------

          --------------------------------
          Final Boltzmann Averaged Data.
          --------------------------------

          -------------------------------------------------------------------
          Results of Boltzmann Averaging Over All  203 Conformers (kcal/mol).
          -------------------------------------------------------------------

          Free Energy                        G              -8.8396496889
          Average Potential Energy         < E >           -31.4085955020
          Entropy                           -TS             22.5689458131
          -------------------------------------------------------------------

          Average Potential Energy < E > Components.

          < U >                     6.9962416754
          < W(PBSA) >             -58.9719478732
          < H.O. P.E. >            20.5675867429

          Average Solvation Energy < W(PBSA) > Components.

          < PB >                  -61.4747803734
          < SA >                    2.5028325002

          Average Gas Phase Internal Potential Energy < U > Components.

          < Valence >               8.0963933080
          < Coulomb >              -2.0812837006
          < VdW >                   0.9811320679

          Average Van der Waals Energy < VdW > Components.

          < VdW6  >                -8.4706540595
          < VdW12 >                 9.4517861274

          Average Bonded Energy < Valence > Components.

          < Bond >                  0.1557054383
          < Angle >                 2.5567291135
          < Pdihed >                5.3832421795
          < Idihed >                0.0007165768
          < Tether >                0.0000000000

          -------------------------------------------------------------------
                        End of VM2 Calculation Results Summary.
          -------------------------------------------------------------------


     Total cpu time for run         41.23 seconds.
                                     0.69 minutes.

     Total wall time for run        41.42 seconds.
                                     0.69 minutes.

     TIME STAMP: VCPack job finished normally : Sunday, August 07, 2022 at 12:01:39
