
     --------------------------------------------------------------------------------
                        Running Program VCPack. Version 2.8

                           VeraChem LLC, PO Box 2206
                           Germantown, MD 20875, U.S.A.

                                Tel. 240-686-0565
                                www.verachem.com
     --------------------------------------------------------------------------------


     Input file          :   CD_guest-s20_fast_vm2_rndm.inp

     Output file         :   CD_guest-s20_fast_vm2_rndm.out

     Summary output file :   CD_guest-s20_fast_vm2_rndm.summary.out

     Executable : /data/comblab/vcCompChem_3b/exe/VC_CompChemPackage_mpi_openmp.exe

     Build date : Aug 13 2021  17:26:49

     This is a multiple processor run.

     MPI processes              :   16
     OpenMP threads per process :   16
     CUDA enabled               :  no

     TIME STAMP: VCPack job started : Sunday, August 07, 2022 at 15:29:24

     --------------------------------------------------------------------------------
                            Basic Calculation Control.
     --------------------------------------------------------------------------------

     Molecular system type                :  host+ligand     

     Calculation type                     :  feprocess       

     Energy potential                     :  mm              

     Post-processing type                 :  none            

     Post-processing energy potential     :  none            

     Time limit in wall clock hours       :  96.00

     Type of conformers to read in        :  ligand  
     Conformer source files(s)            :  guest-s20_confgen4.xyz                            

     Use input .crd for complex build     :  no
     Place ligand confs. at input .crd    :  byconfscog
     Use input .crd as start conformer    :  yes

     Formatted output files               :  xyz     
                                          :  pdb     
                                          :  mol2    
                                          :  sdf     
                                          :  xyz     
                                          :  gms     
                                          :  csv     

     Split formatted output files         :  crd     

     Limit conformers in formatted files  :  bycount
     Maximum conformer count              :  1000

     Atoms to include in formatted files  :  all     

     Binary file restart type             :  none


     --------------------------------------------------------------------------------
                            Math Related Control and Set Up.
     --------------------------------------------------------------------------------

     Random number generator seeds :  bywallclock

     Seed 1 :            758554
     Seed 2 :            254893
     Seed 3 :              1891
     Seed 4 :             10147


     --------------------------------------------------------------------------------
                            Basic Molecular System Set Up.
     --------------------------------------------------------------------------------

     ----------------
     Host Data Files.
     ----------------

     Standard crd coordinate file            :  CD.crd
     VeraChem topology file                  :  CD.top
     Standard mol/sdf file                   :  CD.mol

     Total number of host atoms              :       126

     ------------------
     Ligand Data Files.
     ------------------

     Standard crd coordinate file            :  guest-s20.crd
     VeraChem topology file                  :  guest-s20.top
     Standard mol/sdf file                   :  guest-s20.mol

     Total number of ligand atoms            :        17

     Included in this calculation.
     Number of real and live ligand atoms    :        17
     Number of real but fixed ligand atoms   :         0

     Ligand placement method                 :  byreceptorcog

     NOTE: The placement of the ligand redefines the ligand .crd input coordinates.

     Snap ligand to template atoms           :      no

     -------------------------------
     Final Real/Live Set Atom Count.
     -------------------------------

     Total number of real atoms              :       143
     Total number of live atoms              :       143


     --------------------------------------------------------------------------------
                            Generate Initial Molecular Conformations.
     --------------------------------------------------------------------------------

     Conf. Type Read In      File Format       No. of Confs. Read In 
             ligand             xyz                1000

     Mandatory input crd file(s) used for generation of 1 additional conformer.

     From these the total number of starting conformers generated :  1000


     --------------------------------------------------------------------------------
                             Energy Potential Settings.
     --------------------------------------------------------------------------------


     Molecular Mechanics package          :  vchem           

     Quantum Mechanics package            :  none            


     --------------------------------------------------------------------------------
                       Running VfreeE Module. Version 2.8
     --------------------------------------------------------------------------------

          --------------------------------
          Final Individual Conformer Data.
          --------------------------------

          List data for conformers with probability of at least :  0.01 %
          Rankings are with respect to : Free Energy (G)

          ------------------------
          Free Energy: G = E - TS
          ------------------------

          ------------------------------------------------------------------------------------------
          Rank    ID     ln(Zx)    Prob(%)  Sum Prob(%)  Del G        G            E            -TS
          ------------------------------------------------------------------------------------------
             1    977  -1133.93790   70.72    70.72      0.00       497.82       314.12       183.70
             2    865  -1136.37094    6.21    76.92      1.45       499.27       316.83       182.44
             3    816  -1136.80871    4.01    80.93      1.71       499.53       315.99       183.54
             4    967  -1137.42678    2.16    83.09      2.08       499.90       318.59       181.31
             5    337  -1137.46207    2.08    85.17      2.10       499.92       316.04       183.88
             6    109  -1137.61805    1.78    86.96      2.19       500.01       315.73       184.29
             7    683  -1138.03344    1.18    88.13      2.44       500.26       316.99       183.27
             8    281  -1138.26493    0.93    89.07      2.58       500.40       319.67       180.73
             9    484  -1138.44180    0.78    89.85      2.69       500.50       317.96       182.55
            10     16  -1138.54749    0.70    90.55      2.75       500.57       317.88       182.69
            11      9  -1138.65374    0.63    91.19      2.81       500.63       318.61       182.03
            12     32  -1138.68961    0.61    91.80      2.83       500.65       317.39       183.26
            13    149  -1138.89279    0.50    92.30      2.95       500.77       318.58       182.19
            14    169  -1139.03746    0.43    92.73      3.04       500.86       318.91       181.94
            15    107  -1139.09957    0.41    93.13      3.08       500.90       318.28       182.61
            16    697  -1139.11630    0.40    93.53      3.09       500.91       317.06       183.84
            17    406  -1139.11916    0.40    93.93      3.09       500.91       319.84       181.07
            18    820  -1139.17547    0.38    94.30      3.12       500.94       316.86       184.09
            19    383  -1139.22122    0.36    94.66      3.15       500.97       319.29       181.68
            20    935  -1139.30755    0.33    94.99      3.20       501.02       317.40       183.62
            21    985  -1139.43450    0.29    95.28      3.28       501.10       317.29       183.81
            22    201  -1139.48159    0.28    95.56      3.30       501.12       320.27       180.86
            23     27  -1139.49404    0.27    95.83      3.31       501.13       317.77       183.36
            24     22  -1139.54602    0.26    96.09      3.34       501.16       318.15       183.02
            25    176  -1139.56537    0.25    96.35      3.35       501.17       317.15       184.02
            26    605  -1139.59446    0.25    96.59      3.37       501.19       317.90       183.29
            27    502  -1139.78723    0.20    96.80      3.49       501.31       320.13       181.18
            28     83  -1139.78945    0.20    97.00      3.49       501.31       320.71       180.60
            29    421  -1139.82424    0.20    97.20      3.51       501.33       317.26       184.07
            30    525  -1139.87206    0.19    97.38      3.54       501.36       318.24       183.12
            31    963  -1139.96274    0.17    97.55      3.59       501.41       316.87       184.54
            32    279  -1139.98315    0.17    97.72      3.60       501.42       317.30       184.13
            33    659  -1140.03835    0.16    97.88      3.64       501.46       318.08       183.37
            34    585  -1140.07759    0.15    98.03      3.66       501.48       320.60       180.88
            35    932  -1140.17681    0.14    98.17      3.72       501.54       317.76       183.78
            36    170  -1140.36948    0.11    98.29      3.83       501.65       318.65       183.00
            37    112  -1140.41418    0.11    98.39      3.86       501.68       317.54       184.14
            38    346  -1140.60338    0.09    98.48      3.97       501.79       320.15       181.65
            39    197  -1140.67253    0.08    98.57      4.01       501.83       319.14       182.69
            40    917  -1140.71533    0.08    98.65      4.04       501.86       321.89       179.97
            41    818  -1140.77897    0.08    98.72      4.08       501.90       318.82       183.08
            42     12  -1141.00635    0.06    98.78      4.21       502.03       320.12       181.91
            43    601  -1141.11951    0.05    98.84      4.28       502.10       320.72       181.38
            44     19  -1141.12854    0.05    98.89      4.29       502.11       319.98       182.12
            45    577  -1141.20458    0.05    98.94      4.33       502.15       318.73       183.42
            46    276  -1141.22192    0.05    98.99      4.34       502.16       318.21       183.95
            47    431  -1141.28417    0.05    99.04      4.38       502.20       319.05       183.15
            48    894  -1141.31091    0.04    99.08      4.40       502.21       321.30       180.92
            49     31  -1141.38519    0.04    99.12      4.44       502.26       317.60       184.66
            50     57  -1141.38876    0.04    99.16      4.44       502.26       322.10       180.16
            51    696  -1141.39901    0.04    99.20      4.45       502.27       318.30       183.97
            52    471  -1141.39935    0.04    99.24      4.45       502.27       320.51       181.76
            53    719  -1141.42087    0.04    99.28      4.46       502.28       318.51       183.77
            54    767  -1141.42161    0.04    99.32      4.46       502.28       320.38       181.91
            55    160  -1141.42655    0.04    99.36      4.46       502.28       318.88       183.40
            56    811  -1141.50875    0.04    99.40      4.51       502.33       318.51       183.82
            57    181  -1141.61925    0.03    99.43      4.58       502.40       319.91       182.49
            58    405  -1141.69305    0.03    99.46      4.62       502.44       320.60       181.85
            59    702  -1141.73388    0.03    99.49      4.65       502.47       321.77       180.69
            60    662  -1141.81177    0.03    99.52      4.69       502.51       319.35       183.16
            61    442  -1141.83242    0.03    99.54      4.71       502.53       319.02       183.50
            62    950  -1141.90797    0.02    99.57      4.75       502.57       320.20       182.37
            63    499  -1141.91463    0.02    99.59      4.76       502.57       319.75       182.83
            64    994  -1141.96616    0.02    99.62      4.79       502.61       320.36       182.24
            65    772  -1142.04342    0.02    99.64      4.83       502.65       321.67       180.99
            66    105  -1142.21188    0.02    99.66      4.93       502.75       319.67       183.09
            67    861  -1142.27639    0.02    99.67      4.97       502.79       319.66       183.13
            68    246  -1142.30928    0.02    99.69      4.99       502.81       323.06       179.75
            69    753  -1142.33441    0.02    99.70      5.01       502.83       319.99       182.84
            70    547  -1142.46018    0.01    99.72      5.08       502.90       322.25       180.65
            71    282  -1142.49257    0.01    99.73      5.10       502.92       319.07       183.85
            72    634  -1142.60762    0.01    99.74      5.17       502.99       321.67       181.32
            73    835  -1142.72557    0.01    99.76      5.24       503.06       321.38       181.68
            74    556  -1142.73483    0.01    99.77      5.24       503.06       320.70       182.36
          ------------------------------------------------------------------------------------------

          --------------------------------------------------------
          Potential Energy: E = (U+W) + H.O. Equipartion energy
          --------------------------------------------------------

          ------------------------------------------------------------------------------------------
          Rank    ID         E          U+W            U        W(PBSA)          PB           SA
          ------------------------------------------------------------------------------------------
             1    977       314.12       188.03       260.23       -72.20       -78.18         5.99
             2    865       316.83       190.74       260.94       -70.19       -76.17         5.98
             3    816       315.99       189.90       263.55       -73.65       -79.59         5.94
             4    967       318.59       192.50       273.41       -80.91       -86.98         6.07
             5    337       316.04       189.95       266.01       -76.06       -82.10         6.04
             6    109       315.73       189.64       263.23       -73.59       -79.56         5.97
             7    683       316.99       190.90       266.07       -75.17       -81.17         6.00
             8    281       319.67       193.58       276.34       -82.76       -88.80         6.04
             9    484       317.96       191.87       268.57       -76.71       -82.82         6.11
            10     16       317.88       191.79       269.14       -77.36       -83.33         5.97
            11      9       318.61       192.52       276.21       -83.69       -89.69         6.00
            12     32       317.39       191.31       266.58       -75.28       -81.24         5.96
            13    149       318.58       192.49       267.80       -75.30       -81.33         6.03
            14    169       318.91       192.83       272.56       -79.73       -85.86         6.13
            15    107       318.28       192.20       268.50       -76.30       -82.27         5.97
            16    697       317.06       190.98       261.01       -70.03       -75.96         5.93
            17    406       319.84       193.75       278.39       -84.64       -90.77         6.13
            18    820       316.86       190.77       267.47       -76.70       -82.72         6.01
            19    383       319.29       193.20       274.33       -81.13       -87.22         6.09
            20    935       317.40       191.31       267.09       -75.78       -81.77         5.99
            21    985       317.29       191.20       260.44       -69.24       -75.16         5.92
            22    201       320.27       194.18       274.08       -79.90       -85.95         6.04
            23     27       317.77       191.68       261.65       -69.96       -75.89         5.93
            24     22       318.15       192.06       268.09       -76.04       -82.08         6.05
            25    176       317.15       191.06       261.68       -70.62       -76.56         5.94
            26    605       317.90       191.81       266.06       -74.25       -80.21         5.96
            27    502       320.13       194.04       274.94       -80.90       -86.91         6.01
            28     83       320.71       194.62       275.21       -80.60       -86.69         6.09
            29    421       317.26       191.17       266.75       -75.57       -81.55         5.98
            30    525       318.24       192.15       267.34       -75.19       -81.24         6.05
            31    963       316.87       190.78       260.24       -69.46       -75.41         5.95
            32    279       317.30       191.21       265.01       -73.80       -79.79         5.99
            33    659       318.08       191.99       270.81       -78.82       -84.81         5.99
            34    585       320.60       194.52       273.78       -79.26       -85.40         6.14
            35    932       317.76       191.67       266.16       -74.49       -80.49         5.99
            36    170       318.65       192.56       261.27       -68.70       -74.66         5.96
            37    112       317.54       191.46       261.97       -70.51       -76.41         5.89
            38    346       320.15       194.06       272.48       -78.42       -84.42         6.00
            39    197       319.14       193.06       268.48       -75.43       -81.49         6.07
            40    917       321.89       195.81       282.18       -86.37       -92.47         6.10
            41    818       318.82       192.73       268.24       -75.52       -81.51         6.00
            42     12       320.12       194.03       268.02       -73.99       -80.04         6.05
            43    601       320.72       194.63       274.07       -79.43       -85.45         6.02
            44     19       319.98       193.89       270.48       -76.59       -82.66         6.07
            45    577       318.73       192.64       266.12       -73.49       -79.46         5.97
            46    276       318.21       192.12       268.01       -75.88       -81.94         6.06
            47    431       319.05       192.97       265.25       -72.28       -78.28         5.99
            48    894       321.30       195.21       277.99       -82.78       -88.89         6.11
            49     31       317.60       191.51       262.26       -70.75       -76.70         5.95
            50     57       322.10       196.01       279.52       -83.51       -89.51         6.00
            51    696       318.30       192.21       267.33       -75.12       -81.18         6.06
            52    471       320.51       194.42       270.90       -76.48       -82.47         5.99
            53    719       318.51       192.42       266.48       -74.06       -80.01         5.95
            54    767       320.38       194.29       271.62       -77.33       -83.33         5.99
            55    160       318.88       192.79       261.78       -68.98       -74.87         5.89
            56    811       318.51       192.42       265.15       -72.73       -78.59         5.86
            57    181       319.91       193.83       271.43       -77.60       -83.63         6.03
            58    405       320.60       194.51       274.19       -79.68       -85.69         6.01
            59    702       321.77       195.69       276.69       -81.01       -87.12         6.11
            60    662       319.35       193.26       268.41       -75.15       -81.15         6.00
            61    442       319.02       192.93       268.85       -75.92       -81.96         6.04
            62    950       320.20       194.11       269.05       -74.94       -81.03         6.09
            63    499       319.75       193.66       265.65       -71.99       -77.94         5.95
            64    994       320.36       194.28       269.36       -75.09       -81.14         6.05
            65    772       321.67       195.58       276.61       -81.04       -87.04         6.01
            66    105       319.67       193.58       265.56       -71.98       -77.95         5.97
            67    861       319.66       193.58       267.60       -74.03       -80.10         6.07
            68    246       323.06       196.97       278.43       -81.46       -87.48         6.02
            69    753       319.99       193.90       268.32       -74.42       -80.33         5.91
            70    547       322.25       196.16       276.60       -80.44       -86.55         6.12
            71    282       319.07       192.98       269.58       -76.60       -82.61         6.01
            72    634       321.67       195.58       277.42       -81.83       -87.81         5.97
            73    835       321.38       195.29       271.49       -76.19       -82.18         5.98
            74    556       320.70       194.61       268.69       -74.08       -80.26         6.18
          ------------------------------------------------------------------------------------------

          ----------------------------------------
          Gas Phase Internal Potential Energy: U
          ----------------------------------------

          ------------------------------------------------------------------------------------------
          Rank    ID         U         Valence     Coulomb        VdW         VdW6        VdW12
          ------------------------------------------------------------------------------------------
             1    977       260.23       157.96       126.21       -23.93      -181.41       157.48
             2    865       260.94       159.36       127.07       -25.49      -184.17       158.68
             3    816       263.55       161.30       127.61       -25.37      -185.26       159.89
             4    967       273.41       158.82       137.60       -23.01      -179.17       156.16
             5    337       266.01       153.70       135.43       -23.12      -182.50       159.38
             6    109       263.23       159.00       128.66       -24.43      -185.82       161.39
             7    683       266.07       161.38       127.76       -23.08      -182.20       159.12
             8    281       276.34       160.22       140.68       -24.56      -178.87       154.31
             9    484       268.57       161.75       128.92       -22.09      -177.71       155.62
            10     16       269.14       159.84       133.62       -24.32      -182.00       157.68
            11      9       276.21       155.75       146.23       -25.78      -181.61       155.83
            12     32       266.58       160.11       129.69       -23.22      -182.49       159.27
            13    149       267.80       163.91       126.95       -23.07      -179.56       156.49
            14    169       272.56       158.50       136.49       -22.44      -178.52       156.08
            15    107       268.50       160.04       132.87       -24.42      -182.18       157.77
            16    697       261.01       160.80       124.76       -24.56      -185.02       160.46
            17    406       278.39       157.41       142.96       -21.99      -176.75       154.77
            18    820       267.47       162.53       128.60       -23.66      -184.01       160.35
            19    383       274.33       155.07       143.69       -24.42      -178.11       153.69
            20    935       267.09       160.26       130.58       -23.75      -183.22       159.47
            21    985       260.44       158.63       127.47       -25.66      -187.00       161.34
            22    201       274.08       162.45       134.61       -22.97      -177.91       154.94
            23     27       261.65       160.10       127.24       -25.69      -184.48       158.79
            24     22       268.09       163.47       127.82       -23.20      -183.56       160.36
            25    176       261.68       159.54       128.12       -25.97      -185.33       159.36
            26    605       266.06       161.89       127.87       -23.70      -184.02       160.32
            27    502       274.94       160.35       139.11       -24.52      -179.48       154.96
            28     83       275.21       161.93       137.16       -23.88      -177.86       153.98
            29    421       266.75       162.43       127.63       -23.31      -186.61       163.29
            30    525       267.34       161.51       127.59       -21.76      -182.41       160.65
            31    963       260.24       159.61       125.59       -24.96      -186.12       161.16
            32    279       265.01       160.99       128.23       -24.21      -183.69       159.48
            33    659       270.81       161.51       133.88       -24.57      -184.94       160.37
            34    585       273.78       159.66       135.66       -21.54      -177.32       155.78
            35    932       266.16       159.68       129.94       -23.46      -184.57       161.12
            36    170       261.27       159.88       127.17       -25.78      -183.98       158.20
            37    112       261.97       160.80       125.94       -24.77      -184.84       160.07
            38    346       272.48       161.08       134.76       -23.37      -179.17       155.80
            39    197       268.48       163.21       129.16       -23.88      -182.23       158.35
            40    917       282.18       163.60       143.91       -25.34      -175.47       150.13
            41    818       268.24       162.07       129.47       -23.30      -182.31       159.01
            42     12       268.02       161.89       128.81       -22.67      -180.92       158.24
            43    601       274.07       159.57       138.39       -23.90      -181.32       157.43
            44     19       270.48       163.01       130.24       -22.77      -178.46       155.69
            45    577       266.12       163.48       126.55       -23.91      -185.12       161.21
            46    276       268.01       161.12       129.08       -22.19      -184.11       161.91
            47    431       265.25       162.70       125.97       -23.42      -183.58       160.16
            48    894       277.99       162.11       139.53       -23.64      -177.82       154.18
            49     31       262.26       161.21       125.40       -24.36      -185.37       161.01
            50     57       279.52       162.69       142.65       -25.82      -179.12       153.30
            51    696       267.33       161.43       128.86       -22.97      -184.29       161.32
            52    471       270.90       163.82       131.51       -24.43      -180.79       156.36
            53    719       266.48       160.06       131.78       -25.36      -186.87       161.51
            54    767       271.62       164.25       131.33       -23.96      -181.83       157.87
            55    160       261.78       159.20       128.46       -25.89      -186.77       160.88
            56    811       265.15       164.59       127.40       -26.84      -187.67       160.83
            57    181       271.43       161.73       132.66       -22.96      -179.88       156.92
            58    405       274.19       161.10       138.34       -25.25      -183.67       158.41
            59    702       276.69       164.13       136.21       -23.64      -176.73       153.09
            60    662       268.41       158.89       132.98       -23.46      -181.51       158.06
            61    442       268.85       162.91       129.29       -23.36      -184.88       161.53
            62    950       269.05       163.33       127.94       -22.22      -179.95       157.73
            63    499       265.65       163.42       126.72       -24.49      -183.62       159.13
            64    994       269.36       159.27       133.93       -23.84      -181.48       157.64
            65    772       276.61       163.56       137.08       -24.02      -180.60       156.58
            66    105       265.56       162.30       127.12       -23.86      -183.67       159.81
            67    861       267.60       160.26       129.76       -22.41      -181.73       159.31
            68    246       278.43       164.08       139.58       -25.23      -179.14       153.91
            69    753       268.32       160.49       133.51       -25.68      -183.60       157.93
            70    547       276.60       159.76       140.25       -23.41      -179.55       156.14
            71    282       269.58       162.34       130.55       -23.31      -186.53       163.22
            72    634       277.42       163.71       139.64       -25.93      -181.51       155.58
            73    835       271.49       162.39       134.04       -24.95      -180.85       155.90
            74    556       268.69       156.36       132.63       -20.30      -176.71       156.41
          ------------------------------------------------------------------------------------------

          -------------------------------
          Bonded Energy Terms: Valence
          -------------------------------

          ------------------------------------------------------------------------------------------
          Rank    ID     Valence       Bond        Angle         Pdih         Idih       Tether
          ------------------------------------------------------------------------------------------
             1    977       157.96         5.01        14.12       138.83         0.00         0.00
             2    865       159.36         4.99        15.22       139.15         0.00         0.00
             3    816       161.30         5.04        14.57       141.69         0.01         0.00
             4    967       158.82         4.82        14.84       139.15         0.00         0.00
             5    337       153.70         5.24        16.30       132.15         0.00         0.00
             6    109       159.00         5.05        15.67       138.26         0.01         0.00
             7    683       161.38         5.08        15.00       141.28         0.01         0.00
             8    281       160.22         4.82        13.65       141.75         0.00         0.00
             9    484       161.75         4.98        13.79       142.95         0.02         0.00
            10     16       159.84         4.94        14.02       140.88         0.00         0.00
            11      9       155.75         5.03        17.70       133.03         0.00         0.00
            12     32       160.11         5.16        14.99       139.95         0.01         0.00
            13    149       163.91         4.96        13.75       145.18         0.01         0.00
            14    169       158.50         4.99        14.66       138.85         0.00         0.00
            15    107       160.04         4.94        14.14       140.96         0.00         0.00
            16    697       160.80         5.13        15.35       140.31         0.02         0.00
            17    406       157.41         4.98        15.55       136.88         0.00         0.00
            18    820       162.53         5.17        14.76       142.56         0.04         0.00
            19    383       155.07         4.83        15.60       134.63         0.02         0.00
            20    935       160.26         5.04        15.36       139.81         0.05         0.00
            21    985       158.63         5.04        16.23       137.36         0.00         0.00
            22    201       162.45         4.86        14.27       143.32         0.00         0.00
            23     27       160.10         5.01        15.13       139.94         0.02         0.00
            24     22       163.47         5.20        14.82       143.44         0.02         0.00
            25    176       159.54         4.96        15.03       139.54         0.01         0.00
            26    605       161.89         5.10        14.92       141.86         0.01         0.00
            27    502       160.35         4.81        14.03       141.50         0.01         0.00
            28     83       161.93         4.76        13.63       143.54         0.00         0.00
            29    421       162.43         5.19        15.52       141.70         0.02         0.00
            30    525       161.51         5.25        15.38       140.88         0.00         0.00
            31    963       159.61         5.16        15.65       138.80         0.00         0.00
            32    279       160.99         5.14        14.71       141.12         0.02         0.00
            33    659       161.51         5.15        14.77       141.55         0.03         0.00
            34    585       159.66         4.94        14.58       140.14         0.00         0.00
            35    932       159.68         5.18        16.30       138.13         0.07         0.00
            36    170       159.88         4.98        15.46       139.44         0.00         0.00
            37    112       160.80         5.09        15.62       140.07         0.01         0.00
            38    346       161.08         4.92        14.17       141.96         0.02         0.00
            39    197       163.21         5.09        14.13       143.94         0.04         0.00
            40    917       163.60         4.58        12.68       146.33         0.00         0.00
            41    818       162.07         5.10        15.41       141.55         0.02         0.00
            42     12       161.89         5.06        14.69       142.11         0.03         0.00
            43    601       159.57         4.85        15.20       139.51         0.01         0.00
            44     19       163.01         4.93        13.96       144.09         0.02         0.00
            45    577       163.48         5.16        15.07       143.24         0.01         0.00
            46    276       161.12         5.38        15.29       140.45         0.00         0.00
            47    431       162.70         5.26        16.02       141.36         0.07         0.00
            48    894       162.11         4.81        14.17       143.13         0.00         0.00
            49     31       161.21         5.19        15.45       140.56         0.01         0.00
            50     57       162.69         4.73        13.82       144.13         0.01         0.00
            51    696       161.43         5.22        15.29       140.92         0.00         0.00
            52    471       163.82         5.02        14.37       144.38         0.06         0.00
            53    719       160.06         5.11        15.20       139.73         0.02         0.00
            54    767       164.25         5.08        14.63       144.48         0.06         0.00
            55    160       159.20         5.03        16.54       137.63         0.00         0.00
            56    811       164.59         5.00        15.23       144.32         0.04         0.00
            57    181       161.73         5.12        14.70       141.86         0.05         0.00
            58    405       161.10         4.95        15.65       140.50         0.00         0.00
            59    702       164.13         4.75        13.10       146.28         0.00         0.00
            60    662       158.89         5.05        15.12       138.71         0.01         0.00
            61    442       162.91         5.20        15.67       142.01         0.03         0.00
            62    950       163.33         5.04        14.08       144.19         0.02         0.00
            63    499       163.42         4.94        14.78       143.68         0.03         0.00
            64    994       159.27         5.07        15.33       138.86         0.01         0.00
            65    772       163.56         4.92        13.95       144.68         0.01         0.00
            66    105       162.30         5.10        15.30       141.89         0.01         0.00
            67    861       160.26         5.16        15.59       139.50         0.01         0.00
            68    246       164.08         5.01        14.08       144.95         0.04         0.00
            69    753       160.49         4.97        15.08       140.43         0.02         0.00
            70    547       159.76         4.93        15.24       139.57         0.01         0.00
            71    282       162.34         5.31        16.29       140.73         0.02         0.00
            72    634       163.71         4.83        13.78       145.10         0.00         0.00
            73    835       162.39         5.02        14.08       143.28         0.00         0.00
            74    556       156.36         5.17        16.94       134.19         0.06         0.00
          ------------------------------------------------------------------------------------------

          Calculating single reference conformer RMSDs ...

          ---------------------------------
          Conformer RMSDs are in Angstroms.
          ---------------------------------

          ------------------------------------------------------------------------------------------
                              RMSD wrt Input Crd                    RMSD wrt Rank 1
                         ---------------------------------------------------------------------------
          Rank    ID        Complex    Receptor  Ligand          Complex    Receptor  Ligand
          ------------------------------------------------------------------------------------------
             1    977         1.841     1.930     0.958           0.000     0.000     0.000
             2    865         1.352     1.278     1.804           2.136     2.140     2.107
             3    816         1.658     1.603     2.018           2.304     2.211     2.901
             4    967         1.597     1.000     3.748           2.484     2.213     3.953
             5    337         2.710     2.222     5.020           3.214     2.864     5.108
             6    109         1.416     1.422     1.367           1.749     1.762     1.648
             7    683         1.728     0.892     4.386           2.599     2.285     4.260
             8    281         1.687     0.788     4.396           2.564     2.181     4.476
             9    484         1.703     0.885     4.311           2.706     2.374     4.450
            10     16         1.230     1.104     1.924           2.152     2.185     1.885
            11      9         3.069     2.705     4.998           2.760     2.294     5.007
            12     32         1.673     1.641     1.896           2.316     2.297     2.458
            13    149         1.536     0.776     3.922           2.581     2.319     4.025
            14    169         2.156     1.804     3.869           2.666     2.403     4.120
            15    107         1.188     1.146     1.460           2.229     2.271     1.890
            16    697         1.746     1.812     1.145           1.037     0.926     1.638
            17    406         2.723     2.256     4.964           3.232     2.895     5.072
            18    820         2.439     2.361     2.955           2.334     2.177     3.269
            19    383         2.547     2.085     4.727           3.196     2.926     4.740
            20    935         2.481     2.109     4.339           2.728     2.408     4.428
            21    985         1.996     2.085     1.130           2.303     2.427     0.987
            22    201         1.826     1.355     3.799           1.545     0.830     3.870
            23     27         2.224     2.306     1.476           2.675     2.776     1.753
            24     22         1.950     1.350     4.299           2.540     2.194     4.314
            25    176         2.377     2.475     1.461           2.815     2.940     1.613
            26    605         1.923     1.478     3.860           2.458     2.179     3.955
            27    502         1.813     1.186     4.150           1.930     1.262     4.419
            28     83         2.100     1.627     4.184           2.447     2.075     4.293
            29    421         2.229     1.993     3.518           1.539     0.935     3.668
            30    525         1.715     1.030     4.109           2.493     2.123     4.342
            31    963         1.987     1.984     2.010           1.716     1.650     2.143
            32    279         1.496     1.399     2.077           1.532     1.364     2.440
            33    659         1.801     1.430     3.482           1.999     1.547     3.983
            34    585         1.756     1.027     4.255           2.647     2.309     4.405
            35    932         2.650     2.219     4.752           1.870     0.952     4.762
            36    170         1.731     1.749     1.590           0.863     0.797     1.245
            37    112         1.334     1.196     2.088           2.360     2.407     1.983
            38    346         1.531     1.285     2.735           1.561     1.229     3.049
            39    197         1.902     0.943     4.883           2.352     1.739     4.910
            40    917         1.716     1.128     3.919           1.657     1.026     3.912
            41    818         1.893     1.276     4.251           2.168     1.683     4.307
            42     12         1.945     1.224     4.553           2.384     1.875     4.663
            43    601         2.257     1.969     3.757           1.805     1.284     3.898
            44     19         1.660     0.759     4.349           2.026     1.353     4.576
            45    577         1.902     1.284     4.267           2.710     2.438     4.207
            46    276         1.854     1.226     4.214           1.855     1.179     4.317
            47    431         2.380     2.266     3.094           2.460     2.383     2.968
            48    894         1.617     0.841     4.092           2.488     2.181     4.102
            49     31         1.463     1.361     2.071           2.349     2.393     1.996
            50     57         1.558     1.041     3.518           1.692     1.143     3.794
            51    696         1.680     0.891     4.227           2.606     2.277     4.325
            52    471         2.130     1.300     5.064           2.686     2.191     5.011
            53    719         1.986     1.444     4.210           1.919     1.217     4.473
            54    767         2.133     1.334     5.006           2.568     1.988     5.119
            55    160         1.711     1.669     1.992           2.039     2.024     2.149
            56    811         1.966     1.913     2.321           2.288     2.242     2.602
            57    181         2.193     1.477     4.928           2.429     1.712     5.283
            58    405         1.808     1.348     3.746           2.536     2.327     3.736
            59    702         1.717     1.161     3.847           1.728     1.045     4.124
            60    662         1.912     1.189     4.502           2.042     1.327     4.692
            61    442         1.836     1.682     2.717           1.585     1.360     2.723
            62    950         1.708     0.764     4.495           2.561     2.167     4.514
            63    499         1.564     0.933     3.760           2.306     2.014     3.830
            64    994         1.812     1.023     4.458           2.586     2.191     4.547
            65    772         1.636     0.895     4.073           2.654     2.380     4.151
            66    105         2.070     1.681     3.885           1.488     0.648     3.939
            67    861         1.833     0.907     4.710           2.781     2.375     4.820
            68    246         2.041     1.280     4.785           2.242     1.612     4.798
            69    753         1.692     1.648     1.983           2.578     2.678     1.666
            70    547         2.675     2.313     4.535           2.100     1.508     4.500
            71    282         2.042     1.707     3.674           2.421     2.112     4.028
            72    634         1.539     0.779     3.926           1.897     1.320     4.166
            73    835         1.922     1.465     3.895           2.444     2.106     4.167
            74    556         2.740     1.989     5.819           3.010     2.315     6.043
          ------------------------------------------------------------------------------------------

          --------------------------------
          Final Boltzmann Averaged Data.
          --------------------------------

          -------------------------------------------------------------------
          Results of Boltzmann Averaging Over All  301 Conformers (kcal/mol).
          -------------------------------------------------------------------

          Free Energy                        G             497.6128558047
          Average Potential Energy         < E >           315.0936994942
          Entropy                           -TS            182.5191563104
          -------------------------------------------------------------------

          Average Potential Energy < E > Components.

          < U >                   262.0469122846
          < W(PBSA) >             -73.0394642519
          < H.O. P.E. >           126.0882491630

          Average Solvation Energy < W(PBSA) > Components.

          < PB >                  -79.0298033739
          < SA >                    5.9903391220

          Average Gas Phase Internal Potential Energy < U > Components.

          < Valence >             158.4607715136
          < Coulomb >             127.6289891617
          < VdW >                 -24.0428483907

          Average Van der Waals Energy < VdW > Components.

          < VdW6  >              -181.8036026708
          < VdW12 >               157.7607542801

          Average Bonded Energy < Valence > Components.

          < Bond >                  5.0112422409
          < Angle >                14.3871631352
          < Pdihed >              139.0595672398
          < Idihed >                0.0027988978
          < Tether >                0.0000000000

          -------------------------------------------------------------------
                        End of feprocess Calculation Results Summary.
          -------------------------------------------------------------------


     Total cpu time for run       5495.83 seconds.
                                    91.60 minutes.

     Total wall time for run      2601.18 seconds.
                                    43.35 minutes.

     TIME STAMP: VCPack job finished normally : Sunday, August 07, 2022 at 16:12:45
