
     --------------------------------------------------------------------------------
                        Running Program VCPack. Version 2.8

                           VeraChem LLC, PO Box 2206
                           Germantown, MD 20875, U.S.A.

                                Tel. 240-686-0565
                                www.verachem.com
     --------------------------------------------------------------------------------


     Input file          :   guest-s15_vm2.inp

     Output file         :   guest-s15_vm2.out

     Summary output file :   guest-s15_vm2.summary.out

     Executable : /data/comblab/vcCompChem_3b/exe/VC_CompChemPackage_mpi.exe

     Build date : Aug 13 2021  17:26:14

     This is a multiple processor run.

     MPI processes              :   16
     OpenMP threads per process :    0
     CUDA enabled               :  no

     TIME STAMP: VCPack job started : Sunday, August 07, 2022 at 15:51:40

     --------------------------------------------------------------------------------
                            Basic Calculation Control.
     --------------------------------------------------------------------------------

     Molecular system type                :  ligand          

     Calculation type                     :  vm2             

     Energy potential                     :  mm              

     Post-processing type                 :  none            

     Post-processing energy potential     :  none            

     Time limit in wall clock hours       :  96.00

     Read in starting conformers          :  no
     Type of conformers to read in        :  none
     Conformer source files(s)            :  none

     Use input .crd for complex build     :  no
     Place ligand confs. at input .crd    :  no
     Use input .crd as start conformer    :  yes

     Formatted output files               :  xyz     
                                          :  pdb     
                                          :  mol2    
                                          :  sdf     
                                          :  xyz     
                                          :  gms     
                                          :  csv     

     Split formatted output files         :  crd     

     Limit conformers in formatted files  :  bycount
     Maximum conformer count              :  1000

     Atoms to include in formatted files  :  all     

     Binary file restart type             :  none


     --------------------------------------------------------------------------------
                            Math Related Control and Set Up.
     --------------------------------------------------------------------------------

     Random number generator seeds :  bywallclock

     Seed 1 :           4120658
     Seed 2 :            459873
     Seed 3 :              3227
     Seed 4 :             20606


     --------------------------------------------------------------------------------
                            Basic Molecular System Set Up.
     --------------------------------------------------------------------------------

     ------------------
     Ligand Data Files.
     ------------------

     Standard crd coordinate file            :  guest-s15.crd
     VeraChem topology file                  :  guest-s15.top
     Standard mol/sdf file                   :  guest-s15.mol

     Total number of ligand atoms            :        29

     Included in this calculation.
     Number of real and live ligand atoms    :        29
     Number of real but fixed ligand atoms   :         0

     Ligand placement method                 :  none

     Snap ligand to template atoms           :      no

     -------------------------------
     Final Real/Live Set Atom Count.
     -------------------------------

     Total number of real atoms              :        29
     Total number of live atoms              :        29


     --------------------------------------------------------------------------------
                            Generate Initial Molecular Conformation.
     --------------------------------------------------------------------------------

     Mandatory input crd file(s) used for generation of a single starting conformer.


     --------------------------------------------------------------------------------
                             Energy Potential Settings.
     --------------------------------------------------------------------------------


     Molecular Mechanics package          :  vchem           

     Quantum Mechanics package            :  none            


     --------------------------------------------------------------------------------
                    Running VM2 Mining Minima Module. Version 2.8
     --------------------------------------------------------------------------------

     Iteration    Free Energy G             G Diff            # Conformers     # Diff
        1            32.950575              32.950575              54              54
        2            32.603033              -0.347542             120              66
        3            32.546824              -0.056209             135              15
        4            32.480015              -0.066809             170              35
        5            32.479833              -0.000182             170               0
        6            32.419197              -0.060636             189              19
        7            32.410992              -0.008205             193               4
        8            32.361644              -0.049348             207              14
        9            32.351288              -0.010356             211               4
       10            32.350401              -0.000887             220               9

     VM2 Free Energy converged after   10 iterations.

     Final VM2 Free Energy is      32.350401 Kcal/mol.

          --------------------------------
          Final Individual Conformer Data.
          --------------------------------

          List data for conformers with probability of at least :  0.01 %
          Rankings are with respect to : Free Energy (G)

          ------------------------
          Free Energy: G = E - TS
          ------------------------

          ------------------------------------------------------------------------------------------
          Rank    ID     ln(Zx)    Prob(%)  Sum Prob(%)  Del G        G            E            -TS
          ------------------------------------------------------------------------------------------
             1    718   -101.65448   10.36    10.36      0.00        33.70        -3.68        37.38
             2    441   -102.36701    5.08    15.44      0.42        34.13        -3.40        37.53
             3     58   -102.37046    5.06    20.50      0.43        34.13        -3.27        37.40
             4   1220   -102.63033    3.90    24.40      0.58        34.28        -3.21        37.50
             5   1303   -102.66035    3.79    28.19      0.60        34.30        -3.19        37.50
             6   1308   -102.74501    3.48    31.67      0.65        34.35        -3.10        37.46
             7    694   -102.76340    3.42    35.08      0.66        34.36        -3.22        37.58
             8    985   -102.76604    3.41    38.49      0.66        34.36        -3.14        37.50
             9   1224   -102.81419    3.25    41.74      0.69        34.39        -3.08        37.48
            10   1577   -102.82469    3.21    44.95      0.70        34.40        -3.09        37.49
            11    199   -103.18353    2.24    47.20      0.91        34.61        -3.06        37.67
            12   1580   -103.37113    1.86    49.06      1.02        34.73        -2.78        37.51
            13   1600   -103.46829    1.69    50.75      1.08        34.78        -2.72        37.50
            14   1531   -103.46923    1.69    52.43      1.08        34.78        -2.73        37.51
            15    986   -103.47933    1.67    54.10      1.09        34.79        -2.85        37.64
            16   1007   -103.52480    1.60    55.70      1.12        34.82        -2.72        37.53
            17   1345   -103.53425    1.58    57.28      1.12        34.82        -2.67        37.49
            18   1685   -103.55174    1.55    58.83      1.13        34.83        -2.80        37.64
            19   1635   -103.55728    1.54    60.38      1.13        34.84        -3.02        37.86
            20    553   -103.56636    1.53    61.91      1.14        34.84        -2.80        37.64
            21    921   -103.57995    1.51    63.42      1.15        34.85        -2.57        37.42
            22   1609   -103.60828    1.47    64.89      1.16        34.87        -2.77        37.64
            23   1563   -103.62203    1.45    66.33      1.17        34.88        -2.75        37.63
            24   1272   -103.68950    1.35    67.69      1.21        34.92        -2.68        37.59
            25    999   -103.68959    1.35    69.04      1.21        34.92        -2.71        37.63
            26   1357   -103.74483    1.28    70.32      1.25        34.95        -2.87        37.82
            27   1297   -103.75153    1.27    71.59      1.25        34.95        -2.74        37.69
            28    989   -103.77119    1.25    72.84      1.26        34.96        -2.86        37.82
            29    350   -103.78269    1.23    74.07      1.27        34.97        -2.59        37.56
            30   1508   -103.82239    1.18    75.26      1.29        34.99        -2.60        37.60
            31    605   -103.83425    1.17    76.43      1.30        35.00        -2.69        37.69
            32    916   -103.84772    1.16    77.58      1.31        35.01        -2.82        37.83
            33    923   -103.88860    1.11    78.69      1.33        35.03        -2.46        37.49
            34   1260   -104.05170    0.94    79.64      1.43        35.13        -2.66        37.79
            35    851   -104.06035    0.93    80.57      1.43        35.14        -2.51        37.65
            36   1187   -104.09384    0.90    81.47      1.45        35.16        -2.54        37.69
            37    676   -104.10190    0.90    82.37      1.46        35.16        -2.63        37.79
            38    675   -104.14420    0.86    83.23      1.48        35.19        -2.60        37.79
            39   1330   -104.14963    0.85    84.08      1.49        35.19        -2.66        37.85
            40    587   -104.17749    0.83    84.91      1.50        35.21        -2.77        37.98
            41    892   -104.39828    0.67    85.58      1.64        35.34        -2.53        37.87
            42   1346   -104.39923    0.67    86.24      1.64        35.34        -2.40        37.74
            43    678   -104.41548    0.65    86.90      1.65        35.35        -2.32        37.67
            44    659   -104.48670    0.61    87.51      1.69        35.39        -2.61        38.00
            45    185   -104.51026    0.60    88.10      1.70        35.40        -2.58        37.98
            46    333   -104.51538    0.59    88.70      1.71        35.41        -2.43        37.83
            47   1229   -104.52904    0.58    89.28      1.71        35.42        -2.56        37.97
            48    588   -104.56028    0.57    89.85      1.73        35.43        -2.40        37.84
            49   1582   -104.58064    0.56    90.40      1.74        35.45        -2.33        37.78
            50     66   -104.62451    0.53    90.93      1.77        35.47        -2.10        37.57
            51   1341   -104.66195    0.51    91.45      1.79        35.50        -2.10        37.60
            52   1279   -104.74451    0.47    91.92      1.84        35.54        -2.26        37.80
            53    218   -104.75338    0.47    92.38      1.85        35.55        -2.42        37.97
            54    926   -104.81518    0.44    92.82      1.88        35.59        -2.61        38.20
            55    505   -104.82434    0.44    93.26      1.89        35.59        -2.14        37.73
            56    507   -104.83964    0.43    93.69      1.90        35.60        -2.55        38.16
            57    807   -104.86567    0.42    94.10      1.91        35.62        -2.32        37.94
            58   1552   -104.89988    0.40    94.51      1.93        35.64        -2.06        37.70
            59   1201   -104.95920    0.38    94.89      1.97        35.67        -2.50        38.17
            60    946   -104.96424    0.38    95.27      1.97        35.68        -1.95        37.63
            61   1247   -104.98258    0.37    95.64      1.98        35.69        -2.31        38.00
            62    284   -105.01660    0.36    96.00      2.00        35.71        -2.51        38.21
            63   1228   -105.06689    0.34    96.34      2.03        35.74        -2.37        38.11
            64   1022   -105.08079    0.34    96.67      2.04        35.74        -2.22        37.96
            65    927   -105.29080    0.27    96.95      2.17        35.87        -2.19        38.06
            66    839   -105.30561    0.27    97.22      2.18        35.88        -2.42        38.30
            67    138   -105.32226    0.26    97.48      2.19        35.89        -2.31        38.20
            68    203   -105.48030    0.23    97.71      2.28        35.98        -2.35        38.33
            69    159   -105.66706    0.19    97.89      2.39        36.09        -2.04        38.14
            70    182   -105.74370    0.17    98.07      2.44        36.14        -2.35        38.49
            71    276   -105.78630    0.17    98.23      2.46        36.17        -1.83        37.99
            72   1307   -106.03852    0.13    98.36      2.61        36.32        -0.88        37.19
            73    338   -106.28993    0.10    98.46      2.76        36.47        -2.13        38.60
            74    609   -106.32436    0.10    98.56      2.78        36.49        -1.81        38.30
            75    698   -106.72827    0.06    98.63      3.02        36.73        -1.00        37.73
            76   1687   -107.01324    0.05    98.67      3.19        36.90        -0.78        37.68
            77   1304   -107.07515    0.05    98.72      3.23        36.93        -1.03        37.97
            78    488   -107.11061    0.04    98.76      3.25        36.95        -0.78        37.74
            79   1185   -107.11543    0.04    98.81      3.26        36.96        -0.31        37.27
            80   1633   -107.20289    0.04    98.85      3.31        37.01        -0.77        37.78
            81   1332   -107.25719    0.04    98.89      3.34        37.04        -0.70        37.74
            82    318   -107.31637    0.04    98.92      3.38        37.08        -0.65        37.73
            83    283   -107.33962    0.04    98.96      3.39        37.09        -0.94        38.03
            84    920   -107.34602    0.03    98.99      3.39        37.10        -0.70        37.79
            85    489   -107.38993    0.03    99.03      3.42        37.12        -0.63        37.75
            86    592   -107.42401    0.03    99.06      3.44        37.14        -0.50        37.64
            87   1012   -107.43913    0.03    99.09      3.45        37.15        -0.58        37.73
            88    340   -107.43999    0.03    99.12      3.45        37.15        -0.62        37.77
            89    785   -107.55620    0.03    99.15      3.52        37.22        -0.53        37.75
            90    560   -107.57280    0.03    99.18      3.53        37.23        -0.12        37.35
            91   1207   -107.59970    0.03    99.21      3.54        37.25        -0.61        37.85
            92   1014   -107.66694    0.03    99.23      3.58        37.29        -0.56        37.84
            93    861   -107.67740    0.03    99.26      3.59        37.29        -0.22        37.51
            94   1010   -107.89007    0.02    99.28      3.72        37.42        -0.10        37.52
            95    522   -107.89651    0.02    99.30      3.72        37.42        -0.31        37.73
            96   1520   -107.93950    0.02    99.32      3.75        37.45         0.04        37.41
            97   1048   -107.94171    0.02    99.34      3.75        37.45        -0.30        37.75
            98   1603   -107.94767    0.02    99.35      3.75        37.45        -0.30        37.75
            99    150   -107.95211    0.02    99.37      3.75        37.46        -0.30        37.76
           100    651   -107.98250    0.02    99.39      3.77        37.47        -0.42        37.89
           101     89   -107.98452    0.02    99.41      3.77        37.48        -0.33        37.80
           102     94   -108.03398    0.02    99.43      3.80        37.51        -0.29        37.79
           103   1033   -108.07380    0.02    99.44      3.83        37.53        -0.57        38.10
           104    221   -108.10259    0.02    99.46      3.84        37.55        -0.11        37.66
           105    101   -108.10863    0.02    99.48      3.85        37.55        -0.11        37.66
           106   1621   -108.12719    0.02    99.49      3.86        37.56        -0.37        37.94
           107   1606   -108.12846    0.02    99.51      3.86        37.56        -0.15        37.71
           108    978   -108.13337    0.02    99.53      3.86        37.56        -0.22        37.78
           109   1046   -108.14921    0.02    99.54      3.87        37.57        -0.21        37.79
           110    335   -108.16719    0.02    99.56      3.88        37.58        -0.64        38.23
           111    125   -108.18281    0.02    99.57      3.89        37.59        -0.27        37.86
           112   1352   -108.19015    0.02    99.59      3.90        37.60        -0.36        37.96
           113    153   -108.20623    0.01    99.60      3.91        37.61        -0.30        37.91
           114   1464   -108.26332    0.01    99.62      3.94        37.64         0.13        37.51
           115   1688   -108.28229    0.01    99.63      3.95        37.65        -0.36        38.02
           116    312   -108.31080    0.01    99.64      3.97        37.67        -0.45        38.12
           117    334   -108.31743    0.01    99.66      3.97        37.67        -0.14        37.81
           118   1364   -108.31895    0.01    99.67      3.97        37.68         0.01        37.66
           119   1663   -108.33283    0.01    99.68      3.98        37.68        -0.14        37.83
           120   1547   -108.34419    0.01    99.69      3.99        37.69        -0.20        37.89
           121    703   -108.37049    0.01    99.71      4.00        37.71        -0.18        37.89
           122   1598   -108.42586    0.01    99.72      4.04        37.74        -0.16        37.89
           123   1362   -108.44557    0.01    99.73      4.05        37.75        -0.46        38.21
           124   1595   -108.45879    0.01    99.74      4.06        37.76        -0.14        37.90
           125   1675   -108.46973    0.01    99.75      4.06        37.77         0.04        37.72
           126    302   -108.49698    0.01    99.76      4.08        37.78        -0.16        37.94
           127    996   -108.51989    0.01    99.78      4.09        37.80        -0.12        37.92
           128    329   -108.55384    0.01    99.79      4.11        37.82         0.01        37.80
          ------------------------------------------------------------------------------------------

          --------------------------------------------------------
          Potential Energy: E = (U+W) + H.O. Equipartion energy
          --------------------------------------------------------

          ------------------------------------------------------------------------------------------
          Rank    ID         E          U+W            U        W(PBSA)          PB           SA
          ------------------------------------------------------------------------------------------
             1    718        -3.68       -27.83        23.96       -51.79       -54.34         2.56
             2    441        -3.40       -27.55        24.51       -52.06       -54.56         2.50
             3     58        -3.27       -27.41        24.28       -51.69       -54.27         2.58
             4   1220        -3.21       -27.36        24.59       -51.94       -54.48         2.53
             5   1303        -3.19       -27.34        24.57       -51.91       -54.45         2.54
             6   1308        -3.10       -27.25        24.71       -51.96       -54.51         2.55
             7    694        -3.22       -27.36        24.67       -52.03       -54.58         2.55
             8    985        -3.14       -27.28        24.74       -52.02       -54.55         2.52
             9   1224        -3.08       -27.23        25.01       -52.24       -54.75         2.51
            10   1577        -3.09       -27.23        24.82       -52.05       -54.57         2.51
            11    199        -3.06       -27.20        24.85       -52.05       -54.59         2.53
            12   1580        -2.78       -26.93        24.93       -51.85       -54.37         2.51
            13   1600        -2.72       -26.86        25.09       -51.95       -54.50         2.55
            14   1531        -2.73       -26.87        24.91       -51.78       -54.31         2.53
            15    986        -2.85       -27.00        25.16       -52.16       -54.68         2.52
            16   1007        -2.72       -26.86        25.13       -51.99       -54.53         2.53
            17   1345        -2.67       -26.81        25.09       -51.90       -54.41         2.51
            18   1685        -2.80       -26.95        25.27       -52.22       -54.70         2.49
            19   1635        -3.02       -27.17        25.09       -52.26       -54.74         2.48
            20    553        -2.80       -26.94        25.15       -52.09       -54.58         2.49
            21    921        -2.57       -26.72        25.44       -52.16       -54.68         2.52
            22   1609        -2.77       -26.92        25.12       -52.04       -54.55         2.51
            23   1563        -2.75       -26.90        25.35       -52.25       -54.74         2.49
            24   1272        -2.68       -26.82        25.47       -52.29       -54.79         2.50
            25    999        -2.71       -26.86        25.54       -52.40       -54.89         2.49
            26   1357        -2.87       -27.01        25.21       -52.23       -54.72         2.49
            27   1297        -2.74       -26.88        25.27       -52.15       -54.66         2.51
            28    989        -2.86       -27.00        25.45       -52.45       -54.94         2.49
            29    350        -2.59       -26.73        25.45       -52.18       -54.67         2.49
            30   1508        -2.60       -26.75        25.26       -52.01       -54.53         2.52
            31    605        -2.69       -26.83        25.38       -52.21       -54.72         2.51
            32    916        -2.82       -26.96        25.31       -52.27       -54.76         2.49
            33    923        -2.46       -26.60        25.45       -52.06       -54.55         2.49
            34   1260        -2.66       -26.80        25.52       -52.32       -54.81         2.48
            35    851        -2.51       -26.65        25.43       -52.09       -54.61         2.52
            36   1187        -2.54       -26.68        25.64       -52.32       -54.81         2.49
            37    676        -2.63       -26.77        25.51       -52.28       -54.76         2.48
            38    675        -2.60       -26.75        25.49       -52.24       -54.72         2.48
            39   1330        -2.66       -26.80        25.62       -52.42       -54.91         2.48
            40    587        -2.77       -26.92        25.71       -52.62       -55.09         2.47
            41    892        -2.53       -26.68        25.70       -52.38       -54.83         2.46
            42   1346        -2.40       -26.55        25.62       -52.17       -54.63         2.46
            43    678        -2.32       -26.46        25.69       -52.15       -54.64         2.49
            44    659        -2.61       -26.76        25.70       -52.45       -54.88         2.43
            45    185        -2.58       -26.72        25.70       -52.42       -54.86         2.43
            46    333        -2.43       -26.57        25.53       -52.10       -54.58         2.48
            47   1229        -2.56       -26.70        25.73       -52.43       -54.89         2.46
            48    588        -2.40       -26.55        25.49       -52.04       -54.51         2.47
            49   1582        -2.33       -26.48        25.73       -52.20       -54.67         2.47
            50     66        -2.10       -26.24        25.97       -52.22       -54.71         2.49
            51   1341        -2.10       -26.25        25.82       -52.07       -54.58         2.51
            52   1279        -2.26       -26.40        26.11       -52.51       -55.00         2.48
            53    218        -2.42       -26.57        26.00       -52.56       -55.00         2.44
            54    926        -2.61       -26.76        25.51       -52.26       -54.69         2.43
            55    505        -2.14       -26.29        26.00       -52.28       -54.75         2.47
            56    507        -2.55       -26.70        25.70       -52.40       -54.86         2.47
            57    807        -2.32       -26.47        25.82       -52.28       -54.73         2.45
            58   1552        -2.06       -26.20        25.89       -52.10       -54.60         2.50
            59   1201        -2.50       -26.64        26.02       -52.66       -55.10         2.44
            60    946        -1.95       -26.10        26.19       -52.29       -54.80         2.51
            61   1247        -2.31       -26.45        25.81       -52.27       -54.73         2.47
            62    284        -2.51       -26.65        25.90       -52.56       -54.97         2.41
            63   1228        -2.37       -26.52        26.27       -52.79       -55.20         2.42
            64   1022        -2.22       -26.36        26.39       -52.75       -55.20         2.45
            65    927        -2.19       -26.34        26.39       -52.73       -55.16         2.44
            66    839        -2.42       -26.57        26.21       -52.77       -55.19         2.42
            67    138        -2.31       -26.45        26.06       -52.51       -54.93         2.42
            68    203        -2.35       -26.49        26.08       -52.57       -54.97         2.40
            69    159        -2.04       -26.19        26.47       -52.65       -55.09         2.43
            70    182        -2.35       -26.50        25.93       -52.42       -54.83         2.41
            71    276        -1.83       -25.97        26.28       -52.25       -54.68         2.42
            72   1307        -0.88       -25.02        27.08       -52.11       -54.62         2.52
            73    338        -2.13       -26.27        26.60       -52.87       -55.27         2.40
            74    609        -1.81       -25.95        26.77       -52.73       -55.14         2.41
            75    698        -1.00       -25.14        27.27       -52.42       -54.88         2.47
            76   1687        -0.78       -24.92        27.07       -51.99       -54.49         2.50
            77   1304        -1.03       -25.18        27.31       -52.49       -54.96         2.47
            78    488        -0.78       -24.93        27.36       -52.29       -54.78         2.49
            79   1185        -0.31       -24.46        27.68       -52.13       -54.61         2.48
            80   1633        -0.77       -24.91        27.43       -52.34       -54.83         2.49
            81   1332        -0.70       -24.84        27.32       -52.16       -54.66         2.49
            82    318        -0.65       -24.80        27.55       -52.34       -54.80         2.46
            83    283        -0.94       -25.09        27.50       -52.58       -55.04         2.46
            84    920        -0.70       -24.84        27.47       -52.31       -54.79         2.48
            85    489        -0.63       -24.77        27.67       -52.44       -54.94         2.50
            86    592        -0.50       -24.64        27.99       -52.64       -55.13         2.49
            87   1012        -0.58       -24.73        27.70       -52.42       -54.88         2.46
            88    340        -0.62       -24.76        27.46       -52.22       -54.68         2.46
            89    785        -0.53       -24.67        27.89       -52.57       -55.03         2.46
            90    560        -0.12       -24.27        27.85       -52.11       -54.61         2.49
            91   1207        -0.61       -24.75        27.64       -52.39       -54.90         2.51
            92   1014        -0.56       -24.70        27.78       -52.48       -54.93         2.45
            93    861        -0.22       -24.36        27.70       -52.06       -54.56         2.50
            94   1010        -0.10       -24.25        27.82       -52.07       -54.59         2.52
            95    522        -0.31       -24.45        28.05       -52.50       -54.97         2.46
            96   1520         0.04       -24.10        28.00       -52.10       -54.57         2.47
            97   1048        -0.30       -24.45        27.67       -52.11       -54.55         2.44
            98   1603        -0.30       -24.44        27.70       -52.14       -54.64         2.49
            99    150        -0.30       -24.45        27.63       -52.08       -54.52         2.44
           100    651        -0.42       -24.56        27.85       -52.42       -54.83         2.41
           101     89        -0.33       -24.47        28.01       -52.48       -54.95         2.47
           102     94        -0.29       -24.43        27.71       -52.15       -54.60         2.46
           103   1033        -0.57       -24.72        27.80       -52.52       -54.97         2.44
           104    221        -0.11       -24.26        27.99       -52.24       -54.72         2.48
           105    101        -0.11       -24.26        27.88       -52.14       -54.60         2.46
           106   1621        -0.37       -24.52        27.92       -52.44       -54.87         2.43
           107   1606        -0.15       -24.29        28.43       -52.72       -55.17         2.45
           108    978        -0.22       -24.36        28.06       -52.42       -54.88         2.46
           109   1046        -0.21       -24.36        27.70       -52.05       -54.53         2.47
           110    335        -0.64       -24.79        27.76       -52.55       -54.97         2.42
           111    125        -0.27       -24.41        27.94       -52.35       -54.79         2.43
           112   1352        -0.36       -24.51        27.89       -52.40       -54.86         2.46
           113    153        -0.30       -24.45        27.95       -52.39       -54.84         2.45
           114   1464         0.13       -24.02        27.95       -51.97       -54.44         2.48
           115   1688        -0.36       -24.51        27.83       -52.34       -54.79         2.45
           116    312        -0.45       -24.60        28.11       -52.70       -55.11         2.40
           117    334        -0.14       -24.28        27.82       -52.10       -54.59         2.49
           118   1364         0.01       -24.13        28.21       -52.35       -54.78         2.44
           119   1663        -0.14       -24.29        28.31       -52.60       -55.09         2.49
           120   1547        -0.20       -24.34        28.04       -52.38       -54.82         2.44
           121    703        -0.18       -24.32        27.92       -52.24       -54.70         2.45
           122   1598        -0.16       -24.30        28.24       -52.54       -54.98         2.45
           123   1362        -0.46       -24.61        27.91       -52.52       -54.94         2.42
           124   1595        -0.14       -24.28        28.22       -52.50       -54.95         2.45
           125   1675         0.04       -24.10        28.16       -52.26       -54.73         2.47
           126    302        -0.16       -24.30        28.17       -52.47       -54.89         2.42
           127    996        -0.12       -24.27        28.13       -52.40       -54.86         2.45
           128    329         0.01       -24.13        28.19       -52.33       -54.78         2.46
          ------------------------------------------------------------------------------------------

          ----------------------------------------
          Gas Phase Internal Potential Energy: U
          ----------------------------------------

          ------------------------------------------------------------------------------------------
          Rank    ID         U         Valence     Coulomb        VdW         VdW6        VdW12
          ------------------------------------------------------------------------------------------
             1    718        23.96         3.17        19.73         1.06        -7.94         9.00
             2    441        24.51         3.68        19.66         1.17        -8.57         9.74
             3     58        24.28         3.71        19.38         1.19        -8.09         9.28
             4   1220        24.59         3.67        19.72         1.20        -8.56         9.76
             5   1303        24.57         3.67        19.71         1.20        -8.56         9.76
             6   1308        24.71         3.73        19.76         1.22        -8.62         9.84
             7    694        24.67         3.46        20.28         0.93        -8.84         9.77
             8    985        24.74         3.69        19.92         1.13        -8.67         9.79
             9   1224        25.01         3.71        20.12         1.18        -8.62         9.80
            10   1577        24.82         3.71        19.94         1.17        -8.61         9.79
            11    199        24.85         3.96        19.89         1.00        -9.07        10.07
            12   1580        24.93         4.21        19.39         1.33        -8.71        10.04
            13   1600        25.09         4.25        19.54         1.30        -8.78        10.07
            14   1531        24.91         4.21        19.38         1.32        -8.72        10.04
            15    986        25.16         4.20        19.69         1.27        -9.29        10.56
            16   1007        25.13         4.21        19.68         1.24        -8.83        10.08
            17   1345        25.09         4.25        19.52         1.31        -8.79        10.10
            18   1685        25.27         4.17        19.87         1.24        -9.31        10.55
            19   1635        25.09         3.93        20.38         0.78        -9.98        10.76
            20    553        25.15         4.18        19.66         1.31        -9.19        10.50
            21    921        25.44         4.34        19.74         1.36        -8.74        10.10
            22   1609        25.12         4.18        19.63         1.31        -9.19        10.50
            23   1563        25.35         4.22        19.85         1.28        -9.28        10.55
            24   1272        25.47         4.29        19.88         1.30        -9.23        10.54
            25    999        25.54         4.22        20.05         1.27        -9.27        10.54
            26   1357        25.21         4.12        19.95         1.14        -9.56        10.69
            27   1297        25.27         3.97        20.25         1.05        -9.49        10.54
            28    989        25.45         4.12        20.19         1.13        -9.59        10.72
            29    350        25.45         4.27        19.87         1.31        -9.22        10.53
            30   1508        25.26         4.21        19.74         1.32        -9.27        10.59
            31    605        25.38         3.96        20.37         1.04        -9.52        10.56
            32    916        25.31         4.18        20.00         1.12        -9.69        10.81
            33    923        25.45         4.32        19.73         1.40        -9.17        10.57
            34   1260        25.52         4.45        19.96         1.11        -9.75        10.86
            35    851        25.43         4.06        20.27         1.11        -9.45        10.56
            36   1187        25.64         3.98        20.67         0.99        -9.57        10.56
            37    676        25.51         4.47        19.98         1.06        -9.82        10.88
            38    675        25.49         4.46        19.91         1.12        -9.71        10.83
            39   1330        25.62         4.14        20.48         1.00        -9.76        10.77
            40    587        25.71         4.41        20.45         0.85       -10.19        11.04
            41    892        25.70         4.65        19.93         1.12        -9.96        11.08
            42   1346        25.62         4.55        19.89         1.18        -9.67        10.85
            43    678        25.69         4.68        19.65         1.35        -9.48        10.83
            44    659        25.70         4.64        19.92         1.14       -10.43        11.58
            45    185        25.70         4.39        20.48         0.83       -10.72        11.55
            46    333        25.53         4.66        19.60         1.26        -9.72        10.98
            47   1229        25.73         4.63        19.87         1.23       -10.25        11.48
            48    588        25.49         4.66        19.57         1.26        -9.76        11.02
            49   1582        25.73         4.68        19.67         1.38        -9.93        11.31
            50     66        25.97         4.81        19.70         1.46        -9.39        10.85
            51   1341        25.82         4.78        19.61         1.43        -9.39        10.82
            52   1279        26.11         4.79        20.05         1.27        -9.80        11.08
            53    218        26.00         4.63        20.15         1.23       -10.24        11.47
            54    926        25.51         4.39        20.42         0.70       -10.96        11.67
            55    505        26.00         4.76        19.83         1.41        -9.89        11.30
            56    507        25.70         4.60        20.01         1.09       -10.57        11.66
            57    807        25.82         4.50        20.34         0.97       -10.53        11.50
            58   1552        25.89         4.78        19.66         1.46        -9.84        11.30
            59   1201        26.02         4.55        20.50         0.97       -10.66        11.63
            60    946        26.19         4.87        19.83         1.49        -9.79        11.27
            61   1247        25.81         4.47        20.26         1.08       -10.40        11.48
            62    284        25.90         4.89        20.13         0.88       -10.96        11.84
            63   1228        26.27         4.87        20.50         0.90       -10.95        11.85
            64   1022        26.39         4.73        20.48         1.18       -10.35        11.53
            65    927        26.39         4.97        20.37         1.04       -10.75        11.79
            66    839        26.21         4.87        20.55         0.79       -11.16        11.94
            67    138        26.06         5.06        19.92         1.08       -10.86        11.94
            68    203        26.08         5.05        19.93         1.10       -11.34        12.44
            69    159        26.47         5.20        20.03         1.24       -10.69        11.93
            70    182        25.93         4.81        20.41         0.72       -11.78        12.50
            71    276        26.28         4.39        21.06         0.83       -10.64        11.48
            72   1307        27.08         5.16        20.85         1.08        -8.82         9.89
            73    338        26.60         5.29        20.51         0.80       -11.98        12.78
            74    609        26.77         5.14        20.51         1.13       -11.26        12.39
            75    698        27.27         5.67        20.78         0.83        -9.94        10.77
            76   1687        27.07         6.26        19.67         1.14        -9.08        10.22
            77   1304        27.31         5.06        21.36         0.90       -10.07        10.97
            78    488        27.36         6.13        20.08         1.15        -9.53        10.68
            79   1185        27.68         5.65        20.83         1.20        -9.46        10.66
            80   1633        27.43         6.17        20.21         1.04        -9.70        10.74
            81   1332        27.32         6.25        19.96         1.11        -9.53        10.63
            82    318        27.55         6.16        20.24         1.14        -9.54        10.69
            83    283        27.50         6.35        20.40         0.74       -10.33        11.08
            84    920        27.47         6.23        20.13         1.11        -9.66        10.77
            85    489        27.67         6.13        20.41         1.12        -9.58        10.71
            86    592        27.99         6.34        20.69         0.96       -10.03        10.99
            87   1012        27.70         6.16        20.39         1.15        -9.57        10.72
            88    340        27.46         6.25        20.07         1.14        -9.67        10.81
            89    785        27.89         6.18        20.67         1.04        -9.72        10.76
            90    560        27.85         5.68        20.99         1.18        -9.50        10.68
            91   1207        27.64         5.82        21.13         0.68       -10.11        10.79
            92   1014        27.78         6.11        20.73         0.94       -10.57        11.51
            93    861        27.70         5.43        21.14         1.13        -9.72        10.85
            94   1010        27.82         5.45        21.22         1.15        -9.71        10.86
            95    522        28.05         6.73        20.16         1.17        -9.91        11.07
            96   1520        28.00         5.68        21.09         1.24        -9.58        10.82
            97   1048        27.67         6.69        19.71         1.27        -9.73        10.99
            98   1603        27.70         6.67        19.75         1.28        -9.69        10.97
            99    150        27.63         6.68        19.71         1.25        -9.76        11.01
           100    651        27.85         6.64        19.99         1.22       -10.25        11.47
           101     89        28.01         6.67        20.18         1.16        -9.85        11.01
           102     94        27.71         6.76        19.72         1.24        -9.78        11.02
           103   1033        27.80         5.53        21.30         0.97       -10.82        11.79
           104    221        27.99         6.80        19.95         1.23        -9.70        10.93
           105    101        27.88         6.78        19.87         1.23        -9.74        10.97
           106   1621        27.92         6.69        20.02         1.21       -10.29        11.50
           107   1606        28.43         6.78        20.58         1.07       -10.67        11.74
           108    978        28.06         6.33        20.69         1.04       -10.43        11.47
           109   1046        27.70         6.76        19.66         1.27        -9.72        10.99
           110    335        27.76         6.48        20.86         0.42       -11.36        11.78
           111    125        27.94         6.75        20.00         1.20       -10.23        11.43
           112   1352        27.89         6.47        20.36         1.05       -10.40        11.45
           113    153        27.95         6.73        20.07         1.15       -10.43        11.58
           114   1464        27.95         5.46        21.34         1.15        -9.73        10.88
           115   1688        27.83         6.94        20.04         0.85       -10.29        11.15
           116    312        28.11         6.82        20.45         0.84       -11.01        11.85
           117    334        27.82         6.84        19.70         1.28        -9.73        11.01
           118   1364        28.21         6.65        20.54         1.01       -10.51        11.52
           119   1663        28.31         6.78        20.30         1.23        -9.82        11.05
           120   1547        28.04         6.66        20.15         1.23       -10.26        11.49
           121    703        27.92         6.27        20.55         1.09        -9.90        10.99
           122   1598        28.24         6.64        20.38         1.22       -10.23        11.46
           123   1362        27.91         6.82        20.15         0.94       -10.67        11.61
           124   1595        28.22         6.82        20.15         1.25       -10.24        11.49
           125   1675        28.16         7.00        19.94         1.23       -10.12        11.35
           126    302        28.17         6.29        21.10         0.77       -10.79        11.56
           127    996        28.13         6.43        20.72         0.99       -10.46        11.45
           128    329        28.19         5.84        21.30         1.06       -10.71        11.77
          ------------------------------------------------------------------------------------------

          -------------------------------
          Bonded Energy Terms: Valence
          -------------------------------

          ------------------------------------------------------------------------------------------
          Rank    ID     Valence       Bond        Angle         Pdih         Idih       Tether
          ------------------------------------------------------------------------------------------
             1    718         3.17         0.19         0.88         2.10         0.00         0.00
             2    441         3.68         0.22         1.21         2.24         0.00         0.00
             3     58         3.71         0.20         1.16         2.35         0.00         0.00
             4   1220         3.67         0.22         1.12         2.33         0.00         0.00
             5   1303         3.67         0.22         1.12         2.33         0.00         0.00
             6   1308         3.73         0.24         1.17         2.33         0.00         0.00
             7    694         3.46         0.22         1.09         2.15         0.00         0.00
             8    985         3.69         0.23         1.10         2.36         0.00         0.00
             9   1224         3.71         0.23         1.14         2.34         0.00         0.00
            10   1577         3.71         0.23         1.14         2.34         0.00         0.00
            11    199         3.96         0.23         1.42         2.31         0.00         0.00
            12   1580         4.21         0.23         1.40         2.58         0.00         0.00
            13   1600         4.25         0.24         1.42         2.59         0.00         0.00
            14   1531         4.21         0.23         1.40         2.58         0.00         0.00
            15    986         4.20         0.27         1.44         2.50         0.00         0.00
            16   1007         4.21         0.24         1.35         2.61         0.00         0.00
            17   1345         4.25         0.24         1.42         2.59         0.00         0.00
            18   1685         4.17         0.26         1.30         2.61         0.00         0.00
            19   1635         3.93         0.26         1.41         2.26         0.00         0.00
            20    553         4.18         0.26         1.45         2.47         0.00         0.00
            21    921         4.34         0.25         1.48         2.61         0.00         0.00
            22   1609         4.18         0.26         1.45         2.47         0.00         0.00
            23   1563         4.22         0.26         1.47         2.49         0.00         0.00
            24   1272         4.29         0.28         1.50         2.51         0.00         0.00
            25    999         4.22         0.26         1.47         2.49         0.00         0.00
            26   1357         4.12         0.27         1.52         2.34         0.00         0.00
            27   1297         3.97         0.25         1.33         2.39         0.00         0.00
            28    989         4.12         0.27         1.52         2.33         0.00         0.00
            29    350         4.27         0.27         1.39         2.61         0.00         0.00
            30   1508         4.21         0.27         1.36         2.58         0.00         0.00
            31    605         3.96         0.25         1.33         2.38         0.00         0.00
            32    916         4.18         0.28         1.61         2.29         0.00         0.00
            33    923         4.32         0.28         1.46         2.58         0.00         0.00
            34   1260         4.45         0.27         1.66         2.53         0.00         0.00
            35    851         4.06         0.26         1.41         2.38         0.00         0.00
            36   1187         3.98         0.26         1.31         2.41         0.00         0.00
            37    676         4.47         0.27         1.63         2.57         0.00         0.00
            38    675         4.46         0.26         1.66         2.54         0.00         0.00
            39   1330         4.14         0.27         1.51         2.35         0.00         0.00
            40    587         4.41         0.27         1.69         2.44         0.00         0.00
            41    892         4.65         0.28         1.75         2.61         0.00         0.00
            42   1346         4.55         0.28         1.75         2.53         0.00         0.00
            43    678         4.68         0.27         1.55         2.86         0.00         0.00
            44    659         4.64         0.32         1.85         2.47         0.00         0.00
            45    185         4.39         0.30         1.59         2.51         0.00         0.00
            46    333         4.66         0.28         1.80         2.59         0.00         0.00
            47   1229         4.63         0.30         1.85         2.48         0.00         0.00
            48    588         4.66         0.28         1.81         2.58         0.00         0.00
            49   1582         4.68         0.31         1.63         2.74         0.00         0.00
            50     66         4.81         0.29         1.67         2.86         0.00         0.00
            51   1341         4.78         0.28         1.64         2.86         0.00         0.00
            52   1279         4.79         0.30         1.94         2.55         0.00         0.00
            53    218         4.63         0.30         1.85         2.48         0.00         0.00
            54    926         4.39         0.31         1.75         2.33         0.00         0.00
            55    505         4.76         0.31         1.69         2.76         0.00         0.00
            56    507         4.60         0.32         1.90         2.38         0.00         0.00
            57    807         4.50         0.31         1.72         2.48         0.00         0.00
            58   1552         4.78         0.31         1.73         2.74         0.00         0.00
            59   1201         4.55         0.31         1.81         2.43         0.00         0.00
            60    946         4.87         0.32         1.79         2.76         0.00         0.00
            61   1247         4.47         0.30         1.80         2.36         0.00         0.00
            62    284         4.89         0.31         2.00         2.58         0.00         0.00
            63   1228         4.87         0.31         1.87         2.68         0.00         0.00
            64   1022         4.73         0.32         1.93         2.47         0.00         0.00
            65    927         4.97         0.32         2.00         2.66         0.00         0.00
            66    839         4.87         0.32         2.04         2.52         0.00         0.00
            67    138         5.06         0.32         2.06         2.68         0.00         0.00
            68    203         5.05         0.35         2.15         2.55         0.00         0.00
            69    159         5.20         0.33         2.22         2.64         0.00         0.00
            70    182         4.81         0.35         2.05         2.41         0.00         0.00
            71    276         4.39         0.30         1.68         2.41         0.00         0.00
            72   1307         5.16         0.26         1.44         3.46         0.00         0.00
            73    338         5.29         0.36         2.35         2.59         0.00         0.00
            74    609         5.14         0.36         2.22         2.56         0.00         0.00
            75    698         5.67         0.27         1.79         3.60         0.00         0.00
            76   1687         6.26         0.25         1.66         4.35         0.00         0.00
            77   1304         5.06         0.29         2.16         2.60         0.00         0.00
            78    488         6.13         0.27         1.64         4.22         0.00         0.00
            79   1185         5.65         0.29         1.69         3.67         0.00         0.00
            80   1633         6.17         0.27         1.62         4.28         0.00         0.00
            81   1332         6.25         0.28         1.80         4.17         0.00         0.00
            82    318         6.16         0.27         1.68         4.21         0.00         0.00
            83    283         6.35         0.29         2.25         3.82         0.00         0.00
            84    920         6.23         0.28         1.59         4.36         0.00         0.00
            85    489         6.13         0.27         1.61         4.24         0.00         0.00
            86    592         6.34         0.29         2.14         3.91         0.00         0.00
            87   1012         6.16         0.27         1.66         4.22         0.00         0.00
            88    340         6.25         0.28         1.67         4.30         0.00         0.00
            89    785         6.18         0.28         1.68         4.21         0.00         0.00
            90    560         5.68         0.29         1.64         3.74         0.00         0.00
            91   1207         5.82         0.28         1.91         3.63         0.00         0.00
            92   1014         6.11         0.31         1.99         3.81         0.00         0.00
            93    861         5.43         0.28         1.78         3.37         0.00         0.00
            94   1010         5.45         0.28         1.83         3.35         0.00         0.00
            95    522         6.73         0.30         1.94         4.49         0.00         0.00
            96   1520         5.68         0.29         1.94         3.45         0.00         0.00
            97   1048         6.69         0.28         1.95         4.46         0.00         0.00
            98   1603         6.67         0.28         1.92         4.47         0.00         0.00
            99    150         6.68         0.29         1.89         4.50         0.00         0.00
           100    651         6.64         0.31         1.95         4.38         0.00         0.00
           101     89         6.67         0.28         1.88         4.51         0.00         0.00
           102     94         6.76         0.29         1.88         4.59         0.00         0.00
           103   1033         5.53         0.33         2.32         2.87         0.00         0.00
           104    221         6.80         0.26         1.63         4.91         0.00         0.00
           105    101         6.78         0.26         1.61         4.91         0.00         0.00
           106   1621         6.69         0.31         1.94         4.44         0.00         0.00
           107   1606         6.78         0.32         2.40         4.06         0.00         0.00
           108    978         6.33         0.31         2.08         3.93         0.00         0.00
           109   1046         6.76         0.29         1.90         4.57         0.00         0.00
           110    335         6.48         0.31         2.15         4.03         0.00         0.00
           111    125         6.75         0.32         2.02         4.41         0.00         0.00
           112   1352         6.47         0.31         1.80         4.36         0.00         0.00
           113    153         6.73         0.32         1.94         4.47         0.00         0.00
           114   1464         5.46         0.28         1.83         3.35         0.00         0.00
           115   1688         6.94         0.27         1.99         4.67         0.00         0.00
           116    312         6.82         0.32         2.45         4.05         0.00         0.00
           117    334         6.84         0.29         1.87         4.68         0.00         0.00
           118   1364         6.65         0.34         2.19         4.12         0.00         0.00
           119   1663         6.78         0.29         1.86         4.63         0.00         0.00
           120   1547         6.66         0.31         2.00         4.35         0.00         0.00
           121    703         6.27         0.30         2.36         3.61         0.00         0.00
           122   1598         6.64         0.31         1.95         4.38         0.00         0.00
           123   1362         6.82         0.32         2.17         4.33         0.00         0.00
           124   1595         6.82         0.32         1.99         4.51         0.00         0.00
           125   1675         7.00         0.35         2.18         4.47         0.00         0.00
           126    302         6.29         0.31         2.12         3.86         0.00         0.00
           127    996         6.43         0.30         1.84         4.29         0.00         0.00
           128    329         5.84         0.32         2.13         3.39         0.00         0.00
          ------------------------------------------------------------------------------------------

          Calculating single reference conformer RMSDs ...

          ---------------------------------
          Conformer RMSDs are in Angstroms.
          ---------------------------------

          ------------------------------------------------------------------------------------------
                              RMSD wrt Input Crd                    RMSD wrt Rank 1
                         ---------------------------------------------------------------------------
          Rank    ID        Complex    Receptor  Ligand          Complex    Receptor  Ligand
          ------------------------------------------------------------------------------------------
             1    718                             1.266                               0.000
             2    441                             1.014                               1.150
             3     58                             0.177                               1.237
             4   1220                             1.884                               0.599
             5   1303                             1.842                               0.595
             6   1308                             0.682                               1.287
             7    694                             1.754                               0.902
             8    985                             2.041                               1.157
             9   1224                             1.913                               0.636
            10   1577                             1.785                               0.620
            11    199                             0.999                               1.442
            12   1580                             0.872                               1.235
            13   1600                             0.655                               1.636
            14   1531                             0.610                               1.772
            15    986                             1.001                               1.998
            16   1007                             0.952                               2.080
            17   1345                             0.571                               2.496
            18   1685                             2.058                               1.215
            19   1635                             1.733                               2.364
            20    553                             1.869                               1.778
            21    921                             1.159                               0.952
            22   1609                             1.044                               1.828
            23   1563                             1.609                               1.761
            24   1272                             2.086                               1.862
            25    999                             1.766                               1.642
            26   1357                             1.612                               1.025
            27   1297                             1.797                               1.386
            28    989                             2.344                               1.714
            29    350                             1.752                               0.631
            30   1508                             1.875                               1.352
            31    605                             1.749                               1.736
            32    916                             1.579                               1.699
            33    923                             0.942                               0.628
            34   1260                             2.255                               2.055
            35    851                             1.673                               0.634
            36   1187                             1.596                               1.708
            37    676                             1.269                               1.584
            38    675                             1.401                               1.720
            39   1330                             2.330                               1.938
            40    587                             1.934                               1.918
            41    892                             1.221                               2.574
            42   1346                             0.642                               1.824
            43    678                             1.112                               1.539
            44    659                             1.743                               2.394
            45    185                             2.273                               1.841
            46    333                             1.721                               1.633
            47   1229                             1.694                               1.966
            48    588                             0.938                               2.288
            49   1582                             2.203                               2.098
            50     66                             1.682                               1.017
            51   1341                             0.635                               1.413
            52   1279                             1.803                               1.369
            53    218                             2.041                               1.863
            54    926                             1.773                               1.907
            55    505                             2.168                               1.917
            56    507                             1.397                               1.866
            57    807                             1.624                               1.437
            58   1552                             0.773                               1.429
            59   1201                             2.007                               1.806
            60    946                             1.340                               1.039
            61   1247                             1.693                               0.930
            62    284                             1.720                               2.245
            63   1228                             1.812                               2.027
            64   1022                             2.397                               1.163
            65    927                             1.551                               1.748
            66    839                             2.074                               1.784
            67    138                             1.280                               2.018
            68    203                             1.349                               2.057
            69    159                             1.605                               1.392
            70    182                             1.881                               1.687
            71    276                             2.505                               1.614
            72   1307                             2.087                               1.387
            73    338                             1.835                               1.965
            74    609                             2.387                               1.996
            75    698                             2.412                               1.999
            76   1687                             1.333                               1.154
            77   1304                             1.196                               1.819
            78    488                             1.649                               1.045
            79   1185                             2.162                               2.025
            80   1633                             1.612                               2.219
            81   1332                             1.419                               1.448
            82    318                             2.647                               1.871
            83    283                             1.917                               2.322
            84    920                             2.071                               2.261
            85    489                             2.099                               1.227
            86    592                             2.490                               2.350
            87   1012                             2.521                               1.245
            88    340                             1.410                               2.107
            89    785                             2.149                               1.927
            90    560                             1.933                               2.225
            91   1207                             2.394                               2.009
            92   1014                             1.878                               1.890
            93    861                             1.533                               1.032
            94   1010                             1.896                               1.806
            95    522                             2.196                               2.240
            96   1520                             1.623                               0.818
            97   1048                             1.129                               2.548
            98   1603                             2.057                               1.706
            99    150                             0.999                               2.253
           100    651                             1.728                               1.914
           101     89                             1.965                               2.128
           102     94                             2.032                               1.516
           103   1033                             1.834                               1.543
           104    221                             1.362                               1.339
           105    101                             1.841                               2.113
           106   1621                             1.509                               2.191
           107   1606                             1.909                               1.898
           108    978                             2.350                               1.795
           109   1046                             1.237                               2.085
           110    335                             2.570                               2.115
           111    125                             2.526                               1.652
           112   1352                             1.829                               1.010
           113    153                             1.658                               2.004
           114   1464                             2.073                               2.464
           115   1688                             2.246                               2.088
           116    312                             2.084                               2.345
           117    334                             1.656                               1.347
           118   1364                             1.593                               1.896
           119   1663                             1.856                               1.380
           120   1547                             2.101                               2.198
           121    703                             1.591                               1.478
           122   1598                             1.787                               1.808
           123   1362                             1.482                               1.967
           124   1595                             1.802                               1.197
           125   1675                             1.567                               1.369
           126    302                             1.978                               1.989
           127    996                             1.999                               1.780
           128    329                             1.737                               1.830
          ------------------------------------------------------------------------------------------

          --------------------------------
          Final Boltzmann Averaged Data.
          --------------------------------

          -------------------------------------------------------------------
          Results of Boltzmann Averaging Over All  220 Conformers (kcal/mol).
          -------------------------------------------------------------------

          Free Energy                        G              32.3504007638
          Average Potential Energy         < E >            -2.9096340050
          Entropy                           -TS             35.2600347688
          -------------------------------------------------------------------

          Average Potential Energy < E > Components.

          < U >                    25.0288547498
          < W(PBSA) >             -52.0827619109
          < H.O. P.E. >            24.1445583504

          Average Solvation Energy < W(PBSA) > Components.

          < PB >                  -54.5960589863
          < SA >                    2.5132970754

          Average Gas Phase Internal Potential Energy < U > Components.

          < Valence >               4.0038937242
          < Coulomb >              19.8646021038
          < VdW >                   1.1603589217

          Average Van der Waals Energy < VdW > Components.

          < VdW6  >                -9.0232104144
          < VdW12 >                10.1835693361

          Average Bonded Energy < Valence > Components.

          < Bond >                  0.2444322670
          < Angle >                 1.3389992046
          < Pdihed >                2.4204622526
          < Idihed >                0.0000000000
          < Tether >                0.0000000000

          -------------------------------------------------------------------
                        End of VM2 Calculation Results Summary.
          -------------------------------------------------------------------


     Total cpu time for run         45.12 seconds.
                                     0.75 minutes.

     Total wall time for run        45.41 seconds.
                                     0.76 minutes.

     TIME STAMP: VCPack job finished normally : Sunday, August 07, 2022 at 15:52:25
