
     --------------------------------------------------------------------------------
                        Running Program VCPack. Version 2.8

                           VeraChem LLC, PO Box 2206
                           Germantown, MD 20875, U.S.A.

                                Tel. 240-686-0565
                                www.verachem.com
     --------------------------------------------------------------------------------


     Input file          :   CD_guest-s18_fast_vm2_rndm.inp

     Output file         :   CD_guest-s18_fast_vm2_rndm.out

     Summary output file :   CD_guest-s18_fast_vm2_rndm.summary.out

     Executable : /data/comblab/vcCompChem_3b/exe/VC_CompChemPackage_mpi_openmp.exe

     Build date : Aug 13 2021  17:26:49

     This is a multiple processor run.

     MPI processes              :   16
     OpenMP threads per process :   16
     CUDA enabled               :  no

     TIME STAMP: VCPack job started : Sunday, August 07, 2022 at 15:07:42

     --------------------------------------------------------------------------------
                            Basic Calculation Control.
     --------------------------------------------------------------------------------

     Molecular system type                :  host+ligand     

     Calculation type                     :  feprocess       

     Energy potential                     :  mm              

     Post-processing type                 :  none            

     Post-processing energy potential     :  none            

     Time limit in wall clock hours       :  96.00

     Type of conformers to read in        :  ligand  
     Conformer source files(s)            :  guest-s18_confgen4.xyz                            

     Use input .crd for complex build     :  no
     Place ligand confs. at input .crd    :  byconfscog
     Use input .crd as start conformer    :  yes

     Formatted output files               :  xyz     
                                          :  pdb     
                                          :  mol2    
                                          :  sdf     
                                          :  xyz     
                                          :  gms     
                                          :  csv     

     Split formatted output files         :  crd     

     Limit conformers in formatted files  :  bycount
     Maximum conformer count              :  1000

     Atoms to include in formatted files  :  all     

     Binary file restart type             :  none


     --------------------------------------------------------------------------------
                            Math Related Control and Set Up.
     --------------------------------------------------------------------------------

     Random number generator seeds :  bywallclock

     Seed 1 :           7743952
     Seed 2 :            306453
     Seed 3 :               589
     Seed 4 :             13265


     --------------------------------------------------------------------------------
                            Basic Molecular System Set Up.
     --------------------------------------------------------------------------------

     ----------------
     Host Data Files.
     ----------------

     Standard crd coordinate file            :  CD.crd
     VeraChem topology file                  :  CD.top
     Standard mol/sdf file                   :  CD.mol

     Total number of host atoms              :       126

     ------------------
     Ligand Data Files.
     ------------------

     Standard crd coordinate file            :  guest-s18.crd
     VeraChem topology file                  :  guest-s18.top
     Standard mol/sdf file                   :  guest-s18.mol

     Total number of ligand atoms            :        16

     Included in this calculation.
     Number of real and live ligand atoms    :        16
     Number of real but fixed ligand atoms   :         0

     Ligand placement method                 :  byreceptorcog

     NOTE: The placement of the ligand redefines the ligand .crd input coordinates.

     Snap ligand to template atoms           :      no

     -------------------------------
     Final Real/Live Set Atom Count.
     -------------------------------

     Total number of real atoms              :       142
     Total number of live atoms              :       142


     --------------------------------------------------------------------------------
                            Generate Initial Molecular Conformations.
     --------------------------------------------------------------------------------

     Conf. Type Read In      File Format       No. of Confs. Read In 
             ligand             xyz                1000

     Mandatory input crd file(s) used for generation of 1 additional conformer.

     From these the total number of starting conformers generated :  1000


     --------------------------------------------------------------------------------
                             Energy Potential Settings.
     --------------------------------------------------------------------------------


     Molecular Mechanics package          :  vchem           

     Quantum Mechanics package            :  none            


     --------------------------------------------------------------------------------
                       Running VfreeE Module. Version 2.8
     --------------------------------------------------------------------------------

          --------------------------------
          Final Individual Conformer Data.
          --------------------------------

          List data for conformers with probability of at least :  0.01 %
          Rankings are with respect to : Free Energy (G)

          ------------------------
          Free Energy: G = E - TS
          ------------------------

          ------------------------------------------------------------------------------------------
          Rank    ID     ln(Zx)    Prob(%)  Sum Prob(%)  Del G        G            E            -TS
          ------------------------------------------------------------------------------------------
             1    964  -1116.41876   25.60    25.60      0.00       489.58       304.85       184.73
             2    951  -1117.00375   14.26    39.86      0.35       489.93       306.36       183.57
             3    564  -1117.17704   11.99    51.86      0.45       490.04       306.10       183.93
             4     76  -1117.51416    8.56    60.42      0.65       490.24       305.97       184.26
             5    114  -1117.68931    7.19    67.60      0.76       490.34       309.04       181.30
             6    506  -1117.79745    6.45    74.05      0.82       490.41       306.73       183.67
             7    831  -1117.99083    5.32    79.37      0.94       490.52       309.04       181.48
             8    476  -1118.35571    3.69    83.06      1.15       490.74       307.48       183.26
             9    695  -1118.62057    2.83    85.89      1.31       490.90       307.76       183.14
            10    164  -1118.71090    2.59    88.48      1.37       490.95       307.60       183.35
            11    284  -1118.78153    2.41    90.89      1.41       490.99       306.42       184.57
            12    426  -1118.81856    2.32    93.21      1.43       491.01       307.10       183.91
            13    514  -1119.20892    1.57    94.78      1.66       491.25       307.58       183.66
            14     94  -1119.59847    1.06    95.85      1.90       491.48       307.74       183.74
            15    892  -1120.03639    0.69    96.54      2.16       491.74       309.18       182.56
            16    652  -1120.09240    0.65    97.19      2.19       491.77       308.68       183.09
            17     32  -1120.24116    0.56    97.75      2.28       491.86       310.82       181.04
            18    392  -1120.27589    0.54    98.29      2.30       491.88       309.12       182.76
            19    791  -1121.35258    0.18    98.47      2.94       492.53       310.25       182.27
            20    391  -1121.47454    0.16    98.63      3.01       492.60       310.03       182.57
            21    196  -1121.55626    0.15    98.78      3.06       492.65       308.82       183.82
            22    481  -1121.65782    0.14    98.92      3.12       492.71       309.30       183.41
            23    684  -1122.11077    0.09    99.01      3.39       492.98       311.42       181.56
            24    733  -1122.28182    0.07    99.08      3.50       493.08       314.16       178.92
            25      3  -1122.28389    0.07    99.15      3.50       493.08       314.10       178.98
            26    855  -1122.36756    0.07    99.22      3.55       493.13       312.21       180.92
            27    556  -1122.37436    0.07    99.28      3.55       493.13       311.04       182.09
            28    226  -1122.41287    0.06    99.35      3.57       493.16       311.76       181.40
            29    242  -1122.52780    0.06    99.41      3.64       493.23       310.75       182.47
            30    247  -1122.55391    0.06    99.46      3.66       493.24       308.24       185.00
            31    971  -1122.79246    0.04    99.50      3.80       493.38       311.11       182.27
            32    593  -1122.88677    0.04    99.54      3.86       493.44       312.66       180.78
            33    697  -1122.90154    0.04    99.58      3.86       493.45       313.72       179.73
            34    122  -1122.91631    0.04    99.62      3.87       493.46       310.65       182.81
            35    537  -1123.05631    0.03    99.66      3.96       493.54       311.38       182.16
            36    973  -1123.13596    0.03    99.69      4.00       493.59       312.65       180.94
            37    901  -1123.24232    0.03    99.71      4.07       493.65       313.10       180.55
            38    552  -1123.29289    0.03    99.74      4.10       493.68       313.63       180.05
            39     61  -1123.33328    0.03    99.77      4.12       493.71       311.13       182.58
            40    342  -1123.46419    0.02    99.79      4.20       493.78       313.71       180.07
            41     17  -1123.47252    0.02    99.81      4.21       493.79       310.58       183.21
            42    488  -1123.51942    0.02    99.83      4.23       493.82       310.30       183.52
            43    817  -1123.78067    0.02    99.85      4.39       493.97       309.46       184.51
            44    462  -1123.97751    0.01    99.86      4.51       494.09       313.46       180.63
            45    988  -1124.08228    0.01    99.87      4.57       494.15       313.21       180.94
            46    721  -1124.10215    0.01    99.89      4.58       494.16       314.03       180.14
          ------------------------------------------------------------------------------------------

          --------------------------------------------------------
          Potential Energy: E = (U+W) + H.O. Equipartion energy
          --------------------------------------------------------

          ------------------------------------------------------------------------------------------
          Rank    ID         E          U+W            U        W(PBSA)          PB           SA
          ------------------------------------------------------------------------------------------
             1    964       304.85       179.66       253.84       -74.18       -80.20         6.02
             2    951       306.36       181.16       255.70       -74.54       -80.48         5.94
             3    564       306.10       180.91       261.97       -81.06       -87.12         6.06
             4     76       305.97       180.78       251.02       -70.24       -76.15         5.91
             5    114       309.04       183.84       267.19       -83.34       -89.42         6.08
             6    506       306.73       181.54       254.16       -72.62       -78.57         5.95
             7    831       309.04       183.84       259.45       -75.61       -81.52         5.91
             8    476       307.48       182.28       257.72       -75.44       -81.35         5.92
             9    695       307.76       182.57       253.44       -70.87       -76.82         5.95
            10    164       307.60       182.41       263.16       -80.75       -86.78         6.03
            11    284       306.42       181.23       254.79       -73.57       -79.59         6.02
            12    426       307.10       181.91       256.31       -74.40       -80.33         5.93
            13    514       307.58       182.39       262.38       -79.99       -86.01         6.02
            14     94       307.74       182.55       262.90       -80.35       -86.41         6.06
            15    892       309.18       183.99       259.43       -75.44       -81.36         5.92
            16    652       308.68       183.49       254.67       -71.19       -77.14         5.95
            17     32       310.82       185.63       261.45       -75.82       -81.73         5.91
            18    392       309.12       183.93       256.39       -72.46       -78.33         5.87
            19    791       310.25       185.06       261.77       -76.71       -82.76         6.05
            20    391       310.03       184.83       260.37       -75.53       -81.48         5.95
            21    196       308.82       183.63       256.74       -73.11       -79.02         5.91
            22    481       309.30       184.11       257.60       -73.49       -79.38         5.89
            23    684       311.42       186.22       270.46       -84.24       -90.34         6.11
            24    733       314.16       188.96       278.01       -89.05       -95.16         6.11
            25      3       314.10       188.91       273.71       -84.81       -90.85         6.04
            26    855       312.21       187.02       271.18       -84.16       -90.07         5.91
            27    556       311.04       185.85       265.27       -79.42       -85.40         5.98
            28    226       311.76       186.56       272.28       -85.72       -91.62         5.89
            29    242       310.75       185.56       260.12       -74.56       -80.49         5.93
            30    247       308.24       183.05       255.25       -72.20       -78.12         5.92
            31    971       311.11       185.92       257.40       -71.49       -77.44         5.96
            32    593       312.66       187.47       268.48       -81.01       -86.97         5.95
            33    697       313.72       188.53       270.82       -82.29       -88.39         6.10
            34    122       310.65       185.46       258.49       -73.03       -78.94         5.91
            35    537       311.38       186.19       265.58       -79.39       -85.39         6.00
            36    973       312.65       187.45       269.94       -82.49       -88.60         6.11
            37    901       313.10       187.91       263.80       -75.89       -81.79         5.90
            38    552       313.63       188.43       269.10       -80.67       -86.69         6.02
            39     61       311.13       185.93       264.94       -79.01       -85.07         6.06
            40    342       313.71       188.52       273.37       -84.85       -90.86         6.01
            41     17       310.58       185.38       261.47       -76.09       -82.06         5.97
            42    488       310.30       185.10       256.52       -71.42       -77.41         5.99
            43    817       309.46       184.26       256.29       -72.03       -77.95         5.92
            44    462       313.46       188.27       273.14       -84.87       -90.89         6.02
            45    988       313.21       188.02       266.58       -78.56       -84.55         5.99
            46    721       314.03       188.83       268.04       -79.20       -85.11         5.91
          ------------------------------------------------------------------------------------------

          ----------------------------------------
          Gas Phase Internal Potential Energy: U
          ----------------------------------------

          ------------------------------------------------------------------------------------------
          Rank    ID         U         Valence     Coulomb        VdW         VdW6        VdW12
          ------------------------------------------------------------------------------------------
             1    964       253.84       150.31       124.78       -21.25      -183.39       162.14
             2    951       255.70       152.36       126.00       -22.66      -185.43       162.77
             3    564       261.97       150.48       133.40       -21.91      -181.57       159.66
             4     76       251.02       151.92       122.58       -23.48      -185.44       161.95
             5    114       267.19       150.65       138.64       -22.10      -177.04       154.94
             6    506       254.16       151.11       128.84       -25.80      -186.21       160.41
             7    831       259.45       152.56       131.23       -24.33      -181.25       156.92
             8    476       257.72       152.24       130.44       -24.97      -184.30       159.33
             9    695       253.44       151.33       126.85       -24.74      -184.22       159.48
            10    164       263.16       151.38       133.98       -22.21      -181.79       159.57
            11    284       254.79       150.84       125.45       -21.50      -183.30       161.80
            12    426       256.31       152.52       128.91       -25.12      -185.86       160.74
            13    514       262.38       151.07       133.54       -22.22      -181.50       159.27
            14     94       262.90       151.01       134.05       -22.17      -181.52       159.35
            15    892       259.43       152.84       128.82       -22.23      -181.61       159.39
            16    652       254.67       152.75       125.44       -23.52      -183.53       160.01
            17     32       261.45       153.18       132.82       -24.54      -181.18       156.64
            18    392       256.39       153.97       126.56       -24.14      -186.38       162.24
            19    791       261.77       153.58       128.97       -20.78      -177.70       156.92
            20    391       260.37       154.53       128.35       -22.51      -182.37       159.86
            21    196       256.74       152.90       129.13       -25.29      -185.69       160.40
            22    481       257.60       153.87       128.29       -24.56      -186.90       162.34
            23    684       270.46       152.15       140.05       -21.74      -176.72       154.98
            24    733       278.01       154.11       147.18       -23.28      -174.46       151.18
            25      3       273.71       153.97       145.26       -25.51      -176.60       151.09
            26    855       271.18       145.90       152.53       -27.25      -179.82       152.57
            27    556       265.27       151.28       138.17       -24.18      -179.76       155.59
            28    226       272.28       148.10       150.49       -26.31      -180.26       153.95
            29    242       260.12       153.45       129.20       -22.54      -181.74       159.19
            30    247       255.25       151.58       127.55       -23.88      -185.42       161.54
            31    971       257.40       153.40       127.29       -23.30      -181.64       158.34
            32    593       268.48       153.48       140.15       -25.15      -179.65       154.50
            33    697       270.82       153.13       139.16       -21.47      -174.61       153.15
            34    122       258.49       154.29       128.18       -23.99      -182.70       158.71
            35    537       265.58       151.31       138.77       -24.51      -180.02       155.52
            36    973       269.94       154.41       137.18       -21.65      -177.17       155.52
            37    901       263.80       155.28       132.62       -24.10      -179.43       155.32
            38    552       269.10       153.78       137.40       -22.08      -175.62       153.54
            39     61       264.94       153.59       131.72       -20.37      -175.97       155.60
            40    342       273.37       150.07       146.78       -23.49      -174.59       151.10
            41     17       261.47       154.45       131.49       -24.47      -184.65       160.18
            42    488       256.52       153.15       127.49       -24.12      -186.00       161.88
            43    817       256.29       152.44       128.16       -24.30      -185.16       160.86
            44    462       273.14       152.77       144.25       -23.88      -176.73       152.85
            45    988       266.58       152.66       137.42       -23.51      -179.49       155.99
            46    721       268.04       152.28       141.97       -26.21      -177.42       151.22
          ------------------------------------------------------------------------------------------

          -------------------------------
          Bonded Energy Terms: Valence
          -------------------------------

          ------------------------------------------------------------------------------------------
          Rank    ID     Valence       Bond        Angle         Pdih         Idih       Tether
          ------------------------------------------------------------------------------------------
             1    964       150.31         5.44        15.09       129.78         0.00         0.00
             2    951       152.36         5.40        15.41       131.50         0.06         0.00
             3    564       150.48         5.30        14.46       130.72         0.00         0.00
             4     76       151.92         5.19        15.70       131.03         0.00         0.00
             5    114       150.65         4.86        14.36       131.43         0.00         0.00
             6    506       151.11         5.08        15.42       130.61         0.01         0.00
             7    831       152.56         4.94        13.54       134.08         0.01         0.00
             8    476       152.24         5.05        14.59       132.59         0.01         0.00
             9    695       151.33         5.10        14.85       131.38         0.00         0.00
            10    164       151.38         5.31        14.73       131.34         0.01         0.00
            11    284       150.84         5.42        15.40       130.02         0.00         0.00
            12    426       152.52         5.13        15.16       132.23         0.01         0.00
            13    514       151.07         5.29        14.76       131.01         0.01         0.00
            14     94       151.01         5.29        14.78       130.93         0.00         0.00
            15    892       152.84         5.29        15.60       131.94         0.00         0.00
            16    652       152.75         5.29        15.37       132.07         0.02         0.00
            17     32       153.18         4.94        13.95       134.28         0.01         0.00
            18    392       153.97         5.32        16.21       132.43         0.02         0.00
            19    791       153.58         5.14        14.56       133.84         0.04         0.00
            20    391       154.53         5.15        15.29       134.05         0.04         0.00
            21    196       152.90         5.12        15.42       132.36         0.01         0.00
            22    481       153.87         5.39        16.80       131.63         0.04         0.00
            23    684       152.15         4.94        14.16       133.04         0.00         0.00
            24    733       154.11         4.73        13.55       135.83         0.01         0.00
            25      3       153.97         4.72        13.30       135.95         0.00         0.00
            26    855       145.90         4.99        18.17       122.73         0.01         0.00
            27    556       151.28         4.93        14.15       132.18         0.02         0.00
            28    226       148.10         5.02        19.00       124.08         0.00         0.00
            29    242       153.45         5.30        15.96       132.20         0.00         0.00
            30    247       151.58         5.32        15.47       130.77         0.02         0.00
            31    971       153.40         5.10        15.09       133.21         0.01         0.00
            32    593       153.48         4.88        13.80       134.81         0.00         0.00
            33    697       153.13         4.80        13.97       134.35         0.00         0.00
            34    122       154.29         5.04        14.58       134.66         0.01         0.00
            35    537       151.31         4.96        14.10       132.25         0.01         0.00
            36    973       154.41         5.02        14.33       135.06         0.00         0.00
            37    901       155.28         4.97        14.02       136.25         0.04         0.00
            38    552       153.78         4.86        14.59       134.33         0.00         0.00
            39     61       153.59         5.10        14.29       134.17         0.04         0.00
            40    342       150.07         4.86        15.09       130.12         0.00         0.00
            41     17       154.45         5.26        15.11       134.06         0.03         0.00
            42    488       153.15         5.37        15.86       131.91         0.02         0.00
            43    817       152.44         5.28        15.61       131.53         0.02         0.00
            44    462       152.77         4.80        14.16       133.81         0.00         0.00
            45    988       152.66         4.92        14.71       133.03         0.00         0.00
            46    721       152.28         4.67        12.76       134.84         0.00         0.00
          ------------------------------------------------------------------------------------------

          Calculating single reference conformer RMSDs ...

          ---------------------------------
          Conformer RMSDs are in Angstroms.
          ---------------------------------

          ------------------------------------------------------------------------------------------
                              RMSD wrt Input Crd                    RMSD wrt Rank 1
                         ---------------------------------------------------------------------------
          Rank    ID        Complex    Receptor  Ligand          Complex    Receptor  Ligand
          ------------------------------------------------------------------------------------------
             1    964         2.487     2.553     1.891           0.000     0.000     0.000
             2    951         1.773     1.772     1.787           2.845     2.968     1.580
             3    564         2.406     2.459     1.945           3.148     3.326     0.902
             4     76         1.492     1.422     1.959           1.827     1.901     1.084
             5    114         2.008     1.765     3.352           2.448     2.418     2.677
             6    506         1.843     1.763     2.382           2.655     2.758     1.635
             7    831         1.251     0.914     2.704           2.202     2.237     1.904
             8    476         1.877     1.825     2.247           1.487     1.409     1.997
             9    695         1.784     1.705     2.317           2.423     2.488     1.831
            10    164         2.380     2.435     1.895           0.870     0.923     0.110
            11    284         2.378     2.396     2.236           3.117     3.292     0.923
            12    426         2.009     1.958     2.371           2.575     2.670     1.637
            13    514         2.187     2.191     2.154           2.423     2.539     1.142
            14     94         2.291     2.336     1.896           0.864     0.916     0.110
            15    892         1.759     1.839     0.908           1.828     1.881     1.344
            16    652         1.565     1.376     2.614           1.712     1.620     2.309
            17     32         1.261     0.933     2.696           2.107     2.132     1.896
            18    392         1.931     1.818     2.655           2.189     2.281     1.237
            19    791         1.846     1.294     4.131           2.032     1.766     3.479
            20    391         1.556     1.343     2.700           1.977     1.910     2.447
            21    196         1.838     1.760     2.366           2.574     2.669     1.637
            22    481         1.602     1.490     2.301           2.017     2.084     1.378
            23    684         1.658     1.341     3.202           1.772     1.630     2.634
            24    733         1.323     0.847     3.141           2.513     2.509     2.540
            25      3         1.140     0.784     2.586           1.829     1.862     1.549
            26    855         2.811     2.585     4.184           2.957     2.861     3.628
            27    556         1.612     1.339     2.991           2.085     2.076     2.154
            28    226         3.146     2.903     4.634           2.082     1.699     3.966
            29    242         2.218     2.224     2.164           2.235     2.336     1.174
            30    247         2.371     2.452     1.598           0.574     0.345     1.408
            31    971         2.244     2.338     1.280           2.780     2.887     1.725
            32    593         1.425     1.221     2.505           1.767     1.723     2.079
            33    697         1.929     1.590     3.620           1.581     1.255     3.128
            34    122         1.299     0.913     2.899           2.270     2.232     2.549
            35    537         2.155     2.044     2.883           3.180     3.262     2.447
            36    973         1.684     1.300     3.445           2.151     2.035     2.911
            37    901         1.359     1.197     2.262           2.000     2.021     1.829
            38    552         1.949     1.615     3.629           2.965     3.003     2.644
            39     61         1.834     1.292     4.087           2.188     1.973     3.440
            40    342         2.267     1.838     4.359           2.746     2.593     3.739
            41     17         1.659     1.502     2.577           2.015     2.016     2.005
            42    488         1.495     1.433     1.911           1.654     1.699     1.248
            43    817         2.248     2.329     1.461           0.604     0.366     1.479
            44    462         1.949     1.611     3.641           1.419     1.096     2.900
            45    988         1.434     1.020     3.169           2.271     2.249     2.437
            46    721         1.376     1.216     2.267           1.434     1.385     1.770
          ------------------------------------------------------------------------------------------

          --------------------------------
          Final Boltzmann Averaged Data.
          --------------------------------

          -------------------------------------------------------------------
          Results of Boltzmann Averaging Over All  256 Conformers (kcal/mol).
          -------------------------------------------------------------------

          Free Energy                        G             488.7715868669
          Average Potential Energy         < E >           306.5902853246
          Entropy                           -TS            182.1813015424
          -------------------------------------------------------------------

          Average Potential Energy < E > Components.

          < U >                   257.0766151633
          < W(PBSA) >             -75.6803073088
          < H.O. P.E. >           125.1940062611

          Average Solvation Energy < W(PBSA) > Components.

          < PB >                  -81.6673345294
          < SA >                    5.9870272206

          Average Gas Phase Internal Potential Energy < U > Components.

          < Valence >             151.2828321646
          < Coulomb >             128.5116177021
          < VdW >                 -22.7178347034

          Average Van der Waals Energy < VdW > Components.

          < VdW6  >              -183.2174706818
          < VdW12 >               160.4996359785

          Average Bonded Energy < Valence > Components.

          < Bond >                  5.2520746477
          < Angle >                14.9712917986
          < Pdihed >              131.0474275459
          < Idihed >                0.0120381723
          < Tether >                0.0000000000

          -------------------------------------------------------------------
                        End of feprocess Calculation Results Summary.
          -------------------------------------------------------------------


     Total cpu time for run       4965.95 seconds.
                                    82.77 minutes.

     Total wall time for run      2321.72 seconds.
                                    38.70 minutes.

     TIME STAMP: VCPack job finished normally : Sunday, August 07, 2022 at 15:46:24
