
     --------------------------------------------------------------------------------
                        Running Program VCPack. Version 2.8

                           VeraChem LLC, PO Box 2206
                           Germantown, MD 20875, U.S.A.

                                Tel. 240-686-0565
                                www.verachem.com
     --------------------------------------------------------------------------------


     Input file          :   guest-s16_vm2.inp

     Output file         :   guest-s16_vm2.out

     Summary output file :   guest-s16_vm2.summary.out

     Executable : /data/comblab/vcCompChem_3b/exe/VC_CompChemPackage_mpi.exe

     Build date : Aug 13 2021  17:26:14

     This is a multiple processor run.

     MPI processes              :   16
     OpenMP threads per process :    0
     CUDA enabled               :  no

     TIME STAMP: VCPack job started : Saturday, August 06, 2022 at 17:08:14

     --------------------------------------------------------------------------------
                            Basic Calculation Control.
     --------------------------------------------------------------------------------

     Molecular system type                :  ligand          

     Calculation type                     :  vm2             

     Energy potential                     :  mm              

     Post-processing type                 :  none            

     Post-processing energy potential     :  none            

     Time limit in wall clock hours       :  96.00

     Read in starting conformers          :  no
     Type of conformers to read in        :  none
     Conformer source files(s)            :  none

     Use input .crd for complex build     :  no
     Place ligand confs. at input .crd    :  no
     Use input .crd as start conformer    :  yes

     Formatted output files               :  xyz     
                                          :  pdb     
                                          :  mol2    
                                          :  sdf     
                                          :  xyz     
                                          :  gms     
                                          :  csv     

     Split formatted output files         :  crd     

     Limit conformers in formatted files  :  bycount
     Maximum conformer count              :  1000

     Atoms to include in formatted files  :  all     

     Binary file restart type             :  none


     --------------------------------------------------------------------------------
                            Math Related Control and Set Up.
     --------------------------------------------------------------------------------

     Random number generator seeds :  bywallclock

     Seed 1 :           6056617
     Seed 2 :            376133
     Seed 3 :               621
     Seed 4 :             16015


     --------------------------------------------------------------------------------
                            Basic Molecular System Set Up.
     --------------------------------------------------------------------------------

     ------------------
     Ligand Data Files.
     ------------------

     Standard crd coordinate file            :  guest-s16.crd
     VeraChem topology file                  :  guest-s16.top
     Standard mol/sdf file                   :  guest-s16.mol

     Total number of ligand atoms            :        13

     Included in this calculation.
     Number of real and live ligand atoms    :        13
     Number of real but fixed ligand atoms   :         0

     Ligand placement method                 :  none

     Snap ligand to template atoms           :      no

     -------------------------------
     Final Real/Live Set Atom Count.
     -------------------------------

     Total number of real atoms              :        13
     Total number of live atoms              :        13


     --------------------------------------------------------------------------------
                            Generate Initial Molecular Conformation.
     --------------------------------------------------------------------------------

     Mandatory input crd file(s) used for generation of a single starting conformer.


     --------------------------------------------------------------------------------
                             Energy Potential Settings.
     --------------------------------------------------------------------------------


     Molecular Mechanics package          :  vchem           

     Quantum Mechanics package            :  none            


     --------------------------------------------------------------------------------
                    Running VM2 Mining Minima Module. Version 2.8
     --------------------------------------------------------------------------------

     Iteration    Free Energy G             G Diff            # Conformers     # Diff
        1            15.907329              15.907329               5               5
        2            15.874939              -0.032390               6               1
        3            15.874939              -0.000000               6               0
        4            15.874936              -0.000003               6               0

     VM2 Free Energy converged after    4 iterations.

     Final VM2 Free Energy is      15.874936 Kcal/mol.

          --------------------------------
          Final Individual Conformer Data.
          --------------------------------

          List data for conformers with probability of at least :  0.01 %
          Rankings are with respect to : Free Energy (G)

          ------------------------
          Free Energy: G = E - TS
          ------------------------

          ------------------------------------------------------------------------------------------
          Rank    ID     ln(Zx)    Prob(%)  Sum Prob(%)  Del G        G            E            -TS
          ------------------------------------------------------------------------------------------
             1     19    -58.41153   32.01    32.01      0.00        16.55         6.69         9.86
             2     64    -58.43022   31.42    63.43      0.01        16.57         6.71         9.86
             3     82    -58.95958   18.51    81.94      0.33        16.88         7.06         9.82
             4     67    -59.86468    7.49    89.42      0.87        17.42         7.53         9.89
             5     20    -60.21141    5.29    94.71      1.07        17.63         7.74         9.89
             6    147    -60.21271    5.29   100.00      1.07        17.63         7.74         9.89
          ------------------------------------------------------------------------------------------

          --------------------------------------------------------
          Potential Energy: E = (U+W) + H.O. Equipartion energy
          --------------------------------------------------------

          ------------------------------------------------------------------------------------------
          Rank    ID         E          U+W            U        W(PBSA)          PB           SA
          ------------------------------------------------------------------------------------------
             1     19         6.69        -3.14        -0.15        -2.99        -4.59         1.60
             2     64         6.71        -3.13        -0.15        -2.98        -4.58         1.60
             3     82         7.06        -2.78        -0.18        -2.59        -4.18         1.59
             4     67         7.53        -2.31         0.04        -2.35        -3.92         1.57
             5     20         7.74        -2.10         0.84        -2.94        -4.53         1.59
             6    147         7.74        -2.10         0.84        -2.94        -4.53         1.58
          ------------------------------------------------------------------------------------------

          ----------------------------------------
          Gas Phase Internal Potential Energy: U
          ----------------------------------------

          ------------------------------------------------------------------------------------------
          Rank    ID         U         Valence     Coulomb        VdW         VdW6        VdW12
          ------------------------------------------------------------------------------------------
             1     19        -0.15         6.33        -7.44         0.95        -2.12         3.07
             2     64        -0.15         6.33        -7.44         0.95        -2.12         3.07
             3     82        -0.18         6.84        -7.92         0.89        -2.17         3.06
             4     67         0.04         7.32        -8.53         1.25        -2.62         3.86
             5     20         0.84         6.74        -7.25         1.35        -2.50         3.85
             6    147         0.84         6.74        -7.25         1.35        -2.50         3.85
          ------------------------------------------------------------------------------------------

          -------------------------------
          Bonded Energy Terms: Valence
          -------------------------------

          ------------------------------------------------------------------------------------------
          Rank    ID     Valence       Bond        Angle         Pdih         Idih       Tether
          ------------------------------------------------------------------------------------------
             1     19         6.33         0.06         0.93         5.34         0.00         0.00
             2     64         6.33         0.06         0.93         5.34         0.00         0.00
             3     82         6.84         0.06         0.92         5.86         0.00         0.00
             4     67         7.32         0.06         0.69         6.57         0.00         0.00
             5     20         6.74         0.06         0.69         5.99         0.00         0.00
             6    147         6.74         0.06         0.69         5.99         0.00         0.00
          ------------------------------------------------------------------------------------------

          Calculating single reference conformer RMSDs ...

          ---------------------------------
          Conformer RMSDs are in Angstroms.
          ---------------------------------

          ------------------------------------------------------------------------------------------
                              RMSD wrt Input Crd                    RMSD wrt Rank 1
                         ---------------------------------------------------------------------------
          Rank    ID        Complex    Receptor  Ligand          Complex    Receptor  Ligand
          ------------------------------------------------------------------------------------------
             1     19                             0.439                               0.000
             2     64                             0.029                               0.445
             3     82                             0.468                               0.452
             4     67                             1.044                               1.275
             5     20                             1.618                               1.232
             6    147                             0.982                               1.462
          ------------------------------------------------------------------------------------------

          --------------------------------
          Final Boltzmann Averaged Data.
          --------------------------------

          -------------------------------------------------------------------
          Results of Boltzmann Averaging Over All    6 Conformers (kcal/mol).
          -------------------------------------------------------------------

          Free Energy                        G              15.8749359699
          Average Potential Energy         < E >             6.9383495645
          Entropy                           -TS              8.9365864055
          -------------------------------------------------------------------

          Average Potential Energy < E > Components.

          < U >                    -0.0395539398
          < W(PBSA) >              -2.8587379091
          < H.O. P.E. >             9.8366719205

          Average Solvation Energy < W(PBSA) > Components.

          < PB >                   -4.4537880135
          < SA >                    1.5950501044

          Average Gas Phase Internal Potential Energy < U > Components.

          < Valence >               6.5435939292
          < Coulomb >              -7.5883869031
          < VdW >                   1.0052390341

          Average Van der Waals Energy < VdW > Components.

          < VdW6  >                -2.2059791945
          < VdW12 >                 3.2112182286

          Average Bonded Energy < Valence > Components.

          < Bond >                  0.0627173843
          < Angle >                 0.8846134519
          < Pdihed >                5.5962630930
          < Idihed >                0.0000000000
          < Tether >                0.0000000000

          -------------------------------------------------------------------
                        End of VM2 Calculation Results Summary.
          -------------------------------------------------------------------


     Total cpu time for run          2.74 seconds.
                                     0.05 minutes.

     Total wall time for run         2.87 seconds.
                                     0.05 minutes.

     TIME STAMP: VCPack job finished normally : Saturday, August 06, 2022 at 17:08:16
