
     --------------------------------------------------------------------------------
                        Running Program VCPack. Version 2.8

                           VeraChem LLC, PO Box 2206
                           Germantown, MD 20875, U.S.A.

                                Tel. 240-686-0565
                                www.verachem.com
     --------------------------------------------------------------------------------


     Input file          :   guest-5_vm2.inp

     Output file         :   guest-5_vm2.out

     Summary output file :   guest-5_vm2.summary.out

     Executable : /data/comblab/vcCompChem_3b/exe/VC_CompChemPackage_mpi.exe

     Build date : Aug 13 2021  17:26:14

     This is a multiple processor run.

     MPI processes              :   16
     OpenMP threads per process :    0
     CUDA enabled               :  no

     TIME STAMP: VCPack job started : Sunday, August 07, 2022 at 12:00:28

     --------------------------------------------------------------------------------
                            Basic Calculation Control.
     --------------------------------------------------------------------------------

     Molecular system type                :  ligand          

     Calculation type                     :  vm2             

     Energy potential                     :  mm              

     Post-processing type                 :  none            

     Post-processing energy potential     :  none            

     Time limit in wall clock hours       :  96.00

     Read in starting conformers          :  no
     Type of conformers to read in        :  none
     Conformer source files(s)            :  none

     Use input .crd for complex build     :  no
     Place ligand confs. at input .crd    :  no
     Use input .crd as start conformer    :  yes

     Formatted output files               :  xyz     
                                          :  pdb     
                                          :  mol2    
                                          :  sdf     
                                          :  xyz     
                                          :  gms     
                                          :  csv     

     Split formatted output files         :  crd     

     Limit conformers in formatted files  :  bycount
     Maximum conformer count              :  1000

     Atoms to include in formatted files  :  all     

     Binary file restart type             :  none


     --------------------------------------------------------------------------------
                            Math Related Control and Set Up.
     --------------------------------------------------------------------------------

     Random number generator seeds :  bywallclock

     Seed 1 :           5405342
     Seed 2 :            503633
     Seed 3 :               155
     Seed 4 :             23263


     --------------------------------------------------------------------------------
                            Basic Molecular System Set Up.
     --------------------------------------------------------------------------------

     ------------------
     Ligand Data Files.
     ------------------

     Standard crd coordinate file            :  guest-5.crd
     VeraChem topology file                  :  guest-5.top
     Standard mol/sdf file                   :  guest-5.mol

     Total number of ligand atoms            :        22

     Included in this calculation.
     Number of real and live ligand atoms    :        22
     Number of real but fixed ligand atoms   :         0

     Ligand placement method                 :  none

     Snap ligand to template atoms           :      no

     -------------------------------
     Final Real/Live Set Atom Count.
     -------------------------------

     Total number of real atoms              :        22
     Total number of live atoms              :        22


     --------------------------------------------------------------------------------
                            Generate Initial Molecular Conformation.
     --------------------------------------------------------------------------------

     Mandatory input crd file(s) used for generation of a single starting conformer.


     --------------------------------------------------------------------------------
                             Energy Potential Settings.
     --------------------------------------------------------------------------------


     Molecular Mechanics package          :  vchem           

     Quantum Mechanics package            :  none            


     --------------------------------------------------------------------------------
                    Running VM2 Mining Minima Module. Version 2.8
     --------------------------------------------------------------------------------

     Iteration    Free Energy G             G Diff            # Conformers     # Diff
        1            46.369259              46.369259              21              21
        2            46.070262              -0.298997              33              12
        3            45.983242              -0.087021              38               5
        4            45.856067              -0.127174              45               7
        5            45.855714              -0.000353              45               0
        6            45.855225              -0.000489              46               1

     VM2 Free Energy converged after    6 iterations.

     Final VM2 Free Energy is      45.855225 Kcal/mol.

          --------------------------------
          Final Individual Conformer Data.
          --------------------------------

          List data for conformers with probability of at least :  0.01 %
          Rankings are with respect to : Free Energy (G)

          ------------------------
          Free Energy: G = E - TS
          ------------------------

          ------------------------------------------------------------------------------------------
          Rank    ID     ln(Zx)    Prob(%)  Sum Prob(%)  Del G        G            E            -TS
          ------------------------------------------------------------------------------------------
             1    620   -121.13391    7.97     7.97      0.00        47.36        20.69        26.67
             2    126   -121.17423    7.66    15.63      0.02        47.39        20.72        26.67
             3    428   -121.31300    6.67    22.30      0.11        47.47        20.46        27.01
             4      7   -121.36035    6.36    28.66      0.13        47.50        20.48        27.01
             5    436   -121.57806    5.11    33.78      0.26        47.63        20.97        26.66
             6    742   -121.63615    4.83    38.60      0.30        47.66        21.00        26.66
             7    523   -121.66534    4.69    43.29      0.32        47.68        21.02        26.66
             8    543   -121.68160    4.61    47.90      0.33        47.69        21.02        26.67
             9    490   -121.70052    4.53    52.43      0.34        47.70        21.03        26.67
            10    587   -121.75816    4.27    56.70      0.37        47.73        21.11        26.63
            11    185   -121.77481    4.20    60.90      0.38        47.74        21.10        26.65
            12    564   -121.81018    4.06    64.96      0.40        47.77        21.13        26.63
            13    293   -121.83857    3.94    68.90      0.42        47.78        21.07        26.72
            14    744   -121.84730    3.91    72.80      0.43        47.79        21.14        26.65
            15    584   -121.90186    3.70    76.51      0.46        47.82        21.17        26.65
            16    573   -121.93164    3.59    80.10      0.48        47.84        21.16        26.68
            17    774   -121.94104    3.56    83.65      0.48        47.84        21.16        26.68
            18    239   -122.13242    2.94    86.59      0.60        47.96        21.39        26.57
            19    763   -122.17536    2.81    89.41      0.62        47.98        21.43        26.56
            20    529   -122.21359    2.71    92.12      0.64        48.01        21.44        26.57
            21    334   -122.50316    2.03    94.14      0.82        48.18        21.16        27.02
            22    482   -122.60559    1.83    95.98      0.88        48.24        21.22        27.02
            23    240   -123.37539    0.85    96.82      1.34        48.70        22.00        26.70
            24    844   -123.41197    0.82    97.64      1.36        48.72        22.02        26.70
            25    362   -124.17833    0.38    98.02      1.81        49.18        22.51        26.67
            26     96   -124.22820    0.36    98.38      1.84        49.21        22.53        26.67
            27    270   -124.33132    0.33    98.71      1.91        49.27        22.63        26.64
            28    841   -124.38403    0.31    99.02      1.94        49.30        22.66        26.64
            29    356   -124.91209    0.18    99.20      2.25        49.62        22.88        26.74
            30    848   -124.98816    0.17    99.37      2.30        49.66        22.92        26.74
            31    147   -125.12115    0.15    99.52      2.38        49.74        23.11        26.63
            32    807   -125.16007    0.14    99.66      2.40        49.76        23.14        26.63
            33    838   -125.88267    0.07    99.73      2.83        50.19        23.57        26.63
            34     20   -125.91667    0.07    99.79      2.85        50.21        23.59        26.63
            35    311   -125.92580    0.07    99.86      2.86        50.22        23.59        26.63
            36    438   -126.87422    0.03    99.89      3.42        50.78        24.52        26.27
            37    731   -127.18097    0.02    99.90      3.61        50.97        24.15        26.82
            38    117   -127.26121    0.02    99.92      3.65        51.02        24.17        26.85
            39    540   -127.30125    0.02    99.94      3.68        51.04        24.23        26.81
            40    453   -127.30428    0.02    99.96      3.68        51.04        24.19        26.85
            41    364   -127.41868    0.01    99.97      3.75        51.11        24.31        26.80
            42    376   -127.43513    0.01    99.98      3.76        51.12        24.30        26.82
            43    511   -127.59715    0.01   100.00      3.85        51.22        24.42        26.80
          ------------------------------------------------------------------------------------------

          --------------------------------------------------------
          Potential Energy: E = (U+W) + H.O. Equipartion energy
          --------------------------------------------------------

          ------------------------------------------------------------------------------------------
          Rank    ID         E          U+W            U        W(PBSA)          PB           SA
          ------------------------------------------------------------------------------------------
             1    620        20.69         2.81         4.53        -1.72        -3.72         2.00
             2    126        20.72         2.83         4.53        -1.70        -3.70         2.00
             3    428        20.46         2.57         3.92        -1.35        -3.34         1.99
             4      7        20.48         2.60         3.92        -1.32        -3.30         1.98
             5    436        20.97         3.09         5.43        -2.35        -4.36         2.01
             6    742        21.00         3.11         5.41        -2.30        -4.30         2.00
             7    523        21.02         3.13         5.41        -2.28        -4.30         2.02
             8    543        21.02         3.13         5.41        -2.27        -4.29         2.02
             9    490        21.03         3.14         5.41        -2.26        -4.27         2.01
            10    587        21.11         3.22         5.23        -2.01        -4.02         2.01
            11    185        21.10         3.21         5.48        -2.27        -4.29         2.02
            12    564        21.13         3.25         5.34        -2.09        -4.10         2.01
            13    293        21.07         3.18         4.70        -1.52        -3.52         2.00
            14    744        21.14         3.25         5.65        -2.40        -4.41         2.01
            15    584        21.17         3.28         5.65        -2.37        -4.37         2.01
            16    573        21.16         3.27         5.68        -2.41        -4.42         2.01
            17    774        21.16         3.28         5.68        -2.40        -4.42         2.01
            18    239        21.39         3.50         5.86        -2.36        -4.37         2.00
            19    763        21.43         3.54         5.49        -1.95        -3.95         2.00
            20    529        21.44         3.55         5.85        -2.30        -4.30         2.00
            21    334        21.16         3.27         4.57        -1.30        -3.28         1.98
            22    482        21.22         3.33         4.57        -1.24        -3.23         1.99
            23    240        22.00         4.11         6.37        -2.26        -4.26         2.00
            24    844        22.02         4.13         6.37        -2.24        -4.25         2.01
            25    362        22.51         4.62         6.66        -2.04        -4.04         2.00
            26     96        22.53         4.65         6.66        -2.01        -4.00         1.99
            27    270        22.63         4.74         6.90        -2.15        -4.14         1.98
            28    841        22.66         4.77         6.90        -2.12        -4.12         2.00
            29    356        22.88         4.99         7.11        -2.12        -4.11         1.99
            30    848        22.92         5.04         7.11        -2.07        -4.07         2.00
            31    147        23.11         5.23         7.48        -2.25        -4.25         1.99
            32    807        23.14         5.25         7.48        -2.23        -4.22         1.99
            33    838        23.57         5.68         7.21        -1.53        -3.52         1.99
            34     20        23.59         5.70         7.21        -1.51        -3.50         1.99
            35    311        23.59         5.71         7.21        -1.50        -3.49         1.99
            36    438        24.52         6.63         8.89        -2.26        -4.26         2.00
            37    731        24.15         6.26         8.57        -2.31        -4.33         2.02
            38    117        24.17         6.28         8.57        -2.29        -4.30         2.01
            39    540        24.23         6.34         8.61        -2.26        -4.27         2.01
            40    453        24.19         6.31         8.61        -2.30        -4.32         2.02
            41    364        24.31         6.42         8.78        -2.36        -4.37         2.01
            42    376        24.30         6.42         8.78        -2.36        -4.38         2.02
            43    511        24.42         6.53         8.92        -2.39        -4.39         2.00
          ------------------------------------------------------------------------------------------

          ----------------------------------------
          Gas Phase Internal Potential Energy: U
          ----------------------------------------

          ------------------------------------------------------------------------------------------
          Rank    ID         U         Valence     Coulomb        VdW         VdW6        VdW12
          ------------------------------------------------------------------------------------------
             1    620         4.53        12.22        -9.75         2.06        -9.20        11.26
             2    126         4.53        12.22        -9.75         2.06        -9.20        11.26
             3    428         3.92        12.57       -10.58         1.93       -10.48        12.41
             4      7         3.92        12.57       -10.58         1.93       -10.48        12.41
             5    436         5.43        11.90        -8.72         2.25        -8.93        11.18
             6    742         5.41        11.91        -8.73         2.24        -8.94        11.17
             7    523         5.41        11.91        -8.73         2.24        -8.94        11.17
             8    543         5.41        12.01        -8.86         2.26        -8.94        11.20
             9    490         5.41        12.01        -8.86         2.26        -8.94        11.20
            10    587         5.23        12.27        -9.23         2.19        -8.95        11.14
            11    185         5.48        12.02        -8.79         2.25        -8.93        11.19
            12    564         5.34        12.39        -9.27         2.22        -8.97        11.18
            13    293         4.70        12.59       -10.00         2.11        -9.79        11.90
            14    744         5.65        11.81        -8.31         2.15        -9.14        11.29
            15    584         5.65        11.81        -8.31         2.15        -9.14        11.29
            16    573         5.68        11.81        -8.28         2.15        -9.11        11.26
            17    774         5.68        11.81        -8.28         2.15        -9.11        11.26
            18    239         5.86        12.33        -8.53         2.07        -8.87        10.93
            19    763         5.49        12.68        -9.22         2.03        -8.90        10.92
            20    529         5.85        12.33        -8.54         2.06        -8.87        10.93
            21    334         4.57        12.70       -10.36         2.23       -10.22        12.46
            22    482         4.57        12.70       -10.36         2.23       -10.22        12.46
            23    240         6.37        12.09        -8.06         2.34        -9.68        12.02
            24    844         6.37        12.09        -8.06         2.34        -9.68        12.02
            25    362         6.66        12.24        -7.55         1.97       -10.14        12.10
            26     96         6.66        12.24        -7.55         1.97       -10.13        12.10
            27    270         6.90        12.37        -7.75         2.28        -9.83        12.10
            28    841         6.90        12.37        -7.75         2.28        -9.83        12.10
            29    356         7.11        12.15        -6.96         1.93       -10.06        11.99
            30    848         7.11        12.15        -6.96         1.93       -10.06        11.99
            31    147         7.48        12.31        -7.08         2.26        -9.77        12.03
            32    807         7.48        12.31        -7.08         2.26        -9.77        12.03
            33    838         7.21        13.63        -9.92         3.50       -10.51        14.01
            34     20         7.21        13.63        -9.92         3.49       -10.51        14.01
            35    311         7.21        13.63        -9.92         3.50       -10.51        14.01
            36    438         8.89        13.21        -7.89         3.57       -10.25        13.83
            37    731         8.57        13.35        -8.60         3.83        -9.68        13.51
            38    117         8.57        13.35        -8.60         3.83        -9.68        13.51
            39    540         8.61        13.31        -8.55         3.84        -9.69        13.53
            40    453         8.61        13.31        -8.55         3.84        -9.69        13.53
            41    364         8.78        13.33        -8.39         3.84        -9.75        13.58
            42    376         8.78        13.33        -8.39         3.84        -9.75        13.58
            43    511         8.92        13.46        -8.15         3.61        -9.94        13.55
          ------------------------------------------------------------------------------------------

          -------------------------------
          Bonded Energy Terms: Valence
          -------------------------------

          ------------------------------------------------------------------------------------------
          Rank    ID     Valence       Bond        Angle         Pdih         Idih       Tether
          ------------------------------------------------------------------------------------------
             1    620        12.22         0.22         2.75         9.25         0.00         0.00
             2    126        12.22         0.22         2.75         9.25         0.00         0.00
             3    428        12.57         0.27         3.73         8.57         0.00         0.00
             4      7        12.57         0.27         3.73         8.57         0.00         0.00
             5    436        11.90         0.22         2.47         9.21         0.00         0.00
             6    742        11.91         0.22         2.46         9.23         0.00         0.00
             7    523        11.91         0.22         2.46         9.23         0.00         0.00
             8    543        12.01         0.22         2.42         9.37         0.00         0.00
             9    490        12.01         0.22         2.42         9.37         0.00         0.00
            10    587        12.27         0.22         2.51         9.54         0.00         0.00
            11    185        12.02         0.22         2.43         9.37         0.00         0.00
            12    564        12.39         0.22         2.43         9.74         0.00         0.00
            13    293        12.59         0.26         3.35         8.98         0.00         0.00
            14    744        11.81         0.22         2.65         8.94         0.00         0.00
            15    584        11.81         0.22         2.65         8.94         0.00         0.00
            16    573        11.81         0.22         2.65         8.93         0.00         0.00
            17    774        11.81         0.22         2.65         8.93         0.00         0.00
            18    239        12.33         0.22         2.56         9.55         0.00         0.00
            19    763        12.68         0.21         2.59         9.88         0.00         0.00
            20    529        12.33         0.22         2.57         9.55         0.00         0.00
            21    334        12.70         0.28         3.79         8.63         0.00         0.00
            22    482        12.70         0.28         3.79         8.63         0.00         0.00
            23    240        12.09         0.27         3.00         8.82         0.00         0.00
            24    844        12.09         0.27         3.01         8.82         0.00         0.00
            25    362        12.24         0.26         3.59         8.39         0.00         0.00
            26     96        12.24         0.26         3.59         8.39         0.00         0.00
            27    270        12.37         0.28         3.46         8.63         0.00         0.00
            28    841        12.37         0.28         3.46         8.63         0.00         0.00
            29    356        12.15         0.26         3.63         8.26         0.00         0.00
            30    848        12.15         0.26         3.63         8.26         0.00         0.00
            31    147        12.31         0.28         3.49         8.53         0.00         0.00
            32    807        12.31         0.28         3.49         8.53         0.00         0.00
            33    838        13.63         0.43         3.72         9.48         0.00         0.00
            34     20        13.63         0.43         3.72         9.48         0.00         0.00
            35    311        13.63         0.43         3.72         9.48         0.00         0.00
            36    438        13.21         0.44         3.62         9.16         0.00         0.00
            37    731        13.35         0.43         3.36         9.55         0.00         0.00
            38    117        13.35         0.43         3.36         9.55         0.00         0.00
            39    540        13.31         0.43         3.37         9.50         0.00         0.00
            40    453        13.31         0.43         3.37         9.51         0.00         0.00
            41    364        13.33         0.44         3.48         9.41         0.00         0.00
            42    376        13.33         0.44         3.48         9.41         0.00         0.00
            43    511        13.46         0.44         3.54         9.48         0.00         0.00
          ------------------------------------------------------------------------------------------

          Calculating single reference conformer RMSDs ...

          ---------------------------------
          Conformer RMSDs are in Angstroms.
          ---------------------------------

          ------------------------------------------------------------------------------------------
                              RMSD wrt Input Crd                    RMSD wrt Rank 1
                         ---------------------------------------------------------------------------
          Rank    ID        Complex    Receptor  Ligand          Complex    Receptor  Ligand
          ------------------------------------------------------------------------------------------
             1    620                             1.425                               0.000
             2    126                             0.566                               1.375
             3    428                             0.806                               1.040
             4      7                             1.088                               1.192
             5    436                             0.969                               0.966
             6    742                             0.931                               0.905
             7    523                             1.085                               0.984
             8    543                             0.981                               1.029
             9    490                             1.101                               0.958
            10    587                             0.978                               1.085
            11    185                             1.015                               0.996
            12    564                             0.859                               0.901
            13    293                             0.042                               1.073
            14    744                             0.715                               1.335
            15    584                             1.160                               0.333
            16    573                             1.178                               0.360
            17    774                             0.663                               1.593
            18    239                             0.976                               0.724
            19    763                             0.855                               0.566
            20    529                             0.960                               0.650
            21    334                             1.021                               0.816
            22    482                             0.569                               1.030
            23    240                             1.377                               0.656
            24    844                             0.338                               1.308
            25    362                             0.845                               0.810
            26     96                             1.143                               1.244
            27    270                             0.617                               0.790
            28    841                             0.903                               0.851
            29    356                             0.828                               0.726
            30    848                             0.816                               0.960
            31    147                             0.600                               1.041
            32    807                             0.889                               0.779
            33    838                             1.287                               1.136
            34     20                             0.894                               1.148
            35    311                             0.767                               1.135
            36    438                             1.278                               0.956
            37    731                             0.826                               0.852
            38    117                             1.185                               1.443
            39    540                             0.839                               0.858
            40    453                             0.977                               1.681
            41    364                             0.934                               0.965
            42    376                             1.108                               0.783
            43    511                             0.892                               0.919
          ------------------------------------------------------------------------------------------

          --------------------------------
          Final Boltzmann Averaged Data.
          --------------------------------

          -------------------------------------------------------------------
          Results of Boltzmann Averaging Over All   46 Conformers (kcal/mol).
          -------------------------------------------------------------------

          Free Energy                        G              45.8552251845
          Average Potential Energy         < E >            21.0294860685
          Entropy                           -TS             24.8257391160
          -------------------------------------------------------------------

          Average Potential Energy < E > Components.

          < U >                     5.1317390732
          < W(PBSA) >              -1.9871045793
          < H.O. P.E. >            17.8848580373

          Average Solvation Energy < W(PBSA) > Components.

          < PB >                   -3.9915808926
          < SA >                    2.0044763133

          Average Gas Phase Internal Potential Energy < U > Components.

          < Valence >              12.1968690145
          < Coulomb >              -9.2050276915
          < VdW >                   2.1398977503

          Average Van der Waals Energy < VdW > Components.

          < VdW6  >                -9.3249240843
          < VdW12 >                11.4648218346

          Average Bonded Energy < Valence > Components.

          < Bond >                  0.2328688276
          < Angle >                 2.8256297559
          < Pdihed >                9.1383704310
          < Idihed >                0.0000000000
          < Tether >                0.0000000000

          -------------------------------------------------------------------
                        End of VM2 Calculation Results Summary.
          -------------------------------------------------------------------


     Total cpu time for run         15.79 seconds.
                                     0.26 minutes.

     Total wall time for run        16.09 seconds.
                                     0.27 minutes.

     TIME STAMP: VCPack job finished normally : Sunday, August 07, 2022 at 12:00:44
