
     --------------------------------------------------------------------------------
                        Running Program VCPack. Version 2.8

                           VeraChem LLC, PO Box 2206
                           Germantown, MD 20875, U.S.A.

                                Tel. 240-686-0565
                                www.verachem.com
     --------------------------------------------------------------------------------


     Input file          :   guest-s15_vm2.inp

     Output file         :   guest-s15_vm2.out

     Summary output file :   guest-s15_vm2.summary.out

     Executable : /data/comblab/vcCompChem_3b/exe/VC_CompChemPackage_mpi.exe

     Build date : Aug 13 2021  17:26:14

     This is a multiple processor run.

     MPI processes              :   16
     OpenMP threads per process :    0
     CUDA enabled               :  no

     TIME STAMP: VCPack job started : Sunday, August 07, 2022 at 12:03:52

     --------------------------------------------------------------------------------
                            Basic Calculation Control.
     --------------------------------------------------------------------------------

     Molecular system type                :  ligand          

     Calculation type                     :  vm2             

     Energy potential                     :  mm              

     Post-processing type                 :  none            

     Post-processing energy potential     :  none            

     Time limit in wall clock hours       :  96.00

     Read in starting conformers          :  no
     Type of conformers to read in        :  none
     Conformer source files(s)            :  none

     Use input .crd for complex build     :  no
     Place ligand confs. at input .crd    :  no
     Use input .crd as start conformer    :  yes

     Formatted output files               :  xyz     
                                          :  pdb     
                                          :  mol2    
                                          :  sdf     
                                          :  xyz     
                                          :  gms     
                                          :  csv     

     Split formatted output files         :  crd     

     Limit conformers in formatted files  :  bycount
     Maximum conformer count              :  1000

     Atoms to include in formatted files  :  all     

     Binary file restart type             :  none


     --------------------------------------------------------------------------------
                            Math Related Control and Set Up.
     --------------------------------------------------------------------------------

     Random number generator seeds :  bywallclock

     Seed 1 :           7444819
     Seed 2 :            533053
     Seed 3 :               359
     Seed 4 :             24682


     --------------------------------------------------------------------------------
                            Basic Molecular System Set Up.
     --------------------------------------------------------------------------------

     ------------------
     Ligand Data Files.
     ------------------

     Standard crd coordinate file            :  guest-s15.crd
     VeraChem topology file                  :  guest-s15.top
     Standard mol/sdf file                   :  guest-s15.mol

     Total number of ligand atoms            :        29

     Included in this calculation.
     Number of real and live ligand atoms    :        29
     Number of real but fixed ligand atoms   :         0

     Ligand placement method                 :  none

     Snap ligand to template atoms           :      no

     -------------------------------
     Final Real/Live Set Atom Count.
     -------------------------------

     Total number of real atoms              :        29
     Total number of live atoms              :        29


     --------------------------------------------------------------------------------
                            Generate Initial Molecular Conformation.
     --------------------------------------------------------------------------------

     Mandatory input crd file(s) used for generation of a single starting conformer.


     --------------------------------------------------------------------------------
                             Energy Potential Settings.
     --------------------------------------------------------------------------------


     Molecular Mechanics package          :  vchem           

     Quantum Mechanics package            :  none            


     --------------------------------------------------------------------------------
                    Running VM2 Mining Minima Module. Version 2.8
     --------------------------------------------------------------------------------

     Iteration    Free Energy G             G Diff            # Conformers     # Diff
        1            33.015225              33.015225              52              52
        2            32.584416              -0.430810             120              68
        3            32.500198              -0.084218             133              13
        4            32.434067              -0.066131             161              28
        5            32.434061              -0.000006             161               0
        6            32.380883              -0.053178             183              22
        7            32.372520              -0.008363             189               6
        8            32.358300              -0.014219             209              20
        9            32.357935              -0.000366             212               3
       10            32.351930              -0.006004             221               9

     VM2 Free Energy converged after   10 iterations.

     Final VM2 Free Energy is      32.351930 Kcal/mol.

          --------------------------------
          Final Individual Conformer Data.
          --------------------------------

          List data for conformers with probability of at least :  0.01 %
          Rankings are with respect to : Free Energy (G)

          ------------------------
          Free Energy: G = E - TS
          ------------------------

          ------------------------------------------------------------------------------------------
          Rank    ID     ln(Zx)    Prob(%)  Sum Prob(%)  Del G        G            E            -TS
          ------------------------------------------------------------------------------------------
             1   1424   -101.65462   10.38    10.38      0.00        33.70        -3.68        37.38
             2   1448   -102.36733    5.09    15.47      0.42        34.13        -3.40        37.53
             3     58   -102.37046    5.07    20.55      0.43        34.13        -3.27        37.40
             4   1236   -102.63246    3.90    24.45      0.58        34.29        -3.21        37.50
             5    231   -102.65858    3.80    28.25      0.60        34.30        -3.19        37.50
             6    625   -102.74527    3.49    31.74      0.65        34.35        -3.10        37.46
             7   1296   -102.76334    3.43    35.17      0.66        34.36        -3.22        37.58
             8    987   -102.76734    3.41    38.58      0.66        34.37        -3.14        37.50
             9   1134   -102.81455    3.25    41.84      0.69        34.39        -3.08        37.48
            10   1561   -102.82730    3.21    45.05      0.70        34.40        -3.08        37.49
            11   1562   -103.18374    2.25    47.30      0.91        34.61        -3.06        37.67
            12   1606   -103.37297    1.86    49.16      1.02        34.73        -2.78        37.51
            13    905   -103.46171    1.70    50.86      1.08        34.78        -2.73        37.51
            14    989   -103.48287    1.67    52.53      1.09        34.79        -2.85        37.64
            15   1048   -103.48829    1.66    54.19      1.09        34.80        -2.71        37.50
            16     39   -103.52500    1.60    55.79      1.12        34.82        -2.72        37.53
            17    321   -103.53349    1.59    57.38      1.12        34.82        -2.67        37.49
            18   1040   -103.55419    1.55    58.93      1.13        34.83        -2.80        37.64
            19    585   -103.55686    1.55    60.48      1.13        34.84        -3.02        37.86
            20    189   -103.57714    1.52    62.00      1.15        34.85        -2.79        37.64
            21    277   -103.58621    1.50    63.50      1.15        34.85        -2.57        37.42
            22   1376   -103.60677    1.47    64.98      1.16        34.87        -2.77        37.64
            23    586   -103.62375    1.45    66.43      1.17        34.88        -2.75        37.63
            24   1364   -103.68589    1.36    67.79      1.21        34.91        -2.68        37.59
            25   1195   -103.73137    1.30    69.09      1.24        34.94        -2.69        37.63
            26   1501   -103.74425    1.28    70.37      1.25        34.95        -2.87        37.82
            27   1034   -103.74955    1.28    71.65      1.25        34.95        -2.74        37.69
            28   1033   -103.77145    1.25    72.90      1.26        34.96        -2.86        37.82
            29    500   -103.78197    1.24    74.14      1.27        34.97        -2.59        37.56
            30    305   -103.82251    1.19    75.33      1.29        34.99        -2.60        37.60
            31   1439   -103.83547    1.17    76.50      1.30        35.00        -2.69        37.69
            32   1580   -103.84866    1.16    77.66      1.31        35.01        -2.82        37.83
            33   1302   -103.89035    1.11    78.77      1.33        35.04        -2.46        37.49
            34   1285   -104.05061    0.95    79.71      1.43        35.13        -2.66        37.79
            35   1191   -104.06002    0.94    80.65      1.43        35.14        -2.51        37.65
            36    661   -104.09669    0.90    81.55      1.46        35.16        -2.54        37.69
            37   1345   -104.09799    0.90    82.45      1.46        35.16        -2.63        37.79
            38   1340   -104.15477    0.85    83.30      1.49        35.19        -2.65        37.85
            39    262   -104.17570    0.83    84.14      1.50        35.21        -2.77        37.98
            40   1365   -104.40064    0.67    84.81      1.64        35.34        -2.53        37.87
            41    344   -104.40161    0.67    85.47      1.64        35.34        -2.40        37.74
            42    671   -104.40512    0.66    86.13      1.64        35.34        -2.32        37.67
            43   1245   -104.47985    0.62    86.75      1.68        35.39        -2.61        38.00
            44   1043   -104.50549    0.60    87.35      1.70        35.40        -2.43        37.83
            45    108   -104.51297    0.60    87.95      1.70        35.41        -2.58        37.98
            46   1318   -104.53640    0.58    88.53      1.72        35.42        -2.55        37.97
            47   1600   -104.56914    0.56    89.09      1.74        35.44        -2.40        37.84
            48   1363   -104.58266    0.56    89.65      1.75        35.45        -2.33        37.78
            49   1054   -104.62127    0.53    90.18      1.77        35.47        -2.10        37.57
            50   1039   -104.65874    0.51    90.69      1.79        35.49        -2.10        37.60
            51    201   -104.74525    0.47    91.17      1.84        35.54        -2.26        37.80
            52    113   -104.74618    0.47    91.64      1.84        35.55        -1.91        37.45
            53    337   -104.75851    0.47    92.10      1.85        35.55        -2.42        37.97
            54   1500   -104.81817    0.44    92.54      1.89        35.59        -2.61        38.20
            55    670   -104.82502    0.44    92.98      1.89        35.59        -2.14        37.74
            56    821   -104.83774    0.43    93.41      1.90        35.60        -2.56        38.16
            57    707   -104.86531    0.42    93.83      1.91        35.62        -2.32        37.94
            58    603   -104.90018    0.40    94.23      1.93        35.64        -2.06        37.70
            59   1591   -104.96073    0.38    94.61      1.97        35.67        -2.50        38.17
            60    513   -104.96466    0.38    94.99      1.97        35.68        -1.95        37.63
            61   1630   -104.98840    0.37    95.36      1.99        35.69        -2.31        38.00
            62   1329   -105.01758    0.36    95.72      2.00        35.71        -2.51        38.21
            63    295   -105.06014    0.34    96.07      2.03        35.73        -2.37        38.11
            64    702   -105.09806    0.33    96.40      2.05        35.76        -2.21        37.96
            65   1568   -105.28908    0.27    96.67      2.17        35.87        -2.19        38.06
            66    574   -105.30534    0.27    96.94      2.18        35.88        -2.42        38.30
            67      2   -105.32167    0.27    97.21      2.19        35.89        -2.31        38.19
            68    320   -105.39990    0.25    97.45      2.23        35.94        -2.15        38.09
            69    187   -105.47529    0.23    97.68      2.28        35.98        -2.35        38.33
            70     17   -105.66917    0.19    97.87      2.39        36.10        -2.04        38.14
            71    197   -105.73959    0.17    98.04      2.44        36.14        -2.35        38.49
            72   1503   -105.78456    0.17    98.21      2.46        36.16        -1.83        37.99
            73     96   -106.29085    0.10    98.31      2.76        36.47        -2.13        38.60
            74    327   -106.32452    0.10    98.41      2.78        36.49        -1.81        38.30
            75    265   -106.50012    0.08    98.49      2.89        36.59        -0.80        37.39
            76    347   -106.72845    0.06    98.55      3.02        36.73        -1.00        37.73
            77    575   -106.99571    0.05    98.60      3.18        36.89        -0.65        37.54
            78    276   -107.01008    0.05    98.65      3.19        36.90        -0.78        37.68
            79    638   -107.07251    0.05    98.70      3.23        36.93        -1.04        37.97
            80    840   -107.10953    0.04    98.74      3.25        36.95        -0.78        37.74
            81   1547   -107.15318    0.04    98.79      3.28        36.98        -0.30        37.28
            82    481   -107.20507    0.04    98.83      3.31        37.01        -0.77        37.78
            83    994   -107.25421    0.04    98.86      3.34        37.04        -0.70        37.74
            84    298   -107.33157    0.04    98.90      3.38        37.09        -0.95        38.03
            85    958   -107.35800    0.03    98.93      3.40        37.10        -0.69        37.79
            86   1316   -107.38856    0.03    98.97      3.42        37.12        -0.63        37.75
            87    342   -107.42592    0.03    99.00      3.44        37.14        -0.50        37.64
            88    284   -107.43723    0.03    99.03      3.45        37.15        -0.62        37.77
            89   1611   -107.44012    0.03    99.06      3.45        37.15        -0.58        37.73
            90    376   -107.55447    0.03    99.09      3.52        37.22        -0.53        37.75
            91    629   -107.60236    0.03    99.12      3.55        37.25        -0.11        37.36
            92    901   -107.60272    0.03    99.15      3.55        37.25        -0.60        37.85
            93    292   -107.66542    0.03    99.17      3.58        37.29        -0.56        37.84
            94    859   -107.67627    0.03    99.20      3.59        37.29        -0.22        37.51
            95   1536   -107.89658    0.02    99.22      3.72        37.42        -0.31        37.73
            96    199   -107.91153    0.02    99.24      3.73        37.43        -0.09        37.52
            97   1589   -107.92086    0.02    99.26      3.74        37.44         0.03        37.40
            98   1337   -107.94094    0.02    99.28      3.75        37.45        -0.30        37.75
            99   1010   -107.94461    0.02    99.30      3.75        37.45        -0.30        37.75
           100   1531   -107.95161    0.02    99.31      3.75        37.46        -0.30        37.76
           101    606   -107.97955    0.02    99.33      3.77        37.47        -0.42        37.89
           102   1215   -107.98347    0.02    99.35      3.77        37.48        -0.33        37.80
           103   1002   -108.00046    0.02    99.37      3.78        37.49        -0.25        37.74
           104    267   -108.03411    0.02    99.39      3.80        37.51        -0.29        37.79
           105    648   -108.07589    0.02    99.40      3.83        37.53        -0.57        38.10
           106      4   -108.11016    0.02    99.42      3.85        37.55        -0.11        37.66
           107   1321   -108.12398    0.02    99.44      3.86        37.56        -0.15        37.71
           108    560   -108.12666    0.02    99.45      3.86        37.56        -0.37        37.93
           109   1623   -108.13202    0.02    99.47      3.86        37.56        -0.22        37.78
           110    293   -108.14856    0.02    99.48      3.87        37.57        -0.21        37.79
           111    701   -108.16529    0.02    99.50      3.88        37.58        -0.65        38.23
           112   1593   -108.17651    0.02    99.52      3.89        37.59        -0.27        37.86
           113   1594   -108.18892    0.02    99.53      3.90        37.60        -0.20        37.80
           114   1022   -108.19031    0.02    99.55      3.90        37.60        -0.36        37.96
           115   1261   -108.19981    0.01    99.56      3.90        37.60        -0.31        37.91
           116   1633   -108.26876    0.01    99.57      3.94        37.65         0.13        37.51
           117   1019   -108.30418    0.01    99.59      3.96        37.67        -0.06        37.73
           118    221   -108.30647    0.01    99.60      3.97        37.67        -0.18        37.85
           119    309   -108.34269    0.01    99.61      3.99        37.69        -0.40        38.09
           120    335   -108.36985    0.01    99.63      4.00        37.71        -0.18        37.89
           121   1353   -108.40527    0.01    99.64      4.02        37.73        -0.07        37.79
           122    602   -108.42714    0.01    99.65      4.04        37.74        -0.15        37.89
           123    600   -108.45664    0.01    99.66      4.06        37.76        -0.14        37.90
           124    274   -108.49401    0.01    99.67      4.08        37.78         0.05        37.73
           125   1016   -108.49755    0.01    99.68      4.08        37.78        -0.16        37.94
           126    696   -108.55073    0.01    99.69      4.11        37.81        -0.11        37.92
           127    664   -108.55121    0.01    99.71      4.11        37.81         0.01        37.80
           128   1548   -108.55791    0.01    99.72      4.12        37.82        -0.40        38.22
           129   1332   -108.55952    0.01    99.73      4.12        37.82        -0.06        37.88
          ------------------------------------------------------------------------------------------

          --------------------------------------------------------
          Potential Energy: E = (U+W) + H.O. Equipartion energy
          --------------------------------------------------------

          ------------------------------------------------------------------------------------------
          Rank    ID         E          U+W            U        W(PBSA)          PB           SA
          ------------------------------------------------------------------------------------------
             1   1424        -3.68       -27.83        23.96       -51.79       -54.34         2.55
             2   1448        -3.40       -27.55        24.51       -52.06       -54.56         2.50
             3     58        -3.27       -27.41        24.28       -51.69       -54.27         2.58
             4   1236        -3.21       -27.35        24.59       -51.94       -54.48         2.53
             5    231        -3.19       -27.34        24.57       -51.91       -54.45         2.54
             6    625        -3.10       -27.25        24.71       -51.96       -54.51         2.55
             7   1296        -3.22       -27.36        24.67       -52.03       -54.58         2.55
             8    987        -3.14       -27.28        24.74       -52.02       -54.55         2.52
             9   1134        -3.08       -27.23        25.01       -52.24       -54.75         2.51
            10   1561        -3.08       -27.23        24.82       -52.05       -54.56         2.51
            11   1562        -3.06       -27.20        24.85       -52.05       -54.59         2.53
            12   1606        -2.78       -26.93        24.93       -51.85       -54.37         2.51
            13    905        -2.73       -26.87        24.91       -51.79       -54.31         2.53
            14    989        -2.85       -27.00        25.16       -52.16       -54.68         2.52
            15   1048        -2.71       -26.85        25.09       -51.94       -54.49         2.55
            16     39        -2.72       -26.86        25.13       -51.99       -54.53         2.54
            17    321        -2.67       -26.81        25.09       -51.90       -54.41         2.51
            18   1040        -2.80       -26.95        25.27       -52.22       -54.70         2.49
            19    585        -3.02       -27.17        25.09       -52.26       -54.74         2.48
            20    189        -2.79       -26.94        25.15       -52.08       -54.57         2.49
            21    277        -2.57       -26.71        25.44       -52.15       -54.68         2.52
            22   1376        -2.77       -26.92        25.12       -52.04       -54.56         2.51
            23    586        -2.75       -26.90        25.35       -52.25       -54.74         2.49
            24   1364        -2.68       -26.82        25.47       -52.30       -54.80         2.50
            25   1195        -2.69       -26.83        25.54       -52.38       -54.87         2.49
            26   1501        -2.87       -27.01        25.21       -52.23       -54.72         2.49
            27   1034        -2.74       -26.89        25.27       -52.15       -54.66         2.51
            28   1033        -2.86       -27.00        25.45       -52.45       -54.94         2.49
            29    500        -2.59       -26.73        25.45       -52.18       -54.67         2.49
            30    305        -2.60       -26.75        25.26       -52.01       -54.53         2.52
            31   1439        -2.69       -26.83        25.38       -52.21       -54.72         2.51
            32   1580        -2.82       -26.96        25.31       -52.27       -54.76         2.49
            33   1302        -2.46       -26.60        25.45       -52.05       -54.54         2.49
            34   1285        -2.66       -26.80        25.52       -52.32       -54.81         2.48
            35   1191        -2.51       -26.65        25.43       -52.09       -54.61         2.52
            36    661        -2.54       -26.68        25.64       -52.32       -54.81         2.49
            37   1345        -2.63       -26.77        25.51       -52.28       -54.76         2.48
            38   1340        -2.65       -26.80        25.62       -52.42       -54.90         2.49
            39    262        -2.77       -26.92        25.71       -52.62       -55.09         2.47
            40   1365        -2.53       -26.68        25.70       -52.38       -54.83         2.45
            41    344        -2.40       -26.54        25.62       -52.17       -54.63         2.46
            42    671        -2.32       -26.47        25.69       -52.15       -54.64         2.49
            43   1245        -2.61       -26.76        25.70       -52.46       -54.89         2.43
            44   1043        -2.43       -26.58        25.53       -52.11       -54.58         2.47
            45    108        -2.58       -26.72        25.70       -52.42       -54.85         2.43
            46   1318        -2.55       -26.70        25.73       -52.42       -54.88         2.46
            47   1600        -2.40       -26.54        25.49       -52.03       -54.51         2.47
            48   1363        -2.33       -26.48        25.73       -52.20       -54.67         2.47
            49   1054        -2.10       -26.24        25.97       -52.22       -54.71         2.49
            50   1039        -2.10       -26.25        25.82       -52.07       -54.58         2.51
            51    201        -2.26       -26.40        26.11       -52.51       -55.00         2.48
            52    113        -1.91       -26.05        26.14       -52.20       -54.70         2.51
            53    337        -2.42       -26.56        26.00       -52.56       -55.00         2.44
            54   1500        -2.61       -26.75        25.51       -52.26       -54.69         2.43
            55    670        -2.14       -26.29        26.00       -52.28       -54.75         2.47
            56    821        -2.56       -26.70        25.70       -52.40       -54.86         2.47
            57    707        -2.32       -26.47        25.82       -52.28       -54.73         2.45
            58    603        -2.06       -26.20        25.89       -52.10       -54.60         2.50
            59   1591        -2.50       -26.64        26.02       -52.66       -55.10         2.44
            60    513        -1.95       -26.10        26.19       -52.29       -54.80         2.51
            61   1630        -2.31       -26.45        25.81       -52.26       -54.73         2.47
            62   1329        -2.51       -26.65        25.90       -52.55       -54.97         2.41
            63    295        -2.37       -26.52        26.27       -52.79       -55.21         2.42
            64    702        -2.21       -26.35        26.39       -52.74       -55.18         2.44
            65   1568        -2.19       -26.34        26.39       -52.73       -55.16         2.44
            66    574        -2.42       -26.57        26.21       -52.77       -55.20         2.42
            67      2        -2.31       -26.45        26.06       -52.51       -54.93         2.42
            68    320        -2.15       -26.30        26.05       -52.34       -54.78         2.44
            69    187        -2.35       -26.49        26.08       -52.58       -54.97         2.39
            70     17        -2.04       -26.19        26.47       -52.65       -55.08         2.43
            71    197        -2.35       -26.50        25.93       -52.43       -54.83         2.41
            72   1503        -1.83       -25.97        26.28       -52.25       -54.68         2.42
            73     96        -2.13       -26.27        26.60       -52.87       -55.27         2.40
            74    327        -1.81       -25.95        26.78       -52.73       -55.14         2.41
            75    265        -0.80       -24.94        27.20       -52.14       -54.65         2.50
            76    347        -1.00       -25.14        27.27       -52.42       -54.88         2.47
            77    575        -0.65       -24.80        27.23       -52.02       -54.53         2.51
            78    276        -0.78       -24.93        27.07       -52.00       -54.49         2.50
            79    638        -1.04       -25.18        27.31       -52.49       -54.96         2.47
            80    840        -0.78       -24.93        27.36       -52.29       -54.78         2.49
            81   1547        -0.30       -24.44        27.68       -52.12       -54.60         2.49
            82    481        -0.77       -24.91        27.43       -52.34       -54.83         2.49
            83    994        -0.70       -24.85        27.32       -52.16       -54.66         2.49
            84    298        -0.95       -25.09        27.50       -52.59       -55.04         2.46
            85    958        -0.69       -24.83        27.47       -52.31       -54.79         2.48
            86   1316        -0.63       -24.77        27.67       -52.44       -54.94         2.50
            87    342        -0.50       -24.64        27.99       -52.63       -55.12         2.49
            88    284        -0.62       -24.76        27.46       -52.22       -54.68         2.46
            89   1611        -0.58       -24.73        27.70       -52.42       -54.89         2.46
            90    376        -0.53       -24.68        27.89       -52.57       -55.03         2.46
            91    629        -0.11       -24.26        27.85       -52.10       -54.59         2.49
            92    901        -0.60       -24.75        27.64       -52.38       -54.89         2.51
            93    292        -0.56       -24.70        27.78       -52.48       -54.93         2.45
            94    859        -0.22       -24.36        27.70       -52.06       -54.56         2.50
            95   1536        -0.31       -24.45        28.05       -52.50       -54.97         2.46
            96    199        -0.09       -24.23        27.82       -52.06       -54.57         2.52
            97   1589         0.03       -24.11        28.00       -52.11       -54.58         2.47
            98   1337        -0.30       -24.45        27.67       -52.11       -54.55         2.44
            99   1010        -0.30       -24.44        27.70       -52.15       -54.64         2.49
           100   1531        -0.30       -24.45        27.63       -52.08       -54.52         2.44
           101    606        -0.42       -24.56        27.85       -52.42       -54.83         2.41
           102   1215        -0.33       -24.47        28.01       -52.48       -54.95         2.47
           103   1002        -0.25       -24.40        27.86       -52.26       -54.71         2.45
           104    267        -0.29       -24.43        27.71       -52.15       -54.60         2.46
           105    648        -0.57       -24.72        27.80       -52.52       -54.97         2.44
           106      4        -0.11       -24.26        27.88       -52.13       -54.59         2.46
           107   1321        -0.15       -24.29        28.43       -52.72       -55.17         2.45
           108    560        -0.37       -24.52        27.92       -52.44       -54.87         2.43
           109   1623        -0.22       -24.36        28.06       -52.42       -54.88         2.46
           110    293        -0.21       -24.36        27.70       -52.05       -54.53         2.47
           111    701        -0.65       -24.79        27.76       -52.55       -54.97         2.42
           112   1593        -0.27       -24.41        27.94       -52.36       -54.79         2.43
           113   1594        -0.20       -24.34        28.33       -52.68       -55.10         2.42
           114   1022        -0.36       -24.51        27.89       -52.40       -54.86         2.46
           115   1261        -0.31       -24.45        27.95       -52.40       -54.84         2.45
           116   1633         0.13       -24.01        27.95       -51.96       -54.44         2.48
           117   1019        -0.06       -24.21        28.40       -52.60       -55.07         2.46
           118    221        -0.18       -24.33        27.92       -52.24       -54.69         2.45
           119    309        -0.40       -24.55        27.95       -52.49       -54.92         2.42
           120    335        -0.18       -24.32        27.92       -52.24       -54.70         2.45
           121   1353        -0.07       -24.21        28.20       -52.41       -54.89         2.47
           122    602        -0.15       -24.30        28.24       -52.54       -54.98         2.45
           123    600        -0.14       -24.29        28.22       -52.50       -54.95         2.44
           124    274         0.05       -24.10        28.13       -52.23       -54.73         2.50
           125   1016        -0.16       -24.30        28.17       -52.47       -54.89         2.42
           126    696        -0.11       -24.25        28.13       -52.38       -54.84         2.45
           127    664         0.01       -24.14        28.19       -52.33       -54.78         2.46
           128   1548        -0.40       -24.55        27.92       -52.47       -54.88         2.41
           129   1332        -0.06       -24.21        28.15       -52.35       -54.82         2.46
          ------------------------------------------------------------------------------------------

          ----------------------------------------
          Gas Phase Internal Potential Energy: U
          ----------------------------------------

          ------------------------------------------------------------------------------------------
          Rank    ID         U         Valence     Coulomb        VdW         VdW6        VdW12
          ------------------------------------------------------------------------------------------
             1   1424        23.96         3.17        19.73         1.06        -7.94         9.00
             2   1448        24.51         3.68        19.66         1.17        -8.57         9.74
             3     58        24.28         3.71        19.38         1.19        -8.09         9.28
             4   1236        24.59         3.67        19.72         1.20        -8.56         9.76
             5    231        24.57         3.67        19.71         1.20        -8.56         9.76
             6    625        24.71         3.73        19.76         1.22        -8.62         9.84
             7   1296        24.67         3.46        20.28         0.93        -8.84         9.77
             8    987        24.74         3.69        19.92         1.13        -8.67         9.79
             9   1134        25.01         3.71        20.12         1.18        -8.62         9.80
            10   1561        24.82         3.71        19.94         1.17        -8.61         9.79
            11   1562        24.85         3.96        19.89         1.00        -9.07        10.07
            12   1606        24.93         4.21        19.39         1.33        -8.71        10.04
            13    905        24.91         4.21        19.38         1.32        -8.71        10.04
            14    989        25.16         4.20        19.69         1.27        -9.29        10.56
            15   1048        25.09         4.25        19.54         1.30        -8.78        10.07
            16     39        25.13         4.21        19.68         1.24        -8.83        10.08
            17    321        25.09         4.25        19.52         1.31        -8.79        10.10
            18   1040        25.27         4.17        19.87         1.24        -9.31        10.55
            19    585        25.09         3.93        20.38         0.78        -9.98        10.76
            20    189        25.15         4.18        19.66         1.31        -9.19        10.50
            21    277        25.44         4.34        19.74         1.36        -8.74        10.10
            22   1376        25.12         4.18        19.63         1.31        -9.19        10.50
            23    586        25.35         4.22        19.85         1.28        -9.28        10.55
            24   1364        25.47         4.29        19.88         1.31        -9.24        10.54
            25   1195        25.54         4.22        20.05         1.27        -9.27        10.54
            26   1501        25.21         4.12        19.95         1.14        -9.56        10.69
            27   1034        25.27         3.97        20.25         1.05        -9.49        10.53
            28   1033        25.45         4.12        20.19         1.14        -9.59        10.72
            29    500        25.45         4.27        19.87         1.31        -9.22        10.53
            30    305        25.26         4.21        19.74         1.32        -9.27        10.59
            31   1439        25.38         3.96        20.37         1.04        -9.52        10.56
            32   1580        25.31         4.18        20.00         1.12        -9.69        10.81
            33   1302        25.45         4.32        19.73         1.40        -9.17        10.57
            34   1285        25.52         4.46        19.96         1.11        -9.75        10.86
            35   1191        25.43         4.06        20.27         1.11        -9.45        10.56
            36    661        25.64         3.98        20.67         0.99        -9.57        10.56
            37   1345        25.51         4.47        19.98         1.05        -9.82        10.88
            38   1340        25.62         4.14        20.48         1.00        -9.76        10.77
            39    262        25.71         4.41        20.45         0.85       -10.19        11.04
            40   1365        25.70         4.65        19.93         1.12        -9.96        11.08
            41    344        25.62         4.55        19.89         1.18        -9.67        10.85
            42    671        25.69         4.68        19.65         1.35        -9.48        10.83
            43   1245        25.70         4.64        19.92         1.14       -10.43        11.58
            44   1043        25.53         4.66        19.60         1.26        -9.72        10.98
            45    108        25.70         4.39        20.48         0.83       -10.72        11.56
            46   1318        25.73         4.63        19.87         1.23       -10.25        11.48
            47   1600        25.49         4.66        19.57         1.26        -9.76        11.02
            48   1363        25.73         4.68        19.67         1.38        -9.93        11.31
            49   1054        25.97         4.81        19.70         1.46        -9.39        10.85
            50   1039        25.82         4.78        19.61         1.43        -9.39        10.82
            51    201        26.11         4.79        20.05         1.27        -9.80        11.08
            52    113        26.14         4.93        19.67         1.54        -9.29        10.83
            53    337        26.00         4.63        20.14         1.23       -10.24        11.47
            54   1500        25.51         4.39        20.42         0.70       -10.96        11.67
            55    670        26.00         4.76        19.83         1.41        -9.88        11.29
            56    821        25.70         4.60        20.01         1.09       -10.57        11.66
            57    707        25.82         4.50        20.34         0.97       -10.53        11.50
            58    603        25.89         4.78        19.66         1.46        -9.84        11.30
            59   1591        26.02         4.55        20.50         0.97       -10.66        11.63
            60    513        26.19         4.87        19.83         1.49        -9.79        11.27
            61   1630        25.81         4.47        20.26         1.08       -10.40        11.48
            62   1329        25.90         4.89        20.13         0.88       -10.96        11.85
            63    295        26.27         4.87        20.50         0.90       -10.95        11.85
            64    702        26.39         4.73        20.48         1.18       -10.35        11.53
            65   1568        26.39         4.97        20.37         1.04       -10.75        11.80
            66    574        26.21         4.87        20.55         0.79       -11.16        11.94
            67      2        26.06         5.06        19.92         1.08       -10.86        11.94
            68    320        26.05         4.96        19.93         1.15       -10.62        11.77
            69    187        26.08         5.05        19.93         1.10       -11.34        12.44
            70     17        26.47         5.20        20.03         1.24       -10.69        11.93
            71    197        25.93         4.81        20.41         0.72       -11.78        12.50
            72   1503        26.28         4.39        21.06         0.83       -10.64        11.48
            73     96        26.60         5.29        20.51         0.80       -11.98        12.78
            74    327        26.78         5.14        20.51         1.13       -11.26        12.39
            75    265        27.20         4.96        21.20         1.05        -9.03        10.08
            76    347        27.27         5.67        20.78         0.83        -9.94        10.77
            77    575        27.23         6.29        19.80         1.13        -9.03        10.17
            78    276        27.07         6.26        19.67         1.14        -9.08        10.22
            79    638        27.31         5.06        21.36         0.90       -10.07        10.97
            80    840        27.36         6.13        20.08         1.15        -9.53        10.68
            81   1547        27.68         5.65        20.83         1.20        -9.46        10.66
            82    481        27.43         6.17        20.21         1.04        -9.70        10.74
            83    994        27.32         6.25        19.96         1.10        -9.53        10.63
            84    298        27.50         6.35        20.40         0.74       -10.33        11.08
            85    958        27.47         6.23        20.13         1.11        -9.66        10.77
            86   1316        27.67         6.13        20.41         1.12        -9.58        10.71
            87    342        27.99         6.34        20.69         0.96       -10.03        10.99
            88    284        27.46         6.25        20.07         1.14        -9.67        10.81
            89   1611        27.70         6.16        20.39         1.15        -9.57        10.72
            90    376        27.89         6.18        20.67         1.04        -9.72        10.76
            91    629        27.85         5.68        20.99         1.18        -9.50        10.68
            92    901        27.64         5.82        21.13         0.68       -10.11        10.79
            93    292        27.78         6.11        20.73         0.94       -10.57        11.51
            94    859        27.70         5.43        21.14         1.13        -9.72        10.85
            95   1536        28.05         6.73        20.16         1.16        -9.91        11.07
            96    199        27.82         5.45        21.22         1.15        -9.71        10.86
            97   1589        28.00         5.68        21.09         1.24        -9.58        10.82
            98   1337        27.67         6.69        19.71         1.27        -9.73        11.00
            99   1010        27.70         6.67        19.75         1.28        -9.69        10.97
           100   1531        27.63         6.68        19.71         1.25        -9.76        11.00
           101    606        27.85         6.64        19.99         1.22       -10.25        11.47
           102   1215        28.01         6.67        20.18         1.16        -9.85        11.01
           103   1002        27.86         6.79        19.86         1.21        -9.83        11.04
           104    267        27.71         6.76        19.72         1.24        -9.78        11.02
           105    648        27.80         5.53        21.30         0.97       -10.82        11.79
           106      4        27.88         6.78        19.87         1.23        -9.74        10.97
           107   1321        28.43         6.78        20.58         1.07       -10.67        11.74
           108    560        27.92         6.69        20.02         1.21       -10.29        11.50
           109   1623        28.06         6.33        20.69         1.04       -10.43        11.47
           110    293        27.70         6.76        19.66         1.27        -9.72        10.99
           111    701        27.76         6.48        20.86         0.42       -11.36        11.78
           112   1593        27.94         6.75        20.00         1.20       -10.23        11.43
           113   1594        28.33         6.78        20.40         1.16       -10.29        11.45
           114   1022        27.89         6.47        20.36         1.05       -10.40        11.45
           115   1261        27.95         6.73        20.07         1.15       -10.43        11.58
           116   1633        27.95         5.46        21.34         1.15        -9.73        10.88
           117   1019        28.40         6.90        20.21         1.29        -9.76        11.05
           118    221        27.92         6.75        19.93         1.23       -10.16        11.40
           119    309        27.95         5.55        21.39         1.00       -10.75        11.75
           120    335        27.92         6.27        20.55         1.09        -9.90        10.99
           121   1353        28.20         6.86        20.16         1.18       -10.21        11.39
           122    602        28.24         6.64        20.38         1.22       -10.23        11.46
           123    600        28.22         6.82        20.15         1.25       -10.24        11.49
           124    274        28.13         6.99        19.89         1.24        -9.66        10.90
           125   1016        28.17         6.29        21.10         0.77       -10.79        11.56
           126    696        28.13         6.43        20.72         0.99       -10.46        11.45
           127    664        28.19         5.84        21.30         1.06       -10.71        11.77
           128   1548        27.92         6.77        20.30         0.85       -10.88        11.74
           129   1332        28.15         6.84        20.06         1.25       -10.18        11.43
          ------------------------------------------------------------------------------------------

          -------------------------------
          Bonded Energy Terms: Valence
          -------------------------------

          ------------------------------------------------------------------------------------------
          Rank    ID     Valence       Bond        Angle         Pdih         Idih       Tether
          ------------------------------------------------------------------------------------------
             1   1424         3.17         0.19         0.88         2.10         0.00         0.00
             2   1448         3.68         0.22         1.21         2.24         0.00         0.00
             3     58         3.71         0.20         1.16         2.35         0.00         0.00
             4   1236         3.67         0.22         1.12         2.33         0.00         0.00
             5    231         3.67         0.22         1.12         2.33         0.00         0.00
             6    625         3.73         0.24         1.17         2.33         0.00         0.00
             7   1296         3.46         0.22         1.09         2.15         0.00         0.00
             8    987         3.69         0.23         1.10         2.36         0.00         0.00
             9   1134         3.71         0.23         1.14         2.34         0.00         0.00
            10   1561         3.71         0.23         1.14         2.34         0.00         0.00
            11   1562         3.96         0.23         1.42         2.31         0.00         0.00
            12   1606         4.21         0.23         1.40         2.58         0.00         0.00
            13    905         4.21         0.23         1.40         2.58         0.00         0.00
            14    989         4.20         0.27         1.44         2.50         0.00         0.00
            15   1048         4.25         0.24         1.42         2.59         0.00         0.00
            16     39         4.21         0.24         1.35         2.61         0.00         0.00
            17    321         4.25         0.24         1.42         2.59         0.00         0.00
            18   1040         4.17         0.26         1.30         2.61         0.00         0.00
            19    585         3.93         0.26         1.41         2.26         0.00         0.00
            20    189         4.18         0.26         1.45         2.47         0.00         0.00
            21    277         4.34         0.25         1.48         2.61         0.00         0.00
            22   1376         4.18         0.26         1.45         2.47         0.00         0.00
            23    586         4.22         0.26         1.47         2.49         0.00         0.00
            24   1364         4.29         0.28         1.50         2.51         0.00         0.00
            25   1195         4.22         0.26         1.47         2.49         0.00         0.00
            26   1501         4.12         0.27         1.52         2.34         0.00         0.00
            27   1034         3.97         0.25         1.33         2.39         0.00         0.00
            28   1033         4.12         0.27         1.52         2.33         0.00         0.00
            29    500         4.27         0.27         1.39         2.61         0.00         0.00
            30    305         4.21         0.27         1.36         2.58         0.00         0.00
            31   1439         3.96         0.25         1.33         2.38         0.00         0.00
            32   1580         4.18         0.28         1.61         2.29         0.00         0.00
            33   1302         4.32         0.28         1.46         2.58         0.00         0.00
            34   1285         4.46         0.27         1.66         2.53         0.00         0.00
            35   1191         4.06         0.26         1.41         2.38         0.00         0.00
            36    661         3.98         0.26         1.31         2.41         0.00         0.00
            37   1345         4.47         0.27         1.63         2.57         0.00         0.00
            38   1340         4.14         0.27         1.51         2.35         0.00         0.00
            39    262         4.41         0.27         1.69         2.44         0.00         0.00
            40   1365         4.65         0.28         1.75         2.61         0.00         0.00
            41    344         4.55         0.28         1.75         2.53         0.00         0.00
            42    671         4.68         0.27         1.55         2.86         0.00         0.00
            43   1245         4.64         0.32         1.85         2.47         0.00         0.00
            44   1043         4.66         0.28         1.80         2.59         0.00         0.00
            45    108         4.39         0.30         1.59         2.51         0.00         0.00
            46   1318         4.63         0.30         1.85         2.48         0.00         0.00
            47   1600         4.66         0.28         1.81         2.58         0.00         0.00
            48   1363         4.68         0.31         1.63         2.74         0.00         0.00
            49   1054         4.81         0.29         1.67         2.86         0.00         0.00
            50   1039         4.78         0.28         1.64         2.86         0.00         0.00
            51    201         4.79         0.30         1.94         2.55         0.00         0.00
            52    113         4.93         0.30         1.77         2.86         0.00         0.00
            53    337         4.63         0.30         1.85         2.48         0.00         0.00
            54   1500         4.39         0.31         1.75         2.33         0.00         0.00
            55    670         4.76         0.31         1.69         2.76         0.00         0.00
            56    821         4.60         0.32         1.90         2.38         0.00         0.00
            57    707         4.50         0.31         1.72         2.48         0.00         0.00
            58    603         4.78         0.31         1.73         2.74         0.00         0.00
            59   1591         4.55         0.31         1.81         2.43         0.00         0.00
            60    513         4.87         0.32         1.79         2.76         0.00         0.00
            61   1630         4.47         0.30         1.80         2.36         0.00         0.00
            62   1329         4.89         0.31         2.00         2.58         0.00         0.00
            63    295         4.87         0.31         1.87         2.68         0.00         0.00
            64    702         4.73         0.32         1.93         2.47         0.00         0.00
            65   1568         4.97         0.32         2.00         2.66         0.00         0.00
            66    574         4.87         0.32         2.04         2.52         0.00         0.00
            67      2         5.06         0.32         2.06         2.68         0.00         0.00
            68    320         4.96         0.32         2.15         2.50         0.00         0.00
            69    187         5.05         0.35         2.15         2.55         0.00         0.00
            70     17         5.20         0.33         2.22         2.64         0.00         0.00
            71    197         4.81         0.35         2.05         2.41         0.00         0.00
            72   1503         4.39         0.30         1.68         2.41         0.00         0.00
            73     96         5.29         0.36         2.35         2.59         0.00         0.00
            74    327         5.14         0.36         2.22         2.56         0.00         0.00
            75    265         4.96         0.24         1.60         3.12         0.00         0.00
            76    347         5.67         0.27         1.79         3.60         0.00         0.00
            77    575         6.29         0.22         1.38         4.68         0.00         0.00
            78    276         6.26         0.25         1.66         4.35         0.00         0.00
            79    638         5.06         0.29         2.16         2.60         0.00         0.00
            80    840         6.13         0.27         1.64         4.22         0.00         0.00
            81   1547         5.65         0.29         1.68         3.67         0.00         0.00
            82    481         6.17         0.27         1.62         4.28         0.00         0.00
            83    994         6.25         0.28         1.80         4.17         0.00         0.00
            84    298         6.35         0.29         2.25         3.82         0.00         0.00
            85    958         6.23         0.28         1.59         4.36         0.00         0.00
            86   1316         6.13         0.27         1.61         4.24         0.00         0.00
            87    342         6.34         0.29         2.14         3.91         0.00         0.00
            88    284         6.25         0.28         1.67         4.30         0.00         0.00
            89   1611         6.16         0.27         1.66         4.22         0.00         0.00
            90    376         6.18         0.28         1.68         4.21         0.00         0.00
            91    629         5.68         0.29         1.64         3.75         0.00         0.00
            92    901         5.82         0.28         1.91         3.63         0.00         0.00
            93    292         6.11         0.31         2.00         3.81         0.00         0.00
            94    859         5.43         0.28         1.78         3.37         0.00         0.00
            95   1536         6.73         0.30         1.94         4.49         0.00         0.00
            96    199         5.45         0.28         1.83         3.35         0.00         0.00
            97   1589         5.68         0.29         1.94         3.45         0.00         0.00
            98   1337         6.69         0.28         1.95         4.46         0.00         0.00
            99   1010         6.67         0.28         1.92         4.47         0.00         0.00
           100   1531         6.68         0.29         1.89         4.50         0.00         0.00
           101    606         6.64         0.31         1.95         4.38         0.00         0.00
           102   1215         6.67         0.28         1.88         4.51         0.00         0.00
           103   1002         6.79         0.30         1.94         4.56         0.00         0.00
           104    267         6.76         0.29         1.88         4.59         0.00         0.00
           105    648         5.53         0.33         2.32         2.87         0.00         0.00
           106      4         6.78         0.26         1.61         4.91         0.00         0.00
           107   1321         6.78         0.32         2.40         4.06         0.00         0.00
           108    560         6.69         0.31         1.94         4.44         0.00         0.00
           109   1623         6.33         0.31         2.08         3.93         0.00         0.00
           110    293         6.76         0.29         1.90         4.57         0.00         0.00
           111    701         6.48         0.31         2.15         4.03         0.00         0.00
           112   1593         6.75         0.32         2.02         4.41         0.00         0.00
           113   1594         6.78         0.33         2.07         4.38         0.00         0.00
           114   1022         6.47         0.30         1.80         4.36         0.00         0.00
           115   1261         6.73         0.32         1.94         4.47         0.00         0.00
           116   1633         5.46         0.28         1.83         3.35         0.00         0.00
           117   1019         6.90         0.29         1.99         4.61         0.00         0.00
           118    221         6.75         0.32         2.05         4.38         0.00         0.00
           119    309         5.55         0.33         2.39         2.83         0.00         0.00
           120    335         6.27         0.30         2.36         3.61         0.00         0.00
           121   1353         6.86         0.32         1.97         4.57         0.00         0.00
           122    602         6.64         0.31         1.95         4.38         0.00         0.00
           123    600         6.82         0.32         1.99         4.51         0.00         0.00
           124    274         6.99         0.30         1.91         4.78         0.00         0.00
           125   1016         6.29         0.31         2.12         3.86         0.00         0.00
           126    696         6.43         0.30         1.84         4.29         0.00         0.00
           127    664         5.84         0.32         2.13         3.39         0.00         0.00
           128   1548         6.77         0.33         2.34         4.10         0.00         0.00
           129   1332         6.84         0.32         2.00         4.52         0.00         0.00
          ------------------------------------------------------------------------------------------

          Calculating single reference conformer RMSDs ...

          ---------------------------------
          Conformer RMSDs are in Angstroms.
          ---------------------------------

          ------------------------------------------------------------------------------------------
                              RMSD wrt Input Crd                    RMSD wrt Rank 1
                         ---------------------------------------------------------------------------
          Rank    ID        Complex    Receptor  Ligand          Complex    Receptor  Ligand
          ------------------------------------------------------------------------------------------
             1   1424                             1.266                               0.000
             2   1448                             1.014                               1.083
             3     58                             0.177                               1.190
             4   1236                             1.884                               0.599
             5    231                             1.842                               0.595
             6    625                             0.682                               1.030
             7   1296                             1.754                               1.066
             8    987                             2.041                               1.049
             9   1134                             1.913                               0.636
            10   1561                             1.785                               0.620
            11   1562                             0.999                               1.306
            12   1606                             0.872                               1.076
            13    905                             0.609                               1.621
            14    989                             1.001                               1.866
            15   1048                             0.655                               1.495
            16     39                             0.952                               1.968
            17    321                             0.571                               2.294
            18   1040                             2.058                               0.968
            19    585                             1.733                               2.079
            20    189                             1.869                               1.684
            21    277                             1.159                               0.952
            22   1376                             1.045                               1.728
            23    586                             1.609                               1.564
            24   1364                             2.086                               1.614
            25   1195                             1.766                               1.638
            26   1501                             1.612                               1.025
            27   1034                             1.797                               1.317
            28   1033                             2.344                               1.540
            29    500                             1.752                               0.631
            30    305                             1.875                               1.081
            31   1439                             1.749                               1.636
            32   1580                             1.578                               1.520
            33   1302                             0.942                               0.628
            34   1285                             2.255                               1.966
            35   1191                             1.673                               0.634
            36    661                             1.596                               1.621
            37   1345                             1.269                               1.532
            38   1340                             2.330                               2.015
            39    262                             1.934                               1.840
            40   1365                             1.222                               2.393
            41    344                             0.642                               1.688
            42    671                             1.112                               1.382
            43   1245                             1.743                               2.206
            44   1043                             1.721                               1.544
            45    108                             2.273                               1.763
            46   1318                             1.694                               1.853
            47   1600                             0.938                               2.218
            48   1363                             2.203                               1.775
            49   1054                             1.682                               1.017
            50   1039                             0.635                               1.372
            51    201                             1.803                               1.368
            52    113                             0.863                               0.736
            53    337                             2.041                               1.840
            54   1500                             1.773                               1.884
            55    670                             2.168                               1.838
            56    821                             1.397                               1.759
            57    707                             1.624                               1.337
            58    603                             0.773                               1.391
            59   1591                             2.007                               1.816
            60    513                             1.340                               0.767
            61   1630                             1.693                               0.930
            62   1329                             1.720                               2.174
            63    295                             1.812                               1.871
            64    702                             2.397                               1.163
            65   1568                             1.552                               1.638
            66    574                             2.074                               1.858
            67      2                             1.280                               1.966
            68    320                             1.103                               1.624
            69    187                             1.350                               2.060
            70     17                             1.605                               1.392
            71    197                             1.881                               1.722
            72   1503                             2.505                               1.610
            73     96                             1.835                               1.937
            74    327                             2.387                               1.916
            75    265                             1.690                               1.256
            76    347                             2.412                               1.878
            77    575                             1.197                               1.766
            78    276                             1.333                               1.154
            79    638                             1.196                               1.666
            80    840                             1.649                               1.045
            81   1547                             2.162                               1.972
            82    481                             1.612                               2.240
            83    994                             1.419                               1.193
            84    298                             1.917                               2.168
            85    958                             2.071                               2.110
            86   1316                             2.099                               1.227
            87    342                             2.490                               2.127
            88    284                             1.411                               2.021
            89   1611                             2.521                               1.171
            90    376                             2.149                               1.772
            91    629                             1.933                               2.222
            92    901                             2.395                               1.947
            93    292                             1.878                               1.764
            94    859                             1.533                               1.092
            95   1536                             2.196                               1.999
            96    199                             1.896                               1.731
            97   1589                             1.623                               0.699
            98   1337                             1.129                               2.426
            99   1010                             2.057                               1.639
           100   1531                             0.999                               2.091
           101    606                             1.728                               1.765
           102   1215                             1.965                               1.941
           103   1002                             1.287                               1.400
           104    267                             2.032                               1.399
           105    648                             1.834                               1.294
           106      4                             1.841                               2.118
           107   1321                             1.909                               1.792
           108    560                             1.370                               1.919
           109   1623                             2.350                               1.707
           110    293                             1.237                               2.011
           111    701                             2.570                               1.982
           112   1593                             2.526                               1.514
           113   1594                             1.589                               1.762
           114   1022                             1.829                               1.010
           115   1261                             1.658                               2.013
           116   1633                             2.073                               2.375
           117   1019                             2.038                               2.022
           118    221                             1.976                               1.478
           119    309                             1.524                               1.558
           120    335                             1.591                               1.287
           121   1353                             1.615                               1.782
           122    602                             1.787                               1.706
           123    600                             1.802                               1.197
           124    274                             1.408                               1.528
           125   1016                             1.978                               1.811
           126    696                             1.999                               1.625
           127    664                             1.737                               1.829
           128   1548                             1.890                               2.534
           129   1332                             1.680                               1.407
          ------------------------------------------------------------------------------------------

          --------------------------------
          Final Boltzmann Averaged Data.
          --------------------------------

          -------------------------------------------------------------------
          Results of Boltzmann Averaging Over All  221 Conformers (kcal/mol).
          -------------------------------------------------------------------

          Free Energy                        G              32.3519304771
          Average Potential Energy         < E >            -2.9039827111
          Entropy                           -TS             35.2559131882
          -------------------------------------------------------------------

          Average Potential Energy < E > Components.

          < U >                    25.0334627496
          < W(PBSA) >             -52.0817776322
          < H.O. P.E. >            24.1445583504

          Average Solvation Energy < W(PBSA) > Components.

          < PB >                  -54.5949407255
          < SA >                    2.5131630933

          Average Gas Phase Internal Potential Energy < U > Components.

          < Valence >               4.0075938060
          < Coulomb >              19.8635021867
          < VdW >                   1.1623667569

          Average Van der Waals Energy < VdW > Components.

          < VdW6  >                -9.0232533408
          < VdW12 >                10.1856200977

          Average Bonded Energy < Valence > Components.

          < Bond >                  0.2447132853
          < Angle >                 1.3408658242
          < Pdihed >                2.4220146964
          < Idihed >                0.0000000000
          < Tether >                0.0000000000

          -------------------------------------------------------------------
                        End of VM2 Calculation Results Summary.
          -------------------------------------------------------------------


     Total cpu time for run         44.52 seconds.
                                     0.74 minutes.

     Total wall time for run        44.86 seconds.
                                     0.75 minutes.

     TIME STAMP: VCPack job finished normally : Sunday, August 07, 2022 at 12:04:37
