
     --------------------------------------------------------------------------------
                        Running Program VCPack. Version 2.8

                           VeraChem LLC, PO Box 2206
                           Germantown, MD 20875, U.S.A.

                                Tel. 240-686-0565
                                www.verachem.com
     --------------------------------------------------------------------------------


     Input file          :   CD_guest-3_fast_vm2_rndm.inp

     Output file         :   CD_guest-3_fast_vm2_rndm.out

     Summary output file :   CD_guest-3_fast_vm2_rndm.summary.out

     Executable : /data/comblab/vcCompChem_3b/exe/VC_CompChemPackage_mpi_openmp.exe

     Build date : Aug 13 2021  17:26:49

     This is a multiple processor run.

     MPI processes              :   16
     OpenMP threads per process :   16
     CUDA enabled               :  no

     TIME STAMP: VCPack job started : Sunday, August 07, 2022 at 13:03:52

     --------------------------------------------------------------------------------
                            Basic Calculation Control.
     --------------------------------------------------------------------------------

     Molecular system type                :  host+ligand     

     Calculation type                     :  feprocess       

     Energy potential                     :  mm              

     Post-processing type                 :  none            

     Post-processing energy potential     :  none            

     Time limit in wall clock hours       :  96.00

     Type of conformers to read in        :  ligand  
     Conformer source files(s)            :  guest-3_confgen4.xyz                              

     Use input .crd for complex build     :  no
     Place ligand confs. at input .crd    :  byconfscog
     Use input .crd as start conformer    :  yes

     Formatted output files               :  xyz     
                                          :  pdb     
                                          :  mol2    
                                          :  sdf     
                                          :  xyz     
                                          :  gms     
                                          :  csv     

     Split formatted output files         :  crd     

     Limit conformers in formatted files  :  bycount
     Maximum conformer count              :  1000

     Atoms to include in formatted files  :  all     

     Binary file restart type             :  none


     --------------------------------------------------------------------------------
                            Math Related Control and Set Up.
     --------------------------------------------------------------------------------

     Random number generator seeds :  bywallclock

     Seed 1 :           3437505
     Seed 2 :             69753
     Seed 3 :               359
     Seed 4 :               785


     --------------------------------------------------------------------------------
                            Basic Molecular System Set Up.
     --------------------------------------------------------------------------------

     ----------------
     Host Data Files.
     ----------------

     Standard crd coordinate file            :  CD.crd
     VeraChem topology file                  :  CD.top
     Standard mol/sdf file                   :  CD.mol

     Total number of host atoms              :       126

     ------------------
     Ligand Data Files.
     ------------------

     Standard crd coordinate file            :  guest-3.crd
     VeraChem topology file                  :  guest-3.top
     Standard mol/sdf file                   :  guest-3.mol

     Total number of ligand atoms            :        29

     Included in this calculation.
     Number of real and live ligand atoms    :        29
     Number of real but fixed ligand atoms   :         0

     Ligand placement method                 :  byreceptorcog

     NOTE: The placement of the ligand redefines the ligand .crd input coordinates.

     Snap ligand to template atoms           :      no

     -------------------------------
     Final Real/Live Set Atom Count.
     -------------------------------

     Total number of real atoms              :       155
     Total number of live atoms              :       155


     --------------------------------------------------------------------------------
                            Generate Initial Molecular Conformations.
     --------------------------------------------------------------------------------

     Conf. Type Read In      File Format       No. of Confs. Read In 
             ligand             xyz                1000

     Mandatory input crd file(s) used for generation of 1 additional conformer.

     From these the total number of starting conformers generated :  1000


     --------------------------------------------------------------------------------
                             Energy Potential Settings.
     --------------------------------------------------------------------------------


     Molecular Mechanics package          :  vchem           

     Quantum Mechanics package            :  none            


     --------------------------------------------------------------------------------
                       Running VfreeE Module. Version 2.8
     --------------------------------------------------------------------------------

          --------------------------------
          Final Individual Conformer Data.
          --------------------------------

          List data for conformers with probability of at least :  0.01 %
          Rankings are with respect to : Free Energy (G)

          ------------------------
          Free Energy: G = E - TS
          ------------------------

          ------------------------------------------------------------------------------------------
          Rank    ID     ln(Zx)    Prob(%)  Sum Prob(%)  Del G        G            E            -TS
          ------------------------------------------------------------------------------------------
             1    744  -1281.12419   43.46    43.46      0.00       583.81       376.08       207.73
             2     26  -1281.82915   21.48    64.94      0.42       584.23       373.59       210.64
             3    531  -1282.71341    8.87    73.81      0.95       584.76       377.74       207.02
             4    554  -1282.97717    6.81    80.63      1.10       584.91       374.34       210.58
             5    921  -1283.13433    5.82    86.45      1.20       585.01       378.00       207.00
             6    561  -1283.26948    5.09    91.54      1.28       585.09       378.33       206.76
             7    390  -1284.91620    0.98    92.52      2.26       586.07       378.56       207.51
             8    721  -1285.26568    0.69    93.21      2.47       586.28       380.48       205.80
             9    505  -1285.35772    0.63    93.84      2.52       586.33       378.66       207.67
            10      1  -1285.43387    0.58    94.42      2.57       586.38       378.82       207.56
            11    869  -1285.44737    0.58    95.00      2.58       586.39       377.80       208.59
            12    201  -1285.47957    0.56    95.55      2.60       586.41       378.21       208.20
            13    801  -1285.49453    0.55    96.10      2.61       586.42       377.34       209.08
            14    606  -1285.86036    0.38    96.49      2.82       586.63       379.09       207.55
            15    821  -1285.96890    0.34    96.83      2.89       586.70       379.11       207.59
            16    701  -1286.17822    0.28    97.11      3.01       586.82       380.24       206.59
            17    914  -1286.24017    0.26    97.37      3.05       586.86       375.70       211.16
            18    221  -1286.28711    0.25    97.62      3.08       586.89       380.42       206.47
            19    681  -1286.48601    0.20    97.82      3.20       587.01       378.39       208.61
            20    924  -1286.52133    0.20    98.02      3.22       587.03       378.98       208.05
            21    884  -1286.53841    0.19    98.21      3.23       587.04       380.37       206.67
            22    476  -1286.96461    0.13    98.34      3.48       587.29       377.69       209.60
            23    391  -1286.98133    0.12    98.46      3.49       587.30       379.52       207.78
            24    765  -1287.07238    0.11    98.57      3.55       587.36       379.82       207.54
            25    463  -1287.25039    0.09    98.67      3.65       587.46       379.46       208.00
            26    703  -1287.29992    0.09    98.76      3.68       587.49       378.94       208.55
            27    942  -1287.30447    0.09    98.85      3.68       587.49       378.48       209.01
            28    542  -1287.35951    0.09    98.93      3.72       587.53       379.76       207.77
            29    185  -1287.37894    0.08    99.02      3.73       587.54       380.35       207.19
            30    321  -1287.52555    0.07    99.09      3.82       587.63       380.65       206.97
            31      6  -1287.53179    0.07    99.16      3.82       587.63       377.70       209.93
            32    886  -1287.87461    0.05    99.21      4.02       587.83       378.58       209.26
            33    423  -1287.88777    0.05    99.26      4.03       587.84       378.67       209.17
            34    909  -1287.90195    0.05    99.31      4.04       587.85       379.30       208.55
            35    142  -1287.91352    0.05    99.36      4.05       587.86       378.64       209.22
            36    501  -1288.03112    0.04    99.40      4.12       587.93       379.31       208.62
            37    970  -1288.09834    0.04    99.44      4.16       587.97       379.89       208.07
            38    446  -1288.10376    0.04    99.49      4.16       587.97       376.62       211.35
            39    271  -1288.13688    0.04    99.52      4.18       587.99       380.01       207.99
            40    651  -1288.14635    0.04    99.56      4.19       588.00       380.92       207.08
            41    170  -1288.22172    0.04    99.60      4.23       588.04       381.63       206.41
            42    964  -1288.56778    0.03    99.62      4.44       588.25       380.73       207.52
            43    384  -1288.57709    0.03    99.65      4.44       588.25       381.71       206.54
            44    388  -1288.72626    0.02    99.67      4.53       588.34       378.67       209.67
            45    876  -1288.85161    0.02    99.69      4.61       588.42       379.84       208.58
            46    311  -1288.93371    0.02    99.71      4.66       588.47       380.70       207.77
            47    205  -1288.95671    0.02    99.73      4.67       588.48       380.51       207.97
            48    782  -1288.99607    0.02    99.74      4.69       588.50       380.96       207.55
            49    587  -1289.06283    0.02    99.76      4.73       588.54       381.25       207.29
            50    363  -1289.25147    0.01    99.77      4.85       588.66       380.60       208.06
            51    268  -1289.29143    0.01    99.78      4.87       588.68       377.98       210.70
            52    436  -1289.40927    0.01    99.79      4.94       588.75       377.67       211.08
            53    434  -1289.46932    0.01    99.80      4.98       588.79       377.61       211.18
          ------------------------------------------------------------------------------------------

          --------------------------------------------------------
          Potential Energy: E = (U+W) + H.O. Equipartion energy
          --------------------------------------------------------

          ------------------------------------------------------------------------------------------
          Rank    ID         E          U+W            U        W(PBSA)          PB           SA
          ------------------------------------------------------------------------------------------
             1    744       376.08       239.26       320.21       -80.95       -87.10         6.14
             2     26       373.59       236.78       320.15       -83.38       -89.60         6.22
             3    531       377.74       240.92       324.33       -83.40       -89.64         6.24
             4    554       374.34       237.52       323.56       -86.04       -92.23         6.19
             5    921       378.00       241.19       331.42       -90.24       -96.48         6.25
             6    561       378.33       241.51       330.26       -88.75       -94.98         6.23
             7    390       378.56       241.74       331.68       -89.94       -96.14         6.19
             8    721       380.48       243.66       335.65       -91.99       -98.20         6.21
             9    505       378.66       241.84       334.48       -92.64       -98.81         6.17
            10      1       378.82       242.00       326.90       -84.90       -91.13         6.23
            11    869       377.80       240.98       332.67       -91.69       -97.93         6.24
            12    201       378.21       241.39       326.68       -85.29       -91.52         6.23
            13    801       377.34       240.52       325.24       -84.72       -90.91         6.19
            14    606       379.09       242.27       333.82       -91.56       -97.71         6.16
            15    821       379.11       242.29       324.62       -82.33       -88.47         6.13
            16    701       380.24       243.42       335.60       -92.18       -98.38         6.20
            17    914       375.70       238.88       324.61       -85.73       -91.87         6.14
            18    221       380.42       243.60       331.59       -87.99       -94.20         6.21
            19    681       378.39       241.57       322.05       -80.47       -86.57         6.10
            20    924       378.98       242.16       323.15       -80.99       -87.11         6.12
            21    884       380.37       243.55       333.12       -89.57       -95.77         6.20
            22    476       377.69       240.87       323.74       -82.87       -89.01         6.14
            23    391       379.52       242.70       334.01       -91.31       -97.47         6.15
            24    765       379.82       243.00       333.10       -90.10       -96.35         6.26
            25    463       379.46       242.64       325.75       -83.10       -89.31         6.21
            26    703       378.94       242.12       325.04       -82.92       -89.17         6.25
            27    942       378.48       241.66       333.68       -92.01       -98.23         6.22
            28    542       379.76       242.94       336.33       -93.39       -99.54         6.14
            29    185       380.35       243.53       337.81       -94.28      -100.44         6.16
            30    321       380.65       243.83       330.72       -86.89       -93.19         6.30
            31      6       377.70       240.88       325.18       -84.30       -90.44         6.15
            32    886       378.58       241.76       322.76       -81.00       -87.15         6.14
            33    423       378.67       241.85       327.58       -85.73       -91.87         6.14
            34    909       379.30       242.48       341.56       -99.08      -105.20         6.13
            35    142       378.64       241.82       333.59       -91.78       -97.93         6.15
            36    501       379.31       242.49       327.14       -84.65       -90.93         6.28
            37    970       379.89       243.08       333.25       -90.18       -96.37         6.20
            38    446       376.62       239.81       323.09       -83.29       -89.42         6.13
            39    271       380.01       243.19       327.55       -84.37       -90.50         6.14
            40    651       380.92       244.10       335.68       -91.57       -97.75         6.17
            41    170       381.63       244.81       336.58       -91.77       -97.93         6.17
            42    964       380.73       243.91       328.13       -84.22       -90.33         6.11
            43    384       381.71       244.89       333.38       -88.49       -94.67         6.19
            44    388       378.67       241.85       326.74       -84.89       -91.04         6.15
            45    876       379.84       243.02       332.40       -89.38       -95.54         6.16
            46    311       380.70       243.88       336.71       -92.83       -98.95         6.12
            47    205       380.51       243.69       326.74       -83.05       -89.20         6.15
            48    782       380.96       244.14       336.31       -92.18       -98.30         6.13
            49    587       381.25       244.43       330.87       -86.44       -92.48         6.04
            50    363       380.60       243.78       328.75       -84.97       -91.15         6.19
            51    268       377.98       241.17       325.09       -83.92       -90.01         6.10
            52    436       377.67       240.85       321.07       -80.22       -86.37         6.15
            53    434       377.61       240.79       329.20       -88.41       -94.56         6.15
          ------------------------------------------------------------------------------------------

          ----------------------------------------
          Gas Phase Internal Potential Energy: U
          ----------------------------------------

          ------------------------------------------------------------------------------------------
          Rank    ID         U         Valence     Coulomb        VdW         VdW6        VdW12
          ------------------------------------------------------------------------------------------
             1    744       320.21       148.05       199.76       -27.59      -184.29       156.71
             2     26       320.15       147.21       199.85       -26.91      -188.06       161.15
             3    531       324.33       146.43       205.00       -27.10      -182.85       155.74
             4    554       323.56       148.25       203.24       -27.93      -190.23       162.30
             5    921       331.42       147.86       210.44       -26.88      -182.19       155.31
             6    561       330.26       147.83       209.78       -27.34      -182.66       155.32
             7    390       331.68       147.59       211.86       -27.77      -185.39       157.62
             8    721       335.65       149.45       214.85       -28.65      -183.16       154.51
             9    505       334.48       147.69       215.75       -28.96      -185.40       156.44
            10      1       326.90       147.30       206.21       -26.61      -184.27       157.66
            11    869       332.67       149.07       211.25       -27.65      -186.55       158.89
            12    201       326.68       150.75       203.75       -27.83      -186.01       158.18
            13    801       325.24       149.00       202.85       -26.61      -186.38       159.77
            14    606       333.82       147.78       215.05       -29.01      -185.58       156.58
            15    821       324.62       150.94       201.64       -27.96      -185.30       157.33
            16    701       335.60       149.27       214.41       -28.08      -182.79       154.71
            17    914       324.61       149.19       203.40       -27.99      -191.40       163.42
            18    221       331.59       149.33       210.09       -27.82      -183.34       155.51
            19    681       322.05       150.82       199.97       -28.74      -186.62       157.88
            20    924       323.15       150.54       199.94       -27.34      -183.37       156.03
            21    884       333.12       148.09       212.05       -27.01      -183.13       156.11
            22    476       323.74       148.14       204.58       -28.98      -191.42       162.44
            23    391       334.01       148.67       214.06       -28.71      -186.39       157.68
            24    765       333.10       146.86       214.15       -27.91      -185.54       157.63
            25    463       325.75       148.16       204.80       -27.21      -185.86       158.65
            26    703       325.04       148.07       202.53       -25.56      -184.89       159.33
            27    942       333.68       148.82       213.95       -29.10      -188.45       159.35
            28    542       336.33       151.14       215.76       -30.57      -189.12       158.55
            29    185       337.81       148.41       218.68       -29.28      -185.12       155.84
            30    321       330.72       147.48       209.98       -26.75      -182.28       155.53
            31      6       325.18       150.04       203.06       -27.92      -190.55       162.62
            32    886       322.76       151.76       200.22       -29.22      -189.54       160.32
            33    423       327.58       147.85       206.37       -26.64      -185.52       158.88
            34    909       341.56       147.31       224.47       -30.22      -189.18       158.96
            35    142       333.59       148.75       213.94       -29.09      -188.49       159.39
            36    501       327.14       147.61       205.04       -25.51      -184.23       158.72
            37    970       333.25       147.65       213.24       -27.64      -184.28       156.64
            38    446       323.09       148.42       203.13       -28.46      -194.33       165.87
            39    271       327.55       148.00       205.25       -25.71      -185.15       159.45
            40    651       335.68       149.01       214.63       -27.97      -183.96       155.99
            41    170       336.58       149.92       214.43       -27.77      -184.09       156.31
            42    964       328.13       147.90       207.77       -27.54      -185.04       157.50
            43    384       333.38       147.79       213.01       -27.42      -182.80       155.38
            44    388       326.74       148.75       206.70       -28.71      -190.90       162.19
            45    876       332.40       148.86       212.81       -29.27      -188.30       159.04
            46    311       336.71       149.82       216.22       -29.33      -184.68       155.35
            47    205       326.74       148.92       205.81       -27.98      -186.61       158.63
            48    782       336.31       151.63       215.47       -30.78      -189.36       158.58
            49    587       330.87       153.10       209.21       -31.44      -187.49       156.05
            50    363       328.75       148.24       207.27       -26.76      -184.54       157.78
            51    268       325.09       148.80       205.04       -28.76      -192.94       164.19
            52    436       321.07       151.13       198.46       -28.53      -190.60       162.07
            53    434       329.20       149.65       207.81       -28.27      -191.29       163.02
          ------------------------------------------------------------------------------------------

          -------------------------------
          Bonded Energy Terms: Valence
          -------------------------------

          ------------------------------------------------------------------------------------------
          Rank    ID     Valence       Bond        Angle         Pdih         Idih       Tether
          ------------------------------------------------------------------------------------------
             1    744       148.05         4.48        11.45       132.12         0.00         0.00
             2     26       147.21         4.77        11.61       130.83         0.00         0.00
             3    531       146.43         4.66        11.12       130.65         0.00         0.00
             4    554       148.25         4.74        12.00       131.51         0.00         0.00
             5    921       147.86         4.68        11.75       131.43         0.00         0.00
             6    561       147.83         4.59        11.78       131.45         0.00         0.00
             7    390       147.59         4.69        12.41       130.50         0.00         0.00
             8    721       149.45         4.53        11.76       133.16         0.00         0.00
             9    505       147.69         4.64        11.62       131.43         0.00         0.00
            10      1       147.30         4.78        12.24       130.28         0.00         0.00
            11    869       149.07         4.77        12.46       131.84         0.00         0.00
            12    201       150.75         4.67        12.13       133.96         0.00         0.00
            13    801       149.00         4.82        12.12       132.06         0.00         0.00
            14    606       147.78         4.63        12.04       131.11         0.00         0.00
            15    821       150.94         4.68        11.55       134.71         0.00         0.00
            16    701       149.27         4.59        11.62       133.06         0.00         0.00
            17    914       149.19         4.79        12.39       132.01         0.00         0.00
            18    221       149.33         4.64        11.85       132.84         0.00         0.00
            19    681       150.82         4.57        11.21       135.05         0.00         0.00
            20    924       150.54         4.45        10.67       135.42         0.00         0.00
            21    884       148.09         4.71        11.80       131.57         0.00         0.00
            22    476       148.14         4.84        12.45       130.86         0.00         0.00
            23    391       148.67         4.70        12.43       131.54         0.00         0.00
            24    765       146.86         4.70        12.24       129.92         0.00         0.00
            25    463       148.16         4.71        12.28       131.17         0.00         0.00
            26    703       148.07         4.86        12.73       130.49         0.00         0.00
            27    942       148.82         4.74        12.83       131.26         0.00         0.00
            28    542       151.14         4.72        12.45       133.97         0.00         0.00
            29    185       148.41         4.61        11.85       131.94         0.00         0.00
            30    321       147.48         4.65        11.48       131.36         0.00         0.00
            31      6       150.04         4.84        12.26       132.93         0.00         0.00
            32    886       151.76         4.67        12.04       135.06         0.00         0.00
            33    423       147.85         4.68        12.41       130.76         0.00         0.00
            34    909       147.31         4.73        11.88       130.70         0.00         0.00
            35    142       148.75         4.74        12.82       131.19         0.00         0.00
            36    501       147.61         4.82        13.29       129.51         0.00         0.00
            37    970       147.65         4.63        11.80       131.22         0.00         0.00
            38    446       148.42         5.03        13.02       130.37         0.00         0.00
            39    271       148.00         4.82        13.44       129.74         0.00         0.00
            40    651       149.01         4.64        12.27       132.10         0.00         0.00
            41    170       149.92         4.67        11.87       133.39         0.00         0.00
            42    964       147.90         4.69        12.10       131.10         0.00         0.00
            43    384       147.79         4.62        11.72       131.46         0.00         0.00
            44    388       148.75         4.94        12.65       131.16         0.00         0.00
            45    876       148.86         4.73        12.40       131.73         0.00         0.00
            46    311       149.82         4.56        11.39       133.86         0.00         0.00
            47    205       148.92         4.59        11.82       132.50         0.00         0.00
            48    782       151.63         4.71        12.61       134.30         0.00         0.00
            49    587       153.10         4.50        10.95       137.65         0.00         0.00
            50    363       148.24         4.65        12.01       131.57         0.00         0.00
            51    268       148.80         4.84        13.09       130.87         0.00         0.00
            52    436       151.13         4.87        11.92       134.34         0.00         0.00
            53    434       149.65         4.78        12.68       132.20         0.00         0.00
          ------------------------------------------------------------------------------------------

          Calculating single reference conformer RMSDs ...

          ---------------------------------
          Conformer RMSDs are in Angstroms.
          ---------------------------------

          ------------------------------------------------------------------------------------------
                              RMSD wrt Input Crd                    RMSD wrt Rank 1
                         ---------------------------------------------------------------------------
          Rank    ID        Complex    Receptor  Ligand          Complex    Receptor  Ligand
          ------------------------------------------------------------------------------------------
             1    744         1.768     1.378     2.908           0.000     0.000     0.000
             2     26         2.091     2.066     2.197           2.743     2.243     4.285
             3    531         2.036     1.311     3.832           2.532     2.495     2.685
             4    554         1.631     1.379     2.442           2.544     1.500     4.982
             5    921         1.966     1.381     3.519           1.482     1.475     1.510
             6    561         1.579     1.653     1.205           2.399     1.769     4.144
             7    390         1.793     1.623     2.395           2.064     1.483     3.637
             8    721         1.367     1.058     2.263           1.996     2.154     1.068
             9    505         1.868     1.213     3.500           2.655     2.691     2.492
            10      1         2.122     1.461     3.847           1.728     1.476     2.546
            11    869         2.090     1.092     4.262           2.362     2.444     1.968
            12    201         1.728     1.828     1.199           2.187     1.470     4.022
            13    801         1.447     1.105     2.427           2.670     2.113     4.325
            14    606         2.656     2.059     4.394           2.422     2.589     1.493
            15    821         1.468     1.077     2.546           2.487     2.039     3.871
            16    701         1.787     1.368     2.992           1.921     2.004     1.505
            17    914         1.695     1.378     2.666           2.193     0.450     4.983
            18    221         1.963     1.327     3.599           2.167     2.140     2.282
            19    681         1.848     0.923     3.815           2.373     2.210     2.981
            20    924         2.436     1.298     4.940           1.176     0.624     2.388
            21    884         1.913     1.379     3.361           1.508     1.476     1.640
            22    476         1.445     1.250     2.093           2.669     2.473     3.394
            23    391         2.070     1.543     3.544           2.656     2.511     3.209
            24    765         1.670     1.397     2.534           2.440     2.090     3.584
            25    463         2.096     1.430     3.821           1.056     0.504     2.205
            26    703         2.243     1.655     3.870           1.193     0.555     2.503
            27    942         2.462     1.115     5.196           2.206     2.263     1.939
            28    542         2.051     1.457     3.643           2.235     2.244     2.199
            29    185         2.065     1.393     3.789           1.191     0.582     2.473
            30    321         2.000     1.242     3.831           2.657     2.644     2.713
            31      6         1.888     1.833     2.113           2.582     1.478     5.113
            32    886         2.388     1.801     4.050           2.724     2.934     1.508
            33    423         1.368     1.454     0.900           2.161     1.512     3.876
            34    909         2.179     1.854     3.231           2.451     2.191     3.354
            35    142         2.414     1.414     4.740           1.008     0.450     2.135
            36    501         2.018     1.649     3.154           2.223     2.189     2.365
            37    970         1.803     1.561     2.604           2.926     2.767     3.533
            38    446         1.715     1.675     1.880           2.335     1.889     3.692
            39    271         1.962     1.477     3.331           2.537     2.552     2.472
            40    651         1.467     1.079     2.540           2.605     2.375     3.432
            41    170         1.562     1.301     2.385           2.734     2.719     2.795
            42    964         1.986     1.354     3.621           2.114     2.226     1.533
            43    384         1.524     1.378     2.040           0.311     0.331     0.201
            44    388         1.876     1.312     3.365           2.351     2.262     2.706
            45    876         1.841     1.092     3.596           1.906     1.981     1.539
            46    311         1.747     1.250     3.086           1.686     1.709     1.583
            47    205         1.622     1.050     3.045           2.421     2.096     3.500
            48    782         1.911     1.149     3.711           2.108     1.968     2.630
            49    587         2.025     1.262     3.874           1.900     1.646     2.744
            50    363         1.467     1.450     1.536           1.856     1.555     2.811
            51    268         1.827     1.332     3.183           2.461     2.506     2.255
            52    436         1.764     1.258     3.124           2.589     2.702     2.027
            53    434         1.697     1.382     2.661           2.196     0.459     4.985
          ------------------------------------------------------------------------------------------

          --------------------------------
          Final Boltzmann Averaged Data.
          --------------------------------

          -------------------------------------------------------------------
          Results of Boltzmann Averaging Over All  498 Conformers (kcal/mol).
          -------------------------------------------------------------------

          Free Energy                        G             583.3135466191
          Average Potential Energy         < E >           376.0404033025
          Entropy                           -TS            207.2731433166
          -------------------------------------------------------------------

          Average Potential Energy < E > Components.

          < U >                   322.8094827973
          < W(PBSA) >             -83.5879375549
          < H.O. P.E. >           136.8191639853

          Average Solvation Energy < W(PBSA) > Components.

          < PB >                  -89.7751549783
          < SA >                    6.1872174233

          Average Gas Phase Internal Potential Energy < U > Components.

          < Valence >             147.7828347805
          < Coulomb >             202.4268773133
          < VdW >                 -27.4002292964

          Average Van der Waals Energy < VdW > Components.

          < VdW6  >              -185.2907403785
          < VdW12 >               157.8905110821

          Average Bonded Energy < Valence > Components.

          < Bond >                  4.6121460136
          < Angle >                11.5779347126
          < Pdihed >              131.5927540543
          < Idihed >                0.0000000000
          < Tether >                0.0000000000

          -------------------------------------------------------------------
                        End of feprocess Calculation Results Summary.
          -------------------------------------------------------------------


     Total cpu time for run       4296.79 seconds.
                                    71.61 minutes.

     Total wall time for run      2159.61 seconds.
                                    35.99 minutes.

     TIME STAMP: VCPack job finished normally : Sunday, August 07, 2022 at 13:39:51
