
     --------------------------------------------------------------------------------
                        Running Program VCPack. Version 2.8

                           VeraChem LLC, PO Box 2206
                           Germantown, MD 20875, U.S.A.

                                Tel. 240-686-0565
                                www.verachem.com
     --------------------------------------------------------------------------------


     Input file          :   guest-s9_vm2.inp

     Output file         :   guest-s9_vm2.out

     Summary output file :   guest-s9_vm2.summary.out

     Executable : /data/comblab/vcCompChem_3b/exe/VC_CompChemPackage_mpi.exe

     Build date : Aug 13 2021  17:26:14

     This is a multiple processor run.

     MPI processes              :   16
     OpenMP threads per process :    0
     CUDA enabled               :  no

     TIME STAMP: VCPack job started : Sunday, August 07, 2022 at 12:06:11

     --------------------------------------------------------------------------------
                            Basic Calculation Control.
     --------------------------------------------------------------------------------

     Molecular system type                :  ligand          

     Calculation type                     :  vm2             

     Energy potential                     :  mm              

     Post-processing type                 :  none            

     Post-processing energy potential     :  none            

     Time limit in wall clock hours       :  96.00

     Read in starting conformers          :  no
     Type of conformers to read in        :  none
     Conformer source files(s)            :  none

     Use input .crd for complex build     :  no
     Place ligand confs. at input .crd    :  no
     Use input .crd as start conformer    :  yes

     Formatted output files               :  xyz     
                                          :  pdb     
                                          :  mol2    
                                          :  sdf     
                                          :  xyz     
                                          :  gms     
                                          :  csv     

     Split formatted output files         :  crd     

     Limit conformers in formatted files  :  bycount
     Maximum conformer count              :  1000

     Atoms to include in formatted files  :  all     

     Binary file restart type             :  none


     --------------------------------------------------------------------------------
                            Math Related Control and Set Up.
     --------------------------------------------------------------------------------

     Random number generator seeds :  bywallclock

     Seed 1 :           8832056
     Seed 2 :            559853
     Seed 3 :               498
     Seed 4 :             25745


     --------------------------------------------------------------------------------
                            Basic Molecular System Set Up.
     --------------------------------------------------------------------------------

     ------------------
     Ligand Data Files.
     ------------------

     Standard crd coordinate file            :  guest-s9.crd
     VeraChem topology file                  :  guest-s9.top
     Standard mol/sdf file                   :  guest-s9.mol

     Total number of ligand atoms            :        20

     Included in this calculation.
     Number of real and live ligand atoms    :        20
     Number of real but fixed ligand atoms   :         0

     Ligand placement method                 :  none

     Snap ligand to template atoms           :      no

     -------------------------------
     Final Real/Live Set Atom Count.
     -------------------------------

     Total number of real atoms              :        20
     Total number of live atoms              :        20


     --------------------------------------------------------------------------------
                            Generate Initial Molecular Conformation.
     --------------------------------------------------------------------------------

     Mandatory input crd file(s) used for generation of a single starting conformer.


     --------------------------------------------------------------------------------
                             Energy Potential Settings.
     --------------------------------------------------------------------------------


     Molecular Mechanics package          :  vchem           

     Quantum Mechanics package            :  none            


     --------------------------------------------------------------------------------
                    Running VM2 Mining Minima Module. Version 2.8
     --------------------------------------------------------------------------------

     Iteration    Free Energy G             G Diff            # Conformers     # Diff
        1            52.800052              52.800052              20              20
        2            52.752282              -0.047770              25               5
        3            52.752108              -0.000174              26               1
        4            52.751647              -0.000461              26               0

     VM2 Free Energy converged after    4 iterations.

     Final VM2 Free Energy is      52.751647 Kcal/mol.

          --------------------------------
          Final Individual Conformer Data.
          --------------------------------

          List data for conformers with probability of at least :  0.01 %
          Rankings are with respect to : Free Energy (G)

          ------------------------
          Free Energy: G = E - TS
          ------------------------

          ------------------------------------------------------------------------------------------
          Rank    ID     ln(Zx)    Prob(%)  Sum Prob(%)  Del G        G            E            -TS
          ------------------------------------------------------------------------------------------
             1    167   -124.55146   13.71    13.71      0.00        53.94        31.43        22.50
             2    212   -124.79917   10.70    24.41      0.15        54.08        31.41        22.67
             3      2   -124.94960    9.20    33.61      0.24        54.17        31.50        22.67
             4    113   -125.16930    7.39    41.00      0.37        54.30        31.71        22.60
             5     34   -125.17769    7.33    48.33      0.37        54.31        31.71        22.60
             6    109   -125.23163    6.94    55.27      0.41        54.34        31.75        22.59
             7    116   -125.29936    6.49    61.76      0.45        54.38        31.79        22.59
             8    303   -125.49165    5.35    67.11      0.56        54.50        31.68        22.81
             9    228   -125.52202    5.19    72.30      0.58        54.52        31.70        22.81
            10    250   -125.61044    4.75    77.06      0.63        54.57        31.81        22.76
            11    292   -125.61138    4.75    81.81      0.63        54.57        31.81        22.76
            12    143   -125.64435    4.60    86.40      0.65        54.59        31.82        22.77
            13    108   -125.72519    4.24    90.64      0.70        54.64        31.87        22.77
            14     92   -126.33465    2.30    92.94      1.06        55.00        32.23        22.77
            15    297   -126.50771    1.94    94.88      1.17        55.10        32.33        22.77
            16    294   -126.71352    1.58    96.46      1.29        55.23        32.22        23.01
            17    183   -126.71506    1.58    98.03      1.29        55.23        32.22        23.01
            18    253   -127.58002    0.66    98.70      1.81        55.74        33.20        22.54
            19    274   -127.68561    0.60    99.29      1.87        55.80        33.26        22.54
            20    283   -128.73677    0.21    99.50      2.50        56.43        33.22        23.21
            21    272   -128.88983    0.18    99.68      2.59        56.52        33.31        23.21
            22    220   -129.60944    0.09    99.77      3.02        56.95        34.18        22.78
            23     59   -129.70694    0.08    99.85      3.07        57.01        34.23        22.78
            24     56   -129.71898    0.08    99.93      3.08        57.02        34.32        22.70
            25      5   -129.82540    0.07   100.00      3.14        57.08        34.38        22.70
          ------------------------------------------------------------------------------------------

          --------------------------------------------------------
          Potential Energy: E = (U+W) + H.O. Equipartion energy
          --------------------------------------------------------

          ------------------------------------------------------------------------------------------
          Rank    ID         E          U+W            U        W(PBSA)          PB           SA
          ------------------------------------------------------------------------------------------
             1    167        31.43        15.34        69.28       -53.94       -55.89         1.95
             2    212        31.41        15.32        69.66       -54.34       -56.24         1.90
             3      2        31.50        15.41        69.66       -54.25       -56.18         1.93
             4    113        31.71        15.61        69.80       -54.19       -56.12         1.93
             5     34        31.71        15.61        69.80       -54.18       -56.12         1.93
             6    109        31.75        15.66        69.96       -54.31       -56.22         1.92
             7    116        31.79        15.70        69.96       -54.26       -56.17         1.90
             8    303        31.68        15.59        70.30       -54.71       -56.59         1.88
             9    228        31.70        15.61        70.30       -54.69       -56.58         1.88
            10    250        31.81        15.71        70.16       -54.45       -56.33         1.87
            11    292        31.81        15.71        70.16       -54.45       -56.36         1.91
            12    143        31.82        15.73        70.23       -54.50       -56.39         1.89
            13    108        31.87        15.77        70.23       -54.46       -56.33         1.87
            14     92        32.23        16.13        70.37       -54.24       -56.13         1.89
            15    297        32.33        16.23        70.37       -54.14       -56.05         1.91
            16    294        32.22        16.12        70.78       -54.66       -56.50         1.85
            17    183        32.22        16.12        70.78       -54.65       -56.49         1.84
            18    253        33.20        17.10        71.85       -54.75       -56.61         1.86
            19    274        33.26        17.16        71.85       -54.69       -56.55         1.86
            20    283        33.22        17.13        72.12       -54.99       -56.81         1.81
            21    272        33.31        17.22        72.12       -54.90       -56.72         1.82
            22    220        34.18        18.08        72.49       -54.41       -56.27         1.86
            23     59        34.23        18.14        72.49       -54.35       -56.20         1.85
            24     56        34.32        18.23        72.04       -53.82       -55.69         1.87
            25      5        34.38        18.29        72.04       -53.75       -55.64         1.89
          ------------------------------------------------------------------------------------------

          ----------------------------------------
          Gas Phase Internal Potential Energy: U
          ----------------------------------------

          ------------------------------------------------------------------------------------------
          Rank    ID         U         Valence     Coulomb        VdW         VdW6        VdW12
          ------------------------------------------------------------------------------------------
             1    167        69.28         0.85        68.56        -0.13        -3.01         2.88
             2    212        69.66         1.14        68.38         0.14        -3.70         3.84
             3      2        69.66         1.14        68.38         0.14        -3.70         3.84
             4    113        69.80         1.13        68.73        -0.07        -3.56         3.49
             5     34        69.80         1.13        68.73        -0.07        -3.56         3.49
             6    109        69.96         0.98        69.06        -0.08        -3.55         3.47
             7    116        69.96         0.98        69.06        -0.08        -3.55         3.47
             8    303        70.30         1.24        68.93         0.12        -4.43         4.55
             9    228        70.30         1.24        68.93         0.12        -4.43         4.55
            10    250        70.16         1.42        68.57         0.18        -4.27         4.44
            11    292        70.16         1.42        68.57         0.18        -4.27         4.45
            12    143        70.23         1.44        68.57         0.22        -4.23         4.46
            13    108        70.23         1.44        68.57         0.22        -4.23         4.46
            14     92        70.37         1.26        69.24        -0.12        -4.34         4.21
            15    297        70.37         1.26        69.24        -0.12        -4.34         4.21
            16    294        70.78         1.53        69.17         0.08        -5.17         5.25
            17    183        70.78         1.53        69.17         0.08        -5.17         5.25
            18    253        71.85         3.01        68.71         0.13        -4.51         4.64
            19    274        71.85         3.01        68.71         0.13        -4.51         4.64
            20    283        72.12         3.20        69.11        -0.19        -5.58         5.39
            21    272        72.12         3.20        69.11        -0.19        -5.58         5.39
            22    220        72.49         2.74        69.80        -0.04        -5.33         5.29
            23     59        72.49         2.74        69.80        -0.04        -5.33         5.29
            24     56        72.04         2.43        69.83        -0.22        -4.56         4.35
            25      5        72.04         2.43        69.83        -0.22        -4.56         4.35
          ------------------------------------------------------------------------------------------

          -------------------------------
          Bonded Energy Terms: Valence
          -------------------------------

          ------------------------------------------------------------------------------------------
          Rank    ID     Valence       Bond        Angle         Pdih         Idih       Tether
          ------------------------------------------------------------------------------------------
             1    167         0.85         0.09         0.33         0.43         0.00         0.00
             2    212         1.14         0.13         0.47         0.54         0.00         0.00
             3      2         1.14         0.13         0.47         0.54         0.00         0.00
             4    113         1.13         0.11         0.46         0.57         0.00         0.00
             5     34         1.13         0.11         0.46         0.57         0.00         0.00
             6    109         0.98         0.10         0.41         0.47         0.00         0.00
             7    116         0.98         0.10         0.41         0.47         0.00         0.00
             8    303         1.24         0.15         0.59         0.51         0.00         0.00
             9    228         1.24         0.15         0.59         0.51         0.00         0.00
            10    250         1.42         0.15         0.58         0.69         0.00         0.00
            11    292         1.42         0.15         0.58         0.69         0.00         0.00
            12    143         1.44         0.15         0.60         0.69         0.00         0.00
            13    108         1.44         0.15         0.60         0.69         0.00         0.00
            14     92         1.26         0.13         0.60         0.53         0.00         0.00
            15    297         1.26         0.13         0.60         0.53         0.00         0.00
            16    294         1.53         0.17         0.75         0.61         0.00         0.00
            17    183         1.53         0.17         0.75         0.61         0.00         0.00
            18    253         3.01         0.16         1.00         1.85         0.00         0.00
            19    274         3.01         0.16         1.00         1.85         0.00         0.00
            20    283         3.20         0.18         1.21         1.81         0.00         0.00
            21    272         3.20         0.18         1.21         1.81         0.00         0.00
            22    220         2.74         0.18         1.13         1.42         0.00         0.00
            23     59         2.74         0.18         1.14         1.42         0.00         0.00
            24     56         2.43         0.14         0.94         1.36         0.00         0.00
            25      5         2.43         0.14         0.94         1.36         0.00         0.00
          ------------------------------------------------------------------------------------------

          Calculating single reference conformer RMSDs ...

          ---------------------------------
          Conformer RMSDs are in Angstroms.
          ---------------------------------

          ------------------------------------------------------------------------------------------
                              RMSD wrt Input Crd                    RMSD wrt Rank 1
                         ---------------------------------------------------------------------------
          Rank    ID        Complex    Receptor  Ligand          Complex    Receptor  Ligand
          ------------------------------------------------------------------------------------------
             1    167                             0.017                               0.000
             2    212                             1.411                               0.908
             3      2                             1.316                               1.319
             4    113                             0.767                               0.788
             5     34                             1.396                               1.403
             6    109                             1.896                               1.933
             7    116                             1.057                               1.049
             8    303                             1.478                               1.482
             9    228                             1.355                               1.320
            10    250                             1.189                               1.200
            11    292                             1.236                               1.502
            12    143                             0.709                               0.710
            13    108                             0.710                               0.710
            14     92                             1.131                               2.006
            15    297                             1.195                               1.167
            16    294                             1.654                               1.650
            17    183                             1.548                               1.591
            18    253                             2.077                               2.081
            19    274                             1.918                               1.929
            20    283                             2.018                               2.027
            21    272                             2.048                               2.057
            22    220                             1.581                               1.832
            23     59                             1.714                               1.727
            24     56                             1.773                               1.814
            25      5                             1.366                               1.349
          ------------------------------------------------------------------------------------------

          --------------------------------
          Final Boltzmann Averaged Data.
          --------------------------------

          -------------------------------------------------------------------
          Results of Boltzmann Averaging Over All   26 Conformers (kcal/mol).
          -------------------------------------------------------------------

          Free Energy                        G              52.7516470305
          Average Potential Energy         < E >            31.7223338867
          Entropy                           -TS             21.0293131438
          -------------------------------------------------------------------

          Average Potential Energy < E > Components.

          < U >                    69.9444155217
          < W(PBSA) >             -54.3183947203
          < H.O. P.E. >            16.0963722336

          Average Solvation Energy < W(PBSA) > Components.

          < PB >                  -56.2263095898
          < SA >                    1.9079148694

          Average Gas Phase Internal Potential Energy < U > Components.

          < Valence >               1.1946381236
          < Coulomb >              68.7134405866
          < VdW >                   0.0363368115

          Average Van der Waals Energy < VdW > Components.

          < VdW6  >                -3.8384132373
          < VdW12 >                 3.8747500488

          Average Bonded Energy < Valence > Components.

          < Bond >                  0.1235555055
          < Angle >                 0.5008570633
          < Pdihed >                0.5702255547
          < Idihed >                0.0000000000
          < Tether >                0.0000000000

          -------------------------------------------------------------------
                        End of VM2 Calculation Results Summary.
          -------------------------------------------------------------------


     Total cpu time for run          6.06 seconds.
                                     0.10 minutes.

     Total wall time for run         6.13 seconds.
                                     0.10 minutes.

     TIME STAMP: VCPack job finished normally : Sunday, August 07, 2022 at 12:06:17
