
     --------------------------------------------------------------------------------
                        Running Program VCPack. Version 2.8

                           VeraChem LLC, PO Box 2206
                           Germantown, MD 20875, U.S.A.

                                Tel. 240-686-0565
                                www.verachem.com
     --------------------------------------------------------------------------------


     Input file          :   CD_guest-8_fast_vm2_rndm.inp

     Output file         :   CD_guest-8_fast_vm2_rndm.out

     Summary output file :   CD_guest-8_fast_vm2_rndm.summary.out

     Executable : /data/comblab/vcCompChem_3b/exe/VC_CompChemPackage_mpi_openmp.exe

     Build date : Aug 13 2021  17:26:49

     This is a multiple processor run.

     MPI processes              :   16
     OpenMP threads per process :   16
     CUDA enabled               :  no

     TIME STAMP: VCPack job started : Sunday, August 07, 2022 at 14:16:56

     --------------------------------------------------------------------------------
                            Basic Calculation Control.
     --------------------------------------------------------------------------------

     Molecular system type                :  host+ligand     

     Calculation type                     :  feprocess       

     Energy potential                     :  mm              

     Post-processing type                 :  none            

     Post-processing energy potential     :  none            

     Time limit in wall clock hours       :  96.00

     Type of conformers to read in        :  ligand  
     Conformer source files(s)            :  guest-8_confgen4.xyz                              

     Use input .crd for complex build     :  no
     Place ligand confs. at input .crd    :  byconfscog
     Use input .crd as start conformer    :  yes

     Formatted output files               :  xyz     
                                          :  pdb     
                                          :  mol2    
                                          :  sdf     
                                          :  xyz     
                                          :  gms     
                                          :  csv     

     Split formatted output files         :  crd     

     Limit conformers in formatted files  :  bycount
     Maximum conformer count              :  1000

     Atoms to include in formatted files  :  all     

     Binary file restart type             :  none


     --------------------------------------------------------------------------------
                            Math Related Control and Set Up.
     --------------------------------------------------------------------------------

     Random number generator seeds :  bywallclock

     Seed 1 :           7281409
     Seed 2 :            259793
     Seed 3 :              1143
     Seed 4 :             10678


     --------------------------------------------------------------------------------
                            Basic Molecular System Set Up.
     --------------------------------------------------------------------------------

     ----------------
     Host Data Files.
     ----------------

     Standard crd coordinate file            :  CD.crd
     VeraChem topology file                  :  CD.top
     Standard mol/sdf file                   :  CD.mol

     Total number of host atoms              :       126

     ------------------
     Ligand Data Files.
     ------------------

     Standard crd coordinate file            :  guest-8.crd
     VeraChem topology file                  :  guest-8.top
     Standard mol/sdf file                   :  guest-8.mol

     Total number of ligand atoms            :        25

     Included in this calculation.
     Number of real and live ligand atoms    :        25
     Number of real but fixed ligand atoms   :         0

     Ligand placement method                 :  byreceptorcog

     NOTE: The placement of the ligand redefines the ligand .crd input coordinates.

     Snap ligand to template atoms           :      no

     -------------------------------
     Final Real/Live Set Atom Count.
     -------------------------------

     Total number of real atoms              :       151
     Total number of live atoms              :       151


     --------------------------------------------------------------------------------
                            Generate Initial Molecular Conformations.
     --------------------------------------------------------------------------------

     Conf. Type Read In      File Format       No. of Confs. Read In 
             ligand             xyz                1000

     Mandatory input crd file(s) used for generation of 1 additional conformer.

     From these the total number of starting conformers generated :  1000


     --------------------------------------------------------------------------------
                             Energy Potential Settings.
     --------------------------------------------------------------------------------


     Molecular Mechanics package          :  vchem           

     Quantum Mechanics package            :  none            


     --------------------------------------------------------------------------------
                       Running VfreeE Module. Version 2.8
     --------------------------------------------------------------------------------

          --------------------------------
          Final Individual Conformer Data.
          --------------------------------

          List data for conformers with probability of at least :  0.01 %
          Rankings are with respect to : Free Energy (G)

          ------------------------
          Free Energy: G = E - TS
          ------------------------

          ------------------------------------------------------------------------------------------
          Rank    ID     ln(Zx)    Prob(%)  Sum Prob(%)  Del G        G            E            -TS
          ------------------------------------------------------------------------------------------
             1    462  -1169.04662   49.45    49.45      0.00       514.37       317.65       196.73
             2    784  -1170.16479   16.16    65.61      0.67       515.04       316.65       198.40
             3    464  -1171.10836    6.29    71.91      1.23       515.60       316.90       198.71
             4    502  -1171.14661    6.06    77.96      1.25       515.63       318.47       197.15
             5    253  -1171.62062    3.77    81.73      1.53       515.91       316.28       199.63
             6    753  -1172.04093    2.48    84.21      1.79       516.16       314.80       201.36
             7    602  -1172.13814    2.25    86.45      1.84       516.22       319.25       196.97
             8    273  -1172.18708    2.14    88.59      1.87       516.25       321.18       195.07
             9    346  -1172.75997    1.21    89.80      2.21       516.59       318.64       197.95
            10    493  -1172.95785    0.99    90.79      2.33       516.71       316.80       199.90
            11    563  -1173.20792    0.77    91.56      2.48       516.86       317.99       198.86
            12     12  -1173.27188    0.72    92.28      2.52       516.89       318.90       197.99
            13     42  -1173.28613    0.71    93.00      2.53       516.90       320.16       196.74
            14    113  -1173.37829    0.65    93.65      2.58       516.96       318.62       198.33
            15    324  -1173.51437    0.57    94.21      2.66       517.04       318.65       198.39
            16    690  -1173.55567    0.54    94.76      2.69       517.06       316.32       200.74
            17    901  -1173.62335    0.51    95.27      2.73       517.10       322.03       195.07
            18    701  -1173.65208    0.49    95.76      2.75       517.12       323.85       193.27
            19    124  -1173.76772    0.44    96.20      2.81       517.19       318.31       198.88
            20    781  -1173.81804    0.42    96.62      2.84       517.22       323.42       193.80
            21    681  -1173.97006    0.36    96.98      2.94       517.31       323.65       193.66
            22      6  -1174.03292    0.34    97.32      2.97       517.35       317.91       199.43
            23    304  -1174.15250    0.30    97.62      3.04       517.42       318.74       198.67
            24     84  -1174.45056    0.22    97.84      3.22       517.60       321.41       196.19
            25    302  -1174.56133    0.20    98.04      3.29       517.66       320.09       197.57
            26    267  -1174.56287    0.20    98.24      3.29       517.66       317.86       199.80
            27    407  -1174.59946    0.19    98.43      3.31       517.69       320.59       197.10
            28    842  -1174.68580    0.18    98.61      3.36       517.74       319.33       198.41
            29     69  -1174.80692    0.16    98.76      3.43       517.81       318.53       199.28
            30    973  -1175.17549    0.11    98.87      3.65       518.03       320.91       197.12
            31    262  -1175.17944    0.11    98.98      3.66       518.03       319.33       198.70
            32    961  -1175.33555    0.09    99.07      3.75       518.12       320.66       197.47
            33    433  -1175.71959    0.06    99.13      3.98       518.35       318.04       200.32
            34      4  -1175.73701    0.06    99.19      3.99       518.36       319.18       199.19
            35     63  -1176.07390    0.04    99.24      4.19       518.56       320.93       197.64
            36    770  -1176.11292    0.04    99.28      4.21       518.59       318.04       200.55
            37    227  -1176.17582    0.04    99.32      4.25       518.62       320.28       198.34
            38    347  -1176.21686    0.04    99.36      4.27       518.65       318.91       199.74
            39    300  -1176.23746    0.04    99.39      4.29       518.66       319.11       199.56
            40    761  -1176.26439    0.04    99.43      4.30       518.68       323.05       195.63
            41    804  -1176.27494    0.04    99.47      4.31       518.68       320.54       198.14
            42    783  -1176.30966    0.03    99.50      4.33       518.70       319.20       199.51
            43      7  -1176.33949    0.03    99.53      4.35       518.72       322.06       196.66
            44    144  -1176.39241    0.03    99.57      4.38       518.75       319.28       199.48
            45    646  -1176.64454    0.02    99.59      4.53       518.90       319.60       199.30
            46    363  -1176.85285    0.02    99.61      4.65       519.03       320.64       198.39
            47     11  -1176.85333    0.02    99.63      4.65       519.03       322.22       196.81
            48     18  -1176.86137    0.02    99.65      4.66       519.03       318.43       200.61
            49    793  -1176.92658    0.02    99.67      4.70       519.07       319.87       199.20
            50    318  -1176.99132    0.02    99.69      4.74       519.11       318.96       200.15
            51    931  -1177.07393    0.02    99.70      4.79       519.16       318.66       200.50
            52    738  -1177.15617    0.01    99.72      4.83       519.21       319.59       199.62
            53    134  -1177.23764    0.01    99.73      4.88       519.26       321.28       197.98
            54     22  -1177.36702    0.01    99.74      4.96       519.34       323.55       195.79
            55    508  -1177.37772    0.01    99.76      4.97       519.34       322.38       196.96
            56    242  -1177.38862    0.01    99.77      4.97       519.35       321.66       197.69
            57    313  -1177.40224    0.01    99.78      4.98       519.36       321.36       197.99
            58     14  -1177.50360    0.01    99.79      5.04       519.42       319.83       199.59
          ------------------------------------------------------------------------------------------

          --------------------------------------------------------
          Potential Energy: E = (U+W) + H.O. Equipartion energy
          --------------------------------------------------------

          ------------------------------------------------------------------------------------------
          Rank    ID         E          U+W            U        W(PBSA)          PB           SA
          ------------------------------------------------------------------------------------------
             1    462       317.65       184.40       262.15       -77.75       -83.89         6.14
             2    784       316.65       183.40       258.18       -74.77       -80.88         6.10
             3    464       316.90       183.66       256.42       -72.76       -78.80         6.03
             4    502       318.47       185.23       258.96       -73.73       -79.88         6.15
             5    253       316.28       183.04       261.69       -78.65       -84.75         6.09
             6    753       314.80       181.56       252.06       -70.51       -76.61         6.10
             7    602       319.25       186.00       269.47       -83.47       -89.61         6.14
             8    273       321.18       187.93       270.36       -82.43       -88.44         6.01
             9    346       318.64       185.40       268.46       -83.07       -89.17         6.10
            10    493       316.80       183.56       260.06       -76.50       -82.65         6.15
            11    563       317.99       184.75       257.03       -72.28       -78.30         6.02
            12     12       318.90       185.66       264.89       -79.23       -85.32         6.10
            13     42       320.16       186.92       263.80       -76.88       -82.95         6.07
            14    113       318.62       185.38       261.66       -76.28       -82.37         6.09
            15    324       318.65       185.41       257.12       -71.71       -77.75         6.03
            16    690       316.32       183.08       256.53       -73.45       -79.48         6.03
            17    901       322.03       188.79       273.51       -84.73       -90.89         6.16
            18    701       323.85       190.61       269.56       -78.95       -85.12         6.16
            19    124       318.31       185.07       256.09       -71.02       -77.04         6.02
            20    781       323.42       190.17       273.73       -83.55       -89.62         6.07
            21    681       323.65       190.40       279.03       -88.63       -94.95         6.33
            22      6       317.91       184.67       263.45       -78.78       -84.86         6.08
            23    304       318.74       185.50       256.49       -70.99       -76.94         5.95
            24     84       321.41       188.17       274.51       -86.34       -92.59         6.26
            25    302       320.09       186.85       266.45       -79.61       -85.83         6.22
            26    267       317.86       184.62       259.43       -74.81       -80.87         6.06
            27    407       320.59       187.35       271.83       -84.48       -90.60         6.11
            28    842       319.33       186.09       262.25       -76.16       -82.32         6.16
            29     69       318.53       185.29       269.77       -84.48       -90.63         6.15
            30    973       320.91       187.67       269.80       -82.13       -88.18         6.05
            31    262       319.33       186.09       255.53       -69.43       -75.42         5.99
            32    961       320.66       187.41       268.04       -80.63       -86.78         6.15
            33    433       318.04       184.79       263.12       -78.33       -84.38         6.06
            34      4       319.18       185.93       260.17       -74.23       -80.28         6.05
            35     63       320.93       187.69       265.88       -78.20       -84.28         6.08
            36    770       318.04       184.80       256.46       -71.67       -77.72         6.05
            37    227       320.28       187.04       261.23       -74.19       -80.16         5.97
            38    347       318.91       185.67       255.53       -69.86       -75.89         6.02
            39    300       319.11       185.86       266.72       -80.86       -86.96         6.10
            40    761       323.05       189.81       270.72       -80.91       -86.95         6.04
            41    804       320.54       187.30       259.56       -72.26       -78.29         6.04
            42    783       319.20       185.96       256.82       -70.86       -76.87         6.01
            43      7       322.06       188.82       271.89       -83.06       -89.13         6.06
            44    144       319.28       186.03       255.55       -69.51       -75.52         6.00
            45    646       319.60       186.36       264.17       -77.81       -83.92         6.11
            46    363       320.64       187.40       261.51       -74.11       -80.06         5.95
            47     11       322.22       188.98       272.24       -83.27       -89.28         6.01
            48     18       318.43       185.19       257.11       -71.93       -77.95         6.02
            49    793       319.87       186.63       266.51       -79.88       -85.98         6.10
            50    318       318.96       185.72       259.75       -74.03       -80.07         6.04
            51    931       318.66       185.42       259.25       -73.84       -79.81         5.97
            52    738       319.59       186.35       263.24       -76.89       -82.96         6.07
            53    134       321.28       188.04       266.87       -78.83       -84.91         6.08
            54     22       323.55       190.30       272.37       -82.07       -88.15         6.09
            55    508       322.38       189.14       261.24       -72.11       -78.10         5.99
            56    242       321.66       188.42       267.79       -79.37       -85.55         6.18
            57    313       321.36       188.12       271.03       -82.91       -88.98         6.08
            58     14       319.83       186.59       259.04       -72.46       -78.45         6.00
          ------------------------------------------------------------------------------------------

          ----------------------------------------
          Gas Phase Internal Potential Energy: U
          ----------------------------------------

          ------------------------------------------------------------------------------------------
          Rank    ID         U         Valence     Coulomb        VdW         VdW6        VdW12
          ------------------------------------------------------------------------------------------
             1    462       262.15       153.44       136.52       -27.81      -188.66       160.85
             2    784       258.18       152.05       134.23       -28.11      -191.86       163.75
             3    464       256.42       155.46       128.21       -27.25      -192.54       165.29
             4    502       258.96       154.33       133.33       -28.71      -190.14       161.43
             5    253       261.69       153.28       136.54       -28.13      -194.71       166.58
             6    753       252.06       153.36       124.87       -26.16      -197.84       171.68
             7    602       269.47       154.13       143.22       -27.88      -187.20       159.32
             8    273       270.36       156.22       145.38       -31.24      -191.89       160.65
             9    346       268.46       154.78       143.73       -30.05      -194.45       164.40
            10    493       260.06       154.02       132.97       -26.93      -195.36       168.43
            11    563       257.03       156.53       129.61       -29.10      -195.29       166.18
            12     12       264.89       155.46       138.20       -28.78      -192.11       163.34
            13     42       263.80       156.01       136.33       -28.54      -190.48       161.94
            14    113       261.66       155.14       135.74       -29.22      -193.78       164.56
            15    324       257.12       156.14       128.47       -27.49      -192.44       164.95
            16    690       256.53       155.15       129.57       -28.19      -196.83       168.65
            17    901       273.51       155.69       145.70       -27.88      -185.97       158.10
            18    701       269.56       155.09       144.90       -30.43      -185.99       155.56
            19    124       256.09       157.11       129.55       -30.58      -197.27       166.69
            20    781       273.73       155.90       148.20       -30.38      -186.78       156.40
            21    681       279.03       154.56       150.70       -26.23      -181.32       155.10
            22      6       263.45       155.60       136.91       -29.06      -196.15       167.08
            23    304       256.49       158.00       127.88       -29.39      -194.93       165.54
            24     84       274.51       153.80       147.65       -26.94      -184.77       157.83
            25    302       266.45       153.66       138.77       -25.97      -188.16       162.19
            26    267       259.43       154.96       131.66       -27.18      -193.65       166.46
            27    407       271.83       154.04       145.39       -27.60      -188.63       161.02
            28    842       262.25       144.63       142.01       -24.39      -186.74       162.35
            29     69       269.77       154.78       143.71       -28.71      -194.64       165.93
            30    973       269.80       157.41       143.17       -30.77      -192.86       162.09
            31    262       255.53       157.94       126.93       -29.35      -196.38       167.03
            32    961       268.04       156.18       140.03       -28.16      -189.96       161.80
            33    433       263.12       154.00       137.52       -28.41      -194.71       166.31
            34      4       260.17       156.85       131.68       -28.37      -194.59       166.22
            35     63       265.88       154.14       137.96       -26.22      -189.43       163.21
            36    770       256.46       155.85       129.07       -28.46      -196.79       168.33
            37    227       261.23       155.45       136.17       -30.39      -193.62       163.23
            38    347       255.53       156.48       126.30       -27.25      -196.13       168.88
            39    300       266.72       157.08       138.75       -29.11      -195.84       166.73
            40    761       270.72       156.21       144.38       -29.87      -189.54       159.67
            41    804       259.56       157.66       130.64       -28.74      -194.73       165.99
            42    783       256.82       157.52       128.33       -29.03      -196.65       167.62
            43      7       271.89       156.00       144.34       -28.45      -189.35       160.89
            44    144       255.55       156.51       127.81       -28.78      -194.66       165.88
            45    646       264.17       156.18       137.36       -29.36      -196.10       166.74
            46    363       261.51       156.27       136.31       -31.07      -194.78       163.71
            47     11       272.24       156.78       146.84       -31.38      -191.55       160.16
            48     18       257.11       156.67       129.68       -29.24      -199.19       169.95
            49    793       266.51       156.58       138.76       -28.83      -194.98       166.15
            50    318       259.75       157.36       131.06       -28.68      -196.64       167.96
            51    931       259.25       158.11       129.08       -27.94      -197.02       169.08
            52    738       263.24       154.88       137.40       -29.05      -193.98       164.93
            53    134       266.87       156.52       139.09       -28.73      -192.65       163.92
            54     22       272.37       157.20       144.88       -29.70      -189.16       159.45
            55    508       261.24       153.54       141.08       -33.38      -196.00       162.62
            56    242       267.79       144.52       149.07       -25.81      -185.29       159.48
            57    313       271.03       156.44       144.28       -29.69      -191.90       162.21
            58     14       259.04       156.64       132.03       -29.62      -196.67       167.04
          ------------------------------------------------------------------------------------------

          -------------------------------
          Bonded Energy Terms: Valence
          -------------------------------

          ------------------------------------------------------------------------------------------
          Rank    ID     Valence       Bond        Angle         Pdih         Idih       Tether
          ------------------------------------------------------------------------------------------
             1    462       153.44         4.87        14.35       134.23         0.00         0.00
             2    784       152.05         5.02        13.88       133.13         0.02         0.00
             3    464       155.46         5.09        14.41       135.96         0.00         0.00
             4    502       154.33         4.92        14.11       135.24         0.06         0.00
             5    253       153.28         5.05        15.05       133.18         0.00         0.00
             6    753       153.36         5.51        15.87       131.97         0.01         0.00
             7    602       154.13         4.83        13.50       135.80         0.00         0.00
             8    273       156.22         4.75        14.13       137.34         0.00         0.00
             9    346       154.78         4.93        14.68       135.17         0.00         0.00
            10    493       154.02         5.34        15.23       133.45         0.00         0.00
            11    563       156.53         5.09        14.36       137.08         0.00         0.00
            12     12       155.46         4.91        14.31       136.24         0.00         0.00
            13     42       156.01         4.86        14.49       136.65         0.00         0.00
            14    113       155.14         4.95        14.77       135.41         0.00         0.00
            15    324       156.14         5.10        14.78       136.26         0.00         0.00
            16    690       155.15         5.21        14.82       135.12         0.00         0.00
            17    901       155.69         4.76        13.75       137.18         0.00         0.00
            18    701       155.09         4.43        13.05       137.59         0.02         0.00
            19    124       157.11         5.05        15.11       136.91         0.03         0.00
            20    781       155.90         4.55        13.52       137.83         0.00         0.00
            21    681       154.56         4.64        13.67       136.25         0.00         0.00
            22      6       155.60         5.05        14.92       135.63         0.00         0.00
            23    304       158.00         5.03        14.47       138.49         0.00         0.00
            24     84       153.80         4.78        13.52       135.50         0.00         0.00
            25    302       153.66         5.00        14.62       134.04         0.00         0.00
            26    267       154.96         5.22        14.64       135.09         0.00         0.00
            27    407       154.04         4.95        14.42       134.67         0.00         0.00
            28    842       144.63         5.54        16.90       122.10         0.08         0.00
            29     69       154.78         5.36        15.27       134.14         0.00         0.00
            30    973       157.41         4.85        14.53       138.03         0.00         0.00
            31    262       157.94         5.09        15.16       137.63         0.07         0.00
            32    961       156.18         5.06        14.54       136.57         0.00         0.00
            33    433       154.00         5.05        15.40       133.55         0.00         0.00
            34      4       156.85         5.17        14.36       137.30         0.02         0.00
            35     63       154.14         5.18        14.39       134.56         0.01         0.00
            36    770       155.85         5.19        15.13       135.52         0.00         0.00
            37    227       155.45         4.96        14.77       135.70         0.02         0.00
            38    347       156.48         5.35        16.34       134.71         0.08         0.00
            39    300       157.08         5.16        14.39       137.54         0.00         0.00
            40    761       156.21         4.73        13.82       137.66         0.00         0.00
            41    804       157.66         5.11        14.45       138.08         0.01         0.00
            42    783       157.52         5.16        14.66       137.70         0.00         0.00
            43      7       156.00         4.91        14.43       136.66         0.00         0.00
            44    144       156.51         5.03        14.81       136.67         0.00         0.00
            45    646       156.18         5.04        15.18       135.96         0.00         0.00
            46    363       156.27         4.84        13.82       137.61         0.00         0.00
            47     11       156.78         4.75        13.76       138.26         0.01         0.00
            48     18       156.67         5.42        15.64       135.60         0.01         0.00
            49    793       156.58         5.11        15.47       136.00         0.00         0.00
            50    318       157.36         5.19        15.09       137.08         0.00         0.00
            51    931       158.11         5.29        15.19       137.56         0.07         0.00
            52    738       154.88         5.05        14.51       135.31         0.00         0.00
            53    134       156.52         5.01        15.07       136.44         0.00         0.00
            54     22       157.20         4.78        13.78       138.65         0.00         0.00
            55    508       153.54         4.58        14.06       134.90         0.00         0.00
            56    242       144.52         5.53        16.68       122.31         0.00         0.00
            57    313       156.44         4.90        14.32       137.22         0.00         0.00
            58     14       156.64         5.25        15.29       136.09         0.00         0.00
          ------------------------------------------------------------------------------------------

          Calculating single reference conformer RMSDs ...

          ---------------------------------
          Conformer RMSDs are in Angstroms.
          ---------------------------------

          ------------------------------------------------------------------------------------------
                              RMSD wrt Input Crd                    RMSD wrt Rank 1
                         ---------------------------------------------------------------------------
          Rank    ID        Complex    Receptor  Ligand          Complex    Receptor  Ligand
          ------------------------------------------------------------------------------------------
             1    462         1.961     2.069     1.287           0.000     0.000     0.000
             2    784         2.212     1.931     3.282           2.693     2.506     3.484
             3    464         1.204     0.912     2.135           1.464     0.658     3.281
             4    502         1.356     1.192     1.987           2.443     2.511     2.066
             5    253         1.369     1.284     1.738           1.298     0.912     2.445
             6    753         2.165     2.286     1.407           2.708     2.866     1.697
             7    602         1.312     1.283     1.448           2.729     2.692     2.910
             8    273         1.220     1.262     0.975           1.571     1.601     1.413
             9    346         1.058     0.995     1.330           1.033     0.627     2.113
            10    493         2.290     2.430     1.385           2.345     2.490     1.394
            11    563         1.737     0.963     3.682           2.667     2.212     4.278
            12     12         1.385     1.479     0.752           1.399     1.174     2.209
            13     42         1.724     1.362     2.932           1.651     1.320     2.769
            14    113         2.121     2.226     1.487           2.169     2.230     1.835
            15    324         1.640     1.238     2.921           2.613     2.424     3.411
            16    690         1.530     0.985     3.043           1.809     0.944     3.910
            17    901         1.545     0.884     3.237           2.100     1.595     3.717
            18    701         2.381     1.221     5.169           2.661     1.864     5.025
            19    124         1.872     1.924     1.587           2.212     2.283     1.811
            20    781         1.405     0.969     2.679           1.980     1.944     2.152
            21    681         2.354     1.262     5.044           3.168     2.594     5.169
            22      6         1.050     1.017     1.206           1.128     0.730     2.237
            23    304         1.803     1.354     3.226           1.733     1.430     2.801
            24     84         2.312     0.924     5.290           2.343     0.963     5.338
            25    302         1.872     1.371     3.420           2.411     2.089     3.619
            26    267         1.804     1.747     2.066           1.461     1.426     1.624
            27    407         1.982     1.342     3.828           2.300     1.983     3.483
            28    842         3.449     2.610     6.124           3.439     2.489     6.342
            29     69         1.987     1.398     3.741           3.154     3.029     3.720
            30    973         2.002     1.498     3.591           2.055     1.554     3.651
            31    262         1.790     1.777     1.853           2.408     2.516     1.764
            32    961         1.774     1.229     3.374           2.258     2.032     3.161
            33    433         1.685     1.779     1.090           2.342     2.411     1.953
            34      4         1.888     0.802     4.276           2.327     1.530     4.573
            35     63         2.296     1.325     4.794           2.637     1.903     4.871
            36    770         1.708     1.299     3.020           2.574     2.199     3.955
            37    227         1.657     1.680     1.536           2.461     2.583     1.721
            38    347         2.071     2.042     2.212           2.440     2.406     2.605
            39    300         1.615     0.919     3.392           1.764     1.074     3.603
            40    761         1.370     0.813     2.830           1.526     1.053     2.910
            41    804         1.697     0.751     3.815           2.668     2.189     4.341
            42    783         2.065     1.228     4.260           2.509     1.910     4.430
            43      7         1.046     0.992     1.282           1.463     1.508     1.212
            44    144         1.840     1.383     3.286           1.534     1.019     2.996
            45    646         1.027     1.017     1.080           1.143     0.760     2.232
            46    363         1.407     0.894     2.817           1.895     1.392     3.454
            47     11         1.608     0.833     3.481           2.077     1.570     3.694
            48     18         2.022     2.057     1.833           1.191     1.016     1.836
            49    793         1.489     1.547     1.154           1.212     1.073     1.752
            50    318         1.642     0.886     3.511           1.597     0.599     3.687
            51    931         2.088     1.244     4.305           2.289     1.541     4.435
            52    738         1.788     1.225     3.427           2.604     2.299     3.783
            53    134         1.763     1.223     3.352           2.632     2.281     3.953
            54     22         1.647     0.811     3.615           2.476     2.095     3.860
            55    508         2.486     1.112     5.575           3.101     2.339     5.523
            56    242         3.462     2.627     6.132           3.436     2.498     6.311
            57    313         1.164     0.887     2.054           2.605     2.595     2.654
            58     14         1.571     1.100     2.968           2.857     2.674     3.644
          ------------------------------------------------------------------------------------------

          --------------------------------
          Final Boltzmann Averaged Data.
          --------------------------------

          -------------------------------------------------------------------
          Results of Boltzmann Averaging Over All  525 Conformers (kcal/mol).
          -------------------------------------------------------------------

          Free Energy                        G             513.9549248161
          Average Potential Energy         < E >           317.6793312575
          Entropy                           -TS            196.2755935585
          -------------------------------------------------------------------

          Average Potential Energy < E > Components.

          < U >                   261.2606741821
          < W(PBSA) >             -76.8235487501
          < H.O. P.E. >           133.2421923779

          Average Solvation Energy < W(PBSA) > Components.

          < PB >                  -82.9421215590
          < SA >                    6.1185728089

          Average Gas Phase Internal Potential Energy < U > Components.

          < Valence >             153.6788908725
          < Coulomb >             135.5961619868
          < VdW >                 -28.0143786772

          Average Van der Waals Energy < VdW > Components.

          < VdW6  >              -190.4135098246
          < VdW12 >               162.3991311474

          Average Bonded Energy < Valence > Components.

          < Bond >                  4.9425987795
          < Angle >                14.3238315578
          < Pdihed >              134.4052080834
          < Idihed >                0.0072524518
          < Tether >                0.0000000000

          -------------------------------------------------------------------
                        End of feprocess Calculation Results Summary.
          -------------------------------------------------------------------


     Total cpu time for run       4944.33 seconds.
                                    82.41 minutes.

     Total wall time for run      2392.22 seconds.
                                    39.87 minutes.

     TIME STAMP: VCPack job finished normally : Sunday, August 07, 2022 at 14:56:48
