
     --------------------------------------------------------------------------------
                        Running Program VCPack. Version 2.8

                           VeraChem LLC, PO Box 2206
                           Germantown, MD 20875, U.S.A.

                                Tel. 240-686-0565
                                www.verachem.com
     --------------------------------------------------------------------------------


     Input file          :   guest-s12_vm2.inp

     Output file         :   guest-s12_vm2.out

     Summary output file :   guest-s12_vm2.summary.out

     Executable : /data/comblab/vcCompChem_3b/exe/VC_CompChemPackage_mpi.exe

     Build date : Aug 13 2021  17:26:14

     This is a multiple processor run.

     MPI processes              :   16
     OpenMP threads per process :    0
     CUDA enabled               :  no

     TIME STAMP: VCPack job started : Saturday, August 06, 2022 at 17:08:07

     --------------------------------------------------------------------------------
                            Basic Calculation Control.
     --------------------------------------------------------------------------------

     Molecular system type                :  ligand          

     Calculation type                     :  vm2             

     Energy potential                     :  mm              

     Post-processing type                 :  none            

     Post-processing energy potential     :  none            

     Time limit in wall clock hours       :  96.00

     Read in starting conformers          :  no
     Type of conformers to read in        :  none
     Conformer source files(s)            :  none

     Use input .crd for complex build     :  no
     Place ligand confs. at input .crd    :  no
     Use input .crd as start conformer    :  yes

     Formatted output files               :  xyz     
                                          :  pdb     
                                          :  mol2    
                                          :  sdf     
                                          :  xyz     
                                          :  gms     
                                          :  csv     

     Split formatted output files         :  crd     

     Limit conformers in formatted files  :  bycount
     Maximum conformer count              :  1000

     Atoms to include in formatted files  :  all     

     Binary file restart type             :  none


     --------------------------------------------------------------------------------
                            Math Related Control and Set Up.
     --------------------------------------------------------------------------------

     Random number generator seeds :  bywallclock

     Seed 1 :           5993258
     Seed 2 :            191593
     Seed 3 :               614
     Seed 4 :              7452


     --------------------------------------------------------------------------------
                            Basic Molecular System Set Up.
     --------------------------------------------------------------------------------

     ------------------
     Ligand Data Files.
     ------------------

     Standard crd coordinate file            :  guest-s12.crd
     VeraChem topology file                  :  guest-s12.top
     Standard mol/sdf file                   :  guest-s12.mol

     Total number of ligand atoms            :        26

     Included in this calculation.
     Number of real and live ligand atoms    :        26
     Number of real but fixed ligand atoms   :         0

     Ligand placement method                 :  none

     Snap ligand to template atoms           :      no

     -------------------------------
     Final Real/Live Set Atom Count.
     -------------------------------

     Total number of real atoms              :        26
     Total number of live atoms              :        26


     --------------------------------------------------------------------------------
                            Generate Initial Molecular Conformation.
     --------------------------------------------------------------------------------

     Mandatory input crd file(s) used for generation of a single starting conformer.


     --------------------------------------------------------------------------------
                             Energy Potential Settings.
     --------------------------------------------------------------------------------


     Molecular Mechanics package          :  vchem           

     Quantum Mechanics package            :  none            


     --------------------------------------------------------------------------------
                    Running VM2 Mining Minima Module. Version 2.8
     --------------------------------------------------------------------------------

     Iteration    Free Energy G             G Diff            # Conformers     # Diff
        1            74.528743              74.528743              35              35
        2            74.147621              -0.381122              96              61
        3            74.109520              -0.038102             101               5
        4            73.996545              -0.112974             136              35
        5            73.996532              -0.000014             136               0
        6            73.926265              -0.070267             165              29
        7            73.925460              -0.000805             169               4
        8            73.895756              -0.029704             188              19
        9            73.895637              -0.000119             190               2
       10            73.890413              -0.005224             200              10

     VM2 Free Energy converged after   10 iterations.

     Final VM2 Free Energy is      73.890413 Kcal/mol.

          --------------------------------
          Final Individual Conformer Data.
          --------------------------------

          List data for conformers with probability of at least :  0.01 %
          Rankings are with respect to : Free Energy (G)

          ------------------------
          Free Energy: G = E - TS
          ------------------------

          ------------------------------------------------------------------------------------------
          Rank    ID     ln(Zx)    Prob(%)  Sum Prob(%)  Del G        G            E            -TS
          ------------------------------------------------------------------------------------------
             1    906   -168.02764    7.12     7.12      0.00        75.47        43.30        32.16
             2    994   -168.51568    4.37    11.48      0.29        75.76        43.42        32.33
             3     37   -168.52471    4.33    15.81      0.30        75.76        43.43        32.33
             4    484   -168.82886    3.19    19.00      0.48        75.94        43.69        32.25
             5    485   -168.96984    2.77    21.78      0.56        76.03        43.77        32.26
             6   1096   -169.02155    2.63    24.41      0.59        76.06        43.80        32.26
             7    775   -169.02450    2.63    27.04      0.59        76.06        43.58        32.48
             8   1288   -169.08785    2.46    29.50      0.63        76.10        43.62        32.48
             9    760   -169.16213    2.29    31.79      0.68        76.14        43.87        32.27
            10    472   -169.17844    2.25    34.04      0.69        76.15        43.88        32.27
            11    857   -169.27420    2.05    36.09      0.74        76.21        43.78        32.43
            12    230   -169.27692    2.04    38.13      0.74        76.21        43.78        32.43
            13    158   -169.30099    1.99    40.12      0.76        76.23        43.96        32.26
            14   1230   -169.31446    1.96    42.08      0.77        76.23        43.97        32.26
            15   1304   -169.38506    1.83    43.91      0.81        76.28        43.85        32.43
            16   1270   -169.44207    1.73    45.64      0.84        76.31        43.88        32.43
            17    573   -169.54316    1.56    47.21      0.90        76.37        43.93        32.44
            18   1018   -169.58545    1.50    48.71      0.93        76.39        43.95        32.44
            19    574   -169.59046    1.49    50.20      0.93        76.40        43.95        32.44
            20   1038   -169.62759    1.44    51.63      0.95        76.42        43.98        32.44
            21   1317   -169.66831    1.38    53.01      0.98        76.44        44.01        32.43
            22    550   -169.67224    1.37    54.39      0.98        76.45        44.01        32.43
            23    965   -169.70770    1.33    55.71      1.00        76.47        44.03        32.43
            24    816   -169.74474    1.28    56.99      1.02        76.49        44.06        32.43
            25    784   -169.82804    1.18    58.17      1.07        76.54        44.18        32.36
            26    747   -169.83919    1.16    59.33      1.08        76.55        44.19        32.36
            27    977   -169.83939    1.16    60.49      1.08        76.55        44.18        32.37
            28    250   -169.85506    1.14    61.64      1.09        76.56        44.18        32.38
            29   1069   -169.88869    1.11    62.74      1.11        76.58        44.21        32.37
            30    709   -169.90393    1.09    63.83      1.12        76.58        44.22        32.37
            31    808   -169.90854    1.08    64.92      1.12        76.59        44.21        32.38
            32    717   -169.95402    1.04    65.95      1.15        76.61        44.17        32.44
            33    165   -169.96363    1.03    66.98      1.15        76.62        44.12        32.50
            34    478   -169.97634    1.01    67.99      1.16        76.63        44.18        32.44
            35   1036   -170.02438    0.97    68.96      1.19        76.66        44.29        32.36
            36    554   -170.03668    0.95    69.91      1.20        76.66        44.33        32.33
            37    282   -170.05336    0.94    70.85      1.21        76.67        44.18        32.50
            38    422   -170.06540    0.93    71.78      1.21        76.68        44.33        32.35
            39    849   -170.06860    0.92    72.70      1.22        76.68        44.09        32.59
            40    201   -170.07445    0.92    73.62      1.22        76.69        44.34        32.35
            41    779   -170.11401    0.88    74.51      1.24        76.71        44.12        32.59
            42   1019   -170.13025    0.87    75.38      1.25        76.72        44.39        32.33
            43    444   -170.15036    0.85    76.23      1.27        76.73        44.14        32.59
            44   1107   -170.16287    0.84    77.07      1.27        76.74        44.15        32.59
            45   1347   -170.19606    0.81    77.88      1.29        76.76        44.17        32.59
            46   1231   -170.22971    0.79    78.67      1.31        76.78        44.19        32.59
            47    175   -170.23368    0.78    79.45      1.32        76.78        44.24        32.54
            48   1070   -170.26836    0.76    80.21      1.34        76.80        44.21        32.59
            49    283   -170.26960    0.76    80.97      1.34        76.80        44.25        32.55
            50   1065   -170.28323    0.75    81.71      1.34        76.81        44.14        32.67
            51   1085   -170.28693    0.74    82.45      1.35        76.81        44.14        32.67
            52   1266   -170.29429    0.74    83.19      1.35        76.82        44.27        32.55
            53   1072   -170.31945    0.72    83.91      1.37        76.83        44.29        32.54
            54   1344   -170.40149    0.66    84.57      1.42        76.88        44.33        32.55
            55    837   -170.43925    0.64    85.21      1.44        76.90        44.36        32.55
            56    264   -170.53226    0.58    85.79      1.49        76.96        44.45        32.51
            57   1114   -170.59053    0.55    86.34      1.53        76.99        44.23        32.77
            58   1263   -170.61040    0.54    86.88      1.54        77.01        44.25        32.76
            59    750   -170.63678    0.52    87.40      1.56        77.02        44.26        32.77
            60   1259   -170.63882    0.52    87.93      1.56        77.02        44.35        32.67
            61    809   -170.65838    0.51    88.44      1.57        77.03        44.27        32.76
            62   1316   -170.65977    0.51    88.95      1.57        77.04        44.53        32.51
            63    734   -170.69421    0.49    89.44      1.59        77.06        44.55        32.51
            64    385   -170.86544    0.42    89.86      1.69        77.16        44.33        32.83
            65   1340   -170.90320    0.40    90.26      1.71        77.18        44.47        32.71
            66    736   -170.92736    0.39    90.65      1.73        77.19        44.52        32.67
            67    504   -170.94017    0.39    91.04      1.74        77.20        44.49        32.71
            68    431   -170.97946    0.37    91.41      1.76        77.23        44.40        32.83
            69    530   -171.03661    0.35    91.76      1.79        77.26        44.59        32.67
            70     91   -171.10002    0.33    92.09      1.83        77.30        44.77        32.53
            71   1117   -171.16670    0.31    92.40      1.87        77.34        44.37        32.96
            72    511   -171.17980    0.30    92.71      1.88        77.35        44.34        33.01
            73    944   -171.19281    0.30    93.01      1.89        77.35        44.82        32.53
            74    272   -171.20460    0.30    93.30      1.89        77.36        44.40        32.96
            75   1060   -171.21402    0.29    93.60      1.90        77.37        44.36        33.01
            76    132   -171.22006    0.29    93.89      1.90        77.37        44.80        32.57
            77    568   -171.24911    0.28    94.17      1.92        77.39        44.70        32.69
            78     65   -171.28445    0.27    94.45      1.94        77.41        44.84        32.57
            79    818   -171.28703    0.27    94.72      1.94        77.41        45.19        32.22
            80   1369   -171.32048    0.26    94.98      1.96        77.43        44.74        32.69
            81    205   -171.35166    0.26    95.24      1.98        77.45        44.56        32.89
            82   1008   -171.37946    0.25    95.49      2.00        77.46        44.58        32.89
            83   1104   -171.40366    0.24    95.73      2.01        77.48        44.55        32.93
            84    821   -171.41664    0.24    95.97      2.02        77.49        44.56        32.93
            85    402   -171.49635    0.22    96.20      2.07        77.53        44.76        32.78
            86   1216   -171.49732    0.22    96.42      2.07        77.53        44.76        32.78
            87   1015   -171.55099    0.21    96.63      2.10        77.57        45.06        32.51
            88    256   -171.55805    0.21    96.83      2.10        77.57        45.06        32.51
            89   1345   -171.61905    0.20    97.03      2.14        77.61        44.80        32.81
            90    502   -171.62385    0.20    97.23      2.14        77.61        44.61        33.00
            91    509   -171.65372    0.19    97.42      2.16        77.63        44.62        33.00
            92    556   -171.67056    0.19    97.60      2.17        77.64        44.83        32.81
            93   1118   -171.83880    0.16    97.76      2.27        77.74        45.76        31.97
            94   1357   -171.93513    0.14    97.90      2.33        77.80        44.77        33.02
            95    536   -172.08743    0.12    98.03      2.42        77.89        44.87        33.02
            96     88   -172.17560    0.11    98.14      2.47        77.94        44.70        33.24
            97    269   -172.23885    0.11    98.24      2.51        77.98        45.68        32.30
            98    683   -172.33468    0.10    98.34      2.57        78.03        44.79        33.24
            99   1368   -172.58511    0.07    98.41      2.72        78.18        45.55        32.63
           100    846   -172.61503    0.07    98.49      2.73        78.20        45.57        32.63
           101   1355   -172.62450    0.07    98.56      2.74        78.21        45.58        32.63
           102   1330   -172.62705    0.07    98.63      2.74        78.21        45.58        32.63
           103    972   -172.75282    0.06    98.69      2.82        78.28        45.93        32.35
           104   1293   -172.77819    0.06    98.75      2.83        78.30        45.75        32.55
           105   1306   -172.92225    0.05    98.81      2.92        78.38        45.90        32.49
           106    163   -172.93573    0.05    98.86      2.93        78.39        45.92        32.47
           107   1053   -172.94832    0.05    98.91      2.93        78.40        45.85        32.55
           108    246   -173.02086    0.05    98.96      2.98        78.44        45.96        32.49
           109    755   -173.15863    0.04    99.00      3.06        78.52        46.15        32.37
           110   1051   -173.20580    0.04    99.04      3.09        78.55        45.91        32.65
           111    929   -173.25521    0.04    99.08      3.12        78.58        46.24        32.35
           112   1314   -173.26396    0.04    99.12      3.12        78.59        46.17        32.42
           113   1054   -173.28413    0.04    99.16      3.13        78.60        46.18        32.42
           114    223   -173.29070    0.04    99.19      3.14        78.60        45.96        32.65
           115    534   -173.30627    0.04    99.23      3.15        78.61        46.27        32.35
           116    817   -173.32340    0.04    99.26      3.16        78.62        45.53        33.10
           117    799   -173.62569    0.03    99.29      3.34        78.80        45.76        33.05
           118   1083   -173.63599    0.03    99.32      3.34        78.81        45.76        33.05
           119    409   -173.67797    0.03    99.34      3.37        78.83        46.33        32.50
           120   1308   -173.70255    0.02    99.37      3.38        78.85        46.16        32.68
           121    463   -173.77025    0.02    99.39      3.42        78.89        46.08        32.81
           122     84   -173.79533    0.02    99.41      3.44        78.90        46.40        32.50
           123    233   -173.80248    0.02    99.43      3.44        78.91        46.10        32.81
           124   1099   -173.82250    0.02    99.45      3.45        78.92        46.43        32.49
           125    859   -173.83711    0.02    99.48      3.46        78.93        45.99        32.94
           126    752   -173.86230    0.02    99.50      3.48        78.94        46.06        32.89
           127   1240   -173.97173    0.02    99.52      3.54        79.01        46.52        32.49
           128    749   -173.98441    0.02    99.53      3.55        79.02        46.51        32.50
           129   1370   -174.04651    0.02    99.55      3.59        79.05        46.37        32.68
           130   1356   -174.08630    0.02    99.57      3.61        79.08        46.57        32.50
           131    838   -174.09471    0.02    99.58      3.62        79.08        46.41        32.67
           132   1091   -174.12986    0.02    99.60      3.64        79.10        46.42        32.68
           133    807   -174.13061    0.02    99.62      3.64        79.10        46.12        32.98
           134    164   -174.14721    0.02    99.63      3.65        79.11        46.13        32.98
           135    829   -174.17064    0.02    99.65      3.66        79.13        46.46        32.67
           136    766   -174.21008    0.01    99.66      3.69        79.15        46.48        32.68
           137    533   -174.23856    0.01    99.68      3.70        79.17        46.70        32.47
           138    252   -174.27357    0.01    99.69      3.72        79.19        46.72        32.47
           139    538   -174.27895    0.01    99.70      3.73        79.19        46.52        32.68
           140    540   -174.32194    0.01    99.72      3.75        79.22        45.81        33.41
           141   1105   -174.32505    0.01    99.73      3.75        79.22        46.09        33.14
           142    746   -174.34276    0.01    99.74      3.76        79.23        46.56        32.68
           143    576   -174.38166    0.01    99.76      3.79        79.25        46.12        33.13
           144    711   -174.39307    0.01    99.77      3.79        79.26        46.64        32.62
           145    518   -174.43802    0.01    99.78      3.82        79.29        46.91        32.37
           146    133   -174.45572    0.01    99.79      3.83        79.30        46.71        32.59
           147    424   -174.46561    0.01    99.80      3.84        79.30        46.69        32.62
           148    242   -174.52856    0.01    99.81      3.88        79.34        46.76        32.59
           149    391   -174.53231    0.01    99.82      3.88        79.34        46.76        32.58
           150   1341   -174.54161    0.01    99.83      3.88        79.35        46.77        32.58
           151    815   -174.55525    0.01    99.84      3.89        79.36        46.98        32.38
           152   1241   -174.57950    0.01    99.85      3.91        79.37        46.85        32.52
          ------------------------------------------------------------------------------------------

          --------------------------------------------------------
          Potential Energy: E = (U+W) + H.O. Equipartion energy
          --------------------------------------------------------

          ------------------------------------------------------------------------------------------
          Rank    ID         E          U+W            U        W(PBSA)          PB           SA
          ------------------------------------------------------------------------------------------
             1    906        43.30        21.84        70.36       -48.52       -50.86         2.34
             2    994        43.42        21.96        70.75       -48.78       -51.11         2.33
             3     37        43.43        21.97        70.75       -48.78       -51.11         2.34
             4    484        43.69        22.23        71.14       -48.92       -51.25         2.34
             5    485        43.77        22.31        71.14       -48.83       -51.18         2.34
             6   1096        43.80        22.34        71.14       -48.80       -51.14         2.33
             7    775        43.58        22.12        71.48       -49.36       -51.65         2.29
             8   1288        43.62        22.16        71.48       -49.32       -51.60         2.28
             9    760        43.87        22.41        71.04       -48.63       -50.94         2.31
            10    472        43.88        22.42        71.04       -48.62       -50.94         2.32
            11    857        43.78        22.32        71.51       -49.19       -51.48         2.29
            12    230        43.78        22.32        71.51       -49.19       -51.48         2.29
            13    158        43.96        22.50        71.35       -48.85       -51.16         2.31
            14   1230        43.97        22.51        71.35       -48.84       -51.15         2.31
            15   1304        43.85        22.39        71.63       -49.24       -51.54         2.30
            16   1270        43.88        22.42        71.63       -49.21       -51.52         2.31
            17    573        43.93        22.46        71.43       -48.96       -51.24         2.27
            18   1018        43.95        22.49        71.42       -48.93       -51.23         2.30
            19    574        43.95        22.49        71.42       -48.93       -51.22         2.29
            20   1038        43.98        22.52        71.43       -48.91       -51.19         2.27
            21   1317        44.01        22.55        71.71       -49.15       -51.44         2.28
            22    550        44.01        22.55        71.72       -49.17       -51.49         2.32
            23    965        44.03        22.57        71.72       -49.15       -51.45         2.30
            24    816        44.06        22.60        71.71       -49.11       -51.41         2.30
            25    784        44.18        22.72        71.97       -49.25       -51.56         2.31
            26    747        44.19        22.72        71.97       -49.25       -51.54         2.30
            27    977        44.18        22.72        71.83       -49.11       -51.44         2.32
            28    250        44.18        22.71        71.73       -49.02       -51.33         2.31
            29   1069        44.21        22.75        71.83       -49.09       -51.41         2.32
            30    709        44.22        22.76        71.99       -49.24       -51.54         2.30
            31    808        44.21        22.75        71.73       -48.99       -51.30         2.31
            32    717        44.17        22.71        71.90       -49.20       -51.49         2.29
            33    165        44.12        22.66        72.04       -49.37       -51.68         2.31
            34    478        44.18        22.72        71.90       -49.18       -51.49         2.31
            35   1036        44.29        22.83        71.99       -49.16       -51.48         2.32
            36    554        44.33        22.87        71.90       -49.03       -51.33         2.30
            37    282        44.18        22.72        72.04       -49.32       -51.62         2.30
            38    422        44.33        22.87        71.81       -48.94       -51.23         2.29
            39    849        44.09        22.63        72.18       -49.55       -51.79         2.24
            40    201        44.34        22.88        71.81       -48.93       -51.26         2.33
            41    779        44.12        22.66        72.30       -49.64       -51.90         2.26
            42   1019        44.39        22.93        71.90       -48.98       -51.30         2.32
            43    444        44.14        22.68        72.28       -49.60       -51.85         2.25
            44   1107        44.15        22.69        72.18       -49.50       -51.76         2.26
            45   1347        44.17        22.71        72.28       -49.57       -51.82         2.25
            46   1231        44.19        22.73        71.87       -49.14       -51.40         2.26
            47    175        44.24        22.78        72.11       -49.34       -51.57         2.23
            48   1070        44.21        22.75        71.87       -49.12       -51.41         2.29
            49    283        44.25        22.79        72.24       -49.45       -51.69         2.24
            50   1065        44.14        22.68        72.35       -49.67       -51.91         2.24
            51   1085        44.14        22.68        72.35       -49.67       -51.90         2.23
            52   1266        44.27        22.81        72.24       -49.43       -51.69         2.25
            53   1072        44.29        22.83        72.11       -49.29       -51.56         2.27
            54   1344        44.33        22.87        72.22       -49.35       -51.62         2.27
            55    837        44.36        22.89        72.22       -49.32       -51.60         2.27
            56    264        44.45        22.98        72.18       -49.20       -51.48         2.29
            57   1114        44.23        22.77        72.22       -49.45       -51.68         2.23
            58   1263        44.25        22.78        72.26       -49.47       -51.71         2.24
            59    750        44.26        22.79        72.22       -49.42       -51.68         2.26
            60   1259        44.35        22.89        72.55       -49.66       -51.92         2.26
            61    809        44.27        22.81        72.26       -49.44       -51.71         2.26
            62   1316        44.53        23.06        72.30       -49.23       -51.50         2.27
            63    734        44.55        23.08        72.30       -49.21       -51.50         2.28
            64    385        44.33        22.87        72.45       -49.59       -51.82         2.23
            65   1340        44.47        23.01        72.45       -49.44       -51.70         2.26
            66    736        44.52        23.06        72.39       -49.33       -51.59         2.27
            67    504        44.49        23.03        72.45       -49.42       -51.69         2.27
            68    431        44.40        22.94        72.45       -49.52       -51.80         2.28
            69    530        44.59        23.13        72.39       -49.26       -51.51         2.25
            70     91        44.77        23.31        72.58       -49.27       -51.54         2.27
            71   1117        44.37        22.91        72.93       -50.01       -52.19         2.18
            72    511        44.34        22.88        72.76       -49.88       -52.09         2.20
            73    944        44.82        23.36        72.58       -49.22       -51.50         2.28
            74    272        44.40        22.94        72.93       -49.99       -52.18         2.19
            75   1060        44.36        22.90        72.76       -49.86       -52.06         2.20
            76    132        44.80        23.34        72.65       -49.31       -51.57         2.26
            77    568        44.70        23.24        72.71       -49.47       -51.72         2.25
            78     65        44.84        23.38        72.65       -49.27       -51.52         2.25
            79    818        45.19        23.72        72.99       -49.27       -51.55         2.28
            80   1369        44.74        23.28        72.71       -49.43       -51.68         2.25
            81    205        44.56        23.10        72.74       -49.64       -51.85         2.21
            82   1008        44.58        23.11        72.74       -49.63       -51.87         2.24
            83   1104        44.55        23.09        72.94       -49.85       -52.09         2.24
            84    821        44.56        23.10        72.94       -49.84       -52.06         2.22
            85    402        44.76        23.30        73.04       -49.75       -51.97         2.22
            86   1216        44.76        23.30        73.04       -49.74       -52.02         2.28
            87   1015        45.06        23.59        72.88       -49.28       -51.55         2.27
            88    256        45.06        23.60        72.88       -49.28       -51.58         2.30
            89   1345        44.80        23.34        73.12       -49.78       -52.01         2.23
            90    502        44.61        23.14        72.96       -49.82       -52.04         2.22
            91    509        44.62        23.16        72.96       -49.80       -52.05         2.25
            92    556        44.83        23.37        73.12       -49.75       -51.99         2.23
            93   1118        45.76        24.30        73.88       -49.58       -51.85         2.27
            94   1357        44.77        23.31        72.85       -49.54       -51.77         2.23
            95    536        44.87        23.40        72.85       -49.45       -51.68         2.23
            96     88        44.70        23.24        73.34       -50.10       -52.28         2.17
            97    269        45.68        24.21        73.67       -49.45       -51.66         2.21
            98    683        44.79        23.33        73.34       -50.01       -52.18         2.17
            99   1368        45.55        24.09        73.66       -49.58       -51.84         2.26
           100    846        45.57        24.11        73.57       -49.46       -51.70         2.24
           101   1355        45.58        24.12        73.57       -49.45       -51.70         2.25
           102   1330        45.58        24.12        73.68       -49.56       -51.79         2.23
           103    972        45.93        24.47        74.36       -49.89       -52.13         2.24
           104   1293        45.75        24.29        73.76       -49.47       -51.70         2.23
           105   1306        45.90        24.44        73.89       -49.46       -51.73         2.28
           106    163        45.92        24.46        73.84       -49.38       -51.64         2.26
           107   1053        45.85        24.39        73.76       -49.37       -51.64         2.28
           108    246        45.96        24.49        73.89       -49.40       -51.70         2.30
           109    755        46.15        24.69        74.43       -49.74       -51.98         2.24
           110   1051        45.91        24.44        74.23       -49.79       -52.04         2.26
           111    929        46.24        24.78        73.98       -49.21       -51.49         2.28
           112   1314        46.17        24.71        74.31       -49.60       -51.86         2.27
           113   1054        46.18        24.72        74.31       -49.58       -51.86         2.28
           114    223        45.96        24.49        74.23       -49.73       -51.99         2.25
           115    534        46.27        24.81        73.98       -49.18       -51.45         2.27
           116    817        45.53        24.07        74.11       -50.04       -52.24         2.20
           117    799        45.76        24.30        74.19       -49.90       -52.09         2.19
           118   1083        45.76        24.30        74.19       -49.89       -52.10         2.21
           119    409        46.33        24.87        74.07       -49.20       -51.48         2.27
           120   1308        46.16        24.70        74.47       -49.76       -52.03         2.26
           121    463        46.08        24.62        74.31       -49.69       -51.90         2.21
           122     84        46.40        24.94        74.07       -49.13       -51.42         2.29
           123    233        46.10        24.64        74.31       -49.67       -51.87         2.20
           124   1099        46.43        24.97        74.13       -49.17       -51.47         2.30
           125    859        45.99        24.53        74.34       -49.81       -52.01         2.20
           126    752        46.06        24.59        74.26       -49.67       -51.88         2.21
           127   1240        46.52        25.06        74.58       -49.53       -51.79         2.26
           128    749        46.51        25.05        74.90       -49.85       -52.06         2.21
           129   1370        46.37        24.91        74.40       -49.49       -51.72         2.23
           130   1356        46.57        25.11        74.90       -49.79       -51.98         2.20
           131    838        46.41        24.95        74.48       -49.53       -51.78         2.25
           132   1091        46.42        24.96        74.40       -49.44       -51.68         2.24
           133    807        46.12        24.66        74.25       -49.59       -51.81         2.22
           134    164        46.13        24.67        74.25       -49.58       -51.81         2.23
           135    829        46.46        24.99        74.46       -49.47       -51.71         2.25
           136    766        46.48        25.01        74.46       -49.44       -51.69         2.25
           137    533        46.70        25.24        74.47       -49.24       -51.48         2.24
           138    252        46.72        25.26        74.47       -49.22       -51.46         2.24
           139    538        46.52        25.05        75.03       -49.98       -52.18         2.20
           140    540        45.81        24.35        74.53       -50.19       -52.35         2.16
           141   1105        46.09        24.62        74.63       -50.01       -52.19         2.18
           142    746        46.56        25.09        75.03       -49.94       -52.15         2.21
           143    576        46.12        24.66        74.63       -49.97       -52.19         2.22
           144    711        46.64        25.18        74.52       -49.34       -51.57         2.23
           145    518        46.91        25.45        74.71       -49.26       -51.54         2.27
           146    133        46.71        25.25        74.61       -49.36       -51.61         2.25
           147    424        46.69        25.22        74.52       -49.29       -51.56         2.27
           148    242        46.76        25.29        74.61       -49.31       -51.57         2.25
           149    391        46.76        25.30        74.59       -49.29       -51.54         2.25
           150   1341        46.77        25.31        74.59       -49.29       -51.54         2.25
           151    815        46.98        25.52        74.71       -49.19       -51.48         2.29
           152   1241        46.85        25.39        74.85       -49.47       -51.72         2.25
          ------------------------------------------------------------------------------------------

          ----------------------------------------
          Gas Phase Internal Potential Energy: U
          ----------------------------------------

          ------------------------------------------------------------------------------------------
          Rank    ID         U         Valence     Coulomb        VdW         VdW6        VdW12
          ------------------------------------------------------------------------------------------
             1    906        70.36         1.71        68.48         0.16        -5.27         5.43
             2    994        70.75         1.99        68.32         0.43        -5.97         6.40
             3     37        70.75         1.99        68.32         0.43        -5.97         6.40
             4    484        71.14         1.84        69.10         0.21        -5.85         6.05
             5    485        71.14         2.02        68.93         0.19        -5.90         6.09
             6   1096        71.14         2.02        68.93         0.19        -5.90         6.09
             7    775        71.48         2.08        69.00         0.40        -6.75         7.15
             8   1288        71.48         2.08        69.00         0.40        -6.75         7.15
             9    760        71.04         2.22        68.52         0.30        -5.88         6.18
            10    472        71.04         2.22        68.52         0.30        -5.88         6.18
            11    857        71.51         2.29        68.78         0.44        -6.61         7.05
            12    230        71.51         2.29        68.78         0.44        -6.61         7.05
            13    158        71.35         2.26        68.81         0.28        -5.92         6.20
            14   1230        71.35         2.26        68.81         0.28        -5.92         6.20
            15   1304        71.63         2.31        68.82         0.49        -6.57         7.06
            16   1270        71.63         2.31        68.82         0.49        -6.57         7.06
            17    573        71.43         2.50        68.36         0.56        -6.59         7.15
            18   1018        71.42         2.50        68.36         0.56        -6.59         7.15
            19    574        71.42         2.50        68.36         0.56        -6.59         7.15
            20   1038        71.43         2.50        68.36         0.56        -6.59         7.15
            21   1317        71.71         2.54        68.63         0.54        -6.65         7.18
            22    550        71.72         2.54        68.64         0.54        -6.63         7.17
            23    965        71.72         2.54        68.64         0.54        -6.63         7.17
            24    816        71.71         2.54        68.63         0.54        -6.65         7.18
            25    784        71.97         2.34        69.30         0.33        -6.49         6.81
            26    747        71.97         2.34        69.30         0.33        -6.49         6.81
            27    977        71.83         2.34        69.16         0.33        -6.48         6.80
            28    250        71.73         2.51        68.93         0.30        -6.53         6.83
            29   1069        71.83         2.34        69.16         0.33        -6.48         6.81
            30    709        71.99         2.38        69.31         0.30        -6.51         6.81
            31    808        71.73         2.51        68.93         0.30        -6.53         6.83
            32    717        71.90         2.13        69.69         0.09        -6.77         6.86
            33    165        72.04         2.48        69.41         0.14        -6.88         7.03
            34    478        71.90         2.13        69.69         0.09        -6.77         6.86
            35   1036        71.99         2.38        69.31         0.30        -6.51         6.81
            36    554        71.90         2.41        69.13         0.36        -6.46         6.82
            37    282        72.04         2.48        69.41         0.14        -6.88         7.02
            38    422        71.81         2.57        68.88         0.36        -6.47         6.83
            39    849        72.18         2.59        69.07         0.52        -7.38         7.90
            40    201        71.81         2.57        68.88         0.36        -6.47         6.83
            41    779        72.30         2.59        69.20         0.51        -7.41         7.92
            42   1019        71.90         2.41        69.13         0.36        -6.46         6.82
            43    444        72.28         2.62        69.20         0.47        -7.47         7.93
            44   1107        72.18         2.59        69.07         0.52        -7.38         7.90
            45   1347        72.28         2.62        69.20         0.47        -7.47         7.93
            46   1231        71.87         2.68        68.93         0.26        -6.83         7.09
            47    175        72.11         2.78        68.78         0.55        -7.24         7.79
            48   1070        71.87         2.68        68.93         0.26        -6.83         7.09
            49    283        72.24         2.66        69.02         0.56        -7.36         7.91
            50   1065        72.35         2.74        69.27         0.34        -7.70         8.04
            51   1085        72.35         2.74        69.27         0.34        -7.70         8.04
            52   1266        72.24         2.66        69.02         0.56        -7.36         7.91
            53   1072        72.11         2.78        68.78         0.55        -7.24         7.79
            54   1344        72.22         2.80        68.81         0.60        -7.20         7.80
            55    837        72.22         2.80        68.81         0.60        -7.20         7.80
            56    264        72.18         2.84        68.73         0.61        -7.18         7.80
            57   1114        72.22         2.96        68.76         0.50        -7.59         8.09
            58   1263        72.26         2.96        68.78         0.51        -7.55         8.07
            59    750        72.22         2.96        68.76         0.50        -7.59         8.09
            60   1259        72.55         2.78        69.32         0.45        -7.54         7.99
            61    809        72.26         2.96        68.78         0.51        -7.55         8.07
            62   1316        72.30         2.87        68.76         0.66        -7.14         7.81
            63    734        72.30         2.87        68.76         0.66        -7.14         7.81
            64    385        72.45         2.91        69.43         0.11        -7.76         7.88
            65   1340        72.45         2.61        69.81         0.03        -7.73         7.76
            66    736        72.39         2.83        69.22         0.34        -7.38         7.72
            67    504        72.45         2.61        69.81         0.03        -7.73         7.76
            68    431        72.45         2.91        69.43         0.11        -7.77         7.88
            69    530        72.39         2.83        69.22         0.34        -7.38         7.72
            70     91        72.58         2.68        69.62         0.28        -7.33         7.61
            71   1117        72.93         3.01        69.58         0.34        -8.61         8.94
            72    511        72.76         3.17        69.30         0.29        -8.61         8.91
            73    944        72.58         2.68        69.62         0.28        -7.33         7.61
            74    272        72.93         3.01        69.58         0.34        -8.61         8.94
            75   1060        72.76         3.17        69.30         0.29        -8.62         8.91
            76    132        72.65         2.61        69.87         0.17        -7.46         7.63
            77    568        72.71         2.79        69.68         0.24        -7.47         7.71
            78     65        72.65         2.61        69.87         0.17        -7.46         7.63
            79    818        72.99         3.86        68.74         0.40        -6.84         7.24
            80   1369        72.71         2.79        69.68         0.24        -7.47         7.71
            81    205        72.74         3.08        69.13         0.53        -8.28         8.81
            82   1008        72.74         3.08        69.13         0.53        -8.28         8.81
            83   1104        72.94         2.86        69.81         0.26        -8.51         8.77
            84    821        72.94         2.86        69.81         0.26        -8.51         8.77
            85    402        73.04         2.94        69.63         0.48        -8.18         8.66
            86   1216        73.04         2.94        69.63         0.48        -8.18         8.66
            87   1015        72.88         3.73        68.87         0.28        -6.95         7.22
            88    256        72.88         3.73        68.87         0.28        -6.95         7.22
            89   1345        73.12         2.87        69.89         0.37        -8.31         8.68
            90    502        72.96         3.20        69.35         0.41        -8.43         8.85
            91    509        72.96         3.20        69.35         0.41        -8.43         8.85
            92    556        73.12         2.87        69.89         0.37        -8.31         8.68
            93   1118        73.88         4.36        69.05         0.48        -7.51         7.99
            94   1357        72.85         3.04        69.79         0.03        -8.58         8.60
            95    536        72.85         3.04        69.79         0.03        -8.58         8.60
            96     88        73.34         3.29        69.80         0.25        -9.37         9.62
            97    269        73.67         4.36        68.78         0.52        -7.47         7.99
            98    683        73.34         3.29        69.80         0.25        -9.37         9.62
            99   1368        73.66         4.22        69.07         0.38        -7.61         7.99
           100    846        73.57         4.23        68.95         0.38        -7.61         7.99
           101   1355        73.57         4.23        68.95         0.38        -7.61         7.99
           102   1330        73.68         4.24        69.06         0.38        -7.63         8.01
           103    972        74.36         3.85        70.39         0.13        -7.96         8.08
           104   1293        73.76         4.42        68.89         0.45        -7.49         7.94
           105   1306        73.89         4.11        69.67         0.11        -7.00         7.11
           106    163        73.84         4.49        68.80         0.55        -7.48         8.03
           107   1053        73.76         4.42        68.89         0.45        -7.49         7.94
           108    246        73.89         4.11        69.67         0.11        -7.00         7.11
           109    755        74.43         3.64        70.62         0.17        -7.76         7.93
           110   1051        74.23         4.38        69.55         0.30        -7.81         8.11
           111    929        73.98         3.35        70.65        -0.02        -6.98         6.96
           112   1314        74.31         4.51        69.36         0.43        -7.51         7.94
           113   1054        74.31         4.51        69.36         0.43        -7.51         7.94
           114    223        74.23         4.38        69.55         0.30        -7.81         8.11
           115    534        73.98         3.35        70.65        -0.02        -6.98         6.96
           116    817        74.11         4.50        69.63        -0.03        -8.97         8.95
           117    799        74.19         4.60        69.49         0.10        -8.80         8.91
           118   1083        74.19         4.60        69.49         0.10        -8.80         8.91
           119    409        74.07         4.69        69.11         0.27        -6.81         7.08
           120   1308        74.47         4.43        69.61         0.43        -7.65         8.08
           121    463        74.31         4.91        68.87         0.53        -8.39         8.91
           122     84        74.07         4.69        69.11         0.27        -6.81         7.08
           123    233        74.31         4.91        68.87         0.53        -8.39         8.92
           124   1099        74.13         4.71        69.14         0.28        -6.80         7.08
           125    859        74.34         4.64        69.39         0.31        -8.57         8.89
           126    752        74.26         4.84        69.00         0.43        -8.43         8.85
           127   1240        74.58         4.29        70.23         0.06        -7.67         7.74
           128    749        74.90         4.08        70.54         0.27        -8.42         8.69
           129   1370        74.40         4.96        68.94         0.49        -7.59         8.08
           130   1356        74.90         4.08        70.54         0.27        -8.42         8.69
           131    838        74.48         4.98        68.97         0.53        -7.55         8.08
           132   1091        74.40         4.96        68.94         0.49        -7.59         8.08
           133    807        74.25         4.61        69.76        -0.12        -8.15         8.04
           134    164        74.25         4.61        69.76        -0.11        -8.15         8.04
           135    829        74.46         4.97        68.96         0.53        -7.53         8.05
           136    766        74.46         4.98        68.96         0.52        -7.57         8.09
           137    533        74.47         3.79        70.59         0.09        -7.60         7.70
           138    252        74.47         3.79        70.59         0.09        -7.60         7.70
           139    538        75.03         4.54        70.17         0.32        -8.48         8.81
           140    540        74.53         4.95        69.62        -0.03        -9.81         9.78
           141   1105        74.63         4.88        69.65         0.10        -8.91         9.01
           142    746        75.03         4.54        70.17         0.32        -8.48         8.81
           143    576        74.63         4.88        69.65         0.10        -8.91         9.01
           144    711        74.52         4.84        69.33         0.34        -7.37         7.71
           145    518        74.71         4.00        70.54         0.18        -7.48         7.65
           146    133        74.61         4.82        69.47         0.32        -7.37         7.69
           147    424        74.52         4.84        69.33         0.34        -7.37         7.71
           148    242        74.61         4.82        69.47         0.32        -7.37         7.69
           149    391        74.59         4.89        69.33         0.38        -7.33         7.71
           150   1341        74.59         4.89        69.33         0.38        -7.33         7.71
           151    815        74.71         4.00        70.54         0.18        -7.48         7.65
           152   1241        74.85         5.10        69.48         0.28        -7.40         7.68
          ------------------------------------------------------------------------------------------

          -------------------------------
          Bonded Energy Terms: Valence
          -------------------------------

          ------------------------------------------------------------------------------------------
          Rank    ID     Valence       Bond        Angle         Pdih         Idih       Tether
          ------------------------------------------------------------------------------------------
             1    906         1.71         0.13         0.35         1.24         0.00         0.00
             2    994         1.99         0.16         0.47         1.36         0.00         0.00
             3     37         1.99         0.16         0.47         1.36         0.00         0.00
             4    484         1.84         0.14         0.41         1.28         0.00         0.00
             5    485         2.02         0.15         0.48         1.39         0.00         0.00
             6   1096         2.02         0.15         0.48         1.39         0.00         0.00
             7    775         2.08         0.18         0.58         1.32         0.00         0.00
             8   1288         2.08         0.18         0.58         1.32         0.00         0.00
             9    760         2.22         0.16         0.60         1.47         0.00         0.00
            10    472         2.22         0.16         0.60         1.47         0.00         0.00
            11    857         2.29         0.18         0.59         1.52         0.00         0.00
            12    230         2.29         0.18         0.59         1.52         0.00         0.00
            13    158         2.26         0.16         0.62         1.47         0.00         0.00
            14   1230         2.26         0.16         0.62         1.48         0.00         0.00
            15   1304         2.31         0.19         0.61         1.52         0.00         0.00
            16   1270         2.31         0.19         0.61         1.52         0.00         0.00
            17    573         2.50         0.20         0.72         1.59         0.00         0.00
            18   1018         2.50         0.20         0.72         1.59         0.00         0.00
            19    574         2.50         0.20         0.72         1.59         0.00         0.00
            20   1038         2.50         0.20         0.72         1.59         0.00         0.00
            21   1317         2.54         0.20         0.74         1.60         0.00         0.00
            22    550         2.54         0.20         0.75         1.59         0.00         0.00
            23    965         2.54         0.20         0.75         1.59         0.00         0.00
            24    816         2.54         0.20         0.74         1.60         0.00         0.00
            25    784         2.34         0.18         0.65         1.51         0.00         0.00
            26    747         2.34         0.18         0.65         1.51         0.00         0.00
            27    977         2.34         0.18         0.66         1.51         0.00         0.00
            28    250         2.51         0.18         0.69         1.63         0.00         0.00
            29   1069         2.34         0.18         0.66         1.51         0.00         0.00
            30    709         2.38         0.18         0.66         1.53         0.00         0.00
            31    808         2.51         0.18         0.69         1.63         0.00         0.00
            32    717         2.13         0.17         0.62         1.34         0.00         0.00
            33    165         2.48         0.19         0.85         1.43         0.00         0.00
            34    478         2.13         0.17         0.62         1.34         0.00         0.00
            35   1036         2.38         0.18         0.66         1.53         0.00         0.00
            36    554         2.41         0.19         0.71         1.51         0.00         0.00
            37    282         2.48         0.19         0.85         1.43         0.00         0.00
            38    422         2.57         0.19         0.75         1.63         0.00         0.00
            39    849         2.59         0.22         0.82         1.56         0.00         0.00
            40    201         2.57         0.19         0.75         1.63         0.00         0.00
            41    779         2.59         0.22         0.82         1.55         0.00         0.00
            42   1019         2.41         0.19         0.71         1.51         0.00         0.00
            43    444         2.62         0.22         0.81         1.58         0.00         0.00
            44   1107         2.59         0.22         0.82         1.56         0.00         0.00
            45   1347         2.62         0.22         0.81         1.58         0.00         0.00
            46   1231         2.68         0.21         1.00         1.47         0.00         0.00
            47    175         2.78         0.22         0.80         1.76         0.00         0.00
            48   1070         2.68         0.21         1.00         1.47         0.00         0.00
            49    283         2.66         0.23         0.88         1.55         0.00         0.00
            50   1065         2.74         0.23         0.95         1.56         0.00         0.00
            51   1085         2.74         0.23         0.95         1.56         0.00         0.00
            52   1266         2.66         0.23         0.88         1.55         0.00         0.00
            53   1072         2.78         0.22         0.80         1.76         0.00         0.00
            54   1344         2.80         0.22         0.82         1.76         0.00         0.00
            55    837         2.80         0.22         0.82         1.76         0.00         0.00
            56    264         2.84         0.23         0.86         1.76         0.00         0.00
            57   1114         2.96         0.24         1.12         1.59         0.00         0.00
            58   1263         2.96         0.24         1.12         1.59         0.00         0.00
            59    750         2.96         0.24         1.12         1.59         0.00         0.00
            60   1259         2.78         0.23         0.99         1.55         0.00         0.00
            61    809         2.96         0.24         1.12         1.59         0.00         0.00
            62   1316         2.87         0.23         0.88         1.76         0.00         0.00
            63    734         2.87         0.23         0.88         1.76         0.00         0.00
            64    385         2.91         0.23         1.17         1.51         0.00         0.00
            65   1340         2.61         0.21         0.95         1.44         0.00         0.00
            66    736         2.83         0.23         1.10         1.50         0.00         0.00
            67    504         2.61         0.21         0.95         1.44         0.00         0.00
            68    431         2.91         0.23         1.17         1.51         0.00         0.00
            69    530         2.83         0.23         1.10         1.50         0.00         0.00
            70     91         2.68         0.21         0.91         1.55         0.00         0.00
            71   1117         3.01         0.27         1.18         1.56         0.00         0.00
            72    511         3.17         0.27         1.27         1.63         0.00         0.00
            73    944         2.68         0.21         0.91         1.55         0.00         0.00
            74    272         3.01         0.27         1.18         1.56         0.00         0.00
            75   1060         3.17         0.27         1.27         1.63         0.00         0.00
            76    132         2.61         0.20         0.83         1.58         0.00         0.00
            77    568         2.79         0.22         1.03         1.54         0.00         0.00
            78     65         2.61         0.20         0.83         1.58         0.00         0.00
            79    818         3.86         0.20         0.97         2.69         0.00         0.00
            80   1369         2.79         0.22         1.03         1.54         0.00         0.00
            81    205         3.08         0.27         1.28         1.53         0.00         0.00
            82   1008         3.08         0.27         1.28         1.53         0.00         0.00
            83   1104         2.86         0.25         1.08         1.53         0.00         0.00
            84    821         2.86         0.25         1.08         1.53         0.00         0.00
            85    402         2.94         0.25         1.04         1.65         0.00         0.00
            86   1216         2.94         0.25         1.04         1.65         0.00         0.00
            87   1015         3.73         0.19         0.83         2.71         0.00         0.00
            88    256         3.73         0.19         0.83         2.71         0.00         0.00
            89   1345         2.87         0.25         0.96         1.66         0.00         0.00
            90    502         3.20         0.27         1.31         1.63         0.00         0.00
            91    509         3.20         0.27         1.31         1.63         0.00         0.00
            92    556         2.87         0.25         0.96         1.66         0.00         0.00
            93   1118         4.36         0.24         1.27         2.85         0.00         0.00
            94   1357         3.04         0.25         1.27         1.51         0.00         0.00
            95    536         3.04         0.25         1.27         1.51         0.00         0.00
            96     88         3.29         0.29         1.40         1.60         0.00         0.00
            97    269         4.36         0.23         1.23         2.90         0.00         0.00
            98    683         3.29         0.29         1.40         1.60         0.00         0.00
            99   1368         4.22         0.23         1.07         2.93         0.00         0.00
           100    846         4.23         0.22         1.07         2.94         0.00         0.00
           101   1355         4.23         0.22         1.07         2.94         0.00         0.00
           102   1330         4.24         0.22         1.07         2.94         0.00         0.00
           103    972         3.85         0.23         1.28         2.33         0.00         0.00
           104   1293         4.42         0.23         1.15         3.04         0.00         0.00
           105   1306         4.11         0.20         1.12         2.79         0.00         0.00
           106    163         4.49         0.24         1.17         3.08         0.00         0.00
           107   1053         4.42         0.23         1.15         3.04         0.00         0.00
           108    246         4.11         0.20         1.12         2.79         0.00         0.00
           109    755         3.64         0.22         1.18         2.24         0.00         0.00
           110   1051         4.38         0.23         1.22         2.92         0.00         0.00
           111    929         3.35         0.18         0.94         2.24         0.00         0.00
           112   1314         4.51         0.24         1.21         3.07         0.00         0.00
           113   1054         4.51         0.24         1.21         3.07         0.00         0.00
           114    223         4.38         0.23         1.22         2.92         0.00         0.00
           115    534         3.35         0.18         0.94         2.23         0.00         0.00
           116    817         4.50         0.26         1.56         2.68         0.00         0.00
           117    799         4.60         0.26         1.46         2.88         0.00         0.00
           118   1083         4.60         0.26         1.46         2.88         0.00         0.00
           119    409         4.69         0.21         1.13         3.34         0.00         0.00
           120   1308         4.43         0.24         1.21         2.98         0.00         0.00
           121    463         4.91         0.28         1.57         3.06         0.00         0.00
           122     84         4.69         0.21         1.13         3.34         0.00         0.00
           123    233         4.91         0.28         1.57         3.06         0.00         0.00
           124   1099         4.71         0.21         1.17         3.33         0.00         0.00
           125    859         4.64         0.27         1.43         2.95         0.00         0.00
           126    752         4.84         0.27         1.56         3.00         0.00         0.00
           127   1240         4.29         0.23         1.38         2.69         0.00         0.00
           128    749         4.08         0.26         1.37         2.46         0.00         0.00
           129   1370         4.96         0.25         1.24         3.47         0.00         0.00
           130   1356         4.08         0.26         1.37         2.46         0.00         0.00
           131    838         4.98         0.25         1.29         3.44         0.00         0.00
           132   1091         4.96         0.25         1.24         3.47         0.00         0.00
           133    807         4.61         0.24         1.67         2.70         0.00         0.00
           134    164         4.61         0.24         1.67         2.70         0.00         0.00
           135    829         4.97         0.25         1.26         3.46         0.00         0.00
           136    766         4.98         0.25         1.29         3.45         0.00         0.00
           137    533         3.79         0.21         1.12         2.46         0.00         0.00
           138    252         3.79         0.21         1.12         2.46         0.00         0.00
           139    538         4.54         0.27         1.46         2.81         0.00         0.00
           140    540         4.95         0.30         1.88         2.77         0.00         0.00
           141   1105         4.88         0.27         1.76         2.85         0.00         0.00
           142    746         4.54         0.27         1.46         2.81         0.00         0.00
           143    576         4.88         0.27         1.76         2.85         0.00         0.00
           144    711         4.84         0.23         1.15         3.46         0.00         0.00
           145    518         4.00         0.22         1.25         2.53         0.00         0.00
           146    133         4.82         0.23         1.21         3.39         0.00         0.00
           147    424         4.84         0.23         1.15         3.46         0.00         0.00
           148    242         4.82         0.23         1.21         3.39         0.00         0.00
           149    391         4.89         0.23         1.25         3.40         0.00         0.00
           150   1341         4.89         0.23         1.25         3.40         0.00         0.00
           151    815         4.00         0.22         1.25         2.53         0.00         0.00
           152   1241         5.10         0.25         1.39         3.46         0.00         0.00
          ------------------------------------------------------------------------------------------

          Calculating single reference conformer RMSDs ...

          ---------------------------------
          Conformer RMSDs are in Angstroms.
          ---------------------------------

          ------------------------------------------------------------------------------------------
                              RMSD wrt Input Crd                    RMSD wrt Rank 1
                         ---------------------------------------------------------------------------
          Rank    ID        Complex    Receptor  Ligand          Complex    Receptor  Ligand
          ------------------------------------------------------------------------------------------
             1    906                             0.020                               0.000
             2    994                             1.721                               1.721
             3     37                             0.794                               0.775
             4    484                             0.657                               0.681
             5    485                             1.952                               2.041
             6   1096                             1.387                               1.635
             7    775                             1.378                               1.259
             8   1288                             1.156                               1.170
             9    760                             0.674                               0.692
            10    472                             0.674                               0.692
            11    857                             1.224                               1.224
            12    230                             1.858                               1.876
            13    158                             1.431                               1.427
            14   1230                             1.000                               1.091
            15   1304                             0.715                               0.711
            16   1270                             0.938                               0.935
            17    573                             1.099                               1.188
            18   1018                             0.912                               1.079
            19    574                             1.537                               1.002
            20   1038                             1.207                               1.211
            21   1317                             1.630                               1.587
            22    550                             1.349                               1.349
            23    965                             0.993                               0.981
            24    816                             1.787                               1.842
            25    784                             1.799                               1.802
            26    747                             1.860                               1.521
            27    977                             0.952                               0.964
            28    250                             1.227                               1.205
            29   1069                             0.952                               0.964
            30    709                             1.027                               1.877
            31    808                             1.049                               1.165
            32    717                             1.792                               2.040
            33    165                             1.683                               1.650
            34    478                             1.819                               1.703
            35   1036                             1.447                               1.690
            36    554                             1.260                               1.353
            37    282                             1.745                               2.360
            38    422                             0.691                               0.854
            39    849                             1.514                               1.472
            40    201                             0.691                               0.854
            41    779                             1.622                               1.905
            42   1019                             1.325                               1.415
            43    444                             1.766                               1.687
            44   1107                             1.330                               1.411
            45   1347                             1.767                               1.678
            46   1231                             1.318                               1.322
            47    175                             1.435                               1.587
            48   1070                             1.259                               1.267
            49    283                             0.958                               0.948
            50   1065                             2.235                               1.968
            51   1085                             2.294                               2.358
            52   1266                             0.959                               0.949
            53   1072                             1.357                               1.514
            54   1344                             0.920                               0.930
            55    837                             1.141                               1.146
            56    264                             1.534                               1.525
            57   1114                             1.980                               1.946
            58   1263                             1.769                               1.891
            59    750                             2.052                               1.936
            60   1259                             1.229                               1.224
            61    809                             1.796                               1.985
            62   1316                             0.932                               1.055
            63    734                             1.067                               0.939
            64    385                             1.728                               1.741
            65   1340                             2.123                               2.108
            66    736                             1.214                               1.216
            67    504                             2.185                               2.144
            68    431                             1.833                               1.813
            69    530                             1.423                               1.492
            70     91                             1.242                               1.241
            71   1117                             2.087                               2.052
            72    511                             2.208                               2.091
            73    944                             1.129                               1.241
            74    272                             1.955                               1.984
            75   1060                             2.139                               2.102
            76    132                             1.995                               2.123
            77    568                             1.614                               1.807
            78     65                             2.097                               2.100
            79    818                             1.069                               1.089
            80   1369                             1.703                               1.973
            81    205                             1.586                               1.581
            82   1008                             1.492                               1.517
            83   1104                             1.832                               1.857
            84    821                             1.918                               1.980
            85    402                             1.641                               1.651
            86   1216                             1.402                               1.469
            87   1015                             0.968                               0.982
            88    256                             0.968                               0.982
            89   1345                             1.784                               1.790
            90    502                             1.555                               1.578
            91    509                             2.030                               1.968
            92    556                             1.667                               1.792
            93   1118                             1.749                               1.821
            94   1357                             1.882                               1.922
            95    536                             1.749                               1.803
            96     88                             1.879                               2.024
            97    269                             1.699                               1.628
            98    683                             2.037                               2.032
            99   1368                             1.567                               1.662
           100    846                             1.655                               1.667
           101   1355                             1.649                               1.597
           102   1330                             2.000                               1.957
           103    972                             2.161                               2.137
           104   1293                             1.488                               1.405
           105   1306                             2.004                               2.036
           106    163                             1.647                               1.492
           107   1053                             1.550                               1.562
           108    246                             1.839                               1.907
           109    755                             2.563                               2.390
           110   1051                             2.284                               2.198
           111    929                             1.960                               2.152
           112   1314                             2.574                               2.063
           113   1054                             1.798                               2.088
           114    223                             2.421                               2.099
           115    534                             2.109                               1.988
           116    817                             2.530                               2.325
           117    799                             1.869                               1.847
           118   1083                             1.952                               1.914
           119    409                             1.180                               1.181
           120   1308                             1.593                               1.701
           121    463                             2.002                               2.087
           122     84                             1.295                               1.295
           123    233                             2.110                               2.042
           124   1099                             1.156                               1.051
           125    859                             1.846                               2.030
           126    752                             1.652                               1.686
           127   1240                             2.274                               2.301
           128    749                             1.971                               2.039
           129   1370                             1.850                               1.818
           130   1356                             1.801                               1.840
           131    838                             1.665                               1.611
           132   1091                             1.874                               1.886
           133    807                             2.108                               2.120
           134    164                             1.914                               1.927
           135    829                             1.798                               1.675
           136    766                             2.027                               1.974
           137    533                             1.827                               1.938
           138    252                             1.770                               2.069
           139    538                             1.818                               1.594
           140    540                             2.322                               2.263
           141   1105                             2.294                               2.197
           142    746                             1.741                               1.846
           143    576                             2.443                               2.481
           144    711                             1.683                               1.644
           145    518                             1.788                               1.816
           146    133                             1.442                               1.479
           147    424                             1.353                               1.371
           148    242                             1.415                               1.465
           149    391                             1.312                               1.414
           150   1341                             1.855                               1.900
           151    815                             1.846                               1.867
           152   1241                             1.800                               1.747
          ------------------------------------------------------------------------------------------

          --------------------------------
          Final Boltzmann Averaged Data.
          --------------------------------

          -------------------------------------------------------------------
          Results of Boltzmann Averaging Over All  200 Conformers (kcal/mol).
          -------------------------------------------------------------------

          Free Energy                        G              73.8904125134
          Average Potential Energy         < E >            44.0066529964
          Entropy                           -TS             29.8837595170
          -------------------------------------------------------------------

          Average Potential Energy < E > Components.

          < U >                    71.6430376409
          < W(PBSA) >             -49.0981395534
          < H.O. P.E. >            21.4618296448

          Average Solvation Energy < W(PBSA) > Components.

          < PB >                  -51.3948330736
          < SA >                    2.2966935202

          Average Gas Phase Internal Potential Energy < U > Components.

          < Valence >               2.3929251762
          < Coulomb >              68.8883994386
          < VdW >                   0.3617130261

          Average Van der Waals Energy < VdW > Components.

          < VdW6  >                -6.5870857226
          < VdW12 >                 6.9487987487

          Average Bonded Energy < Valence > Components.

          < Bond >                  0.1865345757
          < Angle >                 0.6907752623
          < Pdihed >                1.5156153382
          < Idihed >                0.0000000000
          < Tether >                0.0000000000

          -------------------------------------------------------------------
                        End of VM2 Calculation Results Summary.
          -------------------------------------------------------------------


     Total cpu time for run         36.48 seconds.
                                     0.61 minutes.

     Total wall time for run        36.93 seconds.
                                     0.62 minutes.

     TIME STAMP: VCPack job finished normally : Saturday, August 06, 2022 at 17:08:44
