
     --------------------------------------------------------------------------------
                        Running Program VCPack. Version 2.8

                           VeraChem LLC, PO Box 2206
                           Germantown, MD 20875, U.S.A.

                                Tel. 240-686-0565
                                www.verachem.com
     --------------------------------------------------------------------------------


     Input file          :   guest-8_vm2.inp

     Output file         :   guest-8_vm2.out

     Summary output file :   guest-8_vm2.summary.out

     Executable : /data/comblab/vcCompChem_3b/exe/VC_CompChemPackage_mpi.exe

     Build date : Aug 13 2021  17:26:14

     This is a multiple processor run.

     MPI processes              :   16
     OpenMP threads per process :    0
     CUDA enabled               :  no

     TIME STAMP: VCPack job started : Saturday, August 06, 2022 at 17:10:26

     --------------------------------------------------------------------------------
                            Basic Calculation Control.
     --------------------------------------------------------------------------------

     Molecular system type                :  ligand          

     Calculation type                     :  vm2             

     Energy potential                     :  mm              

     Post-processing type                 :  none            

     Post-processing energy potential     :  none            

     Time limit in wall clock hours       :  96.00

     Read in starting conformers          :  no
     Type of conformers to read in        :  none
     Conformer source files(s)            :  none

     Use input .crd for complex build     :  no
     Place ligand confs. at input .crd    :  no
     Use input .crd as start conformer    :  yes

     Formatted output files               :  xyz     
                                          :  pdb     
                                          :  mol2    
                                          :  sdf     
                                          :  xyz     
                                          :  gms     
                                          :  csv     

     Split formatted output files         :  crd     

     Limit conformers in formatted files  :  bycount
     Maximum conformer count              :  1000

     Atoms to include in formatted files  :  all     

     Binary file restart type             :  none


     --------------------------------------------------------------------------------
                            Math Related Control and Set Up.
     --------------------------------------------------------------------------------

     Random number generator seeds :  bywallclock

     Seed 1 :           7380195
     Seed 2 :            648573
     Seed 3 :               753
     Seed 4 :             29995


     --------------------------------------------------------------------------------
                            Basic Molecular System Set Up.
     --------------------------------------------------------------------------------

     ------------------
     Ligand Data Files.
     ------------------

     Standard crd coordinate file            :  guest-8.crd
     VeraChem topology file                  :  guest-8.top
     Standard mol/sdf file                   :  guest-8.mol

     Total number of ligand atoms            :        25

     Included in this calculation.
     Number of real and live ligand atoms    :        25
     Number of real but fixed ligand atoms   :         0

     Ligand placement method                 :  none

     Snap ligand to template atoms           :      no

     -------------------------------
     Final Real/Live Set Atom Count.
     -------------------------------

     Total number of real atoms              :        25
     Total number of live atoms              :        25


     --------------------------------------------------------------------------------
                            Generate Initial Molecular Conformation.
     --------------------------------------------------------------------------------

     Mandatory input crd file(s) used for generation of a single starting conformer.


     --------------------------------------------------------------------------------
                             Energy Potential Settings.
     --------------------------------------------------------------------------------


     Molecular Mechanics package          :  vchem           

     Quantum Mechanics package            :  none            


     --------------------------------------------------------------------------------
                    Running VM2 Mining Minima Module. Version 2.8
     --------------------------------------------------------------------------------

     Iteration    Free Energy G             G Diff            # Conformers     # Diff
        1            -8.234147              -8.234147              57              57
        2            -8.515432              -0.281284             119              62
        3            -8.531354              -0.015922             128               9
        4            -8.669971              -0.138618             166              38
        5            -8.670013              -0.000041             166               0
        6            -8.715232              -0.045220             188              22
        7            -8.800266              -0.085034             195               7
        8            -8.837847              -0.037581             211              16
        9            -8.837854              -0.000007             211               0
       10            -8.839198              -0.001344             222              11

     VM2 Free Energy converged after   10 iterations.

     Final VM2 Free Energy is      -8.839198 Kcal/mol.

          --------------------------------
          Final Individual Conformer Data.
          --------------------------------

          List data for conformers with probability of at least :  0.01 %
          Rankings are with respect to : Free Energy (G)

          ------------------------
          Free Energy: G = E - TS
          ------------------------

          ------------------------------------------------------------------------------------------
          Rank    ID     ln(Zx)    Prob(%)  Sum Prob(%)  Del G        G            E            -TS
          ------------------------------------------------------------------------------------------
             1    348    -36.15991   22.97    22.97      0.00        -7.96       -32.36        24.40
             2   1268    -37.56771    5.62    28.59      0.84        -7.12       -31.63        24.51
             3   1314    -37.59975    5.44    34.04      0.86        -7.10       -31.61        24.51
             4   1027    -37.68498    5.00    39.03      0.91        -7.05       -31.56        24.51
             5   1009    -37.69944    4.93    43.96      0.92        -7.04       -31.54        24.50
             6    779    -37.71170    4.87    48.83      0.93        -7.04       -31.54        24.51
             7   1287    -37.74349    4.71    53.54      0.94        -7.02       -31.52        24.51
             8   1291    -37.74672    4.70    58.24      0.95        -7.02       -31.52        24.50
             9   1351    -37.75559    4.66    62.90      0.95        -7.01       -31.52        24.51
            10    194    -38.47639    2.27    65.17      1.38        -6.58       -31.29        24.71
            11     54    -38.48732    2.24    67.41      1.39        -6.57       -31.29        24.71
            12    783    -38.99207    1.35    68.76      1.69        -6.27       -30.89        24.62
            13    196    -39.01551    1.32    70.08      1.70        -6.26       -30.88        24.62
            14    828    -39.05600    1.27    71.35      1.73        -6.24       -30.85        24.62
            15    885    -39.06754    1.25    72.60      1.73        -6.23       -30.84        24.62
            16    845    -39.08876    1.23    73.83      1.75        -6.22       -30.85        24.64
            17    823    -39.10359    1.21    75.04      1.75        -6.21       -30.84        24.64
            18      0    -39.20917    1.09    76.13      1.82        -6.14       -31.06        24.92
            19   1290    -39.21118    1.09    77.22      1.82        -6.14       -30.78        24.64
            20   1039    -39.21588    1.08    78.30      1.82        -6.14       -30.69        24.55
            21   1271    -39.24596    1.05    79.35      1.84        -6.12       -30.97        24.84
            22   1087    -39.24636    1.05    80.40      1.84        -6.12       -30.76        24.64
            23    530    -39.25771    1.04    81.43      1.85        -6.12       -30.67        24.56
            24    492    -39.26576    1.03    82.46      1.85        -6.11       -30.67        24.56
            25    974    -39.28916    1.01    83.47      1.87        -6.10       -30.65        24.55
            26   1046    -39.29766    1.00    84.46      1.87        -6.09       -30.92        24.83
            27    793    -39.32691    0.97    85.43      1.89        -6.07       -30.92        24.84
            28    402    -39.36353    0.93    86.36      1.91        -6.05       -30.88        24.83
            29    190    -39.42045    0.88    87.25      1.94        -6.02       -30.82        24.80
            30   1035    -39.45322    0.85    88.10      1.96        -6.00       -30.80        24.80
            31   1352    -39.92635    0.53    88.63      2.25        -5.72       -30.53        24.81
            32   1107    -39.92689    0.53    89.16      2.25        -5.72       -30.54        24.82
            33   1070    -39.94806    0.52    89.68      2.26        -5.70       -30.52        24.82
            34    768    -39.95081    0.52    90.20      2.26        -5.70       -30.52        24.82
            35   1358    -40.00830    0.49    90.69      2.29        -5.67       -30.48        24.81
            36    468    -40.02709    0.48    91.17      2.31        -5.66       -30.47        24.81
            37   1008    -40.03126    0.48    91.65      2.31        -5.65       -30.48        24.82
            38   1037    -40.05496    0.47    92.12      2.32        -5.64       -30.46        24.82
            39   1219    -40.05543    0.47    92.58      2.32        -5.64       -30.46        24.82
            40     68    -40.05843    0.47    93.05      2.32        -5.64       -30.46        24.82
            41   1293    -40.07158    0.46    93.51      2.33        -5.63       -30.44        24.81
            42    494    -40.10943    0.44    93.95      2.35        -5.61       -30.43        24.82
            43     88    -40.41216    0.33    94.28      2.54        -5.43       -30.29        24.86
            44    262    -40.41547    0.33    94.60      2.54        -5.43       -30.29        24.86
            45   1338    -40.60251    0.27    94.87      2.65        -5.31       -30.25        24.93
            46    544    -40.65854    0.26    95.13      2.68        -5.28       -30.21        24.93
            47   1294    -40.67195    0.25    95.38      2.69        -5.27       -30.25        24.98
            48    712    -40.68847    0.25    95.63      2.70        -5.26       -30.24        24.98
            49    204    -40.80096    0.22    95.85      2.77        -5.20       -30.37        25.18
            50    696    -40.82292    0.22    96.07      2.78        -5.18       -30.05        24.87
            51   1081    -40.83434    0.21    96.28      2.79        -5.18       -30.09        24.91
            52    444    -40.87744    0.21    96.49      2.81        -5.15       -30.06        24.91
            53   1056    -40.90155    0.20    96.69      2.83        -5.14       -30.31        25.18
            54   1090    -40.90285    0.20    96.89      2.83        -5.13       -30.28        25.14
            55    522    -40.97062    0.19    97.08      2.87        -5.09       -29.96        24.87
            56   1142    -41.01294    0.18    97.25      2.89        -5.07       -30.21        25.14
            57   1105    -41.48095    0.11    97.37      3.17        -4.79       -29.74        24.95
            58    964    -41.53192    0.11    97.47      3.20        -4.76       -29.71        24.95
            59    229    -41.56061    0.10    97.58      3.22        -4.74       -29.61        24.87
            60   1179    -41.61040    0.10    97.68      3.25        -4.71       -29.58        24.87
            61    882    -41.62655    0.10    97.77      3.26        -4.70       -29.57        24.87
            62     94    -41.74199    0.09    97.86      3.33        -4.63       -29.79        25.15
            63    752    -41.77280    0.08    97.94      3.35        -4.62       -29.74        25.12
            64   1059    -41.80310    0.08    98.02      3.36        -4.60       -29.71        25.11
            65    575    -41.81269    0.08    98.11      3.37        -4.59       -29.72        25.12
            66   1350    -41.81398    0.08    98.19      3.37        -4.59       -29.74        25.15
            67    568    -41.96496    0.07    98.25      3.46        -4.50       -29.47        24.97
            68    400    -41.97369    0.07    98.32      3.47        -4.50       -29.75        25.25
            69    242    -41.98420    0.07    98.39      3.47        -4.49       -29.65        25.16
            70    728    -41.98750    0.07    98.46      3.47        -4.49       -29.46        24.97
            71    700    -42.02021    0.07    98.52      3.49        -4.47       -29.37        24.90
            72   1021    -42.08168    0.06    98.59      3.53        -4.43       -29.68        25.25
            73    969    -42.08321    0.06    98.65      3.53        -4.43       -29.33        24.90
            74    576    -42.09006    0.06    98.71      3.54        -4.43       -29.59        25.16
            75    379    -42.09162    0.06    98.77      3.54        -4.43       -29.38        24.95
            76   1124    -42.10236    0.06    98.83      3.54        -4.42       -29.37        24.95
            77    250    -42.30492    0.05    98.88      3.66        -4.30       -29.30        25.00
            78    831    -42.33102    0.05    98.93      3.68        -4.28       -29.28        25.00
            79    991    -42.35067    0.05    98.97      3.69        -4.27       -29.30        25.03
            80   1307    -42.37798    0.05    99.02      3.71        -4.26       -29.28        25.03
            81    935    -42.40409    0.04    99.06      3.72        -4.24       -29.02        24.78
            82    788    -42.42681    0.04    99.11      3.74        -4.23       -29.68        25.45
            83    614    -42.47040    0.04    99.15      3.76        -4.20       -28.98        24.78
            84    156    -42.50000    0.04    99.19      3.78        -4.18       -29.63        25.45
            85   1241    -42.60314    0.04    99.23      3.84        -4.12       -28.91        24.79
            86    834    -42.63968    0.04    99.26      3.86        -4.10       -28.89        24.79
            87    112    -42.64184    0.04    99.30      3.86        -4.10       -28.88        24.78
            88    716    -42.71226    0.03    99.33      3.91        -4.06       -28.83        24.77
            89   1003    -42.75732    0.03    99.36      3.93        -4.03       -28.76        24.74
            90   1259    -42.75831    0.03    99.39      3.93        -4.03       -28.76        24.73
            91    989    -42.76878    0.03    99.42      3.94        -4.02       -28.80        24.78
            92    718    -42.77849    0.03    99.45      3.95        -4.02       -28.79        24.77
            93    723    -42.78382    0.03    99.48      3.95        -4.01       -28.75        24.74
            94   1048    -42.78867    0.03    99.52      3.95        -4.01       -28.74        24.73
            95    864    -43.32500    0.02    99.53      4.27        -3.69       -29.15        25.46
            96    517    -43.37172    0.02    99.55      4.30        -3.66       -29.04        25.37
            97   1118    -43.37530    0.02    99.57      4.30        -3.66       -29.12        25.46
            98    244    -43.39394    0.02    99.58      4.31        -3.65       -29.21        25.56
            99    216    -43.43915    0.02    99.60      4.34        -3.62       -28.99        25.37
           100   1064    -43.59731    0.01    99.61      4.43        -3.53       -29.00        25.48
           101    221    -43.59751    0.01    99.63      4.43        -3.53       -29.00        25.47
           102    525    -43.61512    0.01    99.64      4.44        -3.52       -28.84        25.32
           103   1079    -43.71583    0.01    99.65      4.50        -3.46       -28.78        25.32
           104    282    -43.77919    0.01    99.66      4.54        -3.42       -28.28        24.86
           105   1374    -43.78289    0.01    99.67      4.54        -3.42       -28.28        24.86
           106   1348    -43.84650    0.01    99.68      4.58        -3.38       -28.38        25.00
           107    531    -43.87459    0.01    99.70      4.60        -3.36       -28.57        25.20
           108    537    -43.88640    0.01    99.71      4.61        -3.36       -28.54        25.19
          ------------------------------------------------------------------------------------------

          --------------------------------------------------------
          Potential Energy: E = (U+W) + H.O. Equipartion energy
          --------------------------------------------------------

          ------------------------------------------------------------------------------------------
          Rank    ID         E          U+W            U        W(PBSA)          PB           SA
          ------------------------------------------------------------------------------------------
             1    348       -32.36       -52.93         5.62       -58.54       -61.06         2.52
             2   1268       -31.63       -52.20         6.58       -58.77       -61.32         2.54
             3   1314       -31.61       -52.18         6.58       -58.75       -61.29         2.54
             4   1027       -31.56       -52.13         6.63       -58.76       -61.28         2.52
             5   1009       -31.54       -52.11         6.58       -58.69       -61.20         2.50
             6    779       -31.54       -52.11         7.04       -59.15       -61.66         2.51
             7   1287       -31.52       -52.09         7.04       -59.14       -61.63         2.50
             8   1291       -31.52       -52.08         6.58       -58.67       -61.15         2.48
             9   1351       -31.52       -52.09         6.63       -58.72       -61.24         2.53
            10    194       -31.29       -51.86         7.82       -59.68       -62.18         2.50
            11     54       -31.29       -51.85         7.82       -59.67       -62.16         2.49
            12    783       -30.89       -51.46         7.65       -59.11       -61.58         2.47
            13    196       -30.88       -51.44         7.70       -59.14       -61.61         2.47
            14    828       -30.85       -51.42         7.65       -59.07       -61.56         2.49
            15    885       -30.84       -51.41         7.70       -59.11       -61.60         2.49
            16    845       -30.85       -51.42         7.39       -58.81       -61.29         2.48
            17    823       -30.84       -51.41         7.39       -58.80       -61.27         2.47
            18      0       -31.06       -51.63         6.59       -58.22       -60.76         2.54
            19   1290       -30.78       -51.35         7.84       -59.19       -61.68         2.49
            20   1039       -30.69       -51.26         7.51       -58.76       -61.25         2.48
            21   1271       -30.97       -51.53         8.11       -59.65       -62.10         2.45
            22   1087       -30.76       -51.33         7.84       -59.17       -61.67         2.50
            23    530       -30.67       -51.24         7.81       -59.05       -61.53         2.48
            24    492       -30.67       -51.24         7.81       -59.04       -61.53         2.49
            25    974       -30.65       -51.21         7.51       -58.72       -61.24         2.52
            26   1046       -30.92       -51.49         8.13       -59.62       -62.09         2.47
            27    793       -30.92       -51.49         8.11       -59.60       -62.07         2.47
            28    402       -30.88       -51.45         8.13       -59.58       -62.03         2.45
            29    190       -30.82       -51.39         7.57       -58.95       -61.39         2.44
            30   1035       -30.80       -51.37         7.57       -58.93       -61.40         2.46
            31   1352       -30.53       -51.10         8.90       -60.00       -62.48         2.48
            32   1107       -30.54       -51.11         8.78       -59.89       -62.36         2.47
            33   1070       -30.52       -51.09         8.38       -59.47       -61.94         2.47
            34    768       -30.52       -51.09         8.78       -59.87       -62.36         2.48
            35   1358       -30.48       -51.05         8.90       -59.95       -62.43         2.48
            36    468       -30.47       -51.03         9.00       -60.03       -62.53         2.50
            37   1008       -30.48       -51.04         8.63       -59.68       -62.17         2.49
            38   1037       -30.46       -51.03         8.38       -59.41       -61.87         2.47
            39   1219       -30.46       -51.03         9.23       -60.26       -62.74         2.48
            40     68       -30.46       -51.03         9.23       -60.26       -62.75         2.49
            41   1293       -30.44       -51.01         9.00       -60.01       -62.48         2.48
            42    494       -30.43       -51.00         8.63       -59.63       -62.12         2.49
            43     88       -30.29       -50.86         9.44       -60.30       -62.77         2.47
            44    262       -30.29       -50.86         9.44       -60.30       -62.76         2.46
            45   1338       -30.25       -50.82         8.42       -59.23       -61.66         2.42
            46    544       -30.21       -50.78         8.42       -59.20       -61.63         2.43
            47   1294       -30.25       -50.82         8.96       -59.77       -62.18         2.41
            48    712       -30.24       -50.81         8.96       -59.76       -62.19         2.42
            49    204       -30.37       -50.94         8.90       -59.84       -62.24         2.41
            50    696       -30.05       -50.62         8.47       -59.09       -61.53         2.44
            51   1081       -30.09       -50.66         8.77       -59.43       -61.89         2.46
            52    444       -30.06       -50.63         8.77       -59.41       -61.84         2.43
            53   1056       -30.31       -50.88         8.90       -59.78       -62.19         2.41
            54   1090       -30.28       -50.85         8.65       -59.49       -61.92         2.43
            55    522       -29.96       -50.53         8.47       -59.00       -61.45         2.45
            56   1142       -30.21       -50.78         8.65       -59.43       -61.87         2.44
            57   1105       -29.74       -50.31         9.53       -59.84       -62.31         2.48
            58    964       -29.71       -50.28         9.53       -59.81       -62.27         2.46
            59    229       -29.61       -50.18         9.76       -59.94       -62.39         2.45
            60   1179       -29.58       -50.15         9.42       -59.57       -62.04         2.48
            61    882       -29.57       -50.14         9.42       -59.56       -62.02         2.46
            62     94       -29.79       -50.35         9.26       -59.62       -62.09         2.47
            63    752       -29.74       -50.31        10.40       -60.71       -63.15         2.44
            64   1059       -29.71       -50.28         9.80       -60.07       -62.52         2.45
            65    575       -29.72       -50.28        10.40       -60.69       -63.14         2.45
            66   1350       -29.74       -50.31         9.26       -59.57       -62.03         2.46
            67    568       -29.47       -50.04        10.32       -60.36       -62.82         2.46
            68    400       -29.75       -50.32         9.77       -60.09       -62.54         2.45
            69    242       -29.65       -50.22        10.37       -60.59       -63.00         2.41
            70    728       -29.46       -50.03        10.31       -60.34       -62.77         2.43
            71    700       -29.37       -49.93        10.27       -60.21       -62.63         2.42
            72   1021       -29.68       -50.25         9.77       -60.02       -62.44         2.42
            73    969       -29.33       -49.90        10.27       -60.17       -62.62         2.45
            74    576       -29.59       -50.15        10.38       -60.53       -62.94         2.41
            75    379       -29.38       -49.95        10.72       -60.67       -63.10         2.43
            76   1124       -29.37       -49.94        10.72       -60.66       -63.08         2.43
            77    250       -29.30       -49.86        10.63       -60.50       -62.93         2.43
            78    831       -29.28       -49.85        10.63       -60.48       -62.91         2.43
            79    991       -29.30       -49.87        10.90       -60.77       -63.22         2.45
            80   1307       -29.28       -49.85        10.90       -60.75       -63.22         2.47
            81    935       -29.02       -49.59        10.02       -59.61       -62.07         2.46
            82    788       -29.68       -50.24         9.32       -59.57       -61.97         2.40
            83    614       -28.98       -49.55        10.02       -59.57       -62.02         2.45
            84    156       -29.63       -50.20         9.32       -59.52       -61.90         2.38
            85   1241       -28.91       -49.48        10.34       -59.82       -62.26         2.44
            86    834       -28.89       -49.46        10.34       -59.80       -62.24         2.44
            87    112       -28.88       -49.45        10.48       -59.93       -62.37         2.45
            88    716       -28.83       -49.40        10.17       -59.57       -62.03         2.46
            89   1003       -28.76       -49.33         9.74       -59.07       -61.52         2.45
            90   1259       -28.76       -49.33         9.71       -59.04       -61.49         2.46
            91    989       -28.80       -49.37        10.48       -59.85       -62.31         2.46
            92    718       -28.79       -49.36        10.17       -59.53       -62.00         2.47
            93    723       -28.75       -49.32         9.74       -59.06       -61.49         2.43
            94   1048       -28.74       -49.31         9.71       -59.02       -61.48         2.46
            95    864       -29.15       -49.72        10.17       -59.89       -62.28         2.39
            96    517       -29.04       -49.60        10.96       -60.56       -62.94         2.37
            97   1118       -29.12       -49.69        10.17       -59.86       -62.26         2.41
            98    244       -29.21       -49.78        10.24       -60.02       -62.39         2.37
            99    216       -28.99       -49.56        10.96       -60.52       -62.91         2.39
           100   1064       -29.00       -49.57        11.22       -60.79       -63.16         2.37
           101    221       -29.00       -49.57        11.22       -60.79       -63.16         2.37
           102    525       -28.84       -49.41        10.88       -60.29       -62.68         2.39
           103   1079       -28.78       -49.35        10.88       -60.23       -62.63         2.41
           104    282       -28.28       -48.85        11.04       -59.88       -62.30         2.42
           105   1374       -28.28       -48.84        11.04       -59.88       -62.29         2.41
           106   1348       -28.38       -48.95        11.42       -60.37       -62.80         2.42
           107    531       -28.57       -49.13        11.04       -60.17       -62.56         2.39
           108    537       -28.54       -49.11        11.40       -60.51       -62.94         2.43
          ------------------------------------------------------------------------------------------

          ----------------------------------------
          Gas Phase Internal Potential Energy: U
          ----------------------------------------

          ------------------------------------------------------------------------------------------
          Rank    ID         U         Valence     Coulomb        VdW         VdW6        VdW12
          ------------------------------------------------------------------------------------------
             1    348         5.62         7.53        -2.82         0.90        -7.64         8.54
             2   1268         6.58         8.05        -2.49         1.01        -8.34         9.35
             3   1314         6.58         8.05        -2.49         1.01        -8.34         9.35
             4   1027         6.63         8.03        -2.44         1.04        -8.26         9.30
             5   1009         6.58         8.07        -2.52         1.03        -8.30         9.34
             6    779         7.04         8.06        -2.03         1.01        -8.35         9.35
             7   1287         7.04         8.06        -2.03         1.01        -8.34         9.35
             8   1291         6.58         8.07        -2.52         1.03        -8.30         9.34
             9   1351         6.63         8.03        -2.44         1.04        -8.26         9.30
            10    194         7.82         7.78        -0.71         0.74        -8.51         9.26
            11     54         7.82         7.78        -0.71         0.74        -8.51         9.26
            12    783         7.65         8.55        -2.03         1.14        -8.97        10.11
            13    196         7.70         8.55        -1.99         1.14        -8.99        10.13
            14    828         7.65         8.55        -2.03         1.14        -8.97        10.11
            15    885         7.70         8.55        -1.99         1.14        -8.99        10.13
            16    845         7.39         8.56        -2.28         1.11        -9.03        10.14
            17    823         7.39         8.56        -2.28         1.11        -9.03        10.14
            18      0         6.59         8.03        -2.89         1.45        -7.93         9.38
            19   1290         7.84         8.54        -1.81         1.11        -8.99        10.10
            20   1039         7.51         8.67        -2.36         1.19        -8.93        10.12
            21   1271         8.11         8.49        -1.26         0.89        -9.45        10.33
            22   1087         7.84         8.54        -1.81         1.11        -8.99        10.10
            23    530         7.81         8.64        -2.03         1.19        -8.89        10.08
            24    492         7.81         8.64        -2.03         1.19        -8.89        10.08
            25    974         7.51         8.67        -2.36         1.19        -8.93        10.12
            26   1046         8.13         8.51        -1.30         0.92        -9.37        10.29
            27    793         8.11         8.49        -1.26         0.89        -9.45        10.33
            28    402         8.13         8.51        -1.30         0.92        -9.37        10.29
            29    190         7.57         8.48        -1.91         1.00        -9.21        10.20
            30   1035         7.57         8.48        -1.91         1.00        -9.21        10.20
            31   1352         8.90         8.31        -0.22         0.82        -9.24        10.06
            32   1107         8.78         8.29        -0.38         0.88        -9.13        10.01
            33   1070         8.38         8.36        -0.89         0.91        -9.16        10.07
            34    768         8.78         8.29        -0.38         0.88        -9.13        10.01
            35   1358         8.90         8.31        -0.22         0.82        -9.24        10.06
            36    468         9.00         8.32        -0.18         0.85        -9.20        10.05
            37   1008         8.63         8.29        -0.53         0.88        -9.13        10.01
            38   1037         8.38         8.36        -0.89         0.91        -9.16        10.07
            39   1219         9.23         8.32         0.07         0.84        -9.23        10.07
            40     68         9.23         8.32         0.07         0.84        -9.23        10.07
            41   1293         9.00         8.32        -0.17         0.85        -9.20        10.05
            42    494         8.63         8.29        -0.53         0.88        -9.13        10.01
            43     88         9.44         8.29         0.53         0.62        -9.56        10.19
            44    262         9.44         8.29         0.53         0.62        -9.56        10.19
            45   1338         8.42         8.96        -1.58         1.04       -10.00        11.04
            46    544         8.42         8.96        -1.58         1.04       -10.00        11.04
            47   1294         8.96         8.95        -0.94         0.95       -10.18        11.13
            48    712         8.96         8.95        -0.94         0.95       -10.18        11.13
            49    204         8.90         8.93        -0.85         0.81       -10.41        11.22
            50    696         8.47         9.08        -1.77         1.17        -9.83        11.00
            51   1081         8.77         9.06        -1.37         1.08        -9.99        11.07
            52    444         8.77         9.06        -1.37         1.08        -9.99        11.07
            53   1056         8.90         8.93        -0.85         0.81       -10.41        11.22
            54   1090         8.65         8.92        -1.17         0.89       -10.22        11.12
            55    522         8.47         9.08        -1.77         1.17        -9.83        11.00
            56   1142         8.65         8.92        -1.17         0.89       -10.22        11.12
            57   1105         9.53         8.78        -0.18         0.93        -9.87        10.80
            58    964         9.53         8.78        -0.18         0.93        -9.87        10.80
            59    229         9.76         8.88        -0.12         1.00        -9.78        10.79
            60   1179         9.42         8.94        -0.61         1.09        -9.71        10.80
            61    882         9.42         8.94        -0.61         1.09        -9.71        10.80
            62     94         9.26         8.80        -0.37         0.84       -10.17        11.01
            63    752        10.40         8.74         0.89         0.77       -10.16        10.94
            64   1059         9.80         8.74         0.24         0.82       -10.10        10.91
            65    575        10.40         8.74         0.89         0.77       -10.16        10.94
            66   1350         9.26         8.80        -0.38         0.84       -10.17        11.01
            67    568        10.32         8.80         0.78         0.74       -10.19        10.93
            68    400         9.77         8.74         0.48         0.55       -10.63        11.18
            69    242        10.37         8.73         0.99         0.65       -10.41        11.06
            70    728        10.31         8.80         0.78         0.74       -10.19        10.93
            71    700        10.27         8.91         0.55         0.81       -10.14        10.94
            72   1021         9.77         8.74         0.48         0.55       -10.63        11.18
            73    969        10.27         8.91         0.55         0.81       -10.14        10.94
            74    576        10.38         8.73         0.99         0.65       -10.42        11.06
            75    379        10.72         8.80         1.20         0.72       -10.23        10.95
            76   1124        10.72         8.80         1.20         0.72       -10.23        10.95
            77    250        10.63         8.79         1.20         0.65       -10.38        11.03
            78    831        10.63         8.79         1.20         0.65       -10.38        11.03
            79    991        10.90         9.44         0.78         0.68       -10.01        10.69
            80   1307        10.90         9.44         0.78         0.68       -10.01        10.69
            81    935        10.02        10.52        -1.44         0.93        -9.40        10.33
            82    788         9.32         9.36        -0.85         0.82       -11.21        12.03
            83    614        10.02        10.52        -1.44         0.93        -9.40        10.33
            84    156         9.32         9.36        -0.85         0.82       -11.21        12.03
            85   1241        10.34        10.53        -1.07         0.88        -9.46        10.34
            86    834        10.34        10.53        -1.07         0.88        -9.46        10.34
            87    112        10.48        10.55        -0.99         0.92        -9.37        10.29
            88    716        10.17        10.55        -1.32         0.94        -9.36        10.29
            89   1003         9.74        10.51        -1.76         0.99        -9.21        10.20
            90   1259         9.71        10.53        -1.84         1.02        -9.20        10.22
            91    989        10.48        10.55        -0.99         0.92        -9.37        10.29
            92    718        10.17        10.55        -1.32         0.94        -9.36        10.29
            93    723         9.74        10.51        -1.76         0.99        -9.21        10.20
            94   1048         9.71        10.53        -1.84         1.02        -9.20        10.22
            95    864        10.17         9.22         0.15         0.80       -11.03        11.83
            96    517        10.96         9.20         1.17         0.59       -11.37        11.96
            97   1118        10.17         9.22         0.15         0.80       -11.03        11.83
            98    244        10.24         9.19         0.54         0.51       -11.54        12.05
            99    216        10.96         9.20         1.17         0.59       -11.37        11.96
           100   1064        11.22         9.15         1.47         0.60       -11.29        11.89
           101    221        11.22         9.15         1.47         0.60       -11.29        11.89
           102    525        10.88         9.32         0.83         0.73       -11.18        11.91
           103   1079        10.88         9.32         0.83         0.73       -11.18        11.91
           104    282        11.04        11.02        -0.98         1.00       -10.12        11.12
           105   1374        11.04        11.02        -0.98         1.00       -10.12        11.12
           106   1348        11.42        10.14         0.37         0.92       -10.48        11.40
           107    531        11.04         9.32         0.93         0.78       -11.03        11.81
           108    537        11.40         9.92         0.70         0.78       -10.72        11.49
          ------------------------------------------------------------------------------------------

          -------------------------------
          Bonded Energy Terms: Valence
          -------------------------------

          ------------------------------------------------------------------------------------------
          Rank    ID     Valence       Bond        Angle         Pdih         Idih       Tether
          ------------------------------------------------------------------------------------------
             1    348         7.53         0.12         2.27         5.14         0.00         0.00
             2   1268         8.05         0.16         2.51         5.38         0.00         0.00
             3   1314         8.05         0.16         2.51         5.38         0.00         0.00
             4   1027         8.03         0.15         2.50         5.39         0.00         0.00
             5   1009         8.07         0.15         2.52         5.40         0.00         0.00
             6    779         8.06         0.15         2.52         5.39         0.00         0.00
             7   1287         8.06         0.15         2.52         5.39         0.00         0.00
             8   1291         8.07         0.15         2.52         5.40         0.00         0.00
             9   1351         8.03         0.15         2.50         5.39         0.00         0.00
            10    194         7.78         0.14         2.43         5.22         0.00         0.00
            11     54         7.78         0.14         2.43         5.22         0.00         0.00
            12    783         8.55         0.19         2.74         5.62         0.00         0.00
            13    196         8.55         0.19         2.74         5.62         0.00         0.00
            14    828         8.55         0.19         2.74         5.62         0.00         0.00
            15    885         8.55         0.19         2.74         5.62         0.00         0.00
            16    845         8.56         0.19         2.72         5.65         0.00         0.00
            17    823         8.56         0.19         2.72         5.65         0.00         0.00
            18      0         8.03         0.15         2.73         5.15         0.00         0.00
            19   1290         8.54         0.18         2.70         5.65         0.00         0.00
            20   1039         8.67         0.20         2.82         5.65         0.00         0.00
            21   1271         8.49         0.20         2.91         5.37         0.00         0.00
            22   1087         8.54         0.18         2.70         5.65         0.00         0.00
            23    530         8.64         0.19         2.80         5.66         0.00         0.00
            24    492         8.64         0.19         2.80         5.66         0.00         0.00
            25    974         8.67         0.20         2.82         5.65         0.00         0.00
            26   1046         8.51         0.19         2.93         5.38         0.00         0.00
            27    793         8.49         0.20         2.91         5.37         0.00         0.00
            28    402         8.51         0.19         2.93         5.38         0.00         0.00
            29    190         8.48         0.19         2.90         5.39         0.00         0.00
            30   1035         8.48         0.19         2.90         5.39         0.00         0.00
            31   1352         8.31         0.17         2.66         5.47         0.00         0.00
            32   1107         8.29         0.17         2.66         5.46         0.00         0.00
            33   1070         8.36         0.18         2.70         5.48         0.00         0.00
            34    768         8.29         0.17         2.66         5.46         0.00         0.00
            35   1358         8.31         0.17         2.66         5.47         0.00         0.00
            36    468         8.32         0.17         2.68         5.47         0.00         0.00
            37   1008         8.29         0.17         2.66         5.46         0.00         0.00
            38   1037         8.36         0.18         2.70         5.48         0.00         0.00
            39   1219         8.32         0.17         2.68         5.47         0.00         0.00
            40     68         8.32         0.17         2.68         5.47         0.00         0.00
            41   1293         8.32         0.17         2.68         5.47         0.00         0.00
            42    494         8.29         0.17         2.66         5.46         0.00         0.00
            43     88         8.29         0.18         2.77         5.33         0.00         0.00
            44    262         8.29         0.18         2.77         5.33         0.00         0.00
            45   1338         8.96         0.23         3.08         5.65         0.00         0.00
            46    544         8.96         0.23         3.08         5.65         0.00         0.00
            47   1294         8.95         0.23         3.08         5.64         0.00         0.00
            48    712         8.95         0.23         3.08         5.64         0.00         0.00
            49    204         8.93         0.24         3.24         5.45         0.00         0.00
            50    696         9.08         0.24         3.22         5.61         0.00         0.00
            51   1081         9.06         0.24         3.22         5.60         0.00         0.00
            52    444         9.06         0.24         3.22         5.60         0.00         0.00
            53   1056         8.93         0.24         3.24         5.45         0.00         0.00
            54   1090         8.92         0.23         3.23         5.46         0.00         0.00
            55    522         9.08         0.24         3.22         5.61         0.00         0.00
            56   1142         8.92         0.23         3.23         5.46         0.00         0.00
            57   1105         8.78         0.20         2.85         5.73         0.00         0.00
            58    964         8.78         0.20         2.85         5.73         0.00         0.00
            59    229         8.88         0.21         2.94         5.73         0.00         0.00
            60   1179         8.94         0.22         2.98         5.74         0.00         0.00
            61    882         8.94         0.22         2.98         5.74         0.00         0.00
            62     94         8.80         0.22         3.13         5.45         0.00         0.00
            63    752         8.74         0.21         3.06         5.47         0.00         0.00
            64   1059         8.74         0.21         3.06         5.47         0.00         0.00
            65    575         8.74         0.21         3.06         5.47         0.00         0.00
            66   1350         8.80         0.22         3.13         5.45         0.00         0.00
            67    568         8.80         0.22         3.00         5.58         0.00         0.00
            68    400         8.74         0.23         3.16         5.36         0.00         0.00
            69    242         8.73         0.21         3.07         5.45         0.00         0.00
            70    728         8.80         0.22         3.00         5.58         0.00         0.00
            71    700         8.91         0.23         3.10         5.58         0.00         0.00
            72   1021         8.74         0.23         3.15         5.36         0.00         0.00
            73    969         8.91         0.23         3.10         5.58         0.00         0.00
            74    576         8.73         0.21         3.07         5.45         0.00         0.00
            75    379         8.80         0.22         3.00         5.58         0.00         0.00
            76   1124         8.80         0.22         3.00         5.58         0.00         0.00
            77    250         8.79         0.22         2.96         5.61         0.00         0.00
            78    831         8.79         0.22         2.96         5.61         0.00         0.00
            79    991         9.44         0.20         3.20         6.04         0.01         0.00
            80   1307         9.44         0.20         3.20         6.04         0.01         0.00
            81    935        10.52         0.20         2.99         7.33         0.00         0.00
            82    788         9.36         0.28         3.55         5.54         0.00         0.00
            83    614        10.52         0.20         2.99         7.33         0.00         0.00
            84    156         9.36         0.28         3.55         5.54         0.00         0.00
            85   1241        10.53         0.21         3.01         7.31         0.00         0.00
            86    834        10.53         0.21         3.01         7.31         0.00         0.00
            87    112        10.55         0.19         2.99         7.37         0.00         0.00
            88    716        10.55         0.19         3.00         7.36         0.00         0.00
            89   1003        10.51         0.19         2.98         7.33         0.00         0.00
            90   1259        10.53         0.19         3.01         7.33         0.00         0.00
            91    989        10.55         0.19         2.99         7.37         0.00         0.00
            92    718        10.55         0.19         3.00         7.36         0.00         0.00
            93    723        10.51         0.19         2.98         7.33         0.00         0.00
            94   1048        10.53         0.19         3.01         7.33         0.00         0.00
            95    864         9.22         0.26         3.42         5.54         0.00         0.00
            96    517         9.20         0.26         3.32         5.62         0.00         0.00
            97   1118         9.22         0.26         3.42         5.54         0.00         0.00
            98    244         9.19         0.27         3.48         5.44         0.00         0.00
            99    216         9.20         0.26         3.32         5.62         0.00         0.00
           100   1064         9.15         0.25         3.36         5.53         0.00         0.00
           101    221         9.15         0.25         3.36         5.53         0.00         0.00
           102    525         9.32         0.27         3.46         5.59         0.00         0.00
           103   1079         9.32         0.27         3.46         5.59         0.00         0.00
           104    282        11.02         0.24         3.22         7.56         0.00         0.00
           105   1374        11.02         0.24         3.22         7.56         0.00         0.00
           106   1348        10.14         0.24         3.54         6.35         0.01         0.00
           107    531         9.32         0.27         3.52         5.54         0.00         0.00
           108    537         9.92         0.23         3.37         6.30         0.01         0.00
          ------------------------------------------------------------------------------------------

          Calculating single reference conformer RMSDs ...

          ---------------------------------
          Conformer RMSDs are in Angstroms.
          ---------------------------------

          ------------------------------------------------------------------------------------------
                              RMSD wrt Input Crd                    RMSD wrt Rank 1
                         ---------------------------------------------------------------------------
          Rank    ID        Complex    Receptor  Ligand          Complex    Receptor  Ligand
          ------------------------------------------------------------------------------------------
             1    348                             2.120                               0.000
             2   1268                             1.970                               1.419
             3   1314                             1.972                               1.445
             4   1027                             2.207                               1.464
             5   1009                             2.139                               0.654
             6    779                             1.739                               1.725
             7   1287                             1.691                               1.342
             8   1291                             1.588                               0.653
             9   1351                             1.307                               0.864
            10    194                             2.535                               2.059
            11     54                             3.080                               3.314
            12    783                             1.276                               1.702
            13    196                             1.548                               1.645
            14    828                             1.332                               2.237
            15    885                             1.628                               2.401
            16    845                             1.550                               1.327
            17    823                             1.476                               1.277
            18      0                             0.024                               2.083
            19   1290                             1.642                               1.242
            20   1039                             1.454                               1.586
            21   1271                             2.058                               2.945
            22   1087                             2.432                               2.338
            23    530                             2.468                               1.902
            24    492                             2.413                               2.037
            25    974                             1.393                               0.612
            26   1046                             2.745                               2.057
            27    793                             2.163                               2.821
            28    402                             2.009                               1.714
            29    190                             1.326                               1.212
            30   1035                             1.594                               1.330
            31   1352                             2.326                               1.909
            32   1107                             2.697                               2.921
            33   1070                             2.159                               0.666
            34    768                             2.014                               1.717
            35   1358                             2.507                               3.064
            36    468                             2.252                               2.439
            37   1008                             1.986                               1.597
            38   1037                             1.532                               0.666
            39   1219                             2.481                               2.439
            40     68                             2.910                               2.927
            41   1293                             2.904                               2.753
            42    494                             2.360                               1.693
            43     88                             2.319                               2.796
            44    262                             2.611                               2.930
            45   1338                             1.420                               1.548
            46    544                             1.611                               1.550
            47   1294                             2.568                               2.066
            48    712                             2.624                               2.188
            49    204                             2.056                               2.403
            50    696                             1.350                               1.113
            51   1081                             2.464                               1.873
            52    444                             2.471                               1.763
            53   1056                             2.253                               1.933
            54   1090                             1.789                               1.549
            55    522                             1.262                               1.199
            56   1142                             1.792                               1.668
            57   1105                             2.108                               2.533
            58    964                             2.041                               1.582
            59    229                             2.251                               1.650
            60   1179                             2.534                               2.367
            61    882                             2.138                               0.785
            62     94                             1.639                               1.813
            63    752                             3.028                               2.821
            64   1059                             2.015                               2.290
            65    575                             2.233                               2.544
            66   1350                             1.986                               1.303
            67    568                             2.356                               2.662
            68    400                             2.387                               2.171
            69    242                             2.119                               2.040
            70    728                             3.109                               2.597
            71    700                             2.046                               2.745
            72   1021                             2.016                               2.658
            73    969                             2.308                               2.413
            74    576                             2.938                               2.918
            75    379                             2.588                               2.782
            76   1124                             2.548                               2.749
            77    250                             2.505                               3.015
            78    831                             2.603                               3.063
            79    991                             2.549                               3.089
            80   1307                             2.934                               2.914
            81    935                             2.483                               1.966
            82    788                             1.896                               2.651
            83    614                             2.980                               2.225
            84    156                             1.845                               1.671
            85   1241                             2.694                               2.244
            86    834                             2.331                               2.930
            87    112                             2.233                               1.848
            88    716                             2.092                               1.736
            89   1003                             1.477                               1.330
            90   1259                             2.126                               1.315
            91    989                             2.271                               1.920
            92    718                             1.944                               1.927
            93    723                             1.592                               1.224
            94   1048                             1.270                               1.571
            95    864                             2.504                               2.377
            96    517                             2.593                               2.268
            97   1118                             2.273                               1.488
            98    244                             2.050                               2.068
            99    216                             2.523                               2.309
           100   1064                             2.101                               1.873
           101    221                             2.791                               2.587
           102    525                             2.206                               2.751
           103   1079                             1.929                               2.339
           104    282                             2.967                               2.307
           105   1374                             2.273                               1.909
           106   1348                             2.285                               2.653
           107    531                             1.985                               2.347
           108    537                             2.876                               2.505
          ------------------------------------------------------------------------------------------

          --------------------------------
          Final Boltzmann Averaged Data.
          --------------------------------

          -------------------------------------------------------------------
          Results of Boltzmann Averaging Over All  222 Conformers (kcal/mol).
          -------------------------------------------------------------------

          Free Energy                        G              -8.8391983856
          Average Potential Energy         < E >           -31.4098952882
          Entropy                           -TS             22.5706969026
          -------------------------------------------------------------------

          Average Potential Energy < E > Components.

          < U >                     6.9948807248
          < W(PBSA) >             -58.9720712898
          < H.O. P.E. >            20.5675867429

          Average Solvation Energy < W(PBSA) > Components.

          < PB >                  -61.4739097599
          < SA >                    2.5018384701

          Average Gas Phase Internal Potential Energy < U > Components.

          < Valence >               8.0970239357
          < Coulomb >              -2.0834836479
          < VdW >                   0.9813404370

          Average Van der Waals Energy < VdW > Components.

          < VdW6  >                -8.4692994864
          < VdW12 >                 9.4506399234

          Average Bonded Energy < Valence > Components.

          < Bond >                  0.1556624283
          < Angle >                 2.5564677328
          < Pdihed >                5.3841772109
          < Idihed >                0.0007165637
          < Tether >                0.0000000000

          -------------------------------------------------------------------
                        End of VM2 Calculation Results Summary.
          -------------------------------------------------------------------


     Total cpu time for run         44.40 seconds.
                                     0.74 minutes.

     Total wall time for run        44.67 seconds.
                                     0.74 minutes.

     TIME STAMP: VCPack job finished normally : Saturday, August 06, 2022 at 17:11:11
