
     --------------------------------------------------------------------------------
                        Running Program VCPack. Version 2.8

                           VeraChem LLC, PO Box 2206
                           Germantown, MD 20875, U.S.A.

                                Tel. 240-686-0565
                                www.verachem.com
     --------------------------------------------------------------------------------


     Input file          :   guest-2_vm2.inp

     Output file         :   guest-2_vm2.out

     Summary output file :   guest-2_vm2.summary.out

     Executable : /data/comblab/vcCompChem_3b/exe/VC_CompChemPackage_mpi.exe

     Build date : Aug 13 2021  17:26:14

     This is a multiple processor run.

     MPI processes              :   16
     OpenMP threads per process :    0
     CUDA enabled               :  no

     TIME STAMP: VCPack job started : Sunday, August 07, 2022 at 11:58:25

     --------------------------------------------------------------------------------
                            Basic Calculation Control.
     --------------------------------------------------------------------------------

     Molecular system type                :  ligand          

     Calculation type                     :  vm2             

     Energy potential                     :  mm              

     Post-processing type                 :  none            

     Post-processing energy potential     :  none            

     Time limit in wall clock hours       :  96.00

     Read in starting conformers          :  no
     Type of conformers to read in        :  none
     Conformer source files(s)            :  none

     Use input .crd for complex build     :  no
     Place ligand confs. at input .crd    :  no
     Use input .crd as start conformer    :  yes

     Formatted output files               :  xyz     
                                          :  pdb     
                                          :  mol2    
                                          :  sdf     
                                          :  xyz     
                                          :  gms     
                                          :  csv     

     Split formatted output files         :  crd     

     Limit conformers in formatted files  :  bycount
     Maximum conformer count              :  1000

     Atoms to include in formatted files  :  all     

     Binary file restart type             :  none


     --------------------------------------------------------------------------------
                            Math Related Control and Set Up.
     --------------------------------------------------------------------------------

     Random number generator seeds :  bywallclock

     Seed 1 :           4172993
     Seed 2 :            491473
     Seed 3 :              3632
     Seed 4 :             22420


     --------------------------------------------------------------------------------
                            Basic Molecular System Set Up.
     --------------------------------------------------------------------------------

     ------------------
     Ligand Data Files.
     ------------------

     Standard crd coordinate file            :  guest-2.crd
     VeraChem topology file                  :  guest-2.top
     Standard mol/sdf file                   :  guest-2.mol

     Total number of ligand atoms            :        23

     Included in this calculation.
     Number of real and live ligand atoms    :        23
     Number of real but fixed ligand atoms   :         0

     Ligand placement method                 :  none

     Snap ligand to template atoms           :      no

     -------------------------------
     Final Real/Live Set Atom Count.
     -------------------------------

     Total number of real atoms              :        23
     Total number of live atoms              :        23


     --------------------------------------------------------------------------------
                            Generate Initial Molecular Conformation.
     --------------------------------------------------------------------------------

     Mandatory input crd file(s) used for generation of a single starting conformer.


     --------------------------------------------------------------------------------
                             Energy Potential Settings.
     --------------------------------------------------------------------------------


     Molecular Mechanics package          :  vchem           

     Quantum Mechanics package            :  none            


     --------------------------------------------------------------------------------
                    Running VM2 Mining Minima Module. Version 2.8
     --------------------------------------------------------------------------------

     Iteration    Free Energy G             G Diff            # Conformers     # Diff
        1            37.333816              37.333816              20              20
        2            36.958062              -0.375754              53              33
        3            36.851251              -0.106812              59               6
        4            36.782222              -0.069029              73              14
        5            36.782203              -0.000019              73               0
        6            36.712888              -0.069315              80               7
        7            36.699969              -0.012918              81               1
        8            36.651614              -0.048356              88               7
        9            36.651550              -0.000063              88               0
       10            36.651315              -0.000235              90               2

     VM2 Free Energy converged after   10 iterations.

     Final VM2 Free Energy is      36.651315 Kcal/mol.

          --------------------------------
          Final Individual Conformer Data.
          --------------------------------

          List data for conformers with probability of at least :  0.01 %
          Rankings are with respect to : Free Energy (G)

          ------------------------
          Free Energy: G = E - TS
          ------------------------

          ------------------------------------------------------------------------------------------
          Rank    ID     ln(Zx)    Prob(%)  Sum Prob(%)  Del G        G            E            -TS
          ------------------------------------------------------------------------------------------
             1    242   -101.36057   11.98    11.98      0.00        37.92        10.40        27.52
             2    674   -101.84708    7.37    19.35      0.29        38.21        10.58        27.62
             3    745   -101.87517    7.16    26.51      0.31        38.22        10.60        27.62
             4    707   -102.13602    5.52    32.03      0.46        38.38        10.76        27.62
             5    692   -102.24951    4.93    36.95      0.53        38.45        10.83        27.62
             6    229   -102.37752    4.33    41.29      0.61        38.52        10.89        27.63
             7    714   -102.43206    4.10    45.39      0.64        38.56        10.92        27.63
             8    679   -102.58162    3.53    48.92      0.73        38.64        11.03        27.62
             9    511   -102.59401    3.49    52.41      0.74        38.65        11.03        27.62
            10    713   -102.83487    2.74    55.16      0.88        38.80        11.06        27.73
            11    777   -102.90172    2.57    57.72      0.92        38.84        11.11        27.73
            12    930   -102.94110    2.47    60.19      0.94        38.86        11.13        27.73
            13    192   -102.95383    2.44    62.62      0.95        38.87        11.06        27.80
            14    889   -102.96005    2.42    65.04      0.95        38.87        11.14        27.73
            15    922   -102.96669    2.40    67.45      0.96        38.87        11.07        27.80
            16    586   -102.97196    2.39    69.84      0.96        38.88        11.15        27.73
            17    661   -103.03551    2.24    72.08      1.00        38.91        11.18        27.73
            18    840   -103.16225    1.98    74.06      1.07        38.99        11.29        27.70
            19    638   -103.17357    1.95    76.02      1.08        39.00        11.30        27.70
            20    885   -103.21907    1.87    77.88      1.11        39.02        11.29        27.74
            21    366   -103.22607    1.85    79.74      1.11        39.03        11.29        27.74
            22    279   -103.30191    1.72    81.46      1.16        39.07        11.37        27.71
            23    115   -103.30379    1.72    83.17      1.16        39.07        11.22        27.85
            24    543   -103.33894    1.66    84.83      1.18        39.10        11.24        27.85
            25    350   -103.35345    1.63    86.46      1.19        39.10        11.40        27.70
            26    676   -103.44297    1.49    87.96      1.24        39.16        11.21        27.95
            27    518   -103.58700    1.29    89.25      1.33        39.24        11.30        27.95
            28    509   -103.97648    0.88    90.13      1.56        39.48        11.44        28.04
            29    271   -104.02988    0.83    90.96      1.59        39.51        11.45        28.06
            30     71   -104.04373    0.82    91.78      1.60        39.52        11.63        27.89
            31    334   -104.04825    0.82    92.59      1.60        39.52        11.59        27.93
            32    105   -104.08325    0.79    93.38      1.62        39.54        11.65        27.89
            33    331   -104.10861    0.77    94.15      1.64        39.55        11.49        28.06
            34    484   -104.15053    0.74    94.88      1.66        39.58        11.54        28.04
            35    342   -104.18091    0.71    95.60      1.68        39.60        11.67        27.93
            36    354   -104.21459    0.69    96.29      1.70        39.62        11.56        28.05
            37    340   -104.27864    0.65    96.93      1.74        39.66        11.60        28.05
            38    288   -104.27893    0.65    97.58      1.74        39.66        11.47        28.18
            39    258   -104.36996    0.59    98.17      1.79        39.71        11.53        28.18
            40    737   -104.98697    0.32    98.49      2.16        40.08        11.70        28.38
            41    735   -105.02758    0.31    98.80      2.19        40.10        11.73        28.38
            42    641   -106.07632    0.11    98.90      2.81        40.73        13.06        27.67
            43    895   -106.08551    0.11    99.01      2.82        40.73        13.07        27.66
            44    157   -106.11765    0.10    99.11      2.84        40.75        13.11        27.65
            45    150   -106.19832    0.09    99.21      2.88        40.80        13.15        27.65
            46    748   -106.88411    0.05    99.26      3.29        41.21        13.41        27.80
            47    464   -106.88571    0.05    99.30      3.29        41.21        13.35        27.86
            48    939   -106.98469    0.04    99.35      3.35        41.27        13.41        27.86
            49    182   -107.00834    0.04    99.39      3.37        41.28        13.48        27.80
            50    559   -107.05625    0.04    99.43      3.40        41.31        13.41        27.90
            51    168   -107.06598    0.04    99.47      3.40        41.32        13.47        27.85
            52    739   -107.13665    0.04    99.51      3.44        41.36        13.46        27.90
            53    519   -107.15486    0.04    99.54      3.45        41.37        13.52        27.85
            54    362   -107.26591    0.03    99.58      3.52        41.44        13.75        27.69
            55    171   -107.26747    0.03    99.61      3.52        41.44        13.75        27.69
            56    688   -107.34409    0.03    99.64      3.57        41.48        13.15        28.33
            57    133   -107.37346    0.03    99.67      3.58        41.50        13.17        28.33
            58    762   -107.46396    0.03    99.69      3.64        41.55        13.60        27.95
            59    172   -107.48902    0.03    99.72      3.65        41.57        13.58        27.99
            60    285   -107.56399    0.02    99.74      3.70        41.61        13.63        27.99
            61    529   -107.58792    0.02    99.77      3.71        41.63        13.68        27.95
            62    861   -107.67012    0.02    99.79      3.76        41.68        13.72        27.95
            63    757   -107.72913    0.02    99.81      3.80        41.71        13.76        27.95
            64    445   -107.73941    0.02    99.83      3.80        41.72        13.77        27.95
            65    942   -107.83522    0.02    99.85      3.86        41.78        13.76        28.02
            66    506   -107.84924    0.02    99.87      3.87        41.78        13.89        27.89
            67    174   -107.86581    0.02    99.89      3.88        41.79        13.90        27.90
            68    318   -107.94490    0.02    99.90      3.93        41.84        13.82        28.02
            69    943   -108.03030    0.02    99.92      3.98        41.89        13.66        28.23
            70    760   -108.14943    0.01    99.93      4.05        41.96        13.73        28.23
            71    546   -108.28872    0.01    99.94      4.13        42.05        14.15        27.90
            72    734   -108.36002    0.01    99.95      4.17        42.09        14.20        27.89
          ------------------------------------------------------------------------------------------

          --------------------------------------------------------
          Potential Energy: E = (U+W) + H.O. Equipartion energy
          --------------------------------------------------------

          ------------------------------------------------------------------------------------------
          Rank    ID         E          U+W            U        W(PBSA)          PB           SA
          ------------------------------------------------------------------------------------------
             1    242        10.40        -8.38        46.60       -54.99       -57.16         2.18
             2    674        10.58        -8.20        47.29       -55.48       -57.63         2.15
             3    745        10.60        -8.18        47.29       -55.47       -57.60         2.13
             4    707        10.76        -8.02        47.37       -55.39       -57.55         2.15
             5    692        10.83        -7.95        47.37       -55.33       -57.49         2.17
             6    229        10.89        -7.89        47.26       -55.15       -57.31         2.16
             7    714        10.92        -7.85        47.26       -55.12       -57.28         2.17
             8    679        11.03        -7.75        47.56       -55.32       -57.47         2.16
             9    511        11.03        -7.75        47.56       -55.31       -57.45         2.14
            10    713        11.06        -7.72        47.96       -55.67       -57.79         2.12
            11    777        11.11        -7.67        48.08       -55.76       -57.89         2.14
            12    930        11.13        -7.65        48.11       -55.77       -57.86         2.10
            13    192        11.06        -7.72        48.05       -55.77       -57.87         2.10
            14    889        11.14        -7.64        47.96       -55.60       -57.74         2.14
            15    922        11.07        -7.71        48.05       -55.76       -57.85         2.09
            16    586        11.15        -7.63        48.08       -55.71       -57.84         2.13
            17    661        11.18        -7.60        48.11       -55.71       -57.83         2.12
            18    840        11.29        -7.49        48.04       -55.53       -57.68         2.15
            19    638        11.30        -7.48        48.04       -55.52       -57.65         2.13
            20    885        11.29        -7.49        47.96       -55.45       -57.57         2.12
            21    366        11.29        -7.49        47.96       -55.45       -57.58         2.13
            22    279        11.37        -7.41        48.05       -55.46       -57.60         2.14
            23    115        11.22        -7.56        48.23       -55.79       -57.90         2.12
            24    543        11.24        -7.54        48.23       -55.77       -57.89         2.12
            25    350        11.40        -7.38        48.05       -55.43       -57.54         2.12
            26    676        11.21        -7.57        48.05       -55.62       -57.72         2.10
            27    518        11.30        -7.48        48.05       -55.53       -57.64         2.10
            28    509        11.44        -7.34        48.50       -55.84       -57.92         2.08
            29    271        11.45        -7.33        48.59       -55.92       -58.01         2.09
            30     71        11.63        -7.15        48.73       -55.88       -57.96         2.08
            31    334        11.59        -7.19        48.78       -55.96       -58.04         2.07
            32    105        11.65        -7.13        48.73       -55.86       -57.94         2.08
            33    331        11.49        -7.28        48.59       -55.88       -57.96         2.09
            34    484        11.54        -7.24        48.50       -55.74       -57.82         2.08
            35    342        11.67        -7.11        48.78       -55.89       -57.96         2.07
            36    354        11.56        -7.22        48.78       -56.00       -58.05         2.05
            37    340        11.60        -7.18        48.78       -55.96       -58.03         2.07
            38    288        11.47        -7.31        48.64       -55.95       -58.03         2.08
            39    258        11.53        -7.25        48.64       -55.89       -57.96         2.07
            40    737        11.70        -7.08        48.99       -56.07       -58.11         2.04
            41    735        11.73        -7.05        48.99       -56.04       -58.10         2.06
            42    641        13.06        -5.72        50.17       -55.89       -57.99         2.10
            43    895        13.07        -5.71        50.17       -55.88       -57.98         2.09
            44    157        13.11        -5.67        50.13       -55.81       -57.92         2.12
            45    150        13.15        -5.63        50.13       -55.76       -57.89         2.13
            46    748        13.41        -5.37        50.66       -56.03       -58.11         2.08
            47    464        13.35        -5.43        50.25       -55.68       -57.78         2.10
            48    939        13.41        -5.37        50.25       -55.62       -57.71         2.09
            49    182        13.48        -5.30        50.66       -55.95       -58.04         2.08
            50    559        13.41        -5.37        50.74       -56.11       -58.19         2.08
            51    168        13.47        -5.31        50.30       -55.62       -57.71         2.10
            52    739        13.46        -5.32        50.74       -56.06       -58.13         2.07
            53    519        13.52        -5.26        50.30       -55.56       -57.70         2.13
            54    362        13.75        -5.03        50.92       -55.94       -58.03         2.08
            55    171        13.75        -5.03        50.92       -55.95       -58.00         2.06
            56    688        13.15        -5.63        50.46       -56.09       -58.15         2.07
            57    133        13.17        -5.61        50.46       -56.07       -58.14         2.07
            58    762        13.60        -5.18        50.70       -55.88       -57.96         2.09
            59    172        13.58        -5.20        50.63       -55.82       -57.89         2.07
            60    285        13.63        -5.15        50.63       -55.78       -57.84         2.06
            61    529        13.68        -5.10        50.70       -55.80       -57.87         2.07
            62    861        13.72        -5.05        50.98       -56.03       -58.08         2.05
            63    757        13.76        -5.02        50.97       -55.99       -58.05         2.05
            64    445        13.77        -5.01        50.70       -55.71       -57.77         2.06
            65    942        13.76        -5.02        51.11       -56.14       -58.23         2.09
            66    506        13.89        -4.89        51.04       -55.93       -57.99         2.06
            67    174        13.90        -4.88        51.04       -55.92       -57.97         2.06
            68    318        13.82        -4.96        51.11       -56.07       -58.13         2.06
            69    943        13.66        -5.12        51.05       -56.17       -58.21         2.04
            70    760        13.73        -5.04        51.05       -56.10       -58.13         2.03
            71    546        14.15        -4.63        51.45       -56.08       -58.11         2.03
            72    734        14.20        -4.58        51.46       -56.04       -58.08         2.04
          ------------------------------------------------------------------------------------------

          ----------------------------------------
          Gas Phase Internal Potential Energy: U
          ----------------------------------------

          ------------------------------------------------------------------------------------------
          Rank    ID         U         Valence     Coulomb        VdW         VdW6        VdW12
          ------------------------------------------------------------------------------------------
             1    242        46.60         1.73        44.43         0.44        -4.62         5.07
             2    674        47.29         1.83        44.91         0.55        -5.14         5.69
             3    745        47.29         1.83        44.91         0.55        -5.14         5.69
             4    707        47.37         2.03        44.84         0.50        -5.22         5.72
             5    692        47.37         2.03        44.84         0.50        -5.22         5.72
             6    229        47.26         2.23        44.45         0.58        -5.23         5.81
             7    714        47.26         2.23        44.45         0.58        -5.23         5.81
             8    679        47.56         2.27        44.72         0.57        -5.27         5.83
             9    511        47.56         2.27        44.72         0.57        -5.27         5.83
            10    713        47.96         2.34        44.94         0.68        -5.76         6.44
            11    777        48.08         2.34        45.07         0.68        -5.77         6.45
            12    930        48.11         2.37        45.09         0.65        -5.80         6.45
            13    192        48.05         2.12        45.43         0.50        -5.94         6.44
            14    889        47.96         2.34        44.94         0.68        -5.76         6.44
            15    922        48.05         2.12        45.43         0.50        -5.94         6.44
            16    586        48.08         2.34        45.07         0.68        -5.77         6.45
            17    661        48.11         2.37        45.09         0.65        -5.80         6.45
            18    840        48.04         2.41        44.93         0.70        -5.76         6.46
            19    638        48.04         2.41        44.93         0.70        -5.76         6.46
            20    885        47.96         2.52        44.82         0.61        -5.84         6.46
            21    366        47.96         2.52        44.82         0.61        -5.84         6.46
            22    279        48.05         2.58        44.79         0.67        -5.79         6.46
            23    115        48.23         2.50        45.26         0.48        -6.16         6.64
            24    543        48.23         2.50        45.26         0.48        -6.16         6.64
            25    350        48.05         2.58        44.79         0.67        -5.79         6.46
            26    676        48.05         2.69        44.81         0.55        -6.18         6.72
            27    518        48.05         2.69        44.81         0.55        -6.18         6.72
            28    509        48.50         2.82        44.99         0.69        -6.67         7.36
            29    271        48.59         2.60        45.52         0.47        -6.87         7.34
            30     71        48.73         2.67        45.37         0.68        -6.51         7.20
            31    334        48.78         2.60        45.58         0.59        -6.62         7.21
            32    105        48.73         2.67        45.37         0.68        -6.51         7.20
            33    331        48.59         2.60        45.52         0.47        -6.87         7.34
            34    484        48.50         2.82        44.99         0.69        -6.67         7.36
            35    342        48.78         2.60        45.58         0.59        -6.62         7.21
            36    354        48.78         2.78        45.40         0.60        -6.75         7.35
            37    340        48.78         2.78        45.40         0.60        -6.75         7.35
            38    288        48.64         2.92        45.27         0.45        -7.05         7.49
            39    258        48.64         2.92        45.27         0.45        -7.04         7.49
            40    737        48.99         3.02        45.51         0.46        -7.73         8.18
            41    735        48.99         3.02        45.51         0.46        -7.73         8.18
            42    641        50.17         3.34        46.42         0.41        -6.12         6.53
            43    895        50.17         3.34        46.42         0.41        -6.12         6.53
            44    157        50.13         4.28        45.34         0.52        -6.08         6.60
            45    150        50.13         4.28        45.34         0.52        -6.08         6.60
            46    748        50.66         3.78        46.35         0.52        -6.75         7.28
            47    464        50.25         4.70        44.99         0.56        -6.15         6.71
            48    939        50.25         4.70        44.99         0.56        -6.15         6.71
            49    182        50.66         3.78        46.35         0.52        -6.75         7.28
            50    559        50.74         4.30        45.94         0.50        -6.82         7.33
            51    168        50.30         4.72        45.00         0.57        -6.15         6.72
            52    739        50.74         4.30        45.94         0.50        -6.82         7.33
            53    519        50.30         4.72        45.00         0.57        -6.15         6.72
            54    362        50.92         3.99        46.34         0.59        -6.63         7.22
            55    171        50.92         3.99        46.34         0.59        -6.63         7.22
            56    688        50.46         4.63        45.56         0.27        -7.36         7.63
            57    133        50.46         4.63        45.56         0.27        -7.36         7.63
            58    762        50.70         4.82        45.21         0.67        -6.66         7.33
            59    172        50.63         4.84        45.10         0.69        -6.66         7.35
            60    285        50.63         4.84        45.10         0.69        -6.65         7.35
            61    529        50.70         4.88        45.09         0.73        -6.62         7.35
            62    861        50.98         4.79        45.57         0.61        -6.73         7.34
            63    757        50.97         4.79        45.57         0.61        -6.73         7.34
            64    445        50.70         4.88        45.09         0.73        -6.62         7.35
            65    942        51.11         4.46        46.32         0.34        -7.02         7.36
            66    506        51.04         5.12        45.32         0.60        -6.71         7.30
            67    174        51.04         5.12        45.32         0.60        -6.71         7.30
            68    318        51.11         4.46        46.32         0.34        -7.02         7.36
            69    943        51.05         5.02        45.79         0.24        -7.35         7.60
            70    760        51.05         5.02        45.79         0.24        -7.35         7.60
            71    546        51.45         5.24        45.55         0.66        -7.39         8.06
            72    734        51.46         5.24        45.55         0.66        -7.40         8.06
          ------------------------------------------------------------------------------------------

          -------------------------------
          Bonded Energy Terms: Valence
          -------------------------------

          ------------------------------------------------------------------------------------------
          Rank    ID     Valence       Bond        Angle         Pdih         Idih       Tether
          ------------------------------------------------------------------------------------------
             1    242         1.73         0.11         0.39         1.23         0.00         0.00
             2    674         1.83         0.13         0.43         1.27         0.00         0.00
             3    745         1.83         0.13         0.43         1.27         0.00         0.00
             4    707         2.03         0.14         0.51         1.38         0.00         0.00
             5    692         2.03         0.14         0.51         1.38         0.00         0.00
             6    229         2.23         0.15         0.63         1.46         0.00         0.00
             7    714         2.23         0.15         0.63         1.46         0.00         0.00
             8    679         2.27         0.15         0.66         1.47         0.00         0.00
             9    511         2.27         0.15         0.66         1.47         0.00         0.00
            10    713         2.34         0.17         0.67         1.50         0.00         0.00
            11    777         2.34         0.17         0.67         1.50         0.00         0.00
            12    930         2.37         0.17         0.68         1.52         0.00         0.00
            13    192         2.12         0.16         0.63         1.33         0.00         0.00
            14    889         2.34         0.17         0.67         1.50         0.00         0.00
            15    922         2.12         0.16         0.63         1.33         0.00         0.00
            16    586         2.34         0.17         0.67         1.50         0.00         0.00
            17    661         2.37         0.17         0.68         1.52         0.00         0.00
            18    840         2.41         0.18         0.72         1.50         0.00         0.00
            19    638         2.41         0.18         0.72         1.50         0.00         0.00
            20    885         2.52         0.17         0.73         1.62         0.00         0.00
            21    366         2.52         0.17         0.73         1.62         0.00         0.00
            22    279         2.58         0.18         0.79         1.62         0.00         0.00
            23    115         2.50         0.18         0.89         1.43         0.00         0.00
            24    543         2.50         0.18         0.89         1.43         0.00         0.00
            25    350         2.58         0.18         0.79         1.62         0.00         0.00
            26    676         2.69         0.19         1.04         1.46         0.00         0.00
            27    518         2.69         0.19         1.04         1.46         0.00         0.00
            28    509         2.82         0.22         1.12         1.49         0.00         0.00
            29    271         2.60         0.21         0.96         1.43         0.00         0.00
            30     71         2.67         0.20         0.91         1.55         0.00         0.00
            31    334         2.60         0.20         0.83         1.57         0.00         0.00
            32    105         2.67         0.20         0.91         1.55         0.00         0.00
            33    331         2.60         0.21         0.96         1.43         0.00         0.00
            34    484         2.82         0.22         1.12         1.49         0.00         0.00
            35    342         2.60         0.20         0.83         1.57         0.00         0.00
            36    354         2.78         0.21         1.04         1.53         0.00         0.00
            37    340         2.78         0.21         1.04         1.53         0.00         0.00
            38    288         2.92         0.22         1.21         1.50         0.00         0.00
            39    258         2.92         0.22         1.21         1.50         0.00         0.00
            40    737         3.02         0.25         1.28         1.50         0.00         0.00
            41    735         3.02         0.25         1.28         1.50         0.00         0.00
            42    641         3.34         0.17         0.96         2.21         0.00         0.00
            43    895         3.34         0.17         0.96         2.21         0.00         0.00
            44    157         4.28         0.19         1.13         2.95         0.00         0.00
            45    150         4.28         0.19         1.13         2.96         0.00         0.00
            46    748         3.78         0.21         1.14         2.44         0.00         0.00
            47    464         4.70         0.20         1.16         3.34         0.00         0.00
            48    939         4.70         0.20         1.16         3.34         0.00         0.00
            49    182         3.78         0.21         1.14         2.44         0.00         0.00
            50    559         4.30         0.22         1.35         2.73         0.00         0.00
            51    168         4.72         0.20         1.20         3.33         0.00         0.00
            52    739         4.30         0.22         1.35         2.73         0.00         0.00
            53    519         4.72         0.20         1.20         3.32         0.00         0.00
            54    362         3.99         0.21         1.27         2.50         0.00         0.00
            55    171         3.99         0.21         1.27         2.50         0.00         0.00
            56    688         4.63         0.23         1.70         2.70         0.00         0.00
            57    133         4.63         0.22         1.70         2.70         0.00         0.00
            58    762         4.82         0.22         1.22         3.38         0.00         0.00
            59    172         4.84         0.22         1.17         3.45         0.00         0.00
            60    285         4.84         0.22         1.17         3.45         0.00         0.00
            61    529         4.88         0.22         1.26         3.40         0.00         0.00
            62    861         4.79         0.22         1.23         3.34         0.00         0.00
            63    757         4.79         0.22         1.23         3.34         0.00         0.00
            64    445         4.88         0.22         1.26         3.40         0.00         0.00
            65    942         4.46         0.22         1.45         2.78         0.00         0.00
            66    506         5.12         0.23         1.41         3.47         0.00         0.00
            67    174         5.12         0.23         1.41         3.48         0.00         0.00
            68    318         4.46         0.22         1.45         2.78         0.00         0.00
            69    943         5.02         0.23         1.63         3.16         0.00         0.00
            70    760         5.02         0.23         1.63         3.16         0.00         0.00
            71    546         5.24         0.27         1.69         3.28         0.00         0.00
            72    734         5.24         0.27         1.69         3.27         0.00         0.00
          ------------------------------------------------------------------------------------------

          Calculating single reference conformer RMSDs ...

          ---------------------------------
          Conformer RMSDs are in Angstroms.
          ---------------------------------

          ------------------------------------------------------------------------------------------
                              RMSD wrt Input Crd                    RMSD wrt Rank 1
                         ---------------------------------------------------------------------------
          Rank    ID        Complex    Receptor  Ligand          Complex    Receptor  Ligand
          ------------------------------------------------------------------------------------------
             1    242                             0.017                               0.000
             2    674                             1.098                               1.112
             3    745                             1.594                               1.609
             4    707                             0.715                               0.709
             5    692                             0.715                               0.709
             6    229                             1.850                               1.858
             7    714                             1.767                               1.776
             8    679                             0.697                               0.720
             9    511                             0.697                               0.720
            10    713                             1.152                               1.362
            11    777                             1.491                               1.899
            12    930                             1.036                               1.866
            13    192                             1.845                               1.861
            14    889                             1.467                               1.954
            15    922                             1.461                               1.455
            16    586                             1.471                               1.928
            17    661                             1.116                               1.807
            18    840                             1.006                               0.907
            19    638                             0.791                               0.945
            20    885                             1.032                               1.032
            21    366                             1.184                               1.133
            22    279                             0.779                               0.791
            23    115                             1.433                               1.411
            24    543                             1.065                               1.911
            25    350                             0.778                               0.791
            26    676                             1.414                               1.424
            27    518                             1.543                               1.537
            28    509                             1.853                               1.983
            29    271                             1.676                               1.644
            30     71                             1.493                               1.734
            31    334                             1.918                               1.926
            32    105                             1.064                               1.872
            33    331                             1.179                               1.818
            34    484                             1.703                               1.734
            35    342                             2.007                               2.012
            36    354                             1.938                               2.068
            37    340                             2.059                               1.982
            38    288                             1.631                               1.687
            39    258                             1.854                               1.673
            40    737                             1.950                               1.669
            41    735                             1.709                               1.746
            42    641                             1.452                               1.449
            43    895                             1.070                               1.920
            44    157                             1.501                               1.584
            45    150                             1.758                               1.698
            46    748                             1.852                               1.859
            47    464                             1.062                               1.300
            48    939                             1.253                               1.337
            49    182                             1.773                               1.779
            50    559                             2.088                               2.035
            51    168                             1.260                               1.266
            52    739                             2.058                               1.946
            53    519                             1.058                               1.942
            54    362                             2.087                               2.128
            55    171                             1.378                               1.411
            56    688                             1.957                               1.973
            57    133                             1.966                               1.955
            58    762                             1.522                               1.524
            59    172                             1.367                               1.376
            60    285                             1.368                               1.375
            61    529                             1.875                               1.881
            62    861                             1.510                               1.529
            63    757                             1.652                               1.659
            64    445                             1.255                               1.958
            65    942                             1.588                               1.544
            66    506                             1.644                               1.657
            67    174                             2.047                               1.728
            68    318                             1.579                               1.407
            69    943                             1.831                               2.033
            70    760                             2.014                               1.979
            71    546                             2.045                               2.158
            72    734                             1.963                               2.156
          ------------------------------------------------------------------------------------------

          --------------------------------
          Final Boltzmann Averaged Data.
          --------------------------------

          -------------------------------------------------------------------
          Results of Boltzmann Averaging Over All   90 Conformers (kcal/mol).
          -------------------------------------------------------------------

          Free Energy                        G              36.6513151211
          Average Potential Energy         < E >            10.9953690107
          Entropy                           -TS             25.6559461104
          -------------------------------------------------------------------

          Average Potential Energy < E > Components.

          < U >                    47.6878309781
          < W(PBSA) >             -55.4714260780
          < H.O. P.E. >            18.7791009392

          Average Solvation Energy < W(PBSA) > Components.

          < PB >                  -57.6066644625
          < SA >                    2.1352383846

          Average Gas Phase Internal Potential Energy < U > Components.

          < Valence >               2.2326888727
          < Coulomb >              44.8927039909
          < VdW >                   0.5624381145

          Average Van der Waals Energy < VdW > Components.

          < VdW6  >                -5.5468900031
          < VdW12 >                 6.1093281177

          Average Bonded Energy < Valence > Components.

          < Bond >                  0.1562473313
          < Angle >                 0.6453806391
          < Pdihed >                1.4310609024
          < Idihed >                0.0000000000
          < Tether >                0.0000000000

          -------------------------------------------------------------------
                        End of VM2 Calculation Results Summary.
          -------------------------------------------------------------------


     Total cpu time for run         22.15 seconds.
                                     0.37 minutes.

     Total wall time for run        22.42 seconds.
                                     0.37 minutes.

     TIME STAMP: VCPack job finished normally : Sunday, August 07, 2022 at 11:58:48
