
     --------------------------------------------------------------------------------
                        Running Program VCPack. Version 2.8

                           VeraChem LLC, PO Box 2206
                           Germantown, MD 20875, U.S.A.

                                Tel. 240-686-0565
                                www.verachem.com
     --------------------------------------------------------------------------------


     Input file          :   CD_guest-s22_fast_vm2_rndm.inp

     Output file         :   CD_guest-s22_fast_vm2_rndm.out

     Summary output file :   CD_guest-s22_fast_vm2_rndm.summary.out

     Executable : /data/comblab/vcCompChem_3b/exe/VC_CompChemPackage_mpi_openmp.exe

     Build date : Aug 13 2021  17:26:49

     This is a multiple processor run.

     MPI processes              :   16
     OpenMP threads per process :   16
     CUDA enabled               :  no

     TIME STAMP: VCPack job started : Sunday, August 07, 2022 at 15:33:21

     --------------------------------------------------------------------------------
                            Basic Calculation Control.
     --------------------------------------------------------------------------------

     Molecular system type                :  host+ligand     

     Calculation type                     :  feprocess       

     Energy potential                     :  mm              

     Post-processing type                 :  none            

     Post-processing energy potential     :  none            

     Time limit in wall clock hours       :  96.00

     Type of conformers to read in        :  ligand  
     Conformer source files(s)            :  guest-s22_confgen4.xyz                            

     Use input .crd for complex build     :  no
     Place ligand confs. at input .crd    :  byconfscog
     Use input .crd as start conformer    :  yes

     Formatted output files               :  xyz     
                                          :  pdb     
                                          :  mol2    
                                          :  sdf     
                                          :  xyz     
                                          :  gms     
                                          :  csv     

     Split formatted output files         :  crd     

     Limit conformers in formatted files  :  bycount
     Maximum conformer count              :  1000

     Atoms to include in formatted files  :  all     

     Binary file restart type             :  none


     --------------------------------------------------------------------------------
                            Math Related Control and Set Up.
     --------------------------------------------------------------------------------

     Random number generator seeds :  bywallclock

     Seed 1 :           3136195
     Seed 2 :            437393
     Seed 3 :              2128
     Seed 4 :             20036


     --------------------------------------------------------------------------------
                            Basic Molecular System Set Up.
     --------------------------------------------------------------------------------

     ----------------
     Host Data Files.
     ----------------

     Standard crd coordinate file            :  CD.crd
     VeraChem topology file                  :  CD.top
     Standard mol/sdf file                   :  CD.mol

     Total number of host atoms              :       126

     ------------------
     Ligand Data Files.
     ------------------

     Standard crd coordinate file            :  guest-s22.crd
     VeraChem topology file                  :  guest-s22.top
     Standard mol/sdf file                   :  guest-s22.mol

     Total number of ligand atoms            :        20

     Included in this calculation.
     Number of real and live ligand atoms    :        20
     Number of real but fixed ligand atoms   :         0

     Ligand placement method                 :  byreceptorcog

     NOTE: The placement of the ligand redefines the ligand .crd input coordinates.

     Snap ligand to template atoms           :      no

     -------------------------------
     Final Real/Live Set Atom Count.
     -------------------------------

     Total number of real atoms              :       146
     Total number of live atoms              :       146


     --------------------------------------------------------------------------------
                            Generate Initial Molecular Conformations.
     --------------------------------------------------------------------------------

     Conf. Type Read In      File Format       No. of Confs. Read In 
             ligand             xyz                1000

     Mandatory input crd file(s) used for generation of 1 additional conformer.

     From these the total number of starting conformers generated :  1000


     --------------------------------------------------------------------------------
                             Energy Potential Settings.
     --------------------------------------------------------------------------------


     Molecular Mechanics package          :  vchem           

     Quantum Mechanics package            :  none            


     --------------------------------------------------------------------------------
                       Running VfreeE Module. Version 2.8
     --------------------------------------------------------------------------------

          --------------------------------
          Final Individual Conformer Data.
          --------------------------------

          List data for conformers with probability of at least :  0.01 %
          Rankings are with respect to : Free Energy (G)

          ------------------------
          Free Energy: G = E - TS
          ------------------------

          ------------------------------------------------------------------------------------------
          Rank    ID     ln(Zx)    Prob(%)  Sum Prob(%)  Del G        G            E            -TS
          ------------------------------------------------------------------------------------------
             1    641  -1142.65220   47.21    47.21      0.00       500.82       312.44       188.38
             2     24  -1144.02195   12.00    59.20      0.82       501.64       311.98       189.66
             3    582  -1144.08385   11.28    70.48      0.85       501.67       314.27       187.40
             4    304  -1144.18951   10.15    80.63      0.92       501.74       316.73       185.00
             5    964  -1144.89545    5.01    85.64      1.34       502.16       312.25       189.90
             6    661  -1145.40114    3.02    88.66      1.64       502.46       314.76       187.70
             7     15  -1145.47595    2.80    91.46      1.68       502.50       315.94       186.56
             8    815  -1145.74985    2.13    93.59      1.85       502.67       314.55       188.11
             9    101  -1146.35905    1.16    94.75      2.21       503.03       313.32       189.71
            10     99  -1146.72657    0.80    95.55      2.43       503.25       313.66       189.59
            11   1000  -1147.28135    0.46    96.02      2.76       503.58       317.92       185.66
            12      1  -1147.33622    0.44    96.45      2.79       503.61       314.49       189.12
            13    712  -1147.48537    0.38    96.83      2.88       503.70       313.47       190.23
            14    269  -1147.87909    0.25    97.08      3.12       503.94       317.09       186.84
            15    341  -1147.93225    0.24    97.32      3.15       503.97       316.88       187.09
            16     10  -1148.09958    0.20    97.53      3.25       504.07       314.21       189.86
            17    235  -1148.10061    0.20    97.73      3.25       504.07       317.31       186.76
            18    468  -1148.15269    0.19    97.92      3.28       504.10       314.64       189.46
            19    323  -1148.21803    0.18    98.10      3.32       504.14       316.77       187.37
            20    845  -1148.30716    0.17    98.27      3.37       504.19       315.42       188.77
            21    705  -1148.38371    0.15    98.42      3.42       504.24       314.84       189.40
            22    190  -1148.42580    0.15    98.57      3.44       504.26       314.95       189.31
            23    667  -1148.52893    0.13    98.70      3.50       504.32       315.68       188.64
            24     68  -1148.65273    0.12    98.82      3.58       504.40       316.17       188.23
            25    462  -1148.77644    0.10    98.92      3.65       504.47       317.35       187.12
            26      5  -1148.98481    0.08    99.00      3.78       504.60       315.23       189.36
            27    603  -1149.16819    0.07    99.07      3.88       504.70       316.83       187.87
            28      8  -1149.26445    0.06    99.14      3.94       504.76       316.94       187.82
            29    189  -1149.33112    0.06    99.20      3.98       504.80       317.23       187.57
            30     22  -1149.49368    0.05    99.25      4.08       504.90       318.60       186.30
            31    975  -1149.56000    0.05    99.29      4.12       504.94       319.08       185.86
            32    503  -1149.61312    0.04    99.34      4.15       504.97       316.68       188.29
            33    408  -1149.71883    0.04    99.38      4.21       505.03       317.89       187.14
            34    276  -1149.76592    0.04    99.42      4.24       505.06       319.03       186.03
            35    531  -1149.95252    0.03    99.45      4.35       505.17       317.11       188.06
            36    405  -1150.08002    0.03    99.48      4.43       505.25       318.11       187.14
            37    943  -1150.12621    0.03    99.50      4.46       505.28       317.71       187.57
            38    125  -1150.20937    0.02    99.53      4.51       505.33       316.28       189.04
            39    746  -1150.21166    0.02    99.55      4.51       505.33       316.14       189.18
            40    210  -1150.34270    0.02    99.57      4.58       505.40       316.27       189.13
            41    504  -1150.37145    0.02    99.60      4.60       505.42       316.18       189.24
            42     12  -1150.47747    0.02    99.61      4.67       505.49       314.56       190.93
            43    283  -1150.47887    0.02    99.63      4.67       505.49       319.53       185.96
            44    220  -1150.56007    0.02    99.65      4.71       505.53       317.70       187.83
            45    596  -1150.66451    0.02    99.67      4.78       505.60       317.48       188.11
            46    430  -1150.69283    0.02    99.68      4.79       505.61       317.36       188.25
            47    134  -1150.70228    0.02    99.70      4.80       505.62       316.40       189.22
            48    413  -1150.75146    0.01    99.71      4.83       505.65       317.63       188.02
            49    162  -1150.83067    0.01    99.72      4.88       505.70       318.38       187.32
            50    441  -1150.86096    0.01    99.74      4.89       505.71       319.60       186.11
            51    348  -1150.86602    0.01    99.75      4.90       505.72       316.03       189.69
            52    801  -1150.91897    0.01    99.76      4.93       505.75       318.14       187.61
            53     33  -1150.93494    0.01    99.77      4.94       505.76       317.47       188.29
            54    781  -1151.01384    0.01    99.78      4.98       505.80       319.44       186.37
            55    794  -1151.03570    0.01    99.80      5.00       505.82       317.52       188.29
            56     86  -1151.04839    0.01    99.81      5.01       505.83       316.71       189.11
            57    750  -1151.06469    0.01    99.82      5.02       505.84       318.25       187.59
            58    261  -1151.08391    0.01    99.83      5.03       505.85       321.37       184.48
          ------------------------------------------------------------------------------------------

          --------------------------------------------------------
          Potential Energy: E = (U+W) + H.O. Equipartion energy
          --------------------------------------------------------

          ------------------------------------------------------------------------------------------
          Rank    ID         E          U+W            U        W(PBSA)          PB           SA
          ------------------------------------------------------------------------------------------
             1    641       312.44       183.67       258.08       -74.42       -80.44         6.02
             2     24       311.98       183.21       260.88       -77.68       -83.68         6.00
             3    582       314.27       185.50       264.07       -78.57       -84.57         6.00
             4    304       316.73       187.96       271.08       -83.12       -89.04         5.92
             5    964       312.25       183.48       260.05       -76.57       -82.56         6.00
             6    661       314.76       185.99       262.26       -76.27       -82.27         5.99
             7     15       315.94       187.17       265.91       -78.75       -84.76         6.01
             8    815       314.55       185.78       267.13       -81.34       -87.37         6.03
             9    101       313.32       184.55       253.13       -68.58       -74.55         5.98
            10     99       313.66       184.89       261.28       -76.39       -82.43         6.04
            11   1000       317.92       189.15       272.11       -82.96       -89.01         6.05
            12      1       314.49       185.72       255.03       -69.31       -75.26         5.95
            13    712       313.47       184.70       258.93       -74.24       -80.24         6.01
            14    269       317.09       188.32       264.18       -75.86       -81.84         5.98
            15    341       316.88       188.11       267.24       -79.13       -85.20         6.08
            16     10       314.21       185.44       253.20       -67.76       -73.66         5.90
            17    235       317.31       188.53       271.62       -83.08       -89.17         6.08
            18    468       314.64       185.87       259.37       -73.50       -79.46         5.96
            19    323       316.77       188.00       264.60       -76.60       -82.66         6.06
            20    845       315.42       186.65       258.87       -72.22       -78.13         5.92
            21    705       314.84       186.07       257.64       -71.57       -77.50         5.93
            22    190       314.95       186.18       257.35       -71.17       -77.11         5.94
            23    667       315.68       186.91       259.39       -72.47       -78.40         5.93
            24     68       316.17       187.40       262.70       -75.30       -81.27         5.97
            25    462       317.35       188.58       272.20       -83.62       -89.66         6.04
            26      5       315.23       186.46       253.25       -66.79       -72.72         5.93
            27    603       316.83       188.06       261.62       -73.56       -79.49         5.93
            28      8       316.94       188.17       262.88       -74.71       -80.65         5.94
            29    189       317.23       188.46       265.41       -76.95       -82.99         6.04
            30     22       318.60       189.83       270.07       -80.24       -86.23         5.99
            31    975       319.08       190.31       272.87       -82.57       -88.58         6.02
            32    503       316.68       187.91       271.01       -83.11       -89.24         6.14
            33    408       317.89       189.12       266.49       -77.37       -83.42         6.05
            34    276       319.03       190.26       272.34       -82.07       -88.14         6.07
            35    531       317.11       188.34       264.59       -76.24       -82.22         5.98
            36    405       318.11       189.34       267.52       -78.18       -84.20         6.02
            37    943       317.71       188.94       265.30       -76.37       -82.36         5.99
            38    125       316.28       187.51       259.89       -72.38       -78.31         5.93
            39    746       316.14       187.37       261.95       -74.58       -80.49         5.92
            40    210       316.27       187.50       256.92       -69.41       -75.28         5.87
            41    504       316.18       187.41       266.56       -79.14       -85.22         6.08
            42     12       314.56       185.79       256.49       -70.71       -76.70         5.99
            43    283       319.53       190.76       273.03       -82.28       -88.32         6.04
            44    220       317.70       188.93       265.23       -76.29       -82.27         5.97
            45    596       317.48       188.71       262.70       -73.99       -79.94         5.95
            46    430       317.36       188.59       260.34       -71.75       -77.62         5.87
            47    134       316.40       187.63       261.59       -73.96       -80.00         6.04
            48    413       317.63       188.86       264.12       -75.26       -81.22         5.96
            49    162       318.38       189.61       266.54       -76.93       -82.98         6.05
            50    441       319.60       190.83       268.16       -77.33       -83.38         6.05
            51    348       316.03       187.26       259.41       -72.15       -78.11         5.96
            52    801       318.14       189.37       265.99       -76.62       -82.59         5.97
            53     33       317.47       188.70       264.27       -75.56       -81.55         5.98
            54    781       319.44       190.67       272.47       -81.80       -87.87         6.06
            55    794       317.52       188.75       264.91       -76.16       -82.16         6.00
            56     86       316.71       187.94       257.73       -69.78       -75.72         5.93
            57    750       318.25       189.48       263.88       -74.40       -80.41         6.01
            58    261       321.37       192.60       265.57       -72.98       -78.91         5.94
          ------------------------------------------------------------------------------------------

          ----------------------------------------
          Gas Phase Internal Potential Energy: U
          ----------------------------------------

          ------------------------------------------------------------------------------------------
          Rank    ID         U         Valence     Coulomb        VdW         VdW6        VdW12
          ------------------------------------------------------------------------------------------
             1    641       258.08       154.87       129.25       -26.03      -190.21       164.18
             2     24       260.88       152.84       133.36       -25.31      -189.53       164.23
             3    582       264.07       154.72       135.86       -26.51      -186.22       159.71
             4    304       271.08       155.33       144.48       -28.73      -185.21       156.48
             5    964       260.05       152.58       132.79       -25.33      -189.50       164.17
             6    661       262.26       153.87       135.18       -26.79      -185.53       158.74
             7     15       265.91       155.49       137.30       -26.88      -185.71       158.83
             8    815       267.13       154.84       139.43       -27.15      -186.86       159.71
             9    101       253.13       155.01       123.11       -24.99      -189.37       164.38
            10     99       261.28       154.82       131.82       -25.36      -189.68       164.32
            11   1000       272.11       157.11       143.01       -28.01      -184.53       156.53
            12      1       255.03       156.00       124.52       -25.49      -189.16       163.68
            13    712       258.93       154.97       131.56       -27.59      -191.23       163.64
            14    269       264.18       154.25       137.52       -27.59      -186.19       158.61
            15    341       267.24       156.35       136.48       -25.58      -184.39       158.81
            16     10       253.20       156.18       124.86       -27.83      -192.28       164.45
            17    235       271.62       156.52       142.19       -27.09      -186.09       158.99
            18    468       259.37       159.00       127.00       -26.63      -188.90       162.27
            19    323       264.60       156.37       133.54       -25.31      -184.37       159.06
            20    845       258.87       157.36       129.33       -27.83      -192.01       164.19
            21    705       257.64       158.10       127.31       -27.77      -193.11       165.34
            22    190       257.35       158.50       126.36       -27.51      -192.96       165.45
            23    667       259.39       157.61       129.13       -27.35      -191.64       164.29
            24     68       262.70       157.09       133.35       -27.74      -187.18       159.44
            25    462       272.20       156.78       142.84       -27.42      -184.85       157.44
            26      5       253.25       155.30       126.88       -28.93      -192.60       163.66
            27    603       261.62       156.99       132.75       -28.11      -188.02       159.91
            28      8       262.88       156.13       133.16       -26.42      -188.07       161.65
            29    189       265.41       154.10       137.30       -26.00      -184.04       158.04
            30     22       270.07       158.11       140.19       -28.24      -187.45       159.21
            31    975       272.87       157.11       143.14       -27.38      -186.24       158.86
            32    503       271.01       143.85       149.70       -22.54      -180.95       158.41
            33    408       266.49       158.19       135.49       -27.19      -186.10       158.92
            34    276       272.34       157.45       143.12       -28.24      -183.68       155.44
            35    531       264.59       156.42       135.38       -27.21      -189.49       162.27
            36    405       267.52       156.46       137.41       -26.34      -183.74       157.40
            37    943       265.30       152.71       139.82       -27.23      -185.46       158.23
            38    125       259.89       155.31       132.69       -28.10      -190.05       161.95
            39    746       261.95       156.33       132.59       -26.96      -189.79       162.83
            40    210       256.92       159.16       125.50       -27.75      -193.02       165.27
            41    504       266.56       156.18       136.58       -26.20      -188.19       161.99
            42     12       256.49       156.01       128.14       -27.65      -193.23       165.58
            43    283       273.03       157.19       143.32       -27.48      -183.59       156.11
            44    220       265.23       159.08       133.43       -27.28      -189.03       161.74
            45    596       262.70       156.44       134.24       -27.98      -188.32       160.34
            46    430       260.34       157.71       131.40       -28.76      -191.03       162.27
            47    134       261.59       157.47       129.71       -25.59      -187.50       161.91
            48    413       264.12       155.59       136.67       -28.14      -189.06       160.92
            49    162       266.54       157.07       136.22       -26.75      -185.14       158.39
            50    441       268.16       158.79       135.07       -25.70      -184.02       158.32
            51    348       259.41       160.00       126.84       -27.42      -190.39       162.97
            52    801       265.99       158.91       136.38       -29.30      -188.53       159.23
            53     33       264.27       155.05       137.18       -27.96      -188.65       160.69
            54    781       272.47       157.68       143.21       -28.41      -183.74       155.33
            55    794       264.91       156.68       135.42       -27.19      -189.16       161.97
            56     86       257.73       159.22       125.22       -26.72      -190.11       163.40
            57    750       263.88       155.42       134.68       -26.22      -185.76       159.54
            58    261       265.57       155.18       140.52       -30.13      -184.63       154.50
          ------------------------------------------------------------------------------------------

          -------------------------------
          Bonded Energy Terms: Valence
          -------------------------------

          ------------------------------------------------------------------------------------------
          Rank    ID     Valence       Bond        Angle         Pdih         Idih       Tether
          ------------------------------------------------------------------------------------------
             1    641       154.87         5.21        15.55       134.06         0.05         0.00
             2     24       152.84         5.24        15.15       132.44         0.00         0.00
             3    582       154.72         4.83        14.23       135.66         0.00         0.00
             4    304       155.33         4.67        14.05       136.61         0.00         0.00
             5    964       152.58         5.24        15.23       132.12         0.00         0.00
             6    661       153.87         4.89        14.24       134.70         0.04         0.00
             7     15       155.49         4.78        14.35       136.36         0.00         0.00
             8    815       154.84         4.91        13.59       136.34         0.00         0.00
             9    101       155.01         5.28        14.97       134.72         0.04         0.00
            10     99       154.82         5.32        14.80       134.70         0.01         0.00
            11   1000       157.11         4.71        13.91       138.49         0.00         0.00
            12      1       156.00         5.29        15.21       135.48         0.02         0.00
            13    712       154.97         5.12        14.69       135.14         0.01         0.00
            14    269       154.25         4.81        14.31       135.13         0.00         0.00
            15    341       156.35         4.84        14.19       137.32         0.00         0.00
            16     10       156.18         5.11        14.67       136.40         0.00         0.00
            17    235       156.52         4.89        14.10       137.52         0.00         0.00
            18    468       159.00         4.99        13.89       140.07         0.05         0.00
            19    323       156.37         4.82        13.50       138.05         0.00         0.00
            20    845       157.36         5.06        15.02       137.28         0.00         0.00
            21    705       158.10         5.10        14.63       138.37         0.00         0.00
            22    190       158.50         5.10        14.81       138.59         0.00         0.00
            23    667       157.61         5.08        15.10       137.43         0.00         0.00
            24     68       157.09         4.92        13.20       138.97         0.00         0.00
            25    462       156.78         4.75        13.53       138.50         0.00         0.00
            26      5       155.30         5.02        15.01       135.26         0.00         0.00
            27    603       156.99         4.99        14.08       137.86         0.06         0.00
            28      8       156.13         5.09        14.83       136.18         0.03         0.00
            29    189       154.10         4.82        13.97       135.31         0.00         0.00
            30     22       158.11         4.78        14.70       138.63         0.00         0.00
            31    975       157.11         4.89        14.49       137.73         0.00         0.00
            32    503       143.85         5.30        17.32       121.22         0.00         0.00
            33    408       158.19         4.79        13.70       139.69         0.00         0.00
            34    276       157.45         4.59        13.34       139.51         0.00         0.00
            35    531       156.42         5.02        14.75       136.65         0.00         0.00
            36    405       156.46         4.79        13.58       138.08         0.01         0.00
            37    943       152.71         4.83        14.47       133.41         0.01         0.00
            38    125       155.31         5.03        14.73       135.55         0.00         0.00
            39    746       156.33         5.03        15.21       136.06         0.02         0.00
            40    210       159.16         5.11        15.23       138.82         0.00         0.00
            41    504       156.18         5.01        15.04       136.13         0.00         0.00
            42     12       156.01         5.18        15.49       135.32         0.01         0.00
            43    283       157.19         4.70        13.70       138.79         0.00         0.00
            44    220       159.08         4.93        14.69       139.47         0.00         0.00
            45    596       156.44         5.08        14.94       136.41         0.00         0.00
            46    430       157.71         4.96        14.38       138.37         0.00         0.00
            47    134       157.47         5.03        14.23       138.21         0.00         0.00
            48    413       155.59         5.01        14.83       135.75         0.01         0.00
            49    162       157.07         4.75        13.89       138.43         0.00         0.00
            50    441       158.79         4.92        13.98       139.89         0.00         0.00
            51    348       160.00         4.98        14.00       140.96         0.05         0.00
            52    801       158.91         4.82        13.17       140.88         0.03         0.00
            53     33       155.05         4.98        14.89       135.17         0.01         0.00
            54    781       157.68         4.58        13.32       139.77         0.00         0.00
            55    794       156.68         4.98        14.66       137.04         0.00         0.00
            56     86       159.22         5.00        14.79       139.43         0.00         0.00
            57    750       155.42         4.89        14.52       136.01         0.00         0.00
            58    261       155.18         4.39        12.90       137.89         0.00         0.00
          ------------------------------------------------------------------------------------------

          Calculating single reference conformer RMSDs ...

          ---------------------------------
          Conformer RMSDs are in Angstroms.
          ---------------------------------

          ------------------------------------------------------------------------------------------
                              RMSD wrt Input Crd                    RMSD wrt Rank 1
                         ---------------------------------------------------------------------------
          Rank    ID        Complex    Receptor  Ligand          Complex    Receptor  Ligand
          ------------------------------------------------------------------------------------------
             1    641         2.186     1.951     3.302           0.000     0.000     0.000
             2     24         2.336     2.455     1.365           1.813     1.860     1.486
             3    582         1.376     1.356     1.493           2.339     2.356     2.226
             4    304         1.212     1.197     1.305           2.273     2.327     1.900
             5    964         2.185     2.288     1.367           1.888     1.945     1.479
             6    661         1.555     1.093     3.184           1.216     0.869     2.457
             7     15         1.438     1.348     1.913           2.405     2.410     2.376
             8    815         1.296     0.975     2.504           1.642     1.274     3.077
             9    101         1.789     1.603     2.680           2.474     2.530     2.088
            10     99         2.352     2.268     2.828           2.308     2.088     3.379
            11   1000         1.224     1.040     2.032           1.998     1.848     2.758
            12      1         1.586     1.400     2.451           2.793     2.750     3.053
            13    712         1.897     1.795     2.445           0.720     0.609     1.203
            14    269         1.558     1.479     1.985           1.079     0.636     2.440
            15    341         1.408     1.333     1.812           2.366     2.360     2.405
            16     10         1.147     1.074     1.529           2.467     2.533     2.005
            17    235         1.102     0.955     1.765           0.982     0.618     2.151
            18    468         1.384     1.208     2.187           1.944     1.802     2.671
            19    323         1.693     1.601     2.186           2.352     2.265     2.842
            20    845         1.371     1.211     2.115           1.220     0.805     2.605
            21    705         1.538     1.367     2.344           2.403     2.262     3.149
            22    190         1.372     1.116     2.426           2.276     2.148     2.957
            23    667         1.227     1.046     2.025           2.372     2.382     2.309
            24     68         1.288     0.828     2.792           1.628     1.343     2.827
            25    462         1.343     1.306     1.555           1.600     1.469     2.259
            26      5         1.393     1.118     2.510           2.521     2.546     2.355
            27    603         1.654     1.271     3.131           2.103     2.102     2.106
            28      8         1.166     1.027     1.811           0.977     0.754     1.842
            29    189         1.469     1.363     2.011           2.863     2.854     2.918
            30     22         1.728     1.718     1.789           2.296     2.242     2.613
            31    975         1.098     0.965     1.712           1.070     0.692     2.312
            32    503         3.002     2.462     5.254           3.124     2.604     5.339
            33    408         1.332     1.153     2.140           2.417     2.306     3.020
            34    276         1.257     0.867     2.609           2.322     2.193     3.009
            35    531         1.463     1.366     1.964           2.380     2.386     2.339
            36    405         1.484     1.203     2.639           2.349     2.136     3.395
            37    943         2.088     1.912     2.962           2.494     2.384     3.103
            38    125         1.757     1.676     2.199           1.134     0.698     2.513
            39    746         2.175     2.176     2.169           2.673     2.643     2.853
            40    210         1.410     1.200     2.335           2.132     1.945     3.058
            41    504         1.371     1.350     1.499           2.458     2.440     2.568
            42     12         1.917     1.840     2.340           0.700     0.611     1.108
            43    283         1.397     1.209     2.243           2.317     2.283     2.523
            44    220         1.953     1.900     2.263           2.612     2.643     2.409
            45    596         2.265     2.189     2.694           2.297     2.427     1.186
            46    430         1.870     1.801     2.254           2.228     2.144     2.698
            47    134         1.520     1.230     2.708           2.644     2.545     3.195
            48    413         1.821     1.819     1.835           1.842     1.767     2.259
            49    162         1.448     1.246     2.353           2.151     1.987     2.987
            50    441         1.370     1.243     1.990           2.191     2.193     2.176
            51    348         1.123     0.755     2.369           1.614     1.428     2.482
            52    801         1.167     0.725     2.575           1.854     1.543     3.175
            53     33         1.703     1.664     1.933           2.152     2.143     2.207
            54    781         1.555     1.202     2.921           2.238     2.042     3.209
            55    794         1.668     1.663     1.698           1.083     0.723     2.295
            56     86         1.197     0.954     2.174           2.056     1.999     2.384
            57    750         1.404     1.266     2.073           2.471     2.434     2.692
            58    261         1.476     0.851     3.368           1.533     0.834     3.574
          ------------------------------------------------------------------------------------------

          --------------------------------
          Final Boltzmann Averaged Data.
          --------------------------------

          -------------------------------------------------------------------
          Results of Boltzmann Averaging Over All  509 Conformers (kcal/mol).
          -------------------------------------------------------------------

          Free Energy                        G             500.3724219066
          Average Potential Energy         < E >           313.4160120508
          Entropy                           -TS            186.9564098559
          -------------------------------------------------------------------

          Average Potential Energy < E > Components.

          < U >                   261.2308592296
          < W(PBSA) >             -76.5860424351
          < H.O. P.E. >           128.7709778685

          Average Solvation Energy < W(PBSA) > Components.

          < PB >                  -82.5866955883
          < SA >                    6.0006531532

          Average Gas Phase Internal Potential Energy < U > Components.

          < Valence >             154.5998421144
          < Coulomb >             132.9697702299
          < VdW >                 -26.3387531146

          Average Van der Waals Energy < VdW > Components.

          < VdW6  >              -188.6918821959
          < VdW12 >               162.3531290813

          Average Bonded Energy < Valence > Components.

          < Bond >                  5.0794450334
          < Angle >                15.0079627933
          < Pdihed >              134.4855499808
          < Idihed >                0.0268843070
          < Tether >                0.0000000000

          -------------------------------------------------------------------
                        End of feprocess Calculation Results Summary.
          -------------------------------------------------------------------


     Total cpu time for run       4705.93 seconds.
                                    78.43 minutes.

     Total wall time for run      2484.28 seconds.
                                    41.40 minutes.

     TIME STAMP: VCPack job finished normally : Sunday, August 07, 2022 at 16:14:46
