
     --------------------------------------------------------------------------------
                        Running Program VCPack. Version 2.8

                           VeraChem LLC, PO Box 2206
                           Germantown, MD 20875, U.S.A.

                                Tel. 240-686-0565
                                www.verachem.com
     --------------------------------------------------------------------------------


     Input file          :   CD_guest-s19_fast_vm2_rndm.inp

     Output file         :   CD_guest-s19_fast_vm2_rndm.out

     Summary output file :   CD_guest-s19_fast_vm2_rndm.summary.out

     Executable : /data/comblab/vcCompChem_3b/exe/VC_CompChemPackage_mpi_openmp.exe

     Build date : Aug 13 2021  17:26:49

     This is a multiple processor run.

     MPI processes              :   16
     OpenMP threads per process :   16
     CUDA enabled               :  no

     TIME STAMP: VCPack job started : Sunday, August 07, 2022 at 15:07:44

     --------------------------------------------------------------------------------
                            Basic Calculation Control.
     --------------------------------------------------------------------------------

     Molecular system type                :  host+ligand     

     Calculation type                     :  feprocess       

     Energy potential                     :  mm              

     Post-processing type                 :  none            

     Post-processing energy potential     :  none            

     Time limit in wall clock hours       :  96.00

     Type of conformers to read in        :  ligand  
     Conformer source files(s)            :  guest-s19_confgen4.xyz                            

     Use input .crd for complex build     :  no
     Place ligand confs. at input .crd    :  byconfscog
     Use input .crd as start conformer    :  yes

     Formatted output files               :  xyz     
                                          :  pdb     
                                          :  mol2    
                                          :  sdf     
                                          :  xyz     
                                          :  gms     
                                          :  csv     

     Split formatted output files         :  crd     

     Limit conformers in formatted files  :  bycount
     Maximum conformer count              :  1000

     Atoms to include in formatted files  :  all     

     Binary file restart type             :  none


     --------------------------------------------------------------------------------
                            Math Related Control and Set Up.
     --------------------------------------------------------------------------------

     Random number generator seeds :  bywallclock

     Seed 1 :           7757999
     Seed 2 :            150233
     Seed 3 :               591
     Seed 4 :              4859


     --------------------------------------------------------------------------------
                            Basic Molecular System Set Up.
     --------------------------------------------------------------------------------

     ----------------
     Host Data Files.
     ----------------

     Standard crd coordinate file            :  CD.crd
     VeraChem topology file                  :  CD.top
     Standard mol/sdf file                   :  CD.mol

     Total number of host atoms              :       126

     ------------------
     Ligand Data Files.
     ------------------

     Standard crd coordinate file            :  guest-s19.crd
     VeraChem topology file                  :  guest-s19.top
     Standard mol/sdf file                   :  guest-s19.mol

     Total number of ligand atoms            :        17

     Included in this calculation.
     Number of real and live ligand atoms    :        17
     Number of real but fixed ligand atoms   :         0

     Ligand placement method                 :  byreceptorcog

     NOTE: The placement of the ligand redefines the ligand .crd input coordinates.

     Snap ligand to template atoms           :      no

     -------------------------------
     Final Real/Live Set Atom Count.
     -------------------------------

     Total number of real atoms              :       143
     Total number of live atoms              :       143


     --------------------------------------------------------------------------------
                            Generate Initial Molecular Conformations.
     --------------------------------------------------------------------------------

     Conf. Type Read In      File Format       No. of Confs. Read In 
             ligand             xyz                1000

     Mandatory input crd file(s) used for generation of 1 additional conformer.

     From these the total number of starting conformers generated :  1000


     --------------------------------------------------------------------------------
                             Energy Potential Settings.
     --------------------------------------------------------------------------------


     Molecular Mechanics package          :  vchem           

     Quantum Mechanics package            :  none            


     --------------------------------------------------------------------------------
                       Running VfreeE Module. Version 2.8
     --------------------------------------------------------------------------------

          --------------------------------
          Final Individual Conformer Data.
          --------------------------------

          List data for conformers with probability of at least :  0.01 %
          Rankings are with respect to : Free Energy (G)

          ------------------------
          Free Energy: G = E - TS
          ------------------------

          ------------------------------------------------------------------------------------------
          Rank    ID     ln(Zx)    Prob(%)  Sum Prob(%)  Del G        G            E            -TS
          ------------------------------------------------------------------------------------------
             1     61  -1128.84873   74.75    74.75      0.00       494.79       312.45       182.33
             2     49  -1131.20896    7.06    81.80      1.41       496.19       314.69       181.50
             3    166  -1131.94473    3.38    85.19      1.85       496.63       315.14       181.49
             4    767  -1132.51780    1.91    87.09      2.19       496.97       313.44       183.54
             5    669  -1132.79639    1.44    88.53      2.35       497.14       315.50       181.64
             6    405  -1133.02242    1.15    89.68      2.49       497.27       314.31       182.97
             7    917  -1133.16869    0.99    90.68      2.58       497.36       313.21       184.15
             8    448  -1133.30929    0.86    91.54      2.66       497.44       314.49       182.96
             9    625  -1133.34324    0.83    92.38      2.68       497.46       314.05       183.42
            10    690  -1133.48802    0.72    93.10      2.77       497.55       315.01       182.54
            11    769  -1133.87843    0.49    93.59      3.00       497.78       315.01       182.77
            12    890  -1133.88466    0.49    94.07      3.00       497.79       315.86       181.93
            13      3  -1134.00315    0.43    94.51      3.07       497.86       314.69       183.17
            14    603  -1134.00983    0.43    94.93      3.08       497.86       314.88       182.98
            15    259  -1134.05645    0.41    95.34      3.10       497.89       316.82       181.07
            16    682  -1134.07283    0.40    95.75      3.11       497.90       313.57       184.33
            17    453  -1134.39685    0.29    96.04      3.31       498.09       314.13       183.97
            18    238  -1134.49145    0.26    96.30      3.36       498.15       315.01       183.14
            19    105  -1134.51760    0.26    96.56      3.38       498.17       314.35       183.82
            20    817  -1134.60681    0.24    96.80      3.43       498.22       317.73       180.48
            21    681  -1134.66364    0.22    97.02      3.47       498.25       315.12       183.13
            22    974  -1134.71615    0.21    97.23      3.50       498.28       316.80       181.48
            23    657  -1134.79748    0.20    97.43      3.55       498.33       317.52       180.81
            24    662  -1134.89035    0.18    97.60      3.60       498.39       316.90       181.49
            25     68  -1134.92569    0.17    97.78      3.62       498.41       314.77       183.64
            26    981  -1134.94414    0.17    97.94      3.63       498.42       315.82       182.60
            27    218  -1135.13131    0.14    98.08      3.75       498.53       317.50       181.03
            28    826  -1135.27577    0.12    98.20      3.83       498.62       316.56       182.05
            29    885  -1135.28624    0.12    98.32      3.84       498.62       316.16       182.46
            30     76  -1135.41769    0.10    98.43      3.92       498.70       316.06       182.64
            31    626  -1135.46939    0.10    98.53      3.95       498.73       316.74       181.99
            32    760  -1135.52865    0.09    98.62      3.98       498.77       316.01       182.76
            33    378  -1135.56477    0.09    98.71      4.00       498.79       316.98       181.81
            34    417  -1135.57888    0.09    98.80      4.01       498.80       316.42       182.37
            35    197  -1135.72781    0.08    98.88      4.10       498.89       316.24       182.64
            36    712  -1135.86064    0.07    98.95      4.18       498.97       315.05       183.91
            37    754  -1135.90034    0.06    99.01      4.20       498.99       319.36       179.63
            38    790  -1135.95912    0.06    99.07      4.24       499.02       317.54       181.48
            39    149  -1135.96058    0.06    99.13      4.24       499.03       318.44       180.58
            40    513  -1136.06786    0.05    99.19      4.30       499.09       315.06       184.03
            41    854  -1136.11053    0.05    99.24      4.33       499.11       316.81       182.30
            42    232  -1136.13102    0.05    99.29      4.34       499.13       315.50       183.63
            43     19  -1136.14315    0.05    99.34      4.35       499.13       315.27       183.86
            44    563  -1136.26586    0.04    99.39      4.42       499.21       317.18       182.03
            45    842  -1136.37222    0.04    99.43      4.49       499.27       315.53       183.74
            46    633  -1136.41420    0.04    99.47      4.51       499.30       316.44       182.86
            47    584  -1136.46890    0.04    99.50      4.54       499.33       316.31       183.02
            48    688  -1136.49067    0.04    99.54      4.56       499.34       316.64       182.70
            49    310  -1136.51461    0.04    99.57      4.57       499.36       315.53       183.83
            50    831  -1136.72193    0.03    99.60      4.69       499.48       317.07       182.41
            51    963  -1136.97662    0.02    99.62      4.85       499.63       317.11       182.52
            52      4  -1136.98762    0.02    99.65      4.85       499.64       317.14       182.49
            53    770  -1137.06603    0.02    99.67      4.90       499.68       318.24       181.44
            54     62  -1137.08010    0.02    99.69      4.91       499.69       316.06       183.63
            55    334  -1137.20599    0.02    99.70      4.98       499.77       318.35       181.42
            56    757  -1137.20921    0.02    99.72      4.98       499.77       318.43       181.34
            57    978  -1137.24986    0.02    99.74      5.01       499.79       316.23       183.56
            58    569  -1137.26777    0.02    99.75      5.02       499.80       317.04       182.76
            59    899  -1137.33723    0.02    99.77      5.06       499.85       316.54       183.31
            60    973  -1137.36460    0.01    99.79      5.08       499.86       316.79       183.07
            61    423  -1137.38109    0.01    99.80      5.09       499.87       314.99       184.88
            62    488  -1137.40719    0.01    99.81      5.10       499.89       317.63       182.26
            63    282  -1137.43689    0.01    99.83      5.12       499.91       317.64       182.27
            64    812  -1137.55264    0.01    99.84      5.19       499.97       316.90       183.07
            65    939  -1137.62738    0.01    99.85      5.23       500.02       316.84       183.18
            66    634  -1137.64044    0.01    99.86      5.24       500.03       316.98       183.04
          ------------------------------------------------------------------------------------------

          --------------------------------------------------------
          Potential Energy: E = (U+W) + H.O. Equipartion energy
          --------------------------------------------------------

          ------------------------------------------------------------------------------------------
          Rank    ID         E          U+W            U        W(PBSA)          PB           SA
          ------------------------------------------------------------------------------------------
             1     61       312.45       186.37       258.62       -72.25       -78.26         6.01
             2     49       314.69       188.60       266.96       -78.36       -84.37         6.02
             3    166       315.14       189.05       272.88       -83.83       -89.85         6.02
             4    767       313.44       187.35       264.98       -77.64       -83.64         6.01
             5    669       315.50       189.41       270.97       -81.56       -87.56         6.00
             6    405       314.31       188.22       268.40       -80.18       -86.17         5.98
             7    917       313.21       187.12       266.80       -79.68       -85.66         5.98
             8    448       314.49       188.40       267.60       -79.20       -85.17         5.97
             9    625       314.05       187.96       266.33       -78.37       -84.35         5.98
            10    690       315.01       188.92       267.77       -78.85       -84.84         5.99
            11    769       315.01       188.92       267.98       -79.06       -85.01         5.95
            12    890       315.86       189.77       273.33       -83.56       -89.62         6.06
            13      3       314.69       188.60       268.58       -79.98       -85.96         5.98
            14    603       314.88       188.79       268.80       -80.01       -86.05         6.03
            15    259       316.82       190.73       270.72       -79.99       -86.05         6.05
            16    682       313.57       187.48       264.44       -76.96       -82.94         5.97
            17    453       314.13       188.04       268.76       -80.72       -86.73         6.01
            18    238       315.01       188.92       273.05       -84.12       -90.16         6.04
            19    105       314.35       188.26       258.53       -70.27       -76.17         5.90
            20    817       317.73       191.65       277.60       -85.95       -92.01         6.06
            21    681       315.12       189.04       267.99       -78.95       -85.00         6.05
            22    974       316.80       190.71       265.92       -75.21       -81.13         5.92
            23    657       317.52       191.43       272.53       -81.10       -87.11         6.01
            24    662       316.90       190.81       274.15       -83.34       -89.32         5.99
            25     68       314.77       188.68       266.31       -77.63       -83.65         6.02
            26    981       315.82       189.73       268.21       -78.48       -84.46         5.98
            27    218       317.50       191.41       272.02       -80.61       -86.65         6.04
            28    826       316.56       190.48       264.21       -73.73       -79.69         5.96
            29    885       316.16       190.08       272.03       -81.95       -88.00         6.05
            30     76       316.06       189.98       269.85       -79.87       -85.82         5.95
            31    626       316.74       190.65       275.83       -85.18       -91.37         6.20
            32    760       316.01       189.92       267.13       -77.21       -83.17         5.96
            33    378       316.98       190.89       265.87       -74.98       -80.92         5.93
            34    417       316.42       190.34       269.38       -79.05       -85.17         6.12
            35    197       316.24       190.16       268.97       -78.82       -84.86         6.04
            36    712       315.05       188.96       266.84       -77.88       -83.91         6.03
            37    754       319.36       193.27       278.33       -85.06       -91.12         6.06
            38    790       317.54       191.45       270.88       -79.43       -85.35         5.92
            39    149       318.44       192.35       266.10       -73.75       -79.66         5.91
            40    513       315.06       188.97       268.46       -79.49       -85.45         5.97
            41    854       316.81       190.72       264.82       -74.10       -80.02         5.93
            42    232       315.50       189.41       267.60       -78.19       -84.26         6.07
            43     19       315.27       189.18       267.25       -78.07       -84.09         6.03
            44    563       317.18       191.09       270.86       -79.77       -85.74         5.97
            45    842       315.53       189.44       267.95       -78.51       -84.52         6.01
            46    633       316.44       190.35       269.24       -78.89       -84.93         6.04
            47    584       316.31       190.22       266.25       -76.03       -81.99         5.96
            48    688       316.64       190.56       271.62       -81.06       -87.12         6.06
            49    310       315.53       189.44       260.99       -71.55       -77.56         6.01
            50    831       317.07       190.98       273.09       -82.11       -88.18         6.07
            51    963       317.11       191.02       272.51       -81.49       -87.49         6.00
            52      4       317.14       191.05       272.17       -81.11       -87.13         6.02
            53    770       318.24       192.15       276.76       -84.60       -90.65         6.04
            54     62       316.06       189.98       266.92       -76.94       -82.93         5.99
            55    334       318.35       192.26       270.12       -77.86       -83.84         5.98
            56    757       318.43       192.35       273.83       -81.49       -87.52         6.04
            57    978       316.23       190.14       265.48       -75.33       -81.24         5.91
            58    569       317.04       190.95       269.55       -78.60       -84.55         5.95
            59    899       316.54       190.45       266.74       -76.29       -82.27         5.98
            60    973       316.79       190.71       268.00       -77.30       -83.33         6.04
            61    423       314.99       188.90       267.29       -78.39       -84.38         5.99
            62    488       317.63       191.54       271.59       -80.05       -86.00         5.95
            63    282       317.64       191.55       273.83       -82.28       -88.33         6.05
            64    812       316.90       190.81       270.74       -79.93       -85.94         6.01
            65    939       316.84       190.75       270.43       -79.68       -85.74         6.06
            66    634       316.98       190.90       268.93       -78.04       -84.05         6.01
          ------------------------------------------------------------------------------------------

          ----------------------------------------
          Gas Phase Internal Potential Energy: U
          ----------------------------------------

          ------------------------------------------------------------------------------------------
          Rank    ID         U         Valence     Coulomb        VdW         VdW6        VdW12
          ------------------------------------------------------------------------------------------
             1     61       258.62       146.10       135.53       -23.01      -181.97       158.96
             2     49       266.96       148.75       142.56       -24.35      -179.29       154.94
             3    166       272.88       147.70       150.86       -25.68      -179.17       153.48
             4    767       264.98       150.14       138.08       -23.24      -182.17       158.93
             5    669       270.97       147.13       147.72       -23.88      -179.06       155.19
             6    405       268.40       148.51       144.32       -24.43      -183.85       159.42
             7    917       266.80       148.07       143.77       -25.04      -183.28       158.24
             8    448       267.60       151.01       140.03       -23.45      -181.76       158.31
             9    625       266.33       147.72       144.33       -25.72      -184.29       158.57
            10    690       267.77       148.66       142.47       -23.35      -179.39       156.04
            11    769       267.98       148.97       144.04       -25.04      -181.91       156.88
            12    890       273.33       146.59       149.15       -22.41      -177.47       155.06
            13      3       268.58       151.39       141.79       -24.60      -182.17       157.57
            14    603       268.80       150.32       142.38       -23.89      -183.11       159.22
            15    259       270.72       150.04       145.28       -24.60      -182.12       157.52
            16    682       264.44       151.50       136.73       -23.79      -183.20       159.41
            17    453       268.76       150.38       143.26       -24.89      -184.06       159.17
            18    238       273.05       140.19       156.12       -23.27      -177.62       154.35
            19    105       258.53       148.14       136.34       -25.95      -188.53       162.57
            20    817       277.60       148.72       153.94       -25.06      -177.76       152.70
            21    681       267.99       151.84       139.97       -23.81      -180.79       156.98
            22    974       265.92       150.10       141.82       -26.00      -182.48       156.48
            23    657       272.53       147.83       148.76       -24.06      -178.83       154.77
            24    662       274.15       148.25       151.86       -25.96      -179.24       153.27
            25     68       266.31       151.66       139.12       -24.47      -182.74       158.27
            26    981       268.21       149.19       143.73       -24.71      -183.57       158.86
            27    218       272.02       149.74       146.09       -23.80      -177.15       153.35
            28    826       264.21       148.41       141.04       -25.24      -182.30       157.06
            29    885       272.03       150.50       144.22       -22.69      -179.29       156.60
            30     76       269.85       152.16       141.20       -23.51      -181.56       158.05
            31    626       275.83       148.57       150.00       -22.74      -177.71       154.98
            32    760       267.13       151.24       139.81       -23.92      -181.72       157.81
            33    378       265.87       149.65       141.73       -25.51      -182.31       156.81
            34    417       269.38       142.76       146.01       -19.39      -173.70       154.31
            35    197       268.97       151.96       140.68       -23.66      -180.38       156.71
            36    712       266.84       151.76       139.21       -24.13      -183.67       159.54
            37    754       278.33       150.65       152.96       -25.28      -176.51       151.23
            38    790       270.88       150.06       148.74       -27.91      -182.21       154.29
            39    149       266.10       149.56       142.11       -25.57      -181.32       155.75
            40    513       268.46       151.27       141.63       -24.44      -184.21       159.77
            41    854       264.82       148.92       142.41       -26.50      -182.93       156.43
            42    232       267.60       151.08       139.80       -23.29      -182.60       159.31
            43     19       267.25       150.99       139.84       -23.58      -181.99       158.41
            44    563       270.86       152.53       143.92       -25.59      -182.66       157.07
            45    842       267.95       151.97       140.46       -24.48      -184.40       159.92
            46    633       269.24       153.23       139.44       -23.42      -179.98       156.55
            47    584       266.25       151.52       138.39       -23.67      -181.79       158.12
            48    688       271.62       148.51       147.28       -24.17      -179.79       155.62
            49    310       260.99       149.96       134.43       -23.40      -183.68       160.27
            50    831       273.09       148.55       149.52       -24.97      -182.62       157.65
            51    963       272.51       147.65       148.56       -23.70      -180.69       157.00
            52      4       272.17       151.08       146.14       -25.04      -181.42       156.37
            53    770       276.76       150.85       152.00       -26.09      -179.34       153.25
            54     62       266.92       151.81       138.80       -23.69      -183.55       159.86
            55    334       270.12       151.46       143.48       -24.82      -179.15       154.34
            56    757       273.83       146.99       151.13       -24.29      -177.96       153.67
            57    978       265.48       153.50       137.61       -25.64      -185.46       159.83
            58    569       269.55       145.72       145.88       -22.05      -179.66       157.61
            59    899       266.74       151.16       139.59       -24.01      -183.28       159.27
            60    973       268.00       152.03       138.66       -22.69      -181.53       158.84
            61    423       267.29       150.40       142.34       -25.46      -188.29       162.83
            62    488       271.59       151.23       145.85       -25.50      -182.57       157.08
            63    282       273.83       149.15       149.59       -24.91      -179.66       154.75
            64    812       270.74       150.19       146.13       -25.57      -180.70       155.13
            65    939       270.43       151.26       143.44       -24.28      -183.84       159.56
            66    634       268.93       152.76       140.84       -24.66      -184.46       159.80
          ------------------------------------------------------------------------------------------

          -------------------------------
          Bonded Energy Terms: Valence
          -------------------------------

          ------------------------------------------------------------------------------------------
          Rank    ID     Valence       Bond        Angle         Pdih         Idih       Tether
          ------------------------------------------------------------------------------------------
             1     61       146.10         5.23        15.97       124.89         0.01         0.00
             2     49       148.75         4.85        14.09       129.79         0.02         0.00
             3    166       147.70         4.83        14.40       128.47         0.00         0.00
             4    767       150.14         5.01        14.48       130.58         0.07         0.00
             5    669       147.13         4.93        14.58       127.62         0.00         0.00
             6    405       148.51         5.10        15.00       128.40         0.02         0.00
             7    917       148.07         4.99        14.73       128.28         0.06         0.00
             8    448       151.01         5.11        14.85       131.04         0.01         0.00
             9    625       147.72         5.05        15.28       127.39         0.01         0.00
            10    690       148.66         4.84        13.89       129.90         0.03         0.00
            11    769       148.97         4.92        15.37       128.63         0.04         0.00
            12    890       146.59         5.00        15.03       126.56         0.00         0.00
            13      3       151.39         5.00        14.65       131.73         0.01         0.00
            14    603       150.32         5.08        14.93       130.30         0.01         0.00
            15    259       150.04         4.99        15.04       130.00         0.00         0.00
            16    682       151.50         5.06        14.65       131.74         0.05         0.00
            17    453       150.38         5.07        14.01       131.29         0.02         0.00
            18    238       140.19         5.34        17.69       117.15         0.01         0.00
            19    105       148.14         5.29        17.22       125.62         0.01         0.00
            20    817       148.72         4.65        13.95       130.11         0.00         0.00
            21    681       151.84         4.91        13.93       132.94         0.05         0.00
            22    974       150.10         4.86        15.37       129.79         0.08         0.00
            23    657       147.83         4.92        14.90       128.00         0.00         0.00
            24    662       148.25         4.83        14.73       128.69         0.00         0.00
            25     68       151.66         4.97        14.01       132.62         0.07         0.00
            26    981       149.19         5.08        15.26       128.81         0.02         0.00
            27    218       149.74         4.78        13.99       130.96         0.02         0.00
            28    826       148.41         4.88        14.85       128.61         0.06         0.00
            29    885       150.50         5.07        14.41       130.88         0.14         0.00
            30     76       152.16         5.13        14.95       132.08         0.01         0.00
            31    626       148.57         5.09        14.23       129.25         0.00         0.00
            32    760       151.24         5.09        15.31       130.82         0.01         0.00
            33    378       149.65         4.89        15.61       129.07         0.08         0.00
            34    417       142.76         5.19        15.82       121.67         0.08         0.00
            35    197       151.96         4.95        14.28       132.59         0.14         0.00
            36    712       151.76         5.07        14.63       132.00         0.07         0.00
            37    754       150.65         4.60        13.59       132.45         0.01         0.00
            38    790       150.06         4.72        14.20       131.11         0.02         0.00
            39    149       149.56         4.88        15.80       128.82         0.07         0.00
            40    513       151.27         5.16        14.40       131.70         0.01         0.00
            41    854       148.92         4.87        15.66       128.33         0.06         0.00
            42    232       151.08         5.06        14.79       131.17         0.07         0.00
            43     19       150.99         4.99        14.71       131.22         0.07         0.00
            44    563       152.53         4.85        13.93       133.75         0.01         0.00
            45    842       151.97         5.13        15.84       130.88         0.13         0.00
            46    633       153.23         5.03        14.27       133.80         0.13         0.00
            47    584       151.52         4.93        14.44       132.07         0.08         0.00
            48    688       148.51         4.89        14.45       129.14         0.04         0.00
            49    310       149.96         5.29        15.71       128.91         0.06         0.00
            50    831       148.55         4.98        15.84       127.73         0.00         0.00
            51    963       147.65         5.01        15.07       127.56         0.01         0.00
            52      4       151.08         4.87        13.99       132.21         0.01         0.00
            53    770       150.85         4.67        13.60       132.57         0.01         0.00
            54     62       151.81         5.16        15.07       131.45         0.13         0.00
            55    334       151.46         4.77        14.07       132.59         0.03         0.00
            56    757       146.99         4.83        15.06       127.10         0.00         0.00
            57    978       153.50         5.06        14.38       133.99         0.07         0.00
            58    569       145.72         5.39        17.55       122.66         0.12         0.00
            59    899       151.16         5.07        14.96       131.04         0.09         0.00
            60    973       152.03         5.09        14.91       131.98         0.05         0.00
            61    423       150.40         5.29        15.20       129.88         0.03         0.00
            62    488       151.23         4.84        13.99       132.40         0.01         0.00
            63    282       149.15         4.97        14.55       129.63         0.00         0.00
            64    812       150.19         4.83        13.57       131.75         0.04         0.00
            65    939       151.26         5.11        15.52       130.62         0.01         0.00
            66    634       152.76         5.12        15.83       131.68         0.12         0.00
          ------------------------------------------------------------------------------------------

          Calculating single reference conformer RMSDs ...

          ---------------------------------
          Conformer RMSDs are in Angstroms.
          ---------------------------------

          ------------------------------------------------------------------------------------------
                              RMSD wrt Input Crd                    RMSD wrt Rank 1
                         ---------------------------------------------------------------------------
          Rank    ID        Complex    Receptor  Ligand          Complex    Receptor  Ligand
          ------------------------------------------------------------------------------------------
             1     61         2.689     2.806     1.576           0.000     0.000     0.000
             2     49         1.757     1.685     2.215           3.031     2.940     3.640
             3    166         1.501     1.256     2.693           2.150     1.861     3.636
             4    767         1.522     0.872     3.723           3.035     2.778     4.506
             5    669         1.319     1.094     2.402           2.646     2.586     3.059
             6    405         2.135     2.261     0.687           2.869     2.863     2.910
             7    917         1.275     1.060     2.311           2.663     2.573     3.250
             8    448         1.605     0.906     3.948           2.903     2.591     4.599
             9    625         2.364     2.384     2.212           2.449     2.321     3.245
            10    690         1.281     0.972     2.607           2.729     2.561     3.746
            11    769         1.197     1.028     2.053           3.178     3.108     3.655
            12    890         2.745     2.407     4.524           3.555     3.242     5.332
            13      3         1.857     1.513     3.468           1.717     0.748     4.544
            14    603         1.566     0.945     3.741           2.928     2.661     4.432
            15    259         1.522     0.990     3.496           3.056     2.788     4.578
            16    682         1.690     1.192     3.672           2.521     2.099     4.561
            17    453         1.529     1.292     2.702           1.600     1.282     3.061
            18    238         3.136     2.796     4.975           3.305     2.759     5.955
            19    105         2.278     2.330     1.842           2.552     2.666     1.442
            20    817         1.430     0.898     3.348           2.372     2.075     3.927
            21    681         1.719     1.213     3.735           2.802     2.423     4.748
            22    974         2.009     2.080     1.374           3.123     3.160     2.835
            23    657         1.205     1.095     1.826           2.489     2.379     3.185
            24    662         1.508     1.240     2.779           2.187     1.911     3.630
            25     68         1.664     0.967     4.045           3.026     2.716     4.727
            26    981         2.108     2.232     0.677           2.868     2.863     2.911
            27    218         1.701     1.485     2.828           1.902     1.490     3.740
            28    826         2.241     2.346     1.202           3.259     3.365     2.333
            29    885         2.004     1.386     4.420           2.250     1.419     5.258
            30     76         1.758     1.207     3.899           2.649     2.272     4.559
            31    626         2.083     1.514     4.416           3.047     2.647     5.118
            32    760         1.735     1.249     3.708           2.619     2.159     4.813
            33    378         2.112     2.205     1.222           1.071     0.765     2.304
            34    417         2.316     1.568     5.187           3.631     3.153     6.100
            35    197         1.602     0.933     3.888           3.128     2.838     4.754
            36    712         1.650     1.025     3.885           2.442     1.993     4.552
            37    754         1.701     0.925     4.244           2.476     1.931     4.890
            38    790         1.308     1.022     2.580           2.113     1.920     3.199
            39    149         1.904     1.926     1.734           2.959     3.115     1.318
            40    513         1.149     0.827     2.456           2.458     2.275     3.529
            41    854         2.340     2.428     1.541           2.303     2.303     2.303
            42    232         1.562     0.868     3.865           2.597     2.149     4.745
            43     19         1.677     1.183     3.645           2.648     2.280     4.523
            44    563         1.856     1.381     3.854           3.012     2.720     4.638
            45    842         1.629     0.963     3.932           2.888     2.585     4.543
            46    633         1.615     1.006     3.799           3.291     3.037     4.771
            47    584         1.548     0.887     3.787           2.482     2.014     4.663
            48    688         1.488     0.899     3.556           3.086     2.788     4.742
            49    310         1.456     1.470     1.349           2.066     1.886     3.087
            50    831         1.665     1.246     3.437           2.320     1.807     4.591
            51    963         1.278     1.292     1.166           2.854     2.849     2.891
            52      4         1.517     0.967     3.527           2.190     1.700     4.349
            53    770         1.549     0.874     3.812           3.143     2.949     4.318
            54     62         1.966     1.322     4.424           2.156     1.391     4.974
            55    334         1.246     0.914     2.621           2.408     2.176     3.699
            56    757         1.401     1.391     1.468           2.614     2.573     2.893
            57    978         1.476     1.301     2.403           2.539     2.332     3.731
            58    569         2.714     2.144     5.280           3.359     2.786     6.114
            59    899         1.590     0.979     3.764           2.422     1.931     4.658
            60    973         1.579     0.830     3.985           2.557     2.059     4.853
            61    423         1.669     1.236     3.480           2.633     2.345     4.188
            62    488         1.427     0.805     3.510           2.424     2.012     4.406
            63    282         2.342     1.844     4.576           3.653     3.369     5.304
            64    812         1.669     1.008     3.989           3.030     2.738     4.656
            65    939         1.745     1.284     3.663           2.672     2.323     4.481
            66    634         1.848     1.259     4.119           2.540     2.026     4.880
          ------------------------------------------------------------------------------------------

          --------------------------------
          Final Boltzmann Averaged Data.
          --------------------------------

          -------------------------------------------------------------------
          Results of Boltzmann Averaging Over All  215 Conformers (kcal/mol).
          -------------------------------------------------------------------

          Free Energy                        G             494.6119482119
          Average Potential Energy         < E >           313.0743119435
          Entropy                           -TS            181.5376362684
          -------------------------------------------------------------------

          Average Potential Energy < E > Components.

          < U >                   261.1207016767
          < W(PBSA) >             -74.1328762924
          < H.O. P.E. >           126.0882491630

          Average Solvation Energy < W(PBSA) > Components.

          < PB >                  -80.1444921591
          < SA >                    6.0116158668

          Average Gas Phase Internal Potential Energy < U > Components.

          < Valence >             146.7840028924
          < Coulomb >             137.7021962629
          < VdW >                 -23.3654974786

          Average Van der Waals Energy < VdW > Components.

          < VdW6  >              -181.6404291617
          < VdW12 >               158.2749316832

          Average Bonded Energy < Valence > Components.

          < Bond >                  5.1574012151
          < Angle >                15.6110082354
          < Pdihed >              126.0039348924
          < Idihed >                0.0116585495
          < Tether >                0.0000000000

          -------------------------------------------------------------------
                        End of feprocess Calculation Results Summary.
          -------------------------------------------------------------------


     Total cpu time for run       5641.02 seconds.
                                    94.02 minutes.

     Total wall time for run      2760.37 seconds.
                                    46.01 minutes.

     TIME STAMP: VCPack job finished normally : Sunday, August 07, 2022 at 15:53:44
