
     --------------------------------------------------------------------------------
                        Running Program VCPack. Version 2.8

                           VeraChem LLC, PO Box 2206
                           Germantown, MD 20875, U.S.A.

                                Tel. 240-686-0565
                                www.verachem.com
     --------------------------------------------------------------------------------


     Input file          :   guest-s14_vm2.inp

     Output file         :   guest-s14_vm2.out

     Summary output file :   guest-s14_vm2.summary.out

     Executable : /data/comblab/vcCompChem_3b/exe/VC_CompChemPackage_mpi.exe

     Build date : Aug 13 2021  17:26:14

     This is a multiple processor run.

     MPI processes              :   16
     OpenMP threads per process :    0
     CUDA enabled               :  no

     TIME STAMP: VCPack job started : Saturday, August 06, 2022 at 17:10:31

     --------------------------------------------------------------------------------
                            Basic Calculation Control.
     --------------------------------------------------------------------------------

     Molecular system type                :  ligand          

     Calculation type                     :  vm2             

     Energy potential                     :  mm              

     Post-processing type                 :  none            

     Post-processing energy potential     :  none            

     Time limit in wall clock hours       :  96.00

     Read in starting conformers          :  no
     Type of conformers to read in        :  none
     Conformer source files(s)            :  none

     Use input .crd for complex build     :  no
     Place ligand confs. at input .crd    :  no
     Use input .crd as start conformer    :  yes

     Formatted output files               :  xyz     
                                          :  pdb     
                                          :  mol2    
                                          :  sdf     
                                          :  xyz     
                                          :  gms     
                                          :  csv     

     Split formatted output files         :  crd     

     Limit conformers in formatted files  :  bycount
     Maximum conformer count              :  1000

     Atoms to include in formatted files  :  all     

     Binary file restart type             :  none


     --------------------------------------------------------------------------------
                            Math Related Control and Set Up.
     --------------------------------------------------------------------------------

     Random number generator seeds :  bywallclock

     Seed 1 :           7429050
     Seed 2 :            241933
     Seed 3 :               758
     Seed 4 :              9549


     --------------------------------------------------------------------------------
                            Basic Molecular System Set Up.
     --------------------------------------------------------------------------------

     ------------------
     Ligand Data Files.
     ------------------

     Standard crd coordinate file            :  guest-s14.crd
     VeraChem topology file                  :  guest-s14.top
     Standard mol/sdf file                   :  guest-s14.mol

     Total number of ligand atoms            :        26

     Included in this calculation.
     Number of real and live ligand atoms    :        26
     Number of real but fixed ligand atoms   :         0

     Ligand placement method                 :  none

     Snap ligand to template atoms           :      no

     -------------------------------
     Final Real/Live Set Atom Count.
     -------------------------------

     Total number of real atoms              :        26
     Total number of live atoms              :        26


     --------------------------------------------------------------------------------
                            Generate Initial Molecular Conformation.
     --------------------------------------------------------------------------------

     Mandatory input crd file(s) used for generation of a single starting conformer.


     --------------------------------------------------------------------------------
                             Energy Potential Settings.
     --------------------------------------------------------------------------------


     Molecular Mechanics package          :  vchem           

     Quantum Mechanics package            :  none            


     --------------------------------------------------------------------------------
                    Running VM2 Mining Minima Module. Version 2.8
     --------------------------------------------------------------------------------

     Iteration    Free Energy G             G Diff            # Conformers     # Diff
        1            47.064141              47.064141              46              46
        2            46.923144              -0.140997             104              58
        3            46.905624              -0.017520             110               6
        4            46.826109              -0.079515             141              31
        5            46.826027              -0.000082             141               0
        6            46.788739              -0.037288             171              30
        7            46.768331              -0.020408             178               7
        8            46.730727              -0.037604             198              20
        9            46.719106              -0.011620             200               2
       10            46.701279              -0.017827             212              12
       11            46.701175              -0.000104             213               1
       12            46.699461              -0.001714             219               6

     VM2 Free Energy converged after   12 iterations.

     Final VM2 Free Energy is      46.699461 Kcal/mol.

          --------------------------------
          Final Individual Conformer Data.
          --------------------------------

          List data for conformers with probability of at least :  0.01 %
          Rankings are with respect to : Free Energy (G)

          ------------------------
          Free Energy: G = E - TS
          ------------------------

          ------------------------------------------------------------------------------------------
          Rank    ID     ln(Zx)    Prob(%)  Sum Prob(%)  Del G        G            E            -TS
          ------------------------------------------------------------------------------------------
             1    316   -122.39424    7.28     7.28      0.00        48.26        15.91        32.35
             2    307   -122.81052    4.80    12.09      0.25        48.51        16.05        32.46
             3   1027   -122.83808    4.67    16.76      0.26        48.53        16.07        32.46
             4   1028   -123.18205    3.31    20.07      0.47        48.73        16.28        32.45
             5    934   -123.18758    3.29    23.37      0.47        48.73        16.28        32.45
             6   1030   -123.38018    2.72    26.09      0.59        48.85        16.39        32.46
             7    999   -123.44905    2.54    28.62      0.63        48.89        16.43        32.46
             8   1512   -123.50677    2.39    31.02      0.66        48.92        16.47        32.45
             9    611   -123.50872    2.39    33.41      0.66        48.93        16.47        32.45
            10    613   -123.51766    2.37    35.78      0.67        48.93        16.48        32.45
            11    201   -123.54369    2.31    38.08      0.69        48.95        16.49        32.45
            12   1271   -123.78267    1.82    39.90      0.83        49.09        16.52        32.57
            13    198   -123.80696    1.77    41.67      0.84        49.10        16.47        32.64
            14   1624   -123.82861    1.74    43.41      0.86        49.12        16.55        32.57
            15   1033   -123.84482    1.71    45.12      0.86        49.13        16.56        32.57
            16    473   -123.85902    1.68    46.80      0.87        49.13        16.50        32.64
            17   1229   -123.88233    1.64    48.44      0.89        49.15        16.58        32.57
            18   1225   -123.91739    1.59    50.03      0.91        49.17        16.60        32.57
            19    272   -123.94016    1.55    51.58      0.92        49.18        16.62        32.57
            20    418   -123.97022    1.51    53.09      0.94        49.20        16.64        32.56
            21   1018   -123.99159    1.47    54.57      0.95        49.21        16.66        32.56
            22   1430   -123.99644    1.47    56.03      0.96        49.22        16.67        32.55
            23   1087   -124.02607    1.42    57.46      0.97        49.23        16.70        32.53
            24   1095   -124.05459    1.38    58.84      0.99        49.25        16.72        32.53
            25   1451   -124.13524    1.28    60.12      1.04        49.30        16.75        32.55
            26    762   -124.15868    1.25    61.37      1.05        49.31        16.75        32.56
            27    731   -124.20069    1.20    62.56      1.08        49.34        16.65        32.69
            28   1258   -124.20515    1.19    63.75      1.08        49.34        16.78        32.56
            29    914   -124.21204    1.18    64.94      1.08        49.34        16.65        32.69
            30   1358   -124.26367    1.12    66.06      1.11        49.38        16.81        32.56
            31    695   -124.27449    1.11    67.17      1.12        49.38        16.82        32.56
            32   1099   -124.29078    1.09    68.26      1.13        49.39        16.83        32.56
            33   1280   -124.31173    1.07    69.34      1.14        49.40        16.88        32.52
            34   1228   -124.35497    1.03    70.36      1.17        49.43        16.87        32.56
            35     76   -124.40288    0.98    71.34      1.20        49.46        16.68        32.78
            36     77   -124.46006    0.92    72.26      1.23        49.49        16.71        32.78
            37   1343   -124.46770    0.92    73.18      1.24        49.50        16.98        32.52
            38   1594   -124.49468    0.89    74.07      1.25        49.51        16.92        32.59
            39   1549   -124.50873    0.88    74.95      1.26        49.52        16.73        32.80
            40    463   -124.51911    0.87    75.82      1.27        49.53        16.94        32.59
            41    152   -124.55593    0.84    76.66      1.29        49.55        16.75        32.80
            42   1570   -124.65645    0.76    77.41      1.35        49.61        17.10        32.51
            43   1114   -124.68272    0.74    78.15      1.36        49.63        17.12        32.51
            44   1049   -124.87039    0.61    78.77      1.48        49.74        16.99        32.75
            45    460   -124.87780    0.61    79.37      1.48        49.74        16.99        32.75
            46    139   -124.88975    0.60    79.97      1.49        49.75        16.85        32.90
            47    222   -124.91024    0.59    80.56      1.50        49.76        16.87        32.89
            48    506   -124.91409    0.59    81.15      1.50        49.76        17.06        32.70
            49    946   -124.92251    0.58    81.73      1.51        49.77        16.88        32.89
            50   1278   -124.93384    0.57    82.30      1.51        49.78        17.07        32.70
            51   1551   -124.94659    0.57    82.87      1.52        49.78        17.03        32.75
            52   1631   -124.95454    0.56    83.43      1.53        49.79        17.04        32.75
            53   1305   -124.99349    0.54    83.98      1.55        49.81        16.92        32.89
            54    266   -124.99903    0.54    84.51      1.55        49.81        16.91        32.90
            55    667   -125.03814    0.52    85.03      1.58        49.84        16.95        32.89
            56    205   -125.04078    0.52    85.55      1.58        49.84        17.16        32.68
            57   1312   -125.07503    0.50    86.05      1.60        49.86        17.23        32.63
            58    713   -125.08282    0.50    86.54      1.60        49.86        17.19        32.68
            59    428   -125.09846    0.49    87.03      1.61        49.87        16.98        32.89
            60    174   -125.13510    0.47    87.50      1.63        49.90        17.07        32.82
            61    803   -125.13605    0.47    87.97      1.63        49.90        17.32        32.58
            62   1516   -125.15330    0.46    88.43      1.64        49.91        17.20        32.71
            63    978   -125.16163    0.46    88.89      1.65        49.91        17.33        32.58
            64    431   -125.17035    0.45    89.34      1.66        49.92        17.03        32.89
            65    800   -125.18219    0.45    89.79      1.66        49.92        17.02        32.91
            66    570   -125.18715    0.45    90.24      1.67        49.93        17.11        32.82
            67    277   -125.19145    0.44    90.68      1.67        49.93        17.30        32.63
            68    529   -125.20904    0.44    91.12      1.68        49.94        17.23        32.71
            69    841   -125.24183    0.42    91.54      1.70        49.96        17.21        32.75
            70    494   -125.24906    0.42    91.96      1.70        49.96        16.93        33.04
            71   1612   -125.26780    0.41    92.37      1.71        49.97        17.07        32.91
            72    523   -125.27262    0.41    92.78      1.72        49.98        17.09        32.89
            73   1307   -125.27504    0.41    93.19      1.72        49.98        17.23        32.75
            74    286   -125.30949    0.39    93.58      1.74        50.00        16.96        33.04
            75   1108   -125.33569    0.38    93.97      1.75        50.01        17.13        32.89
            76   1227   -125.38267    0.37    94.33      1.78        50.04        17.18        32.87
            77   1482   -125.42357    0.35    94.69      1.81        50.07        17.20        32.87
            78    823   -125.48431    0.33    95.02      1.84        50.10        17.34        32.76
            79   1313   -125.48656    0.33    95.35      1.84        50.10        17.34        32.76
            80   1466   -125.54602    0.31    95.66      1.88        50.14        17.02        33.12
            81   1469   -125.55475    0.31    95.97      1.88        50.15        17.03        33.12
            82    552   -125.82610    0.24    96.20      2.05        50.31        17.28        33.03
            83   1294   -125.84465    0.23    96.44      2.06        50.32        17.29        33.03
            84   1519   -125.96565    0.20    96.64      2.13        50.39        17.16        33.23
            85    796   -125.97299    0.20    96.84      2.13        50.39        17.17        33.23
            86    477   -126.02449    0.19    97.04      2.16        50.43        17.21        33.22
            87    530   -126.09223    0.18    97.22      2.20        50.47        17.41        33.06
            88    540   -126.09788    0.18    97.40      2.21        50.47        17.49        32.98
            89    409   -126.12683    0.17    97.57      2.23        50.49        17.43        33.05
            90   1513   -126.12902    0.17    97.74      2.23        50.49        17.51        32.98
            91   1056   -126.21132    0.16    97.91      2.28        50.54        17.20        33.33
            92    573   -126.23041    0.16    98.06      2.29        50.55        17.32        33.23
            93    792   -126.23377    0.16    98.22      2.29        50.55        17.32        33.23
            94    176   -126.27544    0.15    98.37      2.31        50.57        17.24        33.33
            95   1615   -126.68042    0.10    98.47      2.56        50.82        17.76        33.05
            96   1253   -126.78674    0.09    98.56      2.62        50.88        17.83        33.05
            97    864   -126.92851    0.08    98.64      2.70        50.96        17.44        33.53
            98   1576   -127.02551    0.07    98.71      2.76        51.02        18.52        32.50
            99   1311   -127.05096    0.07    98.78      2.78        51.04        18.54        32.50
           100   1233   -127.19446    0.06    98.84      2.86        51.12        18.43        32.69
           101    838   -127.19454    0.06    98.90      2.86        51.12        18.63        32.49
           102   1058   -127.20228    0.06    98.96      2.87        51.13        18.44        32.69
           103   1120   -127.89008    0.03    98.99      3.28        51.54        18.79        32.75
           104    727   -127.94157    0.03    99.02      3.31        51.57        18.88        32.69
           105    935   -127.94264    0.03    99.04      3.31        51.57        18.88        32.69
           106   1074   -127.94633    0.03    99.07      3.31        51.57        18.87        32.70
           107   1621   -127.96073    0.03    99.10      3.32        51.58        18.83        32.75
           108    448   -127.99028    0.03    99.13      3.34        51.60        19.07        32.53
           109   1353   -128.00615    0.03    99.15      3.35        51.61        18.96        32.64
           110    270   -128.01181    0.03    99.18      3.35        51.61        18.80        32.81
           111   1593   -128.01717    0.03    99.21      3.35        51.61        18.91        32.70
           112   1079   -128.04341    0.03    99.23      3.37        51.63        18.91        32.72
           113   1368   -128.05219    0.03    99.26      3.37        51.63        19.11        32.53
           114    732   -128.08970    0.02    99.28      3.40        51.66        18.93        32.73
           115   1116   -128.13097    0.02    99.31      3.42        51.68        18.96        32.72
           116    742   -128.16093    0.02    99.33      3.44        51.70        18.88        32.81
           117   1572   -128.17758    0.02    99.35      3.45        51.71        19.20        32.51
           118   1578   -128.25416    0.02    99.37      3.49        51.75        19.13        32.63
           119    795   -128.30827    0.02    99.39      3.53        51.79        18.98        32.81
           120    173   -128.34399    0.02    99.41      3.55        51.81        19.18        32.63
           121    241   -128.35357    0.02    99.43      3.55        51.81        19.01        32.81
           122    651   -128.38214    0.02    99.45      3.57        51.83        19.22        32.61
           123   1488   -128.39695    0.02    99.47      3.58        51.84        18.63        33.21
           124    973   -128.42453    0.02    99.48      3.60        51.86        18.64        33.21
           125    148   -128.46685    0.02    99.50      3.62        51.88        19.22        32.66
           126    715   -128.47482    0.02    99.52      3.63        51.89        19.28        32.61
           127    997   -128.49847    0.02    99.53      3.64        51.90        19.24        32.66
           128   1557   -128.49932    0.02    99.55      3.64        51.90        19.16        32.75
           129    951   -128.51033    0.02    99.56      3.65        51.91        19.16        32.75
           130   1050   -128.51643    0.02    99.58      3.65        51.91        19.08        32.83
           131   1350   -128.58679    0.01    99.60      3.69        51.95        19.15        32.80
           132    817   -128.59963    0.01    99.61      3.70        51.96        19.14        32.82
           133   1592   -128.62506    0.01    99.62      3.71        51.98        19.19        32.79
           134   1500   -128.64333    0.01    99.64      3.73        51.99        19.16        32.83
           135   1043   -128.64774    0.01    99.65      3.73        51.99        19.14        32.84
           136    445   -128.65643    0.01    99.67      3.73        51.99        19.19        32.80
           137    991   -128.67650    0.01    99.68      3.75        52.01        19.18        32.83
           138   1328   -128.68256    0.01    99.69      3.75        52.01        19.19        32.82
           139   1260   -128.69431    0.01    99.71      3.76        52.02        19.23        32.79
           140   1059   -128.73803    0.01    99.72      3.78        52.04        19.25        32.79
           141   1301   -128.76643    0.01    99.73      3.80        52.06        19.19        32.87
           142    517   -128.76851    0.01    99.74      3.80        52.06        19.19        32.87
           143    707   -128.78993    0.01    99.76      3.81        52.07        19.20        32.87
           144   1364   -128.80567    0.01    99.77      3.82        52.08        19.21        32.87
           145   1563   -128.94018    0.01    99.78      3.90        52.16        19.22        32.94
           146   1354   -128.94319    0.01    99.79      3.90        52.17        19.38        32.78
           147   1296   -128.95738    0.01    99.80      3.91        52.17        19.39        32.78
           148    819   -128.97277    0.01    99.81      3.92        52.18        19.36        32.82
          ------------------------------------------------------------------------------------------

          --------------------------------------------------------
          Potential Energy: E = (U+W) + H.O. Equipartion energy
          --------------------------------------------------------

          ------------------------------------------------------------------------------------------
          Rank    ID         E          U+W            U        W(PBSA)          PB           SA
          ------------------------------------------------------------------------------------------
             1    316        15.91        -5.55        47.19       -52.74       -55.14         2.39
             2    307        16.05        -5.41        47.84       -53.25       -55.60         2.35
             3   1027        16.07        -5.39        47.84       -53.24       -55.59         2.35
             4   1028        16.28        -5.18        48.00       -53.18       -55.53         2.35
             5    934        16.28        -5.18        48.00       -53.18       -55.52         2.34
             6   1030        16.39        -5.08        47.85       -52.92       -55.28         2.36
             7    999        16.43        -5.03        47.85       -52.88       -55.23         2.35
             8   1512        16.47        -4.99        48.03       -53.02       -55.38         2.36
             9    611        16.47        -4.99        48.21       -53.20       -55.54         2.34
            10    613        16.48        -4.98        48.03       -53.02       -55.37         2.36
            11    201        16.49        -4.97        48.21       -53.18       -55.53         2.35
            12   1271        16.52        -4.94        48.46       -53.40       -55.71         2.31
            13    198        16.47        -5.00        48.67       -53.66       -55.97         2.31
            14   1624        16.55        -4.91        48.49       -53.40       -55.72         2.32
            15   1033        16.56        -4.90        48.49       -53.39       -55.72         2.33
            16    473        16.50        -4.96        48.67       -53.63       -55.95         2.32
            17   1229        16.58        -4.88        48.46       -53.34       -55.65         2.31
            18   1225        16.60        -4.86        48.70       -53.56       -55.86         2.30
            19    272        16.62        -4.85        48.70       -53.54       -55.87         2.32
            20    418        16.64        -4.82        48.74       -53.55       -55.89         2.33
            21   1018        16.66        -4.81        48.74       -53.54       -55.86         2.32
            22   1430        16.67        -4.79        48.94       -53.74       -56.05         2.31
            23   1087        16.70        -4.76        48.58       -53.34       -55.66         2.32
            24   1095        16.72        -4.75        48.58       -53.33       -55.65         2.33
            25   1451        16.75        -4.71        48.94       -53.66       -55.99         2.33
            26    762        16.75        -4.71        48.72       -53.43       -55.78         2.34
            27    731        16.65        -4.81        48.96       -53.77       -56.09         2.32
            28   1258        16.78        -4.68        48.66       -53.34       -55.67         2.33
            29    914        16.65        -4.81        48.96       -53.77       -56.08         2.32
            30   1358        16.81        -4.65        48.66       -53.31       -55.63         2.33
            31    695        16.82        -4.64        48.72       -53.36       -55.68         2.32
            32   1099        16.83        -4.63        48.73       -53.36       -55.69         2.33
            33   1280        16.88        -4.58        48.77       -53.35       -55.67         2.33
            34   1228        16.87        -4.59        48.73       -53.33       -55.66         2.33
            35     76        16.68        -4.79        48.49       -53.28       -55.57         2.29
            36     77        16.71        -4.75        48.49       -53.24       -55.52         2.28
            37   1343        16.98        -4.49        48.77       -53.25       -55.60         2.34
            38   1594        16.92        -4.54        48.77       -53.31       -55.64         2.34
            39   1549        16.73        -4.74        48.91       -53.65       -55.96         2.31
            40    463        16.94        -4.52        48.77       -53.29       -55.60         2.31
            41    152        16.75        -4.71        48.91       -53.62       -55.93         2.31
            42   1570        17.10        -4.36        48.90       -53.26       -55.57         2.31
            43   1114        17.12        -4.34        48.90       -53.24       -55.59         2.34
            44   1049        16.99        -4.47        49.28       -53.75       -56.04         2.29
            45    460        16.99        -4.47        49.28       -53.75       -56.04         2.29
            46    139        16.85        -4.61        49.20       -53.81       -56.09         2.28
            47    222        16.87        -4.59        49.15       -53.74       -56.02         2.29
            48    506        17.06        -4.40        49.23       -53.63       -55.90         2.28
            49    946        16.88        -4.58        49.43       -54.01       -56.29         2.28
            50   1278        17.07        -4.39        49.23       -53.62       -55.90         2.29
            51   1551        17.03        -4.43        49.41       -53.84       -56.14         2.30
            52   1631        17.04        -4.42        49.41       -53.84       -56.11         2.27
            53   1305        16.92        -4.54        49.15       -53.69       -55.96         2.28
            54    266        16.91        -4.55        49.20       -53.75       -56.03         2.29
            55    667        16.95        -4.51        49.43       -53.94       -56.21         2.26
            56    205        17.16        -4.30        49.15       -53.45       -55.73         2.28
            57   1312        17.23        -4.23        49.40       -53.63       -55.92         2.29
            58    713        17.19        -4.27        49.15       -53.43       -55.73         2.30
            59    428        16.98        -4.48        49.23       -53.71       -55.98         2.27
            60    174        17.07        -4.39        49.57       -53.95       -56.24         2.29
            61    803        17.32        -4.15        49.32       -53.47       -55.77         2.30
            62   1516        17.20        -4.26        49.42       -53.69       -55.97         2.28
            63    978        17.33        -4.13        49.32       -53.45       -55.75         2.30
            64    431        17.03        -4.44        49.23       -53.67       -55.96         2.30
            65    800        17.02        -4.44        49.68       -54.12       -56.39         2.27
            66    570        17.11        -4.36        49.57       -53.92       -56.21         2.29
            67    277        17.30        -4.16        49.40       -53.56       -55.89         2.33
            68    529        17.23        -4.23        49.42       -53.66       -55.94         2.29
            69    841        17.21        -4.25        49.69       -53.95       -56.23         2.28
            70    494        16.93        -4.54        49.45       -53.99       -56.28         2.29
            71   1612        17.07        -4.39        49.68       -54.07       -56.33         2.26
            72    523        17.09        -4.37        49.26       -53.63       -55.89         2.26
            73   1307        17.23        -4.23        49.69       -53.93       -56.22         2.29
            74    286        16.96        -4.50        49.45       -53.95       -56.23         2.27
            75   1108        17.13        -4.34        49.26       -53.59       -55.89         2.30
            76   1227        17.18        -4.29        49.21       -53.49       -55.78         2.29
            77   1482        17.20        -4.26        49.21       -53.47       -55.74         2.27
            78    823        17.34        -4.12        49.64       -53.76       -56.04         2.28
            79   1313        17.34        -4.12        49.64       -53.76       -56.05         2.29
            80   1466        17.02        -4.44        49.28       -53.72       -55.98         2.26
            81   1469        17.03        -4.43        49.28       -53.71       -55.99         2.27
            82    552        17.28        -4.18        49.86       -54.04       -56.30         2.26
            83   1294        17.29        -4.17        49.86       -54.03       -56.27         2.25
            84   1519        17.16        -4.30        49.63       -53.94       -56.18         2.24
            85    796        17.17        -4.30        49.63       -53.93       -56.19         2.26
            86    477        17.21        -4.25        49.64       -53.89       -56.13         2.24
            87    530        17.41        -4.05        49.82       -53.87       -56.12         2.25
            88    540        17.49        -3.97        49.93       -53.89       -56.14         2.24
            89    409        17.43        -4.03        49.82       -53.85       -56.10         2.25
            90   1513        17.51        -3.95        49.93       -53.88       -56.15         2.27
            91   1056        17.20        -4.26        49.82       -54.08       -56.30         2.22
            92    573        17.32        -4.14        50.09       -54.24       -56.47         2.23
            93    792        17.32        -4.14        50.09       -54.23       -56.46         2.23
            94    176        17.24        -4.22        49.82       -54.04       -56.28         2.23
            95   1615        17.76        -3.70        50.41       -54.11       -56.31         2.20
            96   1253        17.83        -3.64        50.41       -54.05       -56.26         2.21
            97    864        17.44        -4.02        50.05       -54.08       -56.27         2.19
            98   1576        18.52        -2.94        50.88       -53.82       -56.14         2.32
            99   1311        18.54        -2.92        50.88       -53.81       -56.13         2.33
           100   1233        18.43        -3.03        50.86       -53.89       -56.21         2.32
           101    838        18.63        -2.83        50.87       -53.69       -56.03         2.33
           102   1058        18.44        -3.02        50.86       -53.89       -56.21         2.32
           103   1120        18.79        -2.67        51.40       -54.07       -56.39         2.31
           104    727        18.88        -2.59        50.68       -53.27       -55.57         2.30
           105    935        18.88        -2.59        50.68       -53.27       -55.57         2.30
           106   1074        18.87        -2.59        50.66       -53.26       -55.57         2.31
           107   1621        18.83        -2.63        51.40       -54.03       -56.35         2.32
           108    448        19.07        -2.39        51.49       -53.88       -56.17         2.29
           109   1353        18.96        -2.50        51.40       -53.90       -56.16         2.26
           110    270        18.80        -2.67        51.33       -53.99       -56.28         2.28
           111   1593        18.91        -2.55        50.66       -53.21       -55.52         2.31
           112   1079        18.91        -2.56        51.21       -53.77       -56.07         2.30
           113   1368        19.11        -2.36        51.49       -53.84       -56.16         2.32
           114    732        18.93        -2.53        51.18       -53.72       -56.00         2.29
           115   1116        18.96        -2.50        51.21       -53.72       -56.01         2.29
           116    742        18.88        -2.58        51.33       -53.91       -56.20         2.30
           117   1572        19.20        -2.26        51.61       -53.86       -56.16         2.29
           118   1578        19.13        -2.33        51.55       -53.89       -56.15         2.26
           119    795        18.98        -2.48        51.30       -53.78       -56.03         2.26
           120    173        19.18        -2.28        51.55       -53.84       -56.12         2.29
           121    241        19.01        -2.45        51.30       -53.75       -56.02         2.27
           122    651        19.22        -2.24        51.69       -53.93       -56.18         2.24
           123   1488        18.63        -2.83        51.40       -54.24       -56.49         2.26
           124    973        18.64        -2.82        51.40       -54.22       -56.46         2.24
           125    148        19.22        -2.25        51.52       -53.77       -56.07         2.31
           126    715        19.28        -2.18        51.69       -53.88       -56.15         2.27
           127    997        19.24        -2.23        51.52       -53.75       -56.04         2.30
           128   1557        19.16        -2.31        51.61       -53.92       -56.22         2.31
           129    951        19.16        -2.30        51.61       -53.91       -56.18         2.27
           130   1050        19.08        -2.38        51.46       -53.85       -56.12         2.28
           131   1350        19.15        -2.31        51.51       -53.82       -56.10         2.28
           132    817        19.14        -2.32        51.66       -53.98       -56.24         2.26
           133   1592        19.19        -2.28        51.30       -53.57       -55.84         2.27
           134   1500        19.16        -2.30        51.41       -53.71       -55.99         2.28
           135   1043        19.14        -2.32        51.43       -53.74       -56.03         2.28
           136    445        19.19        -2.27        51.68       -53.95       -56.19         2.24
           137    991        19.18        -2.28        51.41       -53.69       -55.96         2.27
           138   1328        19.19        -2.27        51.66       -53.93       -56.20         2.27
           139   1260        19.23        -2.23        51.44       -53.68       -55.93         2.26
           140   1059        19.25        -2.21        51.30       -53.50       -55.79         2.28
           141   1301        19.19        -2.27        51.83       -54.10       -56.38         2.28
           142    517        19.19        -2.28        51.89       -54.16       -56.42         2.26
           143    707        19.20        -2.26        51.89       -54.15       -56.40         2.25
           144   1364        19.21        -2.25        51.83       -54.08       -56.36         2.28
           145   1563        19.22        -2.24        51.94       -54.19       -56.41         2.22
           146   1354        19.38        -2.08        51.40       -53.48       -55.76         2.29
           147   1296        19.39        -2.07        51.40       -53.47       -55.76         2.29
           148    819        19.36        -2.10        51.31       -53.41       -55.70         2.28
          ------------------------------------------------------------------------------------------

          ----------------------------------------
          Gas Phase Internal Potential Energy: U
          ----------------------------------------

          ------------------------------------------------------------------------------------------
          Rank    ID         U         Valence     Coulomb        VdW         VdW6        VdW12
          ------------------------------------------------------------------------------------------
             1    316        47.19         2.16        44.45         0.59        -5.76         6.35
             2    307        47.84         2.26        44.89         0.69        -6.28         6.98
             3   1027        47.84         2.26        44.89         0.69        -6.28         6.98
             4   1028        48.00         2.46        44.90         0.64        -6.36         7.00
             5    934        48.00         2.46        44.90         0.64        -6.36         7.00
             6   1030        47.85         2.66        44.46         0.72        -6.38         7.10
             7    999        47.85         2.66        44.46         0.72        -6.38         7.10
             8   1512        48.03         2.70        44.62         0.71        -6.42         7.13
             9    611        48.21         2.70        44.82         0.70        -6.44         7.14
            10    613        48.03         2.70        44.62         0.71        -6.42         7.13
            11    201        48.21         2.70        44.82         0.70        -6.44         7.14
            12   1271        48.46         2.76        44.87         0.83        -6.90         7.73
            13    198        48.67         2.54        45.48         0.65        -7.10         7.74
            14   1624        48.49         2.76        44.89         0.83        -6.90         7.73
            15   1033        48.49         2.76        44.89         0.83        -6.90         7.73
            16    473        48.67         2.54        45.48         0.65        -7.10         7.74
            17   1229        48.46         2.76        44.87         0.83        -6.90         7.73
            18   1225        48.70         2.79        45.12         0.78        -6.97         7.76
            19    272        48.70         2.79        45.12         0.78        -6.97         7.76
            20    418        48.74         2.80        45.12         0.81        -6.95         7.76
            21   1018        48.74         2.80        45.12         0.81        -6.95         7.76
            22   1430        48.94         2.80        45.34         0.81        -6.96         7.77
            23   1087        48.58         2.82        44.92         0.84        -6.93         7.77
            24   1095        48.58         2.82        44.92         0.84        -6.93         7.77
            25   1451        48.94         2.80        45.33         0.81        -6.96         7.77
            26    762        48.72         2.96        44.99         0.77        -7.01         7.78
            27    731        48.96         2.92        45.45         0.59        -7.36         7.96
            28   1258        48.66         2.96        44.93         0.77        -6.99         7.76
            29    914        48.96         2.92        45.45         0.60        -7.36         7.96
            30   1358        48.66         2.96        44.93         0.77        -6.99         7.76
            31    695        48.72         2.96        44.99         0.77        -7.01         7.78
            32   1099        48.73         2.99        45.00         0.74        -7.03         7.78
            33   1280        48.77         3.05        44.91         0.81        -6.97         7.78
            34   1228        48.73         2.99        45.00         0.74        -7.03         7.78
            35     76        48.49         3.12        44.69         0.68        -7.35         8.03
            36     77        48.49         3.12        44.69         0.68        -7.35         8.03
            37   1343        48.77         3.05        44.91         0.81        -6.97         7.78
            38   1594        48.77         3.17        44.79         0.81        -7.08         7.89
            39   1549        48.91         3.15        45.13         0.63        -7.45         8.08
            40    463        48.77         3.17        44.79         0.81        -7.08         7.89
            41    152        48.91         3.15        45.13         0.63        -7.45         8.08
            42   1570        48.90         3.28        44.74         0.88        -6.99         7.87
            43   1114        48.90         3.28        44.74         0.88        -6.99         7.87
            44   1049        49.28         3.05        45.46         0.77        -7.73         8.50
            45    460        49.28         3.05        45.46         0.77        -7.73         8.50
            46    139        49.20         3.02        45.59         0.59        -8.07         8.66
            47    222        49.15         3.22        45.15         0.78        -7.88         8.66
            48    506        49.23         3.27        45.07         0.89        -7.62         8.51
            49    946        49.43         3.21        45.44         0.77        -7.92         8.68
            50   1278        49.23         3.27        45.07         0.89        -7.62         8.51
            51   1551        49.41         3.04        45.61         0.76        -7.76         8.52
            52   1631        49.41         3.04        45.61         0.76        -7.76         8.52
            53   1305        49.15         3.22        45.15         0.78        -7.88         8.66
            54    266        49.20         3.02        45.59         0.59        -8.07         8.66
            55    667        49.43         3.21        45.44         0.77        -7.92         8.68
            56    205        49.15         3.30        44.91         0.95        -7.57         8.52
            57   1312        49.40         3.37        45.07         0.97        -7.53         8.49
            58    713        49.15         3.30        44.91         0.95        -7.57         8.52
            59    428        49.23         3.28        45.18         0.78        -7.94         8.72
            60    174        49.57         3.38        45.52         0.67        -8.07         8.74
            61    803        49.32         3.41        44.89         1.02        -7.48         8.50
            62   1516        49.42         3.13        45.47         0.82        -7.70         8.53
            63    978        49.32         3.41        44.89         1.02        -7.48         8.50
            64    431        49.23         3.28        45.18         0.78        -7.94         8.72
            65    800        49.68         3.24        45.76         0.68        -8.04         8.72
            66    570        49.57         3.38        45.52         0.67        -8.07         8.74
            67    277        49.40         3.37        45.07         0.97        -7.53         8.49
            68    529        49.42         3.13        45.47         0.82        -7.70         8.53
            69    841        49.69         3.07        45.91         0.71        -7.81         8.52
            70    494        49.45         3.38        45.56         0.52        -8.35         8.87
            71   1612        49.68         3.24        45.76         0.68        -8.04         8.72
            72    523        49.26         3.39        45.18         0.68        -8.02         8.70
            73   1307        49.69         3.07        45.91         0.71        -7.81         8.52
            74    286        49.45         3.38        45.56         0.52        -8.35         8.87
            75   1108        49.26         3.39        45.18         0.68        -8.02         8.70
            76   1227        49.21         3.47        44.96         0.79        -7.90         8.69
            77   1482        49.21         3.47        44.96         0.79        -7.90         8.69
            78    823        49.64         3.49        45.36         0.79        -7.91         8.70
            79   1313        49.64         3.49        45.36         0.79        -7.91         8.70
            80   1466        49.28         3.57        45.11         0.60        -8.33         8.93
            81   1469        49.28         3.57        45.11         0.60        -8.33         8.93
            82    552        49.86         3.48        45.72         0.65        -8.80         9.45
            83   1294        49.86         3.48        45.72         0.65        -8.79         9.45
            84   1519        49.63         3.47        45.63         0.53        -9.03         9.56
            85    796        49.63         3.47        45.63         0.53        -9.03         9.56
            86    477        49.64         3.69        45.20         0.75        -8.83         9.57
            87    530        49.82         3.55        45.47         0.80        -8.64         9.44
            88    540        49.93         3.59        45.56         0.77        -8.64         9.41
            89    409        49.82         3.55        45.47         0.80        -8.64         9.44
            90   1513        49.93         3.59        45.56         0.77        -8.64         9.41
            91   1056        49.82         3.80        45.51         0.52        -9.17         9.69
            92    573        50.09         3.65        45.80         0.64        -8.93         9.57
            93    792        50.09         3.65        45.80         0.64        -8.93         9.57
            94    176        49.82         3.80        45.51         0.52        -9.17         9.69
            95   1615        50.41         3.47        46.37         0.57        -8.86         9.43
            96   1253        50.41         3.47        46.37         0.57        -8.86         9.43
            97    864        50.05         3.90        45.62         0.53        -9.87        10.40
            98   1576        50.88         3.75        46.57         0.55        -7.28         7.83
            99   1311        50.88         3.75        46.57         0.55        -7.28         7.83
           100   1233        50.86         4.55        45.76         0.56        -7.49         8.05
           101    838        50.87         4.70        45.54         0.64        -7.29         7.92
           102   1058        50.86         4.55        45.76         0.56        -7.49         8.05
           103   1120        51.40         4.71        46.08         0.61        -8.06         8.67
           104    727        50.68         5.15        44.81         0.71        -7.31         8.03
           105    935        50.68         5.15        44.81         0.71        -7.31         8.03
           106   1074        50.66         5.13        44.84         0.69        -7.33         8.02
           107   1621        51.40         4.71        46.08         0.61        -8.06         8.67
           108    448        51.49         5.17        45.59         0.73        -7.96         8.69
           109   1353        51.40         4.23        46.51         0.65        -7.96         8.62
           110    270        51.33         4.99        45.66         0.67        -8.11         8.78
           111   1593        50.66         5.13        44.84         0.69        -7.33         8.02
           112   1079        51.21         5.19        45.36         0.66        -7.41         8.06
           113   1368        51.49         5.17        45.59         0.73        -7.96         8.69
           114    732        51.18         5.19        45.35         0.64        -7.43         8.07
           115   1116        51.21         5.19        45.36         0.66        -7.41         8.06
           116    742        51.33         4.99        45.66         0.67        -8.11         8.78
           117   1572        51.61         4.45        46.42         0.74        -7.82         8.56
           118   1578        51.55         4.25        46.64         0.66        -7.94         8.60
           119    795        51.30         5.23        45.28         0.79        -7.86         8.65
           120    173        51.55         4.25        46.64         0.66        -7.94         8.60
           121    241        51.30         5.23        45.28         0.79        -7.86         8.65
           122    651        51.69         4.26        46.78         0.65        -7.96         8.61
           123   1488        51.40         5.07        46.08         0.26        -8.82         9.07
           124    973        51.40         5.07        46.08         0.26        -8.82         9.07
           125    148        51.52         5.28        45.45         0.80        -7.89         8.69
           126    715        51.69         4.26        46.78         0.65        -7.96         8.61
           127    997        51.52         5.28        45.45         0.80        -7.89         8.69
           128   1557        51.61         5.20        45.65         0.76        -8.00         8.76
           129    951        51.61         5.20        45.65         0.76        -8.00         8.76
           130   1050        51.46         5.28        45.44         0.74        -7.94         8.68
           131   1350        51.51         5.25        45.47         0.79        -7.87         8.66
           132    817        51.66         5.23        45.68         0.76        -7.91         8.67
           133   1592        51.30         5.43        45.12         0.75        -7.91         8.66
           134   1500        51.41         5.34        45.27         0.80        -7.90         8.70
           135   1043        51.43         5.32        45.31         0.79        -7.91         8.70
           136    445        51.68         5.25        45.64         0.79        -7.89         8.68
           137    991        51.41         5.34        45.27         0.80        -7.90         8.70
           138   1328        51.66         5.23        45.68         0.76        -7.91         8.67
           139   1260        51.44         5.42        45.33         0.69        -8.01         8.70
           140   1059        51.30         5.43        45.12         0.75        -7.91         8.66
           141   1301        51.83         4.86        46.52         0.44        -8.27         8.71
           142    517        51.89         5.15        46.02         0.71        -8.70         9.42
           143    707        51.89         5.15        46.02         0.71        -8.70         9.42
           144   1364        51.83         4.86        46.52         0.44        -8.27         8.71
           145   1563        51.94         4.65        46.72         0.58        -8.94         9.53
           146   1354        51.40         5.54        45.03         0.83        -7.85         8.67
           147   1296        51.40         5.54        45.03         0.83        -7.85         8.67
           148    819        51.31         5.46        45.07         0.77        -7.91         8.68
          ------------------------------------------------------------------------------------------

          -------------------------------
          Bonded Energy Terms: Valence
          -------------------------------

          ------------------------------------------------------------------------------------------
          Rank    ID     Valence       Bond        Angle         Pdih         Idih       Tether
          ------------------------------------------------------------------------------------------
             1    316         2.16         0.13         0.39         1.63         0.00         0.00
             2    307         2.26         0.15         0.43         1.67         0.00         0.00
             3   1027         2.26         0.15         0.43         1.67         0.00         0.00
             4   1028         2.46         0.15         0.52         1.79         0.00         0.00
             5    934         2.46         0.15         0.52         1.79         0.00         0.00
             6   1030         2.66         0.16         0.63         1.86         0.00         0.00
             7    999         2.66         0.16         0.63         1.86         0.00         0.00
             8   1512         2.70         0.17         0.66         1.88         0.00         0.00
             9    611         2.70         0.17         0.66         1.87         0.00         0.00
            10    613         2.70         0.17         0.66         1.87         0.00         0.00
            11    201         2.70         0.17         0.66         1.87         0.00         0.00
            12   1271         2.76         0.18         0.67         1.90         0.00         0.00
            13    198         2.54         0.18         0.63         1.74         0.00         0.00
            14   1624         2.76         0.18         0.67         1.90         0.00         0.00
            15   1033         2.76         0.18         0.67         1.90         0.00         0.00
            16    473         2.54         0.18         0.63         1.74         0.00         0.00
            17   1229         2.76         0.18         0.67         1.90         0.00         0.00
            18   1225         2.79         0.19         0.67         1.93         0.00         0.00
            19    272         2.79         0.19         0.67         1.93         0.00         0.00
            20    418         2.80         0.19         0.70         1.92         0.00         0.00
            21   1018         2.80         0.19         0.70         1.92         0.00         0.00
            22   1430         2.80         0.19         0.70         1.92         0.00         0.00
            23   1087         2.82         0.19         0.72         1.91         0.00         0.00
            24   1095         2.82         0.19         0.72         1.91         0.00         0.00
            25   1451         2.80         0.19         0.70         1.92         0.00         0.00
            26    762         2.96         0.19         0.76         2.02         0.00         0.00
            27    731         2.92         0.20         0.89         1.83         0.00         0.00
            28   1258         2.96         0.19         0.76         2.02         0.00         0.00
            29    914         2.92         0.20         0.89         1.83         0.00         0.00
            30   1358         2.96         0.19         0.76         2.02         0.00         0.00
            31    695         2.96         0.19         0.76         2.02         0.00         0.00
            32   1099         2.99         0.19         0.75         2.04         0.00         0.00
            33   1280         3.05         0.20         0.81         2.04         0.00         0.00
            34   1228         2.99         0.19         0.75         2.04         0.00         0.00
            35     76         3.12         0.21         1.04         1.87         0.00         0.00
            36     77         3.12         0.21         1.04         1.87         0.00         0.00
            37   1343         3.05         0.20         0.81         2.04         0.00         0.00
            38   1594         3.17         0.20         0.85         2.12         0.00         0.00
            39   1549         3.15         0.21         1.07         1.86         0.00         0.00
            40    463         3.17         0.20         0.85         2.12         0.00         0.00
            41    152         3.15         0.21         1.07         1.86         0.00         0.00
            42   1570         3.28         0.21         0.95         2.12         0.00         0.00
            43   1114         3.28         0.21         0.95         2.12         0.00         0.00
            44   1049         3.05         0.21         0.87         1.97         0.00         0.00
            45    460         3.05         0.21         0.87         1.97         0.00         0.00
            46    139         3.02         0.22         0.96         1.84         0.00         0.00
            47    222         3.22         0.23         1.08         1.91         0.00         0.00
            48    506         3.27         0.22         0.87         2.18         0.00         0.00
            49    946         3.21         0.23         1.08         1.91         0.00         0.00
            50   1278         3.27         0.22         0.87         2.18         0.00         0.00
            51   1551         3.04         0.21         0.87         1.96         0.00         0.00
            52   1631         3.04         0.21         0.87         1.96         0.00         0.00
            53   1305         3.22         0.23         1.08         1.91         0.00         0.00
            54    266         3.02         0.22         0.96         1.84         0.00         0.00
            55    667         3.21         0.23         1.08         1.91         0.00         0.00
            56    205         3.30         0.23         0.91         2.16         0.00         0.00
            57   1312         3.37         0.23         0.96         2.17         0.00         0.00
            58    713         3.30         0.23         0.91         2.16         0.00         0.00
            59    428         3.28         0.24         1.16         1.88         0.00         0.00
            60    174         3.38         0.23         1.07         2.08         0.00         0.00
            61    803         3.41         0.24         1.01         2.16         0.00         0.00
            62   1516         3.13         0.22         0.94         1.97         0.00         0.00
            63    978         3.41         0.24         1.01         2.16         0.00         0.00
            64    431         3.28         0.24         1.16         1.88         0.00         0.00
            65    800         3.24         0.23         1.08         1.93         0.00         0.00
            66    570         3.38         0.23         1.07         2.08         0.00         0.00
            67    277         3.37         0.23         0.96         2.17         0.00         0.00
            68    529         3.13         0.22         0.94         1.97         0.00         0.00
            69    841         3.07         0.22         0.85         2.00         0.00         0.00
            70    494         3.38         0.24         1.24         1.90         0.00         0.00
            71   1612         3.24         0.23         1.08         1.93         0.00         0.00
            72    523         3.39         0.23         1.12         2.04         0.00         0.00
            73   1307         3.07         0.22         0.85         2.00         0.00         0.00
            74    286         3.38         0.24         1.24         1.90         0.00         0.00
            75   1108         3.39         0.23         1.12         2.04         0.00         0.00
            76   1227         3.47         0.24         1.21         2.02         0.00         0.00
            77   1482         3.47         0.24         1.21         2.02         0.00         0.00
            78    823         3.49         0.24         1.20         2.05         0.00         0.00
            79   1313         3.49         0.24         1.20         2.05         0.00         0.00
            80   1466         3.57         0.25         1.37         1.94         0.00         0.00
            81   1469         3.57         0.25         1.37         1.94         0.00         0.00
            82    552         3.48         0.26         1.14         2.09         0.00         0.00
            83   1294         3.48         0.26         1.14         2.09         0.00         0.00
            84   1519         3.47         0.27         1.30         1.91         0.00         0.00
            85    796         3.47         0.27         1.30         1.91         0.00         0.00
            86    477         3.69         0.28         1.44         1.97         0.00         0.00
            87    530         3.55         0.26         1.34         1.95         0.00         0.00
            88    540         3.59         0.27         1.27         2.06         0.00         0.00
            89    409         3.55         0.26         1.34         1.95         0.00         0.00
            90   1513         3.59         0.27         1.27         2.06         0.00         0.00
            91   1056         3.80         0.28         1.54         1.98         0.00         0.00
            92    573         3.65         0.27         1.38         2.00         0.00         0.00
            93    792         3.65         0.27         1.38         2.00         0.00         0.00
            94    176         3.80         0.28         1.54         1.98         0.00         0.00
            95   1615         3.47         0.26         1.22         2.00         0.00         0.00
            96   1253         3.47         0.26         1.22         2.00         0.00         0.00
            97    864         3.90         0.31         1.61         1.98         0.00         0.00
            98   1576         3.75         0.19         0.96         2.61         0.00         0.00
            99   1311         3.75         0.19         0.96         2.61         0.00         0.00
           100   1233         4.55         0.20         1.15         3.20         0.00         0.00
           101    838         4.70         0.21         1.11         3.37         0.00         0.00
           102   1058         4.55         0.20         1.15         3.20         0.00         0.00
           103   1120         4.71         0.23         1.34         3.14         0.00         0.00
           104    727         5.15         0.21         1.19         3.75         0.00         0.00
           105    935         5.15         0.21         1.19         3.75         0.00         0.00
           106   1074         5.13         0.21         1.15         3.76         0.00         0.00
           107   1621         4.71         0.23         1.34         3.14         0.00         0.00
           108    448         5.17         0.25         1.36         3.56         0.00         0.00
           109   1353         4.23         0.23         1.15         2.86         0.00         0.00
           110    270         4.99         0.23         1.33         3.43         0.00         0.00
           111   1593         5.13         0.21         1.15         3.76         0.00         0.00
           112   1079         5.19         0.22         1.18         3.80         0.00         0.00
           113   1368         5.17         0.25         1.36         3.56         0.00         0.00
           114    732         5.19         0.22         1.17         3.80         0.00         0.00
           115   1116         5.19         0.22         1.18         3.80         0.00         0.00
           116    742         4.99         0.23         1.33         3.43         0.00         0.00
           117   1572         4.45         0.23         1.30         2.92         0.00         0.00
           118   1578         4.25         0.22         1.19         2.84         0.00         0.00
           119    795         5.23         0.23         1.20         3.80         0.00         0.00
           120    173         4.25         0.22         1.19         2.84         0.00         0.00
           121    241         5.23         0.23         1.20         3.80         0.00         0.00
           122    651         4.26         0.22         1.19         2.84         0.00         0.00
           123   1488         5.07         0.24         1.73         3.10         0.00         0.00
           124    973         5.07         0.24         1.72         3.10         0.00         0.00
           125    148         5.28         0.25         1.29         3.74         0.00         0.00
           126    715         4.26         0.22         1.19         2.85         0.00         0.00
           127    997         5.28         0.25         1.29         3.74         0.00         0.00
           128   1557         5.20         0.24         1.46         3.51         0.00         0.00
           129    951         5.20         0.24         1.46         3.51         0.00         0.00
           130   1050         5.28         0.24         1.19         3.86         0.00         0.00
           131   1350         5.25         0.23         1.23         3.79         0.00         0.00
           132    817         5.23         0.24         1.18         3.81         0.00         0.00
           133   1592         5.43         0.23         1.29         3.90         0.00         0.00
           134   1500         5.34         0.24         1.23         3.87         0.00         0.00
           135   1043         5.32         0.24         1.18         3.91         0.00         0.00
           136    445         5.25         0.24         1.22         3.80         0.00         0.00
           137    991         5.34         0.24         1.23         3.87         0.00         0.00
           138   1328         5.23         0.24         1.18         3.81         0.00         0.00
           139   1260         5.42         0.24         1.29         3.89         0.00         0.00
           140   1059         5.43         0.23         1.29         3.90         0.00         0.00
           141   1301         4.86         0.24         1.44         3.18         0.00         0.00
           142    517         5.15         0.26         1.54         3.35         0.00         0.00
           143    707         5.15         0.26         1.54         3.35         0.00         0.00
           144   1364         4.86         0.24         1.44         3.19         0.00         0.00
           145   1563         4.65         0.27         1.50         2.88         0.00         0.00
           146   1354         5.54         0.24         1.34         3.96         0.00         0.00
           147   1296         5.54         0.24         1.34         3.96         0.00         0.00
           148    819         5.46         0.24         1.24         3.98         0.00         0.00
          ------------------------------------------------------------------------------------------

          Calculating single reference conformer RMSDs ...

          ---------------------------------
          Conformer RMSDs are in Angstroms.
          ---------------------------------

          ------------------------------------------------------------------------------------------
                              RMSD wrt Input Crd                    RMSD wrt Rank 1
                         ---------------------------------------------------------------------------
          Rank    ID        Complex    Receptor  Ligand          Complex    Receptor  Ligand
          ------------------------------------------------------------------------------------------
             1    316                             0.018                               0.000
             2    307                             0.666                               0.685
             3   1027                             0.666                               0.685
             4   1028                             1.397                               1.443
             5    934                             0.811                               0.798
             6   1030                             0.753                               0.750
             7    999                             0.753                               0.750
             8   1512                             0.708                               0.719
             9    611                             2.379                               2.310
            10    613                             0.708                               0.719
            11    201                             1.932                               1.884
            12   1271                             2.028                               1.986
            13    198                             1.254                               1.212
            14   1624                             0.915                               0.900
            15   1033                             1.050                               1.024
            16    473                             1.219                               1.149
            17   1229                             1.105                               1.194
            18   1225                             2.169                               2.109
            19    272                             2.263                               1.152
            20    418                             0.950                               0.960
            21   1018                             0.950                               0.960
            22   1430                             1.858                               2.297
            23   1087                             0.672                               0.675
            24   1095                             0.672                               0.675
            25   1451                             1.823                               1.741
            26    762                             1.931                               2.071
            27    731                             2.373                               2.286
            28   1258                             1.089                               0.992
            29    914                             2.312                               2.256
            30   1358                             1.089                               0.991
            31    695                             2.185                               2.138
            32   1099                             1.852                               0.932
            33   1280                             1.865                               1.778
            34   1228                             1.851                               1.810
            35     76                             1.921                               1.897
            36     77                             1.217                               1.232
            37   1343                             2.019                               1.892
            38   1594                             1.748                               1.687
            39   1549                             2.307                               2.311
            40    463                             1.154                               1.074
            41    152                             2.312                               2.167
            42   1570                             0.810                               0.676
            43   1114                             0.809                               0.676
            44   1049                             1.440                               1.541
            45    460                             1.530                               1.495
            46    139                             1.765                               1.516
            47    222                             1.743                               1.705
            48    506                             2.220                               2.145
            49    946                             2.121                               1.582
            50   1278                             2.153                               2.090
            51   1551                             1.696                               1.700
            52   1631                             1.712                               1.616
            53   1305                             1.826                               1.760
            54    266                             1.668                               1.603
            55    667                             2.297                               1.540
            56    205                             2.296                               2.139
            57   1312                             0.992                               0.902
            58    713                             2.133                               1.309
            59    428                             1.145                               1.050
            60    174                             2.272                               1.751
            61    803                             1.329                               0.940
            62   1516                             1.214                               1.206
            63    978                             0.936                               0.940
            64    431                             1.145                               1.176
            65    800                             2.047                               1.922
            66    570                             2.415                               2.047
            67    277                             0.992                               1.046
            68    529                             1.172                               1.304
            69    841                             1.549                               1.623
            70    494                             2.106                               2.163
            71   1612                             1.960                               2.064
            72    523                             2.300                               2.093
            73   1307                             1.434                               1.847
            74    286                             2.344                               2.257
            75   1108                             2.180                               2.042
            76   1227                             0.970                               1.054
            77   1482                             1.056                               0.988
            78    823                             1.190                               1.101
            79   1313                             1.188                               1.101
            80   1466                             1.750                               1.713
            81   1469                             1.487                               1.354
            82    552                             1.910                               1.826
            83   1294                             1.883                               1.771
            84   1519                             1.775                               1.756
            85    796                             1.831                               1.662
            86    477                             1.668                               2.096
            87    530                             1.995                               1.926
            88    540                             1.457                               1.546
            89    409                             1.380                               1.432
            90   1513                             1.572                               1.479
            91   1056                             1.739                               1.832
            92    573                             2.062                               1.977
            93    792                             1.915                               2.074
            94    176                             1.960                               1.919
            95   1615                             2.583                               2.242
            96   1253                             2.480                               2.360
            97    864                             1.860                               1.849
            98   1576                             1.224                               2.251
            99   1311                             1.210                               1.085
           100   1233                             1.907                               1.663
           101    838                             2.483                               2.097
           102   1058                             1.869                               2.126
           103   1120                             2.387                               2.339
           104    727                             1.029                               1.128
           105    935                             1.029                               1.145
           106   1074                             1.085                               1.092
           107   1621                             2.461                               2.463
           108    448                             2.115                               2.032
           109   1353                             1.417                               1.421
           110    270                             2.142                               2.165
           111   1593                             1.085                               1.868
           112   1079                             2.083                               2.030
           113   1368                             2.066                               2.128
           114    732                             2.281                               2.245
           115   1116                             2.266                               2.172
           116    742                             2.165                               1.653
           117   1572                             1.840                               1.754
           118   1578                             1.484                               1.419
           119    795                             2.147                               2.085
           120    173                             1.464                               1.633
           121    241                             1.590                               1.511
           122    651                             2.376                               2.254
           123   1488                             2.226                               2.142
           124    973                             2.226                               2.233
           125    148                             1.620                               1.716
           126    715                             2.297                               2.486
           127    997                             2.322                               2.225
           128   1557                             2.314                               2.307
           129    951                             1.598                               1.607
           130   1050                             2.011                               1.570
           131   1350                             1.617                               1.636
           132    817                             2.233                               1.873
           133   1592                             2.071                               1.904
           134   1500                             1.951                               1.558
           135   1043                             1.764                               2.584
           136    445                             2.534                               2.397
           137    991                             1.861                               2.340
           138   1328                             1.581                               1.630
           139   1260                             1.794                               1.843
           140   1059                             1.948                               1.878
           141   1301                             2.045                               1.882
           142    517                             2.223                               2.110
           143    707                             2.236                               1.720
           144   1364                             2.110                               2.090
           145   1563                             2.455                               2.386
           146   1354                             1.280                               1.279
           147   1296                             2.261                               2.148
           148    819                             2.177                               2.095
          ------------------------------------------------------------------------------------------

          --------------------------------
          Final Boltzmann Averaged Data.
          --------------------------------

          -------------------------------------------------------------------
          Results of Boltzmann Averaging Over All  219 Conformers (kcal/mol).
          -------------------------------------------------------------------

          Free Energy                        G              46.6994609110
          Average Potential Energy         < E >            16.6336256215
          Entropy                           -TS             30.0658352895
          -------------------------------------------------------------------

          Average Potential Energy < E > Components.

          < U >                    48.5475839525
          < W(PBSA) >             -53.3757461391
          < H.O. P.E. >            21.4618296448

          Average Solvation Energy < W(PBSA) > Components.

          < PB >                  -55.7014482432
          < SA >                    2.3257021041

          Average Gas Phase Internal Potential Energy < U > Components.

          < Valence >               2.8274661425
          < Coulomb >              44.9937537398
          < VdW >                   0.7263640703

          Average Van der Waals Energy < VdW > Components.

          < VdW6  >                -6.9444062655
          < VdW12 >                 7.6707703358

          Average Bonded Energy < Valence > Components.

          < Bond >                  0.1855865392
          < Angle >                 0.7409457027
          < Pdihed >                1.9009339006
          < Idihed >                0.0000000000
          < Tether >                0.0000000000

          -------------------------------------------------------------------
                        End of VM2 Calculation Results Summary.
          -------------------------------------------------------------------


     Total cpu time for run         45.66 seconds.
                                     0.76 minutes.

     Total wall time for run        45.98 seconds.
                                     0.77 minutes.

     TIME STAMP: VCPack job finished normally : Saturday, August 06, 2022 at 17:11:17
