
     --------------------------------------------------------------------------------
                        Running Program VCPack. Version 2.8

                           VeraChem LLC, PO Box 2206
                           Germantown, MD 20875, U.S.A.

                                Tel. 240-686-0565
                                www.verachem.com
     --------------------------------------------------------------------------------


     Input file          :   guest-s22_vm2.inp

     Output file         :   guest-s22_vm2.out

     Summary output file :   guest-s22_vm2.summary.out

     Executable : /data/comblab/vcCompChem_3b/exe/VC_CompChemPackage_mpi.exe

     Build date : Aug 13 2021  17:26:14

     This is a multiple processor run.

     MPI processes              :   16
     OpenMP threads per process :    0
     CUDA enabled               :  no

     TIME STAMP: VCPack job started : Saturday, August 06, 2022 at 17:08:44

     --------------------------------------------------------------------------------
                            Basic Calculation Control.
     --------------------------------------------------------------------------------

     Molecular system type                :  ligand          

     Calculation type                     :  vm2             

     Energy potential                     :  mm              

     Post-processing type                 :  none            

     Post-processing energy potential     :  none            

     Time limit in wall clock hours       :  96.00

     Read in starting conformers          :  no
     Type of conformers to read in        :  none
     Conformer source files(s)            :  none

     Use input .crd for complex build     :  no
     Place ligand confs. at input .crd    :  no
     Use input .crd as start conformer    :  yes

     Formatted output files               :  xyz     
                                          :  pdb     
                                          :  mol2    
                                          :  sdf     
                                          :  xyz     
                                          :  gms     
                                          :  csv     

     Split formatted output files         :  crd     

     Limit conformers in formatted files  :  bycount
     Maximum conformer count              :  1000

     Atoms to include in formatted files  :  all     

     Binary file restart type             :  none


     --------------------------------------------------------------------------------
                            Math Related Control and Set Up.
     --------------------------------------------------------------------------------

     Random number generator seeds :  bywallclock

     Seed 1 :           6362939
     Seed 2 :            499893
     Seed 3 :               651
     Seed 4 :             22836


     --------------------------------------------------------------------------------
                            Basic Molecular System Set Up.
     --------------------------------------------------------------------------------

     ------------------
     Ligand Data Files.
     ------------------

     Standard crd coordinate file            :  guest-s22.crd
     VeraChem topology file                  :  guest-s22.top
     Standard mol/sdf file                   :  guest-s22.mol

     Total number of ligand atoms            :        20

     Included in this calculation.
     Number of real and live ligand atoms    :        20
     Number of real but fixed ligand atoms   :         0

     Ligand placement method                 :  none

     Snap ligand to template atoms           :      no

     -------------------------------
     Final Real/Live Set Atom Count.
     -------------------------------

     Total number of real atoms              :        20
     Total number of live atoms              :        20


     --------------------------------------------------------------------------------
                            Generate Initial Molecular Conformation.
     --------------------------------------------------------------------------------

     Mandatory input crd file(s) used for generation of a single starting conformer.


     --------------------------------------------------------------------------------
                             Energy Potential Settings.
     --------------------------------------------------------------------------------


     Molecular Mechanics package          :  vchem           

     Quantum Mechanics package            :  none            


     --------------------------------------------------------------------------------
                    Running VM2 Mining Minima Module. Version 2.8
     --------------------------------------------------------------------------------

     Iteration    Free Energy G             G Diff            # Conformers     # Diff
        1           -22.786939             -22.786939              25              25
        2           -22.989683              -0.202744              50              25
        3           -23.006160              -0.016476              57               7
        4           -23.016373              -0.010213              65               8
        5           -23.016453              -0.000080              65               0
        6           -23.055902              -0.039450              70               5
        7           -23.057657              -0.001755              71               1
        8           -23.076723              -0.019066              72               1
        9           -23.076745              -0.000022              72               0
       10           -23.077130              -0.000385              73               1

     VM2 Free Energy converged after   10 iterations.

     Final VM2 Free Energy is     -23.077130 Kcal/mol.

          --------------------------------
          Final Individual Conformer Data.
          --------------------------------

          List data for conformers with probability of at least :  0.01 %
          Rankings are with respect to : Free Energy (G)

          ------------------------
          Free Energy: G = E - TS
          ------------------------

          ------------------------------------------------------------------------------------------
          Rank    ID     ln(Zx)    Prob(%)  Sum Prob(%)  Del G        G            E            -TS
          ------------------------------------------------------------------------------------------
             1    204     -9.14140   13.63    13.63      0.00       -21.89       -37.14        15.25
             2    322     -9.15314   13.47    27.11      0.01       -21.88       -36.77        14.89
             3    710     -9.25111   12.22    39.32      0.07       -21.82       -36.72        14.89
             4    708    -10.17058    4.87    44.19      0.61       -21.28       -36.31        15.03
             5    132    -10.21010    4.68    48.88      0.64       -21.25       -36.28        15.03
             6    217    -10.37612    3.97    52.84      0.74       -21.15       -36.16        15.01
             7    519    -10.39839    3.88    56.72      0.75       -21.14       -36.25        15.11
             8    556    -10.41727    3.81    60.53      0.76       -21.13       -36.24        15.11
             9    630    -10.43389    3.74    64.27      0.77       -21.12       -36.13        15.01
            10    143    -10.45751    3.66    67.92      0.78       -21.10       -36.46        15.36
            11    571    -10.52205    3.43    71.35      0.82       -21.07       -36.06        15.00
            12    467    -10.57493    3.25    74.60      0.85       -21.03       -36.03        15.00
            13    738    -10.64578    3.03    77.63      0.90       -20.99       -36.35        15.36
            14    833    -11.22928    1.69    79.32      1.24       -20.64       -36.10        15.46
            15    570    -11.32967    1.53    80.85      1.30       -20.58       -36.04        15.45
            16    120    -11.38402    1.45    82.30      1.34       -20.55       -35.76        15.20
            17    488    -11.47867    1.32    83.61      1.39       -20.50       -35.70        15.21
            18    350    -11.47891    1.32    84.93      1.39       -20.50       -35.70        15.21
            19    682    -11.49266    1.30    86.23      1.40       -20.49       -36.06        15.57
            20    490    -11.50264    1.29    87.51      1.41       -20.48       -35.69        15.21
            21    941    -11.61226    1.15    88.67      1.47       -20.42       -35.99        15.57
            22    927    -11.72950    1.02    89.69      1.54       -20.35       -35.61        15.27
            23    923    -11.76644    0.99    90.68      1.56       -20.32       -35.59        15.27
            24     33    -11.92257    0.84    91.52      1.66       -20.23       -35.65        15.42
            25    946    -12.11492    0.70    92.22      1.77       -20.12       -35.47        15.35
            26    765    -12.18614    0.65    92.87      1.82       -20.07       -35.43        15.35
            27    164    -12.35650    0.55    93.42      1.92       -19.97       -35.34        15.37
            28    524    -12.36774    0.54    93.96      1.92       -19.97       -35.31        15.34
            29    334    -12.40754    0.52    94.48      1.95       -19.94       -35.31        15.37
            30    491    -12.57493    0.44    94.92      2.05       -19.84       -35.29        15.44
            31    933    -12.59840    0.43    95.35      2.06       -19.83       -35.17        15.34
            32    178    -12.60120    0.43    95.78      2.06       -19.83       -35.27        15.44
            33    179    -12.63957    0.41    96.19      2.09       -19.80       -35.22        15.42
            34    521    -12.68575    0.39    96.58      2.11       -19.78       -35.19        15.42
            35    559    -12.76124    0.37    96.95      2.16       -19.73       -35.16        15.43
            36    699    -12.78119    0.36    97.31      2.17       -19.72       -35.14        15.43
            37    108    -13.25556    0.22    97.53      2.45       -19.44       -34.10        14.66
            38    320    -13.27975    0.22    97.75      2.47       -19.42       -35.13        15.71
            39    848    -13.29819    0.21    97.96      2.48       -19.41       -35.12        15.71
            40    662    -13.34171    0.20    98.16      2.50       -19.39       -34.05        14.66
            41    522    -13.36912    0.20    98.36      2.52       -19.37       -34.75        15.38
            42    260    -13.44640    0.18    98.55      2.57       -19.32       -34.71        15.38
            43    768    -13.49559    0.18    98.72      2.60       -19.29       -35.04        15.74
            44     74    -13.54797    0.17    98.89      2.63       -19.26       -35.01        15.75
            45    549    -13.71142    0.14    99.03      2.72       -19.16       -34.52        15.36
            46    558    -13.74185    0.14    99.17      2.74       -19.15       -34.50        15.36
            47    748    -13.89384    0.12    99.28      2.83       -19.06       -34.88        15.83
            48     63    -13.95997    0.11    99.39      2.87       -19.02       -34.23        15.22
            49    384    -13.97125    0.11    99.50      2.88       -19.01       -34.23        15.22
            50    507    -14.02178    0.10    99.61      2.91       -18.98       -34.81        15.83
            51    149    -14.40645    0.07    99.68      3.14       -18.75       -34.41        15.66
            52    476    -14.42910    0.07    99.75      3.15       -18.74       -34.40        15.66
            53    575    -14.70658    0.05    99.80      3.32       -18.57       -34.35        15.78
            54    155    -15.25256    0.03    99.83      3.64       -18.25       -33.77        15.52
            55    136    -15.34793    0.03    99.86      3.70       -18.19       -33.71        15.52
            56    636    -15.41552    0.03    99.88      3.74       -18.15       -34.01        15.86
            57    426    -15.42860    0.03    99.91      3.75       -18.14       -34.00        15.86
            58    111    -15.43014    0.03    99.93      3.75       -18.14       -33.65        15.51
            59    566    -15.44099    0.03    99.96      3.76       -18.13       -33.65        15.51
            60    151    -15.54346    0.02    99.98      3.82       -18.07       -33.93        15.86
          ------------------------------------------------------------------------------------------

          --------------------------------------------------------
          Potential Energy: E = (U+W) + H.O. Equipartion energy
          --------------------------------------------------------

          ------------------------------------------------------------------------------------------
          Rank    ID         E          U+W            U        W(PBSA)          PB           SA
          ------------------------------------------------------------------------------------------
             1    204       -37.14       -53.23         6.57       -59.80       -62.04         2.23
             2    322       -36.77       -52.87         6.63       -59.50       -61.76         2.26
             3    710       -36.72       -52.81         6.63       -59.44       -61.73         2.28
             4    708       -36.31       -52.40         7.83       -60.23       -62.49         2.25
             5    132       -36.28       -52.38         7.83       -60.21       -62.45         2.24
             6    217       -36.16       -52.26         7.49       -59.75       -61.97         2.23
             7    519       -36.25       -52.35         8.43       -60.78       -62.98         2.21
             8    556       -36.24       -52.34         8.43       -60.76       -62.98         2.21
             9    630       -36.13       -52.22         7.49       -59.71       -61.95         2.24
            10    143       -36.46       -52.56         7.43       -59.98       -62.18         2.20
            11    571       -36.06       -52.16         7.60       -59.76       -62.01         2.25
            12    467       -36.03       -52.13         7.60       -59.73       -61.96         2.23
            13    738       -36.35       -52.45         7.43       -59.87       -62.08         2.20
            14    833       -36.10       -52.20         8.77       -60.97       -63.16         2.19
            15    570       -36.04       -52.14         8.77       -60.91       -63.12         2.21
            16    120       -35.76       -51.85         8.96       -60.82       -63.06         2.24
            17    488       -35.70       -51.80         8.96       -60.76       -63.01         2.25
            18    350       -35.70       -51.80         9.41       -61.21       -63.46         2.25
            19    682       -36.06       -52.16         9.32       -61.48       -63.69         2.21
            20    490       -35.69       -51.78         9.41       -61.20       -63.44         2.24
            21    941       -35.99       -52.09         9.32       -61.41       -63.64         2.23
            22    927       -35.61       -51.71         8.69       -60.40       -62.59         2.19
            23    923       -35.59       -51.69         8.69       -60.38       -62.58         2.21
            24     33       -35.65       -51.75         7.59       -59.34       -61.57         2.24
            25    946       -35.47       -51.57         9.80       -61.36       -63.53         2.16
            26    765       -35.43       -51.52         9.80       -61.32       -63.48         2.16
            27    164       -35.34       -51.44        10.46       -61.90       -64.08         2.18
            28    524       -35.31       -51.41         9.19       -60.60       -62.80         2.20
            29    334       -35.31       -51.41        10.46       -61.87       -64.04         2.18
            30    491       -35.29       -51.38        10.00       -61.38       -63.54         2.16
            31    933       -35.17       -51.27         9.19       -60.46       -62.65         2.19
            32    178       -35.27       -51.37        10.00       -61.37       -63.51         2.14
            33    179       -35.22       -51.32         9.29       -60.61       -62.81         2.19
            34    521       -35.19       -51.29         9.29       -60.59       -62.77         2.18
            35    559       -35.16       -51.25        10.18       -61.43       -63.63         2.20
            36    699       -35.14       -51.24        10.18       -61.42       -63.64         2.22
            37    108       -34.10       -50.19        10.64       -60.84       -63.00         2.16
            38    320       -35.13       -51.23        10.87       -62.10       -64.25         2.15
            39    848       -35.12       -51.22        10.87       -62.09       -64.26         2.17
            40    662       -34.05       -50.14        10.64       -60.79       -62.96         2.18
            41    522       -34.75       -50.85        10.20       -61.05       -63.24         2.20
            42    260       -34.71       -50.80        10.20       -61.00       -63.18         2.18
            43    768       -35.04       -51.13         9.74       -60.87       -63.02         2.15
            44     74       -35.01       -51.10         9.74       -60.84       -63.01         2.17
            45    549       -34.52       -50.62        11.13       -61.74       -63.91         2.17
            46    558       -34.50       -50.60        11.13       -61.73       -63.88         2.15
            47    748       -34.88       -50.98        11.08       -62.06       -64.21         2.15
            48     63       -34.23       -50.33        11.03       -61.36       -63.52         2.17
            49    384       -34.23       -50.32        11.03       -61.35       -63.50         2.15
            50    507       -34.81       -50.91        11.08       -61.98       -64.11         2.13
            51    149       -34.41       -50.51        10.40       -60.91       -63.05         2.14
            52    476       -34.40       -50.49        10.40       -60.90       -63.04         2.15
            53    575       -34.35       -50.45        10.91       -61.36       -63.49         2.13
            54    155       -33.77       -49.87        11.76       -61.62       -63.78         2.16
            55    136       -33.71       -49.81        11.76       -61.56       -63.75         2.18
            56    636       -34.01       -50.11        11.48       -61.59       -63.74         2.16
            57    426       -34.00       -50.10        11.48       -61.58       -63.71         2.13
            58    111       -33.65       -49.75        12.06       -61.81       -64.01         2.20
            59    566       -33.65       -49.74        12.06       -61.81       -63.98         2.18
            60    151       -33.93       -50.03        11.09       -61.12       -63.25         2.13
          ------------------------------------------------------------------------------------------

          ----------------------------------------
          Gas Phase Internal Potential Energy: U
          ----------------------------------------

          ------------------------------------------------------------------------------------------
          Rank    ID         U         Valence     Coulomb        VdW         VdW6        VdW12
          ------------------------------------------------------------------------------------------
             1    204         6.57         7.99        -2.70         1.28        -6.47         7.75
             2    322         6.63         9.08        -3.01         0.56        -5.77         6.34
             3    710         6.63         9.08        -3.01         0.56        -5.77         6.34
             4    708         7.83         9.30        -2.08         0.61        -6.34         6.95
             5    132         7.83         9.30        -2.08         0.61        -6.34         6.95
             6    217         7.49         9.60        -2.80         0.69        -6.43         7.12
             7    519         8.43         9.23        -1.30         0.50        -6.51         7.02
             8    556         8.43         9.23        -1.30         0.50        -6.52         7.02
             9    630         7.49         9.60        -2.80         0.69        -6.43         7.12
            10    143         7.43         8.55        -2.54         1.42        -7.12         8.54
            11    571         7.60         9.60        -2.69         0.69        -6.45         7.14
            12    467         7.60         9.60        -2.69         0.69        -6.45         7.14
            13    738         7.43         8.55        -2.54         1.42        -7.12         8.54
            14    833         8.77         8.76        -1.08         1.09        -7.28         8.37
            15    570         8.77         8.76        -1.08         1.09        -7.28         8.37
            16    120         8.96         9.33        -0.78         0.42        -6.63         7.05
            17    488         8.96         9.33        -0.78         0.42        -6.63         7.05
            18    350         9.41         9.33        -0.32         0.41        -6.64         7.05
            19    682         9.32         8.23        -0.02         1.11        -7.37         8.48
            20    490         9.41         9.33        -0.32         0.41        -6.64         7.05
            21    941         9.32         8.23        -0.02         1.11        -7.37         8.48
            22    927         8.69         9.78        -1.70         0.61        -7.23         7.85
            23    923         8.69         9.78        -1.70         0.61        -7.23         7.85
            24     33         7.59         9.57        -3.09         1.11        -6.06         7.18
            25    946         9.80         9.75        -0.31         0.36        -7.58         7.94
            26    765         9.80         9.75        -0.31         0.36        -7.58         7.94
            27    164        10.46         9.55         0.48         0.42        -7.22         7.65
            28    524         9.19         9.57        -0.88         0.50        -7.17         7.67
            29    334        10.46         9.55         0.48         0.42        -7.22         7.65
            30    491        10.00         9.40        -0.50         1.10        -7.98         9.08
            31    933         9.19         9.57        -0.88         0.50        -7.17         7.67
            32    178        10.00         9.40        -0.50         1.10        -7.98         9.08
            33    179         9.29         9.50        -0.61         0.41        -7.33         7.74
            34    521         9.29         9.50        -0.61         0.41        -7.33         7.74
            35    559        10.18         9.48         0.36         0.34        -7.39         7.72
            36    699        10.18         9.48         0.36         0.34        -7.39         7.72
            37    108        10.64        11.23        -1.08         0.49        -7.55         8.04
            38    320        10.87         8.80         1.02         1.05        -8.31         9.36
            39    848        10.87         8.80         1.02         1.05        -8.31         9.36
            40    662        10.64        11.23        -1.08         0.49        -7.55         8.03
            41    522        10.20         9.84         0.03         0.33        -7.64         7.97
            42    260        10.20         9.84         0.03         0.33        -7.64         7.97
            43    768         9.74         9.03        -0.28         0.99        -8.10         9.09
            44     74         9.74         9.03        -0.28         0.99        -8.10         9.09
            45    549        11.13         9.85         0.99         0.28        -7.71         7.99
            46    558        11.13         9.85         0.99         0.28        -7.71         7.99
            47    748        11.08         8.97         1.26         0.84        -8.35         9.19
            48     63        11.03        11.01        -0.46         0.48        -7.64         8.12
            49    384        11.03        11.01        -0.46         0.48        -7.64         8.12
            50    507        11.08         8.97         1.26         0.84        -8.35         9.19
            51    149        10.40        10.02         0.09         0.29        -8.41         8.70
            52    476        10.40        10.02         0.09         0.29        -8.41         8.70
            53    575        10.91         9.97         0.85         0.09        -8.72         8.80
            54    155        11.76        10.98         0.36         0.41        -8.04         8.45
            55    136        11.76        10.98         0.36         0.41        -8.04         8.45
            56    636        11.48         9.96         0.36         1.16        -8.70         9.86
            57    426        11.48         9.96         0.35         1.16        -8.70         9.86
            58    111        12.06        10.98         0.68         0.40        -8.07         8.48
            59    566        12.06        10.98         0.68         0.40        -8.08         8.48
            60    151        11.09         9.66         0.66         0.77        -9.17         9.94
          ------------------------------------------------------------------------------------------

          -------------------------------
          Bonded Energy Terms: Valence
          -------------------------------

          ------------------------------------------------------------------------------------------
          Rank    ID     Valence       Bond        Angle         Pdih         Idih       Tether
          ------------------------------------------------------------------------------------------
             1    204         7.99         0.14         2.85         5.00         0.00         0.00
             2    322         9.08         0.08         2.24         6.75         0.00         0.00
             3    710         9.08         0.08         2.24         6.75         0.00         0.00
             4    708         9.30         0.10         2.33         6.86         0.00         0.00
             5    132         9.30         0.10         2.33         6.86         0.00         0.00
             6    217         9.60         0.12         2.49         6.99         0.00         0.00
             7    519         9.23         0.10         2.33         6.80         0.00         0.00
             8    556         9.23         0.10         2.33         6.80         0.00         0.00
             9    630         9.60         0.12         2.49         6.99         0.00         0.00
            10    143         8.55         0.18         3.11         5.25         0.00         0.00
            11    571         9.60         0.12         2.49         6.99         0.00         0.00
            12    467         9.60         0.12         2.49         6.99         0.00         0.00
            13    738         8.55         0.18         3.11         5.25         0.00         0.00
            14    833         8.76         0.17         3.20         5.40         0.00         0.00
            15    570         8.76         0.17         3.20         5.40         0.00         0.00
            16    120         9.33         0.11         2.40         6.82         0.00         0.00
            17    488         9.33         0.11         2.40         6.82         0.00         0.00
            18    350         9.33         0.11         2.40         6.82         0.00         0.00
            19    682         8.23         0.16         3.01         5.07         0.00         0.00
            20    490         9.33         0.11         2.40         6.82         0.00         0.00
            21    941         8.23         0.16         3.01         5.07         0.00         0.00
            22    927         9.78         0.15         2.69         6.93         0.00         0.00
            23    923         9.78         0.15         2.69         6.93         0.00         0.00
            24     33         9.57         0.12         2.69         6.76         0.00         0.00
            25    946         9.75         0.15         2.66         6.93         0.00         0.00
            26    765         9.75         0.15         2.66         6.93         0.00         0.00
            27    164         9.55         0.13         2.49         6.94         0.00         0.00
            28    524         9.57         0.13         2.50         6.94         0.00         0.00
            29    334         9.55         0.13         2.49         6.94         0.00         0.00
            30    491         9.40         0.22         3.42         5.77         0.00         0.00
            31    933         9.57         0.13         2.50         6.94         0.00         0.00
            32    178         9.40         0.22         3.42         5.76         0.00         0.00
            33    179         9.50         0.13         2.50         6.87         0.00         0.00
            34    521         9.50         0.13         2.50         6.87         0.00         0.00
            35    559         9.48         0.12         2.49         6.87         0.00         0.00
            36    699         9.48         0.12         2.49         6.87         0.00         0.00
            37    108        11.23         0.16         3.01         8.06         0.00         0.00
            38    320         8.80         0.21         3.38         5.21         0.00         0.00
            39    848         8.80         0.21         3.38         5.21         0.00         0.00
            40    662        11.23         0.16         3.01         8.06         0.00         0.00
            41    522         9.84         0.15         2.75         6.94         0.00         0.00
            42    260         9.84         0.15         2.75         6.94         0.00         0.00
            43    768         9.03         0.19         3.36         5.48         0.00         0.00
            44     74         9.03         0.19         3.36         5.48         0.00         0.00
            45    549         9.85         0.15         2.75         6.95         0.00         0.00
            46    558         9.85         0.15         2.75         6.95         0.00         0.00
            47    748         8.97         0.19         3.35         5.43         0.00         0.00
            48     63        11.01         0.16         3.06         7.79         0.00         0.00
            49    384        11.01         0.16         3.06         7.79         0.00         0.00
            50    507         8.97         0.19         3.35         5.43         0.00         0.00
            51    149        10.02         0.18         2.94         6.90         0.00         0.00
            52    476        10.02         0.18         2.94         6.90         0.00         0.00
            53    575         9.97         0.18         2.92         6.88         0.00         0.00
            54    155        10.98         0.17         3.18         7.63         0.01         0.00
            55    136        10.98         0.17         3.18         7.63         0.00         0.00
            56    636         9.96         0.23         3.80         5.93         0.00         0.00
            57    426         9.96         0.23         3.80         5.93         0.00         0.00
            58    111        10.98         0.17         3.17         7.64         0.00         0.00
            59    566        10.98         0.17         3.17         7.64         0.01         0.00
            60    151         9.66         0.24         3.66         5.76         0.00         0.00
          ------------------------------------------------------------------------------------------

          Calculating single reference conformer RMSDs ...

          ---------------------------------
          Conformer RMSDs are in Angstroms.
          ---------------------------------

          ------------------------------------------------------------------------------------------
                              RMSD wrt Input Crd                    RMSD wrt Rank 1
                         ---------------------------------------------------------------------------
          Rank    ID        Complex    Receptor  Ligand          Complex    Receptor  Ligand
          ------------------------------------------------------------------------------------------
             1    204                             1.417                               0.000
             2    322                             1.030                               0.777
             3    710                             0.965                               0.777
             4    708                             1.899                               2.005
             5    132                             1.867                               2.210
             6    217                             1.204                               0.825
             7    519                             1.884                               1.808
             8    556                             1.722                               2.121
             9    630                             1.070                               0.945
            10    143                             1.245                               0.943
            11    571                             1.828                               0.615
            12    467                             1.084                               0.615
            13    738                             1.436                               0.943
            14    833                             1.223                               2.073
            15    570                             1.657                               2.084
            16    120                             1.481                               2.071
            17    488                             1.495                               1.374
            18    350                             1.399                               2.143
            19    682                             1.602                               1.391
            20    490                             1.549                               1.569
            21    941                             1.899                               1.461
            22    927                             1.021                               1.650
            23    923                             1.545                               1.312
            24     33                             1.345                               0.850
            25    946                             2.098                               2.065
            26    765                             2.172                               2.361
            27    164                             1.783                               1.597
            28    524                             1.659                               0.866
            29    334                             1.379                               1.596
            30    491                             1.559                               2.029
            31    933                             0.679                               1.653
            32    178                             2.149                               1.985
            33    179                             1.918                               1.830
            34    521                             1.630                               1.383
            35    559                             1.785                               1.872
            36    699                             1.360                               1.888
            37    108                             1.997                               1.262
            38    320                             2.005                               1.798
            39    848                             1.716                               1.788
            40    662                             1.395                               1.262
            41    522                             1.781                               1.474
            42    260                             1.690                               1.252
            43    768                             1.813                               0.721
            44     74                             1.545                               0.721
            45    549                             1.651                               1.647
            46    558                             1.589                               1.805
            47    748                             2.122                               1.656
            48     63                             2.193                               2.230
            49    384                             2.471                               2.375
            50    507                             2.124                               1.931
            51    149                             1.669                               1.061
            52    476                             1.542                               1.289
            53    575                             1.598                               1.148
            54    155                             1.584                               1.647
            55    136                             1.790                               1.736
            56    636                             1.876                               1.810
            57    426                             2.105                               1.604
            58    111                             2.083                               2.225
            59    566                             1.684                               1.827
            60    151                             1.161                               1.656
          ------------------------------------------------------------------------------------------

          --------------------------------
          Final Boltzmann Averaged Data.
          --------------------------------

          -------------------------------------------------------------------
          Results of Boltzmann Averaging Over All   73 Conformers (kcal/mol).
          -------------------------------------------------------------------

          Free Energy                        G             -23.0771295739
          Average Potential Energy         < E >           -36.3328207783
          Entropy                           -TS             13.2556912044
          -------------------------------------------------------------------

          Average Potential Energy < E > Components.

          < U >                     7.6758777554
          < W(PBSA) >             -60.1047560934
          < H.O. P.E. >            16.0963722336

          Average Solvation Energy < W(PBSA) > Components.

          < PB >                  -62.3384481108
          < SA >                    2.2336920173

          Average Gas Phase Internal Potential Energy < U > Components.

          < Valence >               9.0525269582
          < Coulomb >              -2.1387456774
          < VdW >                   0.7620964746

          Average Van der Waals Energy < VdW > Components.

          < VdW6  >                -6.4869294498
          < VdW12 >                 7.2490259244

          Average Bonded Energy < Valence > Components.

          < Bond >                  0.1201042820
          < Angle >                 2.5528356847
          < Pdihed >                6.3787681015
          < Idihed >                0.0008188901
          < Tether >                0.0000000000

          -------------------------------------------------------------------
                        End of VM2 Calculation Results Summary.
          -------------------------------------------------------------------


     Total cpu time for run         25.91 seconds.
                                     0.43 minutes.

     Total wall time for run        26.35 seconds.
                                     0.44 minutes.

     TIME STAMP: VCPack job finished normally : Saturday, August 06, 2022 at 17:09:11
