
     --------------------------------------------------------------------------------
                        Running Program VCPack. Version 2.8

                           VeraChem LLC, PO Box 2206
                           Germantown, MD 20875, U.S.A.

                                Tel. 240-686-0565
                                www.verachem.com
     --------------------------------------------------------------------------------


     Input file          :   guest-s12_vm2.inp

     Output file         :   guest-s12_vm2.out

     Summary output file :   guest-s12_vm2.summary.out

     Executable : /data/comblab/vcCompChem_3b/exe/VC_CompChemPackage_mpi.exe

     Build date : Aug 13 2021  17:26:14

     This is a multiple processor run.

     MPI processes              :   16
     OpenMP threads per process :    0
     CUDA enabled               :  no

     TIME STAMP: VCPack job started : Sunday, August 07, 2022 at 12:01:52

     --------------------------------------------------------------------------------
                            Basic Calculation Control.
     --------------------------------------------------------------------------------

     Molecular system type                :  ligand          

     Calculation type                     :  vm2             

     Energy potential                     :  mm              

     Post-processing type                 :  none            

     Post-processing energy potential     :  none            

     Time limit in wall clock hours       :  96.00

     Read in starting conformers          :  no
     Type of conformers to read in        :  none
     Conformer source files(s)            :  none

     Use input .crd for complex build     :  no
     Place ligand confs. at input .crd    :  no
     Use input .crd as start conformer    :  yes

     Formatted output files               :  xyz     
                                          :  pdb     
                                          :  mol2    
                                          :  sdf     
                                          :  xyz     
                                          :  gms     
                                          :  csv     

     Split formatted output files         :  crd     

     Limit conformers in formatted files  :  bycount
     Maximum conformer count              :  1000

     Atoms to include in formatted files  :  all     

     Binary file restart type             :  none


     --------------------------------------------------------------------------------
                            Math Related Control and Set Up.
     --------------------------------------------------------------------------------

     Random number generator seeds :  bywallclock

     Seed 1 :           6244231
     Seed 2 :            521053
     Seed 3 :               239
     Seed 4 :             24023


     --------------------------------------------------------------------------------
                            Basic Molecular System Set Up.
     --------------------------------------------------------------------------------

     ------------------
     Ligand Data Files.
     ------------------

     Standard crd coordinate file            :  guest-s12.crd
     VeraChem topology file                  :  guest-s12.top
     Standard mol/sdf file                   :  guest-s12.mol

     Total number of ligand atoms            :        26

     Included in this calculation.
     Number of real and live ligand atoms    :        26
     Number of real but fixed ligand atoms   :         0

     Ligand placement method                 :  none

     Snap ligand to template atoms           :      no

     -------------------------------
     Final Real/Live Set Atom Count.
     -------------------------------

     Total number of real atoms              :        26
     Total number of live atoms              :        26


     --------------------------------------------------------------------------------
                            Generate Initial Molecular Conformation.
     --------------------------------------------------------------------------------

     Mandatory input crd file(s) used for generation of a single starting conformer.


     --------------------------------------------------------------------------------
                             Energy Potential Settings.
     --------------------------------------------------------------------------------


     Molecular Mechanics package          :  vchem           

     Quantum Mechanics package            :  none            


     --------------------------------------------------------------------------------
                    Running VM2 Mining Minima Module. Version 2.8
     --------------------------------------------------------------------------------

     Iteration    Free Energy G             G Diff            # Conformers     # Diff
        1            74.549073              74.549073              38              38
        2            74.120007              -0.429066              97              59
        3            74.076827              -0.043180             103               6
        4            74.021212              -0.055615             142              39
        5            74.021179              -0.000033             142               0
        6            73.969204              -0.051975             167              25
        7            73.952450              -0.016754             173               6
        8            73.924851              -0.027600             185              12
        9            73.912913              -0.011937             187               2
       10            73.888942              -0.023971             205              18
       11            73.888730              -0.000212             206               1
       12            73.874222              -0.014508             218              12
       13            73.874200              -0.000021             219               1
       14            73.866189              -0.008011             224               5

     VM2 Free Energy converged after   14 iterations.

     Final VM2 Free Energy is      73.866189 Kcal/mol.

          --------------------------------
          Final Individual Conformer Data.
          --------------------------------

          List data for conformers with probability of at least :  0.01 %
          Rankings are with respect to : Free Energy (G)

          ------------------------
          Free Energy: G = E - TS
          ------------------------

          ------------------------------------------------------------------------------------------
          Rank    ID     ln(Zx)    Prob(%)  Sum Prob(%)  Del G        G            E            -TS
          ------------------------------------------------------------------------------------------
             1   1417   -168.02763    6.83     6.83      0.00        75.47        43.30        32.16
             2   1434   -168.51532    4.20    11.03      0.29        75.76        43.42        32.33
             3     37   -168.52471    4.16    15.18      0.30        75.76        43.43        32.33
             4   1029   -168.82426    3.08    18.26      0.47        75.94        43.69        32.25
             5   1541   -168.82598    3.07    21.34      0.48        75.94        43.69        32.25
             6   1039   -168.96730    2.67    24.01      0.56        76.03        43.77        32.26
             7   1805   -169.01825    2.54    26.55      0.59        76.06        43.80        32.26
             8   1800   -169.02477    2.52    29.07      0.59        76.06        43.58        32.48
             9   1021   -169.08754    2.37    31.43      0.63        76.10        43.62        32.48
            10   1697   -169.16037    2.20    33.63      0.68        76.14        43.87        32.27
            11    441   -169.17597    2.17    35.80      0.68        76.15        43.88        32.27
            12    836   -169.26781    1.98    37.78      0.74        76.21        43.78        32.43
            13   1586   -169.27178    1.97    39.75      0.74        76.21        43.78        32.43
            14   1745   -169.30022    1.91    41.66      0.76        76.22        43.96        32.26
            15   1808   -169.31334    1.89    43.55      0.77        76.23        43.97        32.26
            16   1308   -169.38478    1.76    45.31      0.81        76.28        43.85        32.43
            17   1033   -169.44218    1.66    46.97      0.84        76.31        43.88        32.43
            18   1786   -169.54189    1.50    48.47      0.90        76.37        43.93        32.44
            19    490   -169.58420    1.44    49.91      0.93        76.39        43.95        32.44
            20    730   -169.58811    1.44    51.35      0.93        76.40        43.95        32.44
            21   1118   -169.62412    1.38    52.73      0.95        76.42        43.97        32.44
            22   1597   -169.67238    1.32    54.05      0.98        76.45        44.01        32.43
            23   1769   -169.68149    1.31    55.36      0.99        76.45        44.02        32.43
            24   1849   -169.70438    1.28    56.64      1.00        76.47        44.03        32.43
            25   1336   -169.74509    1.23    57.86      1.02        76.49        44.06        32.43
            26   1239   -169.82725    1.13    58.99      1.07        76.54        44.18        32.36
            27   1619   -169.83832    1.12    60.11      1.08        76.55        44.18        32.37
            28   1293   -169.84740    1.11    61.22      1.08        76.55        44.19        32.36
            29   1234   -169.85298    1.10    62.32      1.09        76.55        44.18        32.38
            30    437   -169.89244    1.06    63.38      1.11        76.58        44.21        32.37
            31   1493   -169.90456    1.05    64.42      1.12        76.58        44.22        32.37
            32   1491   -169.90808    1.04    65.46      1.12        76.59        44.21        32.38
            33   1244   -169.95015    1.00    66.46      1.15        76.61        44.17        32.44
            34   1295   -169.96346    0.99    67.45      1.15        76.62        44.12        32.50
            35   1325   -169.97507    0.97    68.42      1.16        76.63        44.18        32.44
            36    981   -170.02506    0.93    69.35      1.19        76.66        44.29        32.36
            37   1882   -170.03985    0.91    70.26      1.20        76.67        44.34        32.33
            38   1352   -170.05319    0.90    71.16      1.21        76.67        44.18        32.50
            39   1036   -170.06503    0.89    72.06      1.21        76.68        44.33        32.35
            40   1583   -170.06819    0.89    72.94      1.22        76.68        44.09        32.59
            41   1632   -170.07529    0.88    73.82      1.22        76.69        44.34        32.35
            42   1049   -170.11846    0.84    74.67      1.25        76.71        44.13        32.59
            43   1554   -170.12917    0.84    75.50      1.25        76.72        44.39        32.33
            44   1848   -170.16157    0.81    76.31      1.27        76.74        44.15        32.59
            45    271   -170.19635    0.78    77.09      1.29        76.76        44.17        32.59
            46   1563   -170.19733    0.78    77.87      1.29        76.76        44.17        32.59
            47   1050   -170.22567    0.76    78.63      1.31        76.78        44.19        32.59
            48    175   -170.23385    0.75    79.39      1.32        76.78        44.24        32.54
            49   1839   -170.26822    0.73    80.11      1.34        76.80        44.21        32.59
            50    548   -170.27099    0.72    80.84      1.34        76.80        44.25        32.55
            51    460   -170.28658    0.71    81.55      1.35        76.81        44.14        32.67
            52   1591   -170.29234    0.71    82.26      1.35        76.82        44.27        32.55
            53   1022   -170.31424    0.69    82.95      1.36        76.83        44.28        32.54
            54   1085   -170.34451    0.67    83.63      1.38        76.85        44.16        32.68
            55    251   -170.37187    0.66    84.28      1.40        76.86        44.31        32.55
            56    559   -170.39294    0.64    84.93      1.41        76.88        44.36        32.51
            57    846   -170.44089    0.61    85.54      1.44        76.90        44.36        32.55
            58   1551   -170.53208    0.56    86.10      1.49        76.96        44.45        32.51
            59   1567   -170.57891    0.53    86.63      1.52        76.99        44.22        32.77
            60   1001   -170.61005    0.52    87.14      1.54        77.01        44.24        32.76
            61   1469   -170.63162    0.51    87.65      1.55        77.02        44.25        32.77
            62    835   -170.64190    0.50    88.15      1.56        77.02        44.35        32.67
            63    566   -170.65617    0.49    88.64      1.57        77.03        44.27        32.76
            64   1820   -170.65901    0.49    89.14      1.57        77.03        44.52        32.51
            65    546   -170.69407    0.47    89.61      1.59        77.06        44.55        32.51
            66   1014   -170.86608    0.40    90.01      1.69        77.16        44.33        32.83
            67    246   -170.90441    0.38    90.39      1.72        77.18        44.47        32.71
            68   1598   -170.92683    0.38    90.77      1.73        77.19        44.52        32.67
            69    411   -170.93835    0.37    91.14      1.74        77.20        44.49        32.71
            70    382   -170.97599    0.36    91.50      1.76        77.22        44.40        32.83
            71    735   -171.04224    0.34    91.84      1.80        77.26        44.59        32.67
            72   1201   -171.09551    0.32    92.15      1.83        77.29        44.77        32.53
            73    158   -171.16593    0.30    92.45      1.87        77.34        44.37        32.96
            74   1467   -171.17910    0.29    92.74      1.88        77.34        44.34        33.01
            75    139   -171.19177    0.29    93.03      1.89        77.35        44.82        32.53
            76   1345   -171.20798    0.28    93.32      1.90        77.36        44.40        32.96
            77    957   -171.21424    0.28    93.60      1.90        77.37        44.36        33.01
            78    702   -171.21573    0.28    93.88      1.90        77.37        44.80        32.57
            79   1781   -171.25236    0.27    94.15      1.92        77.39        44.70        32.69
            80     68   -171.28289    0.26    94.41      1.94        77.41        44.84        32.57
            81   1817   -171.28675    0.26    94.68      1.94        77.41        45.19        32.22
            82   1235   -171.32135    0.25    94.93      1.96        77.43        44.74        32.69
            83    516   -171.34337    0.25    95.18      1.98        77.44        45.22        32.23
            84    189   -171.35168    0.25    95.42      1.98        77.45        44.56        32.89
            85   1080   -171.37876    0.24    95.66      2.00        77.46        44.58        32.89
            86   1332   -171.40159    0.23    95.90      2.01        77.48        44.55        32.93
            87   1729   -171.49806    0.21    96.11      2.07        77.53        44.76        32.78
            88    687   -171.49953    0.21    96.32      2.07        77.54        44.76        32.78
            89    518   -171.55844    0.20    96.52      2.10        77.57        45.06        32.51
            90   1334   -171.56022    0.20    96.72      2.11        77.57        45.06        32.51
            91    157   -171.61898    0.19    96.91      2.14        77.61        44.80        32.81
            92    496   -171.62120    0.19    97.10      2.14        77.61        44.60        33.00
            93   1819   -171.65098    0.18    97.28      2.16        77.63        44.62        33.00
            94    567   -171.67046    0.18    97.46      2.17        77.64        44.83        32.81
            95   1351   -171.79080    0.16    97.62      2.24        77.71        45.73        31.98
            96   1319   -171.93340    0.14    97.76      2.33        77.79        44.77        33.02
            97   1508   -172.08998    0.12    97.87      2.42        77.89        44.87        33.02
            98    393   -172.18297    0.11    97.98      2.48        77.94        44.70        33.24
            99    752   -172.23162    0.10    98.08      2.51        77.97        45.67        32.31
           100    526   -172.31671    0.09    98.18      2.56        78.02        44.78        33.24
           101   1871   -172.43395    0.08    98.26      2.63        78.09        45.16        32.94
           102    563   -172.58044    0.07    98.33      2.71        78.18        45.55        32.63
           103   1558   -172.62730    0.07    98.40      2.74        78.21        45.58        32.63
           104    972   -172.64116    0.07    98.47      2.75        78.22        45.85        32.36
           105    557   -172.66244    0.07    98.53      2.76        78.23        45.60        32.63
           106   1847   -172.75385    0.06    98.60      2.82        78.28        45.93        32.36
           107   1369   -172.92202    0.05    98.65      2.92        78.38        45.90        32.49
           108    965   -172.93324    0.05    98.70      2.92        78.39        45.92        32.47
           109   1611   -172.94741    0.05    98.75      2.93        78.40        45.85        32.55
           110   1046   -172.97071    0.05    98.80      2.95        78.41        45.94        32.47
           111   1368   -173.01954    0.05    98.84      2.98        78.44        45.96        32.49
           112   1075   -173.20695    0.04    98.88      3.09        78.55        45.91        32.65
           113   1052   -173.25609    0.04    98.92      3.12        78.58        46.24        32.35
           114   1479   -173.26303    0.04    98.95      3.12        78.59        46.17        32.42
           115    555   -173.28418    0.04    98.99      3.13        78.60        46.18        32.42
           116   1278   -173.29514    0.04    99.02      3.14        78.61        45.96        32.65
           117    937   -173.30835    0.03    99.06      3.15        78.61        46.27        32.35
           118    479   -173.31552    0.03    99.09      3.15        78.62        45.49        33.13
           119    573   -173.32663    0.03    99.13      3.16        78.63        45.53        33.09
           120    852   -173.36676    0.03    99.16      3.18        78.65        45.55        33.09
           121   1311   -173.48467    0.03    99.19      3.25        78.72        45.99        32.73
           122    565   -173.61597    0.03    99.22      3.33        78.80        45.86        32.94
           123   1589   -173.62372    0.03    99.24      3.34        78.80        45.76        33.05
           124   1290   -173.66870    0.02    99.26      3.36        78.83        46.14        32.68
           125   1834   -173.68072    0.02    99.29      3.37        78.84        46.33        32.50
           126   1370   -173.70258    0.02    99.31      3.38        78.85        46.17        32.68
           127   1592   -173.71668    0.02    99.34      3.39        78.86        46.35        32.50
           128   1852   -173.76628    0.02    99.36      3.42        78.89        46.39        32.49
           129    248   -173.79529    0.02    99.38      3.44        78.90        46.40        32.50
           130   1498   -173.81872    0.02    99.40      3.45        78.92        46.43        32.49
           131   1361   -173.83872    0.02    99.42      3.46        78.93        45.99        32.94
           132    979   -173.95462    0.02    99.44      3.53        79.00        46.51        32.49
           133    986   -173.97008    0.02    99.46      3.54        79.01        46.52        32.49
           134   1887   -173.98151    0.02    99.47      3.55        79.02        46.51        32.50
           135   1364   -174.04978    0.02    99.49      3.59        79.06        46.37        32.68
           136    278   -174.08496    0.02    99.51      3.61        79.08        46.58        32.50
           137   1846   -174.09449    0.02    99.52      3.62        79.08        46.41        32.67
           138    827   -174.12672    0.02    99.54      3.64        79.10        46.42        32.68
           139    154   -174.13362    0.02    99.55      3.64        79.11        46.12        32.98
           140    851   -174.14666    0.02    99.57      3.65        79.11        46.13        32.98
           141   1343   -174.15361    0.01    99.58      3.65        79.12        46.45        32.67
           142   1616   -174.17131    0.01    99.60      3.66        79.13        46.46        32.67
           143   1258   -174.20573    0.01    99.61      3.68        79.15        46.47        32.68
           144    768   -174.20793    0.01    99.63      3.68        79.15        46.47        32.68
           145   1600   -174.24381    0.01    99.64      3.71        79.17        46.70        32.47
           146   1100   -174.27330    0.01    99.65      3.72        79.19        46.72        32.47
           147   1079   -174.27731    0.01    99.67      3.73        79.19        46.52        32.68
           148    839   -174.31986    0.01    99.68      3.75        79.22        46.08        33.13
           149    543   -174.32446    0.01    99.69      3.75        79.22        45.81        33.41
           150    527   -174.33650    0.01    99.70      3.76        79.23        46.55        32.68
           151   1584   -174.38177    0.01    99.72      3.79        79.25        46.12        33.14
           152    536   -174.39285    0.01    99.73      3.79        79.26        46.64        32.62
           153   1865   -174.45155    0.01    99.74      3.83        79.30        46.71        32.59
           154    711   -174.46437    0.01    99.75      3.84        79.30        46.69        32.62
           155   1316   -174.48536    0.01    99.76      3.85        79.32        46.93        32.39
           156    236   -174.52903    0.01    99.77      3.88        79.34        46.76        32.59
           157   1327   -174.53096    0.01    99.78      3.88        79.34        46.97        32.37
           158    680   -174.53270    0.01    99.79      3.88        79.34        46.76        32.58
           159    107   -174.54419    0.01    99.80      3.88        79.35        46.77        32.58
          ------------------------------------------------------------------------------------------

          --------------------------------------------------------
          Potential Energy: E = (U+W) + H.O. Equipartion energy
          --------------------------------------------------------

          ------------------------------------------------------------------------------------------
          Rank    ID         E          U+W            U        W(PBSA)          PB           SA
          ------------------------------------------------------------------------------------------
             1   1417        43.30        21.84        70.36       -48.51       -50.86         2.34
             2   1434        43.42        21.96        70.75       -48.78       -51.11         2.33
             3     37        43.43        21.97        70.75       -48.78       -51.11         2.34
             4   1029        43.69        22.22        71.14       -48.92       -51.26         2.34
             5   1541        43.69        22.23        71.14       -48.92       -51.25         2.34
             6   1039        43.77        22.30        71.14       -48.83       -51.18         2.34
             7   1805        43.80        22.33        71.14       -48.80       -51.14         2.34
             8   1800        43.58        22.12        71.48       -49.36       -51.65         2.29
             9   1021        43.62        22.16        71.48       -49.32       -51.60         2.28
            10   1697        43.87        22.41        71.04       -48.63       -50.94         2.31
            11    441        43.88        22.42        71.04       -48.62       -50.94         2.32
            12    836        43.78        22.32        71.51       -49.19       -51.48         2.29
            13   1586        43.78        22.32        71.51       -49.19       -51.48         2.29
            14   1745        43.96        22.50        71.35       -48.85       -51.16         2.31
            15   1808        43.97        22.51        71.35       -48.84       -51.15         2.31
            16   1308        43.85        22.39        71.63       -49.24       -51.54         2.30
            17   1033        43.88        22.42        71.63       -49.21       -51.52         2.31
            18   1786        43.93        22.46        71.43       -48.97       -51.24         2.27
            19    490        43.95        22.49        71.42       -48.93       -51.23         2.30
            20    730        43.95        22.49        71.42       -48.93       -51.22         2.29
            21   1118        43.97        22.51        71.43       -48.92       -51.19         2.27
            22   1597        44.01        22.55        71.71       -49.15       -51.44         2.28
            23   1769        44.02        22.56        71.72       -49.16       -51.48         2.31
            24   1849        44.03        22.57        71.72       -49.15       -51.45         2.30
            25   1336        44.06        22.60        71.71       -49.11       -51.41         2.30
            26   1239        44.18        22.72        71.97       -49.25       -51.56         2.31
            27   1619        44.18        22.72        71.83       -49.12       -51.44         2.32
            28   1293        44.19        22.73        71.97       -49.24       -51.54         2.30
            29   1234        44.18        22.71        71.73       -49.02       -51.33         2.31
            30    437        44.21        22.75        71.83       -49.08       -51.40         2.32
            31   1493        44.22        22.76        71.99       -49.24       -51.54         2.30
            32   1491        44.21        22.75        71.73       -48.99       -51.30         2.31
            33   1244        44.17        22.71        71.90       -49.20       -51.49         2.29
            34   1295        44.12        22.66        72.04       -49.37       -51.68         2.31
            35   1325        44.18        22.72        71.90       -49.18       -51.49         2.31
            36    981        44.29        22.83        71.99       -49.16       -51.48         2.32
            37   1882        44.34        22.87        71.90       -49.03       -51.33         2.30
            38   1352        44.18        22.71        72.04       -49.32       -51.62         2.30
            39   1036        44.33        22.87        71.81       -48.94       -51.23         2.29
            40   1583        44.09        22.63        72.18       -49.55       -51.79         2.24
            41   1632        44.34        22.88        71.81       -48.93       -51.26         2.33
            42   1049        44.13        22.66        72.30       -49.64       -51.89         2.26
            43   1554        44.39        22.93        71.90       -48.98       -51.30         2.32
            44   1848        44.15        22.69        72.18       -49.50       -51.76         2.26
            45    271        44.17        22.71        72.28       -49.57       -51.82         2.25
            46   1563        44.17        22.71        72.30       -49.59       -51.86         2.27
            47   1050        44.19        22.73        71.87       -49.14       -51.40         2.26
            48    175        44.24        22.78        72.11       -49.34       -51.57         2.23
            49   1839        44.21        22.75        71.87       -49.12       -51.41         2.29
            50    548        44.25        22.79        72.24       -49.45       -51.69         2.24
            51    460        44.14        22.68        72.35       -49.67       -51.91         2.24
            52   1591        44.27        22.81        72.24       -49.43       -51.69         2.25
            53   1022        44.28        22.82        72.11       -49.29       -51.57         2.28
            54   1085        44.16        22.70        72.38       -49.67       -51.92         2.25
            55    251        44.31        22.85        72.22       -49.36       -51.63         2.27
            56    559        44.36        22.90        72.18       -49.28       -51.57         2.29
            57    846        44.36        22.89        72.22       -49.32       -51.60         2.27
            58   1551        44.45        22.98        72.18       -49.20       -51.48         2.29
            59   1567        44.22        22.76        72.22       -49.46       -51.69         2.23
            60   1001        44.24        22.78        72.26       -49.47       -51.71         2.24
            61   1469        44.25        22.79        72.22       -49.43       -51.68         2.25
            62    835        44.35        22.89        72.55       -49.66       -51.92         2.26
            63    566        44.27        22.81        72.26       -49.45       -51.71         2.26
            64   1820        44.52        23.06        72.30       -49.24       -51.50         2.27
            65    546        44.55        23.08        72.30       -49.21       -51.50         2.28
            66   1014        44.33        22.87        72.45       -49.59       -51.82         2.23
            67    246        44.47        23.01        72.45       -49.44       -51.70         2.26
            68   1598        44.52        23.06        72.39       -49.33       -51.59         2.27
            69    411        44.49        23.03        72.45       -49.42       -51.69         2.27
            70    382        44.40        22.93        72.45       -49.52       -51.80         2.28
            71    735        44.59        23.13        72.39       -49.26       -51.51         2.25
            72   1201        44.77        23.30        72.58       -49.28       -51.54         2.26
            73    158        44.37        22.91        72.93       -50.01       -52.19         2.18
            74   1467        44.34        22.88        72.76       -49.89       -52.09         2.20
            75    139        44.82        23.36        72.58       -49.22       -51.50         2.28
            76   1345        44.40        22.94        72.93       -49.99       -52.18         2.19
            77    957        44.36        22.90        72.76       -49.86       -52.06         2.20
            78    702        44.80        23.34        72.65       -49.31       -51.57         2.26
            79   1781        44.70        23.24        72.71       -49.47       -51.72         2.25
            80     68        44.84        23.38        72.65       -49.27       -51.52         2.25
            81   1817        45.19        23.72        72.99       -49.27       -51.55         2.28
            82   1235        44.74        23.28        72.71       -49.43       -51.68         2.25
            83    516        45.22        23.76        72.99       -49.24       -51.52         2.28
            84    189        44.56        23.10        72.74       -49.64       -51.85         2.21
            85   1080        44.58        23.11        72.74       -49.63       -51.87         2.24
            86   1332        44.55        23.09        72.94       -49.85       -52.09         2.24
            87   1729        44.76        23.30        73.04       -49.74       -52.02         2.28
            88    687        44.76        23.30        73.04       -49.74       -51.97         2.22
            89    518        45.06        23.60        72.88       -49.28       -51.58         2.30
            90   1334        45.06        23.60        72.88       -49.28       -51.55         2.27
            91    157        44.80        23.34        73.12       -49.78       -52.01         2.23
            92    496        44.60        23.14        72.96       -49.82       -52.04         2.22
            93   1819        44.62        23.16        72.96       -49.80       -52.05         2.25
            94    567        44.83        23.37        73.12       -49.75       -51.99         2.23
            95   1351        45.73        24.27        73.88       -49.61       -51.84         2.22
            96   1319        44.77        23.31        72.85       -49.54       -51.77         2.23
            97   1508        44.87        23.41        72.85       -49.45       -51.68         2.23
            98    393        44.70        23.24        73.34       -50.10       -52.27         2.17
            99    752        45.67        24.20        73.67       -49.46       -51.72         2.26
           100    526        44.78        23.32        73.34       -50.02       -52.19         2.17
           101   1871        45.16        23.69        73.51       -49.82       -52.04         2.22
           102    563        45.55        24.09        73.66       -49.58       -51.84         2.26
           103   1558        45.58        24.12        73.68       -49.56       -51.79         2.23
           104    972        45.85        24.39        74.36       -49.97       -52.20         2.23
           105    557        45.60        24.14        73.68       -49.54       -51.78         2.25
           106   1847        45.93        24.47        74.36       -49.90       -52.14         2.24
           107   1369        45.90        24.44        73.89       -49.46       -51.73         2.28
           108    965        45.92        24.46        73.84       -49.38       -51.64         2.26
           109   1611        45.85        24.39        73.76       -49.37       -51.64         2.28
           110   1046        45.94        24.48        73.84       -49.36       -51.61         2.26
           111   1368        45.96        24.49        73.89       -49.40       -51.70         2.30
           112   1075        45.91        24.44        74.23       -49.78       -52.04         2.26
           113   1052        46.24        24.77        73.98       -49.21       -51.49         2.28
           114   1479        46.17        24.71        74.31       -49.60       -51.87         2.27
           115    555        46.18        24.72        74.31       -49.58       -51.86         2.28
           116   1278        45.96        24.50        74.23       -49.73       -51.98         2.25
           117    937        46.27        24.81        73.98       -49.18       -51.45         2.28
           118    479        45.49        24.03        74.18       -50.15       -52.28         2.13
           119    573        45.53        24.07        74.11       -50.04       -52.24         2.20
           120    852        45.55        24.09        74.11       -50.01       -52.19         2.18
           121   1311        45.99        24.53        74.54       -50.01       -52.20         2.19
           122    565        45.86        24.40        74.34       -49.95       -52.14         2.19
           123   1589        45.76        24.29        74.19       -49.90       -52.09         2.19
           124   1290        46.14        24.68        74.47       -49.78       -52.03         2.25
           125   1834        46.33        24.87        74.07       -49.20       -51.48         2.28
           126   1370        46.17        24.70        74.47       -49.76       -52.03         2.26
           127   1592        46.35        24.89        74.47       -49.58       -51.83         2.25
           128   1852        46.39        24.93        74.13       -49.20       -51.49         2.28
           129    248        46.40        24.94        74.07       -49.13       -51.42         2.29
           130   1498        46.43        24.96        74.13       -49.17       -51.47         2.30
           131   1361        45.99        24.53        74.34       -49.81       -52.01         2.20
           132    979        46.51        25.05        74.58       -49.54       -51.78         2.25
           133    986        46.52        25.06        74.58       -49.53       -51.79         2.26
           134   1887        46.51        25.05        74.90       -49.85       -52.06         2.21
           135   1364        46.37        24.91        74.40       -49.49       -51.72         2.24
           136    278        46.58        25.11        74.90       -49.79       -51.98         2.20
           137   1846        46.41        24.95        74.48       -49.53       -51.78         2.25
           138    827        46.42        24.96        74.40       -49.44       -51.68         2.24
           139    154        46.12        24.66        74.25       -49.59       -51.81         2.22
           140    851        46.13        24.67        74.25       -49.58       -51.81         2.23
           141   1343        46.45        24.98        74.48       -49.49       -51.74         2.25
           142   1616        46.46        24.99        74.46       -49.47       -51.71         2.25
           143   1258        46.47        25.01        74.46       -49.45       -51.67         2.22
           144    768        46.47        25.01        74.46       -49.44       -51.69         2.24
           145   1600        46.70        25.24        74.47       -49.24       -51.48         2.25
           146   1100        46.72        25.26        74.47       -49.22       -51.46         2.24
           147   1079        46.52        25.05        75.03       -49.98       -52.18         2.20
           148    839        46.08        24.62        74.63       -50.01       -52.19         2.18
           149    543        45.81        24.35        74.53       -50.19       -52.35         2.16
           150    527        46.55        25.09        75.03       -49.95       -52.16         2.21
           151   1584        46.12        24.66        74.63       -49.97       -52.19         2.22
           152    536        46.64        25.18        74.52       -49.34       -51.57         2.23
           153   1865        46.71        25.25        74.61       -49.36       -51.61         2.25
           154    711        46.69        25.22        74.52       -49.29       -51.56         2.27
           155   1316        46.93        25.46        75.18       -49.71       -51.96         2.25
           156    236        46.76        25.29        74.61       -49.31       -51.57         2.25
           157   1327        46.97        25.51        74.71       -49.21       -51.50         2.29
           158    680        46.76        25.30        74.59       -49.29       -51.54         2.25
           159    107        46.77        25.31        74.59       -49.28       -51.54         2.25
          ------------------------------------------------------------------------------------------

          ----------------------------------------
          Gas Phase Internal Potential Energy: U
          ----------------------------------------

          ------------------------------------------------------------------------------------------
          Rank    ID         U         Valence     Coulomb        VdW         VdW6        VdW12
          ------------------------------------------------------------------------------------------
             1   1417        70.36         1.71        68.48         0.16        -5.27         5.43
             2   1434        70.75         1.99        68.32         0.43        -5.97         6.40
             3     37        70.75         1.99        68.32         0.43        -5.97         6.40
             4   1029        71.14         1.83        69.10         0.21        -5.85         6.05
             5   1541        71.14         1.84        69.10         0.21        -5.85         6.05
             6   1039        71.14         2.02        68.93         0.19        -5.90         6.09
             7   1805        71.14         2.02        68.93         0.19        -5.90         6.09
             8   1800        71.48         2.08        69.00         0.40        -6.75         7.15
             9   1021        71.48         2.08        69.00         0.40        -6.75         7.15
            10   1697        71.04         2.22        68.52         0.30        -5.88         6.18
            11    441        71.04         2.22        68.52         0.30        -5.88         6.18
            12    836        71.51         2.29        68.78         0.44        -6.61         7.05
            13   1586        71.51         2.29        68.78         0.44        -6.61         7.05
            14   1745        71.35         2.26        68.81         0.28        -5.92         6.20
            15   1808        71.35         2.26        68.81         0.28        -5.92         6.20
            16   1308        71.63         2.31        68.82         0.49        -6.57         7.06
            17   1033        71.63         2.31        68.82         0.49        -6.57         7.06
            18   1786        71.43         2.50        68.36         0.56        -6.59         7.15
            19    490        71.42         2.50        68.36         0.56        -6.59         7.15
            20    730        71.42         2.50        68.36         0.56        -6.59         7.15
            21   1118        71.43         2.50        68.36         0.56        -6.59         7.15
            22   1597        71.71         2.54        68.63         0.54        -6.65         7.18
            23   1769        71.72         2.54        68.64         0.54        -6.63         7.17
            24   1849        71.72         2.54        68.64         0.54        -6.63         7.17
            25   1336        71.71         2.54        68.63         0.54        -6.65         7.18
            26   1239        71.97         2.34        69.30         0.33        -6.49         6.81
            27   1619        71.83         2.34        69.16         0.33        -6.48         6.81
            28   1293        71.97         2.34        69.30         0.33        -6.49         6.81
            29   1234        71.73         2.51        68.93         0.30        -6.53         6.83
            30    437        71.83         2.34        69.16         0.33        -6.48         6.81
            31   1493        71.99         2.38        69.31         0.30        -6.51         6.81
            32   1491        71.73         2.51        68.93         0.30        -6.53         6.83
            33   1244        71.90         2.13        69.69         0.09        -6.77         6.86
            34   1295        72.04         2.48        69.41         0.14        -6.88         7.02
            35   1325        71.90         2.13        69.69         0.09        -6.77         6.86
            36    981        71.99         2.38        69.31         0.30        -6.51         6.81
            37   1882        71.90         2.41        69.13         0.36        -6.46         6.82
            38   1352        72.04         2.48        69.41         0.14        -6.88         7.03
            39   1036        71.81         2.57        68.88         0.36        -6.47         6.83
            40   1583        72.18         2.59        69.07         0.52        -7.38         7.90
            41   1632        71.81         2.57        68.88         0.36        -6.47         6.83
            42   1049        72.30         2.59        69.20         0.51        -7.41         7.92
            43   1554        71.90         2.41        69.13         0.36        -6.46         6.82
            44   1848        72.18         2.59        69.07         0.52        -7.38         7.90
            45    271        72.28         2.62        69.20         0.47        -7.47         7.93
            46   1563        72.30         2.59        69.20         0.51        -7.41         7.92
            47   1050        71.87         2.68        68.93         0.26        -6.83         7.09
            48    175        72.11         2.78        68.78         0.55        -7.24         7.79
            49   1839        71.87         2.68        68.93         0.26        -6.83         7.09
            50    548        72.24         2.66        69.02         0.56        -7.36         7.91
            51    460        72.35         2.74        69.27         0.34        -7.70         8.04
            52   1591        72.24         2.66        69.02         0.56        -7.36         7.91
            53   1022        72.11         2.78        68.78         0.55        -7.24         7.79
            54   1085        72.38         2.39        69.69         0.30        -7.60         7.90
            55    251        72.22         2.80        68.81         0.60        -7.20         7.80
            56    559        72.18         2.84        68.73         0.61        -7.18         7.80
            57    846        72.22         2.80        68.81         0.60        -7.20         7.80
            58   1551        72.18         2.84        68.73         0.61        -7.18         7.80
            59   1567        72.22         2.96        68.76         0.50        -7.59         8.09
            60   1001        72.26         2.96        68.78         0.51        -7.55         8.07
            61   1469        72.22         2.96        68.76         0.50        -7.59         8.09
            62    835        72.55         2.78        69.32         0.45        -7.54         7.99
            63    566        72.26         2.96        68.78         0.51        -7.55         8.07
            64   1820        72.30         2.87        68.76         0.66        -7.14         7.81
            65    546        72.30         2.87        68.76         0.66        -7.14         7.81
            66   1014        72.45         2.91        69.43         0.11        -7.77         7.88
            67    246        72.45         2.61        69.81         0.03        -7.73         7.76
            68   1598        72.39         2.83        69.22         0.34        -7.38         7.72
            69    411        72.45         2.61        69.81         0.03        -7.73         7.77
            70    382        72.45         2.91        69.43         0.11        -7.77         7.88
            71    735        72.39         2.83        69.22         0.34        -7.38         7.72
            72   1201        72.58         2.68        69.62         0.28        -7.33         7.61
            73    158        72.93         3.01        69.58         0.34        -8.61         8.94
            74   1467        72.76         3.17        69.30         0.29        -8.61         8.91
            75    139        72.58         2.68        69.62         0.28        -7.33         7.61
            76   1345        72.93         3.01        69.58         0.34        -8.61         8.94
            77    957        72.76         3.17        69.30         0.29        -8.62         8.91
            78    702        72.65         2.61        69.87         0.17        -7.46         7.63
            79   1781        72.71         2.79        69.68         0.24        -7.47         7.71
            80     68        72.65         2.61        69.87         0.17        -7.46         7.63
            81   1817        72.99         3.86        68.74         0.40        -6.84         7.24
            82   1235        72.71         2.79        69.68         0.24        -7.47         7.71
            83    516        72.99         3.86        68.74         0.40        -6.84         7.24
            84    189        72.74         3.08        69.13         0.53        -8.28         8.81
            85   1080        72.74         3.08        69.13         0.53        -8.28         8.81
            86   1332        72.94         2.86        69.81         0.26        -8.51         8.77
            87   1729        73.04         2.94        69.63         0.48        -8.18         8.66
            88    687        73.04         2.94        69.63         0.48        -8.18         8.66
            89    518        72.88         3.73        68.87         0.28        -6.95         7.22
            90   1334        72.88         3.73        68.87         0.28        -6.95         7.22
            91    157        73.12         2.87        69.89         0.37        -8.31         8.68
            92    496        72.96         3.20        69.35         0.41        -8.43         8.85
            93   1819        72.96         3.20        69.35         0.41        -8.43         8.85
            94    567        73.12         2.87        69.89         0.37        -8.31         8.68
            95   1351        73.88         4.36        69.05         0.48        -7.51         7.99
            96   1319        72.85         3.04        69.79         0.03        -8.58         8.60
            97   1508        72.85         3.04        69.79         0.03        -8.58         8.60
            98    393        73.34         3.29        69.80         0.25        -9.37         9.62
            99    752        73.67         4.36        68.78         0.52        -7.47         7.99
           100    526        73.34         3.29        69.80         0.25        -9.37         9.62
           101   1871        73.51         4.05        69.54        -0.07        -8.21         8.14
           102    563        73.66         4.22        69.07         0.38        -7.61         7.99
           103   1558        73.68         4.24        69.06         0.38        -7.63         8.01
           104    972        74.36         3.85        70.38         0.13        -7.96         8.08
           105    557        73.68         4.24        69.06         0.38        -7.63         8.01
           106   1847        74.36         3.85        70.38         0.13        -7.96         8.08
           107   1369        73.89         4.11        69.67         0.11        -7.00         7.11
           108    965        73.84         4.49        68.80         0.55        -7.48         8.03
           109   1611        73.76         4.42        68.89         0.45        -7.49         7.94
           110   1046        73.84         4.49        68.80         0.55        -7.48         8.03
           111   1368        73.89         4.11        69.67         0.11        -7.00         7.11
           112   1075        74.23         4.38        69.55         0.30        -7.81         8.11
           113   1052        73.98         3.35        70.65        -0.02        -6.98         6.96
           114   1479        74.31         4.51        69.36         0.43        -7.51         7.94
           115    555        74.31         4.51        69.36         0.43        -7.51         7.94
           116   1278        74.23         4.38        69.55         0.30        -7.81         8.11
           117    937        73.98         3.35        70.65        -0.02        -6.98         6.96
           118    479        74.18         4.52        69.76        -0.11        -9.14         9.03
           119    573        74.11         4.50        69.63        -0.03        -8.97         8.95
           120    852        74.11         4.50        69.63        -0.03        -8.97         8.95
           121   1311        74.54         4.77        69.42         0.34        -8.67         9.01
           122    565        74.34         4.64        69.39         0.31        -8.57         8.89
           123   1589        74.19         4.60        69.49         0.10        -8.80         8.91
           124   1290        74.47         4.43        69.61         0.43        -7.65         8.08
           125   1834        74.07         4.69        69.11         0.27        -6.81         7.08
           126   1370        74.47         4.43        69.61         0.43        -7.65         8.08
           127   1592        74.47         4.60        69.38         0.49        -7.47         7.96
           128   1852        74.13         4.71        69.14         0.28        -6.80         7.08
           129    248        74.07         4.69        69.11         0.27        -6.81         7.07
           130   1498        74.13         4.71        69.14         0.28        -6.80         7.08
           131   1361        74.34         4.64        69.39         0.31        -8.57         8.89
           132    979        74.58         4.29        70.23         0.06        -7.67         7.74
           133    986        74.58         4.29        70.23         0.06        -7.67         7.74
           134   1887        74.90         4.08        70.54         0.27        -8.42         8.69
           135   1364        74.40         4.96        68.94         0.49        -7.59         8.08
           136    278        74.90         4.08        70.54         0.27        -8.42         8.69
           137   1846        74.48         4.98        68.97         0.53        -7.55         8.08
           138    827        74.40         4.96        68.94         0.49        -7.59         8.08
           139    154        74.25         4.61        69.76        -0.12        -8.15         8.04
           140    851        74.25         4.61        69.76        -0.11        -8.15         8.04
           141   1343        74.48         4.98        68.97         0.53        -7.55         8.08
           142   1616        74.46         4.97        68.96         0.53        -7.53         8.05
           143   1258        74.46         4.98        68.96         0.52        -7.57         8.09
           144    768        74.46         4.98        68.96         0.52        -7.57         8.09
           145   1600        74.47         3.79        70.59         0.09        -7.60         7.70
           146   1100        74.47         3.79        70.59         0.09        -7.60         7.70
           147   1079        75.03         4.54        70.17         0.32        -8.48         8.81
           148    839        74.63         4.88        69.65         0.10        -8.91         9.01
           149    543        74.53         4.95        69.62        -0.03        -9.81         9.78
           150    527        75.03         4.54        70.17         0.32        -8.49         8.81
           151   1584        74.63         4.88        69.65         0.10        -8.91         9.01
           152    536        74.52         4.84        69.33         0.34        -7.37         7.71
           153   1865        74.61         4.82        69.47         0.32        -7.37         7.69
           154    711        74.52         4.84        69.33         0.34        -7.37         7.71
           155   1316        75.18         4.30        70.50         0.37        -8.22         8.59
           156    236        74.61         4.82        69.47         0.32        -7.37         7.69
           157   1327        74.71         4.00        70.54         0.18        -7.48         7.65
           158    680        74.59         4.89        69.33         0.38        -7.33         7.71
           159    107        74.59         4.89        69.33         0.38        -7.33         7.71
          ------------------------------------------------------------------------------------------

          -------------------------------
          Bonded Energy Terms: Valence
          -------------------------------

          ------------------------------------------------------------------------------------------
          Rank    ID     Valence       Bond        Angle         Pdih         Idih       Tether
          ------------------------------------------------------------------------------------------
             1   1417         1.71         0.13         0.35         1.24         0.00         0.00
             2   1434         1.99         0.16         0.47         1.36         0.00         0.00
             3     37         1.99         0.16         0.47         1.36         0.00         0.00
             4   1029         1.83         0.14         0.41         1.28         0.00         0.00
             5   1541         1.84         0.14         0.41         1.28         0.00         0.00
             6   1039         2.02         0.15         0.48         1.39         0.00         0.00
             7   1805         2.02         0.15         0.48         1.39         0.00         0.00
             8   1800         2.08         0.18         0.58         1.32         0.00         0.00
             9   1021         2.08         0.18         0.58         1.32         0.00         0.00
            10   1697         2.22         0.16         0.60         1.47         0.00         0.00
            11    441         2.22         0.16         0.60         1.47         0.00         0.00
            12    836         2.29         0.18         0.59         1.52         0.00         0.00
            13   1586         2.29         0.18         0.59         1.52         0.00         0.00
            14   1745         2.26         0.16         0.62         1.48         0.00         0.00
            15   1808         2.26         0.16         0.62         1.47         0.00         0.00
            16   1308         2.31         0.19         0.61         1.52         0.00         0.00
            17   1033         2.31         0.19         0.61         1.52         0.00         0.00
            18   1786         2.50         0.20         0.72         1.59         0.00         0.00
            19    490         2.50         0.20         0.72         1.59         0.00         0.00
            20    730         2.50         0.20         0.72         1.59         0.00         0.00
            21   1118         2.50         0.20         0.72         1.59         0.00         0.00
            22   1597         2.54         0.20         0.74         1.60         0.00         0.00
            23   1769         2.54         0.20         0.75         1.59         0.00         0.00
            24   1849         2.54         0.20         0.75         1.59         0.00         0.00
            25   1336         2.54         0.20         0.74         1.60         0.00         0.00
            26   1239         2.34         0.18         0.65         1.51         0.00         0.00
            27   1619         2.34         0.18         0.66         1.51         0.00         0.00
            28   1293         2.34         0.18         0.65         1.51         0.00         0.00
            29   1234         2.51         0.18         0.69         1.63         0.00         0.00
            30    437         2.34         0.18         0.66         1.51         0.00         0.00
            31   1493         2.38         0.18         0.66         1.53         0.00         0.00
            32   1491         2.51         0.18         0.69         1.63         0.00         0.00
            33   1244         2.13         0.17         0.62         1.34         0.00         0.00
            34   1295         2.48         0.19         0.85         1.43         0.00         0.00
            35   1325         2.13         0.17         0.62         1.34         0.00         0.00
            36    981         2.38         0.18         0.66         1.53         0.00         0.00
            37   1882         2.41         0.19         0.71         1.51         0.00         0.00
            38   1352         2.48         0.19         0.85         1.43         0.00         0.00
            39   1036         2.57         0.19         0.75         1.63         0.00         0.00
            40   1583         2.59         0.22         0.82         1.56         0.00         0.00
            41   1632         2.57         0.19         0.75         1.63         0.00         0.00
            42   1049         2.59         0.22         0.82         1.55         0.00         0.00
            43   1554         2.41         0.19         0.71         1.51         0.00         0.00
            44   1848         2.59         0.22         0.82         1.56         0.00         0.00
            45    271         2.62         0.22         0.81         1.58         0.00         0.00
            46   1563         2.59         0.22         0.82         1.55         0.00         0.00
            47   1050         2.68         0.21         1.00         1.47         0.00         0.00
            48    175         2.78         0.22         0.80         1.76         0.00         0.00
            49   1839         2.68         0.21         1.00         1.47         0.00         0.00
            50    548         2.66         0.23         0.88         1.55         0.00         0.00
            51    460         2.74         0.23         0.95         1.56         0.00         0.00
            52   1591         2.66         0.23         0.88         1.55         0.00         0.00
            53   1022         2.78         0.22         0.80         1.76         0.00         0.00
            54   1085         2.39         0.21         0.75         1.42         0.00         0.00
            55    251         2.80         0.22         0.82         1.76         0.00         0.00
            56    559         2.84         0.23         0.86         1.75         0.00         0.00
            57    846         2.80         0.22         0.82         1.76         0.00         0.00
            58   1551         2.84         0.23         0.86         1.76         0.00         0.00
            59   1567         2.96         0.24         1.12         1.59         0.00         0.00
            60   1001         2.96         0.24         1.12         1.59         0.00         0.00
            61   1469         2.96         0.24         1.12         1.59         0.00         0.00
            62    835         2.78         0.23         0.99         1.55         0.00         0.00
            63    566         2.96         0.24         1.12         1.59         0.00         0.00
            64   1820         2.87         0.23         0.88         1.76         0.00         0.00
            65    546         2.87         0.23         0.88         1.76         0.00         0.00
            66   1014         2.91         0.23         1.17         1.51         0.00         0.00
            67    246         2.61         0.21         0.95         1.44         0.00         0.00
            68   1598         2.83         0.23         1.10         1.50         0.00         0.00
            69    411         2.61         0.21         0.95         1.44         0.00         0.00
            70    382         2.91         0.23         1.17         1.51         0.00         0.00
            71    735         2.83         0.23         1.10         1.50         0.00         0.00
            72   1201         2.68         0.21         0.91         1.55         0.00         0.00
            73    158         3.01         0.27         1.18         1.56         0.00         0.00
            74   1467         3.17         0.27         1.27         1.63         0.00         0.00
            75    139         2.68         0.21         0.91         1.55         0.00         0.00
            76   1345         3.01         0.27         1.18         1.56         0.00         0.00
            77    957         3.17         0.27         1.27         1.63         0.00         0.00
            78    702         2.61         0.20         0.83         1.58         0.00         0.00
            79   1781         2.79         0.22         1.03         1.54         0.00         0.00
            80     68         2.61         0.20         0.83         1.58         0.00         0.00
            81   1817         3.86         0.20         0.97         2.69         0.00         0.00
            82   1235         2.79         0.22         1.03         1.54         0.00         0.00
            83    516         3.86         0.20         0.97         2.69         0.00         0.00
            84    189         3.08         0.27         1.28         1.53         0.00         0.00
            85   1080         3.08         0.27         1.28         1.53         0.00         0.00
            86   1332         2.86         0.25         1.08         1.53         0.00         0.00
            87   1729         2.94         0.25         1.04         1.65         0.00         0.00
            88    687         2.94         0.25         1.04         1.65         0.00         0.00
            89    518         3.73         0.19         0.83         2.71         0.00         0.00
            90   1334         3.73         0.19         0.83         2.71         0.00         0.00
            91    157         2.87         0.25         0.96         1.66         0.00         0.00
            92    496         3.20         0.27         1.31         1.63         0.00         0.00
            93   1819         3.20         0.27         1.31         1.63         0.00         0.00
            94    567         2.87         0.25         0.96         1.66         0.00         0.00
            95   1351         4.36         0.24         1.27         2.85         0.00         0.00
            96   1319         3.04         0.25         1.27         1.51         0.00         0.00
            97   1508         3.04         0.25         1.27         1.51         0.00         0.00
            98    393         3.29         0.29         1.40         1.60         0.00         0.00
            99    752         4.36         0.23         1.23         2.91         0.00         0.00
           100    526         3.29         0.29         1.40         1.60         0.00         0.00
           101   1871         4.05         0.21         1.19         2.65         0.00         0.00
           102    563         4.22         0.23         1.07         2.93         0.00         0.00
           103   1558         4.24         0.22         1.07         2.94         0.00         0.00
           104    972         3.85         0.23         1.28         2.34         0.00         0.00
           105    557         4.24         0.22         1.07         2.94         0.00         0.00
           106   1847         3.85         0.23         1.28         2.34         0.00         0.00
           107   1369         4.11         0.20         1.12         2.79         0.00         0.00
           108    965         4.49         0.24         1.17         3.08         0.00         0.00
           109   1611         4.42         0.23         1.15         3.05         0.00         0.00
           110   1046         4.49         0.24         1.17         3.08         0.00         0.00
           111   1368         4.11         0.20         1.12         2.79         0.00         0.00
           112   1075         4.38         0.23         1.22         2.92         0.00         0.00
           113   1052         3.35         0.18         0.94         2.24         0.00         0.00
           114   1479         4.51         0.24         1.21         3.07         0.00         0.00
           115    555         4.51         0.24         1.21         3.07         0.00         0.00
           116   1278         4.38         0.23         1.22         2.92         0.00         0.00
           117    937         3.35         0.18         0.94         2.23         0.00         0.00
           118    479         4.52         0.25         1.40         2.87         0.00         0.00
           119    573         4.50         0.26         1.56         2.68         0.00         0.00
           120    852         4.50         0.26         1.56         2.68         0.00         0.00
           121   1311         4.77         0.28         1.58         2.91         0.00         0.00
           122    565         4.64         0.27         1.43         2.95         0.00         0.00
           123   1589         4.60         0.26         1.46         2.88         0.00         0.00
           124   1290         4.43         0.24         1.21         2.98         0.00         0.00
           125   1834         4.69         0.21         1.13         3.35         0.00         0.00
           126   1370         4.43         0.24         1.21         2.98         0.00         0.00
           127   1592         4.60         0.24         1.20         3.16         0.00         0.00
           128   1852         4.71         0.21         1.17         3.33         0.00         0.00
           129    248         4.69         0.21         1.13         3.34         0.00         0.00
           130   1498         4.71         0.21         1.17         3.33         0.00         0.00
           131   1361         4.64         0.27         1.43         2.95         0.00         0.00
           132    979         4.29         0.23         1.38         2.69         0.00         0.00
           133    986         4.29         0.23         1.38         2.69         0.00         0.00
           134   1887         4.08         0.26         1.37         2.46         0.00         0.00
           135   1364         4.96         0.25         1.24         3.47         0.00         0.00
           136    278         4.08         0.26         1.37         2.46         0.00         0.00
           137   1846         4.98         0.25         1.29         3.44         0.00         0.00
           138    827         4.96         0.25         1.24         3.47         0.00         0.00
           139    154         4.61         0.24         1.67         2.70         0.00         0.00
           140    851         4.61         0.24         1.67         2.70         0.00         0.00
           141   1343         4.98         0.25         1.29         3.44         0.00         0.00
           142   1616         4.97         0.25         1.26         3.46         0.00         0.00
           143   1258         4.98         0.25         1.29         3.45         0.00         0.00
           144    768         4.98         0.25         1.29         3.45         0.00         0.00
           145   1600         3.79         0.21         1.12         2.46         0.00         0.00
           146   1100         3.79         0.21         1.12         2.46         0.00         0.00
           147   1079         4.54         0.27         1.46         2.81         0.00         0.00
           148    839         4.88         0.27         1.76         2.85         0.00         0.00
           149    543         4.95         0.30         1.88         2.77         0.00         0.00
           150    527         4.54         0.27         1.46         2.81         0.00         0.00
           151   1584         4.88         0.27         1.76         2.85         0.00         0.00
           152    536         4.84         0.23         1.15         3.46         0.00         0.00
           153   1865         4.82         0.23         1.21         3.39         0.00         0.00
           154    711         4.84         0.23         1.15         3.46         0.00         0.00
           155   1316         4.30         0.27         1.49         2.55         0.00         0.00
           156    236         4.82         0.23         1.21         3.39         0.00         0.00
           157   1327         4.00         0.22         1.25         2.53         0.00         0.00
           158    680         4.89         0.23         1.25         3.40         0.00         0.00
           159    107         4.89         0.23         1.25         3.40         0.00         0.00
          ------------------------------------------------------------------------------------------

          Calculating single reference conformer RMSDs ...

          ---------------------------------
          Conformer RMSDs are in Angstroms.
          ---------------------------------

          ------------------------------------------------------------------------------------------
                              RMSD wrt Input Crd                    RMSD wrt Rank 1
                         ---------------------------------------------------------------------------
          Rank    ID        Complex    Receptor  Ligand          Complex    Receptor  Ligand
          ------------------------------------------------------------------------------------------
             1   1417                             0.020                               0.000
             2   1434                             1.721                               1.721
             3     37                             0.794                               0.775
             4   1029                             0.657                               0.681
             5   1541                             0.656                               0.682
             6   1039                             1.952                               2.035
             7   1805                             1.387                               1.566
             8   1800                             1.378                               1.373
             9   1021                             1.156                               1.147
            10   1697                             0.674                               0.692
            11    441                             0.674                               0.692
            12    836                             1.224                               1.224
            13   1586                             1.858                               1.875
            14   1745                             1.431                               1.427
            15   1808                             1.000                               0.998
            16   1308                             0.715                               0.711
            17   1033                             0.938                               0.935
            18   1786                             1.099                               1.105
            19    490                             0.912                               1.080
            20    730                             1.537                               1.002
            21   1118                             1.207                               1.211
            22   1597                             1.630                               1.649
            23   1769                             1.349                               1.349
            24   1849                             0.993                               0.981
            25   1336                             1.787                               1.828
            26   1239                             1.799                               1.820
            27   1619                             0.952                               0.964
            28   1293                             1.860                               1.521
            29   1234                             1.228                               1.235
            30    437                             0.952                               0.964
            31   1493                             1.027                               1.877
            32   1491                             1.049                               1.064
            33   1244                             1.792                               1.984
            34   1295                             1.683                               1.584
            35   1325                             1.819                               1.712
            36    981                             1.447                               1.668
            37   1882                             1.260                               1.261
            38   1352                             1.745                               2.375
            39   1036                             0.691                               0.705
            40   1583                             1.514                               1.519
            41   1632                             0.691                               0.924
            42   1049                             1.622                               1.875
            43   1554                             1.325                               1.328
            44   1848                             1.330                               1.332
            45    271                             1.767                               1.781
            46   1563                             1.578                               1.689
            47   1050                             1.319                               1.323
            48    175                             1.435                               1.581
            49   1839                             1.259                               1.267
            50    548                             0.958                               0.948
            51    460                             2.295                               2.324
            52   1591                             0.959                               0.948
            53   1022                             1.357                               1.507
            54   1085                             1.304                               1.310
            55    251                             0.920                               0.930
            56    559                             1.082                               1.391
            57    846                             1.141                               1.146
            58   1551                             1.534                               1.470
            59   1567                             1.987                               1.992
            60   1001                             1.769                               1.802
            61   1469                             2.052                               1.950
            62    835                             1.229                               1.224
            63    566                             1.796                               1.799
            64   1820                             0.932                               0.939
            65    546                             1.067                               1.072
            66   1014                             1.728                               1.743
            67    246                             2.123                               2.017
            68   1598                             1.214                               1.216
            69    411                             2.186                               2.095
            70    382                             1.833                               1.854
            71    735                             1.423                               1.436
            72   1201                             1.242                               1.255
            73    158                             2.087                               2.115
            74   1467                             2.208                               2.125
            75    139                             1.129                               1.147
            76   1345                             1.955                               1.983
            77    957                             2.139                               2.154
            78    702                             1.995                               2.129
            79   1781                             1.614                               1.785
            80     68                             2.097                               2.063
            81   1817                             1.069                               1.077
            82   1235                             1.703                               1.909
            83    516                             0.951                               0.966
            84    189                             1.586                               1.592
            85   1080                             1.492                               1.493
            86   1332                             1.832                               1.839
            87   1729                             1.402                               1.409
            88    687                             1.641                               1.652
            89    518                             0.968                               0.982
            90   1334                             0.967                               0.982
            91    157                             1.784                               1.745
            92    496                             1.555                               1.472
            93   1819                             2.030                               2.038
            94    567                             1.667                               1.702
            95   1351                             1.630                               1.626
            96   1319                             1.882                               1.889
            97   1508                             1.749                               1.759
            98    393                             1.879                               1.989
            99    752                             1.336                               1.346
           100    526                             2.037                               2.036
           101   1871                             2.177                               2.193
           102    563                             1.567                               1.733
           103   1558                             2.000                               2.013
           104    972                             2.134                               2.139
           105    557                             1.814                               1.951
           106   1847                             2.161                               2.165
           107   1369                             2.004                               2.039
           108    965                             1.647                               1.657
           109   1611                             1.550                               1.559
           110   1046                             1.714                               1.712
           111   1368                             1.839                               1.860
           112   1075                             2.284                               2.171
           113   1052                             1.960                               2.121
           114   1479                             2.574                               2.071
           115    555                             1.798                               2.032
           116   1278                             2.421                               2.075
           117    937                             2.109                               1.957
           118    479                             2.190                               2.210
           119    573                             2.530                               2.299
           120    852                             2.463                               2.254
           121   1311                             1.799                               1.879
           122    565                             1.811                               1.924
           123   1589                             1.869                               1.876
           124   1290                             1.791                               1.795
           125   1834                             1.180                               1.181
           126   1370                             1.593                               1.608
           127   1592                             1.528                               1.610
           128   1852                             1.057                               1.051
           129    248                             1.295                               1.295
           130   1498                             1.156                               1.051
           131   1361                             1.845                               2.043
           132    979                             2.317                               2.323
           133    986                             2.274                               2.282
           134   1887                             1.971                               2.038
           135   1364                             1.850                               1.789
           136    278                             1.801                               1.794
           137   1846                             1.665                               1.667
           138    827                             1.874                               1.877
           139    154                             2.108                               2.121
           140    851                             1.914                               1.926
           141   1343                             1.682                               1.686
           142   1616                             1.798                               1.681
           143   1258                             2.113                               2.119
           144    768                             2.027                               2.035
           145   1600                             1.827                               1.936
           146   1100                             1.770                               2.069
           147   1079                             1.818                               1.710
           148    839                             2.293                               2.118
           149    543                             2.322                               2.331
           150    527                             1.741                               1.852
           151   1584                             2.443                               2.429
           152    536                             1.683                               1.692
           153   1865                             1.442                               1.441
           154    711                             1.353                               1.361
           155   1316                             2.025                               2.039
           156    236                             1.415                               1.418
           157   1327                             1.846                               1.866
           158    680                             1.312                               1.319
           159    107                             1.855                               1.861
          ------------------------------------------------------------------------------------------

          --------------------------------
          Final Boltzmann Averaged Data.
          --------------------------------

          -------------------------------------------------------------------
          Results of Boltzmann Averaging Over All  224 Conformers (kcal/mol).
          -------------------------------------------------------------------

          Free Energy                        G              73.8661892684
          Average Potential Energy         < E >            44.0050911182
          Entropy                           -TS             29.8610981502
          -------------------------------------------------------------------

          Average Potential Energy < E > Components.

          < U >                    71.6379257318
          < W(PBSA) >             -49.0945819904
          < H.O. P.E. >            21.4618296448

          Average Solvation Energy < W(PBSA) > Components.

          < PB >                  -51.3925890405
          < SA >                    2.2980070502

          Average Gas Phase Internal Potential Energy < U > Components.

          < Valence >               2.3833039877
          < Coulomb >              68.8964935768
          < VdW >                   0.3581281673

          Average Van der Waals Energy < VdW > Components.

          < VdW6  >                -6.5665322517
          < VdW12 >                 6.9246604190

          Average Bonded Energy < Valence > Components.

          < Bond >                  0.1852617872
          < Angle >                 0.6833006411
          < Pdihed >                1.5147415594
          < Idihed >                0.0000000000
          < Tether >                0.0000000000

          -------------------------------------------------------------------
                        End of VM2 Calculation Results Summary.
          -------------------------------------------------------------------


     Total cpu time for run         48.41 seconds.
                                     0.81 minutes.

     Total wall time for run        48.74 seconds.
                                     0.81 minutes.

     TIME STAMP: VCPack job finished normally : Sunday, August 07, 2022 at 12:02:41
