
     --------------------------------------------------------------------------------
                        Running Program VCPack. Version 2.8

                           VeraChem LLC, PO Box 2206
                           Germantown, MD 20875, U.S.A.

                                Tel. 240-686-0565
                                www.verachem.com
     --------------------------------------------------------------------------------


     Input file          :   guest-s13_vm2.inp

     Output file         :   guest-s13_vm2.out

     Summary output file :   guest-s13_vm2.summary.out

     Executable : /data/comblab/vcCompChem_3b/exe/VC_CompChemPackage_mpi.exe

     Build date : Aug 13 2021  17:26:14

     This is a multiple processor run.

     MPI processes              :   16
     OpenMP threads per process :    0
     CUDA enabled               :  no

     TIME STAMP: VCPack job started : Saturday, August 06, 2022 at 17:10:31

     --------------------------------------------------------------------------------
                            Basic Calculation Control.
     --------------------------------------------------------------------------------

     Molecular system type                :  ligand          

     Calculation type                     :  vm2             

     Energy potential                     :  mm              

     Post-processing type                 :  none            

     Post-processing energy potential     :  none            

     Time limit in wall clock hours       :  96.00

     Read in starting conformers          :  no
     Type of conformers to read in        :  none
     Conformer source files(s)            :  none

     Use input .crd for complex build     :  no
     Place ligand confs. at input .crd    :  no
     Use input .crd as start conformer    :  yes

     Formatted output files               :  xyz     
                                          :  pdb     
                                          :  mol2    
                                          :  sdf     
                                          :  xyz     
                                          :  gms     
                                          :  csv     

     Split formatted output files         :  crd     

     Limit conformers in formatted files  :  bycount
     Maximum conformer count              :  1000

     Atoms to include in formatted files  :  all     

     Binary file restart type             :  none


     --------------------------------------------------------------------------------
                            Math Related Control and Set Up.
     --------------------------------------------------------------------------------

     Random number generator seeds :  bywallclock

     Seed 1 :           7428301
     Seed 2 :            611713
     Seed 3 :               758
     Seed 4 :             27963


     --------------------------------------------------------------------------------
                            Basic Molecular System Set Up.
     --------------------------------------------------------------------------------

     ------------------
     Ligand Data Files.
     ------------------

     Standard crd coordinate file            :  guest-s13.crd
     VeraChem topology file                  :  guest-s13.top
     Standard mol/sdf file                   :  guest-s13.mol

     Total number of ligand atoms            :        26

     Included in this calculation.
     Number of real and live ligand atoms    :        26
     Number of real but fixed ligand atoms   :         0

     Ligand placement method                 :  none

     Snap ligand to template atoms           :      no

     -------------------------------
     Final Real/Live Set Atom Count.
     -------------------------------

     Total number of real atoms              :        26
     Total number of live atoms              :        26


     --------------------------------------------------------------------------------
                            Generate Initial Molecular Conformation.
     --------------------------------------------------------------------------------

     Mandatory input crd file(s) used for generation of a single starting conformer.


     --------------------------------------------------------------------------------
                             Energy Potential Settings.
     --------------------------------------------------------------------------------


     Molecular Mechanics package          :  vchem           

     Quantum Mechanics package            :  none            


     --------------------------------------------------------------------------------
                    Running VM2 Mining Minima Module. Version 2.8
     --------------------------------------------------------------------------------

     Iteration    Free Energy G             G Diff            # Conformers     # Diff
        1            23.149645              23.149645              31              31
        2            22.737990              -0.411655              73              42
        3            22.736639              -0.001351              75               2
        4            22.686317              -0.050322              84               9
        5            22.686232              -0.000085              84               0
        6            22.666437              -0.019794              92               8
        7            22.654950              -0.011487              93               1
        8            22.654883              -0.000067              95               2

     VM2 Free Energy converged after    8 iterations.

     Final VM2 Free Energy is      22.654883 Kcal/mol.

          --------------------------------
          Final Individual Conformer Data.
          --------------------------------

          List data for conformers with probability of at least :  0.01 %
          Rankings are with respect to : Free Energy (G)

          ------------------------
          Free Energy: G = E - TS
          ------------------------

          ------------------------------------------------------------------------------------------
          Rank    ID     ln(Zx)    Prob(%)  Sum Prob(%)  Del G        G            E            -TS
          ------------------------------------------------------------------------------------------
             1    300    -81.21208   17.04    17.04      0.00        23.71        -8.84        32.55
             2     54    -82.00660    7.70    24.74      0.47        24.18        -8.38        32.57
             3    394    -82.07306    7.20    31.94      0.51        24.22        -8.47        32.70
             4   1098    -82.20878    6.29    38.23      0.59        24.30        -8.36        32.66
             5    512    -82.24839    6.04    44.28      0.62        24.33        -8.33        32.66
             6    976    -82.38065    5.30    49.57      0.70        24.41        -8.26        32.67
             7    470    -82.38302    5.28    54.85      0.70        24.41        -8.34        32.75
             8    610    -82.56812    4.39    59.25      0.81        24.52        -8.10        32.62
             9    232    -82.73434    3.72    62.96      0.91        24.62        -8.22        32.84
            10    764    -82.95793    2.97    65.94      1.04        24.75        -7.93        32.68
            11    545    -83.12439    2.52    68.45      1.14        24.85        -7.82        32.67
            12    864    -83.16911    2.41    70.86      1.17        24.88        -7.93        32.81
            13    173    -83.17596    2.39    73.25      1.17        24.88        -7.93        32.81
            14    229    -83.19311    2.35    75.60      1.18        24.89        -7.81        32.70
            15    848    -83.23078    2.26    77.87      1.20        24.91        -7.68        32.59
            16    163    -83.38450    1.94    79.81      1.30        25.00        -7.80        32.81
            17    879    -83.40275    1.91    81.71      1.31        25.02        -7.96        32.97
            18    441    -83.42243    1.87    83.58      1.32        25.03        -7.99        33.02
            19    197    -83.42629    1.86    85.44      1.32        25.03        -7.73        32.76
            20    198    -83.56190    1.63    87.07      1.40        25.11        -7.88        33.00
            21    763    -83.57680    1.60    88.67      1.41        25.12        -7.85        32.97
            22    239    -83.58510    1.59    90.26      1.41        25.12        -7.71        32.83
            23    531    -83.66975    1.46    91.72      1.47        25.18        -7.70        32.87
            24    208    -83.87190    1.19    92.91      1.59        25.30        -7.73        33.02
            25      5    -83.91300    1.14    94.05      1.61        25.32        -7.60        32.92
            26   1079    -83.98889    1.06    95.11      1.66        25.37        -7.77        33.14
            27    546    -84.22055    0.84    95.95      1.79        25.50        -7.65        33.15
            28    264    -84.31243    0.77    96.72      1.85        25.56        -7.39        32.95
            29    154    -84.37338    0.72    97.44      1.88        25.59        -7.75        33.34
            30    443    -84.75286    0.49    97.94      2.11        25.82        -7.29        33.11
            31    141    -84.96341    0.40    98.34      2.24        25.95        -7.50        33.45
            32   1097    -85.73379    0.19    98.52      2.70        26.41        -5.96        32.36
            33    243    -86.19225    0.12    98.64      2.97        26.68        -5.41        32.09
            34    997    -86.25044    0.11    98.75      3.00        26.71        -5.84        32.56
            35   1024    -86.66620    0.07    98.82      3.25        26.96        -5.91        32.87
            36    207    -86.75122    0.07    98.89      3.30        27.01        -6.12        33.13
            37    172    -86.78919    0.06    98.95      3.32        27.03        -5.81        32.84
            38    808    -86.81378    0.06    99.02      3.34        27.05        -5.86        32.91
            39    241    -86.82780    0.06    99.08      3.35        27.06        -5.84        32.90
            40    411    -86.89303    0.06    99.14      3.39        27.10        -5.84        32.93
            41    595    -87.03543    0.05    99.19      3.47        27.18        -5.70        32.89
            42    790    -87.04304    0.05    99.24      3.48        27.19        -6.00        33.19
            43    836    -87.12101    0.05    99.28      3.52        27.23        -5.56        32.79
            44    822    -87.13114    0.05    99.33      3.53        27.24        -5.65        32.89
            45    996    -87.24154    0.04    99.37      3.59        27.30        -5.21        32.52
            46    507    -87.37189    0.04    99.41      3.67        27.38        -5.49        32.87
            47    946    -87.38467    0.04    99.44      3.68        27.39        -5.26        32.65
            48   1006    -87.52977    0.03    99.47      3.77        27.48        -5.79        33.27
            49    102    -87.55768    0.03    99.50      3.78        27.49        -5.51        33.00
            50    445    -87.56165    0.03    99.53      3.79        27.50        -5.43        32.93
            51    675    -87.57102    0.03    99.56      3.79        27.50        -5.08        32.58
            52    190    -87.57130    0.03    99.59      3.79        27.50        -5.33        32.83
            53    731    -87.62472    0.03    99.62      3.82        27.53        -5.39        32.92
            54    203    -87.64314    0.03    99.65      3.83        27.54        -5.44        32.98
            55   1023    -87.71846    0.03    99.67      3.88        27.59        -5.46        33.05
            56    157    -87.72311    0.03    99.70      3.88        27.59        -5.38        32.97
            57    746    -87.82181    0.02    99.72      3.94        27.65        -5.74        33.39
            58    517    -87.84595    0.02    99.74      3.95        27.66        -5.39        33.06
            59    548    -87.87624    0.02    99.77      3.97        27.68        -5.49        33.18
            60    991    -87.93006    0.02    99.79      4.01        27.71        -5.27        32.98
            61    101    -87.93703    0.02    99.81      4.01        27.72        -5.02        32.74
            62    849    -87.95870    0.02    99.83      4.02        27.73        -5.12        32.85
            63   1084    -88.00407    0.02    99.85      4.05        27.76        -5.29        33.05
            64    429    -88.00940    0.02    99.86      4.05        27.76        -5.29        33.05
            65    567    -88.02677    0.02    99.88      4.06        27.77        -5.25        33.02
            66    532    -88.17701    0.02    99.90      4.15        27.86        -5.04        32.90
            67    175    -88.19070    0.02    99.92      4.16        27.87        -5.30        33.17
            68    460    -88.35976    0.01    99.93      4.26        27.97        -5.12        33.09
          ------------------------------------------------------------------------------------------

          --------------------------------------------------------
          Potential Energy: E = (U+W) + H.O. Equipartion energy
          --------------------------------------------------------

          ------------------------------------------------------------------------------------------
          Rank    ID         E          U+W            U        W(PBSA)          PB           SA
          ------------------------------------------------------------------------------------------
             1    300        -8.84       -30.30        23.52       -53.82       -56.16         2.35
             2     54        -8.38       -29.85        23.82       -53.66       -56.02         2.36
             3    394        -8.47       -29.94        24.06       -54.00       -56.33         2.33
             4   1098        -8.36       -29.82        24.15       -53.97       -56.28         2.31
             5    512        -8.33       -29.79        24.26       -54.05       -56.36         2.30
             6    976        -8.26       -29.72        24.28       -54.00       -56.31         2.31
             7    470        -8.34       -29.80        24.15       -53.95       -56.26         2.31
             8    610        -8.10       -29.57        24.28       -53.85       -56.21         2.36
             9    232        -8.22       -29.69        24.34       -54.02       -56.34         2.31
            10    764        -7.93       -29.39        24.44       -53.83       -56.13         2.29
            11    545        -7.82       -29.29        24.45       -53.74       -56.07         2.33
            12    864        -7.93       -29.39        24.79       -54.18       -56.46         2.28
            13    173        -7.93       -29.39        24.69       -54.08       -56.37         2.29
            14    229        -7.81       -29.27        24.61       -53.89       -56.19         2.31
            15    848        -7.68       -29.14        24.91       -54.05       -56.34         2.29
            16    163        -7.80       -29.27        24.73       -53.99       -56.30         2.31
            17    879        -7.96       -29.42        24.69       -54.11       -56.40         2.29
            18    441        -7.99       -29.45        24.58       -54.04       -56.33         2.29
            19    197        -7.73       -29.19        24.99       -54.18       -56.46         2.28
            20    198        -7.88       -29.35        24.85       -54.20       -56.47         2.27
            21    763        -7.85       -29.31        24.86       -54.17       -56.44         2.27
            22    239        -7.71       -29.17        24.83       -54.00       -56.29         2.29
            23    531        -7.70       -29.16        24.81       -53.97       -56.25         2.28
            24    208        -7.73       -29.19        25.01       -54.20       -56.47         2.26
            25      5        -7.60       -29.07        25.02       -54.09       -56.38         2.30
            26   1079        -7.77       -29.24        25.09       -54.33       -56.62         2.30
            27    546        -7.65       -29.11        25.10       -54.21       -56.44         2.23
            28    264        -7.39       -28.85        25.37       -54.22       -56.49         2.27
            29    154        -7.75       -29.21        24.97       -54.18       -56.45         2.27
            30    443        -7.29       -28.75        25.59       -54.34       -56.60         2.26
            31    141        -7.50       -28.97        25.51       -54.47       -56.69         2.22
            32   1097        -5.96       -27.42        26.49       -53.91       -56.22         2.31
            33    243        -5.41       -26.87        27.05       -53.92       -56.22         2.29
            34    997        -5.84       -27.30        26.57       -53.88       -56.19         2.32
            35   1024        -5.91       -27.37        26.75       -54.13       -56.39         2.27
            36    207        -6.12       -27.58        26.68       -54.27       -56.53         2.27
            37    172        -5.81       -27.27        26.59       -53.86       -56.17         2.31
            38    808        -5.86       -27.32        26.85       -54.17       -56.43         2.26
            39    241        -5.84       -27.30        26.80       -54.10       -56.40         2.30
            40    411        -5.84       -27.30        26.79       -54.09       -56.35         2.26
            41    595        -5.70       -27.17        27.05       -54.21       -56.48         2.27
            42    790        -6.00       -27.46        26.92       -54.38       -56.64         2.25
            43    836        -5.56       -27.02        27.38       -54.40       -56.65         2.26
            44    822        -5.65       -27.11        26.88       -53.99       -56.26         2.27
            45    996        -5.21       -26.67        27.54       -54.22       -56.45         2.23
            46    507        -5.49       -26.95        27.26       -54.21       -56.47         2.26
            47    946        -5.26       -26.72        27.19       -53.92       -56.21         2.30
            48   1006        -5.79       -27.25        27.15       -54.40       -56.62         2.23
            49    102        -5.51       -26.97        27.04       -54.02       -56.29         2.27
            50    445        -5.43       -26.89        27.27       -54.16       -56.43         2.27
            51    675        -5.08       -26.54        27.40       -53.94       -56.25         2.30
            52    190        -5.33       -26.79        27.32       -54.11       -56.37         2.26
            53    731        -5.39       -26.85        27.19       -54.05       -56.29         2.24
            54    203        -5.44       -26.90        27.55       -54.45       -56.69         2.24
            55   1023        -5.46       -26.92        27.28       -54.20       -56.42         2.22
            56    157        -5.38       -26.84        27.46       -54.30       -56.57         2.27
            57    746        -5.74       -27.20        27.00       -54.20       -56.40         2.20
            58    517        -5.39       -26.86        27.31       -54.17       -56.41         2.24
            59    548        -5.49       -26.95        27.33       -54.28       -56.51         2.22
            60    991        -5.27       -26.73        27.22       -53.95       -56.21         2.26
            61    101        -5.02       -26.48        27.50       -53.98       -56.27         2.29
            62    849        -5.12       -26.58        27.65       -54.23       -56.52         2.29
            63   1084        -5.29       -26.75        27.38       -54.13       -56.40         2.27
            64    429        -5.29       -26.75        27.51       -54.26       -56.50         2.23
            65    567        -5.25       -26.71        27.57       -54.28       -56.54         2.25
            66    532        -5.04       -26.50        27.60       -54.10       -56.40         2.29
            67    175        -5.30       -26.76        27.48       -54.24       -56.49         2.25
            68    460        -5.12       -26.58        27.75       -54.33       -56.57         2.24
          ------------------------------------------------------------------------------------------

          ----------------------------------------
          Gas Phase Internal Potential Energy: U
          ----------------------------------------

          ------------------------------------------------------------------------------------------
          Rank    ID         U         Valence     Coulomb        VdW         VdW6        VdW12
          ------------------------------------------------------------------------------------------
             1    300        23.52         2.74        19.86         0.92        -6.79         7.71
             2     54        23.82         3.28        19.49         1.05        -6.95         8.00
             3    394        24.06         3.25        19.78         1.03        -7.42         8.45
             4   1098        24.15         3.24        19.86         1.04        -7.42         8.46
             5    512        24.26         3.24        19.97         1.05        -7.43         8.48
             6    976        24.28         3.27        20.01         1.00        -7.48         8.48
             7    470        24.15         3.04        20.32         0.79        -7.69         8.47
             8    610        24.28         3.31        19.89         1.08        -7.44         8.53
             9    232        24.34         3.53        19.94         0.86        -7.91         8.78
            10    764        24.44         3.78        19.49         1.17        -7.58         8.75
            11    545        24.45         3.78        19.49         1.18        -7.60         8.78
            12    864        24.79         3.75        19.89         1.15        -8.07         9.22
            13    173        24.69         3.75        19.79         1.15        -8.08         9.23
            14    229        24.61         3.78        19.72         1.12        -7.65         8.77
            15    848        24.91         3.92        19.77         1.23        -7.56         8.79
            16    163        24.73         3.78        19.80         1.14        -8.10         9.25
            17    879        24.69         3.73        19.92         1.05        -8.39         9.44
            18    441        24.58         3.51        20.40         0.67        -8.75         9.42
            19    197        24.99         3.86        19.96         1.17        -8.05         9.23
            20    198        24.85         3.68        20.24         0.94        -8.47         9.40
            21    763        24.86         4.00        19.92         0.94        -8.62         9.56
            22    239        24.83         3.59        20.27         0.97        -8.25         9.23
            23    531        24.81         3.51        20.42         0.87        -8.37         9.25
            24    208        25.01         4.19        19.77         1.05        -8.65         9.71
            25      5        25.02         4.08        19.89         1.05        -8.48         9.53
            26   1079        25.09         3.98        20.36         0.75        -8.97         9.72
            27    546        25.10         4.18        19.84         1.07        -9.12        10.20
            28    264        25.37         4.33        19.84         1.20        -8.51         9.71
            29    154        24.97         3.93        20.40         0.65        -9.63        10.28
            30    443        25.59         4.27        20.22         1.10        -9.05        10.16
            31    141        25.51         4.41        20.36         0.73        -9.84        10.57
            32   1097        26.49         4.73        20.83         0.94        -7.66         8.60
            33    243        27.05         5.14        20.89         1.03        -8.33         9.36
            34    997        26.57         4.53        21.14         0.91        -7.88         8.78
            35   1024        26.75         5.25        20.76         0.74        -8.68         9.42
            36    207        26.68         4.63        21.28         0.76        -8.91         9.67
            37    172        26.59         5.83        19.75         1.01        -7.92         8.93
            38    808        26.85         5.82        20.06         0.97        -8.37         9.33
            39    241        26.80         5.71        20.11         0.98        -8.40         9.38
            40    411        26.79         5.74        20.02         1.02        -8.39         9.41
            41    595        27.05         5.69        20.40         0.96        -8.45         9.40
            42    790        26.92         5.93        20.33         0.66        -9.08         9.74
            43    836        27.38         5.93        20.58         0.88        -8.77         9.65
            44    822        26.88         5.79        20.01         1.08        -8.36         9.44
            45    996        27.54         6.19        20.49         0.87        -9.30        10.17
            46    507        27.26         6.23        19.94         1.09        -8.62         9.70
            47    946        27.19         5.38        20.71         1.10        -8.25         9.35
            48   1006        27.15         5.07        21.22         0.85        -9.60        10.45
            49    102        27.04         5.41        21.05         0.58        -8.85         9.43
            50    445        27.27         6.20        19.97         1.10        -8.56         9.66
            51    675        27.40         5.21        21.10         1.10        -8.39         9.49
            52    190        27.32         6.34        19.87         1.11        -8.50         9.61
            53    731        27.19         6.32        19.78         1.09        -8.63         9.72
            54    203        27.55         6.31        20.20         1.04        -9.08        10.12
            55   1023        27.28         6.24        19.96         1.07        -9.13        10.20
            56    157        27.46         6.29        20.02         1.15        -8.55         9.70
            57    746        27.00         6.01        20.61         0.37       -10.07        10.44
            58    517        27.31         6.23        19.94         1.14        -9.00        10.14
            59    548        27.33         6.52        20.04         0.77        -9.04         9.81
            60    991        27.22         6.37        19.70         1.16        -8.53         9.69
            61    101        27.50         6.47        19.84         1.19        -8.40         9.59
            62    849        27.65         6.44        19.99         1.23        -8.46         9.69
            63   1084        27.38         5.85        20.57         0.95        -8.73         9.69
            64    429        27.51         6.38        20.01         1.12        -8.98        10.10
            65    567        27.57         6.36        20.03         1.18        -8.94        10.12
            66    532        27.60         6.57        19.92         1.12        -8.47         9.59
            67    175        27.48         5.28        21.25         0.95        -9.42        10.37
            68    460        27.75         6.25        20.45         1.06        -9.10        10.16
          ------------------------------------------------------------------------------------------

          -------------------------------
          Bonded Energy Terms: Valence
          -------------------------------

          ------------------------------------------------------------------------------------------
          Rank    ID     Valence       Bond        Angle         Pdih         Idih       Tether
          ------------------------------------------------------------------------------------------
             1    300         2.74         0.17         0.87         1.69         0.00         0.00
             2     54         3.28         0.18         1.15         1.94         0.00         0.00
             3    394         3.25         0.21         1.20         1.84         0.00         0.00
             4   1098         3.24         0.21         1.11         1.92         0.00         0.00
             5    512         3.24         0.21         1.11         1.92         0.00         0.00
             6    976         3.27         0.21         1.10         1.95         0.00         0.00
             7    470         3.04         0.20         1.09         1.75         0.00         0.00
             8    610         3.31         0.22         1.17         1.93         0.00         0.00
             9    232         3.53         0.21         1.42         1.90         0.00         0.00
            10    764         3.78         0.22         1.39         2.17         0.00         0.00
            11    545         3.78         0.22         1.39         2.17         0.00         0.00
            12    864         3.75         0.24         1.44         2.07         0.00         0.00
            13    173         3.75         0.24         1.44         2.07         0.00         0.00
            14    229         3.78         0.22         1.35         2.21         0.00         0.00
            15    848         3.92         0.23         1.48         2.20         0.00         0.00
            16    163         3.78         0.25         1.44         2.09         0.00         0.00
            17    879         3.73         0.26         1.57         1.90         0.00         0.00
            18    441         3.51         0.25         1.41         1.85         0.00         0.00
            19    197         3.86         0.26         1.50         2.11         0.00         0.00
            20    198         3.68         0.25         1.47         1.96         0.00         0.00
            21    763         4.00         0.25         1.61         2.15         0.00         0.00
            22    239         3.59         0.24         1.38         1.97         0.00         0.00
            23    531         3.51         0.24         1.29         1.99         0.00         0.00
            24    208         4.19         0.26         1.71         2.21         0.00         0.00
            25      5         4.08         0.26         1.72         2.11         0.00         0.00
            26   1079         3.98         0.26         1.69         2.03         0.00         0.00
            27    546         4.18         0.29         1.81         2.08         0.00         0.00
            28    264         4.33         0.27         1.90         2.16         0.00         0.00
            29    154         3.93         0.29         1.72         1.93         0.00         0.00
            30    443         4.27         0.30         1.89         2.08         0.00         0.00
            31    141         4.41         0.30         2.01         2.11         0.00         0.00
            32   1097         4.73         0.24         1.43         3.06         0.00         0.00
            33    243         5.14         0.28         1.71         3.14         0.00         0.00
            34    997         4.53         0.23         1.59         2.71         0.00         0.00
            35   1024         5.25         0.26         1.80         3.19         0.00         0.00
            36    207         4.63         0.28         2.16         2.19         0.00         0.00
            37    172         5.83         0.23         1.65         3.94         0.00         0.00
            38    808         5.82         0.27         1.80         3.76         0.00         0.00
            39    241         5.71         0.25         1.64         3.81         0.00         0.00
            40    411         5.74         0.26         1.58         3.90         0.00         0.00
            41    595         5.69         0.26         1.66         3.76         0.00         0.00
            42    790         5.93         0.27         2.25         3.41         0.00         0.00
            43    836         5.93         0.27         2.15         3.50         0.00         0.00
            44    822         5.79         0.26         1.70         3.83         0.00         0.00
            45    996         6.19         0.32         2.32         3.54         0.00         0.00
            46    507         6.23         0.28         1.93         4.02         0.00         0.00
            47    946         5.38         0.28         1.58         3.52         0.00         0.00
            48   1006         5.07         0.31         2.31         2.45         0.00         0.00
            49    102         5.41         0.26         1.92         3.23         0.00         0.00
            50    445         6.20         0.27         1.90         4.03         0.00         0.00
            51    675         5.21         0.27         1.91         3.02         0.00         0.00
            52    190         6.34         0.24         1.60         4.49         0.00         0.00
            53    731         6.32         0.28         1.90         4.14         0.00         0.00
            54    203         6.31         0.31         2.04         3.96         0.00         0.00
            55   1023         6.24         0.31         1.93         4.00         0.00         0.00
            56    157         6.29         0.27         1.84         4.18         0.00         0.00
            57    746         6.01         0.29         2.20         3.52         0.00         0.00
            58    517         6.23         0.29         1.97         3.97         0.00         0.00
            59    548         6.52         0.26         1.99         4.27         0.00         0.00
            60    991         6.37         0.27         1.85         4.25         0.00         0.00
            61    101         6.47         0.25         1.62         4.60         0.00         0.00
            62    849         6.44         0.28         2.01         4.15         0.00         0.00
            63   1084         5.85         0.28         2.37         3.20         0.00         0.00
            64    429         6.38         0.30         1.99         4.09         0.00         0.00
            65    567         6.36         0.30         2.02         4.05         0.00         0.00
            66    532         6.57         0.29         1.91         4.37         0.00         0.00
            67    175         5.28         0.32         2.52         2.44         0.00         0.00
            68    460         6.25         0.30         1.93         4.02         0.00         0.00
          ------------------------------------------------------------------------------------------

          Calculating single reference conformer RMSDs ...

          ---------------------------------
          Conformer RMSDs are in Angstroms.
          ---------------------------------

          ------------------------------------------------------------------------------------------
                              RMSD wrt Input Crd                    RMSD wrt Rank 1
                         ---------------------------------------------------------------------------
          Rank    ID        Complex    Receptor  Ligand          Complex    Receptor  Ligand
          ------------------------------------------------------------------------------------------
             1    300                             1.096                               0.000
             2     54                             0.174                               1.202
             3    394                             1.860                               1.798
             4   1098                             1.821                               0.606
             5    512                             1.917                               0.622
             6    976                             1.126                               0.626
             7    470                             1.479                               1.098
             8    610                             0.860                               0.626
             9    232                             1.028                               1.577
            10    764                             0.633                               1.320
            11    545                             0.575                               1.916
            12    864                             1.312                               1.621
            13    173                             1.640                               1.389
            14    229                             0.632                               1.673
            15    848                             0.886                               0.633
            16    163                             0.693                               1.300
            17    879                             1.205                               1.333
            18    441                             2.347                               1.378
            19    197                             1.344                               0.659
            20    198                             2.029                               1.713
            21    763                             1.319                               2.052
            22    239                             1.342                               0.654
            23    531                             2.038                               1.302
            24    208                             0.938                               1.978
            25      5                             0.669                               1.359
            26   1079                             1.463                               1.795
            27    546                             0.967                               1.629
            28    264                             1.563                               0.962
            29    154                             1.595                               1.376
            30    443                             1.927                               1.004
            31    141                             1.487                               1.587
            32   1097                             1.234                               1.585
            33    243                             1.853                               1.048
            34    997                             1.343                               1.082
            35   1024                             1.887                               1.489
            36    207                             1.278                               1.436
            37    172                             1.881                               1.259
            38    808                             2.104                               1.363
            39    241                             1.415                               1.010
            40    411                             1.183                               1.647
            41    595                             1.711                               1.090
            42    790                             1.970                               1.775
            43    836                             1.633                               1.796
            44    822                             1.098                               1.358
            45    996                             1.657                               1.548
            46    507                             1.693                               1.772
            47    946                             1.246                               1.646
            48   1006                             1.857                               1.802
            49    102                             1.916                               1.786
            50    445                             1.104                               1.928
            51    675                             1.895                               0.877
            52    190                             1.394                               1.203
            53    731                             1.272                               1.602
            54    203                             2.324                               1.973
            55   1023                             1.784                               1.940
            56    157                             1.258                               1.357
            57    746                             1.815                               2.402
            58    517                             1.269                               1.595
            59    548                             1.390                               1.534
            60    991                             0.726                               1.700
            61    101                             1.350                               1.903
            62    849                             1.629                               1.878
            63   1084                             1.531                               1.135
            64    429                             1.099                               1.705
            65    567                             2.380                               1.715
            66    532                             1.874                               1.529
            67    175                             1.415                               1.606
            68    460                             1.550                               1.036
          ------------------------------------------------------------------------------------------

          --------------------------------
          Final Boltzmann Averaged Data.
          --------------------------------

          -------------------------------------------------------------------
          Results of Boltzmann Averaging Over All   95 Conformers (kcal/mol).
          -------------------------------------------------------------------

          Free Energy                        G              22.6548831547
          Average Potential Energy         < E >            -8.1846480731
          Entropy                           -TS             30.8395312278
          -------------------------------------------------------------------

          Average Potential Energy < E > Components.

          < U >                    24.3111742913
          < W(PBSA) >             -53.9569166488
          < H.O. P.E. >            21.4618296448

          Average Solvation Energy < W(PBSA) > Components.

          < PB >                  -56.2720338867
          < SA >                    2.3151172378

          Average Gas Phase Internal Potential Energy < U > Components.

          < Valence >               3.4091033373
          < Coulomb >              19.8994634853
          < VdW >                   1.0026074687

          Average Van der Waals Energy < VdW > Components.

          < VdW6  >                -7.6143141162
          < VdW12 >                 8.6169215850

          Average Bonded Energy < Valence > Components.

          < Bond >                  0.2142954461
          < Angle >                 1.2423754619
          < Pdihed >                1.9524324294
          < Idihed >                0.0000000000
          < Tether >                0.0000000000

          -------------------------------------------------------------------
                        End of VM2 Calculation Results Summary.
          -------------------------------------------------------------------


     Total cpu time for run         27.09 seconds.
                                     0.45 minutes.

     Total wall time for run        27.44 seconds.
                                     0.46 minutes.

     TIME STAMP: VCPack job finished normally : Saturday, August 06, 2022 at 17:10:58
