
     --------------------------------------------------------------------------------
                        Running Program VCPack. Version 2.8

                           VeraChem LLC, PO Box 2206
                           Germantown, MD 20875, U.S.A.

                                Tel. 240-686-0565
                                www.verachem.com
     --------------------------------------------------------------------------------


     Input file          :   CD_guest-s9_fast_vm2_rndm.inp

     Output file         :   CD_guest-s9_fast_vm2_rndm.out

     Summary output file :   CD_guest-s9_fast_vm2_rndm.summary.out

     Executable : /data/comblab/vcCompChem_3b/exe/VC_CompChemPackage_mpi_openmp.exe

     Build date : Aug 13 2021  17:26:49

     This is a multiple processor run.

     MPI processes              :   16
     OpenMP threads per process :   16
     CUDA enabled               :  no

     TIME STAMP: VCPack job started : Sunday, August 07, 2022 at 15:36:19

     --------------------------------------------------------------------------------
                            Basic Calculation Control.
     --------------------------------------------------------------------------------

     Molecular system type                :  host+ligand     

     Calculation type                     :  feprocess       

     Energy potential                     :  mm              

     Post-processing type                 :  none            

     Post-processing energy potential     :  none            

     Time limit in wall clock hours       :  96.00

     Type of conformers to read in        :  ligand  
     Conformer source files(s)            :  guest-s9_confgen4.xyz                             

     Use input .crd for complex build     :  no
     Place ligand confs. at input .crd    :  byconfscog
     Use input .crd as start conformer    :  yes

     Formatted output files               :  xyz     
                                          :  pdb     
                                          :  mol2    
                                          :  sdf     
                                          :  xyz     
                                          :  gms     
                                          :  csv     

     Split formatted output files         :  crd     

     Limit conformers in formatted files  :  bycount
     Maximum conformer count              :  1000

     Atoms to include in formatted files  :  all     

     Binary file restart type             :  none


     --------------------------------------------------------------------------------
                            Math Related Control and Set Up.
     --------------------------------------------------------------------------------

     Random number generator seeds :  bywallclock

     Seed 1 :           4907957
     Seed 2 :            153253
     Seed 3 :              2306
     Seed 4 :              5005


     --------------------------------------------------------------------------------
                            Basic Molecular System Set Up.
     --------------------------------------------------------------------------------

     ----------------
     Host Data Files.
     ----------------

     Standard crd coordinate file            :  CD.crd
     VeraChem topology file                  :  CD.top
     Standard mol/sdf file                   :  CD.mol

     Total number of host atoms              :       126

     ------------------
     Ligand Data Files.
     ------------------

     Standard crd coordinate file            :  guest-s9.crd
     VeraChem topology file                  :  guest-s9.top
     Standard mol/sdf file                   :  guest-s9.mol

     Total number of ligand atoms            :        20

     Included in this calculation.
     Number of real and live ligand atoms    :        20
     Number of real but fixed ligand atoms   :         0

     Ligand placement method                 :  byreceptorcog

     NOTE: The placement of the ligand redefines the ligand .crd input coordinates.

     Snap ligand to template atoms           :      no

     -------------------------------
     Final Real/Live Set Atom Count.
     -------------------------------

     Total number of real atoms              :       146
     Total number of live atoms              :       146


     --------------------------------------------------------------------------------
                            Generate Initial Molecular Conformations.
     --------------------------------------------------------------------------------

     Conf. Type Read In      File Format       No. of Confs. Read In 
             ligand             xyz                 988

     Mandatory input crd file(s) used for generation of 1 additional conformer.

     From these the total number of starting conformers generated :   989


     --------------------------------------------------------------------------------
                             Energy Potential Settings.
     --------------------------------------------------------------------------------


     Molecular Mechanics package          :  vchem           

     Quantum Mechanics package            :  none            


     --------------------------------------------------------------------------------
                       Running VfreeE Module. Version 2.8
     --------------------------------------------------------------------------------

          --------------------------------
          Final Individual Conformer Data.
          --------------------------------

          List data for conformers with probability of at least :  0.01 %
          Rankings are with respect to : Free Energy (G)

          ------------------------
          Free Energy: G = E - TS
          ------------------------

          ------------------------------------------------------------------------------------------
          Rank    ID     ln(Zx)    Prob(%)  Sum Prob(%)  Del G        G            E            -TS
          ------------------------------------------------------------------------------------------
             1    401  -1273.41102   49.72    49.72      0.00       585.80       393.02       192.78
             2     80  -1274.19538   22.69    72.41      0.47       586.26       392.85       193.42
             3    648  -1275.04187    9.73    82.14      0.97       586.77       393.52       193.25
             4    292  -1275.42337    6.65    88.79      1.20       587.00       395.29       191.70
             5    212  -1276.25801    2.88    91.67      1.70       587.49       395.34       192.15
             6    782  -1276.77339    1.72    93.39      2.00       587.80       393.83       193.97
             7    315  -1277.36362    0.95    94.35      2.36       588.15       396.71       191.45
             8    219  -1277.38252    0.94    95.28      2.37       588.16       396.25       191.91
             9    175  -1277.68144    0.69    95.98      2.55       588.34       394.98       193.36
            10    867  -1277.82280    0.60    96.58      2.63       588.43       396.84       191.59
            11    116  -1278.04023    0.49    97.07      2.76       588.56       395.66       192.89
            12     68  -1278.11113    0.45    97.52      2.80       588.60       395.63       192.97
            13    517  -1278.41116    0.33    97.86      2.98       588.78       394.85       193.92
            14    350  -1278.50671    0.30    98.16      3.04       588.83       396.91       191.92
            15    154  -1278.51564    0.30    98.46      3.04       588.84       394.93       193.91
            16    291  -1278.55042    0.29    98.75      3.06       588.86       397.22       191.64
            17    613  -1278.79713    0.23    98.98      3.21       589.01       396.81       192.19
            18    458  -1278.85867    0.21    99.19      3.25       589.04       395.11       193.93
            19    615  -1279.22845    0.15    99.34      3.47       589.26       396.95       192.32
            20     83  -1279.79159    0.08    99.43      3.80       589.60       397.77       191.83
            21    612  -1279.83004    0.08    99.51      3.83       589.62       397.66       191.96
            22     98  -1279.94351    0.07    99.58      3.89       589.69       397.20       192.49
            23    369  -1280.51052    0.04    99.62      4.23       590.03       396.71       193.32
            24    694  -1280.56731    0.04    99.66      4.27       590.06       398.11       191.96
            25    731  -1280.59901    0.04    99.70      4.29       590.08       396.87       193.21
            26     10  -1280.77133    0.03    99.73      4.39       590.18       395.33       194.85
            27    447  -1280.84405    0.03    99.76      4.43       590.23       397.62       192.60
            28    695  -1281.06183    0.02    99.78      4.56       590.36       397.54       192.82
            29    192  -1281.15553    0.02    99.80      4.62       590.41       397.02       193.40
            30    574  -1281.19726    0.02    99.82      4.64       590.44       396.81       193.63
            31    865  -1281.22701    0.02    99.84      4.66       590.46       396.66       193.80
            32    923  -1281.42133    0.02    99.86      4.78       590.57       397.69       192.88
            33    967  -1281.77832    0.01    99.87      4.99       590.78       396.80       193.98
            34    510  -1281.82885    0.01    99.88      5.02       590.81       397.80       193.02
          ------------------------------------------------------------------------------------------

          --------------------------------------------------------
          Potential Energy: E = (U+W) + H.O. Equipartion energy
          --------------------------------------------------------

          ------------------------------------------------------------------------------------------
          Rank    ID         E          U+W            U        W(PBSA)          PB           SA
          ------------------------------------------------------------------------------------------
             1    401       393.02       264.25       350.30       -86.05       -92.11         6.06
             2     80       392.85       264.08       348.85       -84.77       -90.87         6.09
             3    648       393.52       264.75       347.29       -82.54       -88.59         6.04
             4    292       395.29       266.52       353.77       -87.24       -93.35         6.11
             5    212       395.34       266.57       352.44       -85.87       -91.98         6.12
             6    782       393.83       265.06       346.90       -81.84       -87.89         6.05
             7    315       396.71       267.93       356.17       -88.24       -94.28         6.04
             8    219       396.25       267.48       353.36       -85.88       -91.85         5.97
             9    175       394.98       266.21       353.47       -87.26       -93.34         6.09
            10    867       396.84       268.07       356.27       -88.20       -94.32         6.12
            11    116       395.66       266.89       350.73       -83.84       -89.87         6.03
            12     68       395.63       266.86       350.67       -83.81       -89.96         6.14
            13    517       394.85       266.08       347.23       -81.15       -87.25         6.10
            14    350       396.91       268.14       353.93       -85.79       -91.81         6.03
            15    154       394.93       266.15       350.58       -84.43       -90.47         6.05
            16    291       397.22       268.45       353.89       -85.44       -91.55         6.11
            17    613       396.81       268.04       353.66       -85.62       -91.72         6.10
            18    458       395.11       266.34       347.48       -81.14       -87.14         6.00
            19    615       396.95       268.18       357.90       -89.72       -95.83         6.11
            20     83       397.77       269.00       355.83       -86.83       -92.91         6.08
            21    612       397.66       268.89       355.73       -86.84       -92.87         6.03
            22     98       397.20       268.43       358.12       -89.69       -95.69         6.01
            23    369       396.71       267.94       351.64       -83.70       -89.81         6.11
            24    694       398.11       269.34       355.88       -86.55       -92.48         5.94
            25    731       396.87       268.10       353.74       -85.64       -91.63         5.99
            26     10       395.33       266.56       348.53       -81.97       -87.95         5.98
            27    447       397.62       268.85       358.70       -89.84       -95.84         6.00
            28    695       397.54       268.77       355.62       -86.85       -92.98         6.12
            29    192       397.02       268.25       348.56       -80.31       -86.26         5.95
            30    574       396.81       268.04       351.55       -83.52       -89.57         6.05
            31    865       396.66       267.89       350.76       -82.87       -88.85         5.98
            32    923       397.69       268.92       357.07       -88.15       -94.21         6.06
            33    967       396.80       268.03       346.52       -78.49       -84.54         6.05
            34    510       397.80       269.03       356.61       -87.58       -93.63         6.05
          ------------------------------------------------------------------------------------------

          ----------------------------------------
          Gas Phase Internal Potential Energy: U
          ----------------------------------------

          ------------------------------------------------------------------------------------------
          Rank    ID         U         Valence     Coulomb        VdW         VdW6        VdW12
          ------------------------------------------------------------------------------------------
             1    401       350.30       145.47       228.79       -23.96      -177.18       153.23
             2     80       348.85       146.05       226.53       -23.73      -178.25       154.52
             3    648       347.29       145.09       224.75       -22.55      -175.23       152.68
             4    292       353.77       146.68       229.69       -22.61      -173.44       150.83
             5    212       352.44       146.38       227.89       -21.84      -174.10       152.26
             6    782       346.90       145.16       225.08       -23.34      -178.47       155.13
             7    315       356.17       149.42       229.68       -22.93      -174.28       151.35
             8    219       353.36       147.86       229.83       -24.32      -177.64       153.32
             9    175       353.47       146.63       230.89       -24.05      -178.26       154.21
            10    867       356.27       148.93       229.86       -22.53      -173.76       151.24
            11    116       350.73       146.08       227.31       -22.65      -175.54       152.89
            12     68       350.67       146.61       226.78       -22.73      -175.58       152.85
            13    517       347.23       146.14       224.71       -23.61      -177.40       153.78
            14    350       353.93       148.40       228.13       -22.61      -173.78       151.17
            15    154       350.58       145.38       228.25       -23.05      -178.06       155.00
            16    291       353.89       148.10       227.23       -21.45      -171.59       150.14
            17    613       353.66       148.64       225.81       -20.79      -172.91       152.12
            18    458       347.48       145.60       225.70       -23.82      -179.73       155.92
            19    615       357.90       147.21       233.49       -22.81      -173.68       150.87
            20     83       355.83       148.74       230.79       -23.70      -175.27       151.57
            21    612       355.73       149.58       230.98       -24.83      -174.61       149.78
            22     98       358.12       146.12       236.16       -24.17      -175.06       150.89
            23    369       351.64       146.83       227.42       -22.61      -177.25       154.64
            24    694       355.88       149.04       231.94       -25.10      -179.12       154.02
            25    731       353.74       148.68       229.66       -24.60      -179.49       154.89
            26     10       348.53       148.12       225.37       -24.96      -180.98       156.03
            27    447       358.70       146.56       237.16       -25.03      -177.16       152.13
            28    695       355.62       147.27       231.39       -23.03      -175.64       152.61
            29    192       348.56       146.30       225.95       -23.69      -178.13       154.43
            30    574       351.55       146.78       228.71       -23.93      -177.38       153.45
            31    865       350.76       148.80       227.04       -25.08      -181.10       156.01
            32    923       357.07       148.53       231.64       -23.10      -175.60       152.50
            33    967       346.52       145.54       225.42       -24.44      -181.29       156.85
            34    510       356.61       147.54       233.79       -24.72      -179.02       154.30
          ------------------------------------------------------------------------------------------

          -------------------------------
          Bonded Energy Terms: Valence
          -------------------------------

          ------------------------------------------------------------------------------------------
          Rank    ID     Valence       Bond        Angle         Pdih         Idih       Tether
          ------------------------------------------------------------------------------------------
             1    401       145.47         4.65        11.91       128.91         0.00         0.00
             2     80       146.05         4.76        12.65       128.64         0.00         0.00
             3    648       145.09         4.74        11.59       128.76         0.00         0.00
             4    292       146.68         4.65        12.15       129.88         0.00         0.00
             5    212       146.38         4.84        12.73       128.81         0.00         0.00
             6    782       145.16         4.78        12.84       127.54         0.00         0.00
             7    315       149.42         4.68        13.03       131.72         0.00         0.00
             8    219       147.86         4.66        12.83       130.36         0.00         0.00
             9    175       146.63         4.75        12.94       128.93         0.00         0.00
            10    867       148.93         4.69        12.69       131.56         0.00         0.00
            11    116       146.08         4.74        12.02       129.31         0.00         0.00
            12     68       146.61         4.70        12.66       129.25         0.00         0.00
            13    517       146.14         4.76        12.27       129.10         0.00         0.00
            14    350       148.40         4.67        12.16       131.57         0.00         0.00
            15    154       145.38         4.79        12.33       128.26         0.00         0.00
            16    291       148.10         4.63        12.33       131.15         0.00         0.00
            17    613       148.64         4.76        12.80       131.07         0.00         0.00
            18    458       145.60         4.82        13.01       127.76         0.00         0.00
            19    615       147.21         4.67        12.67       129.87         0.00         0.00
            20     83       148.74         4.70        11.71       132.33         0.00         0.00
            21    612       149.58         4.55        10.92       134.10         0.00         0.00
            22     98       146.12         4.73        12.44       128.96         0.00         0.00
            23    369       146.83         4.97        12.96       128.90         0.00         0.00
            24    694       149.04         4.67        13.36       131.01         0.00         0.00
            25    731       148.68         4.77        13.03       130.89         0.00         0.00
            26     10       148.12         4.79        13.51       129.82         0.00         0.00
            27    447       146.56         4.75        12.60       129.22         0.00         0.00
            28    695       147.27         4.69        12.95       129.63         0.00         0.00
            29    192       146.30         4.77        13.25       128.28         0.00         0.00
            30    574       146.78         4.75        12.58       129.44         0.00         0.00
            31    865       148.80         4.79        13.67       130.35         0.00         0.00
            32    923       148.53         4.70        12.00       131.82         0.00         0.00
            33    967       145.54         4.88        13.56       127.11         0.00         0.00
            34    510       147.54         4.75        12.53       130.26         0.00         0.00
          ------------------------------------------------------------------------------------------

          Calculating single reference conformer RMSDs ...

          ---------------------------------
          Conformer RMSDs are in Angstroms.
          ---------------------------------

          ------------------------------------------------------------------------------------------
                              RMSD wrt Input Crd                    RMSD wrt Rank 1
                         ---------------------------------------------------------------------------
          Rank    ID        Complex    Receptor  Ligand          Complex    Receptor  Ligand
          ------------------------------------------------------------------------------------------
             1    401         1.777     1.680     2.297           0.000     0.000     0.000
             2     80         1.752     1.548     2.707           2.334     2.440     1.507
             3    648         1.627     1.569     1.957           2.067     2.021     2.337
             4    292         1.707     1.445     2.847           2.071     1.943     2.743
             5    212         1.786     1.631     2.551           1.694     1.718     1.537
             6    782         1.784     1.755     1.954           1.912     1.997     1.248
             7    315         1.724     1.374     3.133           2.224     2.277     1.858
             8    219         1.828     1.801     1.990           2.355     2.445     1.683
             9    175         1.877     1.657     2.902           2.108     1.994     2.721
            10    867         1.616     1.058     3.466           1.585     1.461     2.209
            11    116         1.531     1.441     2.007           2.503     2.535     2.290
            12     68         1.741     1.463     2.939           1.881     1.922     1.597
            13    517         1.947     1.934     2.027           2.664     2.779     1.782
            14    350         1.699     1.310     3.204           1.826     1.868     1.535
            15    154         1.703     1.639     2.059           2.123     2.084     2.353
            16    291         1.793     1.354     3.452           2.065     1.924     2.794
            17    613         1.584     1.099     3.273           1.828     1.735     2.331
            18    458         1.669     1.680     1.597           2.106     2.120     2.014
            19    615         1.697     1.439     2.825           2.507     2.548     2.231
            20     83         1.585     1.354     2.606           2.344     2.397     1.978
            21    612         1.543     1.045     3.238           1.584     1.573     1.656
            22     98         1.803     1.350     3.500           2.206     1.493     4.634
            23    369         1.645     1.461     2.513           2.654     2.675     2.519
            24    694         1.565     1.443     2.179           2.445     2.469     2.287
            25    731         1.763     1.700     2.118           0.435     0.348     0.785
            26     10         1.647     1.658     1.572           2.714     2.841     1.708
            27    447         1.651     1.417     2.690           2.172     1.519     4.462
            28    695         1.780     1.435     3.186           2.480     2.467     2.565
            29    192         1.851     1.846     1.883           1.597     1.503     2.096
            30    574         2.090     2.085     2.122           2.636     2.730     1.937
            31    865         1.640     1.664     1.485           2.080     2.035     2.348
            32    923         1.663     1.330     3.008           1.929     2.015     1.257
            33    967         1.810     1.896     1.129           2.214     2.177     2.438
            34    510         1.894     1.901     1.849           1.218     0.921     2.343
          ------------------------------------------------------------------------------------------

          --------------------------------
          Final Boltzmann Averaged Data.
          --------------------------------

          -------------------------------------------------------------------
          Results of Boltzmann Averaging Over All  534 Conformers (kcal/mol).
          -------------------------------------------------------------------

          Free Energy                        G             585.3792252944
          Average Potential Energy         < E >           393.4698407458
          Entropy                           -TS            191.9093845487
          -------------------------------------------------------------------

          Average Potential Energy < E > Components.

          < U >                   350.1051046870
          < W(PBSA) >             -85.4062384394
          < H.O. P.E. >           128.7709778685

          Average Solvation Energy < W(PBSA) > Components.

          < PB >                  -91.4773417561
          < SA >                    6.0711033167

          Average Gas Phase Internal Potential Energy < U > Components.

          < Valence >             145.8040472483
          < Coulomb >             227.8578827165
          < VdW >                 -23.5568252777

          Average Van der Waals Energy < VdW > Components.

          < VdW6  >              -176.8331635015
          < VdW12 >               153.2763382237

          Average Bonded Energy < Valence > Components.

          < Bond >                  4.6945188014
          < Angle >                12.1514533492
          < Pdihed >              128.9580750977
          < Idihed >                0.0000000000
          < Tether >                0.0000000000

          -------------------------------------------------------------------
                        End of feprocess Calculation Results Summary.
          -------------------------------------------------------------------


     Total cpu time for run       3713.07 seconds.
                                    61.88 minutes.

     Total wall time for run      1895.61 seconds.
                                    31.59 minutes.

     TIME STAMP: VCPack job finished normally : Sunday, August 07, 2022 at 16:07:54
