
     --------------------------------------------------------------------------------
                        Running Program VCPack. Version 2.8

                           VeraChem LLC, PO Box 2206
                           Germantown, MD 20875, U.S.A.

                                Tel. 240-686-0565
                                www.verachem.com
     --------------------------------------------------------------------------------


     Input file          :   guest-s13_vm2.inp

     Output file         :   guest-s13_vm2.out

     Summary output file :   guest-s13_vm2.summary.out

     Executable : /data/comblab/vcCompChem_3b/exe/VC_CompChemPackage_mpi.exe

     Build date : Aug 13 2021  17:26:14

     This is a multiple processor run.

     MPI processes              :   16
     OpenMP threads per process :    0
     CUDA enabled               :  no

     TIME STAMP: VCPack job started : Sunday, August 07, 2022 at 12:02:42

     --------------------------------------------------------------------------------
                            Basic Calculation Control.
     --------------------------------------------------------------------------------

     Molecular system type                :  ligand          

     Calculation type                     :  vm2             

     Energy potential                     :  mm              

     Post-processing type                 :  none            

     Post-processing energy potential     :  none            

     Time limit in wall clock hours       :  96.00

     Read in starting conformers          :  no
     Type of conformers to read in        :  none
     Conformer source files(s)            :  none

     Use input .crd for complex build     :  no
     Place ligand confs. at input .crd    :  no
     Use input .crd as start conformer    :  yes

     Formatted output files               :  xyz     
                                          :  pdb     
                                          :  mol2    
                                          :  sdf     
                                          :  xyz     
                                          :  gms     
                                          :  csv     

     Split formatted output files         :  crd     

     Limit conformers in formatted files  :  bycount
     Maximum conformer count              :  1000

     Atoms to include in formatted files  :  all     

     Binary file restart type             :  none


     --------------------------------------------------------------------------------
                            Math Related Control and Set Up.
     --------------------------------------------------------------------------------

     Random number generator seeds :  bywallclock

     Seed 1 :           6736685
     Seed 2 :            526573
     Seed 3 :               289
     Seed 4 :             23544


     --------------------------------------------------------------------------------
                            Basic Molecular System Set Up.
     --------------------------------------------------------------------------------

     ------------------
     Ligand Data Files.
     ------------------

     Standard crd coordinate file            :  guest-s13.crd
     VeraChem topology file                  :  guest-s13.top
     Standard mol/sdf file                   :  guest-s13.mol

     Total number of ligand atoms            :        26

     Included in this calculation.
     Number of real and live ligand atoms    :        26
     Number of real but fixed ligand atoms   :         0

     Ligand placement method                 :  none

     Snap ligand to template atoms           :      no

     -------------------------------
     Final Real/Live Set Atom Count.
     -------------------------------

     Total number of real atoms              :        26
     Total number of live atoms              :        26


     --------------------------------------------------------------------------------
                            Generate Initial Molecular Conformation.
     --------------------------------------------------------------------------------

     Mandatory input crd file(s) used for generation of a single starting conformer.


     --------------------------------------------------------------------------------
                             Energy Potential Settings.
     --------------------------------------------------------------------------------


     Molecular Mechanics package          :  vchem           

     Quantum Mechanics package            :  none            


     --------------------------------------------------------------------------------
                    Running VM2 Mining Minima Module. Version 2.8
     --------------------------------------------------------------------------------

     Iteration    Free Energy G             G Diff            # Conformers     # Diff
        1            23.096037              23.096037              37              37
        2            22.753594              -0.342443              69              32
        3            22.751991              -0.001603              72               3
        4            22.694187              -0.057804              77               5
        5            22.694061              -0.000126              77               0
        6            22.674049              -0.020012              81               4
        7            22.673911              -0.000138              81               0
        8            22.654282              -0.019629              87               6
        9            22.653959              -0.000324              88               1
       10            22.653430              -0.000529              89               1

     VM2 Free Energy converged after   10 iterations.

     Final VM2 Free Energy is      22.653430 Kcal/mol.

          --------------------------------
          Final Individual Conformer Data.
          --------------------------------

          List data for conformers with probability of at least :  0.01 %
          Rankings are with respect to : Free Energy (G)

          ------------------------
          Free Energy: G = E - TS
          ------------------------

          ------------------------------------------------------------------------------------------
          Rank    ID     ln(Zx)    Prob(%)  Sum Prob(%)  Del G        G            E            -TS
          ------------------------------------------------------------------------------------------
             1   1163    -81.21185   17.00    17.00      0.00        23.71        -8.84        32.55
             2    618    -82.00648    7.68    24.68      0.47        24.18        -8.38        32.57
             3   1283    -82.06955    7.21    31.89      0.51        24.22        -8.48        32.70
             4   1268    -82.20886    6.27    38.17      0.59        24.30        -8.36        32.66
             5   1062    -82.24816    6.03    44.20      0.62        24.33        -8.33        32.66
             6   1286    -82.37626    5.31    49.50      0.69        24.40        -8.26        32.67
             7    743    -82.38055    5.28    54.79      0.70        24.41        -8.34        32.75
             8   1219    -82.56872    4.38    59.17      0.81        24.52        -8.10        32.62
             9    472    -82.72770    3.73    62.90      0.90        24.61        -8.23        32.84
            10   1289    -82.95643    2.97    65.87      1.04        24.75        -7.93        32.68
            11   1303    -83.12927    2.50    68.37      1.14        24.85        -7.82        32.67
            12    495    -83.16803    2.40    70.77      1.17        24.88        -7.93        32.81
            13    180    -83.17721    2.38    73.16      1.17        24.88        -7.82        32.70
            14   1358    -83.17847    2.38    75.53      1.17        24.88        -7.93        32.81
            15   1049    -83.22974    2.26    77.79      1.20        24.91        -7.68        32.59
            16    529    -83.38435    1.94    79.73      1.30        25.00        -7.80        32.81
            17   1335    -83.40138    1.90    81.63      1.31        25.02        -7.96        32.97
            18    441    -83.40431    1.90    83.53      1.31        25.02        -8.00        33.02
            19   1290    -83.42617    1.86    85.39      1.32        25.03        -7.73        32.76
            20   1326    -83.56448    1.62    87.01      1.40        25.11        -7.88        33.00
            21    183    -83.57614    1.60    88.61      1.41        25.12        -7.85        32.97
            22   1215    -83.58609    1.58    90.19      1.42        25.13        -7.71        32.83
            23    802    -83.66953    1.46    91.64      1.47        25.17        -7.70        32.87
            24    225    -83.87331    1.19    92.83      1.59        25.30        -7.73        33.02
            25      5    -83.91300    1.14    93.97      1.61        25.32        -7.60        32.92
            26   1349    -83.98853    1.06    95.03      1.66        25.37        -7.77        33.14
            27    859    -84.22142    0.84    95.87      1.79        25.50        -7.65        33.15
            28   1007    -84.31186    0.77    96.64      1.85        25.56        -7.39        32.95
            29    457    -84.37314    0.72    97.36      1.88        25.59        -7.75        33.34
            30    237    -84.75441    0.49    97.85      2.11        25.82        -7.29        33.11
            31     72    -84.96075    0.40    98.25      2.23        25.94        -7.51        33.45
            32    282    -85.73323    0.18    98.43      2.70        26.41        -5.96        32.36
            33    973    -86.18373    0.12    98.55      2.96        26.67        -5.42        32.10
            34    809    -86.25059    0.11    98.66      3.00        26.71        -5.84        32.56
            35    188    -86.59445    0.08    98.74      3.21        26.92        -5.79        32.71
            36   1131    -86.66694    0.07    98.81      3.25        26.96        -5.91        32.87
            37    846    -86.75314    0.07    98.88      3.30        27.01        -6.12        33.13
            38    172    -86.78962    0.06    98.94      3.33        27.03        -5.81        32.84
            39    808    -86.79721    0.06    99.01      3.33        27.04        -5.87        32.91
            40    288    -86.82578    0.06    99.07      3.35        27.06        -5.84        32.90
            41    696    -86.89696    0.06    99.13      3.39        27.10        -5.84        32.93
            42    952    -87.02991    0.05    99.18      3.47        27.18        -5.71        32.89
            43   1246    -87.04406    0.05    99.23      3.48        27.19        -6.00        33.19
            44    110    -87.11047    0.05    99.27      3.52        27.23        -5.56        32.79
            45   1334    -87.13215    0.05    99.32      3.53        27.24        -5.65        32.89
            46    247    -87.24239    0.04    99.36      3.60        27.30        -5.21        32.52
            47   1073    -87.25887    0.04    99.40      3.61        27.31        -5.35        32.66
            48   1200    -87.36734    0.04    99.44      3.67        27.38        -5.27        32.65
            49    135    -87.37128    0.04    99.47      3.67        27.38        -5.49        32.87
            50   1337    -87.53616    0.03    99.50      3.77        27.48        -5.79        33.27
            51   1205    -87.55603    0.03    99.53      3.78        27.49        -5.51        33.00
            52    148    -87.56197    0.03    99.56      3.79        27.50        -5.43        32.93
            53    169    -87.56990    0.03    99.59      3.79        27.50        -5.33        32.83
            54    947    -87.57688    0.03    99.62      3.79        27.50        -5.08        32.58
            55   1063    -87.62397    0.03    99.65      3.82        27.53        -5.39        32.92
            56   1080    -87.64726    0.03    99.68      3.84        27.55        -5.43        32.98
            57    532    -87.72055    0.03    99.70      3.88        27.59        -5.38        32.97
            58    570    -87.72073    0.03    99.73      3.88        27.59        -5.46        33.05
            59   1280    -87.82089    0.02    99.75      3.94        27.65        -5.74        33.39
            60   1078    -87.84556    0.02    99.77      3.95        27.66        -5.40        33.06
            61    242    -87.92986    0.02    99.79      4.01        27.71        -5.27        32.98
            62    474    -87.93625    0.02    99.81      4.01        27.72        -5.02        32.74
            63   1318    -87.95998    0.02    99.83      4.02        27.73        -5.12        32.85
            64    856    -88.00556    0.02    99.85      4.05        27.76        -5.29        33.05
            65    428    -88.00828    0.02    99.87      4.05        27.76        -5.29        33.05
            66    476    -88.02779    0.02    99.89      4.06        27.77        -5.25        33.02
            67    545    -88.19099    0.02    99.91      4.16        27.87        -5.30        33.17
            68    830    -88.33515    0.01    99.92      4.25        27.96        -5.59        33.54
            69     98    -88.36155    0.01    99.93      4.26        27.97        -5.11        33.09
          ------------------------------------------------------------------------------------------

          --------------------------------------------------------
          Potential Energy: E = (U+W) + H.O. Equipartion energy
          --------------------------------------------------------

          ------------------------------------------------------------------------------------------
          Rank    ID         E          U+W            U        W(PBSA)          PB           SA
          ------------------------------------------------------------------------------------------
             1   1163        -8.84       -30.30        23.52       -53.82       -56.16         2.35
             2    618        -8.38       -29.84        23.82       -53.66       -56.02         2.36
             3   1283        -8.48       -29.94        24.06       -54.00       -56.33         2.33
             4   1268        -8.36       -29.82        24.15       -53.97       -56.28         2.31
             5   1062        -8.33       -29.79        24.26       -54.05       -56.36         2.30
             6   1286        -8.26       -29.73        24.28       -54.00       -56.32         2.31
             7    743        -8.34       -29.80        24.15       -53.95       -56.25         2.31
             8   1219        -8.10       -29.57        24.28       -53.85       -56.21         2.36
             9    472        -8.23       -29.69        24.34       -54.03       -56.34         2.31
            10   1289        -7.93       -29.39        24.44       -53.84       -56.13         2.29
            11   1303        -7.82       -29.28        24.45       -53.74       -56.07         2.33
            12    495        -7.93       -29.39        24.79       -54.18       -56.46         2.28
            13    180        -7.82       -29.28        24.61       -53.90       -56.20         2.31
            14   1358        -7.93       -29.39        24.69       -54.08       -56.37         2.29
            15   1049        -7.68       -29.14        24.91       -54.05       -56.34         2.29
            16    529        -7.80       -29.27        24.73       -53.99       -56.30         2.31
            17   1335        -7.96       -29.42        24.69       -54.11       -56.40         2.28
            18    441        -8.00       -29.46        24.58       -54.05       -56.34         2.29
            19   1290        -7.73       -29.19        24.99       -54.18       -56.46         2.28
            20   1326        -7.88       -29.34        24.85       -54.20       -56.47         2.27
            21    183        -7.85       -29.31        24.86       -54.17       -56.45         2.27
            22   1215        -7.71       -29.17        24.83       -54.00       -56.29         2.29
            23    802        -7.70       -29.16        24.81       -53.97       -56.25         2.28
            24    225        -7.73       -29.19        25.01       -54.20       -56.46         2.26
            25      5        -7.60       -29.07        25.02       -54.09       -56.38         2.30
            26   1349        -7.77       -29.24        25.09       -54.33       -56.62         2.29
            27    859        -7.65       -29.11        25.10       -54.21       -56.44         2.23
            28   1007        -7.39       -28.85        25.37       -54.22       -56.49         2.27
            29    457        -7.75       -29.21        24.97       -54.18       -56.45         2.27
            30    237        -7.29       -28.75        25.59       -54.34       -56.60         2.26
            31     72        -7.51       -28.97        25.51       -54.47       -56.69         2.22
            32    282        -5.96       -27.42        26.49       -53.91       -56.22         2.31
            33    973        -5.42       -26.89        27.05       -53.94       -56.23         2.29
            34    809        -5.84       -27.30        26.57       -53.88       -56.19         2.32
            35    188        -5.79       -27.25        26.73       -53.98       -56.28         2.30
            36   1131        -5.91       -27.37        26.75       -54.13       -56.39         2.26
            37    846        -6.12       -27.58        26.68       -54.26       -56.53         2.27
            38    172        -5.81       -27.27        26.59       -53.86       -56.17         2.31
            39    808        -5.87       -27.33        26.85       -54.18       -56.44         2.26
            40    288        -5.84       -27.31        26.80       -54.10       -56.41         2.30
            41    696        -5.84       -27.30        26.79       -54.08       -56.35         2.26
            42    952        -5.71       -27.17        27.05       -54.21       -56.48         2.27
            43   1246        -6.00       -27.46        26.92       -54.38       -56.64         2.25
            44    110        -5.56       -27.02        27.38       -54.40       -56.66         2.26
            45   1334        -5.65       -27.11        26.88       -53.99       -56.26         2.27
            46    247        -5.21       -26.67        27.54       -54.22       -56.45         2.23
            47   1073        -5.35       -26.81        27.04       -53.85       -56.14         2.28
            48   1200        -5.27       -26.73        27.19       -53.93       -56.22         2.30
            49    135        -5.49       -26.95        27.26       -54.21       -56.47         2.26
            50   1337        -5.79       -27.25        27.15       -54.40       -56.62         2.23
            51   1205        -5.51       -26.97        27.04       -54.02       -56.29         2.27
            52    148        -5.43       -26.89        27.27       -54.16       -56.43         2.27
            53    169        -5.33       -26.79        27.32       -54.11       -56.37         2.26
            54    947        -5.08       -26.54        27.40       -53.94       -56.24         2.30
            55   1063        -5.39       -26.85        27.19       -54.05       -56.29         2.24
            56   1080        -5.43       -26.90        27.55       -54.45       -56.69         2.24
            57    532        -5.38       -26.84        27.46       -54.30       -56.57         2.27
            58    570        -5.46       -26.92        27.28       -54.20       -56.42         2.22
            59   1280        -5.74       -27.20        27.00       -54.20       -56.40         2.20
            60   1078        -5.40       -26.86        27.31       -54.17       -56.41         2.24
            61    242        -5.27       -26.73        27.22       -53.95       -56.21         2.26
            62    474        -5.02       -26.48        27.50       -53.98       -56.27         2.29
            63   1318        -5.12       -26.58        27.65       -54.23       -56.52         2.29
            64    856        -5.29       -26.75        27.38       -54.13       -56.40         2.27
            65    428        -5.29       -26.75        27.51       -54.26       -56.50         2.23
            66    476        -5.25       -26.71        27.57       -54.28       -56.54         2.25
            67    545        -5.30       -26.76        27.48       -54.24       -56.49         2.25
            68    830        -5.59       -27.05        27.27       -54.32       -56.53         2.21
            69     98        -5.11       -26.58        27.75       -54.33       -56.57         2.25
          ------------------------------------------------------------------------------------------

          ----------------------------------------
          Gas Phase Internal Potential Energy: U
          ----------------------------------------

          ------------------------------------------------------------------------------------------
          Rank    ID         U         Valence     Coulomb        VdW         VdW6        VdW12
          ------------------------------------------------------------------------------------------
             1   1163        23.52         2.74        19.86         0.92        -6.79         7.71
             2    618        23.82         3.28        19.49         1.05        -6.95         8.00
             3   1283        24.06         3.25        19.78         1.03        -7.42         8.45
             4   1268        24.15         3.24        19.86         1.04        -7.42         8.46
             5   1062        24.26         3.24        19.97         1.05        -7.43         8.48
             6   1286        24.28         3.27        20.01         1.00        -7.48         8.48
             7    743        24.15         3.04        20.32         0.79        -7.69         8.47
             8   1219        24.28         3.31        19.89         1.08        -7.44         8.53
             9    472        24.34         3.53        19.94         0.86        -7.91         8.78
            10   1289        24.44         3.78        19.49         1.17        -7.58         8.75
            11   1303        24.45         3.78        19.49         1.18        -7.60         8.78
            12    495        24.79         3.75        19.89         1.15        -8.07         9.22
            13    180        24.61         3.78        19.72         1.12        -7.65         8.77
            14   1358        24.69         3.76        19.79         1.15        -8.08         9.23
            15   1049        24.91         3.92        19.77         1.23        -7.56         8.79
            16    529        24.73         3.78        19.80         1.14        -8.10         9.25
            17   1335        24.69         3.73        19.92         1.05        -8.39         9.44
            18    441        24.58         3.51        20.40         0.67        -8.75         9.42
            19   1290        24.99         3.86        19.96         1.17        -8.05         9.23
            20   1326        24.85         3.68        20.24         0.94        -8.46         9.40
            21    183        24.86         4.00        19.92         0.94        -8.62         9.56
            22   1215        24.83         3.59        20.27         0.97        -8.25         9.23
            23    802        24.81         3.51        20.42         0.87        -8.37         9.25
            24    225        25.01         4.19        19.77         1.05        -8.66         9.71
            25      5        25.02         4.08        19.89         1.05        -8.48         9.53
            26   1349        25.09         3.98        20.36         0.75        -8.97         9.72
            27    859        25.10         4.18        19.84         1.07        -9.12        10.20
            28   1007        25.37         4.33        19.84         1.20        -8.51         9.71
            29    457        24.97         3.93        20.40         0.65        -9.63        10.28
            30    237        25.59         4.27        20.22         1.10        -9.05        10.16
            31     72        25.51         4.41        20.36         0.73        -9.84        10.57
            32    282        26.49         4.73        20.83         0.94        -7.66         8.60
            33    973        27.05         5.14        20.88         1.03        -8.33         9.36
            34    809        26.57         4.53        21.14         0.91        -7.88         8.78
            35    188        26.73         5.86        19.88         0.99        -7.88         8.87
            36   1131        26.75         5.25        20.76         0.74        -8.68         9.42
            37    846        26.68         4.63        21.28         0.76        -8.91         9.67
            38    172        26.59         5.83        19.75         1.01        -7.92         8.93
            39    808        26.85         5.82        20.06         0.97        -8.37         9.33
            40    288        26.80         5.71        20.11         0.98        -8.40         9.38
            41    696        26.79         5.74        20.02         1.02        -8.39         9.41
            42    952        27.05         5.69        20.40         0.96        -8.45         9.41
            43   1246        26.92         5.93        20.33         0.66        -9.08         9.74
            44    110        27.38         5.93        20.58         0.88        -8.77         9.65
            45   1334        26.88         5.79        20.01         1.08        -8.36         9.44
            46    247        27.54         6.19        20.49         0.87        -9.30        10.17
            47   1073        27.04         4.97        21.07         1.01        -8.51         9.52
            48   1200        27.19         5.38        20.71         1.10        -8.25         9.35
            49    135        27.26         6.23        19.94         1.09        -8.62         9.70
            50   1337        27.15         5.07        21.22         0.85        -9.60        10.45
            51   1205        27.04         5.41        21.05         0.58        -8.85         9.43
            52    148        27.27         6.20        19.97         1.10        -8.56         9.66
            53    169        27.32         6.34        19.87         1.11        -8.50         9.61
            54    947        27.40         5.21        21.10         1.10        -8.39         9.49
            55   1063        27.19         6.32        19.78         1.09        -8.63         9.72
            56   1080        27.55         6.31        20.20         1.04        -9.08        10.12
            57    532        27.46         6.29        20.02         1.15        -8.55         9.70
            58    570        27.28         6.24        19.96         1.07        -9.13        10.20
            59   1280        27.00         6.01        20.61         0.37       -10.07        10.44
            60   1078        27.31         6.23        19.94         1.14        -9.00        10.14
            61    242        27.22         6.37        19.70         1.16        -8.53         9.69
            62    474        27.50         6.47        19.84         1.19        -8.40         9.59
            63   1318        27.65         6.44        19.99         1.23        -8.46         9.69
            64    856        27.38         5.85        20.57         0.95        -8.73         9.69
            65    428        27.51         6.38        20.01         1.12        -8.98        10.10
            66    476        27.57         6.36        20.03         1.18        -8.94        10.12
            67    545        27.48         5.28        21.25         0.95        -9.42        10.37
            68    830        27.27         5.85        21.05         0.37       -10.00        10.37
            69     98        27.75         6.25        20.44         1.06        -9.10        10.16
          ------------------------------------------------------------------------------------------

          -------------------------------
          Bonded Energy Terms: Valence
          -------------------------------

          ------------------------------------------------------------------------------------------
          Rank    ID     Valence       Bond        Angle         Pdih         Idih       Tether
          ------------------------------------------------------------------------------------------
             1   1163         2.74         0.17         0.87         1.69         0.00         0.00
             2    618         3.28         0.18         1.15         1.94         0.00         0.00
             3   1283         3.25         0.21         1.20         1.84         0.00         0.00
             4   1268         3.24         0.21         1.11         1.92         0.00         0.00
             5   1062         3.24         0.21         1.11         1.92         0.00         0.00
             6   1286         3.27         0.21         1.10         1.95         0.00         0.00
             7    743         3.04         0.20         1.09         1.75         0.00         0.00
             8   1219         3.31         0.22         1.17         1.93         0.00         0.00
             9    472         3.53         0.21         1.42         1.90         0.00         0.00
            10   1289         3.78         0.22         1.39         2.17         0.00         0.00
            11   1303         3.78         0.22         1.39         2.17         0.00         0.00
            12    495         3.75         0.24         1.44         2.07         0.00         0.00
            13    180         3.78         0.22         1.35         2.21         0.00         0.00
            14   1358         3.76         0.24         1.44         2.07         0.00         0.00
            15   1049         3.92         0.23         1.48         2.20         0.00         0.00
            16    529         3.78         0.25         1.44         2.09         0.00         0.00
            17   1335         3.73         0.26         1.57         1.90         0.00         0.00
            18    441         3.51         0.25         1.41         1.85         0.00         0.00
            19   1290         3.86         0.26         1.50         2.11         0.00         0.00
            20   1326         3.68         0.25         1.47         1.96         0.00         0.00
            21    183         4.00         0.25         1.61         2.15         0.00         0.00
            22   1215         3.59         0.24         1.38         1.97         0.00         0.00
            23    802         3.51         0.24         1.29         1.99         0.00         0.00
            24    225         4.19         0.26         1.71         2.21         0.00         0.00
            25      5         4.08         0.26         1.72         2.11         0.00         0.00
            26   1349         3.98         0.26         1.69         2.03         0.00         0.00
            27    859         4.18         0.29         1.81         2.08         0.00         0.00
            28   1007         4.33         0.27         1.90         2.16         0.00         0.00
            29    457         3.93         0.29         1.72         1.93         0.00         0.00
            30    237         4.27         0.30         1.89         2.08         0.00         0.00
            31     72         4.41         0.30         2.01         2.11         0.00         0.00
            32    282         4.73         0.24         1.43         3.06         0.00         0.00
            33    973         5.14         0.28         1.71         3.15         0.00         0.00
            34    809         4.53         0.23         1.59         2.71         0.00         0.00
            35    188         5.86         0.21         1.38         4.28         0.00         0.00
            36   1131         5.25         0.26         1.80         3.19         0.00         0.00
            37    846         4.63         0.28         2.16         2.19         0.00         0.00
            38    172         5.83         0.23         1.65         3.94         0.00         0.00
            39    808         5.82         0.27         1.80         3.76         0.00         0.00
            40    288         5.71         0.25         1.64         3.81         0.00         0.00
            41    696         5.74         0.26         1.58         3.90         0.00         0.00
            42    952         5.69         0.26         1.66         3.76         0.00         0.00
            43   1246         5.93         0.27         2.25         3.41         0.00         0.00
            44    110         5.93         0.27         2.15         3.50         0.00         0.00
            45   1334         5.79         0.26         1.70         3.83         0.00         0.00
            46    247         6.19         0.32         2.32         3.54         0.00         0.00
            47   1073         4.97         0.26         1.76         2.95         0.00         0.00
            48   1200         5.38         0.28         1.58         3.52         0.00         0.00
            49    135         6.23         0.28         1.93         4.02         0.00         0.00
            50   1337         5.07         0.31         2.31         2.45         0.00         0.00
            51   1205         5.41         0.26         1.92         3.23         0.00         0.00
            52    148         6.20         0.27         1.90         4.03         0.00         0.00
            53    169         6.34         0.24         1.60         4.50         0.00         0.00
            54    947         5.21         0.27         1.91         3.02         0.00         0.00
            55   1063         6.32         0.28         1.90         4.14         0.00         0.00
            56   1080         6.31         0.31         2.04         3.96         0.00         0.00
            57    532         6.29         0.27         1.84         4.18         0.00         0.00
            58    570         6.24         0.31         1.93         4.00         0.00         0.00
            59   1280         6.01         0.29         2.20         3.52         0.00         0.00
            60   1078         6.23         0.29         1.97         3.97         0.00         0.00
            61    242         6.37         0.27         1.85         4.25         0.00         0.00
            62    474         6.47         0.25         1.62         4.60         0.00         0.00
            63   1318         6.44         0.28         2.01         4.15         0.00         0.00
            64    856         5.85         0.28         2.37         3.20         0.00         0.00
            65    428         6.38         0.30         1.99         4.09         0.00         0.00
            66    476         6.36         0.30         2.02         4.05         0.00         0.00
            67    545         5.28         0.32         2.52         2.44         0.00         0.00
            68    830         5.85         0.29         2.26         3.31         0.00         0.00
            69     98         6.25         0.30         1.93         4.02         0.00         0.00
          ------------------------------------------------------------------------------------------

          Calculating single reference conformer RMSDs ...

          ---------------------------------
          Conformer RMSDs are in Angstroms.
          ---------------------------------

          ------------------------------------------------------------------------------------------
                              RMSD wrt Input Crd                    RMSD wrt Rank 1
                         ---------------------------------------------------------------------------
          Rank    ID        Complex    Receptor  Ligand          Complex    Receptor  Ligand
          ------------------------------------------------------------------------------------------
             1   1163                             1.096                               0.000
             2    618                             0.174                               1.141
             3   1283                             1.860                               1.658
             4   1268                             1.821                               0.607
             5   1062                             1.917                               0.622
             6   1286                             1.126                               0.626
             7    743                             1.479                               1.098
             8   1219                             0.860                               0.626
             9    472                             1.028                               1.590
            10   1289                             0.633                               1.282
            11   1303                             0.575                               1.849
            12    495                             1.312                               1.547
            13    180                             0.632                               1.530
            14   1358                             1.640                               1.344
            15   1049                             0.885                               0.633
            16    529                             0.693                               1.189
            17   1335                             1.205                               1.366
            18    441                             2.347                               1.421
            19   1290                             1.344                               0.659
            20   1326                             2.029                               1.607
            21    183                             1.319                               2.082
            22   1215                             1.342                               0.654
            23    802                             2.039                               1.259
            24    225                             0.938                               1.859
            25      5                             0.669                               1.344
            26   1349                             1.463                               1.766
            27    859                             0.967                               1.527
            28   1007                             1.563                               0.962
            29    457                             1.595                               1.396
            30    237                             1.927                               1.004
            31     72                             1.487                               1.552
            32    282                             1.234                               1.519
            33    973                             1.854                               0.914
            34    809                             1.343                               0.972
            35    188                             1.258                               1.992
            36   1131                             1.887                               1.569
            37    846                             1.278                               1.332
            38    172                             1.881                               1.259
            39    808                             2.104                               1.306
            40    288                             1.415                               1.010
            41    696                             1.183                               1.556
            42    952                             1.711                               1.090
            43   1246                             1.970                               1.730
            44    110                             1.633                               1.850
            45   1334                             1.098                               1.366
            46    247                             1.657                               1.611
            47   1073                             1.620                               1.590
            48   1200                             1.246                               1.477
            49    135                             1.693                               1.656
            50   1337                             1.857                               1.811
            51   1205                             1.916                               1.759
            52    148                             1.104                               1.803
            53    169                             1.394                               1.254
            54    947                             1.895                               0.716
            55   1063                             1.272                               1.474
            56   1080                             2.324                               1.920
            57    532                             1.258                               1.376
            58    570                             1.784                               1.824
            59   1280                             1.815                               2.295
            60   1078                             1.269                               1.526
            61    242                             0.726                               1.611
            62    474                             1.350                               1.820
            63   1318                             1.629                               1.822
            64    856                             1.531                               1.104
            65    428                             1.099                               1.693
            66    476                             2.380                               1.652
            67    545                             1.415                               1.538
            68    830                             1.928                               1.905
            69     98                             1.550                               1.036
          ------------------------------------------------------------------------------------------

          --------------------------------
          Final Boltzmann Averaged Data.
          --------------------------------

          -------------------------------------------------------------------
          Results of Boltzmann Averaging Over All   89 Conformers (kcal/mol).
          -------------------------------------------------------------------

          Free Energy                        G              22.6534299334
          Average Potential Energy         < E >            -8.1833887689
          Entropy                           -TS             30.8368187023
          -------------------------------------------------------------------

          Average Potential Energy < E > Components.

          < U >                    24.3133670156
          < W(PBSA) >             -53.9580845903
          < H.O. P.E. >            21.4618296448

          Average Solvation Energy < W(PBSA) > Components.

          < PB >                  -56.2730755069
          < SA >                    2.3149909167

          Average Gas Phase Internal Potential Energy < U > Components.

          < Valence >               3.4108306638
          < Coulomb >              19.9001814182
          < VdW >                   1.0023549335

          Average Van der Waals Energy < VdW > Components.

          < VdW6  >                -7.6150027322
          < VdW12 >                 8.6173576657

          Average Bonded Energy < Valence > Components.

          < Bond >                  0.2143119401
          < Angle >                 1.2426439580
          < Pdihed >                1.9538747657
          < Idihed >                0.0000000000
          < Tether >                0.0000000000

          -------------------------------------------------------------------
                        End of VM2 Calculation Results Summary.
          -------------------------------------------------------------------


     Total cpu time for run         32.05 seconds.
                                     0.53 minutes.

     Total wall time for run        32.29 seconds.
                                     0.54 minutes.

     TIME STAMP: VCPack job finished normally : Sunday, August 07, 2022 at 12:03:14
