
     --------------------------------------------------------------------------------
                        Running Program VCPack. Version 2.8

                           VeraChem LLC, PO Box 2206
                           Germantown, MD 20875, U.S.A.

                                Tel. 240-686-0565
                                www.verachem.com
     --------------------------------------------------------------------------------


     Input file          :   CD_guest-4_fast_vm2_rndm.inp

     Output file         :   CD_guest-4_fast_vm2_rndm.out

     Summary output file :   CD_guest-4_fast_vm2_rndm.summary.out

     Executable : /data/comblab/vcCompChem_3b/exe/VC_CompChemPackage_mpi_openmp.exe

     Build date : Aug 13 2021  17:26:49

     This is a multiple processor run.

     MPI processes              :   16
     OpenMP threads per process :   16
     CUDA enabled               :  no

     TIME STAMP: VCPack job started : Sunday, August 07, 2022 at 13:13:08

     --------------------------------------------------------------------------------
                            Basic Calculation Control.
     --------------------------------------------------------------------------------

     Molecular system type                :  host+ligand     

     Calculation type                     :  feprocess       

     Energy potential                     :  mm              

     Post-processing type                 :  none            

     Post-processing energy potential     :  none            

     Time limit in wall clock hours       :  96.00

     Type of conformers to read in        :  ligand  
     Conformer source files(s)            :  guest-4_confgen4.xyz                              

     Use input .crd for complex build     :  no
     Place ligand confs. at input .crd    :  byconfscog
     Use input .crd as start conformer    :  yes

     Formatted output files               :  xyz     
                                          :  pdb     
                                          :  mol2    
                                          :  sdf     
                                          :  xyz     
                                          :  gms     
                                          :  csv     

     Split formatted output files         :  crd     

     Limit conformers in formatted files  :  bycount
     Maximum conformer count              :  1000

     Atoms to include in formatted files  :  all     

     Binary file restart type             :  none


     --------------------------------------------------------------------------------
                            Math Related Control and Set Up.
     --------------------------------------------------------------------------------

     Random number generator seeds :  bywallclock

     Seed 1 :           8998626
     Seed 2 :             82193
     Seed 3 :               915
     Seed 4 :              1519


     --------------------------------------------------------------------------------
                            Basic Molecular System Set Up.
     --------------------------------------------------------------------------------

     ----------------
     Host Data Files.
     ----------------

     Standard crd coordinate file            :  CD.crd
     VeraChem topology file                  :  CD.top
     Standard mol/sdf file                   :  CD.mol

     Total number of host atoms              :       126

     ------------------
     Ligand Data Files.
     ------------------

     Standard crd coordinate file            :  guest-4.crd
     VeraChem topology file                  :  guest-4.top
     Standard mol/sdf file                   :  guest-4.mol

     Total number of ligand atoms            :        16

     Included in this calculation.
     Number of real and live ligand atoms    :        16
     Number of real but fixed ligand atoms   :         0

     Ligand placement method                 :  byreceptorcog

     NOTE: The placement of the ligand redefines the ligand .crd input coordinates.

     Snap ligand to template atoms           :      no

     -------------------------------
     Final Real/Live Set Atom Count.
     -------------------------------

     Total number of real atoms              :       142
     Total number of live atoms              :       142


     --------------------------------------------------------------------------------
                            Generate Initial Molecular Conformations.
     --------------------------------------------------------------------------------

     Conf. Type Read In      File Format       No. of Confs. Read In 
             ligand             xyz                 999

     Mandatory input crd file(s) used for generation of 1 additional conformer.

     From these the total number of starting conformers generated :  1000


     --------------------------------------------------------------------------------
                             Energy Potential Settings.
     --------------------------------------------------------------------------------


     Molecular Mechanics package          :  vchem           

     Quantum Mechanics package            :  none            


     --------------------------------------------------------------------------------
                       Running VfreeE Module. Version 2.8
     --------------------------------------------------------------------------------

          --------------------------------
          Final Individual Conformer Data.
          --------------------------------

          List data for conformers with probability of at least :  0.01 %
          Rankings are with respect to : Free Energy (G)

          ------------------------
          Free Energy: G = E - TS
          ------------------------

          ------------------------------------------------------------------------------------------
          Rank    ID     ln(Zx)    Prob(%)  Sum Prob(%)  Del G        G            E            -TS
          ------------------------------------------------------------------------------------------
             1     67  -1222.18262   67.73    67.73      0.00       555.11       370.70       184.41
             2    718  -1224.79010    4.99    72.72      1.55       556.66       372.34       184.32
             3    804  -1224.84745    4.71    77.44      1.59       556.70       372.92       183.78
             4    361  -1225.67092    2.07    79.51      2.08       557.19       373.66       183.52
             5    967  -1225.95060    1.56    81.07      2.25       557.35       373.02       184.33
             6    216  -1226.00710    1.48    82.55      2.28       557.39       374.37       183.02
             7    696  -1226.11608    1.33    83.88      2.34       557.45       374.30       183.15
             8    321  -1226.15154    1.28    85.16      2.37       557.47       374.42       183.06
             9    873  -1226.22242    1.19    86.35      2.41       557.52       374.07       183.45
            10    985  -1226.23776    1.17    87.52      2.42       557.53       374.49       183.04
            11    868  -1226.38948    1.01    88.53      2.51       557.62       372.79       184.82
            12    180  -1226.39311    1.01    89.54      2.51       557.62       373.28       184.34
            13    336  -1226.57145    0.84    90.38      2.62       557.72       374.49       183.23
            14    843  -1226.84579    0.64    91.02      2.78       557.89       374.34       183.55
            15    756  -1226.97818    0.56    91.58      2.86       557.97       374.31       183.66
            16    954  -1227.09979    0.50    92.07      2.93       558.04       374.29       183.75
            17    897  -1227.34248    0.39    92.46      3.08       558.18       374.06       184.12
            18    930  -1227.34309    0.39    92.85      3.08       558.18       374.44       183.74
            19    900  -1227.39135    0.37    93.22      3.11       558.21       373.97       184.25
            20    773  -1227.48486    0.34    93.56      3.16       558.27       374.56       183.71
            21    687  -1227.53176    0.32    93.88      3.19       558.30       373.93       184.37
            22    191  -1227.61842    0.30    94.17      3.24       558.35       375.75       182.60
            23     47  -1227.65373    0.28    94.46      3.26       558.37       374.32       184.06
            24    675  -1227.75993    0.26    94.72      3.32       558.43       374.94       183.49
            25    651  -1227.77461    0.25    94.97      3.33       558.44       375.07       183.38
            26    381  -1227.80848    0.24    95.21      3.35       558.46       374.78       183.68
            27    312  -1227.81597    0.24    95.45      3.36       558.47       374.27       184.20
            28    762  -1228.04725    0.19    95.65      3.50       558.60       374.51       184.10
            29    835  -1228.22576    0.16    95.81      3.60       558.71       375.87       182.84
            30    177  -1228.28828    0.15    95.96      3.64       558.75       376.00       182.75
            31    433  -1228.31363    0.15    96.11      3.66       558.76       375.79       182.97
            32    541  -1228.34603    0.14    96.25      3.67       558.78       375.32       183.46
            33    219  -1228.37657    0.14    96.39      3.69       558.80       375.52       183.28
            34    650  -1228.37723    0.14    96.52      3.69       558.80       374.95       183.85
            35    716  -1228.42213    0.13    96.66      3.72       558.83       375.52       183.31
            36    729  -1228.44359    0.13    96.79      3.73       558.84       376.22       182.62
            37    181  -1228.49946    0.12    96.91      3.77       558.87       374.86       184.02
            38    764  -1228.51637    0.12    97.03      3.78       558.88       375.30       183.59
            39    607  -1228.51924    0.12    97.15      3.78       558.89       374.92       183.97
            40    339  -1228.52436    0.12    97.27      3.78       558.89       375.21       183.68
            41    755  -1228.53421    0.12    97.39      3.79       558.90       376.29       182.60
            42    393  -1228.54323    0.12    97.50      3.79       558.90       374.35       184.55
            43    341  -1228.62244    0.11    97.61      3.84       558.95       374.58       184.37
            44    538  -1228.65428    0.10    97.72      3.86       558.97       376.17       182.79
            45     90  -1228.70157    0.10    97.82      3.89       558.99       376.57       182.42
            46    247  -1228.77480    0.09    97.91      3.93       559.04       374.62       184.42
            47    819  -1228.85189    0.09    97.99      3.98       559.08       376.19       182.89
            48    455  -1228.97107    0.08    98.07      4.05       559.16       374.37       184.78
            49    188  -1229.02604    0.07    98.14      4.08       559.19       375.42       183.77
            50     43  -1229.05606    0.07    98.21      4.10       559.21       375.96       183.25
            51    808  -1229.07149    0.07    98.28      4.11       559.22       374.84       184.37
            52    722  -1229.08671    0.07    98.35      4.12       559.22       374.44       184.78
            53    211  -1229.09534    0.07    98.42      4.12       559.23       374.80       184.43
            54    268  -1229.15395    0.06    98.48      4.16       559.26       374.74       184.52
            55    108  -1229.15654    0.06    98.54      4.16       559.27       375.49       183.78
            56    105  -1229.16740    0.06    98.61      4.16       559.27       374.85       184.42
            57    305  -1229.20205    0.06    98.67      4.18       559.29       377.36       181.93
            58    934  -1229.27949    0.06    98.72      4.23       559.34       375.02       184.32
            59    566  -1229.32388    0.05    98.78      4.26       559.37       374.92       184.45
            60    753  -1229.32403    0.05    98.83      4.26       559.37       376.77       182.59
            61    739  -1229.35215    0.05    98.88      4.27       559.38       376.33       183.06
            62    137  -1229.44387    0.05    98.93      4.33       559.44       375.59       183.84
            63    691  -1229.49244    0.05    98.98      4.36       559.47       375.74       183.72
            64    313  -1229.52060    0.04    99.02      4.37       559.48       375.33       184.15
            65    556  -1229.52698    0.04    99.06      4.38       559.49       375.47       184.02
            66    795  -1229.63402    0.04    99.10      4.44       559.55       376.19       183.36
            67     34  -1229.63517    0.04    99.14      4.44       559.55       375.93       183.62
            68    119  -1229.65257    0.04    99.18      4.45       559.56       375.85       183.72
            69    717  -1229.66730    0.04    99.22      4.46       559.57       375.68       183.89
            70     79  -1229.68069    0.04    99.26      4.47       559.58       375.13       184.45
            71    355  -1229.94158    0.03    99.29      4.63       559.73       375.57       184.17
            72    198  -1229.96646    0.03    99.31      4.64       559.75       376.21       183.54
            73    290  -1230.00629    0.03    99.34      4.66       559.77       376.09       183.68
            74    499  -1230.01929    0.03    99.37      4.67       559.78       375.22       184.56
            75    345  -1230.06515    0.03    99.39      4.70       559.81       375.69       184.12
            76    820  -1230.06831    0.03    99.42      4.70       559.81       377.40       182.41
            77    544  -1230.11861    0.02    99.44      4.73       559.84       374.92       184.92
            78     56  -1230.12090    0.02    99.47      4.73       559.84       376.67       183.17
            79    916  -1230.16167    0.02    99.49      4.76       559.87       376.63       183.24
            80    443  -1230.19994    0.02    99.51      4.78       559.89       376.39       183.49
            81    248  -1230.23289    0.02    99.53      4.80       559.91       375.62       184.29
            82    176  -1230.23529    0.02    99.56      4.80       559.91       376.16       183.75
            83    905  -1230.28697    0.02    99.58      4.83       559.94       375.69       184.25
            84    520  -1230.30107    0.02    99.60      4.84       559.95       376.40       183.55
            85    909  -1230.49033    0.02    99.61      4.95       560.06       375.87       184.19
            86    779  -1230.51066    0.02    99.63      4.96       560.07       376.60       183.48
            87    335  -1230.51469    0.02    99.65      4.97       560.08       376.56       183.51
            88    330  -1230.54814    0.02    99.66      4.99       560.10       377.56       182.54
            89    665  -1230.70547    0.01    99.68      5.08       560.19       376.56       183.63
            90    386  -1230.76746    0.01    99.69      5.12       560.23       377.23       183.00
            91    584  -1230.78151    0.01    99.70      5.13       560.23       374.89       185.34
            92    608  -1230.79702    0.01    99.71      5.14       560.24       376.64       183.60
            93    242  -1230.83543    0.01    99.72      5.16       560.27       377.25       183.02
            94    778  -1230.87234    0.01    99.74      5.18       560.29       376.55       183.74
            95    450  -1230.87381    0.01    99.75      5.18       560.29       375.68       184.61
            96    914  -1230.90408    0.01    99.76      5.20       560.31       376.06       184.25
            97     53  -1230.90745    0.01    99.77      5.20       560.31       376.23       184.08
            98    351  -1230.95358    0.01    99.78      5.23       560.34       376.41       183.93
            99    595  -1230.98031    0.01    99.79      5.24       560.35       377.12       183.23
           100    384  -1230.98575    0.01    99.80      5.25       560.36       377.03       183.32
          ------------------------------------------------------------------------------------------

          --------------------------------------------------------
          Potential Energy: E = (U+W) + H.O. Equipartion energy
          --------------------------------------------------------

          ------------------------------------------------------------------------------------------
          Rank    ID         E          U+W            U        W(PBSA)          PB           SA
          ------------------------------------------------------------------------------------------
             1     67       370.70       245.50       284.54       -39.03       -45.18         6.14
             2    718       372.34       247.15       286.04       -38.90       -44.95         6.05
             3    804       372.92       247.72       285.25       -37.53       -43.54         6.01
             4    361       373.66       248.47       288.45       -39.98       -46.08         6.10
             5    967       373.02       247.83       286.39       -38.56       -44.54         5.98
             6    216       374.37       249.18       284.92       -35.74       -41.76         6.01
             7    696       374.30       249.11       286.29       -37.18       -43.22         6.04
             8    321       374.42       249.23       285.54       -36.32       -42.31         5.99
             9    873       374.07       248.88       286.91       -38.03       -44.07         6.05
            10    985       374.49       249.29       288.49       -39.19       -45.11         5.92
            11    868       372.79       247.60       284.64       -37.04       -43.09         6.05
            12    180       373.28       248.09       285.56       -37.47       -43.54         6.07
            13    336       374.49       249.30       284.50       -35.20       -41.23         6.02
            14    843       374.34       249.15       287.00       -37.85       -43.88         6.04
            15    756       374.31       249.11       285.71       -36.60       -42.63         6.04
            16    954       374.29       249.09       287.13       -38.03       -44.10         6.07
            17    897       374.06       248.87       283.36       -34.49       -40.45         5.96
            18    930       374.44       249.25       285.94       -36.69       -42.70         6.01
            19    900       373.97       248.77       283.23       -34.46       -40.40         5.94
            20    773       374.56       249.36       284.80       -35.43       -41.40         5.96
            21    687       373.93       248.74       286.10       -37.36       -43.37         6.01
            22    191       375.75       250.56       289.03       -38.47       -44.55         6.08
            23     47       374.32       249.12       289.08       -39.95       -45.95         5.99
            24    675       374.94       249.75       287.21       -37.46       -43.45         5.99
            25    651       375.07       249.87       287.27       -37.40       -43.37         5.97
            26    381       374.78       249.59       284.94       -35.35       -41.32         5.97
            27    312       374.27       249.07       285.75       -36.68       -42.72         6.05
            28    762       374.51       249.31       286.83       -37.51       -43.54         6.02
            29    835       375.87       250.68       288.41       -37.74       -43.75         6.01
            30    177       376.00       250.81       287.92       -37.12       -43.14         6.03
            31    433       375.79       250.60       287.00       -36.41       -42.43         6.03
            32    541       375.32       250.13       287.82       -37.69       -43.65         5.96
            33    219       375.52       250.33       284.21       -33.89       -39.84         5.95
            34    650       374.95       249.76       287.45       -37.69       -43.69         6.00
            35    716       375.52       250.32       288.56       -38.24       -44.21         5.97
            36    729       376.22       251.02       289.65       -38.62       -44.59         5.96
            37    181       374.86       249.66       289.47       -39.80       -45.76         5.95
            38    764       375.30       250.10       288.61       -38.51       -44.58         6.07
            39    607       374.92       249.72       287.30       -37.58       -43.63         6.05
            40    339       375.21       250.02       286.32       -36.31       -42.30         5.99
            41    755       376.29       251.10       289.03       -37.93       -43.95         6.02
            42    393       374.35       249.16       286.32       -37.17       -43.09         5.92
            43    341       374.58       249.39       287.44       -38.05       -44.06         6.01
            44    538       376.17       250.98       288.84       -37.86       -43.88         6.02
            45     90       376.57       251.38       289.13       -37.75       -43.71         5.96
            46    247       374.62       249.43       288.86       -39.43       -45.50         6.07
            47    819       376.19       251.00       288.09       -37.09       -43.05         5.96
            48    455       374.37       249.18       288.91       -39.74       -45.72         5.99
            49    188       375.42       250.23       284.33       -34.10       -40.07         5.96
            50     43       375.96       250.76       289.48       -38.71       -44.69         5.98
            51    808       374.84       249.65       289.14       -39.50       -45.48         5.98
            52    722       374.44       249.25       286.60       -37.36       -43.37         6.01
            53    211       374.80       249.61       287.23       -37.62       -43.59         5.98
            54    268       374.74       249.55       289.09       -39.54       -45.58         6.03
            55    108       375.49       250.29       286.69       -36.40       -42.42         6.02
            56    105       374.85       249.65       288.72       -39.07       -45.06         6.00
            57    305       377.36       252.17       290.91       -38.74       -44.71         5.97
            58    934       375.02       249.82       288.70       -38.88       -44.87         5.99
            59    566       374.92       249.73       286.45       -36.72       -42.71         5.99
            60    753       376.77       251.58       289.04       -37.46       -43.42         5.96
            61    739       376.33       251.13       290.98       -39.85       -45.82         5.97
            62    137       375.59       250.40       284.82       -34.42       -40.42         5.99
            63    691       375.74       250.55       287.79       -37.24       -43.20         5.96
            64    313       375.33       250.14       287.60       -37.47       -43.40         5.93
            65    556       375.47       250.27       284.26       -33.98       -39.98         5.99
            66    795       376.19       251.00       285.08       -34.08       -40.08         6.00
            67     34       375.93       250.74       287.33       -36.59       -42.55         5.96
            68    119       375.85       250.65       286.75       -36.10       -42.11         6.01
            69    717       375.68       250.48       286.33       -35.84       -41.83         5.99
            70     79       375.13       249.93       290.47       -40.54       -46.62         6.08
            71    355       375.57       250.37       284.97       -34.59       -40.57         5.98
            72    198       376.21       251.01       288.33       -37.32       -43.33         6.02
            73    290       376.09       250.90       288.94       -38.04       -44.04         6.01
            74    499       375.22       250.02       288.89       -38.87       -44.88         6.01
            75    345       375.69       250.50       288.76       -38.27       -44.27         6.00
            76    820       377.40       252.21       291.48       -39.27       -45.27         6.00
            77    544       374.92       249.72       286.24       -36.51       -42.51         5.99
            78     56       376.67       251.47       289.15       -37.68       -43.72         6.04
            79    916       376.63       251.43       287.28       -35.84       -41.80         5.95
            80    443       376.39       251.20       289.38       -38.18       -44.18         6.00
            81    248       375.62       250.42       287.61       -37.19       -43.19         6.00
            82    176       376.16       250.96       287.01       -36.04       -42.02         5.98
            83    905       375.69       250.50       289.24       -38.74       -44.75         6.01
            84    520       376.40       251.21       287.11       -35.90       -41.84         5.94
            85    909       375.87       250.68       285.56       -34.88       -40.83         5.95
            86    779       376.60       251.40       290.69       -39.29       -45.25         5.97
            87    335       376.56       251.37       287.95       -36.59       -42.52         5.93
            88    330       377.56       252.36       286.43       -34.06       -39.96         5.90
            89    665       376.56       251.36       290.61       -39.25       -45.22         5.98
            90    386       377.23       252.03       286.93       -34.90       -40.86         5.96
            91    584       374.89       249.70       287.45       -37.75       -43.77         6.02
            92    608       376.64       251.45       287.75       -36.30       -42.28         5.97
            93    242       377.25       252.05       287.63       -35.58       -41.50         5.92
            94    778       376.55       251.36       285.90       -34.54       -40.48         5.95
            95    450       375.68       250.48       286.84       -36.36       -42.41         6.05
            96    914       376.06       250.86       291.72       -40.85       -46.79         5.93
            97     53       376.23       251.03       289.07       -38.03       -44.06         6.03
            98    351       376.41       251.21       287.07       -35.85       -41.82         5.96
            99    595       377.12       251.92       290.63       -38.71       -44.72         6.01
           100    384       377.03       251.84       289.23       -37.39       -43.37         5.98
          ------------------------------------------------------------------------------------------

          ----------------------------------------
          Gas Phase Internal Potential Energy: U
          ----------------------------------------

          ------------------------------------------------------------------------------------------
          Rank    ID         U         Valence     Coulomb        VdW         VdW6        VdW12
          ------------------------------------------------------------------------------------------
             1     67       284.54       156.62       151.01       -23.10      -171.08       147.98
             2    718       286.04       157.54       151.70       -23.20      -172.08       148.89
             3    804       285.25       158.78       149.53       -23.06      -171.28       148.22
             4    361       288.45       157.70       152.08       -21.33      -169.80       148.47
             5    967       286.39       160.51       150.34       -24.46      -174.69       150.22
             6    216       284.92       160.93       149.29       -25.30      -173.35       148.05
             7    696       286.29       160.13       149.64       -23.48      -171.06       147.58
             8    321       285.54       160.82       148.36       -23.64      -172.35       148.71
             9    873       286.91       160.97       149.29       -23.36      -171.54       148.18
            10    985       288.49       161.40       152.19       -25.10      -174.71       149.61
            11    868       284.64       159.63       147.33       -22.32      -174.05       151.73
            12    180       285.56       160.64       147.35       -22.43      -173.07       150.63
            13    336       284.50       160.28       150.21       -25.99      -174.99       149.00
            14    843       287.00       159.68       150.69       -23.37      -172.03       148.66
            15    756       285.71       160.76       148.03       -23.08      -172.64       149.56
            16    954       287.13       160.42       151.07       -24.37      -173.58       149.21
            17    897       283.36       160.50       150.05       -27.19      -175.83       148.64
            18    930       285.94       159.98       149.68       -23.72      -172.93       149.22
            19    900       283.23       161.54       148.20       -26.52      -175.47       148.95
            20    773       284.80       159.87       152.01       -27.08      -176.44       149.35
            21    687       286.10       160.61       149.38       -23.89      -172.34       148.45
            22    191       289.03       159.79       153.84       -24.61      -172.58       147.97
            23     47       289.08       159.32       155.23       -25.47      -172.74       147.27
            24    675       287.21       160.50       149.97       -23.26      -171.79       148.53
            25    651       287.27       159.88       154.07       -26.68      -173.93       147.25
            26    381       284.94       161.30       149.29       -25.66      -173.36       147.70
            27    312       285.75       160.15       147.44       -21.84      -170.29       148.46
            28    762       286.83       159.60       150.50       -23.27      -172.24       148.96
            29    835       288.41       157.98       156.27       -25.84      -174.35       148.52
            30    177       287.92       161.72       151.83       -25.63      -173.23       147.60
            31    433       287.00       160.06       150.12       -23.18      -171.39       148.22
            32    541       287.82       160.89       150.20       -23.27      -172.18       148.91
            33    219       284.21       159.63       151.56       -26.98      -174.33       147.35
            34    650       287.45       159.37       151.67       -23.59      -171.39       147.80
            35    716       288.56       158.51       157.05       -27.00      -173.69       146.69
            36    729       289.65       160.72       155.46       -26.53      -174.56       148.03
            37    181       289.47       161.05       153.15       -24.74      -174.47       149.73
            38    764       288.61       160.89       151.09       -23.36      -171.94       148.58
            39    607       287.30       159.72       150.99       -23.41      -171.25       147.83
            40    339       286.32       162.00       147.45       -23.13      -172.70       149.57
            41    755       289.03       160.28       153.35       -24.60      -172.87       148.26
            42    393       286.32       158.79       153.63       -26.10      -175.01       148.92
            43    341       287.44       158.21       153.69       -24.46      -172.19       147.73
            44    538       288.84       160.24       151.42       -22.82      -170.64       147.82
            45     90       289.13       159.69       155.17       -25.74      -171.48       145.74
            46    247       288.86       159.56       151.29       -22.00      -172.26       150.26
            47    819       288.09       161.72       150.32       -23.95      -172.88       148.92
            48    455       288.91       159.65       155.09       -25.83      -174.42       148.59
            49    188       284.33       161.54       148.58       -25.79      -175.28       149.50
            50     43       289.48       159.13       157.06       -26.71      -172.96       146.24
            51    808       289.14       159.79       153.19       -23.84      -173.11       149.27
            52    722       286.60       158.50       151.21       -23.11      -174.50       151.40
            53    211       287.23       160.22       150.60       -23.60      -171.75       148.15
            54    268       289.09       160.28       151.78       -22.98      -172.88       149.90
            55    108       286.69       161.41       148.69       -23.41      -170.99       147.59
            56    105       288.72       160.12       153.90       -25.30      -173.68       148.38
            57    305       290.91       160.84       155.59       -25.52      -171.08       145.56
            58    934       288.70       158.78       155.03       -25.11      -173.81       148.70
            59    566       286.45       160.41       149.87       -23.83      -173.96       150.13
            60    753       289.04       162.41       151.68       -25.05      -173.18       148.13
            61    739       290.98       162.10       154.27       -25.39      -175.02       149.62
            62    137       284.82       160.82       149.74       -25.74      -174.82       149.09
            63    691       287.79       158.41       154.20       -24.82      -172.89       148.07
            64    313       287.60       158.29       155.35       -26.04      -174.81       148.77
            65    556       284.26       162.79       146.93       -25.46      -175.57       150.11
            66    795       285.08       161.75       148.07       -24.75      -174.96       150.21
            67     34       287.33       160.54       154.41       -27.62      -175.86       148.24
            68    119       286.75       156.56       154.86       -24.67      -172.39       147.72
            69    717       286.33       162.39       150.73       -26.80      -175.31       148.51
            70     79       290.47       159.19       152.94       -21.66      -171.43       149.77
            71    355       284.97       160.48       150.99       -26.51      -175.39       148.88
            72    198       288.33       161.52       149.79       -22.98      -173.51       150.53
            73    290       288.94       160.59       152.35       -24.00      -173.01       149.00
            74    499       288.89       160.88       152.95       -24.94      -174.47       149.53
            75    345       288.76       162.09       150.80       -24.13      -173.26       149.13
            76    820       291.48       161.73       153.80       -24.05      -170.37       146.32
            77    544       286.24       159.22       151.85       -24.84      -174.72       149.88
            78     56       289.15       159.83       154.00       -24.68      -174.00       149.32
            79    916       287.28       161.32       152.72       -26.76      -175.05       148.29
            80    443       289.38       160.83       151.96       -23.41      -172.57       149.16
            81    248       287.61       158.79       151.98       -23.16      -172.55       149.40
            82    176       287.01       160.45       150.41       -23.86      -173.38       149.53
            83    905       289.24       160.64       152.41       -23.82      -173.16       149.34
            84    520       287.11       159.53       155.62       -28.04      -176.59       148.55
            85    909       285.56       161.47       151.45       -27.36      -178.69       151.32
            86    779       290.69       160.96       155.22       -25.49      -172.58       147.09
            87    335       287.95       160.50       155.20       -27.75      -176.58       148.83
            88    330       286.43       161.97       151.61       -27.16      -176.35       149.18
            89    665       290.61       160.03       154.43       -23.86      -171.25       147.40
            90    386       286.93       162.31       150.53       -25.90      -175.05       149.15
            91    584       287.45       160.60       151.86       -25.01      -175.01       150.00
            92    608       287.75       159.65       155.48       -27.37      -175.83       148.46
            93    242       287.63       162.69       151.85       -26.92      -176.50       149.59
            94    778       285.90       162.00       150.29       -26.39      -174.22       147.83
            95    450       286.84       161.58       147.47       -22.21      -173.87       151.66
            96    914       291.72       160.38       157.46       -26.12      -174.10       147.98
            97     53       289.07       159.89       153.86       -24.69      -174.23       149.55
            98    351       287.07       162.00       150.59       -25.53      -174.71       149.19
            99    595       290.63       161.61       152.54       -23.52      -172.12       148.59
           100    384       289.23       162.09       152.62       -25.48      -173.98       148.50
          ------------------------------------------------------------------------------------------

          -------------------------------
          Bonded Energy Terms: Valence
          -------------------------------

          ------------------------------------------------------------------------------------------
          Rank    ID     Valence       Bond        Angle         Pdih         Idih       Tether
          ------------------------------------------------------------------------------------------
             1     67       156.62         4.49        14.25       137.89         0.00         0.00
             2    718       157.54         4.54        14.73       138.27         0.00         0.00
             3    804       158.78         4.46        14.61       139.70         0.00         0.00
             4    361       157.70         4.51        14.69       138.50         0.00         0.00
             5    967       160.51         4.65        15.17       140.69         0.00         0.00
             6    216       160.93         4.46        14.48       141.99         0.00         0.00
             7    696       160.13         4.51        14.65       140.97         0.00         0.00
             8    321       160.82         4.53        15.54       140.75         0.00         0.00
             9    873       160.97         4.51        14.65       141.82         0.00         0.00
            10    985       161.40         4.60        15.47       141.32         0.00         0.00
            11    868       159.63         4.68        14.06       140.88         0.00         0.00
            12    180       160.64         4.62        14.35       141.67         0.00         0.00
            13    336       160.28         4.54        14.93       140.81         0.00         0.00
            14    843       159.68         4.47        15.20       140.01         0.00         0.00
            15    756       160.76         4.55        15.10       141.10         0.00         0.00
            16    954       160.42         4.51        14.53       141.37         0.00         0.00
            17    897       160.50         4.41        14.63       141.46         0.00         0.00
            18    930       159.98         4.62        15.88       139.48         0.00         0.00
            19    900       161.54         4.43        14.22       142.89         0.00         0.00
            20    773       159.87         4.50        14.51       140.86         0.00         0.00
            21    687       160.61         4.54        15.17       140.89         0.00         0.00
            22    191       159.79         4.48        14.51       140.81         0.00         0.00
            23     47       159.32         4.58        15.06       139.67         0.00         0.00
            24    675       160.50         4.54        15.47       140.49         0.00         0.00
            25    651       159.88         4.44        14.93       140.51         0.00         0.00
            26    381       161.30         4.41        14.42       142.46         0.00         0.00
            27    312       160.15         4.55        14.73       140.87         0.00         0.00
            28    762       159.60         4.64        15.53       139.44         0.00         0.00
            29    835       157.98         4.50        15.00       138.48         0.00         0.00
            30    177       161.72         4.44        14.69       142.59         0.00         0.00
            31    433       160.06         4.54        15.20       140.32         0.00         0.00
            32    541       160.89         4.55        15.19       141.15         0.00         0.00
            33    219       159.63         4.38        15.00       140.24         0.00         0.00
            34    650       159.37         4.48        14.95       139.93         0.00         0.00
            35    716       158.51         4.38        15.12       139.01         0.00         0.00
            36    729       160.72         4.50        15.12       141.10         0.00         0.00
            37    181       161.05         4.64        15.48       140.93         0.00         0.00
            38    764       160.89         4.54        14.50       141.85         0.00         0.00
            39    607       159.72         4.52        15.25       139.96         0.00         0.00
            40    339       162.00         4.56        15.66       141.78         0.00         0.00
            41    755       160.28         4.49        15.22       140.57         0.00         0.00
            42    393       158.79         4.59        16.18       138.02         0.00         0.00
            43    341       158.21         4.52        16.05       137.64         0.00         0.00
            44    538       160.24         4.57        14.69       140.98         0.00         0.00
            45     90       159.69         4.43        15.05       140.21         0.00         0.00
            46    247       159.56         4.64        15.49       139.44         0.00         0.00
            47    819       161.72         4.54        15.99       141.18         0.00         0.00
            48    455       159.65         4.61        15.10       139.94         0.00         0.00
            49    188       161.54         4.47        14.55       142.52         0.00         0.00
            50     43       159.13         4.47        15.20       139.46         0.00         0.00
            51    808       159.79         4.60        15.31       139.89         0.00         0.00
            52    722       158.50         4.75        14.94       138.82         0.00         0.00
            53    211       160.22         4.52        14.73       140.97         0.00         0.00
            54    268       160.28         4.63        15.57       140.08         0.00         0.00
            55    108       161.41         4.50        14.43       142.49         0.00         0.00
            56    105       160.12         4.59        15.59       139.94         0.00         0.00
            57    305       160.84         4.36        15.05       141.42         0.00         0.00
            58    934       158.78         4.67        15.08       139.04         0.00         0.00
            59    566       160.41         4.64        14.94       140.83         0.00         0.00
            60    753       162.41         4.45        14.91       143.04         0.00         0.00
            61    739       162.10         4.60        15.92       141.58         0.00         0.00
            62    137       160.82         4.48        14.40       141.94         0.00         0.00
            63    691       158.41         4.57        16.20       137.64         0.00         0.00
            64    313       158.29         4.58        15.91       137.79         0.00         0.00
            65    556       162.79         4.52        15.13       143.13         0.00         0.00
            66    795       161.75         4.56        15.85       141.33         0.00         0.00
            67     34       160.54         4.46        14.30       141.78         0.00         0.00
            68    119       156.56         4.58        16.33       135.65         0.00         0.00
            69    717       162.39         4.42        14.46       143.51         0.00         0.00
            70     79       159.19         4.65        15.23       139.31         0.00         0.00
            71    355       160.48         4.48        15.13       140.87         0.00         0.00
            72    198       161.52         4.62        15.57       141.33         0.00         0.00
            73    290       160.59         4.61        16.23       139.74         0.00         0.00
            74    499       160.88         4.61        16.17       140.11         0.00         0.00
            75    345       162.09         4.56        15.40       142.14         0.00         0.00
            76    820       161.73         4.46        15.19       142.08         0.00         0.00
            77    544       159.22         4.64        16.46       138.13         0.00         0.00
            78     56       159.83         4.57        15.09       140.17         0.00         0.00
            79    916       161.32         4.49        15.01       141.81         0.00         0.00
            80    443       160.83         4.55        15.55       140.73         0.00         0.00
            81    248       158.79         4.60        16.26       137.93         0.00         0.00
            82    176       160.45         4.56        15.38       140.51         0.00         0.00
            83    905       160.64         4.62        16.05       139.98         0.00         0.00
            84    520       159.53         4.55        14.91       140.06         0.00         0.00
            85    909       161.47         4.57        14.98       141.92         0.00         0.00
            86    779       160.96         4.50        15.63       140.84         0.00         0.00
            87    335       160.50         4.61        14.48       141.41         0.00         0.00
            88    330       161.97         4.53        15.70       141.75         0.00         0.00
            89    665       160.03         4.47        15.31       140.25         0.00         0.00
            90    386       162.31         4.46        14.40       143.45         0.00         0.00
            91    584       160.60         4.73        15.45       140.42         0.00         0.00
            92    608       159.65         4.48        14.54       140.63         0.00         0.00
            93    242       162.69         4.59        15.34       142.76         0.00         0.00
            94    778       162.00         4.52        16.34       141.14         0.00         0.00
            95    450       161.58         4.69        16.17       140.71         0.00         0.00
            96    914       160.38         4.58        15.47       140.33         0.00         0.00
            97     53       159.89         4.60        14.74       140.55         0.00         0.00
            98    351       162.00         4.52        14.83       142.65         0.00         0.00
            99    595       161.61         4.55        15.53       141.54         0.00         0.00
           100    384       162.09         4.48        14.49       143.12         0.00         0.00
          ------------------------------------------------------------------------------------------

          Calculating single reference conformer RMSDs ...

          ---------------------------------
          Conformer RMSDs are in Angstroms.
          ---------------------------------

          ------------------------------------------------------------------------------------------
                              RMSD wrt Input Crd                    RMSD wrt Rank 1
                         ---------------------------------------------------------------------------
          Rank    ID        Complex    Receptor  Ligand          Complex    Receptor  Ligand
          ------------------------------------------------------------------------------------------
             1     67         1.740     1.503     3.011           0.000     0.000     0.000
             2    718         1.834     1.650     2.903           2.570     2.666     1.633
             3    804         1.648     1.407     2.919           2.215     2.308     1.255
             4    361         2.449     2.234     3.735           2.907     2.396     5.459
             5    967         2.122     2.019     2.800           2.716     2.858     1.069
             6    216         1.494     1.202     2.902           1.029     0.972     1.402
             7    696         1.450     1.217     2.647           1.783     1.835     1.308
             8    321         1.541     1.302     2.777           1.753     1.802     1.309
             9    873         1.834     1.706     2.632           0.796     0.722     1.232
            10    985         1.979     1.837     2.859           1.966     2.011     1.562
            11    868         1.491     1.234     2.783           2.552     2.654     1.527
            12    180         1.724     1.509     2.905           2.286     2.337     1.841
            13    336         1.203     0.962     2.359           1.893     1.886     1.945
            14    843         1.626     1.328     3.096           1.747     1.772     1.537
            15    756         1.825     1.626     2.953           2.169     2.271     1.059
            16    954         1.307     0.984     2.744           2.315     2.423     1.154
            17    897         1.139     0.786     2.576           1.596     1.554     1.895
            18    930         1.292     0.980     2.692           1.419     1.464     0.995
            19    900         1.403     1.151     2.654           1.720     1.767     1.286
            20    773         1.161     0.881     2.422           2.529     2.600     1.885
            21    687         1.241     0.861     2.799           1.448     1.404     1.757
            22    191         1.364     0.980     2.992           0.909     0.760     1.666
            23     47         1.403     1.186     2.528           0.863     0.585     1.979
            24    675         1.449     1.131     2.927           2.516     2.613     1.559
            25    651         1.109     0.803     2.419           1.547     1.536     1.635
            26    381         1.422     1.157     2.718           0.823     0.740     1.300
            27    312         1.320     0.920     2.966           1.462     1.465     1.439
            28    762         1.567     1.295     2.929           2.080     2.189     0.804
            29    835         1.479     1.258     2.635           0.860     0.563     2.015
            30    177         1.476     1.178     2.900           1.033     0.977     1.395
            31    433         1.280     0.915     2.817           1.478     1.482     1.450
            32    541         1.534     1.256     2.911           2.114     2.169     1.616
            33    219         1.299     0.965     2.764           1.463     1.419     1.769
            34    650         1.290     0.889     2.923           1.455     1.464     1.380
            35    716         1.169     0.835     2.575           1.497     1.496     1.504
            36    729         1.072     0.768     2.358           1.462     1.431     1.687
            37    181         2.000     1.856     2.894           2.193     2.259     1.568
            38    764         1.319     0.955     2.874           0.861     0.750     1.462
            39    607         1.536     1.235     2.988           1.915     2.006     0.912
            40    339         1.564     1.260     3.035           2.158     2.257     1.100
            41    755         1.338     1.026     2.756           2.552     2.666     1.364
            42    393         1.263     0.970     2.600           1.478     1.488     1.401
            43    341         1.567     1.310     2.880           1.976     2.012     1.659
            44    538         1.576     1.111     3.510           1.957     0.812     5.365
            45     90         1.453     1.226     2.629           2.200     2.265     1.603
            46    247         2.008     1.681     3.681           2.941     2.408     5.577
            47    819         1.534     1.292     2.782           1.762     1.812     1.311
            48    455         1.128     0.929     2.122           2.586     2.659     1.924
            49    188         1.172     0.796     2.685           1.487     1.443     1.792
            50     43         1.231     0.901     2.659           1.540     1.544     1.507
            51    808         1.542     1.256     2.949           2.225     2.311     1.376
            52    722         1.841     1.703     2.692           0.681     0.546     1.329
            53    211         1.339     0.857     3.182           1.476     1.478     1.464
            54    268         1.336     0.944     2.969           1.526     1.527     1.517
            55    108         1.485     1.187     2.913           2.091     2.161     1.427
            56    105         1.234     0.963     2.492           1.840     1.868     1.602
            57    305         1.269     0.773     3.096           1.442     1.466     1.241
            58    934         1.403     1.161     2.616           1.472     1.404     1.928
            59    566         1.821     1.605     3.023           1.517     1.552     1.213
            60    753         1.212     0.877     2.643           1.541     1.567     1.327
            61    739         1.958     1.793     2.949           2.005     2.073     1.357
            62    137         1.437     1.137     2.855           2.140     2.170     1.887
            63    691         1.695     1.385     3.222           2.155     2.212     1.639
            64    313         1.272     0.978     2.614           1.482     1.494     1.380
            65    556         1.263     0.817     2.981           1.494     1.488     1.535
            66    795         1.557     1.288     2.904           1.425     1.442     1.283
            67     34         1.305     1.070     2.470           1.543     1.408     2.347
            68    119         1.641     1.370     3.022           2.494     2.586     1.592
            69    717         1.116     0.742     2.594           1.360     1.293     1.801
            70     79         1.796     1.395     3.646           2.427     1.713     5.399
            71    355         1.420     1.129     2.805           2.154     2.186     1.888
            72    198         1.830     1.639     2.925           0.813     0.851     0.396
            73    290         1.334     0.980     2.869           1.377     1.421     0.970
            74    499         1.413     1.092     2.887           1.279     1.249     1.494
            75    345         1.262     0.825     2.961           1.604     1.623     1.447
            76    820         1.466     1.214     2.735           2.099     2.171     1.405
            77    544         1.322     1.020     2.704           1.773     1.774     1.771
            78     56         1.542     1.325     2.697           1.922     1.927     1.883
            79    916         1.535     1.283     2.819           1.058     0.924     1.794
            80    443         1.392     0.932     3.218           1.468     1.505     1.143
            81    248         2.194     1.985     3.420           2.222     2.286     1.633
            82    176         1.516     1.276     2.750           1.737     1.790     1.248
            83    905         1.627     1.313     3.146           2.009     2.064     1.517
            84    520         1.319     1.136     2.294           2.196     2.151     2.525
            85    909         1.182     0.881     2.507           1.004     0.798     1.984
            86    779         1.414     1.183     2.591           1.016     0.970     1.324
            87    335         1.308     1.135     2.242           2.029     2.020     2.096
            88    330         1.798     1.604     2.906           2.153     2.214     1.590
            89    665         1.295     0.889     2.945           1.438     1.452     1.325
            90    386         1.187     0.722     2.896           2.124     2.146     1.941
            91    584         1.209     1.014     2.211           2.556     2.648     1.665
            92    608         1.357     1.165     2.378           1.807     1.840     1.524
            93    242         1.601     1.403     2.695           0.946     0.855     1.483
            94    778         1.371     1.146     2.519           1.077     1.005     1.535
            95    450         1.655     1.335     3.207           0.905     0.824     1.386
            96    914         1.201     0.915     2.491           2.430     2.484     1.954
            97     53         1.256     0.967     2.574           2.347     2.425     1.605
            98    351         1.220     0.799     2.862           1.229     1.116     1.894
            99    595         1.383     0.902     3.251           1.466     1.469     1.445
           100    384         1.404     1.157     2.638           1.183     1.194     1.093
          ------------------------------------------------------------------------------------------

          --------------------------------
          Final Boltzmann Averaged Data.
          --------------------------------

          -------------------------------------------------------------------
          Results of Boltzmann Averaging Over All  246 Conformers (kcal/mol).
          -------------------------------------------------------------------

          Free Energy                        G             554.8762245761
          Average Potential Energy         < E >           371.7071814102
          Entropy                           -TS            183.1690431660
          -------------------------------------------------------------------

          Average Potential Energy < E > Components.

          < U >                   285.1163877412
          < W(PBSA) >             -38.6031282643
          < H.O. P.E. >           125.1940062611

          Average Solvation Energy < W(PBSA) > Components.

          < PB >                  -44.7062724398
          < SA >                    6.1031441755

          Average Gas Phase Internal Potential Energy < U > Components.

          < Valence >             157.5775924261
          < Coulomb >             150.8581051746
          < VdW >                 -23.3193098595

          Average Van der Waals Energy < VdW > Components.

          < VdW6  >              -171.5592009304
          < VdW12 >               148.2398910709

          Average Bonded Energy < Valence > Components.

          < Bond >                  4.5033219490
          < Angle >                14.4397413453
          < Pdihed >              138.6345291318
          < Idihed >                0.0000000000
          < Tether >                0.0000000000

          -------------------------------------------------------------------
                        End of feprocess Calculation Results Summary.
          -------------------------------------------------------------------


     Total cpu time for run       4178.70 seconds.
                                    69.64 minutes.

     Total wall time for run      2165.60 seconds.
                                    36.09 minutes.

     TIME STAMP: VCPack job finished normally : Sunday, August 07, 2022 at 13:49:13
