
     --------------------------------------------------------------------------------
                        Running Program VCPack. Version 2.8

                           VeraChem LLC, PO Box 2206
                           Germantown, MD 20875, U.S.A.

                                Tel. 240-686-0565
                                www.verachem.com
     --------------------------------------------------------------------------------


     Input file          :   CD_guest-2_fast_vm2_rndm.inp

     Output file         :   CD_guest-2_fast_vm2_rndm.out

     Summary output file :   CD_guest-2_fast_vm2_rndm.summary.out

     Executable : /data/comblab/vcCompChem_3b/exe/VC_CompChemPackage_mpi_openmp.exe

     Build date : Aug 13 2021  17:26:49

     This is a multiple processor run.

     MPI processes              :   16
     OpenMP threads per process :   16
     CUDA enabled               :  no

     TIME STAMP: VCPack job started : Sunday, August 07, 2022 at 12:40:34

     --------------------------------------------------------------------------------
                            Basic Calculation Control.
     --------------------------------------------------------------------------------

     Molecular system type                :  host+ligand     

     Calculation type                     :  feprocess       

     Energy potential                     :  mm              

     Post-processing type                 :  none            

     Post-processing energy potential     :  none            

     Time limit in wall clock hours       :  96.00

     Type of conformers to read in        :  ligand  
     Conformer source files(s)            :  guest-2_confgen4.xyz                              

     Use input .crd for complex build     :  no
     Place ligand confs. at input .crd    :  byconfscog
     Use input .crd as start conformer    :  yes

     Formatted output files               :  xyz     
                                          :  pdb     
                                          :  mol2    
                                          :  sdf     
                                          :  xyz     
                                          :  gms     
                                          :  csv     

     Split formatted output files         :  crd     

     Limit conformers in formatted files  :  bycount
     Maximum conformer count              :  1000

     Atoms to include in formatted files  :  all     

     Binary file restart type             :  none


     --------------------------------------------------------------------------------
                            Math Related Control and Set Up.
     --------------------------------------------------------------------------------

     Random number generator seeds :  bywallclock

     Seed 1 :           9460070
     Seed 2 :            648293
     Seed 3 :              2561
     Seed 4 :             29969


     --------------------------------------------------------------------------------
                            Basic Molecular System Set Up.
     --------------------------------------------------------------------------------

     ----------------
     Host Data Files.
     ----------------

     Standard crd coordinate file            :  CD.crd
     VeraChem topology file                  :  CD.top
     Standard mol/sdf file                   :  CD.mol

     Total number of host atoms              :       126

     ------------------
     Ligand Data Files.
     ------------------

     Standard crd coordinate file            :  guest-2.crd
     VeraChem topology file                  :  guest-2.top
     Standard mol/sdf file                   :  guest-2.mol

     Total number of ligand atoms            :        23

     Included in this calculation.
     Number of real and live ligand atoms    :        23
     Number of real but fixed ligand atoms   :         0

     Ligand placement method                 :  byreceptorcog

     NOTE: The placement of the ligand redefines the ligand .crd input coordinates.

     Snap ligand to template atoms           :      no

     -------------------------------
     Final Real/Live Set Atom Count.
     -------------------------------

     Total number of real atoms              :       149
     Total number of live atoms              :       149


     --------------------------------------------------------------------------------
                            Generate Initial Molecular Conformations.
     --------------------------------------------------------------------------------

     Conf. Type Read In      File Format       No. of Confs. Read In 
             ligand             xyz                 992

     Mandatory input crd file(s) used for generation of 1 additional conformer.

     From these the total number of starting conformers generated :   993


     --------------------------------------------------------------------------------
                             Energy Potential Settings.
     --------------------------------------------------------------------------------


     Molecular Mechanics package          :  vchem           

     Quantum Mechanics package            :  none            


     --------------------------------------------------------------------------------
                       Running VfreeE Module. Version 2.8
     --------------------------------------------------------------------------------

          --------------------------------
          Final Individual Conformer Data.
          --------------------------------

          List data for conformers with probability of at least :  0.01 %
          Rankings are with respect to : Free Energy (G)

          ------------------------
          Free Energy: G = E - TS
          ------------------------

          ------------------------------------------------------------------------------------------
          Rank    ID     ln(Zx)    Prob(%)  Sum Prob(%)  Del G        G            E            -TS
          ------------------------------------------------------------------------------------------
             1     41  -1247.42243   19.71    19.71      0.00       568.11       369.36       198.75
             2    785  -1247.72798   14.52    34.23      0.18       568.29       371.17       197.12
             3    737  -1247.94751   11.66    45.89      0.31       568.42       371.36       197.06
             4    723  -1248.13002    9.71    55.60      0.42       568.53       368.65       199.88
             5    328  -1248.38322    7.54    63.14      0.57       568.68       370.10       198.58
             6    904  -1248.41839    7.28    70.42      0.59       568.70       371.18       197.53
             7    387  -1249.23377    3.22    73.64      1.08       569.19       369.95       199.24
             8    514  -1249.36335    2.83    76.47      1.16       569.26       370.45       198.81
             9      5  -1249.38163    2.78    79.25      1.17       569.28       370.05       199.23
            10    130  -1249.49400    2.48    81.73      1.23       569.34       370.92       198.42
            11     81  -1249.73409    1.95    83.69      1.38       569.49       370.22       199.27
            12    660  -1249.85478    1.73    85.42      1.45       569.56       371.77       197.79
            13    724  -1249.89846    1.66    87.07      1.48       569.58       371.70       197.89
            14    929  -1249.99069    1.51    88.59      1.53       569.64       370.76       198.88
            15     61  -1250.32216    1.08    89.67      1.73       569.84       369.78       200.06
            16    741  -1250.42771    0.98    90.65      1.79       569.90       370.45       199.45
            17    577  -1250.45387    0.95    91.60      1.81       569.92       373.02       196.90
            18     99  -1250.64257    0.79    92.39      1.92       570.03       369.68       200.35
            19    868  -1250.73280    0.72    93.10      1.97       570.08       372.33       197.75
            20    113  -1250.77971    0.69    93.79      2.00       570.11       373.07       197.04
            21    497  -1250.97889    0.56    94.35      2.12       570.23       373.29       196.94
            22    983  -1251.27653    0.42    94.77      2.30       570.41       370.36       200.04
            23    930  -1251.29054    0.41    95.18      2.31       570.41       371.49       198.93
            24    162  -1251.37326    0.38    95.56      2.36       570.46       372.28       198.18
            25    310  -1251.44152    0.35    95.92      2.40       570.50       371.08       199.42
            26    708  -1251.52587    0.33    96.24      2.45       570.55       371.79       198.77
            27    794  -1251.63925    0.29    96.53      2.51       570.62       370.29       200.33
            28    242  -1251.76040    0.26    96.79      2.59       570.69       373.00       197.69
            29     17  -1251.80495    0.25    97.04      2.61       570.72       372.93       197.79
            30    317  -1251.96537    0.21    97.25      2.71       570.82       370.86       199.96
            31    338  -1252.04989    0.19    97.44      2.76       570.87       371.32       199.55
            32     67  -1252.20341    0.17    97.60      2.85       570.96       371.52       199.44
            33    684  -1252.28902    0.15    97.76      2.90       571.01       371.66       199.35
            34    482  -1252.47713    0.13    97.88      3.01       571.12       372.18       198.94
            35    308  -1252.48841    0.12    98.01      3.02       571.13       372.38       198.75
            36    116  -1252.48898    0.12    98.13      3.02       571.13       373.36       197.77
            37    143  -1252.50872    0.12    98.25      3.03       571.14       371.92       199.22
            38    129  -1252.54739    0.12    98.37      3.06       571.16       371.63       199.53
            39    467  -1252.58809    0.11    98.48      3.08       571.19       372.70       198.49
            40    852  -1252.74195    0.10    98.58      3.17       571.28       373.77       197.51
            41    898  -1252.80107    0.09    98.67      3.21       571.31       372.51       198.81
            42    492  -1252.84202    0.09    98.76      3.23       571.34       371.23       200.11
            43    990  -1252.96850    0.08    98.83      3.31       571.41       374.81       196.61
            44    923  -1252.98956    0.08    98.91      3.32       571.43       372.80       198.63
            45    612  -1252.99501    0.07    98.98      3.32       571.43       372.12       199.31
            46    849  -1252.99875    0.07    99.06      3.32       571.43       372.16       199.28
            47    772  -1253.11476    0.07    99.12      3.39       571.50       372.64       198.86
            48    948  -1253.19213    0.06    99.19      3.44       571.55       373.84       197.71
            49    496  -1253.22076    0.06    99.25      3.46       571.56       373.68       197.89
            50    314  -1253.24324    0.06    99.30      3.47       571.58       373.10       198.47
            51    348  -1253.25783    0.06    99.36      3.48       571.59       372.21       199.37
            52    544  -1253.47326    0.05    99.41      3.61       571.72       373.47       198.24
            53    390  -1253.68668    0.04    99.45      3.73       571.84       371.94       199.90
            54    218  -1253.71446    0.04    99.48      3.75       571.86       373.03       198.83
            55    466  -1253.79981    0.03    99.52      3.80       571.91       373.19       198.72
            56    755  -1253.85606    0.03    99.55      3.84       571.94       372.96       198.98
            57    908  -1253.91887    0.03    99.58      3.87       571.98       372.84       199.14
            58    369  -1254.18200    0.02    99.60      4.03       572.14       373.95       198.19
            59    573  -1254.31259    0.02    99.62      4.11       572.22       372.96       199.25
            60    491  -1254.32581    0.02    99.64      4.12       572.22       373.69       198.54
            61    262  -1254.35728    0.02    99.66      4.13       572.24       372.44       199.80
            62    205  -1254.36691    0.02    99.68      4.14       572.25       374.49       197.76
            63    292  -1254.43243    0.02    99.70      4.18       572.29       374.87       197.42
            64    274  -1254.57624    0.02    99.71      4.26       572.37       374.03       198.34
            65    397  -1254.57979    0.02    99.73      4.27       572.37       373.56       198.82
            66    739  -1254.67321    0.01    99.74      4.32       572.43       372.47       199.96
            67    243  -1254.67949    0.01    99.75      4.33       572.43       373.55       198.88
            68    634  -1254.69085    0.01    99.77      4.33       572.44       371.30       201.14
            69    183  -1254.71828    0.01    99.78      4.35       572.46       372.15       200.30
            70    400  -1254.76938    0.01    99.79      4.38       572.49       373.10       199.39
            71     33  -1254.87889    0.01    99.81      4.45       572.55       374.99       197.57
            72    705  -1254.88030    0.01    99.82      4.45       572.55       376.79       195.76
            73    740  -1254.91596    0.01    99.83      4.47       572.58       375.00       197.58
            74    664  -1254.94837    0.01    99.84      4.49       572.59       373.52       199.08
          ------------------------------------------------------------------------------------------

          --------------------------------------------------------
          Potential Energy: E = (U+W) + H.O. Equipartion energy
          --------------------------------------------------------

          ------------------------------------------------------------------------------------------
          Rank    ID         E          U+W            U        W(PBSA)          PB           SA
          ------------------------------------------------------------------------------------------
             1     41       369.36       237.91       328.06       -90.15       -96.31         6.16
             2    785       371.17       239.72       333.29       -93.57       -99.60         6.03
             3    737       371.36       239.91       334.86       -94.95      -101.01         6.05
             4    723       368.65       237.19       324.56       -87.37       -93.44         6.07
             5    328       370.10       238.65       324.14       -85.50       -91.59         6.10
             6    904       371.18       239.72       336.44       -96.72      -102.81         6.09
             7    387       369.95       238.49       326.39       -87.89       -93.96         6.07
             8    514       370.45       239.00       324.15       -85.15       -91.17         6.03
             9      5       370.05       238.59       326.10       -87.51       -93.56         6.05
            10    130       370.92       239.47       333.96       -94.49      -100.52         6.03
            11     81       370.22       238.77       320.57       -81.80       -87.79         5.99
            12    660       371.77       240.32       327.50       -87.19       -93.29         6.10
            13    724       371.70       240.24       334.00       -93.76       -99.78         6.02
            14    929       370.76       239.30       330.17       -90.87       -96.92         6.05
            15     61       369.78       238.33       326.11       -87.78       -93.85         6.06
            16    741       370.45       238.99       327.81       -88.82       -94.85         6.03
            17    577       373.02       241.56       331.63       -90.07       -96.12         6.05
            18     99       369.68       238.22       321.48       -83.26       -89.21         5.95
            19    868       372.33       240.88       334.58       -93.71       -99.74         6.03
            20    113       373.07       241.62       335.96       -94.34      -100.44         6.09
            21    497       373.29       241.84       336.79       -94.95      -101.00         6.05
            22    983       370.36       238.91       323.96       -85.05       -91.09         6.04
            23    930       371.49       240.03       333.09       -93.05       -99.11         6.06
            24    162       372.28       240.83       329.23       -88.40       -94.53         6.13
            25    310       371.08       239.63       326.77       -87.14       -93.18         6.04
            26    708       371.79       240.33       326.14       -85.81       -91.83         6.02
            27    794       370.29       238.84       328.11       -89.27       -95.31         6.05
            28    242       373.00       241.55       337.47       -95.92      -101.99         6.06
            29     17       372.93       241.48       331.34       -89.86       -95.92         6.05
            30    317       370.86       239.41       327.58       -88.18       -94.23         6.06
            31    338       371.32       239.86       327.20       -87.34       -93.36         6.03
            32     67       371.52       240.07       330.14       -90.07       -96.22         6.15
            33    684       371.66       240.20       325.21       -85.01       -91.03         6.02
            34    482       372.18       240.72       328.07       -87.34       -93.37         6.03
            35    308       372.38       240.93       330.09       -89.16       -95.22         6.06
            36    116       373.36       241.91       334.07       -92.16       -98.20         6.03
            37    143       371.92       240.47       325.34       -84.87       -90.91         6.04
            38    129       371.63       240.18       320.73       -80.55       -86.74         6.19
            39    467       372.70       241.25       334.79       -93.54       -99.58         6.03
            40    852       373.77       242.32       336.88       -94.57      -100.67         6.10
            41    898       372.51       241.05       333.55       -92.50       -98.51         6.01
            42    492       371.23       239.77       325.43       -85.65       -91.70         6.05
            43    990       374.81       243.35       327.49       -84.13       -90.33         6.20
            44    923       372.80       241.34       336.13       -94.79      -100.88         6.09
            45    612       372.12       240.66       327.33       -86.67       -92.76         6.09
            46    849       372.16       240.70       325.20       -84.49       -90.63         6.14
            47    772       372.64       241.19       335.88       -94.69      -100.72         6.03
            48    948       373.84       242.38       331.18       -88.80       -94.79         6.00
            49    496       373.68       242.23       334.55       -92.33       -98.38         6.05
            50    314       373.10       241.65       329.80       -88.15       -94.17         6.02
            51    348       372.21       240.76       326.58       -85.82       -91.89         6.08
            52    544       373.47       242.02       333.46       -91.44       -97.41         5.97
            53    390       371.94       240.49       329.82       -89.33       -95.35         6.01
            54    218       373.03       241.58       327.61       -86.03       -92.02         5.99
            55    466       373.19       241.74       336.53       -94.79      -100.85         6.05
            56    755       372.96       241.51       334.41       -92.91       -98.91         6.00
            57    908       372.84       241.39       327.52       -86.13       -92.16         6.03
            58    369       373.95       242.49       321.13       -78.64       -84.66         6.02
            59    573       372.96       241.51       334.69       -93.18       -99.24         6.07
            60    491       373.69       242.23       335.28       -93.05       -99.12         6.07
            61    262       372.44       240.98       324.28       -83.29       -89.27         5.98
            62    205       374.49       243.04       332.97       -89.93       -95.99         6.05
            63    292       374.87       243.42       331.64       -88.22       -94.24         6.02
            64    274       374.03       242.58       337.21       -94.64      -100.72         6.08
            65    397       373.56       242.10       326.99       -84.89       -91.00         6.12
            66    739       372.47       241.02       330.08       -89.06       -95.19         6.14
            67    243       373.55       242.10       329.40       -87.31       -93.35         6.05
            68    634       371.30       239.85       321.25       -81.40       -87.55         6.14
            69    183       372.15       240.70       325.57       -84.87       -90.87         6.00
            70    400       373.10       241.64       333.01       -91.37       -97.32         5.95
            71     33       374.99       243.53       328.88       -85.35       -91.42         6.08
            72    705       376.79       245.34       340.56       -95.22      -101.20         5.97
            73    740       375.00       243.54       337.68       -94.14      -100.15         6.02
            74    664       373.52       242.06       327.25       -85.18       -91.26         6.08
          ------------------------------------------------------------------------------------------

          ----------------------------------------
          Gas Phase Internal Potential Energy: U
          ----------------------------------------

          ------------------------------------------------------------------------------------------
          Rank    ID         U         Valence     Coulomb        VdW         VdW6        VdW12
          ------------------------------------------------------------------------------------------
             1     41       328.06       147.06       205.78       -24.78      -179.32       154.54
             2    785       333.29       146.49       212.52       -25.73      -178.06       152.33
             3    737       334.86       145.74       215.22       -26.09      -178.79       152.70
             4    723       324.56       147.10       204.15       -26.68      -185.91       159.23
             5    328       324.14       146.57       202.74       -25.16      -179.43       154.27
             6    904       336.44       147.19       216.17       -26.92      -178.59       151.67
             7    387       326.39       147.19       205.53       -26.33      -184.09       157.75
             8    514       324.15       147.67       202.81       -26.33      -184.01       157.68
             9      5       326.10       148.10       203.82       -25.81      -183.31       157.50
            10    130       333.96       145.78       215.44       -27.26      -181.59       154.33
            11     81       320.57       150.64       195.85       -25.92      -181.77       155.85
            12    660       327.50       147.98       204.62       -25.09      -181.16       156.07
            13    724       334.00       146.27       214.51       -26.78      -181.01       154.24
            14    929       330.17       147.07       208.73       -25.64      -181.43       155.80
            15     61       326.11       148.89       203.41       -26.18      -185.47       159.28
            16    741       327.81       147.79       205.75       -25.73      -183.07       157.34
            17    577       331.63       148.83       208.35       -25.55      -178.82       153.27
            18     99       321.48       149.92       199.11       -27.55      -187.96       160.40
            19    868       334.58       147.35       213.87       -26.63      -179.48       152.85
            20    113       335.96       145.79       215.72       -25.55      -176.69       151.14
            21    497       336.79       147.15       215.68       -26.04      -178.05       152.01
            22    983       323.96       147.55       202.13       -25.72      -184.33       158.61
            23    930       333.09       146.58       213.97       -27.46      -183.13       155.67
            24    162       329.23       149.83       202.88       -23.49      -179.17       155.68
            25    310       326.77       148.68       204.50       -26.42      -184.50       158.08
            26    708       326.14       148.26       203.92       -26.04      -182.84       156.79
            27    794       328.11       146.54       206.23       -24.66      -183.13       158.47
            28    242       337.47       148.20       216.01       -26.74      -180.47       153.74
            29     17       331.34       146.75       209.57       -24.98      -179.31       154.33
            30    317       327.58       149.51       204.31       -26.24      -185.88       159.64
            31    338       327.20       148.22       205.08       -26.10      -184.87       158.77
            32     67       330.14       148.32       208.08       -26.26      -181.94       155.67
            33    684       325.21       149.63       201.31       -25.73      -185.17       159.44
            34    482       328.07       148.20       206.41       -26.55      -184.07       157.52
            35    308       330.09       148.27       207.74       -25.91      -180.85       154.94
            36    116       334.07       147.19       213.86       -26.98      -181.81       154.83
            37    143       325.34       149.63       202.73       -27.02      -182.47       155.45
            38    129       320.73       144.60       198.10       -21.96      -179.04       157.08
            39    467       334.79       147.23       214.68       -27.12      -181.80       154.68
            40    852       336.88       145.96       216.42       -25.50      -177.93       152.44
            41    898       333.55       147.10       213.97       -27.52      -183.34       155.82
            42    492       325.43       149.79       201.46       -25.83      -185.10       159.27
            43    990       327.49       146.66       203.47       -22.64      -174.62       151.97
            44    923       336.13       145.89       214.30       -24.06      -179.60       155.54
            45    612       327.33       148.11       205.01       -25.79      -181.92       156.13
            46    849       325.20       146.09       201.56       -22.45      -179.92       157.47
            47    772       335.88       146.58       216.89       -27.59      -181.25       153.66
            48    948       331.18       148.66       209.46       -26.94      -180.45       153.51
            49    496       334.55       146.59       215.20       -27.25      -181.36       154.12
            50    314       329.80       150.14       206.26       -26.61      -182.68       156.07
            51    348       326.58       149.59       202.74       -25.75      -185.12       159.37
            52    544       333.46       148.47       212.20       -27.22      -183.25       156.03
            53    390       329.82       148.67       207.84       -26.69      -184.05       157.36
            54    218       327.61       150.12       204.62       -27.13      -182.76       155.63
            55    466       336.53       147.18       217.15       -27.80      -183.06       155.25
            56    755       334.41       147.98       214.29       -27.86      -183.31       155.46
            57    908       327.52       150.26       203.03       -25.78      -185.51       159.73
            58    369       321.13       149.55       195.87       -24.29      -179.44       155.15
            59    573       334.69       149.57       211.15       -26.03      -181.97       155.94
            60    491       335.28       146.49       212.96       -24.16      -179.93       155.77
            61    262       324.28       151.71       199.63       -27.06      -186.23       159.16
            62    205       332.97       151.04       207.29       -25.35      -180.55       155.20
            63    292       331.64       151.40       207.47       -27.24      -182.50       155.26
            64    274       337.21       146.92       217.48       -27.19      -180.72       153.53
            65    397       326.99       149.39       202.16       -24.56      -181.35       156.79
            66    739       330.08       149.47       205.74       -25.13      -183.29       158.15
            67    243       329.40       147.95       206.87       -25.42      -183.37       157.95
            68    634       321.25       146.11       198.52       -23.38      -184.63       161.25
            69    183       325.57       148.87       202.66       -25.96      -185.93       159.97
            70    400       333.01       147.41       213.54       -27.94      -185.62       157.68
            71     33       328.88       147.00       206.13       -24.25      -178.57       154.32
            72    705       340.56       149.84       218.17       -27.44      -179.21       151.77
            73    740       337.68       147.75       217.22       -27.29      -181.68       154.39
            74    664       327.25       149.15       202.66       -24.56      -180.12       155.55
          ------------------------------------------------------------------------------------------

          -------------------------------
          Bonded Energy Terms: Valence
          -------------------------------

          ------------------------------------------------------------------------------------------
          Rank    ID     Valence       Bond        Angle         Pdih         Idih       Tether
          ------------------------------------------------------------------------------------------
             1     41       147.06         4.58        11.53       130.96         0.00         0.00
             2    785       146.49         4.63        12.04       129.81         0.00         0.00
             3    737       145.74         4.61        11.89       129.24         0.00         0.00
             4    723       147.10         4.78        12.83       129.49         0.00         0.00
             5    328       146.57         4.65        11.61       130.31         0.00         0.00
             6    904       147.19         4.59        11.72       130.89         0.00         0.00
             7    387       147.19         4.94        12.51       129.73         0.00         0.00
             8    514       147.67         4.74        12.42       130.51         0.00         0.00
             9      5       148.10         4.74        12.11       131.24         0.00         0.00
            10    130       145.78         4.62        11.89       129.27         0.00         0.00
            11     81       150.64         4.61        11.66       134.38         0.00         0.00
            12    660       147.98         4.82        12.07       131.09         0.00         0.00
            13    724       146.27         4.66        11.92       129.69         0.00         0.00
            14    929       147.07         4.78        12.99       129.30         0.00         0.00
            15     61       148.89         4.86        12.48       131.54         0.00         0.00
            16    741       147.79         4.74        12.22       130.84         0.00         0.00
            17    577       148.83         4.71        12.53       131.59         0.00         0.00
            18     99       149.92         4.74        12.52       132.66         0.00         0.00
            19    868       147.35         4.61        12.01       130.72         0.00         0.00
            20    113       145.79         4.56        11.51       129.72         0.00         0.00
            21    497       147.15         4.63        12.36       130.17         0.00         0.00
            22    983       147.55         4.75        12.27       130.52         0.00         0.00
            23    930       146.58         4.71        12.16       129.71         0.00         0.00
            24    162       149.83         4.79        12.10       132.94         0.00         0.00
            25    310       148.68         4.76        12.64       131.28         0.00         0.00
            26    708       148.26         4.72        12.35       131.19         0.00         0.00
            27    794       146.54         4.91        13.07       128.56         0.00         0.00
            28    242       148.20         4.70        12.13       131.37         0.00         0.00
            29     17       146.75         4.80        12.66       129.29         0.00         0.00
            30    317       149.51         4.86        12.69       131.96         0.00         0.00
            31    338       148.22         4.97        12.58       130.66         0.00         0.00
            32     67       148.32         4.78        12.71       130.84         0.00         0.00
            33    684       149.63         4.91        12.53       132.19         0.00         0.00
            34    482       148.20         4.75        12.85       130.61         0.00         0.00
            35    308       148.27         4.66        11.62       131.99         0.00         0.00
            36    116       147.19         4.69        12.36       130.14         0.00         0.00
            37    143       149.63         4.55        11.67       133.40         0.00         0.00
            38    129       144.60         4.86        12.56       127.18         0.00         0.00
            39    467       147.23         4.69        12.17       130.37         0.00         0.00
            40    852       145.96         4.64        12.01       129.31         0.00         0.00
            41    898       147.10         4.71        12.39       130.00         0.00         0.00
            42    492       149.79         4.91        12.58       132.31         0.00         0.00
            43    990       146.66         4.51        10.92       131.24         0.00         0.00
            44    923       145.89         4.86        12.61       128.43         0.00         0.00
            45    612       148.11         4.77        11.83       131.51         0.00         0.00
            46    849       146.09         4.84        12.76       128.48         0.00         0.00
            47    772       146.58         4.67        11.81       130.09         0.00         0.00
            48    948       148.66         4.61        11.49       132.56         0.00         0.00
            49    496       146.59         4.67        11.71       130.22         0.00         0.00
            50    314       150.14         4.66        12.23       133.25         0.00         0.00
            51    348       149.59         4.92        12.51       132.16         0.00         0.00
            52    544       148.47         4.87        12.61       130.99         0.00         0.00
            53    390       148.67         4.73        12.62       131.33         0.00         0.00
            54    218       150.12         4.55        11.89       133.68         0.00         0.00
            55    466       147.18         4.69        12.45       130.04         0.00         0.00
            56    755       147.98         4.78        12.09       131.12         0.00         0.00
            57    908       150.26         4.93        12.76       132.57         0.00         0.00
            58    369       149.55         4.75        11.71       133.09         0.00         0.00
            59    573       149.57         4.67        12.08       132.82         0.00         0.00
            60    491       146.49         4.86        12.84       128.78         0.00         0.00
            61    262       151.71         4.77        12.46       134.48         0.00         0.00
            62    205       151.04         4.66        12.30       134.08         0.00         0.00
            63    292       151.40         4.63        11.41       135.36         0.00         0.00
            64    274       146.92         4.65        11.75       130.52         0.00         0.00
            65    397       149.39         4.74        12.56       132.08         0.00         0.00
            66    739       149.47         4.93        13.03       131.51         0.00         0.00
            67    243       147.95         4.81        13.02       130.12         0.00         0.00
            68    634       146.11         4.94        13.88       127.28         0.00         0.00
            69    183       148.87         4.82        12.62       131.42         0.00         0.00
            70    400       147.41         4.84        12.56       130.01         0.00         0.00
            71     33       147.00         4.69        12.23       130.09         0.00         0.00
            72    705       149.84         4.60        11.80       133.43         0.00         0.00
            73    740       147.75         4.68        12.65       130.42         0.00         0.00
            74    664       149.15         4.70        12.24       132.21         0.00         0.00
          ------------------------------------------------------------------------------------------

          Calculating single reference conformer RMSDs ...

          ---------------------------------
          Conformer RMSDs are in Angstroms.
          ---------------------------------

          ------------------------------------------------------------------------------------------
                              RMSD wrt Input Crd                    RMSD wrt Rank 1
                         ---------------------------------------------------------------------------
          Rank    ID        Complex    Receptor  Ligand          Complex    Receptor  Ligand
          ------------------------------------------------------------------------------------------
             1     41         2.154     1.421     4.359           0.000     0.000     0.000
             2    785         1.647     1.347     2.766           2.620     2.479     3.291
             3    737         1.750     1.394     3.031           2.417     2.175     3.455
             4    723         1.846     1.478     3.180           1.083     0.702     2.213
             5    328         2.084     1.351     4.260           1.246     0.965     2.225
             6    904         1.759     1.577     2.534           2.166     1.640     3.959
             7    387         1.832     1.789     2.052           1.322     0.867     2.685
             8    514         1.727     1.448     2.799           1.209     0.775     2.485
             9      5         1.998     1.940     2.286           2.617     2.707     2.059
            10    130         1.694     1.468     2.607           1.470     0.666     3.400
            11     81         1.410     1.108     2.481           2.930     2.794     3.582
            12    660         1.362     1.122     2.265           2.289     2.228     2.601
            13    724         1.580     1.320     2.574           3.028     2.954     3.403
            14    929         1.824     1.693     2.419           1.388     1.170     2.232
            15     61         1.641     1.487     2.311           1.603     1.528     1.965
            16    741         2.117     1.870     3.141           1.628     1.579     1.874
            17    577         1.513     1.364     2.154           2.665     2.710     2.400
            18     99         1.396     1.374     1.510           2.219     2.195     2.343
            19    868         1.409     1.086     2.532           2.846     2.695     3.563
            20    113         1.530     1.271     2.514           2.631     2.500     3.255
            21    497         1.695     1.444     2.678           1.800     1.269     3.489
            22    983         1.429     1.127     2.507           2.706     2.789     2.199
            23    930         1.593     1.440     2.253           1.589     0.964     3.356
            24    162         2.251     1.333     4.804           1.661     0.704     3.894
            25    310         1.658     1.404     2.646           1.047     0.745     2.013
            26    708         1.411     1.114     2.469           2.870     2.889     2.763
            27    794         2.246     2.152     2.705           1.848     1.770     2.225
            28    242         1.568     1.361     2.402           2.947     2.770     3.773
            29     17         1.879     1.573     3.052           1.693     1.484     2.552
            30    317         1.534     1.273     2.522           2.423     2.471     2.136
            31    338         1.451     1.151     2.527           2.508     2.503     2.536
            32     67         1.774     1.404     3.098           2.328     2.415     1.772
            33    684         1.421     1.102     2.535           1.760     1.751     1.811
            34    482         1.737     1.463     2.798           1.215     0.782     2.494
            35    308         1.529     1.263     2.529           1.813     1.676     2.428
            36    116         1.754     1.531     2.664           1.720     1.277     3.199
            37    143         2.024     1.330     4.105           1.417     0.863     2.989
            38    129         1.490     1.464     1.625           2.793     2.598     3.682
            39    467         1.403     1.104     2.464           2.650     2.521     3.267
            40    852         1.636     1.300     2.842           2.326     1.792     4.176
            41    898         1.366     1.120     2.284           2.868     2.795     3.236
            42    492         1.534     1.071     2.993           2.701     2.801     2.075
            43    990         2.410     1.398     5.190           1.715     1.035     3.631
            44    923         1.967     1.807     2.677           2.940     2.582     4.415
            45    612         1.704     1.371     2.916           1.273     0.867     2.527
            46    849         2.235     2.370     1.258           2.917     2.873     3.146
            47    772         1.877     1.672     2.740           1.702     1.295     3.093
            48    948         1.704     1.518     2.486           1.731     1.567     2.438
            49    496         1.926     1.612     3.128           1.455     1.074     2.718
            50    314         1.871     1.004     4.143           2.486     2.536     2.195
            51    348         1.572     1.385     2.343           1.195     0.920     2.148
            52    544         1.567     1.291     2.604           3.017     2.941     3.403
            53    390         1.709     1.417     2.815           1.194     0.894     2.201
            54    218         1.834     0.944     4.111           2.473     2.626     1.361
            55    466         1.522     1.136     2.816           2.375     2.138     3.390
            56    755         1.703     1.356     2.952           1.508     0.930     3.162
            57    908         1.412     1.084     2.547           1.720     1.712     1.760
            58    369         1.667     1.114     3.346           2.188     2.066     2.761
            59    573         1.751     0.986     3.813           1.769     1.577     2.576
            60    491         1.753     1.568     2.537           2.166     1.478     4.293
            61    262         1.680     1.416     2.705           1.116     0.881     1.955
            62    205         2.208     1.256     4.792           2.628     2.418     3.565
            63    292         1.714     1.298     3.130           1.740     1.607     2.336
            64    274         1.663     1.454     2.517           1.775     1.460     2.958
            65    397         2.255     1.332     4.818           1.571     0.865     3.448
            66    739         2.188     1.323     4.628           2.554     2.386     3.329
            67    243         1.821     1.876     1.490           1.823     1.476     3.095
            68    634         1.683     1.749     1.258           2.672     2.576     3.148
            69    183         1.424     1.101     2.550           2.681     2.749     2.277
            70    400         1.818     1.477     3.075           2.331     2.197     2.960
            71     33         1.909     1.963     1.577           3.057     3.030     3.201
            72    705         1.628     1.319     2.764           2.114     1.790     3.376
            73    740         1.623     1.363     2.625           2.299     2.137     3.036
            74    664         2.106     1.227     4.526           2.554     2.417     3.201
          ------------------------------------------------------------------------------------------

          --------------------------------
          Final Boltzmann Averaged Data.
          --------------------------------

          -------------------------------------------------------------------
          Results of Boltzmann Averaging Over All  540 Conformers (kcal/mol).
          -------------------------------------------------------------------

          Free Energy                        G             567.1396011170
          Average Potential Energy         < E >           370.4755761565
          Entropy                           -TS            196.6640249605
          -------------------------------------------------------------------

          Average Potential Energy < E > Components.

          < U >                   329.6731221097
          < W(PBSA) >             -90.6512231132
          < H.O. P.E. >           131.4537065741

          Average Solvation Energy < W(PBSA) > Components.

          < PB >                  -96.7264376509
          < SA >                    6.0752145378

          Average Gas Phase Internal Potential Energy < U > Components.

          < Valence >             147.0040409091
          < Coulomb >             208.5051226977
          < VdW >                 -25.8360414971

          Average Van der Waals Energy < VdW > Components.

          < VdW6  >              -180.5768882818
          < VdW12 >               154.7408467847

          Average Bonded Energy < Valence > Components.

          < Bond >                  4.6635122862
          < Angle >                12.0033167288
          < Pdihed >              130.3372118940
          < Idihed >                0.0000000000
          < Tether >                0.0000000000

          -------------------------------------------------------------------
                        End of feprocess Calculation Results Summary.
          -------------------------------------------------------------------


     Total cpu time for run       4287.29 seconds.
                                    71.45 minutes.

     Total wall time for run      1953.30 seconds.
                                    32.56 minutes.

     TIME STAMP: VCPack job finished normally : Sunday, August 07, 2022 at 13:13:07
