
     --------------------------------------------------------------------------------
                        Running Program VCPack. Version 2.8

                           VeraChem LLC, PO Box 2206
                           Germantown, MD 20875, U.S.A.

                                Tel. 240-686-0565
                                www.verachem.com
     --------------------------------------------------------------------------------


     Input file          :   guest-s11_vm2.inp

     Output file         :   guest-s11_vm2.out

     Summary output file :   guest-s11_vm2.summary.out

     Executable : /data/comblab/vcCompChem_3b/exe/VC_CompChemPackage_mpi.exe

     Build date : Aug 13 2021  17:26:14

     This is a multiple processor run.

     MPI processes              :   16
     OpenMP threads per process :    0
     CUDA enabled               :  no

     TIME STAMP: VCPack job started : Sunday, August 07, 2022 at 12:01:45

     --------------------------------------------------------------------------------
                            Basic Calculation Control.
     --------------------------------------------------------------------------------

     Molecular system type                :  ligand          

     Calculation type                     :  vm2             

     Energy potential                     :  mm              

     Post-processing type                 :  none            

     Post-processing energy potential     :  none            

     Time limit in wall clock hours       :  96.00

     Read in starting conformers          :  no
     Type of conformers to read in        :  none
     Conformer source files(s)            :  none

     Use input .crd for complex build     :  no
     Place ligand confs. at input .crd    :  no
     Use input .crd as start conformer    :  yes

     Formatted output files               :  xyz     
                                          :  pdb     
                                          :  mol2    
                                          :  sdf     
                                          :  xyz     
                                          :  gms     
                                          :  csv     

     Split formatted output files         :  crd     

     Limit conformers in formatted files  :  bycount
     Maximum conformer count              :  1000

     Atoms to include in formatted files  :  all     

     Binary file restart type             :  none


     --------------------------------------------------------------------------------
                            Math Related Control and Set Up.
     --------------------------------------------------------------------------------

     Random number generator seeds :  bywallclock

     Seed 1 :           6169580
     Seed 2 :            518333
     Seed 3 :               232
     Seed 4 :             23422


     --------------------------------------------------------------------------------
                            Basic Molecular System Set Up.
     --------------------------------------------------------------------------------

     ------------------
     Ligand Data Files.
     ------------------

     Standard crd coordinate file            :  guest-s11.crd
     VeraChem topology file                  :  guest-s11.top
     Standard mol/sdf file                   :  guest-s11.mol

     Total number of ligand atoms            :        20

     Included in this calculation.
     Number of real and live ligand atoms    :        20
     Number of real but fixed ligand atoms   :         0

     Ligand placement method                 :  none

     Snap ligand to template atoms           :      no

     -------------------------------
     Final Real/Live Set Atom Count.
     -------------------------------

     Total number of real atoms              :        20
     Total number of live atoms              :        20


     --------------------------------------------------------------------------------
                            Generate Initial Molecular Conformation.
     --------------------------------------------------------------------------------

     Mandatory input crd file(s) used for generation of a single starting conformer.


     --------------------------------------------------------------------------------
                             Energy Potential Settings.
     --------------------------------------------------------------------------------


     Molecular Mechanics package          :  vchem           

     Quantum Mechanics package            :  none            


     --------------------------------------------------------------------------------
                    Running VM2 Mining Minima Module. Version 2.8
     --------------------------------------------------------------------------------

     Iteration    Free Energy G             G Diff            # Conformers     # Diff
        1            26.340801              26.340801              16              16
        2            25.994435              -0.346367              29              13
        3            25.994283              -0.000152              29               0
        4            25.993824              -0.000459              29               0

     VM2 Free Energy converged after    4 iterations.

     Final VM2 Free Energy is      25.993824 Kcal/mol.

          --------------------------------
          Final Individual Conformer Data.
          --------------------------------

          List data for conformers with probability of at least :  0.01 %
          Rankings are with respect to : Free Energy (G)

          ------------------------
          Free Energy: G = E - TS
          ------------------------

          ------------------------------------------------------------------------------------------
          Rank    ID     ln(Zx)    Prob(%)  Sum Prob(%)  Del G        G            E            -TS
          ------------------------------------------------------------------------------------------
             1    167    -79.38034   18.27    18.27      0.00        27.01         4.32        22.69
             2    143    -79.88474   11.04    29.31      0.30        27.31         4.52        22.79
             3     94    -79.95068   10.33    39.64      0.34        27.35         4.56        22.79
             4    310    -80.19623    8.08    47.72      0.49        27.49         4.71        22.78
             5    125    -80.21913    7.90    55.62      0.50        27.51         4.72        22.78
             6    278    -80.41304    6.51    62.13      0.62        27.62         4.82        22.80
             7    301    -80.42752    6.41    68.54      0.62        27.63         4.83        22.80
             8     33    -80.88353    4.06    72.61      0.90        27.90         5.02        22.88
             9    120    -80.89812    4.01    76.61      0.90        27.91         5.01        22.91
            10    292    -80.93162    3.87    80.48      0.92        27.93         5.03        22.91
            11     87    -81.10938    3.24    83.73      1.03        28.04         5.02        23.01
            12     86    -81.12214    3.20    86.93      1.04        28.05         5.16        22.88
            13    272    -81.14299    3.14    90.07      1.05        28.06         5.09        22.97
            14    191    -81.14949    3.12    93.18      1.05        28.06         5.05        23.01
            15     93    -81.15527    3.10    96.28      1.06        28.07         5.10        22.97
            16    104    -81.93275    1.42    97.70      1.52        28.53         5.31        23.22
            17      1    -81.99938    1.33    99.03      1.56        28.57         5.35        23.22
            18    139    -83.79721    0.22    99.25      2.63        29.64         6.96        22.68
            19    236    -83.84924    0.21    99.46      2.66        29.67         6.99        22.69
            20    220    -84.27979    0.14    99.60      2.92        29.93         7.12        22.80
            21    234    -84.28815    0.14    99.73      2.93        29.93         7.13        22.80
            22     76    -84.78776    0.08    99.82      3.22        30.23         7.24        22.99
            23    265    -84.83404    0.08    99.89      3.25        30.26         7.27        22.99
            24    256    -85.54361    0.04    99.93      3.67        30.68         7.49        23.19
            25    298    -85.75648    0.03    99.96      3.80        30.81         7.62        23.19
            26     90    -86.29194    0.02    99.98      4.12        31.13         7.72        23.40
            27    263    -86.40795    0.02   100.00      4.19        31.20         7.79        23.40
          ------------------------------------------------------------------------------------------

          --------------------------------------------------------
          Potential Energy: E = (U+W) + H.O. Equipartion energy
          --------------------------------------------------------

          ------------------------------------------------------------------------------------------
          Rank    ID         E          U+W            U        W(PBSA)          PB           SA
          ------------------------------------------------------------------------------------------
             1    167         4.32       -11.78        45.77       -57.55       -59.51         1.96
             2    143         4.52       -11.58        46.42       -58.00       -59.94         1.94
             3     94         4.56       -11.54        46.42       -57.96       -59.89         1.93
             4    310         4.71       -11.39        46.51       -57.90       -59.82         1.93
             5    125         4.72       -11.37        46.51       -57.88       -59.81         1.93
             6    278         4.82       -11.27        46.49       -57.76       -59.70         1.95
             7    301         4.83       -11.26        46.49       -57.75       -59.69         1.94
             8     33         5.02       -11.07        47.08       -58.15       -60.05         1.90
             9    120         5.01       -11.09        47.05       -58.14       -60.06         1.92
            10    292         5.03       -11.07        47.05       -58.12       -60.03         1.91
            11     87         5.02       -11.07        47.08       -58.15       -60.06         1.91
            12     86         5.16       -10.93        47.08       -58.01       -59.91         1.90
            13    272         5.09       -11.01        47.13       -58.13       -60.04         1.91
            14    191         5.05       -11.05        47.08       -58.13       -60.03         1.90
            15     93         5.10       -11.00        47.13       -58.12       -60.04         1.91
            16    104         5.31       -10.78        47.56       -58.35       -60.22         1.88
            17      1         5.35       -10.75        47.56       -58.31       -60.18         1.88
            18    139         6.96        -9.14        48.92       -58.06       -59.98         1.92
            19    236         6.99        -9.11        48.92       -58.03       -59.94         1.91
            20    220         7.12        -8.97        49.22       -58.19       -60.09         1.90
            21    234         7.13        -8.97        49.22       -58.18       -60.06         1.88
            22     76         7.24        -8.86        49.43       -58.29       -60.17         1.88
            23    265         7.27        -8.83        49.43       -58.26       -60.13         1.86
            24    256         7.49        -8.60        49.67       -58.27       -60.12         1.85
            25    298         7.62        -8.48        49.67       -58.14       -60.00         1.85
            26     90         7.72        -8.37        49.57       -57.94       -59.79         1.85
            27    263         7.79        -8.30        49.57       -57.87       -59.72         1.85
          ------------------------------------------------------------------------------------------

          ----------------------------------------
          Gas Phase Internal Potential Energy: U
          ----------------------------------------

          ------------------------------------------------------------------------------------------
          Rank    ID         U         Valence     Coulomb        VdW         VdW6        VdW12
          ------------------------------------------------------------------------------------------
             1    167        45.77         1.30        44.18         0.30        -3.49         3.79
             2    143        46.42         1.41        44.61         0.40        -4.00         4.40
             3     94        46.42         1.41        44.61         0.40        -4.00         4.40
             4    310        46.51         1.61        44.54         0.36        -4.06         4.42
             5    125        46.51         1.61        44.54         0.36        -4.06         4.42
             6    278        46.49         1.81        44.25         0.43        -4.09         4.52
             7    301        46.49         1.81        44.25         0.43        -4.09         4.52
             8     33        47.08         1.94        44.57         0.56        -4.57         5.14
             9    120        47.05         1.91        44.63         0.52        -4.61         5.13
            10    292        47.05         1.91        44.63         0.52        -4.61         5.13
            11     87        47.08         2.04        44.66         0.38        -4.91         5.30
            12     86        47.08         1.94        44.57         0.56        -4.57         5.14
            13    272        47.13         1.70        45.05         0.37        -4.76         5.13
            14    191        47.08         2.04        44.66         0.38        -4.91         5.30
            15     93        47.13         1.70        45.05         0.37        -4.76         5.13
            16    104        47.56         2.15        45.03         0.38        -5.60         5.98
            17      1        47.56         2.15        45.03         0.38        -5.60         5.98
            18    139        48.92         3.79        44.72         0.41        -4.84         5.25
            19    236        48.92         3.79        44.72         0.41        -4.84         5.25
            20    220        49.22         2.93        46.01         0.28        -4.91         5.19
            21    234        49.22         2.93        46.01         0.28        -4.91         5.19
            22     76        49.43         3.80        45.25         0.38        -5.60         5.98
            23    265        49.43         3.80        45.25         0.38        -5.60         5.98
            24    256        49.67         3.95        45.46         0.25        -5.83         6.09
            25    298        49.67         3.95        45.46         0.25        -5.83         6.09
            26     90        49.57         3.37        46.02         0.18        -6.02         6.20
            27    263        49.57         3.37        46.02         0.18        -6.02         6.20
          ------------------------------------------------------------------------------------------

          -------------------------------
          Bonded Energy Terms: Valence
          -------------------------------

          ------------------------------------------------------------------------------------------
          Rank    ID     Valence       Bond        Angle         Pdih         Idih       Tether
          ------------------------------------------------------------------------------------------
             1    167         1.30         0.10         0.38         0.82         0.00         0.00
             2    143         1.41         0.12         0.43         0.86         0.00         0.00
             3     94         1.41         0.12         0.43         0.86         0.00         0.00
             4    310         1.61         0.12         0.52         0.98         0.00         0.00
             5    125         1.61         0.12         0.52         0.98         0.00         0.00
             6    278         1.81         0.13         0.63         1.05         0.00         0.00
             7    301         1.81         0.13         0.63         1.05         0.00         0.00
             8     33         1.94         0.16         0.70         1.09         0.00         0.00
             9    120         1.91         0.15         0.65         1.10         0.00         0.00
            10    292         1.91         0.15         0.65         1.10         0.00         0.00
            11     87         2.04         0.16         0.86         1.02         0.00         0.00
            12     86         1.94         0.16         0.70         1.09         0.00         0.00
            13    272         1.70         0.14         0.63         0.93         0.00         0.00
            14    191         2.04         0.16         0.86         1.02         0.00         0.00
            15     93         1.70         0.14         0.63         0.93         0.00         0.00
            16    104         2.15         0.19         0.94         1.03         0.00         0.00
            17      1         2.15         0.19         0.94         1.03         0.00         0.00
            18    139         3.79         0.18         1.20         2.41         0.00         0.00
            19    236         3.79         0.18         1.20         2.41         0.00         0.00
            20    220         2.93         0.16         0.97         1.80         0.00         0.00
            21    234         2.93         0.16         0.97         1.80         0.00         0.00
            22     76         3.80         0.20         1.37         2.23         0.00         0.00
            23    265         3.80         0.20         1.37         2.23         0.00         0.00
            24    256         3.95         0.20         1.50         2.25         0.00         0.00
            25    298         3.95         0.20         1.50         2.25         0.00         0.00
            26     90         3.37         0.20         1.44         1.73         0.00         0.00
            27    263         3.37         0.20         1.44         1.73         0.00         0.00
          ------------------------------------------------------------------------------------------

          Calculating single reference conformer RMSDs ...

          ---------------------------------
          Conformer RMSDs are in Angstroms.
          ---------------------------------

          ------------------------------------------------------------------------------------------
                              RMSD wrt Input Crd                    RMSD wrt Rank 1
                         ---------------------------------------------------------------------------
          Rank    ID        Complex    Receptor  Ligand          Complex    Receptor  Ligand
          ------------------------------------------------------------------------------------------
             1    167                             0.015                               0.000
             2    143                             0.748                               0.773
             3     94                             0.747                               1.310
             4    310                             1.643                               1.751
             5    125                             1.011                               1.007
             6    278                             1.341                               1.208
             7    301                             0.873                               1.848
             8     33                             0.972                               0.726
             9    120                             1.742                               1.341
            10    292                             1.819                               1.700
            11     87                             1.613                               1.375
            12     86                             1.705                               1.705
            13    272                             1.997                               1.909
            14    191                             1.409                               1.911
            15     93                             1.188                               1.911
            16    104                             1.490                               1.679
            17      1                             1.552                               1.708
            18    139                             1.347                               1.506
            19    236                             1.452                               1.351
            20    220                             2.081                               1.237
            21    234                             1.951                               1.359
            22     76                             1.810                               1.836
            23    265                             1.838                               1.891
            24    256                             1.954                               2.096
            25    298                             1.938                               2.079
            26     90                             1.781                               1.883
            27    263                             1.781                               1.983
          ------------------------------------------------------------------------------------------

          --------------------------------
          Final Boltzmann Averaged Data.
          --------------------------------

          -------------------------------------------------------------------
          Results of Boltzmann Averaging Over All   29 Conformers (kcal/mol).
          -------------------------------------------------------------------

          Free Energy                        G              25.9938242981
          Average Potential Energy         < E >             4.7544428131
          Entropy                           -TS             21.2393814850
          -------------------------------------------------------------------

          Average Potential Energy < E > Components.

          < U >                    46.5664701352
          < W(PBSA) >             -57.9083198032
          < H.O. P.E. >            16.0963722336

          Average Solvation Energy < W(PBSA) > Components.

          < PB >                  -59.8388177172
          < SA >                    1.9304979139

          Average Gas Phase Internal Potential Energy < U > Components.

          < Valence >               1.6502777084
          < Coulomb >              44.5194613922
          < VdW >                   0.3967310346

          Average Van der Waals Energy < VdW > Components.

          < VdW6  >                -4.1775140319
          < VdW12 >                 4.5742450665

          Average Bonded Energy < Valence > Components.

          < Bond >                  0.1277544597
          < Angle >                 0.5584612962
          < Pdihed >                0.9640619525
          < Idihed >                0.0000000000
          < Tether >                0.0000000000

          -------------------------------------------------------------------
                        End of VM2 Calculation Results Summary.
          -------------------------------------------------------------------


     Total cpu time for run          6.46 seconds.
                                     0.11 minutes.

     Total wall time for run         6.98 seconds.
                                     0.12 minutes.

     TIME STAMP: VCPack job finished normally : Sunday, August 07, 2022 at 12:01:52
