
     --------------------------------------------------------------------------------
                        Running Program VCPack. Version 2.8

                           VeraChem LLC, PO Box 2206
                           Germantown, MD 20875, U.S.A.

                                Tel. 240-686-0565
                                www.verachem.com
     --------------------------------------------------------------------------------


     Input file          :   guest-8_vm2.inp

     Output file         :   guest-8_vm2.out

     Summary output file :   guest-8_vm2.summary.out

     Executable : /data/comblab/vcCompChem_3b/exe/VC_CompChemPackage_mpi.exe

     Build date : Aug 13 2021  17:26:14

     This is a multiple processor run.

     MPI processes              :   16
     OpenMP threads per process :    0
     CUDA enabled               :  no

     TIME STAMP: VCPack job started : Saturday, August 06, 2022 at 17:08:03

     --------------------------------------------------------------------------------
                            Basic Calculation Control.
     --------------------------------------------------------------------------------

     Molecular system type                :  ligand          

     Calculation type                     :  vm2             

     Energy potential                     :  mm              

     Post-processing type                 :  none            

     Post-processing energy potential     :  none            

     Time limit in wall clock hours       :  96.00

     Read in starting conformers          :  no
     Type of conformers to read in        :  none
     Conformer source files(s)            :  none

     Use input .crd for complex build     :  no
     Place ligand confs. at input .crd    :  no
     Use input .crd as start conformer    :  yes

     Formatted output files               :  xyz     
                                          :  pdb     
                                          :  mol2    
                                          :  sdf     
                                          :  xyz     
                                          :  gms     
                                          :  csv     

     Split formatted output files         :  crd     

     Limit conformers in formatted files  :  bycount
     Maximum conformer count              :  1000

     Atoms to include in formatted files  :  all     

     Binary file restart type             :  none


     --------------------------------------------------------------------------------
                            Math Related Control and Set Up.
     --------------------------------------------------------------------------------

     Random number generator seeds :  bywallclock

     Seed 1 :           5951217
     Seed 2 :            559113
     Seed 3 :               610
     Seed 4 :             25624


     --------------------------------------------------------------------------------
                            Basic Molecular System Set Up.
     --------------------------------------------------------------------------------

     ------------------
     Ligand Data Files.
     ------------------

     Standard crd coordinate file            :  guest-8.crd
     VeraChem topology file                  :  guest-8.top
     Standard mol/sdf file                   :  guest-8.mol

     Total number of ligand atoms            :        25

     Included in this calculation.
     Number of real and live ligand atoms    :        25
     Number of real but fixed ligand atoms   :         0

     Ligand placement method                 :  none

     Snap ligand to template atoms           :      no

     -------------------------------
     Final Real/Live Set Atom Count.
     -------------------------------

     Total number of real atoms              :        25
     Total number of live atoms              :        25


     --------------------------------------------------------------------------------
                            Generate Initial Molecular Conformation.
     --------------------------------------------------------------------------------

     Mandatory input crd file(s) used for generation of a single starting conformer.


     --------------------------------------------------------------------------------
                             Energy Potential Settings.
     --------------------------------------------------------------------------------


     Molecular Mechanics package          :  vchem           

     Quantum Mechanics package            :  none            


     --------------------------------------------------------------------------------
                    Running VM2 Mining Minima Module. Version 2.8
     --------------------------------------------------------------------------------

     Iteration    Free Energy G             G Diff            # Conformers     # Diff
        1            -8.248676              -8.248676              58              58
        2            -8.583855              -0.335179             123              65
        3            -8.591314              -0.007459             127               4
        4            -8.653999              -0.062686             164              37
        5            -8.655562              -0.001562             166               2
        6            -8.812318              -0.156756             183              17
        7            -8.818345              -0.006028             188               5
        8            -8.825168              -0.006822             195               7

     VM2 Free Energy converged after    8 iterations.

     Final VM2 Free Energy is      -8.825168 Kcal/mol.

          --------------------------------
          Final Individual Conformer Data.
          --------------------------------

          List data for conformers with probability of at least :  0.01 %
          Rankings are with respect to : Free Energy (G)

          ------------------------
          Free Energy: G = E - TS
          ------------------------

          ------------------------------------------------------------------------------------------
          Rank    ID     ln(Zx)    Prob(%)  Sum Prob(%)  Del G        G            E            -TS
          ------------------------------------------------------------------------------------------
             1    348    -36.15991   23.52    23.52      0.00        -7.96       -32.36        24.40
             2    821    -37.56854    5.75    29.27      0.84        -7.12       -31.63        24.51
             3    832    -37.60019    5.57    34.84      0.86        -7.10       -31.61        24.51
             4    484    -37.68219    5.13    39.97      0.91        -7.05       -31.56        24.51
             5   1009    -37.69956    5.04    45.01      0.92        -7.04       -31.54        24.50
             6   1085    -37.71266    4.98    49.99      0.93        -7.04       -31.54        24.51
             7    738    -37.75475    4.77    54.77      0.95        -7.01       -31.51        24.50
             8    939    -37.75546    4.77    59.53      0.95        -7.01       -31.52        24.51
             9    757    -37.81156    4.51    64.04      0.98        -6.98       -31.48        24.51
            10    194    -38.47639    2.32    66.36      1.38        -6.58       -31.29        24.71
            11     54    -38.48732    2.29    68.66      1.39        -6.57       -31.29        24.71
            12     88    -39.01589    1.35    70.01      1.70        -6.26       -30.88        24.62
            13    566    -39.05669    1.30    71.31      1.73        -6.24       -30.86        24.62
            14    923    -39.06423    1.29    72.60      1.73        -6.23       -30.85        24.62
            15    969    -39.08585    1.26    73.86      1.74        -6.22       -30.85        24.64
            16    972    -39.10504    1.24    75.09      1.76        -6.21       -30.84        24.64
            17      0    -39.20917    1.11    76.21      1.82        -6.14       -31.06        24.92
            18    781    -39.21466    1.11    77.32      1.82        -6.14       -30.98        24.84
            19    727    -39.22025    1.10    78.42      1.82        -6.14       -30.69        24.55
            20    492    -39.24185    1.08    79.50      1.84        -6.12       -30.77        24.64
            21    190    -39.24274    1.08    80.58      1.84        -6.12       -30.77        24.64
            22   1017    -39.24452    1.08    81.65      1.84        -6.12       -30.97        24.84
            23    163    -39.25802    1.06    82.71      1.85        -6.12       -30.67        24.56
            24   1106    -39.26493    1.05    83.77      1.85        -6.11       -30.67        24.56
            25    539    -39.26684    1.05    84.82      1.85        -6.11       -30.66        24.55
            26    183    -39.29786    1.02    85.84      1.87        -6.09       -30.92        24.83
            27     78    -39.36171    0.96    86.80      1.91        -6.05       -30.88        24.83
            28   1057    -39.41952    0.90    87.70      1.94        -6.02       -30.82        24.80
            29   1080    -39.45473    0.87    88.57      1.96        -6.00       -30.80        24.80
            30    468    -39.92436    0.55    89.12      2.24        -5.72       -30.54        24.82
            31   1036    -39.92619    0.54    89.66      2.25        -5.72       -30.53        24.81
            32    986    -39.94860    0.53    90.19      2.26        -5.70       -30.53        24.82
            33    493    -39.99020    0.51    90.70      2.28        -5.68       -30.50        24.82
            34    459    -40.00915    0.50    91.21      2.29        -5.67       -30.48        24.81
            35    286    -40.02850    0.49    91.70      2.31        -5.66       -30.46        24.81
            36   1063    -40.03397    0.49    92.19      2.31        -5.65       -30.47        24.82
            37    780    -40.04507    0.48    92.67      2.32        -5.65       -30.47        24.82
            38    695    -40.05749    0.48    93.15      2.32        -5.64       -30.46        24.82
            39    997    -40.05821    0.48    93.62      2.32        -5.64       -30.46        24.82
            40   1046    -40.13229    0.44    94.07      2.37        -5.59       -30.40        24.81
            41    814    -40.41233    0.33    94.40      2.54        -5.43       -30.29        24.86
            42    172    -40.41371    0.33    94.73      2.54        -5.43       -30.29        24.86
            43    785    -40.62690    0.27    95.00      2.66        -5.30       -30.23        24.93
            44   1005    -40.65827    0.26    95.27      2.68        -5.28       -30.21        24.93
            45    444    -40.66830    0.26    95.52      2.69        -5.27       -30.25        24.98
            46    715    -40.68860    0.25    95.78      2.70        -5.26       -30.24        24.98
            47    699    -40.82241    0.22    96.00      2.78        -5.18       -30.05        24.87
            48    224    -40.83286    0.22    96.22      2.79        -5.18       -30.09        24.91
            49   1006    -40.87691    0.21    96.43      2.81        -5.15       -30.07        24.92
            50    255    -40.89687    0.21    96.64      2.82        -5.14       -30.32        25.18
            51    885    -40.90323    0.20    96.84      2.83        -5.13       -30.28        25.14
            52    697    -40.97209    0.19    97.03      2.87        -5.09       -29.96        24.87
            53     29    -41.01333    0.18    97.22      2.89        -5.07       -30.21        25.14
            54    445    -41.47934    0.12    97.33      3.17        -4.79       -29.74        24.95
            55    963    -41.53819    0.11    97.44      3.21        -4.76       -29.70        24.95
            56    798    -41.54742    0.11    97.55      3.21        -4.75       -29.71        24.96
            57    437    -41.56042    0.11    97.65      3.22        -4.74       -29.61        24.87
            58    782    -41.56445    0.11    97.76      3.22        -4.74       -29.70        24.96
            59    894    -41.62607    0.10    97.86      3.26        -4.70       -29.57        24.87
            60    222    -41.67332    0.09    97.95      3.29        -4.68       -29.54        24.87
            61    244    -41.69132    0.09    98.05      3.30        -4.66       -29.78        25.11
            62    308    -41.70426    0.09    98.14      3.31        -4.66       -29.53        24.87
            63   1116    -41.76223    0.09    98.23      3.34        -4.62       -29.75        25.12
            64    282    -41.79509    0.08    98.31      3.36        -4.60       -29.75        25.15
            65   1008    -41.81098    0.08    98.39      3.37        -4.59       -29.72        25.12
            66    829    -41.96175    0.07    98.46      3.46        -4.50       -29.47        24.97
            67    401    -41.97360    0.07    98.53      3.47        -4.50       -29.75        25.25
            68    446    -41.98259    0.07    98.60      3.47        -4.49       -29.65        25.16
            69   1072    -42.01781    0.07    98.67      3.49        -4.47       -29.37        24.90
            70   1003    -42.04050    0.07    98.74      3.51        -4.46       -29.62        25.16
            71   1020    -42.08070    0.06    98.80      3.53        -4.43       -29.68        25.25
            72    135    -42.08476    0.06    98.86      3.53        -4.43       -29.33        24.90
            73    378    -42.09113    0.06    98.92      3.54        -4.43       -29.38        24.95
            74    670    -42.10155    0.06    98.99      3.54        -4.42       -29.38        24.95
            75    269    -42.30717    0.05    99.04      3.66        -4.30       -29.30        25.00
            76    431    -42.35056    0.05    99.08      3.69        -4.27       -29.30        25.03
            77    495    -42.38217    0.05    99.13      3.71        -4.25       -29.28        25.03
            78    936    -42.40436    0.05    99.18      3.72        -4.24       -29.02        24.78
            79    500    -42.42659    0.04    99.22      3.74        -4.23       -29.68        25.45
            80    614    -42.47040    0.04    99.26      3.76        -4.20       -28.98        24.78
            81    721    -42.50121    0.04    99.31      3.78        -4.18       -29.63        25.45
            82   1113    -42.60274    0.04    99.34      3.84        -4.12       -28.91        24.79
            83   1088    -42.63176    0.04    99.38      3.86        -4.10       -28.89        24.79
            84    273    -42.63852    0.04    99.42      3.86        -4.10       -28.88        24.78
            85    988    -42.71247    0.03    99.45      3.91        -4.06       -28.83        24.77
            86    979    -42.75755    0.03    99.48      3.93        -4.03       -28.76        24.73
            87    394    -42.76160    0.03    99.51      3.94        -4.03       -28.76        24.74
            88    990    -42.77822    0.03    99.55      3.95        -4.02       -28.79        24.77
            89     36    -42.78033    0.03    99.58      3.95        -4.02       -28.80        24.78
            90    393    -42.78461    0.03    99.61      3.95        -4.01       -28.75        24.74
            91   1031    -42.82521    0.03    99.64      3.97        -3.99       -28.72        24.73
            92   1120    -43.32174    0.02    99.66      4.27        -3.69       -29.15        25.46
            93    237    -43.37479    0.02    99.67      4.30        -3.66       -29.03        25.37
            94    724    -43.39299    0.02    99.69      4.31        -3.65       -29.21        25.56
            95    813    -43.43901    0.02    99.71      4.34        -3.62       -29.00        25.37
            96    264    -43.52528    0.01    99.72      4.39        -3.57       -28.89        25.32
            97    239    -43.59207    0.01    99.74      4.43        -3.53       -29.01        25.47
            98    461    -43.60287    0.01    99.75      4.44        -3.53       -29.00        25.47
            99    558    -43.72002    0.01    99.76      4.51        -3.46       -28.66        25.20
           100    448    -43.77858    0.01    99.77      4.54        -3.42       -28.28        24.86
           101   1010    -43.84628    0.01    99.78      4.58        -3.38       -28.38        25.00
          ------------------------------------------------------------------------------------------

          --------------------------------------------------------
          Potential Energy: E = (U+W) + H.O. Equipartion energy
          --------------------------------------------------------

          ------------------------------------------------------------------------------------------
          Rank    ID         E          U+W            U        W(PBSA)          PB           SA
          ------------------------------------------------------------------------------------------
             1    348       -32.36       -52.93         5.62       -58.54       -61.06         2.52
             2    821       -31.63       -52.20         6.58       -58.77       -61.32         2.54
             3    832       -31.61       -52.18         6.58       -58.75       -61.29         2.54
             4    484       -31.56       -52.13         6.63       -58.76       -61.28         2.52
             5   1009       -31.54       -52.11         6.58       -58.69       -61.20         2.50
             6   1085       -31.54       -52.11         7.04       -59.15       -61.66         2.51
             7    738       -31.51       -52.08         6.58       -58.66       -61.14         2.48
             8    939       -31.52       -52.09         6.63       -58.72       -61.24         2.53
             9    757       -31.48       -52.05         7.04       -59.09       -61.61         2.51
            10    194       -31.29       -51.86         7.82       -59.68       -62.18         2.50
            11     54       -31.29       -51.85         7.82       -59.67       -62.16         2.49
            12     88       -30.88       -51.44         7.70       -59.14       -61.61         2.47
            13    566       -30.86       -51.42         7.65       -59.07       -61.56         2.49
            14    923       -30.85       -51.41         7.70       -59.11       -61.58         2.47
            15    969       -30.85       -51.42         7.39       -58.81       -61.29         2.47
            16    972       -30.84       -51.41         7.39       -58.80       -61.27         2.47
            17      0       -31.06       -51.63         6.59       -58.22       -60.76         2.54
            18    781       -30.98       -51.55         8.11       -59.67       -62.14         2.47
            19    727       -30.69       -51.25         7.51       -58.76       -61.24         2.48
            20    492       -30.77       -51.33         7.84       -59.17       -61.68         2.50
            21    190       -30.77       -51.33         7.84       -59.17       -61.67         2.49
            22   1017       -30.97       -51.53         8.11       -59.65       -62.10         2.45
            23    163       -30.67       -51.24         7.81       -59.05       -61.53         2.48
            24   1106       -30.67       -51.24         7.81       -59.04       -61.53         2.49
            25    539       -30.66       -51.23         7.51       -58.73       -61.25         2.51
            26    183       -30.92       -51.49         8.13       -59.62       -62.09         2.47
            27     78       -30.88       -51.45         8.13       -59.58       -62.04         2.46
            28   1057       -30.82       -51.39         7.57       -58.95       -61.39         2.44
            29   1080       -30.80       -51.37         7.57       -58.93       -61.40         2.46
            30    468       -30.54       -51.11         8.78       -59.89       -62.36         2.47
            31   1036       -30.53       -51.10         8.90       -60.00       -62.48         2.48
            32    986       -30.53       -51.09         8.38       -59.47       -61.94         2.47
            33    493       -30.50       -51.07         8.78       -59.85       -62.31         2.46
            34    459       -30.48       -51.05         8.90       -59.95       -62.43         2.48
            35    286       -30.46       -51.03         9.00       -60.03       -62.53         2.50
            36   1063       -30.47       -51.04         8.63       -59.67       -62.17         2.49
            37    780       -30.47       -51.03         8.38       -59.41       -61.87         2.46
            38    695       -30.46       -51.03         9.23       -60.26       -62.74         2.48
            39    997       -30.46       -51.03         9.23       -60.26       -62.75         2.49
            40   1046       -30.40       -50.97         9.00       -59.97       -62.45         2.48
            41    814       -30.29       -50.86         9.44       -60.30       -62.77         2.47
            42    172       -30.29       -50.86         9.44       -60.30       -62.76         2.46
            43    785       -30.23       -50.80         8.42       -59.22       -61.64         2.42
            44   1005       -30.21       -50.78         8.42       -59.20       -61.63         2.43
            45    444       -30.25       -50.82         8.96       -59.78       -62.19         2.41
            46    715       -30.24       -50.81         8.96       -59.76       -62.19         2.42
            47    699       -30.05       -50.62         8.47       -59.09       -61.53         2.44
            48    224       -30.09       -50.66         8.77       -59.43       -61.89         2.46
            49   1006       -30.07       -50.63         8.77       -59.41       -61.85         2.45
            50    255       -30.32       -50.88         8.90       -59.78       -62.19         2.41
            51    885       -30.28       -50.85         8.65       -59.49       -61.92         2.43
            52    697       -29.96       -50.53         8.47       -59.00       -61.45         2.45
            53     29       -30.21       -50.78         8.65       -59.43       -61.87         2.44
            54    445       -29.74       -50.31         9.53       -59.84       -62.31         2.48
            55    963       -29.70       -50.27         9.53       -59.80       -62.27         2.47
            56    798       -29.71       -50.28         9.32       -59.59       -62.05         2.45
            57    437       -29.61       -50.18         9.76       -59.94       -62.39         2.45
            58    782       -29.70       -50.27         9.32       -59.58       -62.04         2.46
            59    894       -29.57       -50.14         9.42       -59.56       -62.02         2.46
            60    222       -29.54       -50.11         9.76       -59.88       -62.33         2.46
            61    244       -29.78       -50.34         9.80       -60.14       -62.57         2.44
            62    308       -29.53       -50.10         9.42       -59.51       -61.99         2.48
            63   1116       -29.75       -50.31        10.40       -60.71       -63.15         2.44
            64    282       -29.75       -50.32         9.26       -59.59       -62.04         2.45
            65   1008       -29.72       -50.29        10.40       -60.69       -63.13         2.45
            66    829       -29.47       -50.04        10.31       -60.36       -62.81         2.46
            67    401       -29.75       -50.32         9.77       -60.09       -62.54         2.45
            68    446       -29.65       -50.22        10.37       -60.59       -63.00         2.41
            69   1072       -29.37       -49.94        10.27       -60.21       -62.63         2.42
            70   1003       -29.62       -50.18        10.37       -60.56       -62.97         2.41
            71   1020       -29.68       -50.25         9.77       -60.02       -62.44         2.42
            72    135       -29.33       -49.90        10.27       -60.17       -62.62         2.45
            73    378       -29.38       -49.95        10.72       -60.67       -63.10         2.43
            74    670       -29.38       -49.94        10.72       -60.66       -63.09         2.43
            75    269       -29.30       -49.86        10.63       -60.49       -62.93         2.43
            76    431       -29.30       -49.87        10.90       -60.77       -63.22         2.45
            77    495       -29.28       -49.85        10.90       -60.75       -63.22         2.47
            78    936       -29.02       -49.59        10.02       -59.60       -62.07         2.46
            79    500       -29.68       -50.24         9.32       -59.57       -61.97         2.40
            80    614       -28.98       -49.55        10.02       -59.57       -62.02         2.45
            81    721       -29.63       -50.20         9.32       -59.52       -61.90         2.38
            82   1113       -28.91       -49.48        10.34       -59.82       -62.26         2.44
            83   1088       -28.89       -49.46        10.34       -59.80       -62.24         2.44
            84    273       -28.88       -49.45        10.48       -59.93       -62.37         2.44
            85    988       -28.83       -49.40        10.17       -59.57       -62.03         2.46
            86    979       -28.76       -49.33         9.71       -59.04       -61.49         2.46
            87    394       -28.76       -49.33         9.74       -59.07       -61.52         2.45
            88    990       -28.79       -49.36        10.17       -59.53       -62.00         2.47
            89     36       -28.80       -49.37        10.48       -59.85       -62.30         2.45
            90    393       -28.75       -49.32         9.74       -59.06       -61.49         2.43
            91   1031       -28.72       -49.29         9.71       -59.00       -61.45         2.45
            92   1120       -29.15       -49.72        10.17       -59.89       -62.28         2.39
            93    237       -29.03       -49.60        10.96       -60.56       -62.94         2.37
            94    724       -29.21       -49.78        10.24       -60.02       -62.39         2.37
            95    813       -29.00       -49.56        10.96       -60.52       -62.91         2.38
            96    264       -28.89       -49.46        10.88       -60.34       -62.74         2.40
            97    239       -29.01       -49.57        11.22       -60.79       -63.16         2.37
            98    461       -29.00       -49.57        11.22       -60.78       -63.16         2.38
            99    558       -28.66       -49.23        11.04       -60.26       -62.66         2.40
           100    448       -28.28       -48.85        11.04       -59.88       -62.30         2.42
           101   1010       -28.38       -48.95        11.42       -60.37       -62.80         2.42
          ------------------------------------------------------------------------------------------

          ----------------------------------------
          Gas Phase Internal Potential Energy: U
          ----------------------------------------

          ------------------------------------------------------------------------------------------
          Rank    ID         U         Valence     Coulomb        VdW         VdW6        VdW12
          ------------------------------------------------------------------------------------------
             1    348         5.62         7.53        -2.82         0.90        -7.64         8.54
             2    821         6.58         8.05        -2.49         1.01        -8.34         9.35
             3    832         6.58         8.05        -2.49         1.01        -8.34         9.35
             4    484         6.63         8.03        -2.44         1.04        -8.26         9.30
             5   1009         6.58         8.07        -2.52         1.03        -8.30         9.34
             6   1085         7.04         8.06        -2.03         1.01        -8.35         9.35
             7    738         6.58         8.07        -2.52         1.03        -8.30         9.34
             8    939         6.63         8.03        -2.44         1.04        -8.26         9.30
             9    757         7.04         8.06        -2.03         1.01        -8.35         9.35
            10    194         7.82         7.78        -0.71         0.74        -8.51         9.26
            11     54         7.82         7.78        -0.71         0.74        -8.51         9.26
            12     88         7.70         8.55        -1.99         1.14        -8.99        10.13
            13    566         7.65         8.55        -2.03         1.14        -8.97        10.11
            14    923         7.70         8.55        -1.99         1.14        -8.99        10.13
            15    969         7.39         8.56        -2.28         1.11        -9.03        10.14
            16    972         7.39         8.56        -2.28         1.11        -9.03        10.14
            17      0         6.59         8.03        -2.89         1.45        -7.93         9.38
            18    781         8.11         8.49        -1.26         0.89        -9.45        10.33
            19    727         7.51         8.67        -2.36         1.19        -8.93        10.12
            20    492         7.84         8.54        -1.81         1.11        -8.99        10.10
            21    190         7.84         8.54        -1.81         1.11        -8.99        10.10
            22   1017         8.11         8.49        -1.26         0.89        -9.45        10.33
            23    163         7.81         8.64        -2.03         1.19        -8.89        10.08
            24   1106         7.81         8.64        -2.03         1.19        -8.89        10.08
            25    539         7.51         8.67        -2.36         1.19        -8.93        10.12
            26    183         8.13         8.51        -1.30         0.92        -9.37        10.29
            27     78         8.13         8.51        -1.30         0.92        -9.37        10.29
            28   1057         7.57         8.48        -1.91         1.00        -9.21        10.20
            29   1080         7.57         8.48        -1.91         1.00        -9.21        10.20
            30    468         8.78         8.29        -0.38         0.88        -9.13        10.01
            31   1036         8.90         8.31        -0.22         0.82        -9.24        10.06
            32    986         8.38         8.36        -0.89         0.91        -9.16        10.07
            33    493         8.78         8.29        -0.38         0.88        -9.13        10.01
            34    459         8.90         8.31        -0.22         0.82        -9.24        10.06
            35    286         9.00         8.32        -0.18         0.85        -9.20        10.05
            36   1063         8.63         8.29        -0.53         0.88        -9.13        10.01
            37    780         8.38         8.36        -0.89         0.91        -9.16        10.07
            38    695         9.23         8.32         0.07         0.84        -9.23        10.07
            39    997         9.23         8.32         0.08         0.84        -9.23        10.07
            40   1046         9.00         8.32        -0.18         0.85        -9.20        10.05
            41    814         9.44         8.29         0.53         0.62        -9.56        10.19
            42    172         9.44         8.29         0.53         0.62        -9.56        10.19
            43    785         8.42         8.96        -1.58         1.04       -10.00        11.04
            44   1005         8.42         8.96        -1.58         1.04       -10.00        11.04
            45    444         8.96         8.95        -0.94         0.95       -10.18        11.13
            46    715         8.96         8.95        -0.94         0.95       -10.18        11.13
            47    699         8.47         9.08        -1.77         1.17        -9.83        11.00
            48    224         8.77         9.06        -1.37         1.08        -9.99        11.07
            49   1006         8.77         9.06        -1.37         1.08        -9.99        11.07
            50    255         8.90         8.93        -0.85         0.81       -10.41        11.22
            51    885         8.65         8.92        -1.17         0.89       -10.22        11.12
            52    697         8.47         9.08        -1.77         1.17        -9.83        11.00
            53     29         8.65         8.92        -1.17         0.89       -10.22        11.12
            54    445         9.53         8.78        -0.18         0.93        -9.87        10.80
            55    963         9.53         8.78        -0.18         0.93        -9.87        10.80
            56    798         9.32         8.83        -0.52         1.01        -9.81        10.82
            57    437         9.76         8.88        -0.12         1.00        -9.78        10.79
            58    782         9.32         8.83        -0.52         1.01        -9.81        10.82
            59    894         9.42         8.94        -0.61         1.09        -9.71        10.80
            60    222         9.76         8.88        -0.12         1.00        -9.78        10.79
            61    244         9.80         8.74         0.24         0.82       -10.10        10.91
            62    308         9.42         8.94        -0.61         1.09        -9.71        10.80
            63   1116        10.40         8.74         0.89         0.77       -10.16        10.94
            64    282         9.26         8.80        -0.37         0.84       -10.17        11.01
            65   1008        10.40         8.74         0.89         0.77       -10.16        10.94
            66    829        10.31         8.80         0.78         0.74       -10.19        10.93
            67    401         9.77         8.74         0.48         0.55       -10.63        11.18
            68    446        10.37         8.73         0.99         0.65       -10.41        11.06
            69   1072        10.27         8.91         0.55         0.81       -10.14        10.95
            70   1003        10.37         8.73         0.99         0.65       -10.41        11.06
            71   1020         9.77         8.74         0.48         0.55       -10.63        11.18
            72    135        10.27         8.91         0.55         0.81       -10.14        10.94
            73    378        10.72         8.80         1.20         0.72       -10.23        10.95
            74    670        10.72         8.80         1.20         0.72       -10.23        10.95
            75    269        10.63         8.79         1.20         0.65       -10.38        11.03
            76    431        10.90         9.45         0.78         0.68       -10.01        10.69
            77    495        10.90         9.44         0.78         0.68       -10.01        10.69
            78    936        10.02        10.52        -1.44         0.93        -9.40        10.33
            79    500         9.32         9.36        -0.85         0.82       -11.21        12.03
            80    614        10.02        10.52        -1.44         0.93        -9.40        10.33
            81    721         9.32         9.36        -0.85         0.82       -11.21        12.03
            82   1113        10.34        10.53        -1.07         0.88        -9.46        10.34
            83   1088        10.34        10.53        -1.07         0.88        -9.46        10.34
            84    273        10.48        10.55        -0.99         0.92        -9.37        10.29
            85    988        10.17        10.55        -1.32         0.94        -9.36        10.29
            86    979         9.71        10.53        -1.84         1.02        -9.20        10.22
            87    394         9.74        10.51        -1.76         0.99        -9.21        10.20
            88    990        10.17        10.55        -1.32         0.94        -9.36        10.29
            89     36        10.48        10.55        -0.99         0.92        -9.37        10.29
            90    393         9.74        10.51        -1.76         0.99        -9.21        10.20
            91   1031         9.71        10.53        -1.84         1.02        -9.20        10.22
            92   1120        10.17         9.22         0.15         0.80       -11.03        11.83
            93    237        10.96         9.20         1.17         0.59       -11.37        11.96
            94    724        10.24         9.19         0.54         0.51       -11.54        12.05
            95    813        10.96         9.20         1.17         0.59       -11.37        11.96
            96    264        10.88         9.32         0.83         0.73       -11.18        11.91
            97    239        11.22         9.15         1.47         0.60       -11.29        11.89
            98    461        11.22         9.15         1.47         0.60       -11.29        11.89
            99    558        11.04         9.32         0.93         0.78       -11.03        11.81
           100    448        11.04        11.02        -0.98         1.00       -10.12        11.12
           101   1010        11.42        10.14         0.37         0.92       -10.48        11.40
          ------------------------------------------------------------------------------------------

          -------------------------------
          Bonded Energy Terms: Valence
          -------------------------------

          ------------------------------------------------------------------------------------------
          Rank    ID     Valence       Bond        Angle         Pdih         Idih       Tether
          ------------------------------------------------------------------------------------------
             1    348         7.53         0.12         2.27         5.14         0.00         0.00
             2    821         8.05         0.16         2.51         5.38         0.00         0.00
             3    832         8.05         0.16         2.51         5.38         0.00         0.00
             4    484         8.03         0.15         2.50         5.39         0.00         0.00
             5   1009         8.07         0.15         2.52         5.40         0.00         0.00
             6   1085         8.06         0.15         2.52         5.39         0.00         0.00
             7    738         8.07         0.15         2.52         5.40         0.00         0.00
             8    939         8.03         0.15         2.50         5.39         0.00         0.00
             9    757         8.06         0.15         2.52         5.39         0.00         0.00
            10    194         7.78         0.14         2.43         5.22         0.00         0.00
            11     54         7.78         0.14         2.43         5.22         0.00         0.00
            12     88         8.55         0.19         2.74         5.62         0.00         0.00
            13    566         8.55         0.19         2.74         5.62         0.00         0.00
            14    923         8.55         0.19         2.74         5.62         0.00         0.00
            15    969         8.56         0.19         2.72         5.65         0.00         0.00
            16    972         8.56         0.19         2.72         5.65         0.00         0.00
            17      0         8.03         0.15         2.73         5.15         0.00         0.00
            18    781         8.49         0.20         2.91         5.37         0.00         0.00
            19    727         8.67         0.20         2.82         5.65         0.00         0.00
            20    492         8.54         0.18         2.70         5.65         0.00         0.00
            21    190         8.54         0.18         2.70         5.65         0.00         0.00
            22   1017         8.49         0.20         2.91         5.37         0.00         0.00
            23    163         8.64         0.19         2.80         5.66         0.00         0.00
            24   1106         8.64         0.19         2.80         5.66         0.00         0.00
            25    539         8.67         0.20         2.82         5.65         0.00         0.00
            26    183         8.51         0.19         2.93         5.38         0.00         0.00
            27     78         8.51         0.19         2.93         5.38         0.00         0.00
            28   1057         8.48         0.19         2.90         5.39         0.00         0.00
            29   1080         8.48         0.19         2.90         5.39         0.00         0.00
            30    468         8.29         0.17         2.66         5.46         0.00         0.00
            31   1036         8.31         0.17         2.66         5.47         0.00         0.00
            32    986         8.36         0.18         2.70         5.48         0.00         0.00
            33    493         8.29         0.17         2.66         5.46         0.00         0.00
            34    459         8.31         0.17         2.66         5.47         0.00         0.00
            35    286         8.32         0.17         2.68         5.47         0.00         0.00
            36   1063         8.29         0.17         2.66         5.46         0.00         0.00
            37    780         8.36         0.18         2.70         5.48         0.00         0.00
            38    695         8.32         0.17         2.68         5.47         0.00         0.00
            39    997         8.32         0.17         2.68         5.47         0.00         0.00
            40   1046         8.32         0.17         2.68         5.47         0.00         0.00
            41    814         8.29         0.18         2.77         5.33         0.00         0.00
            42    172         8.29         0.18         2.77         5.33         0.00         0.00
            43    785         8.96         0.23         3.08         5.65         0.00         0.00
            44   1005         8.96         0.23         3.08         5.65         0.00         0.00
            45    444         8.95         0.23         3.08         5.64         0.00         0.00
            46    715         8.95         0.23         3.08         5.64         0.00         0.00
            47    699         9.08         0.24         3.22         5.61         0.00         0.00
            48    224         9.06         0.24         3.22         5.60         0.00         0.00
            49   1006         9.06         0.24         3.22         5.60         0.00         0.00
            50    255         8.93         0.24         3.24         5.45         0.00         0.00
            51    885         8.92         0.23         3.23         5.46         0.00         0.00
            52    697         9.08         0.24         3.22         5.61         0.00         0.00
            53     29         8.92         0.23         3.23         5.46         0.00         0.00
            54    445         8.78         0.20         2.85         5.73         0.00         0.00
            55    963         8.78         0.20         2.85         5.73         0.00         0.00
            56    798         8.83         0.21         2.88         5.74         0.00         0.00
            57    437         8.88         0.21         2.94         5.73         0.00         0.00
            58    782         8.83         0.21         2.88         5.74         0.00         0.00
            59    894         8.94         0.22         2.98         5.74         0.00         0.00
            60    222         8.88         0.21         2.94         5.73         0.00         0.00
            61    244         8.74         0.21         3.06         5.47         0.00         0.00
            62    308         8.94         0.22         2.98         5.74         0.00         0.00
            63   1116         8.74         0.21         3.06         5.47         0.00         0.00
            64    282         8.80         0.22         3.13         5.45         0.00         0.00
            65   1008         8.74         0.21         3.06         5.47         0.00         0.00
            66    829         8.80         0.22         3.00         5.58         0.00         0.00
            67    401         8.74         0.23         3.16         5.36         0.00         0.00
            68    446         8.73         0.21         3.07         5.45         0.00         0.00
            69   1072         8.91         0.23         3.10         5.58         0.00         0.00
            70   1003         8.73         0.21         3.07         5.45         0.00         0.00
            71   1020         8.74         0.23         3.15         5.36         0.00         0.00
            72    135         8.91         0.23         3.10         5.58         0.00         0.00
            73    378         8.80         0.22         3.00         5.58         0.00         0.00
            74    670         8.80         0.22         3.00         5.58         0.00         0.00
            75    269         8.79         0.22         2.96         5.61         0.00         0.00
            76    431         9.45         0.20         3.20         6.04         0.01         0.00
            77    495         9.44         0.20         3.20         6.04         0.01         0.00
            78    936        10.52         0.20         2.99         7.33         0.00         0.00
            79    500         9.36         0.28         3.55         5.54         0.00         0.00
            80    614        10.52         0.20         2.99         7.33         0.00         0.00
            81    721         9.36         0.28         3.54         5.54         0.00         0.00
            82   1113        10.53         0.21         3.01         7.31         0.00         0.00
            83   1088        10.53         0.21         3.01         7.31         0.00         0.00
            84    273        10.55         0.19         2.99         7.37         0.00         0.00
            85    988        10.55         0.19         3.00         7.36         0.00         0.00
            86    979        10.53         0.19         3.01         7.33         0.00         0.00
            87    394        10.51         0.19         2.98         7.33         0.00         0.00
            88    990        10.55         0.19         3.00         7.36         0.00         0.00
            89     36        10.55         0.19         2.99         7.37         0.00         0.00
            90    393        10.51         0.19         2.98         7.33         0.00         0.00
            91   1031        10.53         0.19         3.01         7.33         0.00         0.00
            92   1120         9.22         0.26         3.42         5.54         0.00         0.00
            93    237         9.20         0.26         3.32         5.62         0.00         0.00
            94    724         9.19         0.27         3.48         5.44         0.00         0.00
            95    813         9.20         0.26         3.32         5.62         0.00         0.00
            96    264         9.32         0.27         3.46         5.59         0.00         0.00
            97    239         9.15         0.25         3.36         5.53         0.00         0.00
            98    461         9.15         0.25         3.36         5.53         0.00         0.00
            99    558         9.32         0.27         3.52         5.54         0.00         0.00
           100    448        11.02         0.24         3.22         7.56         0.00         0.00
           101   1010        10.14         0.24         3.54         6.35         0.01         0.00
          ------------------------------------------------------------------------------------------

          Calculating single reference conformer RMSDs ...

          ---------------------------------
          Conformer RMSDs are in Angstroms.
          ---------------------------------

          ------------------------------------------------------------------------------------------
                              RMSD wrt Input Crd                    RMSD wrt Rank 1
                         ---------------------------------------------------------------------------
          Rank    ID        Complex    Receptor  Ligand          Complex    Receptor  Ligand
          ------------------------------------------------------------------------------------------
             1    348                             2.120                               0.000
             2    821                             1.970                               1.419
             3    832                             1.972                               1.445
             4    484                             2.207                               1.464
             5   1009                             2.138                               0.654
             6   1085                             1.739                               1.725
             7    738                             1.588                               0.653
             8    939                             1.307                               0.864
             9    757                             2.589                               2.078
            10    194                             2.535                               2.059
            11     54                             3.080                               3.314
            12     88                             1.548                               1.645
            13    566                             1.332                               2.237
            14    923                             1.939                               1.588
            15    969                             1.550                               1.327
            16    972                             1.476                               1.277
            17      0                             0.024                               2.083
            18    781                             2.657                               2.080
            19    727                             1.454                               1.586
            20    492                             2.432                               2.338
            21    190                             2.479                               2.277
            22   1017                             2.058                               2.945
            23    163                             2.468                               1.902
            24   1106                             2.413                               2.037
            25    539                             1.147                               1.558
            26    183                             2.745                               2.057
            27     78                             2.010                               1.714
            28   1057                             1.326                               1.212
            29   1080                             1.594                               1.330
            30    468                             2.697                               2.921
            31   1036                             2.326                               1.909
            32    986                             2.159                               0.666
            33    493                             2.436                               2.748
            34    459                             2.507                               3.064
            35    286                             2.252                               2.439
            36   1063                             1.986                               1.597
            37    780                             1.532                               0.666
            38    695                             2.481                               2.439
            39    997                             2.910                               2.927
            40   1046                             2.447                               2.638
            41    814                             2.319                               2.796
            42    172                             2.611                               2.930
            43    785                             1.690                               1.413
            44   1005                             1.612                               1.550
            45    444                             2.568                               2.066
            46    715                             2.624                               2.188
            47    699                             1.350                               1.113
            48    224                             2.464                               1.873
            49   1006                             1.656                               2.523
            50    255                             2.253                               1.933
            51    885                             1.789                               1.549
            52    697                             1.262                               1.199
            53     29                             1.792                               1.668
            54    445                             2.108                               2.533
            55    963                             2.041                               1.582
            56    798                             1.985                               2.603
            57    437                             2.251                               1.650
            58    782                             1.976                               1.095
            59    894                             2.138                               0.785
            60    222                             2.327                               2.290
            61    244                             1.754                               1.639
            62    308                             1.902                               0.785
            63   1116                             3.028                               2.821
            64    282                             2.218                               1.860
            65   1008                             2.233                               2.544
            66    829                             2.355                               2.662
            67    401                             2.387                               2.171
            68    446                             2.119                               2.040
            69   1072                             2.046                               2.745
            70   1003                             2.000                               2.005
            71   1020                             2.016                               2.658
            72    135                             2.308                               2.413
            73    378                             2.588                               2.782
            74    670                             2.548                               2.749
            75    269                             2.505                               3.015
            76    431                             2.548                               3.089
            77    495                             2.934                               2.914
            78    936                             2.483                               1.966
            79    500                             1.896                               2.651
            80    614                             2.980                               2.225
            81    721                             1.845                               1.671
            82   1113                             2.694                               2.244
            83   1088                             2.331                               2.930
            84    273                             2.233                               1.848
            85    988                             2.092                               1.736
            86    979                             2.126                               1.315
            87    394                             1.477                               1.330
            88    990                             1.944                               1.927
            89     36                             2.765                               2.341
            90    393                             1.592                               1.224
            91   1031                             1.674                               1.190
            92   1120                             2.504                               2.377
            93    237                             2.593                               2.268
            94    724                             2.050                               2.068
            95    813                             2.523                               2.309
            96    264                             2.724                               1.995
            97    239                             2.927                               2.610
            98    461                             2.791                               2.587
            99    558                             2.831                               2.618
           100    448                             2.967                               2.307
           101   1010                             2.285                               2.653
          ------------------------------------------------------------------------------------------

          --------------------------------
          Final Boltzmann Averaged Data.
          --------------------------------

          -------------------------------------------------------------------
          Results of Boltzmann Averaging Over All  195 Conformers (kcal/mol).
          -------------------------------------------------------------------

          Free Energy                        G              -8.8251676152
          Average Potential Energy         < E >           -31.4244184923
          Entropy                           -TS             22.5992508771
          -------------------------------------------------------------------

          Average Potential Energy < E > Components.

          < U >                     6.9705867622
          < W(PBSA) >             -58.9622851843
          < H.O. P.E. >            20.5675867429

          Average Solvation Energy < W(PBSA) > Components.

          < PB >                  -61.4653326859
          < SA >                    2.5030475015

          Average Gas Phase Internal Potential Energy < U > Components.

          < Valence >               8.0858710355
          < Coulomb >              -2.0957457516
          < VdW >                   0.9804614783

          Average Van der Waals Energy < VdW > Components.

          < VdW6  >                -8.4542913093
          < VdW12 >                 9.4347527876

          Average Bonded Energy < Valence > Components.

          < Bond >                  0.1549510213
          < Angle >                 2.5514766487
          < Pdihed >                5.3787325188
          < Idihed >                0.0007108468
          < Tether >                0.0000000000

          -------------------------------------------------------------------
                        End of VM2 Calculation Results Summary.
          -------------------------------------------------------------------


     Total cpu time for run         35.73 seconds.
                                     0.60 minutes.

     Total wall time for run        36.08 seconds.
                                     0.60 minutes.

     TIME STAMP: VCPack job finished normally : Saturday, August 06, 2022 at 17:08:39
