
     --------------------------------------------------------------------------------
                        Running Program VCPack. Version 2.8

                           VeraChem LLC, PO Box 2206
                           Germantown, MD 20875, U.S.A.

                                Tel. 240-686-0565
                                www.verachem.com
     --------------------------------------------------------------------------------


     Input file          :   guest-s9_vm2.inp

     Output file         :   guest-s9_vm2.out

     Summary output file :   guest-s9_vm2.summary.out

     Executable : /data/comblab/vcCompChem_3b/exe/VC_CompChemPackage_mpi.exe

     Build date : Aug 13 2021  17:26:14

     This is a multiple processor run.

     MPI processes              :   16
     OpenMP threads per process :    0
     CUDA enabled               :  no

     TIME STAMP: VCPack job started : Saturday, August 06, 2022 at 17:08:45

     --------------------------------------------------------------------------------
                            Basic Calculation Control.
     --------------------------------------------------------------------------------

     Molecular system type                :  ligand          

     Calculation type                     :  vm2             

     Energy potential                     :  mm              

     Post-processing type                 :  none            

     Post-processing energy potential     :  none            

     Time limit in wall clock hours       :  96.00

     Read in starting conformers          :  no
     Type of conformers to read in        :  none
     Conformer source files(s)            :  none

     Use input .crd for complex build     :  no
     Place ligand confs. at input .crd    :  no
     Use input .crd as start conformer    :  yes

     Formatted output files               :  xyz     
                                          :  pdb     
                                          :  mol2    
                                          :  sdf     
                                          :  xyz     
                                          :  gms     
                                          :  csv     

     Split formatted output files         :  crd     

     Limit conformers in formatted files  :  bycount
     Maximum conformer count              :  1000

     Atoms to include in formatted files  :  all     

     Binary file restart type             :  none


     --------------------------------------------------------------------------------
                            Math Related Control and Set Up.
     --------------------------------------------------------------------------------

     Random number generator seeds :  bywallclock

     Seed 1 :           6367764
     Seed 2 :            195313
     Seed 3 :               652
     Seed 4 :              7089


     --------------------------------------------------------------------------------
                            Basic Molecular System Set Up.
     --------------------------------------------------------------------------------

     ------------------
     Ligand Data Files.
     ------------------

     Standard crd coordinate file            :  guest-s9.crd
     VeraChem topology file                  :  guest-s9.top
     Standard mol/sdf file                   :  guest-s9.mol

     Total number of ligand atoms            :        20

     Included in this calculation.
     Number of real and live ligand atoms    :        20
     Number of real but fixed ligand atoms   :         0

     Ligand placement method                 :  none

     Snap ligand to template atoms           :      no

     -------------------------------
     Final Real/Live Set Atom Count.
     -------------------------------

     Total number of real atoms              :        20
     Total number of live atoms              :        20


     --------------------------------------------------------------------------------
                            Generate Initial Molecular Conformation.
     --------------------------------------------------------------------------------

     Mandatory input crd file(s) used for generation of a single starting conformer.


     --------------------------------------------------------------------------------
                             Energy Potential Settings.
     --------------------------------------------------------------------------------


     Molecular Mechanics package          :  vchem           

     Quantum Mechanics package            :  none            


     --------------------------------------------------------------------------------
                    Running VM2 Mining Minima Module. Version 2.8
     --------------------------------------------------------------------------------

     Iteration    Free Energy G             G Diff            # Conformers     # Diff
        1            52.897410              52.897410              19              19
        2            52.749129              -0.148281              28               9
        3            52.746701              -0.002428              29               1
        4            52.746603              -0.000098              29               0

     VM2 Free Energy converged after    4 iterations.

     Final VM2 Free Energy is      52.746603 Kcal/mol.

          --------------------------------
          Final Individual Conformer Data.
          --------------------------------

          List data for conformers with probability of at least :  0.01 %
          Rankings are with respect to : Free Energy (G)

          ------------------------
          Free Energy: G = E - TS
          ------------------------

          ------------------------------------------------------------------------------------------
          Rank    ID     ln(Zx)    Prob(%)  Sum Prob(%)  Del G        G            E            -TS
          ------------------------------------------------------------------------------------------
             1     97   -124.55256   13.58    13.58      0.00        53.94        31.43        22.50
             2     37   -124.79986   10.60    24.18      0.15        54.08        31.41        22.67
             3     81   -124.94948    9.13    33.31      0.24        54.17        31.50        22.67
             4    279   -125.16724    7.34    40.65      0.37        54.30        31.70        22.60
             5     34   -125.17769    7.27    47.91      0.37        54.31        31.71        22.60
             6    228   -125.23196    6.88    54.80      0.41        54.34        31.75        22.59
             7    245   -125.30010    6.43    61.22      0.45        54.38        31.79        22.59
             8    297   -125.49610    5.28    66.51      0.56        54.50        31.69        22.81
             9    119   -125.52166    5.15    71.66      0.58        54.51        31.70        22.81
            10    106   -125.60644    4.73    76.39      0.63        54.57        31.80        22.76
            11    160   -125.61593    4.69    81.08      0.63        54.57        31.81        22.76
            12    314   -125.64319    4.56    85.64      0.65        54.59        31.82        22.77
            13     90   -125.72604    4.20    89.84      0.70        54.64        31.87        22.77
            14     50   -126.33463    2.28    92.12      1.06        55.00        32.23        22.77
            15    140   -126.50758    1.92    94.05      1.17        55.10        32.33        22.77
            16     91   -126.71208    1.57    95.61      1.29        55.22        32.22        23.01
            17    183   -126.71464    1.56    97.18      1.29        55.23        32.22        23.01
            18    156   -127.58059    0.66    97.83      1.81        55.74        33.20        22.54
            19    274   -127.68617    0.59    98.42      1.87        55.81        33.26        22.54
            20    103   -127.90618    0.47    98.90      2.00        55.94        33.10        22.83
            21    213   -128.08413    0.40    99.30      2.11        56.04        33.21        22.83
            22    270   -128.73671    0.21    99.50      2.49        56.43        33.22        23.21
            23    112   -128.88983    0.18    99.68      2.59        56.52        33.31        23.21
            24    256   -129.61144    0.09    99.77      3.02        56.95        34.18        22.78
            25    145   -129.70372    0.08    99.85      3.07        57.01        34.23        22.78
            26    292   -129.71965    0.08    99.92      3.08        57.02        34.32        22.70
            27     61   -129.82455    0.07    99.99      3.14        57.08        34.38        22.70
          ------------------------------------------------------------------------------------------

          --------------------------------------------------------
          Potential Energy: E = (U+W) + H.O. Equipartion energy
          --------------------------------------------------------

          ------------------------------------------------------------------------------------------
          Rank    ID         E          U+W            U        W(PBSA)          PB           SA
          ------------------------------------------------------------------------------------------
             1     97        31.43        15.34        69.28       -53.94       -55.89         1.95
             2     37        31.41        15.32        69.66       -54.34       -56.24         1.90
             3     81        31.50        15.41        69.66       -54.25       -56.18         1.93
             4    279        31.70        15.61        69.80       -54.19       -56.12         1.93
             5     34        31.71        15.61        69.80       -54.18       -56.12         1.93
             6    228        31.75        15.66        69.96       -54.31       -56.22         1.92
             7    245        31.79        15.70        69.96       -54.26       -56.17         1.90
             8    297        31.69        15.59        70.30       -54.71       -56.59         1.88
             9    119        31.70        15.61        70.30       -54.69       -56.58         1.88
            10    106        31.80        15.71        70.16       -54.46       -56.37         1.91
            11    160        31.81        15.71        70.16       -54.45       -56.32         1.87
            12    314        31.82        15.73        70.23       -54.51       -56.40         1.89
            13     90        31.87        15.77        70.23       -54.46       -56.33         1.87
            14     50        32.23        16.13        70.37       -54.24       -56.13         1.89
            15    140        32.33        16.23        70.37       -54.14       -56.05         1.91
            16     91        32.22        16.12        70.78       -54.66       -56.51         1.85
            17    183        32.22        16.12        70.78       -54.65       -56.49         1.84
            18    156        33.20        17.10        71.85       -54.75       -56.61         1.86
            19    274        33.26        17.16        71.85       -54.69       -56.55         1.86
            20    103        33.10        17.01        71.73       -54.72       -56.58         1.86
            21    213        33.21        17.11        71.73       -54.61       -56.50         1.88
            22    270        33.22        17.13        72.12       -55.00       -56.81         1.81
            23    112        33.31        17.22        72.12       -54.90       -56.72         1.82
            24    256        34.18        18.08        72.49       -54.41       -56.27         1.86
            25    145        34.23        18.14        72.49       -54.35       -56.20         1.85
            26    292        34.32        18.23        72.04       -53.82       -55.69         1.87
            27     61        34.38        18.29        72.04       -53.75       -55.64         1.89
          ------------------------------------------------------------------------------------------

          ----------------------------------------
          Gas Phase Internal Potential Energy: U
          ----------------------------------------

          ------------------------------------------------------------------------------------------
          Rank    ID         U         Valence     Coulomb        VdW         VdW6        VdW12
          ------------------------------------------------------------------------------------------
             1     97        69.28         0.85        68.56        -0.13        -3.01         2.88
             2     37        69.66         1.14        68.38         0.14        -3.70         3.84
             3     81        69.66         1.14        68.38         0.14        -3.70         3.84
             4    279        69.80         1.13        68.73        -0.07        -3.56         3.49
             5     34        69.80         1.13        68.73        -0.07        -3.56         3.49
             6    228        69.96         0.98        69.06        -0.08        -3.55         3.47
             7    245        69.96         0.98        69.06        -0.08        -3.55         3.47
             8    297        70.30         1.25        68.93         0.12        -4.43         4.55
             9    119        70.30         1.25        68.93         0.12        -4.43         4.55
            10    106        70.16         1.42        68.57         0.18        -4.27         4.44
            11    160        70.16         1.42        68.57         0.18        -4.27         4.45
            12    314        70.23         1.44        68.57         0.22        -4.23         4.46
            13     90        70.23         1.44        68.57         0.22        -4.23         4.45
            14     50        70.37         1.26        69.24        -0.12        -4.34         4.21
            15    140        70.37         1.26        69.24        -0.12        -4.34         4.21
            16     91        70.78         1.53        69.17         0.08        -5.17         5.25
            17    183        70.78         1.53        69.17         0.08        -5.17         5.25
            18    156        71.85         3.01        68.71         0.13        -4.51         4.64
            19    274        71.85         3.01        68.71         0.13        -4.51         4.64
            20    103        71.73         2.89        68.82         0.02        -4.60         4.62
            21    213        71.73         2.89        68.82         0.02        -4.60         4.62
            22    270        72.12         3.20        69.11        -0.19        -5.58         5.40
            23    112        72.12         3.20        69.11        -0.19        -5.58         5.39
            24    256        72.49         2.74        69.80        -0.04        -5.33         5.29
            25    145        72.49         2.74        69.79        -0.04        -5.33         5.29
            26    292        72.04         2.43        69.83        -0.22        -4.56         4.35
            27     61        72.04         2.43        69.83        -0.22        -4.56         4.35
          ------------------------------------------------------------------------------------------

          -------------------------------
          Bonded Energy Terms: Valence
          -------------------------------

          ------------------------------------------------------------------------------------------
          Rank    ID     Valence       Bond        Angle         Pdih         Idih       Tether
          ------------------------------------------------------------------------------------------
             1     97         0.85         0.09         0.33         0.43         0.00         0.00
             2     37         1.14         0.13         0.47         0.54         0.00         0.00
             3     81         1.14         0.13         0.47         0.54         0.00         0.00
             4    279         1.13         0.11         0.46         0.57         0.00         0.00
             5     34         1.13         0.11         0.46         0.57         0.00         0.00
             6    228         0.98         0.10         0.41         0.47         0.00         0.00
             7    245         0.98         0.10         0.41         0.47         0.00         0.00
             8    297         1.25         0.15         0.59         0.51         0.00         0.00
             9    119         1.25         0.15         0.59         0.51         0.00         0.00
            10    106         1.42         0.15         0.58         0.69         0.00         0.00
            11    160         1.42         0.15         0.58         0.69         0.00         0.00
            12    314         1.44         0.15         0.60         0.69         0.00         0.00
            13     90         1.44         0.15         0.60         0.69         0.00         0.00
            14     50         1.26         0.13         0.60         0.53         0.00         0.00
            15    140         1.26         0.13         0.60         0.53         0.00         0.00
            16     91         1.53         0.17         0.75         0.61         0.00         0.00
            17    183         1.53         0.17         0.75         0.61         0.00         0.00
            18    156         3.01         0.16         1.00         1.85         0.00         0.00
            19    274         3.01         0.16         1.00         1.85         0.00         0.00
            20    103         2.89         0.15         0.86         1.87         0.00         0.00
            21    213         2.89         0.15         0.86         1.87         0.00         0.00
            22    270         3.20         0.18         1.21         1.81         0.00         0.00
            23    112         3.20         0.18         1.21         1.81         0.00         0.00
            24    256         2.74         0.18         1.14         1.42         0.00         0.00
            25    145         2.74         0.18         1.13         1.42         0.00         0.00
            26    292         2.43         0.14         0.94         1.36         0.00         0.00
            27     61         2.43         0.14         0.94         1.36         0.00         0.00
          ------------------------------------------------------------------------------------------

          Calculating single reference conformer RMSDs ...

          ---------------------------------
          Conformer RMSDs are in Angstroms.
          ---------------------------------

          ------------------------------------------------------------------------------------------
                              RMSD wrt Input Crd                    RMSD wrt Rank 1
                         ---------------------------------------------------------------------------
          Rank    ID        Complex    Receptor  Ligand          Complex    Receptor  Ligand
          ------------------------------------------------------------------------------------------
             1     97                             0.017                               0.000
             2     37                             1.411                               0.908
             3     81                             1.316                               2.094
             4    279                             0.767                               0.788
             5     34                             1.396                               1.403
             6    228                             1.896                               1.607
             7    245                             1.057                               1.011
             8    297                             1.478                               1.482
             9    119                             1.355                               1.318
            10    106                             1.236                               1.875
            11    160                             1.189                               1.946
            12    314                             0.709                               1.675
            13     90                             0.710                               0.968
            14     50                             1.131                               2.006
            15    140                             1.195                               1.249
            16     91                             1.654                               1.287
            17    183                             1.548                               1.347
            18    156                             2.077                               1.402
            19    274                             1.918                               1.303
            20    103                             1.120                               1.297
            21    213                             1.866                               1.403
            22    270                             2.018                               1.959
            23    112                             2.048                               1.967
            24    256                             1.581                               1.669
            25    145                             1.714                               1.727
            26    292                             1.773                               1.554
            27     61                             1.366                               1.359
          ------------------------------------------------------------------------------------------

          --------------------------------
          Final Boltzmann Averaged Data.
          --------------------------------

          -------------------------------------------------------------------
          Results of Boltzmann Averaging Over All   29 Conformers (kcal/mol).
          -------------------------------------------------------------------

          Free Energy                        G              52.7466029734
          Average Potential Energy         < E >            31.7352037270
          Entropy                           -TS             21.0113992463
          -------------------------------------------------------------------

          Average Potential Energy < E > Components.

          < U >                    69.9601057860
          < W(PBSA) >             -54.3210324670
          < H.O. P.E. >            16.0963722336

          Average Solvation Energy < W(PBSA) > Components.

          < PB >                  -56.2287962322
          < SA >                    1.9077637653

          Average Gas Phase Internal Potential Energy < U > Components.

          < Valence >               1.2096188802
          < Coulomb >              68.7143731647
          < VdW >                   0.0361137411

          Average Van der Waals Energy < VdW > Components.

          < VdW6  >                -3.8450755804
          < VdW12 >                 3.8811893215

          Average Bonded Energy < Valence > Components.

          < Bond >                  0.1238104203
          < Angle >                 0.5040838749
          < Pdihed >                0.5817245849
          < Idihed >                0.0000000000
          < Tether >                0.0000000000

          -------------------------------------------------------------------
                        End of VM2 Calculation Results Summary.
          -------------------------------------------------------------------


     Total cpu time for run          6.31 seconds.
                                     0.11 minutes.

     Total wall time for run         6.52 seconds.
                                     0.11 minutes.

     TIME STAMP: VCPack job finished normally : Saturday, August 06, 2022 at 17:08:51
