
     --------------------------------------------------------------------------------
                        Running Program VCPack. Version 2.8

                           VeraChem LLC, PO Box 2206
                           Germantown, MD 20875, U.S.A.

                                Tel. 240-686-0565
                                www.verachem.com
     --------------------------------------------------------------------------------


     Input file          :   CD_guest-s21_fast_vm2_rndm.inp

     Output file         :   CD_guest-s21_fast_vm2_rndm.out

     Summary output file :   CD_guest-s21_fast_vm2_rndm.summary.out

     Executable : /data/comblab/vcCompChem_3b/exe/VC_CompChemPackage_mpi_openmp.exe

     Build date : Aug 13 2021  17:26:49

     This is a multiple processor run.

     MPI processes              :   16
     OpenMP threads per process :   16
     CUDA enabled               :  no

     TIME STAMP: VCPack job started : Sunday, August 07, 2022 at 15:30:05

     --------------------------------------------------------------------------------
                            Basic Calculation Control.
     --------------------------------------------------------------------------------

     Molecular system type                :  host+ligand     

     Calculation type                     :  feprocess       

     Energy potential                     :  mm              

     Post-processing type                 :  none            

     Post-processing energy potential     :  none            

     Time limit in wall clock hours       :  96.00

     Type of conformers to read in        :  ligand  
     Conformer source files(s)            :  guest-s21_confgen4.xyz                            

     Use input .crd for complex build     :  no
     Place ligand confs. at input .crd    :  byconfscog
     Use input .crd as start conformer    :  yes

     Formatted output files               :  xyz     
                                          :  pdb     
                                          :  mol2    
                                          :  sdf     
                                          :  xyz     
                                          :  gms     
                                          :  csv     

     Split formatted output files         :  crd     

     Limit conformers in formatted files  :  bycount
     Maximum conformer count              :  1000

     Atoms to include in formatted files  :  all     

     Binary file restart type             :  none


     --------------------------------------------------------------------------------
                            Math Related Control and Set Up.
     --------------------------------------------------------------------------------

     Random number generator seeds :  bywallclock

     Seed 1 :           1176007
     Seed 2 :            447033
     Seed 3 :              1932
     Seed 4 :             20499


     --------------------------------------------------------------------------------
                            Basic Molecular System Set Up.
     --------------------------------------------------------------------------------

     ----------------
     Host Data Files.
     ----------------

     Standard crd coordinate file            :  CD.crd
     VeraChem topology file                  :  CD.top
     Standard mol/sdf file                   :  CD.mol

     Total number of host atoms              :       126

     ------------------
     Ligand Data Files.
     ------------------

     Standard crd coordinate file            :  guest-s21.crd
     VeraChem topology file                  :  guest-s21.top
     Standard mol/sdf file                   :  guest-s21.mol

     Total number of ligand atoms            :        22

     Included in this calculation.
     Number of real and live ligand atoms    :        22
     Number of real but fixed ligand atoms   :         0

     Ligand placement method                 :  byreceptorcog

     NOTE: The placement of the ligand redefines the ligand .crd input coordinates.

     Snap ligand to template atoms           :      no

     -------------------------------
     Final Real/Live Set Atom Count.
     -------------------------------

     Total number of real atoms              :       148
     Total number of live atoms              :       148


     --------------------------------------------------------------------------------
                            Generate Initial Molecular Conformations.
     --------------------------------------------------------------------------------

     Conf. Type Read In      File Format       No. of Confs. Read In 
             ligand             xyz                1000

     Mandatory input crd file(s) used for generation of 1 additional conformer.

     From these the total number of starting conformers generated :  1000


     --------------------------------------------------------------------------------
                             Energy Potential Settings.
     --------------------------------------------------------------------------------


     Molecular Mechanics package          :  vchem           

     Quantum Mechanics package            :  none            


     --------------------------------------------------------------------------------
                       Running VfreeE Module. Version 2.8
     --------------------------------------------------------------------------------

          --------------------------------
          Final Individual Conformer Data.
          --------------------------------

          List data for conformers with probability of at least :  0.01 %
          Rankings are with respect to : Free Energy (G)

          ------------------------
          Free Energy: G = E - TS
          ------------------------

          ------------------------------------------------------------------------------------------
          Rank    ID     ln(Zx)    Prob(%)  Sum Prob(%)  Del G        G            E            -TS
          ------------------------------------------------------------------------------------------
             1      5  -1152.64532   36.94    36.94      0.00       506.79       313.86       192.93
             2    232  -1153.64059   13.65    50.59      0.59       507.38       314.41       192.98
             3    646  -1154.15225    8.19    58.78      0.90       507.69       313.66       194.03
             4    791  -1154.36569    6.61    65.39      1.03       507.82       312.81       195.01
             5    961  -1154.81302    4.23    69.62      1.29       508.08       316.54       191.54
             6    545  -1155.18021    2.93    72.55      1.51       508.30       314.51       193.79
             7    150  -1155.23850    2.76    75.31      1.55       508.34       314.37       193.97
             8     54  -1155.26963    2.68    77.99      1.56       508.36       315.65       192.71
             9    319  -1155.34783    2.48    80.46      1.61       508.40       314.30       194.10
            10    943  -1155.37092    2.42    82.88      1.62       508.42       315.18       193.23
            11    670  -1155.41469    2.32    85.20      1.65       508.44       315.07       193.37
            12    268  -1155.74790    1.66    86.86      1.85       508.64       317.40       191.24
            13    566  -1156.11464    1.15    88.01      2.07       508.86       313.66       195.20
            14     87  -1156.17446    1.08    89.09      2.10       508.90       314.01       194.88
            15    786  -1156.38890    0.87    89.97      2.23       509.02       313.20       195.83
            16    788  -1156.44554    0.83    90.79      2.27       509.06       317.06       192.00
            17    651  -1156.71389    0.63    91.42      2.43       509.22       315.72       193.49
            18    506  -1156.78165    0.59    92.01      2.47       509.26       315.43       193.82
            19    690  -1156.82306    0.57    92.58      2.49       509.28       315.33       193.96
            20    787  -1156.83248    0.56    93.14      2.50       509.29       315.26       194.03
            21    264  -1157.00006    0.47    93.62      2.60       509.39       316.38       193.00
            22    650  -1157.00773    0.47    94.09      2.60       509.39       316.05       193.34
            23    357  -1157.01234    0.47    94.56      2.60       509.39       316.43       192.97
            24    266  -1157.23839    0.37    94.93      2.74       509.53       315.59       193.93
            25    213  -1157.27292    0.36    95.29      2.76       509.55       318.49       191.06
            26    779  -1157.29189    0.35    95.65      2.77       509.56       320.50       189.06
            27    429  -1157.53821    0.28    95.92      2.92       509.71       318.24       191.47
            28    570  -1157.74167    0.23    96.15      3.04       509.83       316.15       193.67
            29    908  -1157.88230    0.20    96.35      3.12       509.91       315.26       194.65
            30    921  -1157.90764    0.19    96.54      3.14       509.93       316.49       193.44
            31     10  -1157.91587    0.19    96.73      3.14       509.93       316.55       193.38
            32    462  -1157.92839    0.19    96.91      3.15       509.94       321.01       188.93
            33    183  -1157.94708    0.18    97.10      3.16       509.95       317.39       192.57
            34    125  -1157.95808    0.18    97.28      3.17       509.96       316.24       193.71
            35     49  -1157.96310    0.18    97.46      3.17       509.96       317.08       192.88
            36    370  -1158.06240    0.16    97.63      3.23       510.02       315.39       194.63
            37    603  -1158.08989    0.16    97.78      3.25       510.04       318.04       192.00
            38    398  -1158.09240    0.16    97.94      3.25       510.04       314.95       195.09
            39    371  -1158.25577    0.14    98.08      3.34       510.14       314.64       195.50
            40    507  -1158.47471    0.11    98.19      3.48       510.27       318.16       192.11
            41     34  -1158.53158    0.10    98.29      3.51       510.30       316.08       194.22
            42    604  -1158.62579    0.09    98.38      3.57       510.36       319.04       191.32
            43    477  -1158.67552    0.09    98.47      3.59       510.39       316.40       193.98
            44    875  -1158.76371    0.08    98.55      3.65       510.44       313.83       196.61
            45    623  -1158.82401    0.08    98.63      3.68       510.48       316.98       193.49
            46    108  -1158.96073    0.07    98.70      3.77       510.56       316.82       193.74
            47    817  -1158.98728    0.07    98.76      3.78       510.57       319.22       191.35
            48     88  -1159.03624    0.06    98.82      3.81       510.60       317.72       192.88
            49    688  -1159.05697    0.06    98.89      3.82       510.61       321.37       189.24
            50    867  -1159.21721    0.05    98.94      3.92       510.71       317.27       193.44
            51    548  -1159.28241    0.05    98.99      3.96       510.75       318.30       192.44
            52      7  -1159.29871    0.05    99.03      3.97       510.76       318.25       192.51
            53    428  -1159.38473    0.04    99.08      4.02       510.81       316.91       193.90
            54      6  -1159.40877    0.04    99.12      4.03       510.82       314.92       195.91
            55    758  -1159.48663    0.04    99.16      4.08       510.87       314.61       196.26
            56    692  -1159.49682    0.04    99.20      4.08       510.88       317.14       193.74
            57    194  -1159.51767    0.04    99.24      4.10       510.89       317.40       193.48
            58    449  -1159.59472    0.04    99.27      4.14       510.93       315.37       195.56
            59    893  -1159.59801    0.04    99.31      4.14       510.94       318.12       192.82
            60    527  -1159.65571    0.03    99.34      4.18       510.97       316.86       194.12
            61      4  -1159.71210    0.03    99.37      4.21       511.00       319.34       191.66
            62    189  -1159.80716    0.03    99.40      4.27       511.06       320.38       190.68
            63    508  -1159.85740    0.03    99.43      4.30       511.09       318.33       192.76
            64    980  -1159.87375    0.03    99.45      4.31       511.10       319.35       191.75
            65    949  -1159.89945    0.03    99.48      4.32       511.12       319.13       191.99
            66    344  -1159.96791    0.02    99.50      4.37       511.16       318.99       192.16
            67    513  -1159.98094    0.02    99.53      4.37       511.16       318.66       192.51
            68    577  -1159.99783    0.02    99.55      4.38       511.17       319.08       192.09
            69    709  -1160.04563    0.02    99.58      4.41       511.20       316.69       194.51
            70     17  -1160.14767    0.02    99.60      4.47       511.26       317.62       193.65
            71    661  -1160.17533    0.02    99.62      4.49       511.28       318.66       192.62
            72     12  -1160.18106    0.02    99.64      4.49       511.28       318.02       193.26
            73    579  -1160.26682    0.02    99.65      4.54       511.34       317.06       194.27
            74    230  -1160.28141    0.02    99.67      4.55       511.34       317.93       193.41
            75    141  -1160.35825    0.02    99.69      4.60       511.39       319.14       192.24
            76    489  -1160.41305    0.02    99.70      4.63       511.42       317.56       193.86
            77    847  -1160.44081    0.02    99.72      4.65       511.44       317.45       193.99
            78    421  -1160.45346    0.02    99.73      4.65       511.45       321.47       189.98
            79    963  -1160.50754    0.01    99.75      4.69       511.48       317.11       194.37
            80    562  -1160.52876    0.01    99.76      4.70       511.49       318.21       193.28
            81    408  -1160.69016    0.01    99.77      4.80       511.59       318.92       192.67
            82     89  -1160.69327    0.01    99.79      4.80       511.59       316.81       194.78
            83    446  -1160.71775    0.01    99.80      4.81       511.60       316.84       194.76
            84    789  -1160.75149    0.01    99.81      4.83       511.62       318.31       193.31
            85     28  -1160.80503    0.01    99.82      4.86       511.66       316.43       195.22
            86    622  -1160.85835    0.01    99.83      4.90       511.69       318.92       192.77
          ------------------------------------------------------------------------------------------

          --------------------------------------------------------
          Potential Energy: E = (U+W) + H.O. Equipartion energy
          --------------------------------------------------------

          ------------------------------------------------------------------------------------------
          Rank    ID         E          U+W            U        W(PBSA)          PB           SA
          ------------------------------------------------------------------------------------------
             1      5       313.86       183.30       266.00       -82.70       -88.79         6.09
             2    232       314.41       183.85       263.89       -80.04       -86.13         6.09
             3    646       313.66       183.10       263.26       -80.16       -86.22         6.06
             4    791       312.81       182.25       254.78       -72.53       -78.53         6.01
             5    961       316.54       185.98       270.75       -84.77       -90.85         6.08
             6    545       314.51       183.95       263.76       -79.81       -85.90         6.08
             7    150       314.37       183.81       257.78       -73.97       -79.97         6.00
             8     54       315.65       185.09       265.78       -80.69       -86.75         6.07
             9    319       314.30       183.74       260.25       -76.50       -82.52         6.02
            10    943       315.18       184.63       264.54       -79.92       -85.97         6.05
            11    670       315.07       184.51       257.53       -73.02       -79.00         5.97
            12    268       317.40       186.84       268.59       -81.75       -87.78         6.03
            13    566       313.66       183.10       260.65       -77.55       -83.57         6.02
            14     87       314.01       183.45       257.25       -73.79       -79.77         5.98
            15    786       313.20       182.64       253.42       -70.79       -76.81         6.02
            16    788       317.06       186.50       261.09       -74.59       -80.59         6.00
            17    651       315.72       185.16       256.57       -71.40       -77.35         5.95
            18    506       315.43       184.87       264.50       -79.62       -85.68         6.05
            19    690       315.33       184.77       257.53       -72.77       -78.73         5.96
            20    787       315.26       184.70       258.13       -73.43       -79.44         6.01
            21    264       316.38       185.82       269.92       -84.09       -90.27         6.18
            22    650       316.05       185.50       260.54       -75.04       -81.15         6.11
            23    357       316.43       185.87       263.44       -77.57       -83.61         6.04
            24    266       315.59       185.04       264.42       -79.39       -85.42         6.04
            25    213       318.49       187.94       270.53       -82.60       -88.64         6.04
            26    779       320.50       189.94       277.28       -87.34       -93.49         6.15
            27    429       318.24       187.68       263.89       -76.21       -82.31         6.10
            28    570       316.15       185.60       261.35       -75.76       -81.83         6.07
            29    908       315.26       184.70       257.33       -72.62       -78.61         5.99
            30    921       316.49       185.93       262.59       -76.67       -82.78         6.11
            31     10       316.55       185.99       257.94       -71.95       -77.87         5.92
            32    462       321.01       190.45       274.93       -84.49       -90.47         5.99
            33    183       317.39       186.83       264.58       -77.76       -83.83         6.07
            34    125       316.24       185.68       264.41       -78.72       -84.80         6.08
            35     49       317.08       186.52       263.72       -77.20       -83.19         5.99
            36    370       315.39       184.84       261.16       -76.32       -82.35         6.03
            37    603       318.04       187.48       274.66       -87.19       -93.29         6.10
            38    398       314.95       184.39       260.77       -76.38       -82.46         6.08
            39    371       314.64       184.08       257.31       -73.23       -79.24         6.01
            40    507       318.16       187.60       267.94       -80.34       -86.37         6.03
            41     34       316.08       185.52       260.21       -74.69       -80.72         6.03
            42    604       319.04       188.48       273.66       -85.18       -91.26         6.08
            43    477       316.40       185.84       260.49       -74.65       -80.67         6.02
            44    875       313.83       183.27       254.42       -71.15       -77.20         6.05
            45    623       316.98       186.42       269.29       -82.87       -88.87         6.00
            46    108       316.82       186.26       259.18       -72.92       -78.93         6.01
            47    817       319.22       188.66       267.06       -78.40       -84.41         6.02
            48     88       317.72       187.16       260.44       -73.27       -79.23         5.96
            49    688       321.37       190.81       263.68       -72.87       -78.81         5.94
            50    867       317.27       186.71       260.74       -74.03       -79.94         5.91
            51    548       318.30       187.75       266.75       -79.00       -84.96         5.96
            52      7       318.25       187.69       267.91       -80.23       -86.27         6.04
            53    428       316.91       186.35       260.54       -74.19       -80.11         5.92
            54      6       314.92       184.36       254.34       -69.98       -75.98         6.01
            55    758       314.61       184.05       258.85       -74.80       -80.82         6.02
            56    692       317.14       186.58       267.96       -81.38       -87.44         6.06
            57    194       317.40       186.84       264.66       -77.82       -83.80         5.98
            58    449       315.37       184.81       253.17       -68.36       -74.31         5.95
            59    893       318.12       187.56       268.54       -80.98       -87.01         6.04
            60    527       316.86       186.30       258.94       -72.64       -78.62         5.97
            61      4       319.34       188.78       272.26       -83.48       -89.50         6.02
            62    189       320.38       189.82       275.83       -86.01       -92.17         6.16
            63    508       318.33       187.77       260.52       -72.75       -78.70         5.95
            64    980       319.35       188.79       269.05       -80.27       -86.32         6.05
            65    949       319.13       188.57       263.35       -74.78       -80.77         5.98
            66    344       318.99       188.43       267.41       -78.98       -84.98         6.01
            67    513       318.66       188.10       269.23       -81.13       -87.18         6.05
            68    577       319.08       188.52       265.16       -76.64       -82.58         5.94
            69    709       316.69       186.13       258.46       -72.33       -78.29         5.96
            70     17       317.62       187.06       257.54       -70.48       -76.46         5.98
            71    661       318.66       188.10       269.23       -81.13       -87.17         6.04
            72     12       318.02       187.46       266.77       -79.31       -85.29         5.98
            73    579       317.06       186.50       261.26       -74.76       -80.75         5.99
            74    230       317.93       187.37       261.60       -74.23       -80.22         5.99
            75    141       319.14       188.59       269.48       -80.90       -87.00         6.10
            76    489       317.56       187.00       261.48       -74.48       -80.50         6.02
            77    847       317.45       186.89       261.76       -74.87       -80.87         6.00
            78    421       321.47       190.91       262.32       -71.41       -77.48         6.07
            79    963       317.11       186.55       261.16       -74.60       -80.66         6.06
            80    562       318.21       187.65       269.17       -81.52       -87.59         6.07
            81    408       318.92       188.36       270.03       -81.67       -87.70         6.04
            82     89       316.81       186.25       262.48       -76.23       -82.18         5.95
            83    446       316.84       186.28       266.82       -80.54       -86.63         6.09
            84    789       318.31       187.75       263.02       -75.27       -81.19         5.92
            85     28       316.43       185.87       258.42       -72.55       -78.51         5.96
            86    622       318.92       188.36       267.78       -79.42       -85.44         6.02
          ------------------------------------------------------------------------------------------

          ----------------------------------------
          Gas Phase Internal Potential Energy: U
          ----------------------------------------

          ------------------------------------------------------------------------------------------
          Rank    ID         U         Valence     Coulomb        VdW         VdW6        VdW12
          ------------------------------------------------------------------------------------------
             1      5       266.00       153.05       139.85       -26.91      -188.48       161.57
             2    232       263.89       154.14       137.24       -27.50      -189.32       161.83
             3    646       263.26       153.01       137.08       -26.84      -190.71       163.87
             4    791       254.78       153.59       128.95       -27.76      -194.89       167.13
             5    961       270.75       153.79       143.60       -26.64      -184.51       157.86
             6    545       263.76       153.96       137.11       -27.30      -190.70       163.40
             7    150       257.78       155.22       128.34       -25.79      -189.83       164.05
             8     54       265.78       154.56       138.45       -27.23      -188.75       161.52
             9    319       260.25       155.69       131.02       -26.46      -190.88       164.42
            10    943       264.54       153.42       137.83       -26.70      -189.10       162.40
            11    670       257.53       154.06       130.63       -27.16      -189.02       161.86
            12    268       268.59       152.50       144.63       -28.54      -186.71       158.17
            13    566       260.65       153.57       133.11       -26.03      -192.29       166.26
            14     87       257.25       155.46       129.28       -27.49      -193.63       166.14
            15    786       253.42       153.30       125.28       -25.16      -194.09       168.93
            16    788       261.09       154.02       134.71       -27.64      -187.14       159.50
            17    651       256.57       155.82       129.68       -28.93      -192.70       163.76
            18    506       264.50       153.52       138.15       -27.17      -190.66       163.48
            19    690       257.53       157.00       127.99       -27.46      -190.93       163.47
            20    787       258.13       156.03       129.68       -27.58      -192.49       164.92
            21    264       269.92       149.82       145.67       -25.57      -184.00       158.43
            22    650       260.54       155.69       130.31       -25.47      -189.96       164.49
            23    357       263.44       153.26       137.62       -27.44      -187.66       160.22
            24    266       264.42       153.53       138.05       -27.16      -190.75       163.59
            25    213       270.53       156.09       143.58       -29.14      -186.27       157.13
            26    779       277.28       152.36       152.89       -27.97      -183.20       155.24
            27    429       263.89       153.70       135.77       -25.58      -185.34       159.76
            28    570       261.35       155.97       131.44       -26.06      -189.38       163.32
            29    908       257.33       154.05       129.43       -26.16      -191.76       165.60
            30    921       262.59       145.07       140.40       -22.88      -182.89       160.01
            31     10       257.94       157.71       127.91       -27.68      -191.17       163.49
            32    462       274.93       155.63       148.44       -29.14      -184.11       154.97
            33    183       264.58       155.35       135.15       -25.92      -187.77       161.85
            34    125       264.41       154.53       137.49       -27.62      -190.73       163.11
            35     49       263.72       155.01       138.02       -29.31      -189.23       159.92
            36    370       261.16       151.16       136.17       -26.17      -189.86       163.69
            37    603       274.66       154.92       146.98       -27.23      -186.84       159.61
            38    398       260.77       155.07       131.65       -25.95      -191.98       166.03
            39    371       257.31       154.12       129.73       -26.55      -194.26       167.72
            40    507       267.94       155.12       140.09       -27.28      -188.22       160.95
            41     34       260.21       156.31       130.28       -26.37      -191.39       165.02
            42    604       273.66       154.98       146.46       -27.77      -185.80       158.02
            43    477       260.49       156.40       131.05       -26.96      -190.81       163.85
            44    875       254.42       153.60       125.91       -25.09      -194.58       169.49
            45    623       269.29       153.90       143.29       -27.90      -190.55       162.65
            46    108       259.18       154.88       130.91       -26.62      -191.54       164.92
            47    817       267.06       155.36       138.44       -26.74      -186.47       159.73
            48     88       260.44       158.60       129.78       -27.94      -191.85       163.91
            49    688       263.68       153.81       141.55       -31.68      -187.27       155.58
            50    867       260.74       157.00       132.38       -28.64      -193.39       164.76
            51    548       266.75       155.35       139.56       -28.17      -191.50       163.33
            52      7       267.91       157.89       139.37       -29.35      -189.81       160.46
            53    428       260.54       158.22       131.12       -28.80      -195.18       166.38
            54      6       254.34       153.85       125.96       -25.47      -194.09       168.62
            55    758       258.85       156.01       129.15       -26.30      -195.89       169.60
            56    692       267.96       157.63       137.14       -26.81      -188.44       161.63
            57    194       264.66       155.60       137.52       -28.46      -192.09       163.63
            58    449       253.17       155.72       124.67       -27.22      -194.26       167.05
            59    893       268.54       157.43       139.04       -27.93      -188.84       160.91
            60    527       258.94       157.30       129.27       -27.64      -193.44       165.80
            61      4       272.26       157.35       144.24       -29.33      -187.75       158.41
            62    189       275.83       154.33       148.82       -27.31      -183.67       156.35
            63    508       260.52       159.85       128.75       -28.07      -191.54       163.47
            64    980       269.05       155.04       139.89       -25.88      -186.73       160.85
            65    949       263.35       156.46       134.52       -27.63      -187.84       160.21
            66    344       267.41       157.50       136.86       -26.96      -187.54       160.59
            67    513       269.23       157.29       139.00       -27.06      -188.40       161.34
            68    577       265.16       156.01       138.03       -28.88      -188.62       159.74
            69    709       258.46       158.10       128.45       -28.08      -193.52       165.43
            70     17       257.54       157.16       127.37       -26.99      -191.72       164.73
            71    661       269.23       155.40       139.52       -25.69      -188.34       162.65
            72     12       266.77       158.60       136.37       -28.19      -192.75       164.55
            73    579       261.26       158.27       130.04       -27.06      -191.53       164.48
            74    230       261.60       157.20       130.53       -26.12      -191.13       165.00
            75    141       269.48       157.60       138.69       -26.81      -187.79       160.98
            76    489       261.48       156.02       132.47       -27.01      -190.02       163.02
            77    847       261.76       158.08       131.83       -28.15      -191.09       162.93
            78    421       262.32       154.32       138.56       -30.56      -185.71       155.15
            79    963       261.16       150.13       137.87       -26.85      -188.56       161.71
            80    562       269.17       156.35       140.15       -27.34      -189.34       162.00
            81    408       270.03       155.50       141.57       -27.03      -188.97       161.94
            82     89       262.48       156.17       132.24       -25.93      -191.95       166.03
            83    446       266.82       155.38       137.98       -26.53      -191.22       164.69
            84    789       263.02       155.97       136.64       -29.59      -191.34       161.75
            85     28       258.42       154.83       129.92       -26.33      -191.99       165.66
            86    622       267.78       155.16       138.96       -26.34      -188.77       162.43
          ------------------------------------------------------------------------------------------

          -------------------------------
          Bonded Energy Terms: Valence
          -------------------------------

          ------------------------------------------------------------------------------------------
          Rank    ID     Valence       Bond        Angle         Pdih         Idih       Tether
          ------------------------------------------------------------------------------------------
             1      5       153.05         4.92        14.26       133.87         0.00         0.00
             2    232       154.14         4.91        14.42       134.81         0.00         0.00
             3    646       153.01         5.04        14.99       132.98         0.00         0.00
             4    791       153.59         5.23        15.22       133.13         0.01         0.00
             5    961       153.79         4.88        13.66       135.25         0.00         0.00
             6    545       153.96         4.99        14.68       134.29         0.00         0.00
             7    150       155.22         5.15        14.66       135.41         0.00         0.00
             8     54       154.56         4.88        14.89       134.78         0.00         0.00
             9    319       155.69         5.17        14.60       135.89         0.02         0.00
            10    943       153.42         5.00        15.15       133.27         0.00         0.00
            11    670       154.06         5.07        14.07       134.92         0.01         0.00
            12    268       152.50         4.72        14.30       133.48         0.00         0.00
            13    566       153.57         5.32        15.14       133.10         0.00         0.00
            14     87       155.46         5.20        15.16       134.93         0.17         0.00
            15    786       153.30         5.47        15.90       131.93         0.00         0.00
            16    788       154.02         4.96        13.82       135.23         0.01         0.00
            17    651       155.82         5.02        14.91       135.86         0.02         0.00
            18    506       153.52         5.02        15.33       133.17         0.00         0.00
            19    690       157.00         5.04        14.49       137.47         0.00         0.00
            20    787       156.03         5.13        14.18       136.62         0.10         0.00
            21    264       149.82         5.01        14.71       130.11         0.00         0.00
            22    650       155.69         5.21        14.80       135.66         0.02         0.00
            23    357       153.26         4.88        14.12       134.26         0.00         0.00
            24    266       153.53         5.02        15.33       133.18         0.00         0.00
            25    213       156.09         4.72        13.12       138.25         0.00         0.00
            26    779       152.36         4.54        13.98       133.83         0.00         0.00
            27    429       153.70         4.91        13.84       134.95         0.00         0.00
            28    570       155.97         5.18        14.18       136.59         0.02         0.00
            29    908       154.05         5.38        15.19       133.46         0.02         0.00
            30    921       145.07         5.55        17.17       122.29         0.07         0.00
            31     10       157.71         5.06        14.55       138.10         0.00         0.00
            32    462       155.63         4.60        13.75       137.27         0.00         0.00
            33    183       155.35         5.06        14.43       135.86         0.00         0.00
            34    125       154.53         4.97        14.96       134.60         0.00         0.00
            35     49       155.01         4.74        13.32       136.95         0.00         0.00
            36    370       151.16         5.22        14.77       131.15         0.01         0.00
            37    603       154.92         4.95        14.77       135.20         0.00         0.00
            38    398       155.07         5.28        15.14       134.65         0.01         0.00
            39    371       154.12         5.35        15.69       133.06         0.03         0.00
            40    507       155.12         4.96        14.06       136.11         0.00         0.00
            41     34       156.31         5.14        15.53       135.56         0.08         0.00
            42    604       154.98         4.80        14.01       136.17         0.00         0.00
            43    477       156.40         5.10        14.83       136.47         0.00         0.00
            44    875       153.60         5.48        15.47       132.66         0.00         0.00
            45    623       153.90         5.03        15.38       133.48         0.00         0.00
            46    108       154.88         5.34        15.30       134.23         0.02         0.00
            47    817       155.36         4.86        14.22       136.27         0.00         0.00
            48     88       158.60         5.09        14.46       138.97         0.07         0.00
            49    688       153.81         4.40        12.77       136.64         0.00         0.00
            50    867       157.00         5.14        15.01       136.85         0.00         0.00
            51    548       155.35         5.05        14.70       135.59         0.00         0.00
            52      7       157.89         4.94        13.20       139.75         0.01         0.00
            53    428       158.22         5.29        14.88       138.03         0.03         0.00
            54      6       153.85         5.46        16.20       132.18         0.00         0.00
            55    758       156.01         5.45        15.95       134.59         0.01         0.00
            56    692       157.63         5.00        14.45       138.17         0.00         0.00
            57    194       155.60         5.07        15.48       134.97         0.09         0.00
            58    449       155.72         5.38        16.29       134.04         0.00         0.00
            59    893       157.43         4.92        14.33       138.18         0.00         0.00
            60    527       157.30         5.17        14.38       137.67         0.09         0.00
            61      4       157.35         4.83        13.72       138.81         0.00         0.00
            62    189       154.33         4.73        13.80       135.78         0.01         0.00
            63    508       159.85         5.05        13.75       141.00         0.05         0.00
            64    980       155.04         5.08        15.12       134.83         0.00         0.00
            65    949       156.46         4.94        14.41       137.10         0.01         0.00
            66    344       157.50         4.98        13.82       138.71         0.00         0.00
            67    513       157.29         4.93        14.35       138.01         0.00         0.00
            68    577       156.01         4.86        13.86       137.30         0.00         0.00
            69    709       158.10         5.12        15.97       137.00         0.01         0.00
            70     17       157.16         5.18        15.51       136.44         0.02         0.00
            71    661       155.40         5.30        15.19       134.91         0.00         0.00
            72     12       158.60         5.12        14.64       138.83         0.00         0.00
            73    579       158.27         5.11        13.99       139.17         0.01         0.00
            74    230       157.20         5.23        15.30       136.65         0.02         0.00
            75    141       157.60         5.24        14.63       137.73         0.00         0.00
            76    489       156.02         5.15        14.80       136.04         0.03         0.00
            77    847       158.08         5.02        14.24       138.66         0.16         0.00
            78    421       154.32         4.44        12.53       137.35         0.00         0.00
            79    963       150.13         5.11        15.61       129.38         0.03         0.00
            80    562       156.35         5.15        14.58       136.62         0.00         0.00
            81    408       155.50         5.10        14.56       135.83         0.01         0.00
            82     89       156.17         5.30        16.40       134.47         0.00         0.00
            83    446       155.38         5.23        15.30       134.85         0.00         0.00
            84    789       155.97         4.86        13.90       137.20         0.00         0.00
            85     28       154.83         5.39        15.41       134.01         0.02         0.00
            86    622       155.16         5.12        15.27       134.77         0.00         0.00
          ------------------------------------------------------------------------------------------

          Calculating single reference conformer RMSDs ...

          ---------------------------------
          Conformer RMSDs are in Angstroms.
          ---------------------------------

          ------------------------------------------------------------------------------------------
                              RMSD wrt Input Crd                    RMSD wrt Rank 1
                         ---------------------------------------------------------------------------
          Rank    ID        Complex    Receptor  Ligand          Complex    Receptor  Ligand
          ------------------------------------------------------------------------------------------
             1      5         1.330     1.071     2.306           0.000     0.000     0.000
             2    232         1.142     1.016     1.692           0.989     0.748     1.839
             3    646         1.556     1.568     1.487           0.944     0.608     1.969
             4    791         1.734     1.750     1.641           0.948     0.599     1.998
             5    961         1.452     0.991     2.926           0.918     0.581     1.933
             6    545         1.305     1.037     2.302           0.225     0.243     0.066
             7    150         1.410     0.938     2.885           1.111     0.512     2.610
             8     54         1.855     0.982     4.199           1.482     0.435     3.700
             9    319         1.970     1.735     2.979           1.729     1.581     2.409
            10    943         1.985     1.925     2.297           2.510     2.670     1.246
            11    670         1.935     1.639     3.129           1.055     0.712     2.142
            12    268         1.861     1.305     3.679           2.422     2.151     3.602
            13    566         2.075     2.192     1.200           2.518     2.633     1.716
            14     87         2.062     1.265     4.409           2.177     1.863     3.468
            15    786         2.371     2.524     1.162           1.896     1.924     1.732
            16    788         1.610     1.264     2.878           2.209     2.174     2.399
            17    651         1.945     2.032     1.342           1.449     1.370     1.835
            18    506         1.583     1.390     2.409           2.222     2.348     1.278
            19    690         1.617     1.104     3.258           2.045     1.888     2.780
            20    787         1.791     0.870     4.152           1.724     1.229     3.366
            21    264         2.379     1.313     5.310           2.559     1.951     4.718
            22    650         2.099     1.334     4.410           2.650     2.274     4.195
            23    357         1.717     0.906     3.890           1.562     1.008     3.254
            24    266         1.804     1.757     2.052           0.965     0.931     1.141
            25    213         1.319     1.202     1.853           2.040     2.020     2.152
            26    779         1.961     1.350     3.929           2.120     1.954     2.896
            27    429         1.882     0.911     4.368           1.590     0.585     3.879
            28    570         2.136     1.278     4.617           2.256     1.672     4.270
            29    908         1.774     1.808     1.566           1.563     1.599     1.339
            30    921         3.374     2.658     6.009           3.017     2.326     5.499
            31     10         1.474     1.066     2.849           1.813     1.645     2.573
            32    462         1.349     0.992     2.570           1.467     1.500     1.261
            33    183         1.008     0.999     1.056           1.185     1.212     1.014
            34    125         1.158     1.038     1.690           0.904     0.662     1.731
            35     49         1.310     0.830     2.757           1.781     1.534     2.807
            36    370         2.097     1.793     3.342           2.578     2.472     3.116
            37    603         1.904     1.631     3.026           1.664     1.494     2.420
            38    398         2.142     1.611     3.999           2.070     1.902     2.845
            39    371         1.679     1.687     1.637           2.260     2.305     1.979
            40    507         1.819     1.194     3.752           2.112     1.876     3.137
            41     34         1.974     1.340     3.990           2.501     2.191     3.820
            42    604         1.700     1.276     3.182           2.176     2.086     2.634
            43    477         1.764     1.233     3.498           2.292     2.061     3.317
            44    875         1.806     1.769     2.005           1.142     1.130     1.209
            45    623         1.794     1.610     2.608           2.352     2.454     1.651
            46    108         2.034     2.106     1.557           2.181     2.244     1.771
            47    817         2.028     1.590     3.629           2.578     2.445     3.235
            48     88         1.630     0.701     3.882           1.789     1.393     3.230
            49    688         1.905     0.861     4.491           2.183     1.703     3.930
            50    867         1.643     1.419     2.577           2.006     2.066     1.617
            51    548         1.804     1.600     2.690           2.305     2.363     1.943
            52      7         1.456     0.616     3.477           2.068     1.889     2.887
            53    428         1.455     0.966     2.982           1.947     1.778     2.720
            54      6         2.169     2.295     1.213           2.612     2.760     1.509
            55    758         2.106     1.781     3.415           1.578     1.255     2.781
            56    692         1.679     0.748     3.970           1.332     0.584     3.160
            57    194         1.323     1.303     1.431           2.062     2.025     2.264
            58    449         1.931     1.624     3.158           2.160     2.149     2.220
            59    893         1.747     0.799     4.109           1.530     0.991     3.180
            60    527         1.919     1.193     4.076           1.910     1.567     3.236
            61      4         1.635     1.245     3.018           2.293     2.224     2.654
            62    189         1.855     0.834     4.378           1.836     1.040     4.060
            63    508         1.580     0.618     3.822           1.751     1.410     3.038
            64    980         2.317     1.369     5.037           2.017     1.156     4.441
            65    949         1.302     0.861     2.675           1.824     1.618     2.719
            66    344         1.639     1.445     2.474           1.196     1.146     1.452
            67    513         1.690     0.749     4.001           1.506     0.660     3.574
            68    577         1.927     1.307     3.899           2.355     2.059     3.611
            69    709         1.776     1.371     3.234           2.619     2.490     3.258
            70     17         1.963     1.500     3.609           2.186     1.885     3.436
            71    661         1.491     0.957     3.118           2.244     2.091     2.974
            72     12         1.636     0.828     3.753           1.895     1.611     3.050
            73    579         1.698     0.845     3.912           1.717     1.275     3.246
            74    230         1.957     0.942     4.548           1.857     1.074     4.072
            75    141         1.769     0.917     4.030           1.810     0.965     4.088
            76    489         1.863     1.022     4.166           2.292     1.857     3.948
            77    847         1.853     1.056     4.087           1.889     1.191     3.986
            78    421         1.946     0.784     4.685           2.301     1.626     4.526
            79    963         2.871     2.084     5.531           3.268     2.846     5.048
            80    562         1.689     1.204     3.298           2.054     1.846     2.979
            81    408         2.034     1.464     3.945           1.615     1.104     3.249
            82     89         2.150     1.466     4.334           2.661     2.496     3.457
            83    446         1.531     1.364     2.261           1.903     2.019     1.005
            84    789         1.492     0.900     3.214           1.713     1.561     2.406
            85     28         1.266     1.291     1.112           2.689     2.807     1.875
            86    622         1.482     0.945     3.107           1.397     1.036     2.642
          ------------------------------------------------------------------------------------------

          --------------------------------
          Final Boltzmann Averaged Data.
          --------------------------------

          -------------------------------------------------------------------
          Results of Boltzmann Averaging Over All  509 Conformers (kcal/mol).
          -------------------------------------------------------------------

          Free Energy                        G             506.1978211855
          Average Potential Energy         < E >           314.4590057804
          Entropy                           -TS            191.7388154051
          -------------------------------------------------------------------

          Average Potential Energy < E > Components.

          < U >                   263.7837207914
          < W(PBSA) >             -79.8842175738
          < H.O. P.E. >           130.5594636723

          Average Solvation Energy < W(PBSA) > Components.

          < PB >                  -85.9475090676
          < SA >                    6.0632914938

          Average Gas Phase Internal Potential Energy < U > Components.

          < Valence >             153.6674109170
          < Coulomb >             137.1623914725
          < VdW >                 -27.0460815981

          Average Van der Waals Energy < VdW > Components.

          < VdW6  >              -189.4102976689
          < VdW12 >               162.3642160708

          Average Bonded Energy < Valence > Components.

          < Bond >                  4.9856968114
          < Angle >                14.5080296994
          < Pdihed >              134.1683151960
          < Idihed >                0.0053692101
          < Tether >                0.0000000000

          -------------------------------------------------------------------
                        End of feprocess Calculation Results Summary.
          -------------------------------------------------------------------


     Total cpu time for run       4894.92 seconds.
                                    81.58 minutes.

     Total wall time for run      2472.35 seconds.
                                    41.21 minutes.

     TIME STAMP: VCPack job finished normally : Sunday, August 07, 2022 at 16:11:18
