
     --------------------------------------------------------------------------------
                        Running Program VCPack. Version 2.8

                           VeraChem LLC, PO Box 2206
                           Germantown, MD 20875, U.S.A.

                                Tel. 240-686-0565
                                www.verachem.com
     --------------------------------------------------------------------------------


     Input file          :   guest-s11_vm2.inp

     Output file         :   guest-s11_vm2.out

     Summary output file :   guest-s11_vm2.summary.out

     Executable : /data/comblab/vcCompChem_3b/exe/VC_CompChemPackage_mpi.exe

     Build date : Aug 13 2021  17:26:14

     This is a multiple processor run.

     MPI processes              :   16
     OpenMP threads per process :    0
     CUDA enabled               :  no

     TIME STAMP: VCPack job started : Saturday, August 06, 2022 at 17:10:29

     --------------------------------------------------------------------------------
                            Basic Calculation Control.
     --------------------------------------------------------------------------------

     Molecular system type                :  ligand          

     Calculation type                     :  vm2             

     Energy potential                     :  mm              

     Post-processing type                 :  none            

     Post-processing energy potential     :  none            

     Time limit in wall clock hours       :  96.00

     Read in starting conformers          :  no
     Type of conformers to read in        :  none
     Conformer source files(s)            :  none

     Use input .crd for complex build     :  no
     Place ligand confs. at input .crd    :  no
     Use input .crd as start conformer    :  yes

     Formatted output files               :  xyz     
                                          :  pdb     
                                          :  mol2    
                                          :  sdf     
                                          :  xyz     
                                          :  gms     
                                          :  csv     

     Split formatted output files         :  crd     

     Limit conformers in formatted files  :  bycount
     Maximum conformer count              :  1000

     Atoms to include in formatted files  :  all     

     Binary file restart type             :  none


     --------------------------------------------------------------------------------
                            Math Related Control and Set Up.
     --------------------------------------------------------------------------------

     Random number generator seeds :  bywallclock

     Seed 1 :           7408789
     Seed 2 :            432113
     Seed 3 :               756
     Seed 4 :             19032


     --------------------------------------------------------------------------------
                            Basic Molecular System Set Up.
     --------------------------------------------------------------------------------

     ------------------
     Ligand Data Files.
     ------------------

     Standard crd coordinate file            :  guest-s11.crd
     VeraChem topology file                  :  guest-s11.top
     Standard mol/sdf file                   :  guest-s11.mol

     Total number of ligand atoms            :        20

     Included in this calculation.
     Number of real and live ligand atoms    :        20
     Number of real but fixed ligand atoms   :         0

     Ligand placement method                 :  none

     Snap ligand to template atoms           :      no

     -------------------------------
     Final Real/Live Set Atom Count.
     -------------------------------

     Total number of real atoms              :        20
     Total number of live atoms              :        20


     --------------------------------------------------------------------------------
                            Generate Initial Molecular Conformation.
     --------------------------------------------------------------------------------

     Mandatory input crd file(s) used for generation of a single starting conformer.


     --------------------------------------------------------------------------------
                             Energy Potential Settings.
     --------------------------------------------------------------------------------


     Molecular Mechanics package          :  vchem           

     Quantum Mechanics package            :  none            


     --------------------------------------------------------------------------------
                    Running VM2 Mining Minima Module. Version 2.8
     --------------------------------------------------------------------------------

     Iteration    Free Energy G             G Diff            # Conformers     # Diff
        1            26.426742              26.426742              17              17
        2            25.994029              -0.432714              27              10
        3            25.993963              -0.000065              27               0
        4            25.993512              -0.000451              28               1

     VM2 Free Energy converged after    4 iterations.

     Final VM2 Free Energy is      25.993512 Kcal/mol.

          --------------------------------
          Final Individual Conformer Data.
          --------------------------------

          List data for conformers with probability of at least :  0.01 %
          Rankings are with respect to : Free Energy (G)

          ------------------------
          Free Energy: G = E - TS
          ------------------------

          ------------------------------------------------------------------------------------------
          Rank    ID     ln(Zx)    Prob(%)  Sum Prob(%)  Del G        G            E            -TS
          ------------------------------------------------------------------------------------------
             1    170    -79.37760   18.31    18.31      0.00        27.01         4.32        22.69
             2    281    -79.88507   11.03    29.34      0.30        27.31         4.52        22.79
             3    259    -79.95197   10.31    39.65      0.34        27.35         4.56        22.79
             4    276    -80.19828    8.06    47.71      0.49        27.49         4.71        22.78
             5     90    -80.21674    7.91    55.63      0.50        27.51         4.72        22.78
             6    126    -80.41547    6.49    62.12      0.62        27.62         4.83        22.80
             7    144    -80.42620    6.42    68.53      0.63        27.63         4.83        22.80
             8     33    -80.88353    4.06    72.60      0.90        27.90         5.02        22.88
             9     96    -80.89063    4.03    76.63      0.90        27.91         5.00        22.91
            10    268    -80.92873    3.88    80.51      0.92        27.93         5.02        22.91
            11    107    -81.10787    3.25    83.76      1.03        28.04         5.02        23.01
            12    287    -81.12119    3.20    86.96      1.04        28.04         5.16        22.88
            13    145    -81.14319    3.13    90.09      1.05        28.06         5.09        22.97
            14    222    -81.14944    3.11    93.21      1.06        28.06         5.05        23.01
            15    104    -81.15521    3.10    96.30      1.06        28.07         5.10        22.97
            16     70    -81.93342    1.42    97.73      1.52        28.53         5.31        23.22
            17     89    -81.99315    1.34    99.07      1.56        28.56         5.35        23.22
            18    236    -83.79656    0.22    99.29      2.63        29.64         6.96        22.68
            19    318    -83.84804    0.21    99.50      2.67        29.67         6.99        22.68
            20     71    -84.28480    0.14    99.63      2.93        29.93         7.13        22.80
            21     65    -84.28798    0.13    99.77      2.93        29.93         7.13        22.80
            22    121    -84.78694    0.08    99.85      3.22        30.23         7.24        22.99
            23    227    -84.83460    0.08    99.93      3.25        30.26         7.27        22.99
            24     82    -85.56373    0.04    99.96      3.69        30.69         7.50        23.19
            25    246    -86.29476    0.02    99.98      4.12        31.13         7.73        23.40
            26    149    -86.40859    0.02   100.00      4.19        31.20         7.79        23.40
          ------------------------------------------------------------------------------------------

          --------------------------------------------------------
          Potential Energy: E = (U+W) + H.O. Equipartion energy
          --------------------------------------------------------

          ------------------------------------------------------------------------------------------
          Rank    ID         E          U+W            U        W(PBSA)          PB           SA
          ------------------------------------------------------------------------------------------
             1    170         4.32       -11.78        45.77       -57.55       -59.51         1.96
             2    281         4.52       -11.58        46.42       -58.00       -59.94         1.94
             3    259         4.56       -11.54        46.42       -57.96       -59.89         1.93
             4    276         4.71       -11.39        46.51       -57.89       -59.82         1.93
             5     90         4.72       -11.37        46.51       -57.88       -59.81         1.93
             6    126         4.83       -11.27        46.49       -57.76       -59.71         1.95
             7    144         4.83       -11.26        46.49       -57.75       -59.69         1.94
             8     33         5.02       -11.07        47.08       -58.15       -60.05         1.90
             9     96         5.00       -11.09        47.05       -58.15       -60.06         1.92
            10    268         5.02       -11.07        47.05       -58.12       -60.04         1.91
            11    107         5.02       -11.07        47.08       -58.15       -60.06         1.91
            12    287         5.16       -10.93        47.08       -58.01       -59.92         1.90
            13    145         5.09       -11.01        47.13       -58.13       -60.04         1.91
            14    222         5.05       -11.05        47.08       -58.13       -60.03         1.90
            15    104         5.10       -11.00        47.13       -58.12       -60.04         1.91
            16     70         5.31       -10.78        47.56       -58.35       -60.22         1.88
            17     89         5.35       -10.75        47.56       -58.31       -60.18         1.88
            18    236         6.96        -9.14        48.92       -58.06       -59.98         1.92
            19    318         6.99        -9.11        48.92       -58.03       -59.94         1.91
            20     71         7.13        -8.97        49.22       -58.19       -60.09         1.90
            21     65         7.13        -8.97        49.22       -58.18       -60.06         1.88
            22    121         7.24        -8.86        49.43       -58.29       -60.17         1.88
            23    227         7.27        -8.83        49.43       -58.26       -60.13         1.86
            24     82         7.50        -8.59        49.67       -58.26       -60.11         1.85
            25    246         7.73        -8.37        49.57       -57.94       -59.79         1.86
            26    149         7.79        -8.30        49.57       -57.87       -59.72         1.85
          ------------------------------------------------------------------------------------------

          ----------------------------------------
          Gas Phase Internal Potential Energy: U
          ----------------------------------------

          ------------------------------------------------------------------------------------------
          Rank    ID         U         Valence     Coulomb        VdW         VdW6        VdW12
          ------------------------------------------------------------------------------------------
             1    170        45.77         1.30        44.18         0.30        -3.49         3.79
             2    281        46.42         1.41        44.61         0.40        -4.00         4.40
             3    259        46.42         1.41        44.61         0.40        -4.00         4.40
             4    276        46.51         1.61        44.54         0.36        -4.06         4.42
             5     90        46.51         1.61        44.54         0.36        -4.06         4.42
             6    126        46.49         1.81        44.25         0.43        -4.09         4.52
             7    144        46.49         1.81        44.25         0.43        -4.09         4.52
             8     33        47.08         1.94        44.57         0.56        -4.57         5.14
             9     96        47.05         1.91        44.63         0.52        -4.61         5.13
            10    268        47.05         1.91        44.63         0.52        -4.61         5.13
            11    107        47.08         2.04        44.66         0.38        -4.91         5.30
            12    287        47.08         1.94        44.57         0.56        -4.57         5.14
            13    145        47.13         1.70        45.05         0.37        -4.76         5.13
            14    222        47.08         2.04        44.66         0.38        -4.91         5.30
            15    104        47.13         1.70        45.05         0.37        -4.76         5.13
            16     70        47.56         2.15        45.03         0.38        -5.60         5.98
            17     89        47.56         2.15        45.03         0.38        -5.60         5.98
            18    236        48.92         3.79        44.72         0.41        -4.84         5.25
            19    318        48.92         3.79        44.72         0.41        -4.84         5.25
            20     71        49.22         2.93        46.01         0.28        -4.91         5.19
            21     65        49.22         2.93        46.01         0.28        -4.91         5.19
            22    121        49.43         3.80        45.25         0.38        -5.60         5.98
            23    227        49.43         3.80        45.25         0.38        -5.60         5.98
            24     82        49.67         3.95        45.46         0.25        -5.83         6.09
            25    246        49.57         3.37        46.02         0.18        -6.02         6.20
            26    149        49.57         3.37        46.02         0.18        -6.02         6.20
          ------------------------------------------------------------------------------------------

          -------------------------------
          Bonded Energy Terms: Valence
          -------------------------------

          ------------------------------------------------------------------------------------------
          Rank    ID     Valence       Bond        Angle         Pdih         Idih       Tether
          ------------------------------------------------------------------------------------------
             1    170         1.30         0.10         0.38         0.82         0.00         0.00
             2    281         1.41         0.12         0.43         0.86         0.00         0.00
             3    259         1.41         0.12         0.43         0.86         0.00         0.00
             4    276         1.61         0.12         0.52         0.98         0.00         0.00
             5     90         1.61         0.12         0.52         0.98         0.00         0.00
             6    126         1.81         0.13         0.63         1.05         0.00         0.00
             7    144         1.81         0.13         0.63         1.05         0.00         0.00
             8     33         1.94         0.16         0.70         1.09         0.00         0.00
             9     96         1.91         0.15         0.65         1.10         0.00         0.00
            10    268         1.91         0.15         0.65         1.10         0.00         0.00
            11    107         2.04         0.16         0.86         1.02         0.00         0.00
            12    287         1.94         0.16         0.70         1.09         0.00         0.00
            13    145         1.70         0.14         0.63         0.93         0.00         0.00
            14    222         2.04         0.16         0.86         1.02         0.00         0.00
            15    104         1.70         0.14         0.63         0.93         0.00         0.00
            16     70         2.15         0.19         0.94         1.03         0.00         0.00
            17     89         2.15         0.19         0.94         1.03         0.00         0.00
            18    236         3.79         0.18         1.20         2.41         0.00         0.00
            19    318         3.79         0.18         1.20         2.41         0.00         0.00
            20     71         2.93         0.16         0.97         1.80         0.00         0.00
            21     65         2.93         0.16         0.97         1.80         0.00         0.00
            22    121         3.80         0.20         1.37         2.23         0.00         0.00
            23    227         3.80         0.20         1.37         2.23         0.00         0.00
            24     82         3.95         0.20         1.50         2.25         0.00         0.00
            25    246         3.37         0.20         1.44         1.73         0.00         0.00
            26    149         3.37         0.20         1.44         1.73         0.00         0.00
          ------------------------------------------------------------------------------------------

          Calculating single reference conformer RMSDs ...

          ---------------------------------
          Conformer RMSDs are in Angstroms.
          ---------------------------------

          ------------------------------------------------------------------------------------------
                              RMSD wrt Input Crd                    RMSD wrt Rank 1
                         ---------------------------------------------------------------------------
          Rank    ID        Complex    Receptor  Ligand          Complex    Receptor  Ligand
          ------------------------------------------------------------------------------------------
             1    170                             0.015                               0.000
             2    281                             0.748                               0.773
             3    259                             0.747                               1.310
             4    276                             1.643                               1.792
             5     90                             1.011                               0.943
             6    126                             1.341                               1.288
             7    144                             0.873                               0.862
             8     33                             0.972                               0.726
             9     96                             1.743                               1.341
            10    268                             1.819                               1.098
            11    107                             1.613                               2.303
            12    287                             1.705                               0.726
            13    145                             1.997                               1.353
            14    222                             1.409                               2.016
            15    104                             1.188                               1.195
            16     70                             1.490                               1.696
            17     89                             1.552                               1.708
            18    236                             1.347                               1.610
            19    318                             1.452                               1.381
            20     71                             2.081                               1.141
            21     65                             1.951                               1.359
            22    121                             1.810                               1.873
            23    227                             1.838                               1.873
            24     82                             1.954                               2.084
            25    246                             1.781                               1.663
            26    149                             1.781                               1.851
          ------------------------------------------------------------------------------------------

          --------------------------------
          Final Boltzmann Averaged Data.
          --------------------------------

          -------------------------------------------------------------------
          Results of Boltzmann Averaging Over All   28 Conformers (kcal/mol).
          -------------------------------------------------------------------

          Free Energy                        G              25.9935121163
          Average Potential Energy         < E >             4.7530423722
          Entropy                           -TS             21.2404697440
          -------------------------------------------------------------------

          Average Potential Energy < E > Components.

          < U >                    46.5654208367
          < W(PBSA) >             -57.9083510234
          < H.O. P.E. >            16.0963722336

          Average Solvation Energy < W(PBSA) > Components.

          < PB >                  -59.8387268226
          < SA >                    1.9303757993

          Average Gas Phase Internal Potential Energy < U > Components.

          < Valence >               1.6495577717
          < Coulomb >              44.5190690097
          < VdW >                   0.3967940552

          Average Van der Waals Energy < VdW > Components.

          < VdW6  >                -4.1770195531
          < VdW12 >                 4.5738136083

          Average Bonded Energy < Valence > Components.

          < Bond >                  0.1277264468
          < Angle >                 0.5581585043
          < Pdihed >                0.9636728206
          < Idihed >                0.0000000000
          < Tether >                0.0000000000

          -------------------------------------------------------------------
                        End of VM2 Calculation Results Summary.
          -------------------------------------------------------------------


     Total cpu time for run          6.55 seconds.
                                     0.11 minutes.

     Total wall time for run         6.73 seconds.
                                     0.11 minutes.

     TIME STAMP: VCPack job finished normally : Saturday, August 06, 2022 at 17:10:35
