
     --------------------------------------------------------------------------------
                        Running Program VCPack. Version 2.8

                           VeraChem LLC, PO Box 2206
                           Germantown, MD 20875, U.S.A.

                                Tel. 240-686-0565
                                www.verachem.com
     --------------------------------------------------------------------------------


     Input file          :   guest-s9_vm2.inp

     Output file         :   guest-s9_vm2.out

     Summary output file :   guest-s9_vm2.summary.out

     Executable : /data/comblab/vcCompChem_3b/exe/VC_CompChemPackage_mpi.exe

     Build date : Aug 13 2021  17:26:14

     This is a multiple processor run.

     MPI processes              :   16
     OpenMP threads per process :    0
     CUDA enabled               :  no

     TIME STAMP: VCPack job started : Saturday, August 06, 2022 at 17:10:47

     --------------------------------------------------------------------------------
                            Basic Calculation Control.
     --------------------------------------------------------------------------------

     Molecular system type                :  ligand          

     Calculation type                     :  vm2             

     Energy potential                     :  mm              

     Post-processing type                 :  none            

     Post-processing energy potential     :  none            

     Time limit in wall clock hours       :  96.00

     Read in starting conformers          :  no
     Type of conformers to read in        :  none
     Conformer source files(s)            :  none

     Use input .crd for complex build     :  no
     Place ligand confs. at input .crd    :  no
     Use input .crd as start conformer    :  yes

     Formatted output files               :  xyz     
                                          :  pdb     
                                          :  mol2    
                                          :  sdf     
                                          :  xyz     
                                          :  gms     
                                          :  csv     

     Split formatted output files         :  crd     

     Limit conformers in formatted files  :  bycount
     Maximum conformer count              :  1000

     Atoms to include in formatted files  :  all     

     Binary file restart type             :  none


     --------------------------------------------------------------------------------
                            Math Related Control and Set Up.
     --------------------------------------------------------------------------------

     Random number generator seeds :  bywallclock

     Seed 1 :           7596135
     Seed 2 :            602413
     Seed 3 :               774
     Seed 4 :             28281


     --------------------------------------------------------------------------------
                            Basic Molecular System Set Up.
     --------------------------------------------------------------------------------

     ------------------
     Ligand Data Files.
     ------------------

     Standard crd coordinate file            :  guest-s9.crd
     VeraChem topology file                  :  guest-s9.top
     Standard mol/sdf file                   :  guest-s9.mol

     Total number of ligand atoms            :        20

     Included in this calculation.
     Number of real and live ligand atoms    :        20
     Number of real but fixed ligand atoms   :         0

     Ligand placement method                 :  none

     Snap ligand to template atoms           :      no

     -------------------------------
     Final Real/Live Set Atom Count.
     -------------------------------

     Total number of real atoms              :        20
     Total number of live atoms              :        20


     --------------------------------------------------------------------------------
                            Generate Initial Molecular Conformation.
     --------------------------------------------------------------------------------

     Mandatory input crd file(s) used for generation of a single starting conformer.


     --------------------------------------------------------------------------------
                             Energy Potential Settings.
     --------------------------------------------------------------------------------


     Molecular Mechanics package          :  vchem           

     Quantum Mechanics package            :  none            


     --------------------------------------------------------------------------------
                    Running VM2 Mining Minima Module. Version 2.8
     --------------------------------------------------------------------------------

     Iteration    Free Energy G             G Diff            # Conformers     # Diff
        1            52.819763              52.819763              20              20
        2            52.780272              -0.039491              25               5
        3            52.780093              -0.000179              25               0
        4            52.777001              -0.003092              26               1

     VM2 Free Energy converged after    4 iterations.

     Final VM2 Free Energy is      52.777001 Kcal/mol.

          --------------------------------
          Final Individual Conformer Data.
          --------------------------------

          List data for conformers with probability of at least :  0.01 %
          Rankings are with respect to : Free Energy (G)

          ------------------------
          Free Energy: G = E - TS
          ------------------------

          ------------------------------------------------------------------------------------------
          Rank    ID     ln(Zx)    Prob(%)  Sum Prob(%)  Del G        G            E            -TS
          ------------------------------------------------------------------------------------------
             1    295   -124.55127   14.30    14.30      0.00        53.94        31.43        22.50
             2    257   -124.79971   11.16    25.46      0.15        54.08        31.41        22.67
             3      2   -124.94960    9.60    35.07      0.24        54.17        31.50        22.67
             4    148   -125.16919    7.71    42.78      0.37        54.30        31.71        22.60
             5     34   -125.17769    7.65    50.42      0.37        54.31        31.71        22.60
             6    227   -125.23105    7.25    57.67      0.41        54.34        31.75        22.59
             7     85   -125.30010    6.76    64.44      0.45        54.38        31.79        22.59
             8    109   -125.49127    5.59    70.03      0.56        54.50        31.68        22.81
             9    215   -125.52069    5.43    75.45      0.58        54.51        31.70        22.81
            10    220   -125.61134    4.96    80.41      0.63        54.57        31.81        22.76
            11    268   -125.62173    4.90    85.31      0.64        54.57        31.81        22.76
            12    127   -125.72538    4.42    89.73      0.70        54.64        31.87        22.77
            13    272   -126.33471    2.40    92.14      1.06        55.00        32.23        22.77
            14    293   -126.50792    2.02    94.16      1.17        55.10        32.33        22.77
            15    251   -126.71204    1.65    95.81      1.29        55.22        32.22        23.01
            16    183   -126.71506    1.64    97.45      1.29        55.23        32.22        23.01
            17    246   -127.58180    0.69    98.14      1.81        55.74        33.20        22.54
            18    114   -127.68617    0.62    98.76      1.87        55.81        33.26        22.54
            19    254   -127.90642    0.50    99.26      2.00        55.94        33.10        22.83
            20    309   -128.73515    0.22    99.48      2.49        56.43        33.22        23.21
            21    294   -128.88871    0.19    99.67      2.59        56.52        33.31        23.21
            22    153   -129.61147    0.09    99.76      3.02        56.95        34.18        22.78
            23     56   -129.70461    0.08    99.84      3.07        57.01        34.23        22.77
            24     26   -129.71995    0.08    99.92      3.08        57.02        34.32        22.70
            25    104   -129.82292    0.07   100.00      3.14        57.08        34.38        22.70
          ------------------------------------------------------------------------------------------

          --------------------------------------------------------
          Potential Energy: E = (U+W) + H.O. Equipartion energy
          --------------------------------------------------------

          ------------------------------------------------------------------------------------------
          Rank    ID         E          U+W            U        W(PBSA)          PB           SA
          ------------------------------------------------------------------------------------------
             1    295        31.43        15.34        69.28       -53.94       -55.89         1.95
             2    257        31.41        15.32        69.66       -54.34       -56.24         1.90
             3      2        31.50        15.41        69.66       -54.25       -56.18         1.93
             4    148        31.71        15.61        69.80       -54.19       -56.12         1.93
             5     34        31.71        15.61        69.80       -54.18       -56.12         1.93
             6    227        31.75        15.66        69.96       -54.31       -56.22         1.92
             7     85        31.79        15.70        69.96       -54.26       -56.17         1.90
             8    109        31.68        15.59        70.30       -54.71       -56.59         1.88
             9    215        31.70        15.61        70.30       -54.69       -56.58         1.88
            10    220        31.81        15.71        70.16       -54.45       -56.36         1.91
            11    268        31.81        15.72        70.16       -54.45       -56.32         1.88
            12    127        31.87        15.77        70.23       -54.46       -56.33         1.87
            13    272        32.23        16.13        70.37       -54.24       -56.13         1.89
            14    293        32.33        16.23        70.37       -54.14       -56.05         1.91
            15    251        32.22        16.12        70.78       -54.66       -56.51         1.85
            16    183        32.22        16.12        70.78       -54.65       -56.49         1.84
            17    246        33.20        17.10        71.85       -54.75       -56.61         1.86
            18    114        33.26        17.16        71.85       -54.69       -56.55         1.86
            19    254        33.10        17.01        71.73       -54.72       -56.58         1.86
            20    309        33.22        17.13        72.12       -55.00       -56.81         1.81
            21    294        33.31        17.22        72.12       -54.90       -56.72         1.82
            22    153        34.18        18.08        72.49       -54.41       -56.27         1.86
            23     56        34.23        18.14        72.49       -54.35       -56.20         1.85
            24     26        34.32        18.23        72.04       -53.82       -55.69         1.87
            25    104        34.38        18.29        72.04       -53.75       -55.64         1.89
          ------------------------------------------------------------------------------------------

          ----------------------------------------
          Gas Phase Internal Potential Energy: U
          ----------------------------------------

          ------------------------------------------------------------------------------------------
          Rank    ID         U         Valence     Coulomb        VdW         VdW6        VdW12
          ------------------------------------------------------------------------------------------
             1    295        69.28         0.85        68.56        -0.13        -3.01         2.88
             2    257        69.66         1.14        68.38         0.14        -3.70         3.84
             3      2        69.66         1.14        68.38         0.14        -3.70         3.84
             4    148        69.80         1.13        68.73        -0.07        -3.56         3.49
             5     34        69.80         1.13        68.73        -0.07        -3.56         3.49
             6    227        69.96         0.98        69.06        -0.08        -3.55         3.47
             7     85        69.96         0.98        69.06        -0.08        -3.55         3.47
             8    109        70.30         1.24        68.93         0.12        -4.43         4.55
             9    215        70.30         1.24        68.93         0.12        -4.43         4.55
            10    220        70.16         1.42        68.57         0.18        -4.27         4.44
            11    268        70.16         1.42        68.57         0.18        -4.27         4.44
            12    127        70.23         1.44        68.57         0.22        -4.23         4.46
            13    272        70.37         1.26        69.24        -0.12        -4.34         4.21
            14    293        70.37         1.26        69.24        -0.12        -4.34         4.21
            15    251        70.78         1.53        69.17         0.08        -5.17         5.25
            16    183        70.78         1.53        69.17         0.08        -5.17         5.25
            17    246        71.85         3.01        68.71         0.13        -4.51         4.64
            18    114        71.85         3.01        68.71         0.13        -4.51         4.64
            19    254        71.73         2.89        68.82         0.02        -4.60         4.62
            20    309        72.12         3.20        69.11        -0.19        -5.58         5.39
            21    294        72.12         3.20        69.11        -0.19        -5.58         5.39
            22    153        72.49         2.74        69.80        -0.04        -5.33         5.29
            23     56        72.49         2.74        69.80        -0.04        -5.33         5.29
            24     26        72.04         2.43        69.83        -0.22        -4.56         4.35
            25    104        72.04         2.43        69.83        -0.22        -4.56         4.35
          ------------------------------------------------------------------------------------------

          -------------------------------
          Bonded Energy Terms: Valence
          -------------------------------

          ------------------------------------------------------------------------------------------
          Rank    ID     Valence       Bond        Angle         Pdih         Idih       Tether
          ------------------------------------------------------------------------------------------
             1    295         0.85         0.09         0.33         0.43         0.00         0.00
             2    257         1.14         0.13         0.47         0.54         0.00         0.00
             3      2         1.14         0.13         0.47         0.54         0.00         0.00
             4    148         1.13         0.11         0.46         0.57         0.00         0.00
             5     34         1.13         0.11         0.46         0.57         0.00         0.00
             6    227         0.98         0.10         0.41         0.47         0.00         0.00
             7     85         0.98         0.10         0.41         0.47         0.00         0.00
             8    109         1.24         0.15         0.59         0.51         0.00         0.00
             9    215         1.24         0.15         0.59         0.51         0.00         0.00
            10    220         1.42         0.15         0.58         0.69         0.00         0.00
            11    268         1.42         0.15         0.58         0.69         0.00         0.00
            12    127         1.44         0.15         0.60         0.69         0.00         0.00
            13    272         1.26         0.13         0.60         0.53         0.00         0.00
            14    293         1.26         0.13         0.60         0.53         0.00         0.00
            15    251         1.53         0.17         0.75         0.61         0.00         0.00
            16    183         1.53         0.17         0.75         0.61         0.00         0.00
            17    246         3.01         0.16         1.00         1.85         0.00         0.00
            18    114         3.01         0.16         1.00         1.85         0.00         0.00
            19    254         2.89         0.15         0.86         1.87         0.00         0.00
            20    309         3.20         0.18         1.21         1.81         0.00         0.00
            21    294         3.20         0.18         1.21         1.81         0.00         0.00
            22    153         2.74         0.18         1.14         1.42         0.00         0.00
            23     56         2.74         0.18         1.14         1.42         0.00         0.00
            24     26         2.43         0.14         0.94         1.36         0.00         0.00
            25    104         2.43         0.14         0.94         1.36         0.00         0.00
          ------------------------------------------------------------------------------------------

          Calculating single reference conformer RMSDs ...

          ---------------------------------
          Conformer RMSDs are in Angstroms.
          ---------------------------------

          ------------------------------------------------------------------------------------------
                              RMSD wrt Input Crd                    RMSD wrt Rank 1
                         ---------------------------------------------------------------------------
          Rank    ID        Complex    Receptor  Ligand          Complex    Receptor  Ligand
          ------------------------------------------------------------------------------------------
             1    295                             0.017                               0.000
             2    257                             1.411                               1.999
             3      2                             1.316                               1.972
             4    148                             0.767                               0.788
             5     34                             1.396                               1.457
             6    227                             1.896                               1.646
             7     85                             1.057                               2.158
             8    109                             1.478                               1.340
             9    215                             1.355                               1.471
            10    220                             1.236                               1.200
            11    268                             1.189                               2.009
            12    127                             0.710                               0.710
            13    272                             1.131                               2.092
            14    293                             1.195                               1.276
            15    251                             1.654                               1.626
            16    183                             1.548                               1.639
            17    246                             2.077                               1.260
            18    114                             1.918                               2.009
            19    254                             1.120                               1.974
            20    309                             2.018                               2.242
            21    294                             2.048                               2.220
            22    153                             1.581                               1.759
            23     56                             1.714                               1.873
            24     26                             1.773                               1.881
            25    104                             1.366                               1.258
          ------------------------------------------------------------------------------------------

          --------------------------------
          Final Boltzmann Averaged Data.
          --------------------------------

          -------------------------------------------------------------------
          Results of Boltzmann Averaging Over All   26 Conformers (kcal/mol).
          -------------------------------------------------------------------

          Free Energy                        G              52.7770010179
          Average Potential Energy         < E >            31.7247128916
          Entropy                           -TS             21.0522881263
          -------------------------------------------------------------------

          Average Potential Energy < E > Components.

          < U >                    69.9394958466
          < W(PBSA) >             -54.3109865058
          < H.O. P.E. >            16.0963722336

          Average Solvation Energy < W(PBSA) > Components.

          < PB >                  -56.2197075822
          < SA >                    1.9087210764

          Average Gas Phase Internal Potential Energy < U > Components.

          < Valence >               1.1911425495
          < Coulomb >              68.7211033489
          < VdW >                   0.0272499482

          Average Van der Waals Energy < VdW > Components.

          < VdW6  >                -3.8230605023
          < VdW12 >                 3.8503104505

          Average Bonded Energy < Valence > Components.

          < Bond >                  0.1224931390
          < Angle >                 0.4978211625
          < Pdihed >                0.5708282480
          < Idihed >                0.0000000000
          < Tether >                0.0000000000

          -------------------------------------------------------------------
                        End of VM2 Calculation Results Summary.
          -------------------------------------------------------------------


     Total cpu time for run          6.31 seconds.
                                     0.11 minutes.

     Total wall time for run         6.43 seconds.
                                     0.11 minutes.

     TIME STAMP: VCPack job finished normally : Saturday, August 06, 2022 at 17:10:54
