
     --------------------------------------------------------------------------------
                        Running Program VCPack. Version 2.8

                           VeraChem LLC, PO Box 2206
                           Germantown, MD 20875, U.S.A.

                                Tel. 240-686-0565
                                www.verachem.com
     --------------------------------------------------------------------------------


     Input file          :   CD_guest-s15_fast_vm2_single.inp

     Output file         :   CD_guest-s15_fast_vm2_single.out

     Summary output file :   CD_guest-s15_fast_vm2_single.summary.out

     Executable : /data/comblab/vcCompChem_3b/exe/VC_CompChemPackage_mpi_openmp.exe

     Build date : Aug 13 2021  17:26:49

     This is a multiple processor run.

     MPI processes              :   16
     OpenMP threads per process :   16
     CUDA enabled               :  no

     TIME STAMP: VCPack job started : Saturday, August 06, 2022 at 17:09:35

     --------------------------------------------------------------------------------
                            Basic Calculation Control.
     --------------------------------------------------------------------------------

     Molecular system type                :  host+ligand     

     Calculation type                     :  feprocess       

     Energy potential                     :  mm              

     Post-processing type                 :  none            

     Post-processing energy potential     :  none            

     Time limit in wall clock hours       :  96.00

     Read in starting conformers          :  no
     Type of conformers to read in        :  none
     Conformer source files(s)            :  none

     Use input .crd for complex build     :  no
     Place ligand confs. at input .crd    :  no
     Use input .crd as start conformer    :  yes

     Formatted output files               :  xyz     
                                          :  pdb     
                                          :  mol2    
                                          :  sdf     
                                          :  xyz     
                                          :  gms     
                                          :  csv     

     Split formatted output files         :  crd     

     Limit conformers in formatted files  :  bycount
     Maximum conformer count              :  1000

     Atoms to include in formatted files  :  all     

     Binary file restart type             :  none


     --------------------------------------------------------------------------------
                            Math Related Control and Set Up.
     --------------------------------------------------------------------------------

     Random number generator seeds :  bywallclock

     Seed 1 :           6869441
     Seed 2 :            616793
     Seed 3 :               702
     Seed 4 :             28331


     --------------------------------------------------------------------------------
                            Basic Molecular System Set Up.
     --------------------------------------------------------------------------------

     ----------------
     Host Data Files.
     ----------------

     Standard crd coordinate file            :  CD.crd
     VeraChem topology file                  :  CD.top
     Standard mol/sdf file                   :  CD.mol

     Total number of host atoms              :       126

     ------------------
     Ligand Data Files.
     ------------------

     Standard crd coordinate file            :  guest-s15.crd
     VeraChem topology file                  :  guest-s15.top
     Standard mol/sdf file                   :  guest-s15.mol

     Total number of ligand atoms            :        29

     Included in this calculation.
     Number of real and live ligand atoms    :        29
     Number of real but fixed ligand atoms   :         0

     Ligand placement method                 :  byreceptorcog

     NOTE: The placement of the ligand redefines the ligand .crd input coordinates.

     Snap ligand to template atoms           :      no

     -------------------------------
     Final Real/Live Set Atom Count.
     -------------------------------

     Total number of real atoms              :       155
     Total number of live atoms              :       155


     --------------------------------------------------------------------------------
                            Generate Initial Molecular Conformation.
     --------------------------------------------------------------------------------

     Mandatory input crd file(s) used for generation of a single starting conformer.


     --------------------------------------------------------------------------------
                             Energy Potential Settings.
     --------------------------------------------------------------------------------


     Molecular Mechanics package          :  vchem           

     Quantum Mechanics package            :  none            


     --------------------------------------------------------------------------------
                       Running VfreeE Module. Version 2.8
     --------------------------------------------------------------------------------

          --------------------------------
          Final Individual Conformer Data.
          --------------------------------

          List data for conformers with probability of at least :  0.01 %
          Rankings are with respect to : Free Energy (G)

          ------------------------
          Free Energy: G = E - TS
          ------------------------

          ------------------------------------------------------------------------------------------
          Rank    ID     ln(Zx)    Prob(%)  Sum Prob(%)  Del G        G            E            -TS
          ------------------------------------------------------------------------------------------
             1      1  -1256.08324  100.00   100.00      0.00       568.88       360.27       208.61
          ------------------------------------------------------------------------------------------

          --------------------------------------------------------
          Potential Energy: E = (U+W) + H.O. Equipartion energy
          --------------------------------------------------------

          ------------------------------------------------------------------------------------------
          Rank    ID         E          U+W            U        W(PBSA)          PB           SA
          ------------------------------------------------------------------------------------------
             1      1       360.27       223.45       305.91       -82.46       -88.53         6.07
          ------------------------------------------------------------------------------------------

          ----------------------------------------
          Gas Phase Internal Potential Energy: U
          ----------------------------------------

          ------------------------------------------------------------------------------------------
          Rank    ID         U         Valence     Coulomb        VdW         VdW6        VdW12
          ------------------------------------------------------------------------------------------
             1      1       305.91       151.27       183.68       -29.04      -188.80       159.76
          ------------------------------------------------------------------------------------------

          -------------------------------
          Bonded Energy Terms: Valence
          -------------------------------

          ------------------------------------------------------------------------------------------
          Rank    ID     Valence       Bond        Angle         Pdih         Idih       Tether
          ------------------------------------------------------------------------------------------
             1      1       151.27         4.66        12.50       134.11         0.00         0.00
          ------------------------------------------------------------------------------------------

          Calculating single reference conformer RMSDs ...

          ---------------------------------
          Conformer RMSDs are in Angstroms.
          ---------------------------------

          ------------------------------------------------------------------------------------------
                              RMSD wrt Input Crd                    RMSD wrt Rank 1
                         ---------------------------------------------------------------------------
          Rank    ID        Complex    Receptor  Ligand          Complex    Receptor  Ligand
          ------------------------------------------------------------------------------------------
             1      1         1.714     1.108     3.219           0.000     0.000     0.000
          ------------------------------------------------------------------------------------------

          --------------------------------
          Final Boltzmann Averaged Data.
          --------------------------------

          -------------------------------------------------------------------
          Results of Boltzmann Averaging Over All    1 Conformers (kcal/mol).
          -------------------------------------------------------------------

          Free Energy                        G             568.8818235003
          Average Potential Energy         < E >           360.2704943744
          Entropy                           -TS            208.6113291260
          -------------------------------------------------------------------

          Average Potential Energy < E > Components.

          < U >                   305.9114662487
          < W(PBSA) >             -82.4604152261
          < H.O. P.E. >           136.8191639853

          Average Solvation Energy < W(PBSA) > Components.

          < PB >                  -88.5336452755
          < SA >                    6.0732300494

          Average Gas Phase Internal Potential Energy < U > Components.

          < Valence >             151.2700583784
          < Coulomb >             183.6795362509
          < VdW >                 -29.0381283805

          Average Van der Waals Energy < VdW > Components.

          < VdW6  >              -188.7982160394
          < VdW12 >               159.7600876589

          Average Bonded Energy < Valence > Components.

          < Bond >                  4.6593124405
          < Angle >                12.4999232727
          < Pdihed >              134.1108226651
          < Idihed >                0.0000000000
          < Tether >                0.0000000000

          -------------------------------------------------------------------
                        End of feprocess Calculation Results Summary.
          -------------------------------------------------------------------


     Total cpu time for run         46.48 seconds.
                                     0.77 minutes.

     Total wall time for run        23.00 seconds.
                                     0.38 minutes.

     TIME STAMP: VCPack job finished normally : Saturday, August 06, 2022 at 17:09:58
