
     --------------------------------------------------------------------------------
                        Running Program VCPack. Version 2.8

                           VeraChem LLC, PO Box 2206
                           Germantown, MD 20875, U.S.A.

                                Tel. 240-686-0565
                                www.verachem.com
     --------------------------------------------------------------------------------


     Input file          :   CD_guest-s16_fast_vm2_single.inp

     Output file         :   CD_guest-s16_fast_vm2_single.out

     Summary output file :   CD_guest-s16_fast_vm2_single.summary.out

     Executable : /data/comblab/vcCompChem_3b/exe/VC_CompChemPackage_mpi_openmp.exe

     Build date : Aug 13 2021  17:26:49

     This is a multiple processor run.

     MPI processes              :   16
     OpenMP threads per process :   16
     CUDA enabled               :  no

     TIME STAMP: VCPack job started : Saturday, August 06, 2022 at 17:09:39

     --------------------------------------------------------------------------------
                            Basic Calculation Control.
     --------------------------------------------------------------------------------

     Molecular system type                :  host+ligand     

     Calculation type                     :  feprocess       

     Energy potential                     :  mm              

     Post-processing type                 :  none            

     Post-processing energy potential     :  none            

     Time limit in wall clock hours       :  96.00

     Read in starting conformers          :  no
     Type of conformers to read in        :  none
     Conformer source files(s)            :  none

     Use input .crd for complex build     :  no
     Place ligand confs. at input .crd    :  no
     Use input .crd as start conformer    :  yes

     Formatted output files               :  xyz     
                                          :  pdb     
                                          :  mol2    
                                          :  sdf     
                                          :  xyz     
                                          :  gms     
                                          :  csv     

     Split formatted output files         :  crd     

     Limit conformers in formatted files  :  bycount
     Maximum conformer count              :  1000

     Atoms to include in formatted files  :  all     

     Binary file restart type             :  none


     --------------------------------------------------------------------------------
                            Math Related Control and Set Up.
     --------------------------------------------------------------------------------

     Random number generator seeds :  bywallclock

     Seed 1 :           6907876
     Seed 2 :            618893
     Seed 3 :               706
     Seed 4 :             28279


     --------------------------------------------------------------------------------
                            Basic Molecular System Set Up.
     --------------------------------------------------------------------------------

     ----------------
     Host Data Files.
     ----------------

     Standard crd coordinate file            :  CD.crd
     VeraChem topology file                  :  CD.top
     Standard mol/sdf file                   :  CD.mol

     Total number of host atoms              :       126

     ------------------
     Ligand Data Files.
     ------------------

     Standard crd coordinate file            :  guest-s16.crd
     VeraChem topology file                  :  guest-s16.top
     Standard mol/sdf file                   :  guest-s16.mol

     Total number of ligand atoms            :        13

     Included in this calculation.
     Number of real and live ligand atoms    :        13
     Number of real but fixed ligand atoms   :         0

     Ligand placement method                 :  byreceptorcog

     NOTE: The placement of the ligand redefines the ligand .crd input coordinates.

     Snap ligand to template atoms           :      no

     -------------------------------
     Final Real/Live Set Atom Count.
     -------------------------------

     Total number of real atoms              :       139
     Total number of live atoms              :       139


     --------------------------------------------------------------------------------
                            Generate Initial Molecular Conformation.
     --------------------------------------------------------------------------------

     Mandatory input crd file(s) used for generation of a single starting conformer.


     --------------------------------------------------------------------------------
                             Energy Potential Settings.
     --------------------------------------------------------------------------------


     Molecular Mechanics package          :  vchem           

     Quantum Mechanics package            :  none            


     --------------------------------------------------------------------------------
                       Running VfreeE Module. Version 2.8
     --------------------------------------------------------------------------------

          --------------------------------
          Final Individual Conformer Data.
          --------------------------------

          List data for conformers with probability of at least :  0.01 %
          Rankings are with respect to : Free Energy (G)

          ------------------------
          Free Energy: G = E - TS
          ------------------------

          ------------------------------------------------------------------------------------------
          Rank    ID     ln(Zx)    Prob(%)  Sum Prob(%)  Del G        G            E            -TS
          ------------------------------------------------------------------------------------------
             1      1  -1204.80805  100.00   100.00      0.00       546.95       369.03       177.91
          ------------------------------------------------------------------------------------------

          --------------------------------------------------------
          Potential Energy: E = (U+W) + H.O. Equipartion energy
          --------------------------------------------------------

          ------------------------------------------------------------------------------------------
          Rank    ID         E          U+W            U        W(PBSA)          PB           SA
          ------------------------------------------------------------------------------------------
             1      1       369.03       246.52       282.89       -36.36       -42.39         6.02
          ------------------------------------------------------------------------------------------

          ----------------------------------------
          Gas Phase Internal Potential Energy: U
          ----------------------------------------

          ------------------------------------------------------------------------------------------
          Rank    ID         U         Valence     Coulomb        VdW         VdW6        VdW12
          ------------------------------------------------------------------------------------------
             1      1       282.89       153.19       150.36       -20.67      -168.29       147.62
          ------------------------------------------------------------------------------------------

          -------------------------------
          Bonded Energy Terms: Valence
          -------------------------------

          ------------------------------------------------------------------------------------------
          Rank    ID     Valence       Bond        Angle         Pdih         Idih       Tether
          ------------------------------------------------------------------------------------------
             1      1       153.19         4.63        12.25       136.31         0.00         0.00
          ------------------------------------------------------------------------------------------

          Calculating single reference conformer RMSDs ...

          ---------------------------------
          Conformer RMSDs are in Angstroms.
          ---------------------------------

          ------------------------------------------------------------------------------------------
                              RMSD wrt Input Crd                    RMSD wrt Rank 1
                         ---------------------------------------------------------------------------
          Rank    ID        Complex    Receptor  Ligand          Complex    Receptor  Ligand
          ------------------------------------------------------------------------------------------
             1      1         1.124     0.923     2.291           0.000     0.000     0.000
          ------------------------------------------------------------------------------------------

          --------------------------------
          Final Boltzmann Averaged Data.
          --------------------------------

          -------------------------------------------------------------------
          Results of Boltzmann Averaging Over All    1 Conformers (kcal/mol).
          -------------------------------------------------------------------

          Free Energy                        G             546.9450659574
          Average Potential Energy         < E >           369.0341707650
          Entropy                           -TS            177.9108951924
          -------------------------------------------------------------------

          Average Potential Energy < E > Components.

          < U >                   282.8863189692
          < W(PBSA) >             -36.3634305974
          < H.O. P.E. >           122.5112775555

          Average Solvation Energy < W(PBSA) > Components.

          < PB >                  -42.3862636754
          < SA >                    6.0228330780

          Average Gas Phase Internal Potential Energy < U > Components.

          < Valence >             153.1943954258
          < Coulomb >             150.3609860972
          < VdW >                 -20.6690625539

          Average Van der Waals Energy < VdW > Components.

          < VdW6  >              -168.2920392177
          < VdW12 >               147.6229766639

          Average Bonded Energy < Valence > Components.

          < Bond >                  4.6291119702
          < Angle >                12.2510896934
          < Pdihed >              136.3141937622
          < Idihed >                0.0000000000
          < Tether >                0.0000000000

          -------------------------------------------------------------------
                        End of feprocess Calculation Results Summary.
          -------------------------------------------------------------------


     Total cpu time for run         57.30 seconds.
                                     0.95 minutes.

     Total wall time for run        25.54 seconds.
                                     0.43 minutes.

     TIME STAMP: VCPack job finished normally : Saturday, August 06, 2022 at 17:10:04
