
     --------------------------------------------------------------------------------
                        Running Program VCPack. Version 2.8

                           VeraChem LLC, PO Box 2206
                           Germantown, MD 20875, U.S.A.

                                Tel. 240-686-0565
                                www.verachem.com
     --------------------------------------------------------------------------------


     Input file          :   guest-8_vm2.inp

     Output file         :   guest-8_vm2.out

     Summary output file :   guest-8_vm2.summary.out

     Executable : /data/comblab/vcCompChem_3b/exe/VC_CompChemPackage_mpi.exe

     Build date : Aug 13 2021  17:26:14

     This is a multiple processor run.

     MPI processes              :   16
     OpenMP threads per process :    0
     CUDA enabled               :  no

     TIME STAMP: VCPack job started : Sunday, August 07, 2022 at 15:49:00

     --------------------------------------------------------------------------------
                            Basic Calculation Control.
     --------------------------------------------------------------------------------

     Molecular system type                :  ligand          

     Calculation type                     :  vm2             

     Energy potential                     :  mm              

     Post-processing type                 :  none            

     Post-processing energy potential     :  none            

     Time limit in wall clock hours       :  96.00

     Read in starting conformers          :  no
     Type of conformers to read in        :  none
     Conformer source files(s)            :  none

     Use input .crd for complex build     :  no
     Place ligand confs. at input .crd    :  no
     Use input .crd as start conformer    :  yes

     Formatted output files               :  xyz     
                                          :  pdb     
                                          :  mol2    
                                          :  sdf     
                                          :  xyz     
                                          :  gms     
                                          :  csv     

     Split formatted output files         :  crd     

     Limit conformers in formatted files  :  bycount
     Maximum conformer count              :  1000

     Atoms to include in formatted files  :  all     

     Binary file restart type             :  none


     --------------------------------------------------------------------------------
                            Math Related Control and Set Up.
     --------------------------------------------------------------------------------

     Random number generator seeds :  bywallclock

     Seed 1 :           2526263
     Seed 2 :            439193
     Seed 3 :              3067
     Seed 4 :             20133


     --------------------------------------------------------------------------------
                            Basic Molecular System Set Up.
     --------------------------------------------------------------------------------

     ------------------
     Ligand Data Files.
     ------------------

     Standard crd coordinate file            :  guest-8.crd
     VeraChem topology file                  :  guest-8.top
     Standard mol/sdf file                   :  guest-8.mol

     Total number of ligand atoms            :        25

     Included in this calculation.
     Number of real and live ligand atoms    :        25
     Number of real but fixed ligand atoms   :         0

     Ligand placement method                 :  none

     Snap ligand to template atoms           :      no

     -------------------------------
     Final Real/Live Set Atom Count.
     -------------------------------

     Total number of real atoms              :        25
     Total number of live atoms              :        25


     --------------------------------------------------------------------------------
                            Generate Initial Molecular Conformation.
     --------------------------------------------------------------------------------

     Mandatory input crd file(s) used for generation of a single starting conformer.


     --------------------------------------------------------------------------------
                             Energy Potential Settings.
     --------------------------------------------------------------------------------


     Molecular Mechanics package          :  vchem           

     Quantum Mechanics package            :  none            


     --------------------------------------------------------------------------------
                    Running VM2 Mining Minima Module. Version 2.8
     --------------------------------------------------------------------------------

     Iteration    Free Energy G             G Diff            # Conformers     # Diff
        1            -8.341109              -8.341109              58              58
        2            -8.590198              -0.249090             111              53
        3            -8.597985              -0.007787             120               9
        4            -8.702808              -0.104822             160              40
        5            -8.702853              -0.000045             160               0
        6            -8.750662              -0.047809             178              18
        7            -8.774126              -0.023464             187               9
        8            -8.783566              -0.009440             195               8

     VM2 Free Energy converged after    8 iterations.

     Final VM2 Free Energy is      -8.783566 Kcal/mol.

          --------------------------------
          Final Individual Conformer Data.
          --------------------------------

          List data for conformers with probability of at least :  0.01 %
          Rankings are with respect to : Free Energy (G)

          ------------------------
          Free Energy: G = E - TS
          ------------------------

          ------------------------------------------------------------------------------------------
          Rank    ID     ln(Zx)    Prob(%)  Sum Prob(%)  Del G        G            E            -TS
          ------------------------------------------------------------------------------------------
             1    348    -36.15991   25.22    25.22      0.00        -7.96       -32.36        24.40
             2   1026    -37.59860    5.98    31.20      0.86        -7.10       -31.61        24.51
             3    755    -37.68368    5.49    36.70      0.91        -7.05       -31.56        24.51
             4    887    -37.69894    5.41    42.11      0.92        -7.04       -31.54        24.50
             5    779    -37.71303    5.34    47.44      0.93        -7.04       -31.54        24.51
             6   1030    -37.74186    5.18    52.63      0.94        -7.02       -31.52        24.51
             7   1000    -37.75253    5.13    57.76      0.95        -7.01       -31.52        24.51
             8    863    -37.75302    5.13    62.88      0.95        -7.01       -31.51        24.50
             9    195    -38.47663    2.49    65.37      1.38        -6.58       -31.29        24.71
            10     54    -38.48732    2.46    67.83      1.39        -6.57       -31.29        24.71
            11    918    -39.01661    1.45    69.28      1.70        -6.26       -30.88        24.62
            12    182    -39.05521    1.39    70.67      1.73        -6.24       -30.86        24.62
            13    879    -39.06758    1.38    72.05      1.73        -6.23       -30.84        24.62
            14    183    -39.10258    1.33    73.38      1.75        -6.21       -30.84        24.64
            15      0    -39.20917    1.20    74.57      1.82        -6.14       -31.06        24.92
            16    781    -39.21509    1.19    75.76      1.82        -6.14       -30.78        24.64
            17    576    -39.21699    1.19    76.95      1.82        -6.14       -30.69        24.55
            18   1048    -39.22349    1.18    78.13      1.83        -6.14       -30.98        24.84
            19    268    -39.24333    1.16    79.28      1.84        -6.12       -30.77        24.64
            20   1034    -39.24443    1.15    80.44      1.84        -6.12       -30.97        24.84
            21    503    -39.25941    1.14    81.57      1.85        -6.11       -30.67        24.56
            22    557    -39.26546    1.13    82.70      1.85        -6.11       -30.67        24.56
            23   1064    -39.27841    1.12    83.82      1.86        -6.10       -30.93        24.83
            24    975    -39.28937    1.10    84.92      1.87        -6.10       -30.65        24.55
            25    401    -39.36254    1.03    85.95      1.91        -6.05       -30.88        24.83
            26    153    -39.42226    0.97    86.91      1.94        -6.02       -30.82        24.80
            27    955    -39.45328    0.94    87.85      1.96        -6.00       -30.80        24.80
            28    714    -39.92725    0.58    88.43      2.25        -5.72       -30.53        24.81
            29    458    -39.94737    0.57    89.00      2.26        -5.70       -30.53        24.82
            30    943    -39.95094    0.57    89.57      2.26        -5.70       -30.52        24.82
            31   1110    -40.03078    0.53    90.10      2.31        -5.65       -30.47        24.81
            32    208    -40.03129    0.53    90.62      2.31        -5.65       -30.46        24.81
            33    523    -40.03805    0.52    91.14      2.31        -5.65       -30.47        24.82
            34    693    -40.05701    0.51    91.66      2.32        -5.64       -30.46        24.82
            35    491    -40.05821    0.51    92.17      2.32        -5.64       -30.46        24.82
            36    987    -40.05874    0.51    92.68      2.32        -5.64       -30.46        24.82
            37    931    -40.07319    0.50    93.18      2.33        -5.63       -30.44        24.81
            38    204    -40.11251    0.48    93.67      2.36        -5.61       -30.43        24.82
            39    457    -40.41084    0.36    94.03      2.53        -5.43       -30.29        24.86
            40    823    -40.41135    0.36    94.38      2.53        -5.43       -30.29        24.86
            41     84    -40.60007    0.30    94.68      2.65        -5.32       -30.25        24.93
            42   1005    -40.65938    0.28    94.96      2.68        -5.28       -30.21        24.93
            43    186    -40.66967    0.28    95.24      2.69        -5.27       -30.25        24.98
            44    711    -40.68940    0.27    95.51      2.70        -5.26       -30.24        24.98
            45    752    -40.79834    0.24    95.76      2.77        -5.20       -30.37        25.18
            46    750    -40.81965    0.24    95.99      2.78        -5.18       -30.05        24.87
            47    800    -40.88346    0.22    96.22      2.82        -5.15       -30.06        24.91
            48    191    -40.90340    0.22    96.44      2.83        -5.13       -30.28        25.14
            49    697    -40.97209    0.21    96.64      2.87        -5.09       -29.96        24.87
            50    456    -41.01096    0.20    96.84      2.89        -5.07       -29.99        24.91
            51     29    -41.01333    0.20    97.04      2.89        -5.07       -30.21        25.14
            52   1109    -41.48709    0.12    97.16      3.18        -4.79       -29.73        24.95
            53   1060    -41.53443    0.12    97.28      3.20        -4.76       -29.71        24.95
            54    453    -41.56228    0.11    97.39      3.22        -4.74       -29.70        24.96
            55    163    -41.56353    0.11    97.50      3.22        -4.74       -29.61        24.87
            56   1091    -41.60576    0.11    97.61      3.25        -4.72       -29.58        24.87
            57    278    -41.60751    0.11    97.72      3.25        -4.71       -29.59        24.87
            58    596    -41.62711    0.11    97.83      3.26        -4.70       -29.57        24.87
            59    743    -41.73826    0.10    97.92      3.33        -4.64       -29.79        25.15
            60    236    -41.77207    0.09    98.01      3.35        -4.62       -29.74        25.12
            61    864    -41.81105    0.09    98.10      3.37        -4.59       -29.75        25.15
            62    734    -41.81591    0.09    98.19      3.37        -4.59       -29.71        25.12
            63    995    -41.96069    0.08    98.27      3.46        -4.50       -29.48        24.97
            64    961    -41.97137    0.08    98.34      3.46        -4.50       -29.75        25.25
            65    247    -42.00305    0.07    98.42      3.48        -4.48       -29.38        24.90
            66   1062    -42.04251    0.07    98.49      3.51        -4.46       -29.62        25.16
            67    958    -42.06968    0.07    98.56      3.52        -4.44       -29.41        24.97
            68    956    -42.08031    0.07    98.62      3.53        -4.43       -29.68        25.25
            69    408    -42.08379    0.07    98.69      3.53        -4.43       -29.33        24.90
            70    117    -42.08811    0.07    98.76      3.53        -4.43       -29.38        24.95
            71    670    -42.10223    0.07    98.82      3.54        -4.42       -29.37        24.95
            72    563    -42.33742    0.05    98.88      3.68        -4.28       -29.28        25.00
            73    811    -42.34996    0.05    98.93      3.69        -4.27       -29.30        25.03
            74    285    -42.35125    0.05    98.98      3.69        -4.27       -29.27        25.00
            75     81    -42.38121    0.05    99.03      3.71        -4.25       -29.28        25.03
            76    934    -42.40375    0.05    99.08      3.72        -4.24       -29.02        24.78
            77   1092    -42.42646    0.05    99.13      3.74        -4.23       -29.68        25.45
            78    614    -42.47040    0.05    99.17      3.76        -4.20       -28.98        24.78
            79    537    -42.49992    0.04    99.22      3.78        -4.18       -29.63        25.45
            80    767    -42.60340    0.04    99.26      3.84        -4.12       -28.91        24.79
            81    985    -42.63476    0.04    99.30      3.86        -4.10       -28.89        24.79
            82      7    -42.64247    0.04    99.33      3.86        -4.10       -28.88        24.78
            83    720    -42.71334    0.04    99.37      3.91        -4.06       -28.83        24.77
            84   1106    -42.75766    0.03    99.40      3.93        -4.03       -28.76        24.73
            85   1082    -42.76108    0.03    99.44      3.94        -4.03       -28.76        24.74
            86    802    -42.76553    0.03    99.47      3.94        -4.02       -28.81        24.78
            87    717    -42.77810    0.03    99.51      3.95        -4.02       -28.79        24.77
            88    521    -42.78400    0.03    99.54      3.95        -4.01       -28.75        24.74
            89    251    -42.78658    0.03    99.57      3.95        -4.01       -28.75        24.73
            90    280    -43.32445    0.02    99.59      4.27        -3.69       -29.15        25.46
            91    843    -43.37471    0.02    99.61      4.30        -3.66       -29.03        25.37
            92    436    -43.39400    0.02    99.63      4.31        -3.65       -29.21        25.56
            93    724    -43.43867    0.02    99.65      4.34        -3.62       -29.00        25.37
            94    502    -43.58918    0.01    99.66      4.43        -3.53       -29.01        25.47
            95    505    -43.61695    0.01    99.68      4.45        -3.52       -28.84        25.32
            96    556    -43.65326    0.01    99.69      4.47        -3.50       -29.06        25.56
            97    517    -43.68305    0.01    99.70      4.49        -3.48       -28.80        25.32
            98    249    -43.69983    0.01    99.72      4.50        -3.47       -28.32        24.86
            99   1112    -43.71916    0.01    99.73      4.51        -3.46       -28.66        25.20
           100    726    -43.84629    0.01    99.74      4.58        -3.38       -28.38        25.00
           101    272    -43.86783    0.01    99.75      4.60        -3.37       -28.55        25.19
           102    269    -43.94229    0.01    99.76      4.64        -3.32       -28.51        25.19
           103    550    -43.94652    0.01    99.77      4.64        -3.32       -28.24        24.92
           104    539    -43.96649    0.01    99.79      4.65        -3.31       -28.12        24.81
           105   1049    -43.97350    0.01    99.80      4.66        -3.30       -28.31        25.00
           106    534    -43.97901    0.01    99.81      4.66        -3.30       -28.22        24.92
          ------------------------------------------------------------------------------------------

          --------------------------------------------------------
          Potential Energy: E = (U+W) + H.O. Equipartion energy
          --------------------------------------------------------

          ------------------------------------------------------------------------------------------
          Rank    ID         E          U+W            U        W(PBSA)          PB           SA
          ------------------------------------------------------------------------------------------
             1    348       -32.36       -52.93         5.62       -58.54       -61.06         2.52
             2   1026       -31.61       -52.18         6.58       -58.76       -61.29         2.54
             3    755       -31.56       -52.13         6.63       -58.76       -61.28         2.52
             4    887       -31.54       -52.11         6.58       -58.70       -61.20         2.50
             5    779       -31.54       -52.11         7.04       -59.15       -61.66         2.51
             6   1030       -31.52       -52.09         7.04       -59.14       -61.63         2.49
             7   1000       -31.52       -52.09         6.63       -58.72       -61.24         2.53
             8    863       -31.51       -52.08         6.58       -58.66       -61.15         2.48
             9    195       -31.29       -51.86         7.82       -59.68       -62.18         2.50
            10     54       -31.29       -51.85         7.82       -59.67       -62.16         2.49
            11    918       -30.88       -51.44         7.70       -59.14       -61.61         2.47
            12    182       -30.86       -51.42         7.65       -59.07       -61.56         2.49
            13    879       -30.84       -51.41         7.70       -59.11       -61.60         2.49
            14    183       -30.84       -51.41         7.39       -58.80       -61.27         2.47
            15      0       -31.06       -51.63         6.59       -58.22       -60.76         2.54
            16    781       -30.78       -51.35         7.84       -59.19       -61.68         2.49
            17    576       -30.69       -51.26         7.51       -58.76       -61.24         2.48
            18   1048       -30.98       -51.55         8.11       -59.66       -62.13         2.47
            19    268       -30.77       -51.33         7.84       -59.17       -61.67         2.50
            20   1034       -30.97       -51.54         8.11       -59.65       -62.10         2.45
            21    503       -30.67       -51.24         7.81       -59.05       -61.53         2.48
            22    557       -30.67       -51.24         7.81       -59.04       -61.53         2.49
            23   1064       -30.93       -51.50         8.13       -59.63       -62.10         2.47
            24    975       -30.65       -51.21         7.51       -58.72       -61.24         2.52
            25    401       -30.88       -51.45         8.13       -59.58       -62.03         2.45
            26    153       -30.82       -51.39         7.57       -58.95       -61.39         2.44
            27    955       -30.80       -51.37         7.57       -58.93       -61.40         2.46
            28    714       -30.53       -51.10         8.90       -60.00       -62.48         2.48
            29    458       -30.53       -51.09         8.78       -59.88       -62.36         2.48
            30    943       -30.52       -51.09         8.38       -59.47       -61.94         2.48
            31   1110       -30.47       -51.04         8.90       -59.94       -62.42         2.48
            32    208       -30.46       -51.03         9.00       -60.03       -62.53         2.50
            33    523       -30.47       -51.04         8.78       -59.82       -62.30         2.48
            34    693       -30.46       -51.03         9.23       -60.26       -62.74         2.48
            35    491       -30.46       -51.03         9.23       -60.26       -62.75         2.49
            36    987       -30.46       -51.03         8.38       -59.40       -61.87         2.47
            37    931       -30.44       -51.01         9.00       -60.01       -62.48         2.48
            38    204       -30.43       -50.99         8.63       -59.63       -62.12         2.49
            39    457       -30.29       -50.86         9.44       -60.30       -62.76         2.46
            40    823       -30.29       -50.86         9.44       -60.30       -62.77         2.47
            41     84       -30.25       -50.82         8.42       -59.23       -61.65         2.42
            42   1005       -30.21       -50.78         8.42       -59.20       -61.63         2.43
            43    186       -30.25       -50.82         8.96       -59.78       -62.19         2.41
            44    711       -30.24       -50.81         8.96       -59.76       -62.19         2.42
            45    752       -30.37       -50.94         8.90       -59.84       -62.24         2.41
            46    750       -30.05       -50.62         8.47       -59.09       -61.53         2.44
            47    800       -30.06       -50.63         8.77       -59.40       -61.85         2.45
            48    191       -30.28       -50.85         8.65       -59.49       -61.92         2.43
            49    697       -29.96       -50.53         8.47       -59.00       -61.45         2.45
            50    456       -29.99       -50.55         8.77       -59.33       -61.79         2.47
            51     29       -30.21       -50.78         8.65       -59.43       -61.87         2.44
            52   1109       -29.73       -50.30         9.53       -59.83       -62.31         2.48
            53   1060       -29.71       -50.27         9.53       -59.80       -62.27         2.46
            54    453       -29.70       -50.27         9.32       -59.59       -62.04         2.46
            55    163       -29.61       -50.18         9.76       -59.94       -62.39         2.45
            56   1091       -29.58       -50.15         9.76       -59.91       -62.38         2.47
            57    278       -29.59       -50.15         9.42       -59.57       -62.04         2.47
            58    596       -29.57       -50.14         9.42       -59.56       -62.02         2.46
            59    743       -29.79       -50.36         9.26       -59.62       -62.09         2.47
            60    236       -29.74       -50.31        10.40       -60.71       -63.15         2.44
            61    864       -29.75       -50.31         9.26       -59.58       -62.03         2.46
            62    734       -29.71       -50.28        10.40       -60.68       -63.13         2.45
            63    995       -29.48       -50.04        10.31       -60.36       -62.82         2.46
            64    961       -29.75       -50.32         9.77       -60.09       -62.54         2.45
            65    247       -29.38       -49.94        10.27       -60.22       -62.64         2.42
            66   1062       -29.62       -50.18        10.37       -60.56       -62.97         2.41
            67    958       -29.41       -49.98        10.31       -60.29       -62.74         2.45
            68    956       -29.68       -50.25         9.77       -60.02       -62.44         2.42
            69    408       -29.33       -49.90        10.27       -60.17       -62.62         2.45
            70    117       -29.38       -49.95        10.72       -60.67       -63.10         2.43
            71    670       -29.37       -49.94        10.72       -60.66       -63.09         2.43
            72    563       -29.28       -49.85        10.63       -60.48       -62.90         2.43
            73    811       -29.30       -49.87        10.90       -60.77       -63.22         2.45
            74    285       -29.27       -49.84        10.63       -60.47       -62.87         2.40
            75     81       -29.28       -49.85        10.90       -60.75       -63.22         2.47
            76    934       -29.02       -49.59        10.02       -59.61       -62.07         2.46
            77   1092       -29.68       -50.24         9.32       -59.57       -61.97         2.40
            78    614       -28.98       -49.55        10.02       -59.57       -62.02         2.45
            79    537       -29.63       -50.20         9.32       -59.52       -61.90         2.38
            80    767       -28.91       -49.48        10.34       -59.82       -62.26         2.44
            81    985       -28.89       -49.46        10.34       -59.80       -62.24         2.44
            82      7       -28.88       -49.45        10.48       -59.93       -62.37         2.45
            83    720       -28.83       -49.40        10.17       -59.57       -62.03         2.46
            84   1106       -28.76       -49.33         9.71       -59.04       -61.49         2.46
            85   1082       -28.76       -49.33         9.74       -59.07       -61.52         2.45
            86    802       -28.81       -49.37        10.48       -59.85       -62.31         2.46
            87    717       -28.79       -49.36        10.17       -59.53       -62.00         2.47
            88    521       -28.75       -49.32         9.74       -59.06       -61.49         2.43
            89    251       -28.75       -49.31         9.71       -59.02       -61.48         2.46
            90    280       -29.15       -49.72        10.17       -59.89       -62.28         2.39
            91    843       -29.03       -49.60        10.96       -60.56       -62.94         2.37
            92    436       -29.21       -49.78        10.24       -60.02       -62.39         2.37
            93    724       -29.00       -49.56        10.96       -60.52       -62.91         2.39
            94    502       -29.01       -49.58        11.22       -60.79       -63.16         2.37
            95    505       -28.84       -49.41        10.88       -60.29       -62.68         2.39
            96    556       -29.06       -49.63        10.24       -59.87       -62.25         2.38
            97    517       -28.80       -49.37        10.88       -60.25       -62.65         2.40
            98    249       -28.32       -48.89        11.04       -59.93       -62.33         2.40
            99   1112       -28.66       -49.23        11.04       -60.26       -62.66         2.40
           100    726       -28.38       -48.95        11.42       -60.37       -62.80         2.42
           101    272       -28.55       -49.12        11.40       -60.52       -62.95         2.42
           102    269       -28.51       -49.08        11.40       -60.48       -62.90         2.42
           103    550       -28.24       -48.81        10.71       -59.52       -61.96         2.44
           104    539       -28.12       -48.69        10.66       -59.35       -61.76         2.41
           105   1049       -28.31       -48.88        11.42       -60.30       -62.74         2.44
           106    534       -28.22       -48.79        10.71       -59.50       -61.91         2.41
          ------------------------------------------------------------------------------------------

          ----------------------------------------
          Gas Phase Internal Potential Energy: U
          ----------------------------------------

          ------------------------------------------------------------------------------------------
          Rank    ID         U         Valence     Coulomb        VdW         VdW6        VdW12
          ------------------------------------------------------------------------------------------
             1    348         5.62         7.53        -2.82         0.90        -7.64         8.54
             2   1026         6.58         8.05        -2.49         1.01        -8.34         9.35
             3    755         6.63         8.03        -2.44         1.04        -8.26         9.30
             4    887         6.58         8.07        -2.52         1.03        -8.30         9.34
             5    779         7.04         8.06        -2.03         1.01        -8.35         9.35
             6   1030         7.04         8.06        -2.03         1.01        -8.35         9.35
             7   1000         6.63         8.03        -2.44         1.04        -8.26         9.30
             8    863         6.58         8.07        -2.52         1.03        -8.30         9.34
             9    195         7.82         7.78        -0.71         0.74        -8.51         9.26
            10     54         7.82         7.78        -0.71         0.74        -8.51         9.26
            11    918         7.70         8.55        -1.99         1.14        -8.99        10.13
            12    182         7.65         8.55        -2.03         1.14        -8.97        10.11
            13    879         7.70         8.55        -1.99         1.14        -8.99        10.13
            14    183         7.39         8.56        -2.28         1.11        -9.03        10.14
            15      0         6.59         8.03        -2.89         1.45        -7.93         9.38
            16    781         7.84         8.54        -1.81         1.11        -8.99        10.10
            17    576         7.51         8.67        -2.36         1.19        -8.93        10.12
            18   1048         8.11         8.49        -1.26         0.89        -9.45        10.33
            19    268         7.84         8.54        -1.81         1.11        -8.99        10.10
            20   1034         8.11         8.49        -1.26         0.89        -9.45        10.33
            21    503         7.81         8.64        -2.03         1.19        -8.89        10.08
            22    557         7.81         8.64        -2.03         1.19        -8.89        10.08
            23   1064         8.13         8.51        -1.30         0.92        -9.37        10.29
            24    975         7.51         8.67        -2.36         1.19        -8.93        10.12
            25    401         8.13         8.51        -1.30         0.92        -9.37        10.29
            26    153         7.57         8.48        -1.91         1.00        -9.21        10.20
            27    955         7.57         8.48        -1.91         1.00        -9.21        10.20
            28    714         8.90         8.31        -0.22         0.82        -9.24        10.06
            29    458         8.78         8.29        -0.38         0.88        -9.13        10.01
            30    943         8.38         8.36        -0.89         0.91        -9.16        10.07
            31   1110         8.90         8.31        -0.22         0.82        -9.24        10.06
            32    208         9.00         8.32        -0.18         0.85        -9.20        10.05
            33    523         8.78         8.29        -0.38         0.88        -9.13        10.01
            34    693         9.23         8.32         0.07         0.84        -9.23        10.07
            35    491         9.23         8.32         0.07         0.84        -9.23        10.07
            36    987         8.38         8.36        -0.89         0.91        -9.16        10.07
            37    931         9.00         8.32        -0.17         0.85        -9.20        10.05
            38    204         8.63         8.29        -0.53         0.88        -9.13        10.01
            39    457         9.44         8.29         0.53         0.62        -9.56        10.19
            40    823         9.44         8.29         0.53         0.62        -9.56        10.19
            41     84         8.42         8.96        -1.58         1.04       -10.00        11.04
            42   1005         8.42         8.96        -1.58         1.04       -10.00        11.04
            43    186         8.96         8.95        -0.94         0.95       -10.18        11.13
            44    711         8.96         8.95        -0.94         0.95       -10.18        11.13
            45    752         8.90         8.93        -0.85         0.81       -10.41        11.22
            46    750         8.47         9.08        -1.77         1.17        -9.83        11.00
            47    800         8.77         9.06        -1.37         1.08        -9.99        11.07
            48    191         8.65         8.92        -1.17         0.89       -10.22        11.12
            49    697         8.47         9.08        -1.77         1.17        -9.83        11.00
            50    456         8.77         9.06        -1.37         1.08        -9.99        11.07
            51     29         8.65         8.92        -1.17         0.89       -10.22        11.12
            52   1109         9.53         8.78        -0.18         0.93        -9.87        10.80
            53   1060         9.53         8.78        -0.18         0.93        -9.87        10.80
            54    453         9.32         8.83        -0.52         1.01        -9.81        10.82
            55    163         9.76         8.88        -0.12         1.00        -9.78        10.79
            56   1091         9.76         8.88        -0.12         1.00        -9.78        10.78
            57    278         9.42         8.94        -0.61         1.09        -9.71        10.80
            58    596         9.42         8.94        -0.61         1.09        -9.71        10.80
            59    743         9.26         8.80        -0.37         0.84       -10.17        11.01
            60    236        10.40         8.74         0.89         0.77       -10.16        10.94
            61    864         9.26         8.80        -0.38         0.84       -10.17        11.01
            62    734        10.40         8.74         0.89         0.77       -10.16        10.94
            63    995        10.31         8.80         0.78         0.74       -10.19        10.93
            64    961         9.77         8.74         0.48         0.55       -10.63        11.18
            65    247        10.27         8.91         0.55         0.81       -10.14        10.94
            66   1062        10.37         8.73         0.99         0.65       -10.41        11.06
            67    958        10.31         8.80         0.78         0.74       -10.19        10.93
            68    956         9.77         8.74         0.48         0.55       -10.63        11.18
            69    408        10.27         8.91         0.55         0.81       -10.14        10.94
            70    117        10.72         8.80         1.20         0.72       -10.23        10.95
            71    670        10.72         8.80         1.20         0.72       -10.23        10.95
            72    563        10.63         8.79         1.20         0.65       -10.38        11.03
            73    811        10.90         9.44         0.78         0.68       -10.01        10.69
            74    285        10.63         8.79         1.20         0.65       -10.38        11.03
            75     81        10.90         9.44         0.78         0.68       -10.01        10.69
            76    934        10.02        10.52        -1.44         0.93        -9.40        10.33
            77   1092         9.32         9.36        -0.85         0.82       -11.21        12.03
            78    614        10.02        10.52        -1.44         0.93        -9.40        10.33
            79    537         9.32         9.36        -0.85         0.82       -11.21        12.02
            80    767        10.34        10.53        -1.07         0.88        -9.46        10.34
            81    985        10.34        10.53        -1.07         0.88        -9.46        10.34
            82      7        10.48        10.55        -0.99         0.92        -9.37        10.29
            83    720        10.17        10.55        -1.32         0.94        -9.36        10.29
            84   1106         9.71        10.53        -1.84         1.02        -9.20        10.22
            85   1082         9.74        10.51        -1.76         0.99        -9.21        10.20
            86    802        10.48        10.55        -0.99         0.92        -9.37        10.29
            87    717        10.17        10.55        -1.32         0.94        -9.36        10.29
            88    521         9.74        10.51        -1.76         0.99        -9.21        10.20
            89    251         9.71        10.53        -1.84         1.02        -9.20        10.22
            90    280        10.17         9.22         0.15         0.80       -11.03        11.83
            91    843        10.96         9.20         1.17         0.59       -11.37        11.96
            92    436        10.24         9.19         0.54         0.51       -11.54        12.05
            93    724        10.96         9.20         1.17         0.59       -11.37        11.96
            94    502        11.22         9.15         1.47         0.60       -11.29        11.89
            95    505        10.88         9.32         0.83         0.73       -11.18        11.91
            96    556        10.24         9.19         0.54         0.51       -11.54        12.05
            97    517        10.88         9.32         0.83         0.73       -11.18        11.91
            98    249        11.04        11.02        -0.98         1.00       -10.12        11.12
            99   1112        11.04         9.32         0.93         0.78       -11.03        11.81
           100    726        11.42        10.14         0.37         0.92       -10.48        11.40
           101    272        11.40         9.92         0.70         0.78       -10.72        11.49
           102    269        11.40         9.92         0.70         0.78       -10.72        11.49
           103    550        10.71        11.06        -1.44         1.09        -9.99        11.08
           104    539        10.66        11.01        -1.40         1.05        -9.99        11.04
           105   1049        11.42        10.14         0.37         0.92       -10.48        11.40
           106    534        10.71        11.06        -1.44         1.09        -9.99        11.08
          ------------------------------------------------------------------------------------------

          -------------------------------
          Bonded Energy Terms: Valence
          -------------------------------

          ------------------------------------------------------------------------------------------
          Rank    ID     Valence       Bond        Angle         Pdih         Idih       Tether
          ------------------------------------------------------------------------------------------
             1    348         7.53         0.12         2.27         5.14         0.00         0.00
             2   1026         8.05         0.16         2.51         5.38         0.00         0.00
             3    755         8.03         0.15         2.50         5.39         0.00         0.00
             4    887         8.07         0.15         2.52         5.40         0.00         0.00
             5    779         8.06         0.15         2.52         5.39         0.00         0.00
             6   1030         8.06         0.15         2.52         5.39         0.00         0.00
             7   1000         8.03         0.15         2.50         5.39         0.00         0.00
             8    863         8.07         0.15         2.52         5.40         0.00         0.00
             9    195         7.78         0.14         2.43         5.22         0.00         0.00
            10     54         7.78         0.14         2.43         5.22         0.00         0.00
            11    918         8.55         0.19         2.74         5.62         0.00         0.00
            12    182         8.55         0.19         2.74         5.62         0.00         0.00
            13    879         8.55         0.19         2.74         5.62         0.00         0.00
            14    183         8.56         0.19         2.72         5.65         0.00         0.00
            15      0         8.03         0.15         2.73         5.15         0.00         0.00
            16    781         8.54         0.18         2.70         5.65         0.00         0.00
            17    576         8.67         0.20         2.82         5.65         0.00         0.00
            18   1048         8.49         0.20         2.91         5.37         0.00         0.00
            19    268         8.54         0.18         2.70         5.65         0.00         0.00
            20   1034         8.49         0.20         2.91         5.37         0.00         0.00
            21    503         8.64         0.19         2.80         5.66         0.00         0.00
            22    557         8.64         0.19         2.80         5.66         0.00         0.00
            23   1064         8.51         0.19         2.93         5.38         0.00         0.00
            24    975         8.67         0.20         2.82         5.65         0.00         0.00
            25    401         8.51         0.19         2.93         5.38         0.00         0.00
            26    153         8.48         0.19         2.90         5.39         0.00         0.00
            27    955         8.48         0.19         2.90         5.39         0.00         0.00
            28    714         8.31         0.17         2.66         5.47         0.00         0.00
            29    458         8.29         0.17         2.66         5.46         0.00         0.00
            30    943         8.36         0.18         2.70         5.48         0.00         0.00
            31   1110         8.31         0.17         2.66         5.47         0.00         0.00
            32    208         8.32         0.17         2.68         5.47         0.00         0.00
            33    523         8.29         0.17         2.66         5.46         0.00         0.00
            34    693         8.32         0.17         2.68         5.47         0.00         0.00
            35    491         8.32         0.17         2.68         5.47         0.00         0.00
            36    987         8.36         0.18         2.70         5.48         0.00         0.00
            37    931         8.32         0.17         2.68         5.47         0.00         0.00
            38    204         8.29         0.17         2.66         5.46         0.00         0.00
            39    457         8.29         0.18         2.77         5.33         0.00         0.00
            40    823         8.29         0.18         2.77         5.33         0.00         0.00
            41     84         8.96         0.23         3.08         5.65         0.00         0.00
            42   1005         8.96         0.23         3.08         5.65         0.00         0.00
            43    186         8.95         0.23         3.08         5.64         0.00         0.00
            44    711         8.95         0.23         3.08         5.64         0.00         0.00
            45    752         8.93         0.24         3.24         5.45         0.00         0.00
            46    750         9.08         0.24         3.22         5.61         0.00         0.00
            47    800         9.06         0.24         3.22         5.60         0.00         0.00
            48    191         8.92         0.23         3.23         5.46         0.00         0.00
            49    697         9.08         0.24         3.22         5.61         0.00         0.00
            50    456         9.06         0.24         3.22         5.60         0.00         0.00
            51     29         8.92         0.23         3.23         5.46         0.00         0.00
            52   1109         8.78         0.20         2.85         5.73         0.00         0.00
            53   1060         8.78         0.20         2.85         5.73         0.00         0.00
            54    453         8.83         0.21         2.88         5.74         0.00         0.00
            55    163         8.88         0.21         2.94         5.73         0.00         0.00
            56   1091         8.88         0.21         2.94         5.73         0.00         0.00
            57    278         8.94         0.22         2.98         5.74         0.00         0.00
            58    596         8.94         0.22         2.98         5.74         0.00         0.00
            59    743         8.80         0.22         3.13         5.45         0.00         0.00
            60    236         8.74         0.21         3.06         5.47         0.00         0.00
            61    864         8.80         0.22         3.13         5.45         0.00         0.00
            62    734         8.74         0.21         3.06         5.47         0.00         0.00
            63    995         8.80         0.22         3.00         5.58         0.00         0.00
            64    961         8.74         0.23         3.15         5.36         0.00         0.00
            65    247         8.91         0.23         3.10         5.58         0.00         0.00
            66   1062         8.73         0.21         3.07         5.45         0.00         0.00
            67    958         8.80         0.22         3.00         5.58         0.00         0.00
            68    956         8.74         0.23         3.15         5.36         0.00         0.00
            69    408         8.91         0.23         3.10         5.58         0.00         0.00
            70    117         8.80         0.22         3.00         5.58         0.00         0.00
            71    670         8.80         0.22         3.00         5.58         0.00         0.00
            72    563         8.79         0.22         2.96         5.61         0.00         0.00
            73    811         9.44         0.20         3.20         6.04         0.01         0.00
            74    285         8.79         0.22         2.96         5.61         0.00         0.00
            75     81         9.44         0.20         3.20         6.04         0.01         0.00
            76    934        10.52         0.20         2.99         7.33         0.00         0.00
            77   1092         9.36         0.28         3.55         5.53         0.00         0.00
            78    614        10.52         0.20         2.99         7.33         0.00         0.00
            79    537         9.36         0.28         3.55         5.54         0.00         0.00
            80    767        10.53         0.21         3.01         7.31         0.00         0.00
            81    985        10.53         0.21         3.01         7.31         0.00         0.00
            82      7        10.55         0.19         2.99         7.37         0.00         0.00
            83    720        10.55         0.19         3.00         7.36         0.00         0.00
            84   1106        10.53         0.19         3.01         7.33         0.00         0.00
            85   1082        10.51         0.19         2.98         7.33         0.00         0.00
            86    802        10.55         0.19         2.99         7.37         0.00         0.00
            87    717        10.55         0.19         3.00         7.36         0.00         0.00
            88    521        10.51         0.19         2.98         7.33         0.00         0.00
            89    251        10.53         0.19         3.01         7.33         0.00         0.00
            90    280         9.22         0.26         3.42         5.54         0.00         0.00
            91    843         9.20         0.26         3.32         5.62         0.00         0.00
            92    436         9.19         0.27         3.48         5.44         0.00         0.00
            93    724         9.20         0.26         3.32         5.62         0.00         0.00
            94    502         9.15         0.25         3.36         5.53         0.00         0.00
            95    505         9.32         0.27         3.46         5.59         0.00         0.00
            96    556         9.19         0.27         3.48         5.44         0.00         0.00
            97    517         9.32         0.27         3.46         5.59         0.00         0.00
            98    249        11.02         0.24         3.22         7.56         0.00         0.00
            99   1112         9.32         0.27         3.52         5.54         0.00         0.00
           100    726        10.14         0.24         3.54         6.35         0.01         0.00
           101    272         9.92         0.23         3.37         6.30         0.01         0.00
           102    269         9.92         0.23         3.37         6.30         0.01         0.00
           103    550        11.06         0.23         3.17         7.66         0.00         0.00
           104    539        11.01         0.24         3.23         7.54         0.00         0.00
           105   1049        10.14         0.24         3.54         6.35         0.01         0.00
           106    534        11.06         0.23         3.17         7.66         0.00         0.00
          ------------------------------------------------------------------------------------------

          Calculating single reference conformer RMSDs ...

          ---------------------------------
          Conformer RMSDs are in Angstroms.
          ---------------------------------

          ------------------------------------------------------------------------------------------
                              RMSD wrt Input Crd                    RMSD wrt Rank 1
                         ---------------------------------------------------------------------------
          Rank    ID        Complex    Receptor  Ligand          Complex    Receptor  Ligand
          ------------------------------------------------------------------------------------------
             1    348                             2.120                               0.000
             2   1026                             1.972                               1.445
             3    755                             2.207                               1.464
             4    887                             2.139                               0.653
             5    779                             1.739                               1.725
             6   1030                             1.691                               1.342
             7   1000                             1.307                               0.864
             8    863                             1.588                               0.653
             9    195                             2.535                               2.059
            10     54                             3.080                               3.314
            11    918                             1.548                               1.645
            12    182                             1.332                               2.237
            13    879                             1.628                               2.401
            14    183                             1.476                               1.277
            15      0                             0.024                               2.083
            16    781                             1.642                               1.242
            17    576                             1.454                               1.586
            18   1048                             2.657                               2.080
            19    268                             2.432                               2.338
            20   1034                             2.058                               2.945
            21    503                             2.468                               1.902
            22    557                             2.413                               2.037
            23   1064                             2.745                               2.057
            24    975                             1.393                               0.612
            25    401                             2.009                               1.714
            26    153                             1.326                               1.212
            27    955                             1.594                               1.330
            28    714                             2.326                               1.909
            29    458                             2.014                               1.717
            30    943                             2.159                               0.666
            31   1110                             2.507                               3.064
            32    208                             2.252                               2.439
            33    523                             2.409                               1.845
            34    693                             2.481                               2.439
            35    491                             2.910                               2.927
            36    987                             1.532                               0.666
            37    931                             2.904                               2.753
            38    204                             2.360                               1.693
            39    457                             2.611                               2.930
            40    823                             2.319                               2.796
            41     84                             1.421                               1.548
            42   1005                             1.611                               1.550
            43    186                             2.568                               2.066
            44    711                             2.624                               2.188
            45    752                             2.055                               2.403
            46    750                             1.350                               1.113
            47    800                             1.656                               2.523
            48    191                             1.789                               1.549
            49    697                             1.262                               1.199
            50    456                             1.618                               2.124
            51     29                             1.792                               1.668
            52   1109                             2.108                               2.533
            53   1060                             2.041                               1.582
            54    453                             1.976                               1.095
            55    163                             2.251                               1.650
            56   1091                             2.330                               1.478
            57    278                             2.534                               2.367
            58    596                             2.138                               0.785
            59    743                             1.639                               1.813
            60    236                             3.028                               2.821
            61    864                             1.986                               1.303
            62    734                             2.233                               2.544
            63    995                             2.356                               2.662
            64    961                             2.387                               2.171
            65    247                             2.046                               2.745
            66   1062                             2.000                               2.005
            67    958                             2.338                               2.613
            68    956                             2.016                               2.658
            69    408                             2.308                               2.413
            70    117                             2.588                               2.782
            71    670                             2.548                               2.749
            72    563                             2.603                               3.063
            73    811                             2.549                               3.089
            74    285                             2.526                               3.026
            75     81                             2.934                               2.914
            76    934                             2.483                               1.966
            77   1092                             1.896                               2.651
            78    614                             2.980                               2.225
            79    537                             1.845                               1.671
            80    767                             2.694                               2.244
            81    985                             2.331                               2.930
            82      7                             2.233                               1.848
            83    720                             2.092                               1.736
            84   1106                             2.126                               1.315
            85   1082                             1.477                               1.330
            86    802                             2.270                               1.920
            87    717                             1.944                               1.927
            88    521                             1.592                               1.224
            89    251                             1.270                               1.571
            90    280                             2.504                               2.377
            91    843                             2.593                               2.268
            92    436                             2.051                               2.068
            93    724                             2.523                               2.309
            94    502                             2.927                               2.610
            95    505                             2.206                               2.751
            96    556                             2.172                               2.137
            97    517                             3.020                               2.133
            98    249                             1.949                               2.585
            99   1112                             2.831                               2.618
           100    726                             2.285                               2.653
           101    272                             2.615                               2.952
           102    269                             2.526                               2.955
           103    550                             2.839                               2.111
           104    539                             1.649                               1.661
           105   1049                             3.046                               2.980
           106    534                             1.758                               2.867
          ------------------------------------------------------------------------------------------

          --------------------------------
          Final Boltzmann Averaged Data.
          --------------------------------

          -------------------------------------------------------------------
          Results of Boltzmann Averaging Over All  195 Conformers (kcal/mol).
          -------------------------------------------------------------------

          Free Energy                        G              -8.7835664879
          Average Potential Energy         < E >           -31.4218319817
          Entropy                           -TS             22.6382654938
          -------------------------------------------------------------------

          Average Potential Energy < E > Components.

          < U >                     6.9884423225
          < W(PBSA) >             -58.9776299709
          < H.O. P.E. >            20.5675867429

          Average Solvation Energy < W(PBSA) > Components.

          < PB >                  -61.4780360527
          < SA >                    2.5004060818

          Average Gas Phase Internal Potential Energy < U > Components.

          < Valence >               8.0821303822
          < Coulomb >              -2.0703069127
          < VdW >                   0.9766188530

          Average Van der Waals Energy < VdW > Components.

          < VdW6  >                -8.4527294973
          < VdW12 >                 9.4293483503

          Average Bonded Energy < Valence > Components.

          < Bond >                  0.1542987505
          < Angle >                 2.5514915299
          < Pdihed >                5.3756322046
          < Idihed >                0.0007078973
          < Tether >                0.0000000000

          -------------------------------------------------------------------
                        End of VM2 Calculation Results Summary.
          -------------------------------------------------------------------


     Total cpu time for run         34.06 seconds.
                                     0.57 minutes.

     Total wall time for run        34.26 seconds.
                                     0.57 minutes.

     TIME STAMP: VCPack job finished normally : Sunday, August 07, 2022 at 15:49:35
