
     --------------------------------------------------------------------------------
                        Running Program VCPack. Version 2.8

                           VeraChem LLC, PO Box 2206
                           Germantown, MD 20875, U.S.A.

                                Tel. 240-686-0565
                                www.verachem.com
     --------------------------------------------------------------------------------


     Input file          :   CD_guest-s13_fast_vm2_rndm.inp

     Output file         :   CD_guest-s13_fast_vm2_rndm.out

     Summary output file :   CD_guest-s13_fast_vm2_rndm.summary.out

     Executable : /data/comblab/vcCompChem_3b/exe/VC_CompChemPackage_mpi_openmp.exe

     Build date : Aug 13 2021  17:26:49

     This is a multiple processor run.

     MPI processes              :   16
     OpenMP threads per process :   16
     CUDA enabled               :  no

     TIME STAMP: VCPack job started : Sunday, August 07, 2022 at 14:35:57

     --------------------------------------------------------------------------------
                            Basic Calculation Control.
     --------------------------------------------------------------------------------

     Molecular system type                :  host+ligand     

     Calculation type                     :  feprocess       

     Energy potential                     :  mm              

     Post-processing type                 :  none            

     Post-processing energy potential     :  none            

     Time limit in wall clock hours       :  96.00

     Type of conformers to read in        :  ligand  
     Conformer source files(s)            :  guest-s13_confgen4.xyz                            

     Use input .crd for complex build     :  no
     Place ligand confs. at input .crd    :  byconfscog
     Use input .crd as start conformer    :  yes

     Formatted output files               :  xyz     
                                          :  pdb     
                                          :  mol2    
                                          :  sdf     
                                          :  xyz     
                                          :  gms     
                                          :  csv     

     Split formatted output files         :  crd     

     Limit conformers in formatted files  :  bycount
     Maximum conformer count              :  1000

     Atoms to include in formatted files  :  all     

     Binary file restart type             :  none


     --------------------------------------------------------------------------------
                            Math Related Control and Set Up.
     --------------------------------------------------------------------------------

     Random number generator seeds :  bywallclock

     Seed 1 :           8692703
     Seed 2 :             63273
     Seed 3 :              2284
     Seed 4 :               981


     --------------------------------------------------------------------------------
                            Basic Molecular System Set Up.
     --------------------------------------------------------------------------------

     ----------------
     Host Data Files.
     ----------------

     Standard crd coordinate file            :  CD.crd
     VeraChem topology file                  :  CD.top
     Standard mol/sdf file                   :  CD.mol

     Total number of host atoms              :       126

     ------------------
     Ligand Data Files.
     ------------------

     Standard crd coordinate file            :  guest-s13.crd
     VeraChem topology file                  :  guest-s13.top
     Standard mol/sdf file                   :  guest-s13.mol

     Total number of ligand atoms            :        26

     Included in this calculation.
     Number of real and live ligand atoms    :        26
     Number of real but fixed ligand atoms   :         0

     Ligand placement method                 :  byreceptorcog

     NOTE: The placement of the ligand redefines the ligand .crd input coordinates.

     Snap ligand to template atoms           :      no

     -------------------------------
     Final Real/Live Set Atom Count.
     -------------------------------

     Total number of real atoms              :       152
     Total number of live atoms              :       152


     --------------------------------------------------------------------------------
                            Generate Initial Molecular Conformations.
     --------------------------------------------------------------------------------

     Conf. Type Read In      File Format       No. of Confs. Read In 
             ligand             xyz                1000

     Mandatory input crd file(s) used for generation of 1 additional conformer.

     From these the total number of starting conformers generated :  1000


     --------------------------------------------------------------------------------
                             Energy Potential Settings.
     --------------------------------------------------------------------------------


     Molecular Mechanics package          :  vchem           

     Quantum Mechanics package            :  none            


     --------------------------------------------------------------------------------
                       Running VfreeE Module. Version 2.8
     --------------------------------------------------------------------------------

          --------------------------------
          Final Individual Conformer Data.
          --------------------------------

          List data for conformers with probability of at least :  0.01 %
          Rankings are with respect to : Free Energy (G)

          ------------------------
          Free Energy: G = E - TS
          ------------------------

          ------------------------------------------------------------------------------------------
          Rank    ID     ln(Zx)    Prob(%)  Sum Prob(%)  Del G        G            E            -TS
          ------------------------------------------------------------------------------------------
             1      9  -1226.33776   71.47    71.47      0.00       553.34       348.59       204.75
             2    540  -1228.41175    8.98    80.45      1.24       554.58       350.20       204.38
             3    982  -1228.65250    7.06    87.51      1.38       554.72       350.94       203.79
             4    109  -1229.51793    2.97    90.48      1.90       555.24       350.10       205.14
             5    675  -1229.57594    2.80    93.29      1.93       555.27       350.27       205.00
             6    829  -1229.80286    2.23    95.52      2.07       555.41       349.20       206.21
             7    583  -1230.70605    0.91    96.43      2.60       555.95       351.22       204.72
             8    664  -1230.94450    0.71    97.14      2.75       556.09       351.99       204.10
             9    624  -1231.37509    0.46    97.61      3.00       556.35       350.87       205.48
            10    282  -1231.47051    0.42    98.03      3.06       556.40       352.67       203.73
            11    844  -1231.52443    0.40    98.43      3.09       556.44       353.79       202.65
            12    146  -1231.97459    0.25    98.68      3.36       556.70       351.43       205.27
            13    551  -1232.34537    0.18    98.86      3.58       556.92       352.10       204.82
            14    897  -1232.35451    0.17    99.03      3.59       556.93       351.01       205.92
            15    926  -1232.44336    0.16    99.19      3.64       556.98       352.18       204.80
            16    370  -1233.01824    0.09    99.28      3.98       557.33       352.89       204.44
            17    984  -1233.06312    0.09    99.37      4.01       557.35       352.31       205.05
            18    242  -1233.20635    0.07    99.44      4.09       557.44       351.98       205.46
            19    910  -1233.25018    0.07    99.51      4.12       557.46       353.02       204.44
            20    230  -1233.71298    0.04    99.56      4.40       557.74       353.28       204.46
            21    132  -1233.77518    0.04    99.60      4.43       557.78       353.77       204.01
            22    462  -1233.79195    0.04    99.64      4.44       557.79       354.90       202.89
            23    957  -1233.82267    0.04    99.68      4.46       557.81       352.04       205.77
            24    371  -1233.91466    0.04    99.72      4.52       557.86       352.53       205.33
            25     11  -1233.98490    0.03    99.75      4.56       557.90       353.47       204.43
            26    744  -1234.15809    0.03    99.78      4.66       558.01       352.79       205.22
            27    471  -1234.28510    0.03    99.81      4.74       558.08       353.86       204.23
            28    599  -1234.29641    0.02    99.83      4.74       558.09       353.49       204.59
            29    530  -1234.69572    0.02    99.85      4.98       558.33       354.49       203.83
            30    690  -1234.83281    0.01    99.86      5.06       558.41       353.40       205.01
            31    776  -1234.91247    0.01    99.88      5.11       558.46       354.78       203.67
            32    722  -1234.99717    0.01    99.89      5.16       558.51       353.04       205.46
            33      2  -1235.19609    0.01    99.90      5.28       558.62       353.65       204.97
          ------------------------------------------------------------------------------------------

          --------------------------------------------------------
          Potential Energy: E = (U+W) + H.O. Equipartion energy
          --------------------------------------------------------

          ------------------------------------------------------------------------------------------
          Rank    ID         E          U+W            U        W(PBSA)          PB           SA
          ------------------------------------------------------------------------------------------
             1      9       348.59       214.46       299.98       -85.53       -91.56         6.03
             2    540       350.20       216.07       298.97       -82.90       -89.04         6.14
             3    982       350.94       216.80       309.86       -93.06       -99.09         6.03
             4    109       350.10       215.97       297.75       -81.78       -87.81         6.02
             5    675       350.27       216.13       298.82       -82.69       -88.73         6.04
             6    829       349.20       215.07       297.12       -82.05       -88.04         5.99
             7    583       351.22       217.09       301.66       -84.57       -90.59         6.02
             8    664       351.99       217.85       300.55       -82.70       -88.84         6.14
             9    624       350.87       216.73       299.13       -82.39       -88.37         5.98
            10    282       352.67       218.54       313.23       -94.70      -100.72         6.03
            11    844       353.79       219.65       310.52       -90.86       -97.11         6.25
            12    146       351.43       217.29       299.10       -81.81       -87.92         6.11
            13    551       352.10       217.97       300.51       -82.55       -88.62         6.07
            14    897       351.01       216.87       300.06       -83.18       -89.29         6.11
            15    926       352.18       218.04       302.03       -83.99       -90.02         6.03
            16    370       352.89       218.75       313.61       -94.86      -100.93         6.07
            17    984       352.31       218.17       304.21       -86.04       -92.14         6.10
            18    242       351.98       217.85       301.54       -83.70       -89.73         6.03
            19    910       353.02       218.89       311.05       -92.17       -98.25         6.08
            20    230       353.28       219.15       306.72       -87.57       -93.59         6.02
            21    132       353.77       219.63       304.04       -84.41       -90.50         6.09
            22    462       354.90       220.76       313.70       -92.94       -98.94         6.00
            23    957       352.04       217.90       301.50       -83.60       -89.73         6.13
            24    371       352.53       218.39       300.62       -82.22       -88.29         6.06
            25     11       353.47       219.33       302.52       -83.18       -89.20         6.02
            26    744       352.79       218.65       305.07       -86.42       -92.46         6.03
            27    471       353.86       219.72       308.52       -88.80       -94.87         6.07
            28    599       353.49       219.36       304.20       -84.84       -90.98         6.14
            29    530       354.49       220.36       314.94       -94.58      -100.63         6.05
            30    690       353.40       219.26       307.81       -88.55       -94.57         6.02
            31    776       354.78       220.65       313.18       -92.53       -98.59         6.06
            32    722       353.04       218.90       306.56       -87.66       -93.69         6.04
            33      2       353.65       219.51       301.52       -82.00       -88.02         6.02
          ------------------------------------------------------------------------------------------

          ----------------------------------------
          Gas Phase Internal Potential Energy: U
          ----------------------------------------

          ------------------------------------------------------------------------------------------
          Rank    ID         U         Valence     Coulomb        VdW         VdW6        VdW12
          ------------------------------------------------------------------------------------------
             1      9       299.98       148.79       178.73       -27.54      -188.40       160.86
             2    540       298.97       149.23       175.41       -25.68      -185.67       159.99
             3    982       309.86       147.08       190.31       -27.53      -185.32       157.79
             4    109       297.75       151.80       174.02       -28.07      -190.02       161.95
             5    675       298.82       150.13       175.24       -26.55      -186.73       160.18
             6    829       297.12       151.33       173.58       -27.79      -190.40       162.61
             7    583       301.66       150.77       178.23       -27.35      -189.11       161.76
             8    664       300.55       151.46       175.31       -26.23      -184.52       158.29
             9    624       299.13       152.08       175.48       -28.43      -188.86       160.42
            10    282       313.23       147.67       193.41       -27.85      -185.25       157.40
            11    844       310.52       150.04       185.34       -24.86      -181.44       156.59
            12    146       299.10       150.53       173.89       -25.31      -186.49       161.18
            13    551       300.51       149.17       178.71       -27.37      -188.44       161.07
            14    897       300.06       150.70       175.60       -26.24      -189.50       163.26
            15    926       302.03       150.91       178.01       -26.89      -186.74       159.85
            16    370       313.61       149.24       191.23       -26.86      -184.54       157.69
            17    984       304.21       150.31       180.24       -26.34      -185.67       159.33
            18    242       301.54       150.19       178.84       -27.48      -189.05       161.57
            19    910       311.05       148.80       189.89       -27.64      -186.66       159.02
            20    230       306.72       151.53       182.91       -27.72      -189.18       161.46
            21    132       304.04       150.61       178.58       -25.14      -184.39       159.25
            22    462       313.70       150.40       192.26       -28.96      -184.84       155.88
            23    957       301.50       151.24       176.54       -26.28      -189.68       163.40
            24    371       300.62       149.64       178.55       -27.57      -189.02       161.46
            25     11       302.52       150.15       179.95       -27.58      -189.10       161.52
            26    744       305.07       151.21       180.17       -26.31      -186.08       159.78
            27    471       308.52       153.38       181.80       -26.66      -187.90       161.24
            28    599       304.20       151.20       180.46       -27.46      -185.71       158.24
            29    530       314.94       150.05       192.18       -27.29      -184.95       157.66
            30    690       307.81       151.35       184.87       -28.41      -188.30       159.89
            31    776       313.18       152.68       187.15       -26.64      -184.89       158.25
            32    722       306.56       147.33       186.26       -27.04      -187.16       160.12
            33      2       301.52       149.05       179.55       -27.09      -187.43       160.34
          ------------------------------------------------------------------------------------------

          -------------------------------
          Bonded Energy Terms: Valence
          -------------------------------

          ------------------------------------------------------------------------------------------
          Rank    ID     Valence       Bond        Angle         Pdih         Idih       Tether
          ------------------------------------------------------------------------------------------
             1      9       148.79         4.76        12.66       131.37         0.00         0.00
             2    540       149.23         4.68        12.56       131.99         0.00         0.00
             3    982       147.08         4.74        12.76       129.58         0.00         0.00
             4    109       151.80         4.79        12.63       134.39         0.00         0.00
             5    675       150.13         4.66        12.43       133.04         0.00         0.00
             6    829       151.33         4.76        12.35       134.22         0.00         0.00
             7    583       150.77         4.83        13.32       132.62         0.00         0.00
             8    664       151.46         4.61        12.54       134.31         0.00         0.00
             9    624       152.08         4.63        12.78       134.67         0.00         0.00
            10    282       147.67         4.73        13.01       129.93         0.00         0.00
            11    844       150.04         4.62        12.71       132.71         0.00         0.00
            12    146       150.53         4.72        13.21       132.60         0.00         0.00
            13    551       149.17         4.73        12.58       131.87         0.00         0.00
            14    897       150.70         4.95        13.26       132.49         0.00         0.00
            15    926       150.91         4.64        12.62       133.65         0.00         0.00
            16    370       149.24         4.83        13.14       131.27         0.00         0.00
            17    984       150.31         4.75        12.67       132.89         0.00         0.00
            18    242       150.19         4.92        14.10       131.17         0.00         0.00
            19    910       148.80         4.85        13.13       130.82         0.00         0.00
            20    230       151.53         4.81        13.64       133.07         0.00         0.00
            21    132       150.61         4.69        12.77       133.14         0.00         0.00
            22    462       150.40         4.62        12.63       133.15         0.00         0.00
            23    957       151.24         4.95        13.48       132.82         0.00         0.00
            24    371       149.64         4.78        12.68       132.18         0.00         0.00
            25     11       150.15         4.78        12.90       132.48         0.00         0.00
            26    744       151.21         4.85        13.09       133.28         0.00         0.00
            27    471       153.38         4.87        12.97       135.53         0.00         0.00
            28    599       151.20         4.76        12.92       133.52         0.00         0.00
            29    530       150.05         4.83        13.18       132.04         0.00         0.00
            30    690       151.35         4.76        13.04       133.56         0.00         0.00
            31    776       152.68         4.69        13.57       134.42         0.00         0.00
            32    722       147.33         4.81        12.16       130.36         0.00         0.00
            33      2       149.05         4.81        12.74       131.50         0.00         0.00
          ------------------------------------------------------------------------------------------

          Calculating single reference conformer RMSDs ...

          ---------------------------------
          Conformer RMSDs are in Angstroms.
          ---------------------------------

          ------------------------------------------------------------------------------------------
                              RMSD wrt Input Crd                    RMSD wrt Rank 1
                         ---------------------------------------------------------------------------
          Rank    ID        Complex    Receptor  Ligand          Complex    Receptor  Ligand
          ------------------------------------------------------------------------------------------
             1      9         1.887     1.864     1.993           0.000     0.000     0.000
             2    540         1.657     1.375     2.625           2.011     1.927     2.374
             3    982         2.054     1.406     3.883           2.144     1.222     4.432
             4    109         1.704     1.707     1.691           2.749     2.898     1.868
             5    675         1.541     1.367     2.195           2.163     2.263     1.587
             6    829         1.688     1.612     2.017           2.238     2.258     2.139
             7    583         1.452     1.352     1.862           1.837     1.687     2.435
             8    664         1.772     0.997     3.680           1.773     1.091     3.552
             9    624         1.957     1.381     3.625           2.941     2.319     4.950
            10    282         2.307     1.980     3.480           3.019     2.432     4.961
            11    844         1.675     1.229     3.015           0.994     0.335     2.287
            12    146         1.509     1.066     2.794           1.830     1.852     1.718
            13    551         1.335     1.315     1.428           1.908     1.806     2.340
            14    897         1.639     1.558     1.988           2.031     2.054     1.913
            15    926         1.370     1.088     2.289           1.967     2.056     1.464
            16    370         2.162     1.758     3.513           3.037     2.514     4.827
            17    984         1.773     1.732     1.961           2.001     1.901     2.428
            18    242         1.750     1.761     1.695           2.109     1.872     3.002
            19    910         1.881     1.484     3.163           2.463     1.887     4.267
            20    230         1.452     1.354     1.855           1.937     1.879     2.199
            21    132         1.775     1.431     2.913           2.455     2.548     1.937
            22    462         1.888     1.319     3.520           2.538     1.796     4.692
            23    957         1.619     1.421     2.352           1.685     1.697     1.622
            24    371         1.492     1.394     1.895           1.896     1.864     2.046
            25     11         1.155     1.082     1.458           1.898     1.789     2.353
            26    744         1.480     1.422     1.735           2.169     2.020     2.781
            27    471         1.661     1.619     1.850           2.578     2.676     2.036
            28    599         1.633     1.025     3.239           1.301     0.533     2.918
            29    530         2.046     1.686     3.270           3.058     2.561     4.785
            30    690         1.103     1.033     1.390           1.263     0.414     2.914
            31    776         1.436     0.980     2.720           1.663     1.723     1.332
            32    722         1.719     1.533     2.427           2.219     1.797     3.624
            33      2         1.389     1.058     2.419           2.242     1.836     3.611
          ------------------------------------------------------------------------------------------

          --------------------------------
          Final Boltzmann Averaged Data.
          --------------------------------

          -------------------------------------------------------------------
          Results of Boltzmann Averaging Over All  540 Conformers (kcal/mol).
          -------------------------------------------------------------------

          Free Energy                        G             553.1430738239
          Average Potential Energy         < E >           349.1655606125
          Entropy                           -TS            203.9775132114
          -------------------------------------------------------------------

          Average Potential Energy < E > Components.

          < U >                   300.5981628367
          < W(PBSA) >             -85.5673316470
          < H.O. P.E. >           134.1364352797

          Average Solvation Energy < W(PBSA) > Components.

          < PB >                  -91.6104075515
          < SA >                    6.0430759044

          Average Gas Phase Internal Potential Energy < U > Components.

          < Valence >             148.9677627475
          < Coulomb >             178.9644775762
          < VdW >                 -27.3340774871

          Average Van der Waals Energy < VdW > Components.

          < VdW6  >              -187.9051405365
          < VdW12 >               160.5710630494

          Average Bonded Energy < Valence > Components.

          < Bond >                  4.7463781639
          < Angle >                12.6560683530
          < Pdihed >              131.5653162307
          < Idihed >                0.0000000000
          < Tether >                0.0000000000

          -------------------------------------------------------------------
                        End of feprocess Calculation Results Summary.
          -------------------------------------------------------------------


     Total cpu time for run       3740.99 seconds.
                                    62.35 minutes.

     Total wall time for run      1905.93 seconds.
                                    31.77 minutes.

     TIME STAMP: VCPack job finished normally : Sunday, August 07, 2022 at 15:07:43
