
     --------------------------------------------------------------------------------
                        Running Program VCPack. Version 2.8

                           VeraChem LLC, PO Box 2206
                           Germantown, MD 20875, U.S.A.

                                Tel. 240-686-0565
                                www.verachem.com
     --------------------------------------------------------------------------------


     Input file          :   guest-s15_vm2.inp

     Output file         :   guest-s15_vm2.out

     Summary output file :   guest-s15_vm2.summary.out

     Executable : /data/comblab/vcCompChem_3b/exe/VC_CompChemPackage_mpi.exe

     Build date : Aug 13 2021  17:26:14

     This is a multiple processor run.

     MPI processes              :   16
     OpenMP threads per process :    0
     CUDA enabled               :  no

     TIME STAMP: VCPack job started : Saturday, August 06, 2022 at 17:08:12

     --------------------------------------------------------------------------------
                            Basic Calculation Control.
     --------------------------------------------------------------------------------

     Molecular system type                :  ligand          

     Calculation type                     :  vm2             

     Energy potential                     :  mm              

     Post-processing type                 :  none            

     Post-processing energy potential     :  none            

     Time limit in wall clock hours       :  96.00

     Read in starting conformers          :  no
     Type of conformers to read in        :  none
     Conformer source files(s)            :  none

     Use input .crd for complex build     :  no
     Place ligand confs. at input .crd    :  no
     Use input .crd as start conformer    :  yes

     Formatted output files               :  xyz     
                                          :  pdb     
                                          :  mol2    
                                          :  sdf     
                                          :  xyz     
                                          :  gms     
                                          :  csv     

     Split formatted output files         :  crd     

     Limit conformers in formatted files  :  bycount
     Maximum conformer count              :  1000

     Atoms to include in formatted files  :  all     

     Binary file restart type             :  none


     --------------------------------------------------------------------------------
                            Math Related Control and Set Up.
     --------------------------------------------------------------------------------

     Random number generator seeds :  bywallclock

     Seed 1 :           6039220
     Seed 2 :            574193
     Seed 3 :               619
     Seed 4 :             26179


     --------------------------------------------------------------------------------
                            Basic Molecular System Set Up.
     --------------------------------------------------------------------------------

     ------------------
     Ligand Data Files.
     ------------------

     Standard crd coordinate file            :  guest-s15.crd
     VeraChem topology file                  :  guest-s15.top
     Standard mol/sdf file                   :  guest-s15.mol

     Total number of ligand atoms            :        29

     Included in this calculation.
     Number of real and live ligand atoms    :        29
     Number of real but fixed ligand atoms   :         0

     Ligand placement method                 :  none

     Snap ligand to template atoms           :      no

     -------------------------------
     Final Real/Live Set Atom Count.
     -------------------------------

     Total number of real atoms              :        29
     Total number of live atoms              :        29


     --------------------------------------------------------------------------------
                            Generate Initial Molecular Conformation.
     --------------------------------------------------------------------------------

     Mandatory input crd file(s) used for generation of a single starting conformer.


     --------------------------------------------------------------------------------
                             Energy Potential Settings.
     --------------------------------------------------------------------------------


     Molecular Mechanics package          :  vchem           

     Quantum Mechanics package            :  none            


     --------------------------------------------------------------------------------
                    Running VM2 Mining Minima Module. Version 2.8
     --------------------------------------------------------------------------------

     Iteration    Free Energy G             G Diff            # Conformers     # Diff
        1            33.059127              33.059127              51              51
        2            32.635168              -0.423959             120              69
        3            32.589699              -0.045469             132              12
        4            32.469180              -0.120519             167              35
        5            32.469058              -0.000122             167               0
        6            32.395227              -0.073830             184              17
        7            32.376339              -0.018889             190               6
        8            32.367509              -0.008830             207              17

     VM2 Free Energy converged after    8 iterations.

     Final VM2 Free Energy is      32.367509 Kcal/mol.

          --------------------------------
          Final Individual Conformer Data.
          --------------------------------

          List data for conformers with probability of at least :  0.01 %
          Rankings are with respect to : Free Energy (G)

          ------------------------
          Free Energy: G = E - TS
          ------------------------

          ------------------------------------------------------------------------------------------
          Rank    ID     ln(Zx)    Prob(%)  Sum Prob(%)  Del G        G            E            -TS
          ------------------------------------------------------------------------------------------
             1    402   -101.65387   10.66    10.66      0.00        33.70        -3.68        37.38
             2    399   -102.36679    5.23    15.89      0.43        34.13        -3.40        37.53
             3     58   -102.37046    5.21    21.10      0.43        34.13        -3.27        37.40
             4   1220   -102.63033    4.02    25.12      0.58        34.28        -3.21        37.50
             5   1039   -102.65979    3.90    29.02      0.60        34.30        -3.19        37.49
             6   1238   -102.74535    3.58    32.60      0.65        34.35        -3.10        37.46
             7    933   -102.76435    3.51    36.11      0.66        34.36        -3.21        37.58
             8   1224   -102.76590    3.51    39.62      0.66        34.36        -3.14        37.50
             9    887   -102.81217    3.35    42.97      0.69        34.39        -3.09        37.48
            10   1225   -102.82687    3.30    46.27      0.70        34.40        -3.09        37.49
            11    264   -103.18496    2.31    48.57      0.91        34.61        -3.06        37.67
            12   1028   -103.37476    1.91    50.48      1.03        34.73        -2.78        37.51
            13    672   -103.46705    1.74    52.22      1.08        34.78        -2.73        37.51
            14   1189   -103.46939    1.74    53.96      1.08        34.78        -2.72        37.50
            15    664   -103.48145    1.71    55.67      1.09        34.79        -2.85        37.64
            16    591   -103.52443    1.64    57.31      1.12        34.82        -2.72        37.53
            17    619   -103.55330    1.60    58.91      1.13        34.83        -2.80        37.64
            18    229   -103.55818    1.59    60.50      1.14        34.84        -3.02        37.86
            19    670   -103.57560    1.56    62.06      1.15        34.85        -2.79        37.64
            20    537   -103.58177    1.55    63.61      1.15        34.85        -2.79        37.64
            21    666   -103.58360    1.55    65.16      1.15        34.85        -2.57        37.42
            22   1000   -103.62422    1.49    66.65      1.17        34.88        -2.75        37.63
            23    906   -103.68670    1.40    68.04      1.21        34.91        -2.71        37.63
            24    302   -103.68926    1.39    69.44      1.21        34.92        -2.68        37.59
            25   1259   -103.74237    1.32    70.76      1.25        34.95        -2.87        37.82
            26   1260   -103.74434    1.32    72.07      1.25        34.95        -2.74        37.69
            27    254   -103.77338    1.28    73.36      1.26        34.97        -2.86        37.82
            28    849   -103.77870    1.27    74.63      1.27        34.97        -2.59        37.56
            29   1049   -103.82567    1.22    75.84      1.29        35.00        -2.60        37.60
            30   1294   -103.83565    1.20    77.05      1.30        35.00        -2.69        37.69
            31    564   -103.86088    1.17    78.22      1.32        35.02        -2.81        37.83
            32    850   -103.88992    1.14    79.36      1.33        35.03        -2.46        37.49
            33     19   -104.05363    0.97    80.33      1.43        35.13        -2.66        37.79
            34    907   -104.06063    0.96    81.29      1.43        35.14        -2.51        37.65
            35    232   -104.09691    0.93    82.22      1.46        35.16        -2.63        37.79
            36    328   -104.10814    0.92    83.13      1.46        35.17        -2.53        37.69
            37    571   -104.14179    0.89    84.02      1.48        35.19        -2.66        37.85
            38   1353   -104.14390    0.88    84.90      1.48        35.19        -2.60        37.79
            39    228   -104.17732    0.86    85.76      1.50        35.21        -2.77        37.98
            40    306   -104.39998    0.68    86.44      1.64        35.34        -2.40        37.74
            41    989   -104.48125    0.63    87.07      1.69        35.39        -2.61        38.00
            42   1247   -104.50445    0.62    87.69      1.70        35.40        -2.58        37.99
            43    655   -104.50620    0.62    88.31      1.70        35.40        -2.43        37.83
            44   1341   -104.56486    0.58    88.89      1.74        35.44        -2.40        37.84
            45    909   -104.58203    0.57    89.46      1.75        35.45        -2.33        37.78
            46    280   -104.62337    0.55    90.00      1.77        35.47        -2.10        37.57
            47   1230   -104.65926    0.53    90.53      1.79        35.49        -2.10        37.60
            48    201   -104.74516    0.48    91.02      1.84        35.54        -2.26        37.80
            49    214   -104.74676    0.48    91.50      1.84        35.55        -1.91        37.45
            50    572   -104.75385    0.48    91.98      1.85        35.55        -2.42        37.97
            51    349   -104.81779    0.45    92.43      1.89        35.59        -2.61        38.20
            52    501   -104.82623    0.45    92.88      1.89        35.59        -2.14        37.73
            53    193   -104.83753    0.44    93.32      1.90        35.60        -2.56        38.16
            54    478   -104.86607    0.43    93.75      1.91        35.62        -2.32        37.94
            55    667   -104.90010    0.42    94.16      1.94        35.64        -2.06        37.70
            56    512   -104.96056    0.39    94.56      1.97        35.67        -2.50        38.17
            57    864   -104.96695    0.39    94.94      1.98        35.68        -1.95        37.63
            58    699   -104.98818    0.38    95.32      1.99        35.69        -2.31        38.00
            59    199   -105.01628    0.37    95.69      2.00        35.71        -2.51        38.21
            60    257   -105.06740    0.35    96.04      2.04        35.74        -2.37        38.11
            61   1277   -105.10268    0.34    96.38      2.06        35.76        -2.20        37.96
            62   1232   -105.29817    0.28    96.66      2.17        35.87        -2.19        38.06
            63    652   -105.30542    0.28    96.94      2.18        35.88        -2.42        38.30
            64     69   -105.32047    0.27    97.21      2.19        35.89        -2.31        38.19
            65   1350   -105.39933    0.25    97.46      2.23        35.93        -2.15        38.09
            66   1195   -105.48463    0.23    97.69      2.28        35.99        -2.34        38.33
            67    186   -105.65480    0.20    97.89      2.39        36.09        -2.05        38.14
            68    181   -105.74436    0.18    98.07      2.44        36.14        -2.35        38.49
            69   1348   -105.78437    0.17    98.24      2.46        36.16        -1.83        37.99
            70    566   -106.03433    0.13    98.37      2.61        36.31        -0.88        37.19
            71    648   -106.29223    0.10    98.48      2.77        36.47        -2.13        38.60
            72    859   -106.34378    0.10    98.57      2.80        36.50        -1.80        38.30
            73    675   -106.50283    0.08    98.66      2.89        36.59        -0.80        37.39
            74    325   -106.72914    0.07    98.72      3.03        36.73        -1.00        37.73
            75   1373   -107.01084    0.05    98.77      3.19        36.90        -0.78        37.68
            76   1308   -107.07186    0.05    98.82      3.23        36.93        -1.04        37.97
            77    843   -107.10917    0.05    98.87      3.25        36.95        -0.78        37.74
            78   1326   -107.14284    0.04    98.91      3.27        36.97        -0.30        37.28
            79    486   -107.20398    0.04    98.95      3.31        37.01        -0.77        37.78
            80    153   -107.25427    0.04    98.99      3.34        37.04        -0.70        37.74
            81   1340   -107.31111    0.04    99.03      3.37        37.07        -0.65        37.73
            82    496   -107.35298    0.04    99.07      3.40        37.10        -0.69        37.79
            83   1291   -107.39123    0.03    99.10      3.42        37.12        -0.63        37.75
            84    287   -107.42802    0.03    99.13      3.44        37.14        -0.50        37.64
            85    282   -107.43780    0.03    99.17      3.45        37.15        -0.62        37.77
            86   1337   -107.43898    0.03    99.20      3.45        37.15        -0.58        37.73
            87    495   -107.55507    0.03    99.23      3.52        37.22        -0.53        37.75
            88    261   -107.60283    0.03    99.26      3.55        37.25        -0.60        37.85
            89   1015   -107.68465    0.03    99.28      3.60        37.30        -0.21        37.51
            90   1176   -107.89192    0.02    99.30      3.72        37.42        -0.10        37.52
            91   1245   -107.94011    0.02    99.32      3.75        37.45        -0.30        37.75
            92    320   -107.94681    0.02    99.34      3.75        37.45        -0.30        37.75
            93    187   -107.95345    0.02    99.36      3.76        37.46        -0.30        37.76
            94    248   -107.98073    0.02    99.38      3.77        37.47        -0.42        37.89
            95     88   -107.98505    0.02    99.40      3.77        37.48        -0.33        37.80
            96   1279   -108.00265    0.02    99.42      3.78        37.49        -0.25        37.74
            97    258   -108.03355    0.02    99.44      3.80        37.51        -0.29        37.79
            98    315   -108.07602    0.02    99.45      3.83        37.53        -0.57        38.10
            99     81   -108.10971    0.02    99.47      3.85        37.55        -0.11        37.66
           100    101   -108.12970    0.02    99.49      3.86        37.56        -0.37        37.93
           101   1367   -108.13551    0.02    99.50      3.86        37.57        -0.22        37.78
           102    284   -108.14888    0.02    99.52      3.87        37.57        -0.21        37.79
           103    323   -108.16398    0.02    99.54      3.88        37.58        -0.65        38.23
           104    318   -108.19718    0.02    99.55      3.90        37.60        -0.31        37.91
           105    192   -108.20439    0.02    99.57      3.91        37.61        -0.36        37.96
           106   1113   -108.26937    0.01    99.58      3.94        37.65         0.13        37.51
           107    281   -108.28331    0.01    99.59      3.95        37.65        -0.36        38.02
           108    168   -108.30702    0.01    99.61      3.97        37.67        -0.06        37.73
           109    326   -108.31638    0.01    99.62      3.97        37.67         0.01        37.66
           110    690   -108.33469    0.01    99.63      3.98        37.68        -0.14        37.83
           111    224   -108.34058    0.01    99.65      3.99        37.69        -0.41        38.09
           112   1275   -108.34365    0.01    99.66      3.99        37.69        -0.20        37.89
           113    602   -108.34678    0.01    99.67      3.99        37.69        -0.20        37.89
           114   1376   -108.37082    0.01    99.69      4.00        37.71        -0.18        37.89
           115    688   -108.40229    0.01    99.70      4.02        37.73         0.18        37.55
           116   1197   -108.40516    0.01    99.71      4.02        37.73        -0.07        37.79
           117    678   -108.44560    0.01    99.72      4.05        37.75        -0.46        38.21
           118    162   -108.45651    0.01    99.74      4.06        37.76        -0.14        37.90
           119    973   -108.52226    0.01    99.75      4.09        37.80        -0.12        37.92
           120   1014   -108.54906    0.01    99.76      4.11        37.81         0.01        37.80
           121    691   -108.59255    0.01    99.77      4.14        37.84        -0.18        38.02
           122    317   -108.61308    0.01    99.78      4.15        37.85         0.04        37.81
          ------------------------------------------------------------------------------------------

          --------------------------------------------------------
          Potential Energy: E = (U+W) + H.O. Equipartion energy
          --------------------------------------------------------

          ------------------------------------------------------------------------------------------
          Rank    ID         E          U+W            U        W(PBSA)          PB           SA
          ------------------------------------------------------------------------------------------
             1    402        -3.68       -27.83        23.96       -51.79       -54.34         2.55
             2    399        -3.40       -27.55        24.51       -52.06       -54.56         2.50
             3     58        -3.27       -27.41        24.28       -51.69       -54.27         2.58
             4   1220        -3.21       -27.36        24.59       -51.94       -54.48         2.53
             5   1039        -3.19       -27.34        24.57       -51.91       -54.45         2.54
             6   1238        -3.10       -27.25        24.71       -51.96       -54.51         2.55
             7    933        -3.21       -27.36        24.67       -52.03       -54.58         2.55
             8   1224        -3.14       -27.28        24.74       -52.02       -54.55         2.52
             9    887        -3.09       -27.23        25.01       -52.24       -54.75         2.51
            10   1225        -3.09       -27.23        24.82       -52.05       -54.56         2.51
            11    264        -3.06       -27.20        24.85       -52.05       -54.58         2.53
            12   1028        -2.78       -26.93        24.93       -51.85       -54.37         2.51
            13    672        -2.73       -26.87        24.91       -51.78       -54.31         2.53
            14   1189        -2.72       -26.86        25.09       -51.95       -54.50         2.55
            15    664        -2.85       -27.00        25.16       -52.16       -54.68         2.52
            16    591        -2.72       -26.86        25.13       -51.99       -54.52         2.53
            17    619        -2.80       -26.95        25.27       -52.22       -54.70         2.49
            18    229        -3.02       -27.17        25.09       -52.26       -54.74         2.48
            19    670        -2.79       -26.94        25.15       -52.08       -54.57         2.49
            20    537        -2.79       -26.93        25.12       -52.06       -54.57         2.51
            21    666        -2.57       -26.71        25.44       -52.16       -54.68         2.52
            22   1000        -2.75       -26.90        25.35       -52.25       -54.74         2.49
            23    906        -2.71       -26.86        25.54       -52.40       -54.89         2.49
            24    302        -2.68       -26.82        25.47       -52.29       -54.79         2.50
            25   1259        -2.87       -27.02        25.21       -52.23       -54.72         2.49
            26   1260        -2.74       -26.89        25.27       -52.16       -54.66         2.51
            27    254        -2.86       -27.00        25.45       -52.45       -54.94         2.49
            28    849        -2.59       -26.74        25.45       -52.19       -54.67         2.49
            29   1049        -2.60       -26.75        25.26       -52.01       -54.53         2.52
            30   1294        -2.69       -26.83        25.38       -52.21       -54.72         2.51
            31    564        -2.81       -26.96        25.31       -52.26       -54.75         2.49
            32    850        -2.46       -26.60        25.45       -52.05       -54.54         2.49
            33     19        -2.66       -26.80        25.52       -52.32       -54.80         2.48
            34    907        -2.51       -26.65        25.43       -52.09       -54.61         2.52
            35    232        -2.63       -26.77        25.51       -52.28       -54.76         2.48
            36    328        -2.53       -26.67        25.64       -52.31       -54.80         2.49
            37    571        -2.66       -26.81        25.62       -52.43       -54.91         2.49
            38   1353        -2.60       -26.75        25.49       -52.24       -54.72         2.48
            39    228        -2.77       -26.92        25.71       -52.62       -55.09         2.47
            40    306        -2.40       -26.54        25.62       -52.17       -54.63         2.46
            41    989        -2.61       -26.76        25.70       -52.46       -54.88         2.43
            42   1247        -2.58       -26.73        25.70       -52.43       -54.86         2.43
            43    655        -2.43       -26.58        25.53       -52.11       -54.58         2.47
            44   1341        -2.40       -26.54        25.49       -52.04       -54.51         2.47
            45    909        -2.33       -26.48        25.73       -52.20       -54.67         2.47
            46    280        -2.10       -26.24        25.97       -52.22       -54.71         2.49
            47   1230        -2.10       -26.25        25.82       -52.07       -54.58         2.51
            48    201        -2.26       -26.40        26.11       -52.51       -55.00         2.48
            49    214        -1.91       -26.05        26.14       -52.20       -54.70         2.51
            50    572        -2.42       -26.57        26.00       -52.56       -55.00         2.44
            51    349        -2.61       -26.75        25.51       -52.26       -54.69         2.43
            52    501        -2.14       -26.29        26.00       -52.28       -54.75         2.47
            53    193        -2.56       -26.70        25.70       -52.40       -54.86         2.47
            54    478        -2.32       -26.47        25.82       -52.28       -54.73         2.45
            55    667        -2.06       -26.20        25.89       -52.10       -54.60         2.50
            56    512        -2.50       -26.64        26.02       -52.66       -55.10         2.44
            57    864        -1.95       -26.10        26.19       -52.29       -54.80         2.51
            58    699        -2.31       -26.45        25.81       -52.26       -54.73         2.47
            59    199        -2.51       -26.65        25.90       -52.56       -54.97         2.41
            60    257        -2.37       -26.52        26.27       -52.79       -55.20         2.42
            61   1277        -2.20       -26.35        26.39       -52.73       -55.18         2.44
            62   1232        -2.19       -26.33        26.39       -52.72       -55.16         2.44
            63    652        -2.42       -26.57        26.21       -52.77       -55.20         2.42
            64     69        -2.31       -26.45        26.06       -52.51       -54.93         2.42
            65   1350        -2.15       -26.30        26.05       -52.34       -54.78         2.44
            66   1195        -2.34       -26.49        26.08       -52.57       -54.97         2.40
            67    186        -2.05       -26.20        26.47       -52.66       -55.09         2.43
            68    181        -2.35       -26.49        25.93       -52.42       -54.83         2.41
            69   1348        -1.83       -25.97        26.28       -52.25       -54.68         2.42
            70    566        -0.88       -25.02        27.08       -52.11       -54.62         2.52
            71    648        -2.13       -26.27        26.60       -52.87       -55.27         2.40
            72    859        -1.80       -25.94        26.78       -52.72       -55.13         2.41
            73    675        -0.80       -24.94        27.20       -52.14       -54.64         2.50
            74    325        -1.00       -25.14        27.27       -52.42       -54.88         2.47
            75   1373        -0.78       -24.92        27.07       -52.00       -54.50         2.50
            76   1308        -1.04       -25.18        27.31       -52.49       -54.96         2.47
            77    843        -0.78       -24.93        27.36       -52.29       -54.78         2.49
            78   1326        -0.30       -24.45        27.68       -52.12       -54.61         2.48
            79    486        -0.77       -24.91        27.43       -52.34       -54.83         2.49
            80    153        -0.70       -24.85        27.32       -52.16       -54.66         2.49
            81   1340        -0.65       -24.80        27.55       -52.34       -54.80         2.46
            82    496        -0.69       -24.84        27.47       -52.31       -54.79         2.48
            83   1291        -0.63       -24.77        27.67       -52.44       -54.94         2.50
            84    287        -0.50       -24.64        27.99       -52.63       -55.12         2.49
            85    282        -0.62       -24.76        27.46       -52.22       -54.68         2.46
            86   1337        -0.58       -24.73        27.70       -52.42       -54.88         2.46
            87    495        -0.53       -24.67        27.89       -52.57       -55.03         2.46
            88    261        -0.60       -24.75        27.64       -52.38       -54.89         2.51
            89   1015        -0.21       -24.36        27.70       -52.06       -54.56         2.50
            90   1176        -0.10       -24.25        27.82       -52.07       -54.58         2.52
            91   1245        -0.30       -24.45        27.67       -52.11       -54.55         2.44
            92    320        -0.30       -24.44        27.70       -52.14       -54.64         2.49
            93    187        -0.30       -24.45        27.63       -52.08       -54.52         2.44
            94    248        -0.42       -24.56        27.85       -52.42       -54.83         2.41
            95     88        -0.33       -24.47        28.01       -52.48       -54.95         2.47
            96   1279        -0.25       -24.40        27.86       -52.26       -54.71         2.45
            97    258        -0.29       -24.43        27.71       -52.15       -54.60         2.46
            98    315        -0.57       -24.72        27.80       -52.52       -54.97         2.44
            99     81        -0.11       -24.26        27.88       -52.13       -54.60         2.46
           100    101        -0.37       -24.52        27.92       -52.43       -54.87         2.43
           101   1367        -0.22       -24.36        28.06       -52.42       -54.88         2.46
           102    284        -0.21       -24.36        27.70       -52.05       -54.53         2.47
           103    323        -0.65       -24.79        27.76       -52.55       -54.97         2.42
           104    318        -0.31       -24.45        27.95       -52.40       -54.85         2.45
           105    192        -0.36       -24.50        27.89       -52.39       -54.85         2.46
           106   1113         0.13       -24.01        27.95       -51.96       -54.44         2.48
           107    281        -0.36       -24.51        27.83       -52.34       -54.79         2.45
           108    168        -0.06       -24.20        28.40       -52.60       -55.07         2.47
           109    326         0.01       -24.13        28.21       -52.35       -54.79         2.44
           110    690        -0.14       -24.29        28.31       -52.60       -55.09         2.49
           111    224        -0.41       -24.55        27.94       -52.50       -54.92         2.42
           112   1275        -0.20       -24.34        28.04       -52.38       -54.82         2.44
           113    602        -0.20       -24.34        28.18       -52.52       -54.97         2.45
           114   1376        -0.18       -24.32        27.92       -52.24       -54.70         2.45
           115    688         0.18       -23.97        28.09       -52.06       -54.56         2.50
           116   1197        -0.07       -24.21        28.20       -52.41       -54.89         2.47
           117    678        -0.46       -24.61        27.91       -52.52       -54.94         2.42
           118    162        -0.14       -24.29        28.22       -52.50       -54.95         2.44
           119    973        -0.12       -24.27        28.13       -52.40       -54.85         2.45
           120   1014         0.01       -24.14        28.19       -52.33       -54.78         2.46
           121    691        -0.18       -24.33        28.04       -52.37       -54.81         2.44
           122    317         0.04       -24.11        28.26       -52.37       -54.80         2.43
          ------------------------------------------------------------------------------------------

          ----------------------------------------
          Gas Phase Internal Potential Energy: U
          ----------------------------------------

          ------------------------------------------------------------------------------------------
          Rank    ID         U         Valence     Coulomb        VdW         VdW6        VdW12
          ------------------------------------------------------------------------------------------
             1    402        23.96         3.17        19.73         1.06        -7.94         9.00
             2    399        24.51         3.68        19.66         1.17        -8.57         9.74
             3     58        24.28         3.71        19.38         1.19        -8.09         9.28
             4   1220        24.59         3.67        19.72         1.20        -8.56         9.76
             5   1039        24.57         3.67        19.71         1.20        -8.56         9.76
             6   1238        24.71         3.73        19.76         1.22        -8.62         9.84
             7    933        24.67         3.46        20.28         0.93        -8.84         9.77
             8   1224        24.74         3.69        19.92         1.13        -8.67         9.79
             9    887        25.01         3.71        20.12         1.18        -8.62         9.80
            10   1225        24.82         3.71        19.94         1.17        -8.61         9.79
            11    264        24.85         3.96        19.89         1.00        -9.07        10.07
            12   1028        24.93         4.21        19.39         1.33        -8.71        10.04
            13    672        24.91         4.21        19.38         1.32        -8.72        10.04
            14   1189        25.09         4.25        19.54         1.30        -8.78        10.07
            15    664        25.16         4.20        19.69         1.27        -9.29        10.56
            16    591        25.13         4.21        19.68         1.24        -8.83        10.08
            17    619        25.27         4.17        19.87         1.24        -9.31        10.55
            18    229        25.09         3.93        20.38         0.78        -9.98        10.76
            19    670        25.15         4.18        19.66         1.31        -9.19        10.50
            20    537        25.12         4.18        19.63         1.31        -9.19        10.50
            21    666        25.44         4.34        19.74         1.36        -8.74        10.10
            22   1000        25.35         4.22        19.85         1.28        -9.28        10.55
            23    906        25.54         4.22        20.05         1.27        -9.27        10.54
            24    302        25.47         4.29        19.88         1.31        -9.24        10.54
            25   1259        25.21         4.12        19.95         1.14        -9.56        10.69
            26   1260        25.27         3.97        20.25         1.05        -9.49        10.54
            27    254        25.45         4.12        20.19         1.13        -9.59        10.72
            28    849        25.45         4.27        19.87         1.31        -9.22        10.53
            29   1049        25.26         4.21        19.74         1.32        -9.27        10.59
            30   1294        25.38         3.96        20.37         1.04        -9.52        10.56
            31    564        25.31         4.18        20.00         1.12        -9.69        10.81
            32    850        25.45         4.32        19.73         1.40        -9.17        10.57
            33     19        25.52         4.45        19.96         1.11        -9.75        10.86
            34    907        25.43         4.06        20.27         1.11        -9.45        10.56
            35    232        25.51         4.47        19.98         1.06        -9.82        10.88
            36    328        25.64         3.98        20.67         0.99        -9.57        10.56
            37    571        25.62         4.14        20.48         1.00        -9.76        10.77
            38   1353        25.49         4.46        19.91         1.12        -9.71        10.83
            39    228        25.71         4.40        20.45         0.85       -10.19        11.04
            40    306        25.62         4.55        19.89         1.18        -9.67        10.85
            41    989        25.70         4.64        19.92         1.14       -10.43        11.58
            42   1247        25.70         4.39        20.48         0.83       -10.72        11.55
            43    655        25.53         4.66        19.60         1.26        -9.72        10.98
            44   1341        25.49         4.66        19.57         1.26        -9.76        11.02
            45    909        25.73         4.68        19.67         1.38        -9.93        11.31
            46    280        25.97         4.81        19.70         1.46        -9.39        10.85
            47   1230        25.82         4.78        19.61         1.43        -9.39        10.82
            48    201        26.11         4.79        20.05         1.27        -9.80        11.08
            49    214        26.14         4.93        19.67         1.54        -9.29        10.83
            50    572        26.00         4.63        20.15         1.23       -10.24        11.47
            51    349        25.51         4.39        20.42         0.70       -10.96        11.67
            52    501        26.00         4.76        19.83         1.41        -9.89        11.30
            53    193        25.70         4.60        20.01         1.09       -10.57        11.66
            54    478        25.82         4.50        20.34         0.97       -10.53        11.50
            55    667        25.89         4.78        19.66         1.46        -9.84        11.30
            56    512        26.02         4.55        20.50         0.97       -10.66        11.63
            57    864        26.19         4.87        19.83         1.49        -9.79        11.27
            58    699        25.81         4.47        20.26         1.08       -10.40        11.48
            59    199        25.90         4.89        20.13         0.88       -10.96        11.85
            60    257        26.27         4.87        20.50         0.90       -10.95        11.85
            61   1277        26.39         4.73        20.48         1.18       -10.35        11.53
            62   1232        26.39         4.98        20.37         1.04       -10.75        11.79
            63    652        26.21         4.87        20.55         0.79       -11.16        11.94
            64     69        26.06         5.06        19.92         1.08       -10.86        11.94
            65   1350        26.05         4.96        19.93         1.15       -10.62        11.77
            66   1195        26.08         5.05        19.93         1.10       -11.34        12.44
            67    186        26.47         5.20        20.03         1.24       -10.69        11.93
            68    181        25.93         4.81        20.41         0.71       -11.78        12.50
            69   1348        26.28         4.39        21.06         0.83       -10.64        11.48
            70    566        27.08         5.16        20.85         1.08        -8.82         9.89
            71    648        26.60         5.29        20.51         0.80       -11.98        12.78
            72    859        26.78         5.14        20.51         1.13       -11.26        12.39
            73    675        27.20         4.96        21.20         1.05        -9.03        10.08
            74    325        27.27         5.67        20.78         0.83        -9.94        10.77
            75   1373        27.07         6.26        19.67         1.14        -9.08        10.22
            76   1308        27.31         5.06        21.36         0.90       -10.07        10.97
            77    843        27.36         6.13        20.08         1.15        -9.53        10.68
            78   1326        27.68         5.65        20.83         1.20        -9.46        10.66
            79    486        27.43         6.17        20.21         1.04        -9.70        10.74
            80    153        27.32         6.25        19.96         1.11        -9.53        10.63
            81   1340        27.55         6.16        20.24         1.14        -9.54        10.69
            82    496        27.47         6.23        20.13         1.11        -9.66        10.77
            83   1291        27.67         6.13        20.41         1.12        -9.58        10.71
            84    287        27.99         6.34        20.69         0.96       -10.03        10.99
            85    282        27.46         6.25        20.07         1.14        -9.67        10.81
            86   1337        27.70         6.16        20.39         1.15        -9.57        10.72
            87    495        27.89         6.18        20.67         1.04        -9.72        10.76
            88    261        27.64         5.82        21.13         0.68       -10.11        10.79
            89   1015        27.70         5.42        21.14         1.13        -9.72        10.85
            90   1176        27.82         5.45        21.22         1.15        -9.71        10.86
            91   1245        27.67         6.69        19.71         1.27        -9.73        10.99
            92    320        27.70         6.67        19.75         1.28        -9.69        10.97
            93    187        27.63         6.68        19.71         1.25        -9.76        11.00
            94    248        27.85         6.64        19.99         1.22       -10.25        11.47
            95     88        28.01         6.67        20.18         1.16        -9.85        11.01
            96   1279        27.86         6.79        19.86         1.21        -9.83        11.04
            97    258        27.71         6.76        19.72         1.24        -9.78        11.02
            98    315        27.80         5.53        21.30         0.97       -10.82        11.79
            99     81        27.88         6.78        19.87         1.23        -9.74        10.97
           100    101        27.92         6.69        20.02         1.21       -10.29        11.50
           101   1367        28.06         6.33        20.69         1.04       -10.43        11.47
           102    284        27.70         6.76        19.66         1.27        -9.72        10.99
           103    323        27.76         6.48        20.86         0.42       -11.36        11.78
           104    318        27.95         6.73        20.07         1.15       -10.43        11.58
           105    192        27.89         6.47        20.36         1.05       -10.40        11.45
           106   1113        27.95         5.46        21.34         1.15        -9.73        10.88
           107    281        27.83         6.94        20.04         0.86       -10.30        11.15
           108    168        28.40         6.90        20.21         1.29        -9.76        11.05
           109    326        28.21         6.65        20.54         1.01       -10.51        11.52
           110    690        28.31         6.78        20.30         1.23        -9.82        11.05
           111    224        27.94         5.55        21.39         1.00       -10.75        11.75
           112   1275        28.04         6.66        20.15         1.23       -10.26        11.49
           113    602        28.18         6.66        20.30         1.23       -10.25        11.48
           114   1376        27.92         6.27        20.55         1.09        -9.90        10.99
           115    688        28.09         6.95        19.83         1.32        -9.59        10.91
           116   1197        28.20         6.86        20.16         1.18       -10.21        11.39
           117    678        27.91         6.82        20.15         0.94       -10.67        11.61
           118    162        28.22         6.82        20.15         1.25       -10.24        11.49
           119    973        28.13         6.43        20.72         0.99       -10.46        11.45
           120   1014        28.19         5.84        21.30         1.06       -10.71        11.77
           121    691        28.04         6.92        20.07         1.05       -10.72        11.77
           122    317        28.26         6.94        20.03         1.28       -10.16        11.44
          ------------------------------------------------------------------------------------------

          -------------------------------
          Bonded Energy Terms: Valence
          -------------------------------

          ------------------------------------------------------------------------------------------
          Rank    ID     Valence       Bond        Angle         Pdih         Idih       Tether
          ------------------------------------------------------------------------------------------
             1    402         3.17         0.19         0.88         2.10         0.00         0.00
             2    399         3.68         0.22         1.21         2.24         0.00         0.00
             3     58         3.71         0.20         1.16         2.35         0.00         0.00
             4   1220         3.67         0.22         1.12         2.33         0.00         0.00
             5   1039         3.67         0.22         1.12         2.33         0.00         0.00
             6   1238         3.73         0.24         1.17         2.33         0.00         0.00
             7    933         3.46         0.22         1.09         2.15         0.00         0.00
             8   1224         3.69         0.23         1.10         2.36         0.00         0.00
             9    887         3.71         0.23         1.14         2.34         0.00         0.00
            10   1225         3.71         0.23         1.14         2.34         0.00         0.00
            11    264         3.96         0.23         1.42         2.31         0.00         0.00
            12   1028         4.21         0.23         1.40         2.58         0.00         0.00
            13    672         4.21         0.23         1.40         2.58         0.00         0.00
            14   1189         4.25         0.24         1.42         2.59         0.00         0.00
            15    664         4.20         0.27         1.44         2.50         0.00         0.00
            16    591         4.21         0.24         1.35         2.61         0.00         0.00
            17    619         4.17         0.26         1.30         2.61         0.00         0.00
            18    229         3.93         0.26         1.41         2.26         0.00         0.00
            19    670         4.18         0.26         1.45         2.47         0.00         0.00
            20    537         4.18         0.26         1.45         2.47         0.00         0.00
            21    666         4.34         0.25         1.48         2.61         0.00         0.00
            22   1000         4.22         0.26         1.47         2.49         0.00         0.00
            23    906         4.22         0.26         1.47         2.49         0.00         0.00
            24    302         4.29         0.28         1.50         2.51         0.00         0.00
            25   1259         4.12         0.27         1.52         2.34         0.00         0.00
            26   1260         3.97         0.25         1.33         2.39         0.00         0.00
            27    254         4.12         0.27         1.52         2.33         0.00         0.00
            28    849         4.27         0.27         1.39         2.61         0.00         0.00
            29   1049         4.21         0.27         1.36         2.58         0.00         0.00
            30   1294         3.96         0.25         1.33         2.38         0.00         0.00
            31    564         4.18         0.28         1.61         2.29         0.00         0.00
            32    850         4.32         0.28         1.46         2.58         0.00         0.00
            33     19         4.45         0.27         1.66         2.53         0.00         0.00
            34    907         4.06         0.26         1.41         2.38         0.00         0.00
            35    232         4.47         0.27         1.63         2.57         0.00         0.00
            36    328         3.98         0.26         1.31         2.41         0.00         0.00
            37    571         4.14         0.27         1.51         2.35         0.00         0.00
            38   1353         4.46         0.26         1.66         2.54         0.00         0.00
            39    228         4.40         0.27         1.69         2.44         0.00         0.00
            40    306         4.55         0.28         1.75         2.53         0.00         0.00
            41    989         4.64         0.32         1.85         2.47         0.00         0.00
            42   1247         4.39         0.30         1.59         2.51         0.00         0.00
            43    655         4.66         0.28         1.80         2.59         0.00         0.00
            44   1341         4.66         0.28         1.81         2.58         0.00         0.00
            45    909         4.68         0.31         1.63         2.74         0.00         0.00
            46    280         4.81         0.29         1.67         2.86         0.00         0.00
            47   1230         4.78         0.28         1.64         2.86         0.00         0.00
            48    201         4.79         0.30         1.94         2.55         0.00         0.00
            49    214         4.93         0.30         1.77         2.86         0.00         0.00
            50    572         4.63         0.30         1.85         2.48         0.00         0.00
            51    349         4.39         0.31         1.75         2.33         0.00         0.00
            52    501         4.76         0.31         1.69         2.76         0.00         0.00
            53    193         4.60         0.32         1.90         2.38         0.00         0.00
            54    478         4.50         0.31         1.72         2.48         0.00         0.00
            55    667         4.78         0.31         1.73         2.74         0.00         0.00
            56    512         4.55         0.31         1.81         2.43         0.00         0.00
            57    864         4.87         0.32         1.79         2.76         0.00         0.00
            58    699         4.47         0.30         1.80         2.36         0.00         0.00
            59    199         4.89         0.31         2.00         2.58         0.00         0.00
            60    257         4.87         0.31         1.87         2.68         0.00         0.00
            61   1277         4.73         0.32         1.93         2.47         0.00         0.00
            62   1232         4.98         0.32         2.00         2.66         0.00         0.00
            63    652         4.87         0.32         2.04         2.52         0.00         0.00
            64     69         5.06         0.32         2.06         2.68         0.00         0.00
            65   1350         4.96         0.32         2.15         2.50         0.00         0.00
            66   1195         5.05         0.35         2.15         2.55         0.00         0.00
            67    186         5.20         0.33         2.22         2.64         0.00         0.00
            68    181         4.81         0.35         2.05         2.41         0.00         0.00
            69   1348         4.39         0.30         1.68         2.41         0.00         0.00
            70    566         5.16         0.26         1.44         3.46         0.00         0.00
            71    648         5.29         0.36         2.35         2.59         0.00         0.00
            72    859         5.14         0.36         2.22         2.56         0.00         0.00
            73    675         4.96         0.24         1.60         3.12         0.00         0.00
            74    325         5.67         0.27         1.79         3.60         0.00         0.00
            75   1373         6.26         0.25         1.66         4.35         0.00         0.00
            76   1308         5.06         0.29         2.16         2.60         0.00         0.00
            77    843         6.13         0.27         1.64         4.22         0.00         0.00
            78   1326         5.65         0.29         1.68         3.67         0.00         0.00
            79    486         6.17         0.27         1.62         4.28         0.00         0.00
            80    153         6.25         0.28         1.80         4.17         0.00         0.00
            81   1340         6.16         0.27         1.68         4.21         0.00         0.00
            82    496         6.23         0.28         1.59         4.36         0.00         0.00
            83   1291         6.13         0.27         1.61         4.24         0.00         0.00
            84    287         6.34         0.29         2.14         3.91         0.00         0.00
            85    282         6.25         0.28         1.67         4.30         0.00         0.00
            86   1337         6.16         0.27         1.66         4.22         0.00         0.00
            87    495         6.18         0.28         1.68         4.21         0.00         0.00
            88    261         5.82         0.28         1.91         3.63         0.00         0.00
            89   1015         5.42         0.28         1.78         3.37         0.00         0.00
            90   1176         5.45         0.28         1.83         3.35         0.00         0.00
            91   1245         6.69         0.28         1.95         4.46         0.00         0.00
            92    320         6.67         0.28         1.92         4.47         0.00         0.00
            93    187         6.68         0.29         1.89         4.50         0.00         0.00
            94    248         6.64         0.31         1.95         4.38         0.00         0.00
            95     88         6.67         0.28         1.88         4.51         0.00         0.00
            96   1279         6.79         0.30         1.94         4.56         0.00         0.00
            97    258         6.76         0.29         1.88         4.59         0.00         0.00
            98    315         5.53         0.33         2.32         2.87         0.00         0.00
            99     81         6.78         0.26         1.61         4.91         0.00         0.00
           100    101         6.69         0.31         1.94         4.44         0.00         0.00
           101   1367         6.33         0.31         2.08         3.93         0.00         0.00
           102    284         6.76         0.29         1.90         4.57         0.00         0.00
           103    323         6.48         0.31         2.15         4.03         0.00         0.00
           104    318         6.73         0.32         1.94         4.47         0.00         0.00
           105    192         6.47         0.31         1.80         4.36         0.00         0.00
           106   1113         5.46         0.28         1.83         3.35         0.00         0.00
           107    281         6.94         0.27         1.99         4.67         0.00         0.00
           108    168         6.90         0.29         1.99         4.61         0.00         0.00
           109    326         6.65         0.34         2.19         4.12         0.00         0.00
           110    690         6.78         0.29         1.86         4.63         0.00         0.00
           111    224         5.55         0.33         2.39         2.83         0.00         0.00
           112   1275         6.66         0.31         2.00         4.35         0.00         0.00
           113    602         6.66         0.31         1.99         4.36         0.00         0.00
           114   1376         6.27         0.30         2.36         3.61         0.00         0.00
           115    688         6.95         0.27         1.65         5.03         0.00         0.00
           116   1197         6.86         0.32         1.97         4.57         0.00         0.00
           117    678         6.82         0.32         2.17         4.33         0.00         0.00
           118    162         6.82         0.32         1.99         4.51         0.00         0.00
           119    973         6.43         0.30         1.84         4.29         0.00         0.00
           120   1014         5.84         0.32         2.13         3.39         0.00         0.00
           121    691         6.92         0.31         2.14         4.46         0.00         0.00
           122    317         6.94         0.33         1.95         4.67         0.00         0.00
          ------------------------------------------------------------------------------------------

          Calculating single reference conformer RMSDs ...

          ---------------------------------
          Conformer RMSDs are in Angstroms.
          ---------------------------------

          ------------------------------------------------------------------------------------------
                              RMSD wrt Input Crd                    RMSD wrt Rank 1
                         ---------------------------------------------------------------------------
          Rank    ID        Complex    Receptor  Ligand          Complex    Receptor  Ligand
          ------------------------------------------------------------------------------------------
             1    402                             1.266                               0.000
             2    399                             1.014                               1.083
             3     58                             0.177                               1.190
             4   1220                             1.884                               0.599
             5   1039                             1.842                               0.595
             6   1238                             0.682                               1.031
             7    933                             1.754                               1.066
             8   1224                             2.041                               1.049
             9    887                             1.913                               0.636
            10   1225                             1.785                               0.620
            11    264                             0.999                               1.306
            12   1028                             0.871                               1.076
            13    672                             0.609                               1.621
            14   1189                             0.655                               1.495
            15    664                             1.001                               1.866
            16    591                             0.952                               1.968
            17    619                             2.058                               0.968
            18    229                             1.733                               2.079
            19    670                             1.869                               1.684
            20    537                             1.045                               1.728
            21    666                             1.159                               0.952
            22   1000                             1.609                               1.564
            23    906                             1.766                               1.638
            24    302                             2.086                               1.614
            25   1259                             1.612                               1.025
            26   1260                             1.797                               1.317
            27    254                             2.344                               1.540
            28    849                             1.752                               0.631
            29   1049                             1.875                               1.081
            30   1294                             1.749                               1.636
            31    564                             1.579                               1.521
            32    850                             0.942                               0.627
            33     19                             2.255                               1.966
            34    907                             1.673                               0.634
            35    232                             1.269                               1.532
            36    328                             1.596                               1.621
            37    571                             2.330                               2.015
            38   1353                             1.401                               1.658
            39    228                             1.934                               1.840
            40    306                             0.642                               1.688
            41    989                             1.743                               2.206
            42   1247                             2.273                               1.763
            43    655                             1.721                               1.544
            44   1341                             0.938                               2.218
            45    909                             2.203                               1.775
            46    280                             1.682                               1.017
            47   1230                             0.635                               1.372
            48    201                             1.803                               1.368
            49    214                             0.863                               0.736
            50    572                             2.041                               1.840
            51    349                             1.773                               1.884
            52    501                             2.167                               1.838
            53    193                             1.397                               1.759
            54    478                             1.624                               1.337
            55    667                             0.773                               1.391
            56    512                             2.008                               1.815
            57    864                             1.340                               0.767
            58    699                             1.693                               0.930
            59    199                             1.720                               2.173
            60    257                             1.812                               1.871
            61   1277                             2.396                               1.162
            62   1232                             1.552                               1.638
            63    652                             2.074                               1.858
            64     69                             1.280                               1.966
            65   1350                             1.102                               1.624
            66   1195                             1.349                               2.060
            67    186                             1.605                               1.392
            68    181                             1.881                               1.722
            69   1348                             2.505                               1.610
            70    566                             2.087                               1.327
            71    648                             1.835                               1.937
            72    859                             2.387                               1.916
            73    675                             1.690                               1.256
            74    325                             2.412                               1.878
            75   1373                             1.333                               1.154
            76   1308                             1.196                               1.666
            77    843                             1.649                               1.045
            78   1326                             2.162                               1.973
            79    486                             1.612                               2.240
            80    153                             1.419                               1.193
            81   1340                             2.647                               1.663
            82    496                             2.071                               2.110
            83   1291                             2.099                               1.227
            84    287                             2.490                               2.127
            85    282                             1.411                               2.021
            86   1337                             2.521                               1.170
            87    495                             2.149                               1.772
            88    261                             2.395                               1.947
            89   1015                             1.533                               1.092
            90   1176                             1.896                               1.731
            91   1245                             1.129                               2.426
            92    320                             2.057                               1.639
            93    187                             0.999                               2.091
            94    248                             1.728                               1.765
            95     88                             1.965                               1.941
            96   1279                             1.287                               1.400
            97    258                             2.032                               1.399
            98    315                             1.834                               1.294
            99     81                             1.841                               2.118
           100    101                             1.370                               1.919
           101   1367                             2.350                               1.707
           102    284                             1.237                               2.011
           103    323                             2.570                               1.982
           104    318                             1.658                               2.013
           105    192                             1.829                               1.010
           106   1113                             2.073                               2.375
           107    281                             2.246                               2.128
           108    168                             2.038                               2.022
           109    326                             1.593                               1.873
           110    690                             1.856                               1.380
           111    224                             1.524                               1.558
           112   1275                             2.101                               1.956
           113    602                             2.367                               2.194
           114   1376                             1.591                               1.287
           115    688                             1.297                               1.578
           116   1197                             1.615                               1.782
           117    678                             1.482                               1.850
           118    162                             1.802                               1.197
           119    973                             1.999                               1.625
           120   1014                             1.737                               1.829
           121    691                             1.429                               1.598
           122    317                             2.097                               1.761
          ------------------------------------------------------------------------------------------

          --------------------------------
          Final Boltzmann Averaged Data.
          --------------------------------

          -------------------------------------------------------------------
          Results of Boltzmann Averaging Over All  207 Conformers (kcal/mol).
          -------------------------------------------------------------------

          Free Energy                        G              32.3675091359
          Average Potential Energy         < E >            -2.9171406119
          Entropy                           -TS             35.2846497478
          -------------------------------------------------------------------

          Average Potential Energy < E > Components.

          < U >                    25.0203875723
          < W(PBSA) >             -52.0818993684
          < H.O. P.E. >            24.1445583504

          Average Solvation Energy < W(PBSA) > Components.

          < PB >                  -54.5957522374
          < SA >                    2.5138528690

          Average Gas Phase Internal Potential Energy < U > Components.

          < Valence >               3.9915472071
          < Coulomb >              19.8702743721
          < VdW >                   1.1585659930

          Average Van der Waals Energy < VdW > Components.

          < VdW6  >                -9.0136805783
          < VdW12 >                10.1722465713

          Average Bonded Energy < Valence > Components.

          < Bond >                  0.2440049067
          < Angle >                 1.3336749776
          < Pdihed >                2.4138673228
          < Idihed >                0.0000000000
          < Tether >                0.0000000000

          -------------------------------------------------------------------
                        End of VM2 Calculation Results Summary.
          -------------------------------------------------------------------


     Total cpu time for run         37.65 seconds.
                                     0.63 minutes.

     Total wall time for run        37.82 seconds.
                                     0.63 minutes.

     TIME STAMP: VCPack job finished normally : Saturday, August 06, 2022 at 17:08:50
