
     --------------------------------------------------------------------------------
                        Running Program VCPack. Version 2.8

                           VeraChem LLC, PO Box 2206
                           Germantown, MD 20875, U.S.A.

                                Tel. 240-686-0565
                                www.verachem.com
     --------------------------------------------------------------------------------


     Input file          :   CD_guest-s14_fast_vm2_rndm.inp

     Output file         :   CD_guest-s14_fast_vm2_rndm.out

     Summary output file :   CD_guest-s14_fast_vm2_rndm.summary.out

     Executable : /data/comblab/vcCompChem_3b/exe/VC_CompChemPackage_mpi_openmp.exe

     Build date : Aug 13 2021  17:26:49

     This is a multiple processor run.

     MPI processes              :   16
     OpenMP threads per process :   16
     CUDA enabled               :  no

     TIME STAMP: VCPack job started : Sunday, August 07, 2022 at 14:55:53

     --------------------------------------------------------------------------------
                            Basic Calculation Control.
     --------------------------------------------------------------------------------

     Molecular system type                :  host+ligand     

     Calculation type                     :  feprocess       

     Energy potential                     :  mm              

     Post-processing type                 :  none            

     Post-processing energy potential     :  none            

     Time limit in wall clock hours       :  96.00

     Type of conformers to read in        :  ligand  
     Conformer source files(s)            :  guest-s14_confgen4.xyz                            

     Use input .crd for complex build     :  no
     Place ligand confs. at input .crd    :  byconfscog
     Use input .crd as start conformer    :  yes

     Formatted output files               :  xyz     
                                          :  pdb     
                                          :  mol2    
                                          :  sdf     
                                          :  xyz     
                                          :  gms     
                                          :  csv     

     Split formatted output files         :  crd     

     Limit conformers in formatted files  :  bycount
     Maximum conformer count              :  1000

     Atoms to include in formatted files  :  all     

     Binary file restart type             :  none


     --------------------------------------------------------------------------------
                            Math Related Control and Set Up.
     --------------------------------------------------------------------------------

     Random number generator seeds :  bywallclock

     Seed 1 :            653211
     Seed 2 :            169473
     Seed 3 :              3480
     Seed 4 :              6342


     --------------------------------------------------------------------------------
                            Basic Molecular System Set Up.
     --------------------------------------------------------------------------------

     ----------------
     Host Data Files.
     ----------------

     Standard crd coordinate file            :  CD.crd
     VeraChem topology file                  :  CD.top
     Standard mol/sdf file                   :  CD.mol

     Total number of host atoms              :       126

     ------------------
     Ligand Data Files.
     ------------------

     Standard crd coordinate file            :  guest-s14.crd
     VeraChem topology file                  :  guest-s14.top
     Standard mol/sdf file                   :  guest-s14.mol

     Total number of ligand atoms            :        26

     Included in this calculation.
     Number of real and live ligand atoms    :        26
     Number of real but fixed ligand atoms   :         0

     Ligand placement method                 :  byreceptorcog

     NOTE: The placement of the ligand redefines the ligand .crd input coordinates.

     Snap ligand to template atoms           :      no

     -------------------------------
     Final Real/Live Set Atom Count.
     -------------------------------

     Total number of real atoms              :       152
     Total number of live atoms              :       152


     --------------------------------------------------------------------------------
                            Generate Initial Molecular Conformations.
     --------------------------------------------------------------------------------

     Conf. Type Read In      File Format       No. of Confs. Read In 
             ligand             xyz                1000

     Mandatory input crd file(s) used for generation of 1 additional conformer.

     From these the total number of starting conformers generated :  1000


     --------------------------------------------------------------------------------
                             Energy Potential Settings.
     --------------------------------------------------------------------------------


     Molecular Mechanics package          :  vchem           

     Quantum Mechanics package            :  none            


     --------------------------------------------------------------------------------
                       Running VfreeE Module. Version 2.8
     --------------------------------------------------------------------------------

          --------------------------------
          Final Individual Conformer Data.
          --------------------------------

          List data for conformers with probability of at least :  0.01 %
          Rankings are with respect to : Free Energy (G)

          ------------------------
          Free Energy: G = E - TS
          ------------------------

          ------------------------------------------------------------------------------------------
          Rank    ID     ln(Zx)    Prob(%)  Sum Prob(%)  Del G        G            E            -TS
          ------------------------------------------------------------------------------------------
             1    801  -1258.43873   95.34    95.34      0.00       572.48       369.23       203.25
             2    564  -1261.86187    3.11    98.45      2.04       574.52       370.54       203.98
             3    904  -1263.46048    0.63    99.08      2.99       575.47       373.12       202.36
             4    501  -1264.11537    0.33    99.40      3.38       575.86       373.36       202.51
             5    361  -1264.42562    0.24    99.64      3.57       576.05       374.17       201.88
             6    261  -1265.77191    0.06    99.70      4.37       576.85       374.78       202.08
             7    221  -1265.80146    0.06    99.76      4.39       576.87       375.08       201.79
             8    448  -1266.24259    0.04    99.80      4.65       577.13       373.05       204.08
             9    704  -1266.32812    0.04    99.84      4.70       577.18       374.27       202.92
            10    641  -1266.33980    0.04    99.87      4.71       577.19       375.12       202.07
            11    532  -1266.35810    0.03    99.91      4.72       577.20       372.55       204.65
            12    621  -1266.68156    0.03    99.93      4.91       577.39       375.24       202.15
            13    664  -1266.94967    0.02    99.95      5.07       577.55       373.98       203.58
          ------------------------------------------------------------------------------------------

          --------------------------------------------------------
          Potential Energy: E = (U+W) + H.O. Equipartion energy
          --------------------------------------------------------

          ------------------------------------------------------------------------------------------
          Rank    ID         E          U+W            U        W(PBSA)          PB           SA
          ------------------------------------------------------------------------------------------
             1    801       369.23       235.09       322.60       -87.51       -93.70         6.19
             2    564       370.54       236.40       325.58       -89.18       -95.36         6.18
             3    904       373.12       238.98       335.74       -96.76      -102.92         6.15
             4    501       373.36       239.22       323.45       -84.23       -90.36         6.13
             5    361       374.17       240.04       330.72       -90.68       -96.87         6.19
             6    261       374.78       240.64       326.99       -86.35       -92.53         6.17
             7    221       375.08       240.94       333.28       -92.35       -98.48         6.14
             8    448       373.05       238.92       333.53       -94.61      -100.71         6.10
             9    704       374.27       240.13       335.14       -95.01      -101.13         6.13
            10    641       375.12       240.99       332.10       -91.11       -97.21         6.10
            11    532       372.55       238.41       321.79       -83.38       -89.58         6.20
            12    621       375.24       241.10       333.58       -92.48       -98.61         6.13
            13    664       373.98       239.84       325.42       -85.58       -91.68         6.10
          ------------------------------------------------------------------------------------------

          ----------------------------------------
          Gas Phase Internal Potential Energy: U
          ----------------------------------------

          ------------------------------------------------------------------------------------------
          Rank    ID         U         Valence     Coulomb        VdW         VdW6        VdW12
          ------------------------------------------------------------------------------------------
             1    801       322.60       144.55       204.79       -26.74      -181.15       154.41
             2    564       325.58       146.18       206.16       -26.76      -184.80       158.04
             3    904       335.74       146.63       217.43       -28.32      -182.53       154.22
             4    501       323.45       145.89       203.51       -25.95      -181.18       155.23
             5    361       330.72       148.03       209.24       -26.55      -181.15       154.60
             6    261       326.99       146.65       206.06       -25.72      -181.83       156.10
             7    221       333.28       148.28       211.45       -26.45      -180.24       153.79
             8    448       333.53       146.74       214.24       -27.46      -184.89       157.44
             9    704       335.14       146.96       216.43       -28.25      -182.96       154.71
            10    641       332.10       147.02       211.78       -26.70      -181.38       154.68
            11    532       321.79       145.55       202.46       -26.21      -183.84       157.63
            12    621       333.58       146.23       214.60       -27.25      -182.34       155.10
            13    664       325.42       146.68       204.79       -26.05      -184.29       158.24
          ------------------------------------------------------------------------------------------

          -------------------------------
          Bonded Energy Terms: Valence
          -------------------------------

          ------------------------------------------------------------------------------------------
          Rank    ID     Valence       Bond        Angle         Pdih         Idih       Tether
          ------------------------------------------------------------------------------------------
             1    801       144.55         4.59        11.44       128.53         0.00         0.00
             2    564       146.18         4.80        12.29       129.08         0.00         0.00
             3    904       146.63         4.61        11.71       130.31         0.00         0.00
             4    501       145.89         4.72        11.71       129.46         0.00         0.00
             5    361       148.03         4.63        12.15       131.25         0.00         0.00
             6    261       146.65         4.78        12.30       129.57         0.00         0.00
             7    221       148.28         4.71        11.58       131.99         0.00         0.00
             8    448       146.74         4.74        12.21       129.80         0.00         0.00
             9    704       146.96         4.62        12.06       130.27         0.00         0.00
            10    641       147.02         4.65        12.25       130.12         0.00         0.00
            11    532       145.55         4.50        11.01       130.03         0.00         0.00
            12    621       146.23         4.63        12.03       129.58         0.00         0.00
            13    664       146.68         4.89        12.90       128.89         0.00         0.00
          ------------------------------------------------------------------------------------------

          Calculating single reference conformer RMSDs ...

          ---------------------------------
          Conformer RMSDs are in Angstroms.
          ---------------------------------

          ------------------------------------------------------------------------------------------
                              RMSD wrt Input Crd                    RMSD wrt Rank 1
                         ---------------------------------------------------------------------------
          Rank    ID        Complex    Receptor  Ligand          Complex    Receptor  Ligand
          ------------------------------------------------------------------------------------------
             1    801         1.497     1.460     1.661           0.000     0.000     0.000
             2    564         1.850     1.917     1.482           1.662     1.499     2.290
             3    904         2.210     1.872     3.399           2.338     1.321     4.849
             4    501         1.753     1.500     2.656           1.988     0.880     4.401
             5    361         1.648     1.563     2.011           2.405     2.525     1.707
             6    261         1.793     1.474     2.876           1.763     0.797     3.885
             7    221         1.949     1.324     3.702           2.303     0.834     5.256
             8    448         1.981     1.438     3.595           2.113     1.018     4.590
             9    704         2.134     1.800     3.306           2.264     1.277     4.697
            10    641         1.543     1.361     2.224           2.610     2.335     3.663
            11    532         1.570     1.073     2.972           2.633     2.573     2.907
            12    621         1.552     1.409     2.111           2.584     2.433     3.216
            13    664         1.963     1.676     2.984           1.809     0.848     3.955
          ------------------------------------------------------------------------------------------

          --------------------------------
          Final Boltzmann Averaged Data.
          --------------------------------

          -------------------------------------------------------------------
          Results of Boltzmann Averaging Over All  507 Conformers (kcal/mol).
          -------------------------------------------------------------------

          Free Energy                        G             572.4522392470
          Average Potential Energy         < E >           369.3395341602
          Entropy                           -TS            203.1127050868
          -------------------------------------------------------------------

          Average Potential Energy < E > Components.

          < U >                   322.8283257994
          < W(PBSA) >             -87.6235576086
          < H.O. P.E. >           134.1364352797

          Average Solvation Energy < W(PBSA) > Components.

          < PB >                  -93.8110873709
          < SA >                    6.1875297623

          Average Gas Phase Internal Potential Energy < U > Components.

          < Valence >             144.6357537558
          < Coulomb >             204.9402819242
          < VdW >                 -26.7477098806

          Average Van der Waals Energy < VdW > Components.

          < VdW6  >              -181.2770911202
          < VdW12 >               154.5293812395

          Average Bonded Energy < Valence > Components.

          < Bond >                  4.5953081262
          < Angle >                11.4698480445
          < Pdihed >              128.5705975852
          < Idihed >                0.0000000000
          < Tether >                0.0000000000

          -------------------------------------------------------------------
                        End of feprocess Calculation Results Summary.
          -------------------------------------------------------------------


     Total cpu time for run       4030.10 seconds.
                                    67.17 minutes.

     Total wall time for run      2009.99 seconds.
                                    33.50 minutes.

     TIME STAMP: VCPack job finished normally : Sunday, August 07, 2022 at 15:29:23
