
     --------------------------------------------------------------------------------
                        Running Program VCPack. Version 2.8

                           VeraChem LLC, PO Box 2206
                           Germantown, MD 20875, U.S.A.

                                Tel. 240-686-0565
                                www.verachem.com
     --------------------------------------------------------------------------------


     Input file          :   guest-s21_vm2.inp

     Output file         :   guest-s21_vm2.out

     Summary output file :   guest-s21_vm2.summary.out

     Executable : /data/comblab/vcCompChem_3b/exe/VC_CompChemPackage_mpi.exe

     Build date : Aug 13 2021  17:26:14

     This is a multiple processor run.

     MPI processes              :   16
     OpenMP threads per process :    0
     CUDA enabled               :  no

     TIME STAMP: VCPack job started : Sunday, August 07, 2022 at 15:53:26

     --------------------------------------------------------------------------------
                            Basic Calculation Control.
     --------------------------------------------------------------------------------

     Molecular system type                :  ligand          

     Calculation type                     :  vm2             

     Energy potential                     :  mm              

     Post-processing type                 :  none            

     Post-processing energy potential     :  none            

     Time limit in wall clock hours       :  96.00

     Read in starting conformers          :  no
     Type of conformers to read in        :  none
     Conformer source files(s)            :  none

     Use input .crd for complex build     :  no
     Place ligand confs. at input .crd    :  no
     Use input .crd as start conformer    :  yes

     Formatted output files               :  xyz     
                                          :  pdb     
                                          :  mol2    
                                          :  sdf     
                                          :  xyz     
                                          :  gms     
                                          :  csv     

     Split formatted output files         :  crd     

     Limit conformers in formatted files  :  bycount
     Maximum conformer count              :  1000

     Atoms to include in formatted files  :  all     

     Binary file restart type             :  none


     --------------------------------------------------------------------------------
                            Math Related Control and Set Up.
     --------------------------------------------------------------------------------

     Random number generator seeds :  bywallclock

     Seed 1 :           5185428
     Seed 2 :            479093
     Seed 3 :              3333
     Seed 4 :             22044


     --------------------------------------------------------------------------------
                            Basic Molecular System Set Up.
     --------------------------------------------------------------------------------

     ------------------
     Ligand Data Files.
     ------------------

     Standard crd coordinate file            :  guest-s21.crd
     VeraChem topology file                  :  guest-s21.top
     Standard mol/sdf file                   :  guest-s21.mol

     Total number of ligand atoms            :        22

     Included in this calculation.
     Number of real and live ligand atoms    :        22
     Number of real but fixed ligand atoms   :         0

     Ligand placement method                 :  none

     Snap ligand to template atoms           :      no

     -------------------------------
     Final Real/Live Set Atom Count.
     -------------------------------

     Total number of real atoms              :        22
     Total number of live atoms              :        22


     --------------------------------------------------------------------------------
                            Generate Initial Molecular Conformation.
     --------------------------------------------------------------------------------

     Mandatory input crd file(s) used for generation of a single starting conformer.


     --------------------------------------------------------------------------------
                             Energy Potential Settings.
     --------------------------------------------------------------------------------


     Molecular Mechanics package          :  vchem           

     Quantum Mechanics package            :  none            


     --------------------------------------------------------------------------------
                    Running VM2 Mining Minima Module. Version 2.8
     --------------------------------------------------------------------------------

     Iteration    Free Energy G             G Diff            # Conformers     # Diff
        1           -17.490960             -17.490960              34              34
        2           -17.551899              -0.060939              61              27
        3           -17.657784              -0.105886              65               4
        4           -17.668043              -0.010259              72               7
        5           -17.668162              -0.000118              72               0
        6           -17.677497              -0.009335              81               9

     VM2 Free Energy converged after    6 iterations.

     Final VM2 Free Energy is     -17.677497 Kcal/mol.

          --------------------------------
          Final Individual Conformer Data.
          --------------------------------

          List data for conformers with probability of at least :  0.01 %
          Rankings are with respect to : Free Energy (G)

          ------------------------
          Free Energy: G = E - TS
          ------------------------

          ------------------------------------------------------------------------------------------
          Rank    ID     ln(Zx)    Prob(%)  Sum Prob(%)  Del G        G            E            -TS
          ------------------------------------------------------------------------------------------
             1    202    -17.32109   32.02    32.02      0.00       -17.00       -36.57        19.57
             2    313    -18.67805    8.24    40.27      0.81       -16.19       -35.87        19.68
             3    324    -18.78619    7.40    47.67      0.87       -16.13       -35.80        19.68
             4    567    -18.79764    7.32    54.98      0.88       -16.12       -35.79        19.67
             5    523    -18.82964    7.08    62.07      0.90       -16.10       -35.77        19.67
             6     38    -18.93544    6.37    68.44      0.96       -16.04       -35.71        19.68
             7    539    -18.99208    6.02    74.46      1.00       -16.00       -35.68        19.68
             8    134    -19.74316    2.84    77.31      1.44       -15.55       -35.43        19.88
             9    135    -19.79296    2.70    80.01      1.47       -15.53       -35.40        19.88
            10     52    -20.30558    1.62    81.63      1.78       -15.22       -35.03        19.81
            11    278    -20.35263    1.54    83.17      1.81       -15.19       -34.93        19.73
            12      0    -20.35427    1.54    84.72      1.81       -15.19       -35.27        20.08
            13    168    -20.35912    1.53    86.25      1.81       -15.19       -35.00        19.81
            14    469    -20.40266    1.47    87.72      1.84       -15.16       -34.90        19.73
            15    552    -20.52575    1.30    89.02      1.91       -15.09       -35.09        20.00
            16    528    -20.63520    1.16    90.18      1.98       -15.02       -35.03        20.00
            17    345    -20.63757    1.16    91.35      1.98       -15.02       -35.00        19.97
            18    379    -20.68187    1.11    92.46      2.00       -15.00       -34.97        19.97
            19    179    -21.12488    0.71    93.17      2.27       -14.73       -34.71        19.98
            20     90    -21.24426    0.63    93.80      2.34       -14.66       -34.65        19.99
            21    367    -21.27788    0.61    94.42      2.36       -14.64       -34.63        19.99
            22    126    -21.28654    0.61    95.02      2.36       -14.63       -34.63        20.00
            23    373    -21.31491    0.59    95.61      2.38       -14.62       -34.61        19.99
            24    183    -21.32639    0.58    96.20      2.39       -14.61       -34.59        19.98
            25    178    -21.32920    0.58    96.78      2.39       -14.61       -34.61        20.00
            26    491    -21.35109    0.57    97.35      2.40       -14.60       -34.58        19.99
            27    537    -21.70259    0.40    97.75      2.61       -14.39       -34.41        20.03
            28     84    -21.72246    0.39    98.14      2.62       -14.37       -34.40        20.03
            29    568    -22.16856    0.25    98.39      2.89       -14.11       -34.42        20.32
            30    104    -22.23965    0.23    98.63      2.93       -14.07       -34.38        20.32
            31    317    -23.02852    0.11    98.73      3.40       -13.60       -33.89        20.29
            32    159    -23.03852    0.11    98.84      3.41       -13.59       -33.88        20.29
            33    342    -23.32258    0.08    98.92      3.58       -13.42       -33.72        20.30
            34     67    -23.32557    0.08    99.00      3.58       -13.42       -33.72        20.30
            35    463    -23.34210    0.08    99.07      3.59       -13.41       -33.82        20.41
            36    264    -23.37503    0.08    99.15      3.61       -13.39       -33.47        20.08
            37    247    -23.37974    0.07    99.22      3.61       -13.39       -33.47        20.08
            38    115    -23.38866    0.07    99.30      3.62       -13.38       -33.79        20.41
            39    160    -23.65979    0.06    99.36      3.78       -13.22       -33.16        19.94
            40    573    -23.67746    0.06    99.41      3.79       -13.21       -33.37        20.16
            41    139    -23.68270    0.06    99.47      3.79       -13.21       -33.39        20.19
            42    571    -23.73642    0.05    99.52      3.82       -13.17       -33.34        20.16
            43      5    -23.74590    0.05    99.57      3.83       -13.17       -33.11        19.94
            44    525    -23.76670    0.05    99.62      3.84       -13.16       -33.34        20.19
            45    349    -23.83541    0.05    99.67      3.88       -13.12       -33.06        19.95
            46     68    -23.87820    0.05    99.71      3.91       -13.09       -33.04        19.95
            47    347    -23.92072    0.04    99.76      3.93       -13.06       -32.97        19.91
            48    271    -23.98719    0.04    99.80      3.97       -13.02       -32.93        19.91
            49    564    -24.02702    0.04    99.84      4.00       -13.00       -32.91        19.91
            50    574    -24.18386    0.03    99.87      4.09       -12.91       -32.81        19.91
            51    369    -24.97479    0.02    99.89      4.56       -12.44       -33.14        20.70
            52    346    -25.02849    0.01    99.90      4.59       -12.40       -33.11        20.70
            53    487    -25.17809    0.01    99.91      4.68       -12.31       -32.68        20.36
            54    355    -25.25628    0.01    99.93      4.73       -12.27       -32.63        20.36
            55    555    -25.30424    0.01    99.94      4.76       -12.24       -32.43        20.19
            56    510    -25.37133    0.01    99.95      4.80       -12.20       -32.39        20.19
          ------------------------------------------------------------------------------------------

          --------------------------------------------------------
          Potential Energy: E = (U+W) + H.O. Equipartion energy
          --------------------------------------------------------

          ------------------------------------------------------------------------------------------
          Rank    ID         E          U+W            U        W(PBSA)          PB           SA
          ------------------------------------------------------------------------------------------
             1    202       -36.57       -54.45         5.78       -60.23       -62.56         2.33
             2    313       -35.87       -53.75         6.78       -60.53       -62.85         2.31
             3    324       -35.80       -53.69         6.78       -60.47       -62.79         2.32
             4    567       -35.79       -53.68         7.03       -60.70       -63.01         2.30
             5    523       -35.77       -53.66         7.03       -60.68       -62.98         2.29
             6     38       -35.71       -53.60         6.75       -60.35       -62.66         2.31
             7    539       -35.68       -53.56         6.75       -60.32       -62.64         2.32
             8    134       -35.43       -53.32         7.94       -61.26       -63.56         2.30
             9    135       -35.40       -53.29         7.94       -61.23       -63.52         2.30
            10     52       -35.03       -52.91         7.60       -60.51       -62.80         2.28
            11    278       -34.93       -52.81         7.69       -60.50       -62.77         2.27
            12      0       -35.27       -53.16         6.76       -59.92       -62.26         2.33
            13    168       -35.00       -52.88         7.60       -60.48       -62.77         2.29
            14    469       -34.90       -52.78         7.69       -60.47       -62.78         2.31
            15    552       -35.09       -52.98         8.06       -61.04       -63.31         2.27
            16    528       -35.03       -52.91         8.06       -60.97       -63.23         2.26
            17    345       -35.00       -52.88         8.10       -60.98       -63.23         2.25
            18    379       -34.97       -52.85         8.10       -60.96       -63.22         2.26
            19    179       -34.71       -52.60         8.92       -61.52       -63.79         2.27
            20     90       -34.65       -52.53         9.11       -61.64       -63.92         2.28
            21    367       -34.63       -52.51         9.11       -61.62       -63.90         2.28
            22    126       -34.63       -52.52         9.38       -61.89       -64.19         2.30
            23    373       -34.61       -52.49         8.59       -61.08       -63.35         2.28
            24    183       -34.59       -52.48         8.92       -61.40       -63.68         2.28
            25    178       -34.61       -52.49         9.38       -61.87       -64.16         2.29
            26    491       -34.58       -52.47         8.59       -61.06       -63.35         2.30
            27    537       -34.41       -52.30         9.62       -61.92       -64.20         2.28
            28     84       -34.40       -52.29         9.62       -61.91       -64.18         2.27
            29    568       -34.42       -52.31         8.87       -61.18       -63.41         2.23
            30    104       -34.38       -52.27         8.87       -61.14       -63.38         2.24
            31    317       -33.89       -51.77         9.55       -61.32       -63.55         2.23
            32    159       -33.88       -51.77         9.55       -61.31       -63.55         2.24
            33    342       -33.72       -51.61        10.39       -62.00       -64.21         2.20
            34     67       -33.72       -51.61        10.39       -62.00       -64.21         2.21
            35    463       -33.82       -51.70        10.05       -61.75       -63.98         2.22
            36    264       -33.47       -51.36        10.43       -61.78       -64.01         2.23
            37    247       -33.47       -51.35        10.43       -61.78       -64.01         2.23
            38    115       -33.79       -51.67        10.05       -61.73       -63.94         2.22
            39    160       -33.16       -51.04        10.04       -61.09       -63.36         2.27
            40    573       -33.37       -51.26        10.89       -62.15       -64.37         2.22
            41    139       -33.39       -51.28        11.24       -62.52       -64.78         2.27
            42    571       -33.34       -51.22        10.89       -62.11       -64.33         2.22
            43      5       -33.11       -50.99        10.04       -61.04       -63.30         2.27
            44    525       -33.34       -51.23        11.24       -62.47       -64.73         2.27
            45    349       -33.06       -50.95        10.21       -61.15       -63.41         2.26
            46     68       -33.04       -50.92        10.20       -61.12       -63.38         2.26
            47    347       -32.97       -50.86        10.45       -61.31       -63.58         2.27
            48    271       -32.93       -50.82        10.30       -61.11       -63.37         2.26
            49    564       -32.91       -50.79        10.45       -61.25       -63.53         2.28
            50    574       -32.81       -50.70        10.30       -60.99       -63.27         2.28
            51    369       -33.14       -51.02        10.57       -61.59       -63.77         2.19
            52    346       -33.11       -50.99        10.57       -61.56       -63.75         2.19
            53    487       -32.68       -50.56        11.69       -62.25       -64.46         2.21
            54    355       -32.63       -50.51        11.69       -62.20       -64.43         2.23
            55    555       -32.43       -50.32        11.65       -61.96       -64.19         2.22
            56    510       -32.39       -50.28        11.65       -61.93       -64.17         2.24
          ------------------------------------------------------------------------------------------

          ----------------------------------------
          Gas Phase Internal Potential Energy: U
          ----------------------------------------

          ------------------------------------------------------------------------------------------
          Rank    ID         U         Valence     Coulomb        VdW         VdW6        VdW12
          ------------------------------------------------------------------------------------------
             1    202         5.78         7.10        -2.08         0.76        -6.50         7.25
             2    313         6.78         7.62        -1.71         0.87        -7.19         8.06
             3    324         6.78         7.62        -1.71         0.87        -7.19         8.06
             4    567         7.03         7.64        -1.49         0.88        -7.17         8.04
             5    523         7.03         7.64        -1.49         0.88        -7.17         8.04
             6     38         6.75         7.60        -1.74         0.89        -7.11         8.00
             7    539         6.75         7.60        -1.74         0.89        -7.11         8.00
             8    134         7.94         7.36        -0.02         0.60        -7.36         7.96
             9    135         7.94         7.36        -0.02         0.60        -7.36         7.96
            10     52         7.60         8.09        -1.47         0.98        -7.83         8.81
            11    278         7.69         8.20        -1.56         1.05        -7.74         8.79
            12      0         6.76         7.60        -2.14         1.30        -6.79         8.09
            13    168         7.60         8.09        -1.47         0.98        -7.83         8.81
            14    469         7.69         8.20        -1.56         1.05        -7.74         8.79
            15    552         8.06         8.06        -0.78         0.78        -8.23         9.01
            16    528         8.06         8.06        -0.78         0.78        -8.23         9.01
            17    345         8.10         8.05        -0.79         0.84        -8.06         8.91
            18    379         8.10         8.05        -0.79         0.84        -8.06         8.91
            19    179         8.92         7.88         0.35         0.69        -8.05         8.74
            20     90         9.11         7.86         0.53         0.72        -7.99         8.71
            21    367         9.11         7.86         0.53         0.72        -7.99         8.71
            22    126         9.38         7.86         0.81         0.71        -8.02         8.73
            23    373         8.59         7.93        -0.13         0.78        -7.98         8.76
            24    183         8.92         7.88         0.35         0.69        -8.05         8.74
            25    178         9.38         7.86         0.81         0.71        -8.02         8.73
            26    491         8.59         7.93        -0.13         0.78        -7.98         8.76
            27    537         9.62         7.87         1.26         0.49        -8.39         8.88
            28     84         9.62         7.87         1.27         0.49        -8.39         8.88
            29    568         8.87         8.48        -0.36         0.75        -9.08         9.83
            30    104         8.87         8.48        -0.36         0.75        -9.08         9.83
            31    317         9.55         8.35         0.45         0.75        -8.87         9.62
            32    159         9.55         8.35         0.45         0.75        -8.87         9.62
            33    342        10.39         8.28         1.52         0.59        -9.07         9.66
            34     67        10.39         8.28         1.52         0.59        -9.07         9.66
            35    463        10.05         8.32         1.29         0.44        -9.40         9.84
            36    264        10.43         8.45         1.31         0.68        -8.93         9.60
            37    247        10.43         8.45         1.31         0.68        -8.93         9.60
            38    115        10.05         8.32         1.29         0.44        -9.40         9.84
            39    160        10.04        10.10        -0.88         0.83        -8.18         9.00
            40    573        10.89         8.35         2.01         0.53        -9.12         9.66
            41    139        11.24         9.03         1.67         0.54        -8.82         9.36
            42    571        10.89         8.35         2.01         0.53        -9.12         9.66
            43      5        10.04        10.10        -0.88         0.83        -8.18         9.00
            44    525        11.24         9.03         1.67         0.54        -8.82         9.36
            45    349        10.21        10.11        -0.70         0.80        -8.21         9.01
            46     68        10.20        10.11        -0.70         0.80        -8.21         9.01
            47    347        10.45        10.10        -0.50         0.86        -8.06         8.92
            48    271        10.30        10.08        -0.62         0.84        -8.07         8.91
            49    564        10.45        10.10        -0.50         0.86        -8.06         8.92
            50    574        10.30        10.08        -0.62         0.84        -8.07         8.91
            51    369        10.57         8.74         1.38         0.44       -10.22        10.66
            52    346        10.57         8.74         1.38         0.44       -10.22        10.66
            53    487        11.69         9.47         1.56         0.65        -9.49        10.15
            54    355        11.69         9.47         1.56         0.65        -9.49        10.15
            55    555        11.65         9.67         1.20         0.78        -9.28        10.06
            56    510        11.65         9.67         1.20         0.78        -9.28        10.06
          ------------------------------------------------------------------------------------------

          -------------------------------
          Bonded Energy Terms: Valence
          -------------------------------

          ------------------------------------------------------------------------------------------
          Rank    ID     Valence       Bond        Angle         Pdih         Idih       Tether
          ------------------------------------------------------------------------------------------
             1    202         7.10         0.10         2.26         4.74         0.00         0.00
             2    313         7.62         0.14         2.50         4.97         0.00         0.00
             3    324         7.62         0.14         2.50         4.97         0.00         0.00
             4    567         7.64         0.13         2.51         4.99         0.00         0.00
             5    523         7.64         0.13         2.51         4.99         0.00         0.00
             6     38         7.60         0.13         2.49         4.98         0.00         0.00
             7    539         7.60         0.13         2.49         4.98         0.00         0.00
             8    134         7.36         0.12         2.43         4.81         0.00         0.00
             9    135         7.36         0.12         2.43         4.81         0.00         0.00
            10     52         8.09         0.17         2.69         5.23         0.00         0.00
            11    278         8.20         0.18         2.78         5.24         0.00         0.00
            12      0         7.60         0.13         2.72         4.75         0.00         0.00
            13    168         8.09         0.17         2.69         5.23         0.00         0.00
            14    469         8.20         0.18         2.78         5.23         0.00         0.00
            15    552         8.06         0.18         2.91         4.97         0.00         0.00
            16    528         8.06         0.18         2.91         4.97         0.00         0.00
            17    345         8.05         0.17         2.89         4.99         0.00         0.00
            18    379         8.05         0.17         2.89         4.99         0.00         0.00
            19    179         7.88         0.16         2.66         5.06         0.00         0.00
            20     90         7.86         0.15         2.65         5.06         0.00         0.00
            21    367         7.86         0.15         2.65         5.06         0.00         0.00
            22    126         7.86         0.15         2.65         5.06         0.00         0.00
            23    373         7.93         0.16         2.70         5.07         0.00         0.00
            24    183         7.88         0.16         2.66         5.06         0.00         0.00
            25    178         7.86         0.15         2.65         5.06         0.00         0.00
            26    491         7.93         0.16         2.70         5.07         0.00         0.00
            27    537         7.87         0.17         2.77         4.93         0.00         0.00
            28     84         7.87         0.17         2.77         4.93         0.00         0.00
            29    568         8.48         0.22         3.21         5.05         0.00         0.00
            30    104         8.48         0.22         3.21         5.05         0.00         0.00
            31    317         8.35         0.20         3.09         5.06         0.00         0.00
            32    159         8.35         0.20         3.09         5.06         0.00         0.00
            33    342         8.28         0.19         3.03         5.06         0.00         0.00
            34     67         8.28         0.19         3.03         5.06         0.00         0.00
            35    463         8.32         0.21         3.15         4.96         0.00         0.00
            36    264         8.45         0.21         3.07         5.17         0.00         0.00
            37    247         8.45         0.21         3.07         5.17         0.00         0.00
            38    115         8.32         0.21         3.15         4.96         0.00         0.00
            39    160        10.10         0.18         2.99         6.93         0.00         0.00
            40    573         8.35         0.20         2.94         5.21         0.00         0.00
            41    139         9.03         0.19         3.20         5.64         0.01         0.00
            42    571         8.35         0.20         2.94         5.21         0.00         0.00
            43      5        10.10         0.18         2.99         6.93         0.00         0.00
            44    525         9.03         0.19         3.20         5.64         0.01         0.00
            45    349        10.11         0.19         3.00         6.91         0.00         0.00
            46     68        10.11         0.19         3.00         6.91         0.00         0.00
            47    347        10.10         0.18         3.00         6.92         0.00         0.00
            48    271        10.08         0.18         2.98         6.92         0.00         0.00
            49    564        10.10         0.18         3.00         6.92         0.00         0.00
            50    574        10.08         0.18         2.98         6.92         0.00         0.00
            51    369         8.74         0.25         3.45         5.04         0.00         0.00
            52    346         8.74         0.25         3.45         5.04         0.00         0.00
            53    487         9.47         0.22         3.35         5.90         0.01         0.00
            54    355         9.47         0.22         3.35         5.89         0.01         0.00
            55    555         9.67         0.22         3.51         5.93         0.01         0.00
            56    510         9.67         0.22         3.51         5.93         0.01         0.00
          ------------------------------------------------------------------------------------------

          Calculating single reference conformer RMSDs ...

          ---------------------------------
          Conformer RMSDs are in Angstroms.
          ---------------------------------

          ------------------------------------------------------------------------------------------
                              RMSD wrt Input Crd                    RMSD wrt Rank 1
                         ---------------------------------------------------------------------------
          Rank    ID        Complex    Receptor  Ligand          Complex    Receptor  Ligand
          ------------------------------------------------------------------------------------------
             1    202                             1.922                               0.000
             2    313                             1.620                               1.930
             3    324                             1.813                               1.143
             4    567                             2.278                               0.662
             5    523                             1.394                               1.895
             6     38                             1.022                               0.644
             7    539                             0.929                               0.644
             8    134                             2.747                               1.455
             9    135                             2.181                               2.427
            10     52                             1.129                               1.022
            11    278                             1.255                               0.629
            12      0                             0.024                               1.900
            13    168                             1.269                               1.177
            14    469                             1.200                               0.629
            15    552                             2.066                               2.324
            16    528                             2.567                               2.286
            17    345                             2.268                               1.347
            18    379                             1.452                               1.175
            19    179                             2.011                               2.676
            20     90                             2.096                               2.838
            21    367                             1.747                               2.814
            22    126                             2.840                               2.224
            23    373                             1.350                               2.116
            24    183                             1.986                               2.408
            25    178                             2.714                               2.124
            26    491                             1.945                               2.152
            27    537                             2.170                               2.712
            28     84                             2.311                               2.810
            29    568                             2.397                               1.640
            30    104                             1.705                               1.462
            31    317                             1.334                               1.010
            32    159                             2.310                               1.010
            33    342                             2.215                               1.580
            34     67                             1.539                               2.145
            35    463                             2.591                               2.253
            36    264                             2.679                               2.301
            37    247                             2.075                               2.753
            38    115                             2.142                               2.306
            39    160                             1.490                               1.749
            40    573                             2.214                               2.784
            41    139                             2.688                               2.831
            42    571                             2.288                               2.598
            43      5                             1.627                               1.603
            44    525                             2.858                               2.809
            45    349                             2.038                               2.200
            46     68                             1.346                               1.918
            47    347                             1.616                               1.735
            48    271                             1.682                               1.124
            49    564                             1.812                               1.864
            50    574                             1.646                               1.549
            51    369                             1.904                               1.979
            52    346                             1.643                               1.828
            53    487                             2.573                               2.718
            54    355                             2.400                               2.693
            55    555                             2.196                               2.680
            56    510                             2.216                               2.677
          ------------------------------------------------------------------------------------------

          --------------------------------
          Final Boltzmann Averaged Data.
          --------------------------------

          -------------------------------------------------------------------
          Results of Boltzmann Averaging Over All   81 Conformers (kcal/mol).
          -------------------------------------------------------------------

          Free Energy                        G             -17.6774966793
          Average Potential Energy         < E >           -35.8098689609
          Entropy                           -TS             18.1323722816
          -------------------------------------------------------------------

          Average Potential Energy < E > Components.

          < U >                     6.8614314237
          < W(PBSA) >             -60.5558585596
          < H.O. P.E. >            17.8848580373

          Average Solvation Energy < W(PBSA) > Components.

          < PB >                  -62.8644330230
          < SA >                    2.3085744634

          Average Gas Phase Internal Potential Energy < U > Components.

          < Valence >               7.5303827708
          < Coulomb >              -1.4913453604
          < VdW >                   0.8223940132

          Average Van der Waals Energy < VdW > Components.

          < VdW6  >                -7.1209614200
          < VdW12 >                 7.9433554332

          Average Bonded Energy < Valence > Components.

          < Bond >                  0.1306535149
          < Angle >                 2.4791569114
          < Pdihed >                4.9199419869
          < Idihed >                0.0006303577
          < Tether >                0.0000000000

          -------------------------------------------------------------------
                        End of VM2 Calculation Results Summary.
          -------------------------------------------------------------------


     Total cpu time for run         16.34 seconds.
                                     0.27 minutes.

     Total wall time for run        16.48 seconds.
                                     0.27 minutes.

     TIME STAMP: VCPack job finished normally : Sunday, August 07, 2022 at 15:53:43
