
     --------------------------------------------------------------------------------
                        Running Program VCPack. Version 2.8

                           VeraChem LLC, PO Box 2206
                           Germantown, MD 20875, U.S.A.

                                Tel. 240-686-0565
                                www.verachem.com
     --------------------------------------------------------------------------------


     Input file          :   CD_guest-1_fast_vm2_rndm.inp

     Output file         :   CD_guest-1_fast_vm2_rndm.out

     Summary output file :   CD_guest-1_fast_vm2_rndm.summary.out

     Executable : /data/comblab/vcCompChem_3b/exe/VC_CompChemPackage_mpi_openmp.exe

     Build date : Aug 13 2021  17:26:49

     This is a multiple processor run.

     MPI processes              :   16
     OpenMP threads per process :   16
     CUDA enabled               :  no

     TIME STAMP: VCPack job started : Sunday, August 07, 2022 at 12:06:18

     --------------------------------------------------------------------------------
                            Basic Calculation Control.
     --------------------------------------------------------------------------------

     Molecular system type                :  host+ligand     

     Calculation type                     :  feprocess       

     Energy potential                     :  mm              

     Post-processing type                 :  none            

     Post-processing energy potential     :  none            

     Time limit in wall clock hours       :  96.00

     Type of conformers to read in        :  ligand  
     Conformer source files(s)            :  guest-1_confgen4.xyz                              

     Use input .crd for complex build     :  no
     Place ligand confs. at input .crd    :  byconfscog
     Use input .crd as start conformer    :  yes

     Formatted output files               :  xyz     
                                          :  pdb     
                                          :  mol2    
                                          :  sdf     
                                          :  xyz     
                                          :  gms     
                                          :  csv     

     Split formatted output files         :  crd     

     Limit conformers in formatted files  :  bycount
     Maximum conformer count              :  1000

     Atoms to include in formatted files  :  all     

     Binary file restart type             :  none


     --------------------------------------------------------------------------------
                            Math Related Control and Set Up.
     --------------------------------------------------------------------------------

     Random number generator seeds :  bywallclock

     Seed 1 :           8898230
     Seed 2 :            562533
     Seed 3 :               505
     Seed 4 :             25497


     --------------------------------------------------------------------------------
                            Basic Molecular System Set Up.
     --------------------------------------------------------------------------------

     ----------------
     Host Data Files.
     ----------------

     Standard crd coordinate file            :  CD.crd
     VeraChem topology file                  :  CD.top
     Standard mol/sdf file                   :  CD.mol

     Total number of host atoms              :       126

     ------------------
     Ligand Data Files.
     ------------------

     Standard crd coordinate file            :  guest-1.crd
     VeraChem topology file                  :  guest-1.top
     Standard mol/sdf file                   :  guest-1.mol

     Total number of ligand atoms            :        17

     Included in this calculation.
     Number of real and live ligand atoms    :        17
     Number of real but fixed ligand atoms   :         0

     Ligand placement method                 :  byreceptorcog

     NOTE: The placement of the ligand redefines the ligand .crd input coordinates.

     Snap ligand to template atoms           :      no

     -------------------------------
     Final Real/Live Set Atom Count.
     -------------------------------

     Total number of real atoms              :       143
     Total number of live atoms              :       143


     --------------------------------------------------------------------------------
                            Generate Initial Molecular Conformations.
     --------------------------------------------------------------------------------

     Conf. Type Read In      File Format       No. of Confs. Read In 
             ligand             xyz                 996

     Mandatory input crd file(s) used for generation of 1 additional conformer.

     From these the total number of starting conformers generated :   997


     --------------------------------------------------------------------------------
                             Energy Potential Settings.
     --------------------------------------------------------------------------------


     Molecular Mechanics package          :  vchem           

     Quantum Mechanics package            :  none            


     --------------------------------------------------------------------------------
                       Running VfreeE Module. Version 2.8
     --------------------------------------------------------------------------------

          --------------------------------
          Final Individual Conformer Data.
          --------------------------------

          List data for conformers with probability of at least :  0.01 %
          Rankings are with respect to : Free Energy (G)

          ------------------------
          Free Energy: G = E - TS
          ------------------------

          ------------------------------------------------------------------------------------------
          Rank    ID     ln(Zx)    Prob(%)  Sum Prob(%)  Del G        G            E            -TS
          ------------------------------------------------------------------------------------------
             1    857  -1209.41705   25.61    25.61      0.00       549.84       362.20       187.64
             2    979  -1209.88887   15.98    41.58      0.28       550.12       362.63       187.49
             3    913  -1209.96675   14.78    56.36      0.33       550.17       362.90       187.27
             4    163  -1210.10909   12.82    69.18      0.41       550.25       362.90       187.35
             5    704  -1210.37671    9.81    78.99      0.57       550.41       362.75       187.66
             6    134  -1210.47166    8.92    87.91      0.63       550.47       362.94       187.53
             7    463  -1211.65659    2.73    90.64      1.34       551.17       364.50       186.67
             8    355  -1211.67912    2.67    93.30      1.35       551.19       363.71       187.48
             9    806  -1212.12930    1.70    95.00      1.62       551.46       364.79       186.67
            10    235  -1212.71350    0.95    95.95      1.97       551.80       364.72       187.09
            11    673  -1212.89788    0.79    96.74      2.08       551.91       362.67       189.24
            12    427  -1212.92895    0.76    97.50      2.09       551.93       363.42       188.51
            13    199  -1213.65534    0.37    97.87      2.53       552.37       363.40       188.97
            14    823  -1213.67008    0.36    98.24      2.54       552.38       364.41       187.96
            15     27  -1213.69072    0.36    98.59      2.55       552.39       365.10       187.29
            16    799  -1213.72223    0.35    98.94      2.57       552.41       362.47       189.94
            17    228  -1214.07205    0.24    99.18      2.78       552.61       365.29       187.32
            18    665  -1214.26345    0.20    99.38      2.89       552.73       365.75       186.98
            19     31  -1214.27022    0.20    99.58      2.89       552.73       364.33       188.40
            20    445  -1215.33896    0.07    99.65      3.53       553.37       367.36       186.01
            21    853  -1215.46285    0.06    99.71      3.60       553.44       363.73       189.71
            22    422  -1215.54985    0.06    99.77      3.66       553.50       366.82       186.68
            23      2  -1215.71626    0.05    99.82      3.76       553.60       365.10       188.50
            24    566  -1216.44022    0.02    99.84      4.19       554.03       365.66       188.37
            25    803  -1216.50975    0.02    99.86      4.23       554.07       367.57       186.50
            26    266  -1216.76211    0.02    99.88      4.38       554.22       367.96       186.26
            27    768  -1216.95125    0.01    99.89      4.49       554.33       365.89       188.45
            28    955  -1216.95232    0.01    99.90      4.49       554.33       366.33       188.00
          ------------------------------------------------------------------------------------------

          --------------------------------------------------------
          Potential Energy: E = (U+W) + H.O. Equipartion energy
          --------------------------------------------------------

          ------------------------------------------------------------------------------------------
          Rank    ID         E          U+W            U        W(PBSA)          PB           SA
          ------------------------------------------------------------------------------------------
             1    857       362.20       236.11       326.58       -90.46       -96.51         6.05
             2    979       362.63       236.54       327.11       -90.57       -96.61         6.05
             3    913       362.90       236.81       327.21       -90.41       -96.45         6.04
             4    163       362.90       236.81       326.57       -89.76       -95.87         6.11
             5    704       362.75       236.66       326.89       -90.23       -96.27         6.04
             6    134       362.94       236.85       327.87       -91.02       -97.07         6.05
             7    463       364.50       238.41       333.24       -94.83      -100.90         6.07
             8    355       363.71       237.62       327.36       -89.74       -95.79         6.06
             9    806       364.79       238.70       332.48       -93.79       -99.83         6.05
            10    235       364.72       238.63       330.17       -91.55       -97.58         6.04
            11    673       362.67       236.58       320.69       -84.11       -90.16         6.05
            12    427       363.42       237.33       328.67       -91.34       -97.41         6.07
            13    199       363.40       237.31       321.68       -84.36       -90.38         6.02
            14    823       364.41       238.33       323.79       -85.47       -91.47         6.01
            15     27       365.10       239.01       335.71       -96.70      -102.70         6.00
            16    799       362.47       236.38       322.10       -85.72       -91.82         6.10
            17    228       365.29       239.20       327.64       -88.44       -94.60         6.16
            18    665       365.75       239.66       329.89       -90.23       -96.31         6.09
            19     31       364.33       238.24       327.46       -89.22       -95.25         6.03
            20    445       367.36       241.27       335.33       -94.06      -100.07         6.01
            21    853       363.73       237.64       322.56       -84.92       -90.99         6.07
            22    422       366.82       240.73       334.90       -94.17      -100.15         5.98
            23      2       365.10       239.01       330.57       -91.56       -97.63         6.07
            24    566       365.66       239.57       331.09       -91.52       -97.53         6.01
            25    803       367.57       241.48       335.14       -93.66       -99.73         6.07
            26    266       367.96       241.87       330.59       -88.72       -94.72         6.00
            27    768       365.89       239.80       329.40       -89.60       -95.64         6.05
            28    955       366.33       240.25       328.00       -87.75       -93.77         6.01
          ------------------------------------------------------------------------------------------

          ----------------------------------------
          Gas Phase Internal Potential Energy: U
          ----------------------------------------

          ------------------------------------------------------------------------------------------
          Rank    ID         U         Valence     Coulomb        VdW         VdW6        VdW12
          ------------------------------------------------------------------------------------------
             1    857       326.58       146.53       201.21       -21.16      -172.25       151.08
             2    979       327.11       144.55       202.90       -20.34      -171.37       151.03
             3    913       327.21       145.89       202.63       -21.31      -172.14       150.84
             4    163       326.57       146.42       199.80       -19.65      -169.38       149.72
             5    704       326.89       146.74       201.14       -20.99      -172.16       151.17
             6    134       327.87       146.82       202.38       -21.34      -173.37       152.04
             7    463       333.24       147.39       206.33       -20.47      -169.62       149.15
             8    355       327.36       147.42       200.62       -20.67      -173.60       152.92
             9    806       332.48       148.58       206.42       -22.52      -171.52       149.01
            10    235       330.17       148.11       203.05       -20.98      -172.17       151.19
            11    673       320.69       144.29       195.70       -19.29      -173.61       154.31
            12    427       328.67       144.86       204.44       -20.63      -171.69       151.07
            13    199       321.68       144.87       196.93       -20.12      -174.49       154.37
            14    823       323.79       145.33       199.41       -20.94      -174.50       153.57
            15     27       335.71       145.60       211.21       -21.11      -170.32       149.21
            16    799       322.10       144.92       196.24       -19.07      -173.91       154.84
            17    228       327.64       146.06       198.71       -17.12      -167.32       150.19
            18    665       329.89       147.53       200.98       -18.62      -167.89       149.27
            19     31       327.46       147.16       200.87       -20.57      -173.56       153.00
            20    445       335.33       144.84       212.85       -22.36      -170.22       147.86
            21    853       322.56       144.78       197.05       -19.27      -173.62       154.35
            22    422       334.90       149.89       207.96       -22.95      -172.93       149.98
            23      2       330.57       146.69       205.12       -21.24      -173.08       151.84
            24    566       331.09       148.60       204.03       -21.54      -173.51       151.97
            25    803       335.14       148.43       205.55       -18.84      -167.62       148.79
            26    266       330.59       149.66       201.72       -20.79      -172.12       151.32
            27    768       329.40       146.84       204.38       -21.83      -174.54       152.71
            28    955       328.00       145.92       203.29       -21.21      -174.50       153.29
          ------------------------------------------------------------------------------------------

          -------------------------------
          Bonded Energy Terms: Valence
          -------------------------------

          ------------------------------------------------------------------------------------------
          Rank    ID     Valence       Bond        Angle         Pdih         Idih       Tether
          ------------------------------------------------------------------------------------------
             1    857       146.53         4.66        12.41       129.46         0.00         0.00
             2    979       144.55         4.72        11.98       127.84         0.00         0.00
             3    913       145.89         4.60        11.73       129.56         0.00         0.00
             4    163       146.42         4.69        11.84       129.89         0.00         0.00
             5    704       146.74         4.70        12.17       129.87         0.00         0.00
             6    134       146.82         4.84        12.10       129.88         0.00         0.00
             7    463       147.39         4.62        12.29       130.48         0.00         0.00
             8    355       147.42         4.88        13.06       129.48         0.00         0.00
             9    806       148.58         4.61        11.23       132.74         0.00         0.00
            10    235       148.11         4.73        12.10       131.27         0.00         0.00
            11    673       144.29         4.89        12.74       126.66         0.00         0.00
            12    427       144.86         4.71        11.98       128.17         0.00         0.00
            13    199       144.87         4.81        13.28       126.78         0.00         0.00
            14    823       145.33         4.83        13.50       127.00         0.00         0.00
            15     27       145.60         4.88        12.56       128.17         0.00         0.00
            16    799       144.92         4.96        12.75       127.21         0.00         0.00
            17    228       146.06         4.74        12.75       128.57         0.00         0.00
            18    665       147.53         4.61        11.79       131.12         0.00         0.00
            19     31       147.16         4.83        13.03       129.30         0.00         0.00
            20    445       144.84         4.68        12.05       128.12         0.00         0.00
            21    853       144.78         4.89        12.95       126.93         0.00         0.00
            22    422       149.89         4.64        11.60       133.65         0.00         0.00
            23      2       146.69         4.88        12.51       129.30         0.00         0.00
            24    566       148.60         4.90        12.68       131.01         0.00         0.00
            25    803       148.43         4.62        12.13       131.68         0.00         0.00
            26    266       149.66         4.67        12.47       132.52         0.00         0.00
            27    768       146.84         4.77        11.99       130.07         0.00         0.00
            28    955       145.92         4.83        13.80       127.29         0.00         0.00
          ------------------------------------------------------------------------------------------

          Calculating single reference conformer RMSDs ...

          ---------------------------------
          Conformer RMSDs are in Angstroms.
          ---------------------------------

          ------------------------------------------------------------------------------------------
                              RMSD wrt Input Crd                    RMSD wrt Rank 1
                         ---------------------------------------------------------------------------
          Rank    ID        Complex    Receptor  Ligand          Complex    Receptor  Ligand
          ------------------------------------------------------------------------------------------
             1    857         1.824     1.449     3.526           0.000     0.000     0.000
             2    979         2.223     2.127     2.830           2.726     2.810     1.998
             3    913         1.866     1.654     3.001           1.968     2.038     1.348
             4    163         1.940     1.393     4.156           1.138     0.524     2.975
             5    704         1.557     1.121     3.330           2.416     2.420     2.385
             6    134         1.642     1.129     3.637           2.134     2.231     1.188
             7    463         1.821     1.349     3.796           0.906     0.590     2.078
             8    355         2.087     1.916     3.073           0.709     0.520     1.490
             9    806         1.819     1.529     3.241           1.964     2.003     1.652
            10    235         1.748     1.357     3.473           1.368     1.231     2.127
            11    673         1.787     1.800     1.687           2.719     2.783     2.184
            12    427         1.920     1.797     2.664           1.316     1.183     2.047
            13    199         1.954     1.973     1.800           0.939     0.504     2.353
            14    823         1.788     1.743     2.090           0.734     0.342     1.914
            15     27         1.737     1.539     2.797           1.495     0.174     4.310
            16    799         2.391     2.359     2.619           2.154     2.190     1.864
            17    228         2.068     1.452     4.512           0.927     0.234     2.612
            18    665         2.426     2.044     4.308           2.288     2.219     2.744
            19     31         2.178     2.100     2.684           1.342     1.228     1.990
            20    445         1.472     1.400     1.924           2.554     2.421     3.380
            21    853         1.858     1.767     2.424           0.943     0.488     2.392
            22    422         1.715     1.328     3.419           1.578     1.496     2.089
            23      2         1.530     1.375     2.385           2.322     2.327     2.287
            24    566         1.485     1.310     2.416           1.939     1.987     1.534
            25    803         2.062     1.525     4.304           1.814     1.653     2.727
            26    266         1.725     1.069     4.070           2.703     2.646     3.093
            27    768         1.505     1.287     2.603           1.192     1.117     1.647
            28    955         1.793     1.764     1.991           2.457     2.498     2.135
          ------------------------------------------------------------------------------------------

          --------------------------------
          Final Boltzmann Averaged Data.
          --------------------------------

          -------------------------------------------------------------------
          Results of Boltzmann Averaging Over All  288 Conformers (kcal/mol).
          -------------------------------------------------------------------

          Free Energy                        G             549.0275573232
          Average Potential Energy         < E >           362.8248345658
          Entropy                           -TS            186.2027227574
          -------------------------------------------------------------------

          Average Potential Energy < E > Components.

          < U >                   327.2257640267
          < W(PBSA) >             -90.4886422873
          < H.O. P.E. >           126.0882491630

          Average Solvation Energy < W(PBSA) > Components.

          < PB >                  -96.5441588798
          < SA >                    6.0555165925

          Average Gas Phase Internal Potential Energy < U > Components.

          < Valence >             146.2019848397
          < Coulomb >             201.8238168740
          < VdW >                 -20.8000376870

          Average Van der Waals Energy < VdW > Components.

          < VdW6  >              -171.7704523801
          < VdW12 >               150.9704146931

          Average Bonded Energy < Valence > Components.

          < Bond >                  4.6947464024
          < Angle >                12.1169964762
          < Pdihed >              129.3902419610
          < Idihed >                0.0000000000
          < Tether >                0.0000000000

          -------------------------------------------------------------------
                        End of feprocess Calculation Results Summary.
          -------------------------------------------------------------------


     Total cpu time for run       4202.69 seconds.
                                    70.04 minutes.

     Total wall time for run      2055.65 seconds.
                                    34.26 minutes.

     TIME STAMP: VCPack job finished normally : Sunday, August 07, 2022 at 12:40:33
