
     --------------------------------------------------------------------------------
                        Running Program VCPack. Version 2.8

                           VeraChem LLC, PO Box 2206
                           Germantown, MD 20875, U.S.A.

                                Tel. 240-686-0565
                                www.verachem.com
     --------------------------------------------------------------------------------


     Input file          :   CD_guest-7_fast_vm2_rndm.inp

     Output file         :   CD_guest-7_fast_vm2_rndm.out

     Summary output file :   CD_guest-7_fast_vm2_rndm.summary.out

     Executable : /data/comblab/vcCompChem_3b/exe/VC_CompChemPackage_mpi_openmp.exe

     Build date : Aug 13 2021  17:26:49

     This is a multiple processor run.

     MPI processes              :   16
     OpenMP threads per process :   16
     CUDA enabled               :  no

     TIME STAMP: VCPack job started : Sunday, August 07, 2022 at 13:51:02

     --------------------------------------------------------------------------------
                            Basic Calculation Control.
     --------------------------------------------------------------------------------

     Molecular system type                :  host+ligand     

     Calculation type                     :  feprocess       

     Energy potential                     :  mm              

     Post-processing type                 :  none            

     Post-processing energy potential     :  none            

     Time limit in wall clock hours       :  96.00

     Type of conformers to read in        :  ligand  
     Conformer source files(s)            :  guest-7_confgen4.xyz                              

     Use input .crd for complex build     :  no
     Place ligand confs. at input .crd    :  byconfscog
     Use input .crd as start conformer    :  yes

     Formatted output files               :  xyz     
                                          :  pdb     
                                          :  mol2    
                                          :  sdf     
                                          :  xyz     
                                          :  gms     
                                          :  csv     

     Split formatted output files         :  crd     

     Limit conformers in formatted files  :  bycount
     Maximum conformer count              :  1000

     Atoms to include in formatted files  :  all     

     Binary file restart type             :  none


     --------------------------------------------------------------------------------
                            Math Related Control and Set Up.
     --------------------------------------------------------------------------------

     Random number generator seeds :  bywallclock

     Seed 1 :           1745086
     Seed 2 :            533313
     Seed 3 :              3189
     Seed 4 :             24721


     --------------------------------------------------------------------------------
                            Basic Molecular System Set Up.
     --------------------------------------------------------------------------------

     ----------------
     Host Data Files.
     ----------------

     Standard crd coordinate file            :  CD.crd
     VeraChem topology file                  :  CD.top
     Standard mol/sdf file                   :  CD.mol

     Total number of host atoms              :       126

     ------------------
     Ligand Data Files.
     ------------------

     Standard crd coordinate file            :  guest-7.crd
     VeraChem topology file                  :  guest-7.top
     Standard mol/sdf file                   :  guest-7.mol

     Total number of ligand atoms            :        19

     Included in this calculation.
     Number of real and live ligand atoms    :        19
     Number of real but fixed ligand atoms   :         0

     Ligand placement method                 :  byreceptorcog

     NOTE: The placement of the ligand redefines the ligand .crd input coordinates.

     Snap ligand to template atoms           :      no

     -------------------------------
     Final Real/Live Set Atom Count.
     -------------------------------

     Total number of real atoms              :       145
     Total number of live atoms              :       145


     --------------------------------------------------------------------------------
                            Generate Initial Molecular Conformations.
     --------------------------------------------------------------------------------

     Conf. Type Read In      File Format       No. of Confs. Read In 
             ligand             xyz                 988

     Mandatory input crd file(s) used for generation of 1 additional conformer.

     From these the total number of starting conformers generated :   989


     --------------------------------------------------------------------------------
                             Energy Potential Settings.
     --------------------------------------------------------------------------------


     Molecular Mechanics package          :  vchem           

     Quantum Mechanics package            :  none            


     --------------------------------------------------------------------------------
                       Running VfreeE Module. Version 2.8
     --------------------------------------------------------------------------------

          --------------------------------
          Final Individual Conformer Data.
          --------------------------------

          List data for conformers with probability of at least :  0.01 %
          Rankings are with respect to : Free Energy (G)

          ------------------------
          Free Energy: G = E - TS
          ------------------------

          ------------------------------------------------------------------------------------------
          Rank    ID     ln(Zx)    Prob(%)  Sum Prob(%)  Del G        G            E            -TS
          ------------------------------------------------------------------------------------------
             1     98  -1133.18874   62.54    62.54      0.00       497.39       310.07       187.32
             2    814  -1135.12040    9.06    71.60      1.15       498.54       311.55       186.99
             3      3  -1135.51559    6.10    77.71      1.39       498.77       309.68       189.09
             4    988  -1135.96094    3.91    81.62      1.65       499.04       308.83       190.21
             5    256  -1136.55913    2.15    83.77      2.01       499.40       310.06       189.33
             6    288  -1136.56708    2.13    85.90      2.01       499.40       313.81       185.60
             7    764  -1136.66136    1.94    87.84      2.07       499.46       313.19       186.27
             8    168  -1136.90757    1.52    89.36      2.22       499.60       312.72       186.89
             9    820  -1137.02640    1.35    90.70      2.29       499.67       313.23       186.45
            10    121  -1137.30468    1.02    91.72      2.45       499.84       311.36       188.48
            11     21  -1137.41297    0.92    92.64      2.52       499.91       315.74       184.16
            12    914  -1137.60598    0.75    93.39      2.63       500.02       311.53       188.49
            13    649  -1137.61410    0.75    94.14      2.64       500.03       311.18       188.84
            14    819  -1137.66859    0.71    94.85      2.67       500.06       314.60       185.46
            15    761  -1137.76035    0.65    95.50      2.73       500.11       313.59       186.52
            16    498  -1138.05722    0.48    95.98      2.90       500.29       311.72       188.57
            17    549  -1138.05853    0.48    96.46      2.90       500.29       310.32       189.97
            18      2  -1138.27140    0.39    96.85      3.03       500.42       312.06       188.36
            19    329  -1138.30068    0.38    97.22      3.05       500.43       312.83       187.60
            20    799  -1138.56992    0.29    97.51      3.21       500.59       316.08       184.52
            21    439  -1138.80496    0.23    97.74      3.35       500.74       313.69       187.04
            22    751  -1139.01924    0.18    97.92      3.48       500.86       315.08       185.78
            23    234  -1139.24014    0.15    98.07      3.61       500.99       311.93       189.07
            24    178  -1139.25065    0.15    98.22      3.61       501.00       312.63       188.37
            25    520  -1139.26451    0.14    98.36      3.62       501.01       312.16       188.85
            26    900  -1139.38743    0.13    98.49      3.70       501.08       312.20       188.89
            27    974  -1139.47093    0.12    98.60      3.75       501.13       312.52       188.61
            28    939  -1139.58756    0.10    98.71      3.81       501.20       313.71       187.50
            29    389  -1139.75026    0.09    98.80      3.91       501.30       311.83       189.47
            30    708  -1139.80264    0.08    98.88      3.94       501.33       312.36       188.97
            31    423  -1139.84864    0.08    98.96      3.97       501.36       315.27       186.08
            32    305  -1139.93344    0.07    99.03      4.02       501.41       317.49       183.91
            33    936  -1139.97381    0.07    99.10      4.05       501.43       314.21       187.22
            34    977  -1139.98347    0.07    99.17      4.05       501.44       313.94       187.50
            35    324  -1140.04176    0.07    99.24      4.09       501.47       315.76       185.71
            36    650  -1140.07836    0.06    99.30      4.11       501.49       313.82       187.68
            37    648  -1140.08173    0.06    99.37      4.11       501.50       316.78       184.72
            38    515  -1140.09045    0.06    99.43      4.11       501.50       315.00       186.50
            39    691  -1140.38877    0.05    99.48      4.29       501.68       314.03       187.65
            40    122  -1140.39034    0.05    99.52      4.29       501.68       313.21       188.47
            41    410  -1140.39872    0.05    99.57      4.30       501.69       314.72       186.96
            42    818  -1140.45699    0.04    99.61      4.33       501.72       314.17       187.55
            43    155  -1140.62071    0.04    99.65      4.43       501.82       315.10       186.72
            44    514  -1140.68717    0.03    99.69      4.47       501.86       314.44       187.41
            45    922  -1140.81229    0.03    99.72      4.54       501.93       314.51       187.42
            46    316  -1140.89361    0.03    99.74      4.59       501.98       312.90       189.08
            47     39  -1140.93185    0.03    99.77      4.62       502.00       315.22       186.79
            48    589  -1141.43868    0.02    99.79      4.92       502.31       313.17       189.13
            49    592  -1141.64087    0.01    99.80      5.04       502.43       315.94       186.49
            50    229  -1141.88032    0.01    99.81      5.18       502.57       315.84       186.73
            51    367  -1141.91528    0.01    99.82      5.20       502.59       317.57       185.02
          ------------------------------------------------------------------------------------------

          --------------------------------------------------------
          Potential Energy: E = (U+W) + H.O. Equipartion energy
          --------------------------------------------------------

          ------------------------------------------------------------------------------------------
          Rank    ID         E          U+W            U        W(PBSA)          PB           SA
          ------------------------------------------------------------------------------------------
             1     98       310.07       182.19       263.53       -81.34       -87.38         6.04
             2    814       311.55       183.67       264.96       -81.29       -87.31         6.02
             3      3       309.68       181.80       260.58       -78.78       -84.75         5.97
             4    988       308.83       180.96       252.81       -71.85       -77.84         5.98
             5    256       310.06       182.19       256.10       -73.92       -79.90         5.98
             6    288       313.81       185.93       267.56       -81.63       -87.72         6.09
             7    764       313.19       185.31       266.73       -81.42       -87.43         6.01
             8    168       312.72       184.84       266.28       -81.44       -87.49         6.05
             9    820       313.23       185.35       264.37       -79.02       -85.02         6.00
            10    121       311.36       183.48       257.18       -73.69       -79.69         6.00
            11     21       315.74       187.86       272.32       -84.46       -90.48         6.03
            12    914       311.53       183.65       255.03       -71.38       -77.36         5.98
            13    649       311.18       183.31       261.09       -77.78       -83.75         5.97
            14    819       314.60       186.72       271.53       -84.81       -90.82         6.01
            15    761       313.59       185.72       265.45       -79.73       -85.78         6.05
            16    498       311.72       183.84       257.61       -73.77       -79.73         5.96
            17    549       310.32       182.44       254.29       -71.85       -77.82         5.98
            18      2       312.06       184.18       256.88       -72.70       -78.65         5.95
            19    329       312.83       184.96       269.07       -84.11       -90.18         6.07
            20    799       316.08       188.20       274.30       -86.10       -92.17         6.07
            21    439       313.69       185.82       261.36       -75.54       -81.48         5.94
            22    751       315.08       187.21       268.23       -81.02       -87.10         6.08
            23    234       311.93       184.05       259.19       -75.14       -81.09         5.94
            24    178       312.63       184.75       259.71       -74.96       -80.99         6.03
            25    520       312.16       184.28       259.74       -75.46       -81.50         6.04
            26    900       312.20       184.32       258.41       -74.09       -80.04         5.94
            27    974       312.52       184.65       262.40       -77.75       -83.70         5.95
            28    939       313.71       185.83       260.02       -74.19       -80.24         6.05
            29    389       311.83       183.95       256.51       -72.56       -78.51         5.95
            30    708       312.36       184.48       259.73       -75.24       -81.23         5.99
            31    423       315.27       187.40       268.82       -81.43       -87.60         6.17
            32    305       317.49       189.62       273.81       -84.20       -90.20         6.00
            33    936       314.21       186.33       262.61       -76.27       -82.29         6.01
            34    977       313.94       186.06       261.19       -75.12       -81.09         5.97
            35    324       315.76       187.89       267.42       -79.53       -85.56         6.03
            36    650       313.82       185.94       260.78       -74.84       -80.75         5.91
            37    648       316.78       188.90       273.76       -84.86       -90.86         6.00
            38    515       315.00       187.13       267.61       -80.48       -86.48         6.00
            39    691       314.03       186.15       262.76       -76.61       -82.76         6.15
            40    122       313.21       185.33       259.38       -74.05       -79.94         5.90
            41    410       314.72       186.85       266.98       -80.13       -86.22         6.09
            42    818       314.17       186.29       260.15       -73.86       -79.77         5.91
            43    155       315.10       187.22       265.90       -78.67       -84.69         6.02
            44    514       314.44       186.57       270.12       -83.55       -89.68         6.14
            45    922       314.51       186.64       270.68       -84.05       -90.10         6.06
            46    316       312.90       185.02       260.44       -75.42       -81.45         6.03
            47     39       315.22       187.34       269.96       -82.62       -88.68         6.06
            48    589       313.17       185.30       256.02       -70.72       -76.71         5.99
            49    592       315.94       188.06       272.90       -84.84       -90.83         5.99
            50    229       315.84       187.97       272.36       -84.39       -90.38         5.99
            51    367       317.57       189.69       271.90       -82.21       -88.39         6.18
          ------------------------------------------------------------------------------------------

          ----------------------------------------
          Gas Phase Internal Potential Energy: U
          ----------------------------------------

          ------------------------------------------------------------------------------------------
          Rank    ID         U         Valence     Coulomb        VdW         VdW6        VdW12
          ------------------------------------------------------------------------------------------
             1     98       263.53       151.11       137.85       -25.43      -184.01       158.58
             2    814       264.96       152.73       137.48       -25.25      -183.82       158.57
             3      3       260.58       152.14       133.05       -24.60      -187.42       162.82
             4    988       252.81       151.81       124.95       -23.95      -189.12       165.18
             5    256       256.10       153.15       129.43       -26.47      -191.06       164.59
             6    288       267.56       151.37       141.54       -25.35      -181.48       156.13
             7    764       266.73       153.50       138.86       -25.63      -183.36       157.73
             8    168       266.28       152.63       138.78       -25.13      -183.08       157.95
             9    820       264.37       154.44       136.02       -26.08      -183.87       157.79
            10    121       257.18       153.32       130.03       -26.18      -188.51       162.33
            11     21       272.32       154.03       145.03       -26.73      -181.24       154.51
            12    914       255.03       153.32       126.27       -24.56      -187.10       162.55
            13    649       261.09       152.71       133.30       -24.92      -187.33       162.41
            14    819       271.53       154.46       142.70       -25.63      -181.43       155.81
            15    761       265.45       154.16       135.68       -24.38      -182.99       158.61
            16    498       257.61       155.12       127.43       -24.94      -188.96       164.02
            17    549       254.29       152.55       126.11       -24.37      -188.96       164.59
            18      2       256.88       153.49       128.19       -24.80      -188.01       163.21
            19    329       269.07       152.71       141.61       -25.25      -183.85       158.60
            20    799       274.30       154.87       145.49       -26.06      -181.22       155.17
            21    439       261.36       152.93       134.19       -25.77      -184.97       159.20
            22    751       268.23       153.67       138.00       -23.45      -180.96       157.52
            23    234       259.19       153.55       131.48       -25.84      -190.70       164.85
            24    178       259.71       153.38       131.51       -25.17      -187.41       162.24
            25    520       259.74       154.11       129.48       -23.85      -187.97       164.12
            26    900       258.41       152.97       130.07       -24.62      -187.00       162.37
            27    974       262.40       147.40       142.40       -27.41      -185.29       157.88
            28    939       260.02       152.81       129.72       -22.51      -182.04       159.53
            29    389       256.51       153.75       129.53       -26.76      -191.08       164.32
            30    708       259.73       155.18       128.92       -24.37      -188.89       164.52
            31    423       268.82       150.43       142.08       -23.69      -178.31       154.62
            32    305       273.81       154.61       146.29       -27.08      -181.26       154.18
            33    936       262.61       156.22       131.12       -24.73      -184.64       159.90
            34    977       261.19       155.04       130.03       -23.89      -184.46       160.57
            35    324       267.42       154.68       137.42       -24.68      -182.01       157.33
            36    650       260.78       155.45       133.41       -28.08      -189.52       161.43
            37    648       273.76       155.42       144.10       -25.76      -180.74       154.98
            38    515       267.61       153.75       137.66       -23.81      -182.18       158.37
            39    691       262.76       154.25       131.60       -23.09      -183.05       159.96
            40    122       259.38       153.13       133.20       -26.95      -187.56       160.61
            41    410       266.98       153.24       137.81       -24.06      -182.36       158.30
            42    818       260.15       154.73       132.57       -27.16      -186.42       159.26
            43    155       265.90       155.18       137.07       -26.36      -183.79       157.43
            44    514       270.12       151.58       143.48       -24.94      -181.47       156.53
            45    922       270.68       154.56       141.44       -25.32      -184.77       159.45
            46    316       260.44       154.12       129.84       -23.52      -185.02       161.50
            47     39       269.96       154.37       140.04       -24.45      -181.54       157.08
            48    589       256.02       153.76       129.35       -27.09      -188.62       161.53
            49    592       272.90       155.50       143.01       -25.61      -184.41       158.80
            50    229       272.36       153.10       145.73       -26.47      -183.89       157.41
            51    367       271.90       153.24       140.76       -22.10      -176.25       154.15
          ------------------------------------------------------------------------------------------

          -------------------------------
          Bonded Energy Terms: Valence
          -------------------------------

          ------------------------------------------------------------------------------------------
          Rank    ID     Valence       Bond        Angle         Pdih         Idih       Tether
          ------------------------------------------------------------------------------------------
             1     98       151.11         4.82        14.39       131.89         0.00         0.00
             2    814       152.73         4.87        14.23       133.62         0.00         0.00
             3      3       152.14         5.31        14.69       132.14         0.00         0.00
             4    988       151.81         5.43        15.40       130.98         0.00         0.00
             5    256       153.15         5.22        15.28       132.63         0.01         0.00
             6    288       151.37         4.71        14.15       132.51         0.00         0.00
             7    764       153.50         4.83        14.37       134.30         0.00         0.00
             8    168       152.63         4.84        14.09       133.70         0.00         0.00
             9    820       154.44         4.83        14.16       135.45         0.00         0.00
            10    121       153.32         5.13        14.96       133.21         0.01         0.00
            11     21       154.03         4.76        14.20       135.07         0.00         0.00
            12    914       153.32         5.33        15.35       132.63         0.02         0.00
            13    649       152.71         5.30        14.99       132.42         0.00         0.00
            14    819       154.46         4.83        13.87       135.76         0.00         0.00
            15    761       154.16         4.98        14.19       134.99         0.00         0.00
            16    498       155.12         5.29        14.68       135.16         0.00         0.00
            17    549       152.55         5.41        15.59       131.54         0.00         0.00
            18      2       153.49         5.26        15.57       132.65         0.01         0.00
            19    329       152.71         5.01        13.81       133.88         0.00         0.00
            20    799       154.87         4.78        13.90       136.20         0.00         0.00
            21    439       152.93         5.06        14.98       132.86         0.04         0.00
            22    751       153.67         4.89        14.35       134.44         0.00         0.00
            23    234       153.55         5.30        16.25       131.96         0.04         0.00
            24    178       153.38         5.14        15.25       132.98         0.01         0.00
            25    520       154.11         5.22        15.22       133.67         0.01         0.00
            26    900       152.97         5.11        15.50       132.36         0.00         0.00
            27    974       147.40         5.15        17.97       124.16         0.12         0.00
            28    939       152.81         5.06        14.80       132.94         0.02         0.00
            29    389       153.75         5.22        15.55       132.96         0.01         0.00
            30    708       155.18         5.26        15.75       134.14         0.03         0.00
            31    423       150.43         4.81        14.05       131.57         0.00         0.00
            32    305       154.61         4.75        14.55       135.31         0.00         0.00
            33    936       156.22         5.06        14.66       136.46         0.05         0.00
            34    977       155.04         5.07        15.04       134.93         0.00         0.00
            35    324       154.68         4.88        14.02       135.78         0.00         0.00
            36    650       155.45         5.14        14.98       135.32         0.01         0.00
            37    648       155.42         4.77        13.74       136.90         0.00         0.00
            38    515       153.75         5.04        14.68       134.04         0.00         0.00
            39    691       154.25         5.20        14.42       134.62         0.01         0.00
            40    122       153.13         5.04        14.87       133.22         0.00         0.00
            41    410       153.24         4.91        14.27       134.05         0.00         0.00
            42    818       154.73         5.00        14.47       135.20         0.06         0.00
            43    155       155.18         4.82        14.48       135.88         0.00         0.00
            44    514       151.58         5.03        14.76       131.78         0.00         0.00
            45    922       154.56         5.09        14.52       134.94         0.00         0.00
            46    316       154.12         5.13        14.58       134.41         0.00         0.00
            47     39       154.37         4.95        14.98       134.44         0.00         0.00
            48    589       153.76         5.06        15.04       133.64         0.01         0.00
            49    592       155.50         5.13        15.05       135.32         0.00         0.00
            50    229       153.10         4.89        15.31       132.91         0.00         0.00
            51    367       153.24         4.78        14.40       134.06         0.00         0.00
          ------------------------------------------------------------------------------------------

          Calculating single reference conformer RMSDs ...

          ---------------------------------
          Conformer RMSDs are in Angstroms.
          ---------------------------------

          ------------------------------------------------------------------------------------------
                              RMSD wrt Input Crd                    RMSD wrt Rank 1
                         ---------------------------------------------------------------------------
          Rank    ID        Complex    Receptor  Ligand          Complex    Receptor  Ligand
          ------------------------------------------------------------------------------------------
             1     98         1.981     1.759     3.071           0.000     0.000     0.000
             2    814         1.701     1.353     3.153           1.112     0.998     1.686
             3      3         2.026     2.074     1.678           1.820     1.850     1.603
             4    988         2.208     2.279     1.658           1.650     1.656     1.609
             5    256         1.686     1.756     1.109           2.880     2.996     1.936
             6    288         1.834     1.460     3.395           1.724     1.591     2.431
             7    764         1.658     1.344     3.000           1.106     0.940     1.864
             8    168         1.516     1.047     3.205           2.672     2.822     1.294
             9    820         1.503     1.145     2.925           1.995     2.067     1.430
            10    121         1.770     1.789     1.637           2.764     2.866     1.958
            11     21         1.737     1.362     3.275           0.904     0.677     1.788
            12    914         1.417     1.416     1.424           0.905     0.492     2.155
            13    649         2.121     2.182     1.665           1.525     1.523     1.542
            14    819         1.698     1.301     3.281           0.968     0.851     1.535
            15    761         1.716     1.315     3.315           1.093     0.683     2.456
            16    498         1.750     1.738     1.827           1.909     1.865     2.177
            17    549         2.422     2.543     1.376           2.600     2.698     1.824
            18      2         1.675     1.719     1.347           2.681     2.758     2.101
            19    329         1.686     0.968     3.935           1.640     1.448     2.572
            20    799         1.573     1.014     3.474           2.561     2.542     2.687
            21    439         1.119     1.059     1.454           2.649     2.725     2.072
            22    751         1.913     1.323     4.040           1.402     0.941     3.019
            23    234         1.485     1.494     1.424           2.465     2.517     2.089
            24    178         2.164     1.743     3.947           2.324     2.289     2.541
            25    520         1.947     1.648     3.304           1.783     1.620     2.618
            26    900         1.750     1.422     3.156           1.166     0.824     2.423
            27    974         3.270     2.948     4.897           2.390     2.087     3.836
            28    939         2.236     1.330     5.139           1.784     1.079     4.069
            29    389         1.762     1.795     1.524           0.859     0.635     1.719
            30    708         1.600     1.393     2.582           0.725     0.437     1.656
            31    423         1.965     1.332     4.209           1.511     0.995     3.294
            32    305         1.717     1.421     3.021           1.305     1.163     2.006
            33    936         1.636     0.708     4.135           2.119     1.849     3.406
            34    977         1.754     1.298     3.506           1.426     0.955     3.079
            35    324         1.753     1.600     2.546           1.977     2.074     1.140
            36    650         1.740     1.793     1.333           2.133     2.122     2.208
            37    648         1.492     1.006     3.206           2.387     2.513     1.264
            38    515         1.686     1.384     2.998           1.036     0.777     2.047
            39    691         1.949     1.014     4.709           1.900     1.340     3.954
            40    122         1.726     1.426     3.041           1.057     0.657     2.380
            41    410         1.636     0.968     3.769           2.547     2.520     2.723
            42    818         1.197     1.056     1.883           2.398     2.452     1.999
            43    155         1.698     1.438     2.878           1.593     1.555     1.824
            44    514         2.099     1.269     4.790           1.855     1.213     4.063
            45    922         1.891     1.382     3.824           1.444     1.061     2.907
            46    316         1.736     0.957     4.114           2.468     2.401     2.876
            47     39         1.656     1.311     3.090           0.747     0.408     1.775
            48    589         1.582     1.038     3.459           2.233     2.248     2.132
            49    592         2.481     2.130     4.109           1.753     1.404     3.223
            50    229         1.853     1.641     2.890           2.561     2.604     2.260
            51    367         2.091     1.306     4.695           1.527     0.721     3.788
          ------------------------------------------------------------------------------------------

          --------------------------------
          Final Boltzmann Averaged Data.
          --------------------------------

          -------------------------------------------------------------------
          Results of Boltzmann Averaging Over All  440 Conformers (kcal/mol).
          -------------------------------------------------------------------

          Free Energy                        G             497.1070573791
          Average Potential Energy         < E >           310.6331613134
          Entropy                           -TS            186.4738960657
          -------------------------------------------------------------------

          Average Potential Energy < E > Components.

          < U >                   263.0495017108
          < W(PBSA) >             -80.2929537194
          < H.O. P.E. >           127.8767349667

          Average Solvation Energy < W(PBSA) > Components.

          < PB >                  -86.3216337969
          < SA >                    6.0286800775

          Average Gas Phase Internal Potential Energy < U > Components.

          < Valence >             151.7432280140
          < Coulomb >             136.6264575524
          < VdW >                 -25.3201838556

          Average Van der Waals Energy < VdW > Components.

          < VdW6  >              -184.5947115887
          < VdW12 >               159.2745277331

          Average Bonded Energy < Valence > Components.

          < Bond >                  4.9085379490
          < Angle >                14.4778928832
          < Pdihed >              132.3549083979
          < Idihed >                0.0018887839
          < Tether >                0.0000000000

          -------------------------------------------------------------------
                        End of feprocess Calculation Results Summary.
          -------------------------------------------------------------------


     Total cpu time for run       4363.16 seconds.
                                    72.72 minutes.

     Total wall time for run      2199.70 seconds.
                                    36.66 minutes.

     TIME STAMP: VCPack job finished normally : Sunday, August 07, 2022 at 14:27:42
