
     --------------------------------------------------------------------------------
                        Running Program VCPack. Version 2.8

                           VeraChem LLC, PO Box 2206
                           Germantown, MD 20875, U.S.A.

                                Tel. 240-686-0565
                                www.verachem.com
     --------------------------------------------------------------------------------


     Input file          :   guest-s22_vm2.inp

     Output file         :   guest-s22_vm2.out

     Summary output file :   guest-s22_vm2.summary.out

     Executable : /data/comblab/vcCompChem_3b/exe/VC_CompChemPackage_mpi.exe

     Build date : Aug 13 2021  17:26:14

     This is a multiple processor run.

     MPI processes              :   16
     OpenMP threads per process :    0
     CUDA enabled               :  no

     TIME STAMP: VCPack job started : Sunday, August 07, 2022 at 15:53:43

     --------------------------------------------------------------------------------
                            Basic Calculation Control.
     --------------------------------------------------------------------------------

     Molecular system type                :  ligand          

     Calculation type                     :  vm2             

     Energy potential                     :  mm              

     Post-processing type                 :  none            

     Post-processing energy potential     :  none            

     Time limit in wall clock hours       :  96.00

     Read in starting conformers          :  no
     Type of conformers to read in        :  none
     Conformer source files(s)            :  none

     Use input .crd for complex build     :  no
     Place ligand confs. at input .crd    :  no
     Use input .crd as start conformer    :  yes

     Formatted output files               :  xyz     
                                          :  pdb     
                                          :  mol2    
                                          :  sdf     
                                          :  xyz     
                                          :  gms     
                                          :  csv     

     Split formatted output files         :  crd     

     Limit conformers in formatted files  :  bycount
     Maximum conformer count              :  1000

     Atoms to include in formatted files  :  all     

     Binary file restart type             :  none


     --------------------------------------------------------------------------------
                            Math Related Control and Set Up.
     --------------------------------------------------------------------------------

     Random number generator seeds :  bywallclock

     Seed 1 :           5355116
     Seed 2 :            482013
     Seed 3 :              3350
     Seed 4 :             22159


     --------------------------------------------------------------------------------
                            Basic Molecular System Set Up.
     --------------------------------------------------------------------------------

     ------------------
     Ligand Data Files.
     ------------------

     Standard crd coordinate file            :  guest-s22.crd
     VeraChem topology file                  :  guest-s22.top
     Standard mol/sdf file                   :  guest-s22.mol

     Total number of ligand atoms            :        20

     Included in this calculation.
     Number of real and live ligand atoms    :        20
     Number of real but fixed ligand atoms   :         0

     Ligand placement method                 :  none

     Snap ligand to template atoms           :      no

     -------------------------------
     Final Real/Live Set Atom Count.
     -------------------------------

     Total number of real atoms              :        20
     Total number of live atoms              :        20


     --------------------------------------------------------------------------------
                            Generate Initial Molecular Conformation.
     --------------------------------------------------------------------------------

     Mandatory input crd file(s) used for generation of a single starting conformer.


     --------------------------------------------------------------------------------
                             Energy Potential Settings.
     --------------------------------------------------------------------------------


     Molecular Mechanics package          :  vchem           

     Quantum Mechanics package            :  none            


     --------------------------------------------------------------------------------
                    Running VM2 Mining Minima Module. Version 2.8
     --------------------------------------------------------------------------------

     Iteration    Free Energy G             G Diff            # Conformers     # Diff
        1           -22.806278             -22.806278              31              31
        2           -22.981850              -0.175572              51              20
        3           -23.026436              -0.044585              57               6
        4           -23.059204              -0.032768              64               7
        5           -23.061018              -0.001814              64               0
        6           -23.063431              -0.002414              66               2

     VM2 Free Energy converged after    6 iterations.

     Final VM2 Free Energy is     -23.063431 Kcal/mol.

          --------------------------------
          Final Individual Conformer Data.
          --------------------------------

          List data for conformers with probability of at least :  0.01 %
          Rankings are with respect to : Free Energy (G)

          ------------------------
          Free Energy: G = E - TS
          ------------------------

          ------------------------------------------------------------------------------------------
          Rank    ID     ln(Zx)    Prob(%)  Sum Prob(%)  Del G        G            E            -TS
          ------------------------------------------------------------------------------------------
             1    236     -9.14267   13.93    13.93      0.00       -21.89       -37.14        15.25
             2    273     -9.15447   13.77    27.70      0.01       -21.88       -36.77        14.89
             3    549     -9.25381   12.47    40.17      0.07       -21.82       -36.71        14.89
             4    516    -10.17076    4.98    45.15      0.61       -21.28       -36.31        15.03
             5    132    -10.21010    4.79    49.94      0.64       -21.25       -36.28        15.03
             6    559    -10.37759    4.05    53.99      0.74       -21.15       -36.16        15.01
             7    233    -10.39947    3.96    57.96      0.75       -21.14       -36.25        15.11
             8    120    -10.41669    3.90    61.85      0.76       -21.13       -36.24        15.11
             9    152    -10.43348    3.83    65.69      0.77       -21.12       -36.13        15.01
            10    527    -10.46245    3.72    69.41      0.79       -21.10       -36.46        15.36
            11    275    -10.52328    3.50    72.91      0.82       -21.07       -36.06        15.00
            12    369    -10.53980    3.45    76.36      0.83       -21.06       -36.41        15.36
            13    350    -10.57649    3.32    79.68      0.85       -21.03       -36.03        15.00
            14     55    -11.23171    1.72    81.40      1.25       -20.64       -36.10        15.46
            15    297    -11.32913    1.56    82.97      1.30       -20.58       -36.04        15.46
            16    412    -11.38372    1.48    84.45      1.34       -20.55       -35.76        15.20
            17    232    -11.47567    1.35    85.80      1.39       -20.50       -35.70        15.21
            18     40    -11.48701    1.34    87.14      1.40       -20.49       -35.70        15.21
            19    558    -11.50235    1.32    88.45      1.41       -20.48       -35.69        15.21
            20    332    -11.61034    1.18    89.63      1.47       -20.42       -35.99        15.57
            21    528    -11.72971    1.05    90.68      1.54       -20.35       -35.61        15.27
            22    168    -11.77430    1.00    91.68      1.57       -20.32       -35.59        15.27
            23     33    -11.92257    0.86    92.55      1.66       -20.23       -35.65        15.42
            24    550    -12.13664    0.70    93.25      1.78       -20.10       -35.46        15.35
            25    565    -12.18593    0.66    93.91      1.81       -20.07       -35.43        15.35
            26    526    -12.40737    0.53    94.44      1.95       -19.94       -35.31        15.37
            27    220    -12.47111    0.50    94.94      1.98       -19.90       -35.25        15.34
            28    147    -12.57756    0.45    95.39      2.05       -19.84       -35.28        15.44
            29    372    -12.60176    0.44    95.83      2.06       -19.83       -35.27        15.44
            30    192    -12.63934    0.42    96.25      2.08       -19.80       -35.22        15.42
            31    545    -12.68912    0.40    96.65      2.11       -19.77       -35.19        15.42
            32    300    -12.75802    0.37    97.03      2.16       -19.73       -35.16        15.43
            33    555    -12.78128    0.37    97.39      2.17       -19.72       -35.14        15.43
            34    157    -13.26251    0.23    97.62      2.46       -19.43       -34.09        14.66
            35     61    -13.28228    0.22    97.84      2.47       -19.42       -35.13        15.71
            36    184    -13.31024    0.22    98.06      2.48       -19.40       -35.11        15.71
            37    210    -13.34099    0.21    98.27      2.50       -19.39       -34.05        14.66
            38    245    -13.37010    0.20    98.47      2.52       -19.37       -34.75        15.38
            39    217    -13.44617    0.19    98.66      2.57       -19.32       -34.71        15.38
            40    484    -13.49397    0.18    98.84      2.59       -19.29       -35.04        15.74
            41    440    -13.71129    0.14    98.98      2.72       -19.16       -34.52        15.36
            42    177    -13.74141    0.14    99.12      2.74       -19.15       -34.50        15.36
            43    510    -13.90209    0.12    99.24      2.84       -19.05       -34.88        15.83
            44     85    -13.96008    0.11    99.36      2.87       -19.02       -34.23        15.22
            45     91    -13.97169    0.11    99.47      2.88       -19.01       -34.23        15.22
            46    376    -14.01928    0.11    99.57      2.91       -18.98       -34.81        15.83
            47    342    -14.40629    0.07    99.65      3.14       -18.75       -34.41        15.66
            48    475    -14.42236    0.07    99.72      3.15       -18.74       -34.40        15.66
            49    562    -14.68420    0.05    99.77      3.30       -18.58       -34.37        15.78
            50    561    -14.70478    0.05    99.82      3.32       -18.57       -34.36        15.78
            51    121    -15.25624    0.03    99.86      3.64       -18.24       -33.77        15.52
            52    250    -15.41776    0.03    99.88      3.74       -18.15       -34.01        15.86
            53    458    -15.42910    0.03    99.91      3.75       -18.14       -34.00        15.86
            54    495    -15.43144    0.03    99.93      3.75       -18.14       -33.65        15.51
            55    539    -15.43997    0.03    99.96      3.75       -18.13       -33.65        15.51
            56    361    -15.53831    0.02    99.98      3.81       -18.08       -33.93        15.86
          ------------------------------------------------------------------------------------------

          --------------------------------------------------------
          Potential Energy: E = (U+W) + H.O. Equipartion energy
          --------------------------------------------------------

          ------------------------------------------------------------------------------------------
          Rank    ID         E          U+W            U        W(PBSA)          PB           SA
          ------------------------------------------------------------------------------------------
             1    236       -37.14       -53.23         6.57       -59.80       -62.04         2.23
             2    273       -36.77       -52.87         6.63       -59.50       -61.76         2.26
             3    549       -36.71       -52.81         6.63       -59.44       -61.70         2.26
             4    516       -36.31       -52.40         7.83       -60.23       -62.49         2.25
             5    132       -36.28       -52.38         7.83       -60.21       -62.45         2.24
             6    559       -36.16       -52.26         7.49       -59.75       -61.97         2.23
             7    233       -36.25       -52.35         8.43       -60.78       -62.98         2.21
             8    120       -36.24       -52.34         8.43       -60.77       -62.98         2.21
             9    152       -36.13       -52.22         7.49       -59.71       -61.95         2.23
            10    527       -36.46       -52.55         7.43       -59.98       -62.18         2.20
            11    275       -36.06       -52.16         7.60       -59.76       -62.01         2.25
            12    369       -36.41       -52.51         7.43       -59.94       -62.14         2.20
            13    350       -36.03       -52.13         7.60       -59.73       -61.96         2.24
            14     55       -36.10       -52.19         8.77       -60.97       -63.16         2.19
            15    297       -36.04       -52.14         8.77       -60.91       -63.12         2.21
            16    412       -35.76       -51.85         8.96       -60.82       -63.06         2.24
            17    232       -35.70       -51.80         9.41       -61.21       -63.46         2.25
            18     40       -35.70       -51.79         8.96       -60.76       -63.01         2.25
            19    558       -35.69       -51.78         9.41       -61.20       -63.44         2.24
            20    332       -35.99       -52.09         9.32       -61.41       -63.64         2.23
            21    528       -35.61       -51.71         8.69       -60.40       -62.59         2.19
            22    168       -35.59       -51.68         8.69       -60.37       -62.58         2.21
            23     33       -35.65       -51.75         7.59       -59.34       -61.57         2.24
            24    550       -35.46       -51.55         9.80       -61.35       -63.51         2.16
            25    565       -35.43       -51.52         9.80       -61.32       -63.48         2.16
            26    526       -35.31       -51.41        10.46       -61.87       -64.05         2.18
            27    220       -35.25       -51.34         9.19       -60.53       -62.74         2.21
            28    147       -35.28       -51.38        10.00       -61.38       -63.54         2.16
            29    372       -35.27       -51.37        10.00       -61.37       -63.51         2.14
            30    192       -35.22       -51.32         9.29       -60.61       -62.81         2.19
            31    545       -35.19       -51.29         9.29       -60.58       -62.77         2.18
            32    300       -35.16       -51.26        10.18       -61.43       -63.63         2.20
            33    555       -35.14       -51.24        10.18       -61.42       -63.64         2.22
            34    157       -34.09       -50.19        10.64       -60.83       -62.99         2.16
            35     61       -35.13       -51.23        10.87       -62.10       -64.25         2.15
            36    184       -35.11       -51.21        10.87       -62.08       -64.25         2.17
            37    210       -34.05       -50.14        10.64       -60.79       -62.97         2.18
            38    245       -34.75       -50.85        10.20       -61.05       -63.24         2.20
            39    217       -34.71       -50.80        10.20       -61.00       -63.18         2.18
            40    484       -35.04       -51.13         9.74       -60.87       -63.02         2.15
            41    440       -34.52       -50.62        11.13       -61.74       -63.91         2.17
            42    177       -34.50       -50.60        11.13       -61.73       -63.88         2.15
            43    510       -34.88       -50.98        11.08       -62.05       -64.20         2.15
            44     85       -34.23       -50.33        11.03       -61.36       -63.52         2.17
            45     91       -34.23       -50.32        11.03       -61.35       -63.50         2.15
            46    376       -34.81       -50.91        11.08       -61.98       -64.11         2.13
            47    342       -34.41       -50.51        10.40       -60.91       -63.05         2.14
            48    475       -34.40       -50.50        10.40       -60.90       -63.05         2.15
            49    562       -34.37       -50.46        10.91       -61.37       -63.51         2.14
            50    561       -34.36       -50.45        10.91       -61.36       -63.50         2.13
            51    121       -33.77       -49.86        11.76       -61.62       -63.78         2.16
            52    250       -34.01       -50.11        11.48       -61.58       -63.74         2.16
            53    458       -34.00       -50.10        11.48       -61.58       -63.71         2.13
            54    495       -33.65       -49.75        12.06       -61.81       -64.01         2.20
            55    539       -33.65       -49.74        12.06       -61.81       -63.98         2.18
            56    361       -33.93       -50.03        11.09       -61.12       -63.25         2.13
          ------------------------------------------------------------------------------------------

          ----------------------------------------
          Gas Phase Internal Potential Energy: U
          ----------------------------------------

          ------------------------------------------------------------------------------------------
          Rank    ID         U         Valence     Coulomb        VdW         VdW6        VdW12
          ------------------------------------------------------------------------------------------
             1    236         6.57         7.99        -2.70         1.28        -6.47         7.75
             2    273         6.63         9.08        -3.01         0.56        -5.77         6.34
             3    549         6.63         9.08        -3.01         0.56        -5.77         6.34
             4    516         7.83         9.30        -2.08         0.61        -6.34         6.95
             5    132         7.83         9.30        -2.08         0.61        -6.34         6.95
             6    559         7.49         9.60        -2.80         0.69        -6.43         7.12
             7    233         8.43         9.23        -1.30         0.50        -6.51         7.02
             8    120         8.43         9.23        -1.30         0.50        -6.52         7.02
             9    152         7.49         9.60        -2.80         0.69        -6.43         7.12
            10    527         7.43         8.55        -2.54         1.42        -7.12         8.54
            11    275         7.60         9.60        -2.69         0.69        -6.45         7.14
            12    369         7.43         8.55        -2.54         1.42        -7.12         8.54
            13    350         7.60         9.60        -2.69         0.69        -6.45         7.14
            14     55         8.77         8.76        -1.08         1.09        -7.28         8.37
            15    297         8.77         8.76        -1.08         1.09        -7.28         8.37
            16    412         8.96         9.33        -0.78         0.42        -6.63         7.05
            17    232         9.41         9.33        -0.32         0.41        -6.64         7.05
            18     40         8.96         9.33        -0.78         0.42        -6.64         7.05
            19    558         9.41         9.33        -0.32         0.41        -6.64         7.05
            20    332         9.32         8.23        -0.02         1.11        -7.37         8.48
            21    528         8.69         9.78        -1.70         0.61        -7.23         7.85
            22    168         8.69         9.78        -1.70         0.61        -7.23         7.85
            23     33         7.59         9.57        -3.09         1.11        -6.06         7.18
            24    550         9.80         9.75        -0.31         0.36        -7.58         7.94
            25    565         9.80         9.75        -0.31         0.36        -7.59         7.94
            26    526        10.46         9.55         0.48         0.42        -7.22         7.65
            27    220         9.19         9.57        -0.88         0.50        -7.17         7.67
            28    147        10.00         9.40        -0.50         1.10        -7.97         9.08
            29    372        10.00         9.40        -0.50         1.10        -7.98         9.08
            30    192         9.29         9.50        -0.61         0.41        -7.33         7.74
            31    545         9.29         9.50        -0.61         0.41        -7.33         7.74
            32    300        10.18         9.48         0.36         0.33        -7.39         7.72
            33    555        10.18         9.48         0.36         0.34        -7.39         7.72
            34    157        10.64        11.23        -1.08         0.49        -7.55         8.04
            35     61        10.87         8.80         1.02         1.05        -8.31         9.36
            36    184        10.87         8.80         1.02         1.05        -8.31         9.36
            37    210        10.64        11.23        -1.08         0.49        -7.55         8.04
            38    245        10.20         9.84         0.03         0.33        -7.64         7.97
            39    217        10.20         9.84         0.03         0.33        -7.64         7.97
            40    484         9.74         9.03        -0.28         0.99        -8.10         9.09
            41    440        11.13         9.85         0.99         0.28        -7.71         7.99
            42    177        11.13         9.85         0.99         0.28        -7.71         7.99
            43    510        11.08         8.97         1.26         0.84        -8.35         9.19
            44     85        11.03        11.01        -0.46         0.48        -7.64         8.12
            45     91        11.03        11.01        -0.46         0.48        -7.64         8.12
            46    376        11.08         8.97         1.26         0.84        -8.35         9.20
            47    342        10.40        10.02         0.09         0.29        -8.41         8.70
            48    475        10.40        10.02         0.09         0.29        -8.41         8.70
            49    562        10.91         9.97         0.85         0.09        -8.72         8.80
            50    561        10.91         9.97         0.85         0.09        -8.72         8.80
            51    121        11.76        10.98         0.36         0.41        -8.04         8.45
            52    250        11.48         9.96         0.36         1.16        -8.70         9.86
            53    458        11.48         9.96         0.35         1.16        -8.70         9.86
            54    495        12.06        10.98         0.68         0.40        -8.08         8.48
            55    539        12.06        10.98         0.68         0.40        -8.08         8.48
            56    361        11.09         9.66         0.66         0.77        -9.17         9.94
          ------------------------------------------------------------------------------------------

          -------------------------------
          Bonded Energy Terms: Valence
          -------------------------------

          ------------------------------------------------------------------------------------------
          Rank    ID     Valence       Bond        Angle         Pdih         Idih       Tether
          ------------------------------------------------------------------------------------------
             1    236         7.99         0.14         2.85         5.00         0.00         0.00
             2    273         9.08         0.08         2.24         6.75         0.00         0.00
             3    549         9.08         0.08         2.24         6.75         0.00         0.00
             4    516         9.30         0.10         2.33         6.86         0.00         0.00
             5    132         9.30         0.10         2.33         6.86         0.00         0.00
             6    559         9.60         0.12         2.49         6.99         0.00         0.00
             7    233         9.23         0.10         2.33         6.80         0.00         0.00
             8    120         9.23         0.10         2.33         6.80         0.00         0.00
             9    152         9.60         0.12         2.49         6.99         0.00         0.00
            10    527         8.55         0.18         3.11         5.25         0.00         0.00
            11    275         9.60         0.12         2.49         6.99         0.00         0.00
            12    369         8.55         0.18         3.11         5.25         0.00         0.00
            13    350         9.60         0.12         2.49         6.99         0.00         0.00
            14     55         8.76         0.17         3.20         5.40         0.00         0.00
            15    297         8.76         0.17         3.20         5.40         0.00         0.00
            16    412         9.33         0.11         2.40         6.82         0.00         0.00
            17    232         9.33         0.11         2.40         6.82         0.00         0.00
            18     40         9.33         0.11         2.40         6.82         0.00         0.00
            19    558         9.33         0.11         2.40         6.82         0.00         0.00
            20    332         8.23         0.16         3.01         5.07         0.00         0.00
            21    528         9.78         0.15         2.69         6.93         0.00         0.00
            22    168         9.78         0.15         2.69         6.93         0.00         0.00
            23     33         9.57         0.12         2.69         6.76         0.00         0.00
            24    550         9.75         0.15         2.66         6.93         0.00         0.00
            25    565         9.75         0.15         2.66         6.93         0.00         0.00
            26    526         9.55         0.13         2.49         6.94         0.00         0.00
            27    220         9.57         0.13         2.50         6.94         0.00         0.00
            28    147         9.40         0.22         3.42         5.77         0.00         0.00
            29    372         9.40         0.22         3.42         5.76         0.00         0.00
            30    192         9.50         0.13         2.50         6.87         0.00         0.00
            31    545         9.50         0.13         2.50         6.87         0.00         0.00
            32    300         9.48         0.12         2.49         6.87         0.00         0.00
            33    555         9.48         0.12         2.49         6.87         0.00         0.00
            34    157        11.23         0.16         3.01         8.06         0.00         0.00
            35     61         8.80         0.21         3.38         5.21         0.00         0.00
            36    184         8.80         0.21         3.38         5.21         0.00         0.00
            37    210        11.23         0.16         3.01         8.06         0.00         0.00
            38    245         9.84         0.15         2.75         6.94         0.00         0.00
            39    217         9.84         0.15         2.75         6.94         0.00         0.00
            40    484         9.03         0.19         3.36         5.48         0.00         0.00
            41    440         9.85         0.15         2.75         6.95         0.00         0.00
            42    177         9.85         0.15         2.75         6.95         0.00         0.00
            43    510         8.97         0.19         3.35         5.43         0.00         0.00
            44     85        11.01         0.16         3.06         7.79         0.00         0.00
            45     91        11.01         0.16         3.06         7.79         0.00         0.00
            46    376         8.97         0.19         3.35         5.43         0.00         0.00
            47    342        10.02         0.18         2.94         6.90         0.00         0.00
            48    475        10.02         0.18         2.94         6.90         0.00         0.00
            49    562         9.97         0.18         2.92         6.88         0.00         0.00
            50    561         9.97         0.18         2.92         6.88         0.00         0.00
            51    121        10.98         0.17         3.18         7.63         0.01         0.00
            52    250         9.96         0.23         3.80         5.93         0.00         0.00
            53    458         9.96         0.23         3.80         5.93         0.00         0.00
            54    495        10.98         0.17         3.17         7.64         0.00         0.00
            55    539        10.98         0.17         3.17         7.64         0.01         0.00
            56    361         9.66         0.24         3.66         5.76         0.00         0.00
          ------------------------------------------------------------------------------------------

          Calculating single reference conformer RMSDs ...

          ---------------------------------
          Conformer RMSDs are in Angstroms.
          ---------------------------------

          ------------------------------------------------------------------------------------------
                              RMSD wrt Input Crd                    RMSD wrt Rank 1
                         ---------------------------------------------------------------------------
          Rank    ID        Complex    Receptor  Ligand          Complex    Receptor  Ligand
          ------------------------------------------------------------------------------------------
             1    236                             1.417                               0.000
             2    273                             1.029                               0.777
             3    549                             0.556                               1.958
             4    516                             1.899                               2.005
             5    132                             1.867                               2.210
             6    559                             1.204                               0.825
             7    233                             1.884                               1.808
             8    120                             1.722                               2.121
             9    152                             1.070                               0.945
            10    527                             1.245                               0.943
            11    275                             1.828                               0.615
            12    369                             0.623                               1.487
            13    350                             1.084                               0.615
            14     55                             1.223                               2.073
            15    297                             1.657                               2.084
            16    412                             1.481                               2.071
            17    232                             1.399                               2.143
            18     40                             1.496                               1.374
            19    558                             1.549                               1.569
            20    332                             1.899                               1.461
            21    528                             1.021                               1.650
            22    168                             1.545                               1.312
            23     33                             1.345                               0.850
            24    550                             2.098                               2.065
            25    565                             2.172                               2.361
            26    526                             1.379                               1.596
            27    220                             1.648                               0.866
            28    147                             1.559                               2.029
            29    372                             2.149                               1.985
            30    192                             1.918                               1.830
            31    545                             1.630                               1.383
            32    300                             1.786                               1.872
            33    555                             1.360                               1.888
            34    157                             1.997                               1.262
            35     61                             2.005                               1.798
            36    184                             1.716                               1.788
            37    210                             1.395                               1.262
            38    245                             1.781                               1.474
            39    217                             1.690                               1.252
            40    484                             1.813                               0.721
            41    440                             1.651                               1.647
            42    177                             1.589                               1.805
            43    510                             2.122                               1.656
            44     85                             2.193                               2.230
            45     91                             2.471                               2.375
            46    376                             2.124                               1.931
            47    342                             1.669                               1.061
            48    475                             1.542                               1.290
            49    562                             1.868                               1.419
            50    561                             1.598                               1.148
            51    121                             1.584                               1.647
            52    250                             1.876                               1.810
            53    458                             2.105                               1.604
            54    495                             2.083                               2.225
            55    539                             1.684                               1.827
            56    361                             1.161                               1.656
          ------------------------------------------------------------------------------------------

          --------------------------------
          Final Boltzmann Averaged Data.
          --------------------------------

          -------------------------------------------------------------------
          Results of Boltzmann Averaging Over All   66 Conformers (kcal/mol).
          -------------------------------------------------------------------

          Free Energy                        G             -23.0634312886
          Average Potential Energy         < E >           -36.3506942419
          Entropy                           -TS             13.2872629533
          -------------------------------------------------------------------

          Average Potential Energy < E > Components.

          < U >                     7.6271614825
          < W(PBSA) >             -60.0741207946
          < H.O. P.E. >            16.0963722336

          Average Solvation Energy < W(PBSA) > Components.

          < PB >                  -62.3058935614
          < SA >                    2.2317727668

          Average Gas Phase Internal Potential Energy < U > Components.

          < Valence >               9.0561529445
          < Coulomb >              -2.1912293487
          < VdW >                   0.7622378868

          Average Van der Waals Energy < VdW > Components.

          < VdW6  >                -6.4678395790
          < VdW12 >                 7.2300774658

          Average Bonded Energy < Valence > Components.

          < Bond >                  0.1196484718
          < Angle >                 2.5478818373
          < Pdihed >                6.3878103829
          < Idihed >                0.0008122525
          < Tether >                0.0000000000

          -------------------------------------------------------------------
                        End of VM2 Calculation Results Summary.
          -------------------------------------------------------------------


     Total cpu time for run         16.08 seconds.
                                     0.27 minutes.

     Total wall time for run        16.27 seconds.
                                     0.27 minutes.

     TIME STAMP: VCPack job finished normally : Sunday, August 07, 2022 at 15:54:00
