
     --------------------------------------------------------------------------------
                        Running Program VCPack. Version 2.8

                           VeraChem LLC, PO Box 2206
                           Germantown, MD 20875, U.S.A.

                                Tel. 240-686-0565
                                www.verachem.com
     --------------------------------------------------------------------------------


     Input file          :   guest-s21_vm2.inp

     Output file         :   guest-s21_vm2.out

     Summary output file :   guest-s21_vm2.summary.out

     Executable : /data/comblab/vcCompChem_3b/exe/VC_CompChemPackage_mpi.exe

     Build date : Aug 13 2021  17:26:14

     This is a multiple processor run.

     MPI processes              :   16
     OpenMP threads per process :    0
     CUDA enabled               :  no

     TIME STAMP: VCPack job started : Saturday, August 06, 2022 at 17:08:40

     --------------------------------------------------------------------------------
                            Basic Calculation Control.
     --------------------------------------------------------------------------------

     Molecular system type                :  ligand          

     Calculation type                     :  vm2             

     Energy potential                     :  mm              

     Post-processing type                 :  none            

     Post-processing energy potential     :  none            

     Time limit in wall clock hours       :  96.00

     Read in starting conformers          :  no
     Type of conformers to read in        :  none
     Conformer source files(s)            :  none

     Use input .crd for complex build     :  no
     Place ligand confs. at input .crd    :  no
     Use input .crd as start conformer    :  yes

     Formatted output files               :  xyz     
                                          :  pdb     
                                          :  mol2    
                                          :  sdf     
                                          :  xyz     
                                          :  gms     
                                          :  csv     

     Split formatted output files         :  crd     

     Limit conformers in formatted files  :  bycount
     Maximum conformer count              :  1000

     Atoms to include in formatted files  :  all     

     Binary file restart type             :  none


     --------------------------------------------------------------------------------
                            Math Related Control and Set Up.
     --------------------------------------------------------------------------------

     Random number generator seeds :  bywallclock

     Seed 1 :           6316972
     Seed 2 :            562813
     Seed 3 :               647
     Seed 4 :             25385


     --------------------------------------------------------------------------------
                            Basic Molecular System Set Up.
     --------------------------------------------------------------------------------

     ------------------
     Ligand Data Files.
     ------------------

     Standard crd coordinate file            :  guest-s21.crd
     VeraChem topology file                  :  guest-s21.top
     Standard mol/sdf file                   :  guest-s21.mol

     Total number of ligand atoms            :        22

     Included in this calculation.
     Number of real and live ligand atoms    :        22
     Number of real but fixed ligand atoms   :         0

     Ligand placement method                 :  none

     Snap ligand to template atoms           :      no

     -------------------------------
     Final Real/Live Set Atom Count.
     -------------------------------

     Total number of real atoms              :        22
     Total number of live atoms              :        22


     --------------------------------------------------------------------------------
                            Generate Initial Molecular Conformation.
     --------------------------------------------------------------------------------

     Mandatory input crd file(s) used for generation of a single starting conformer.


     --------------------------------------------------------------------------------
                             Energy Potential Settings.
     --------------------------------------------------------------------------------


     Molecular Mechanics package          :  vchem           

     Quantum Mechanics package            :  none            


     --------------------------------------------------------------------------------
                    Running VM2 Mining Minima Module. Version 2.8
     --------------------------------------------------------------------------------

     Iteration    Free Energy G             G Diff            # Conformers     # Diff
        1           -17.483087             -17.483087              37              37
        2           -17.596301              -0.113214              60              23
        3           -17.646076              -0.049775              62               2
        4           -17.656713              -0.010637              73              11
        5           -17.657147              -0.000434              74               1
        6           -17.667866              -0.010720              79               5
        7           -17.668164              -0.000298              81               2
        8           -17.668823              -0.000659              82               1

     VM2 Free Energy converged after    8 iterations.

     Final VM2 Free Energy is     -17.668823 Kcal/mol.

          --------------------------------
          Final Individual Conformer Data.
          --------------------------------

          List data for conformers with probability of at least :  0.01 %
          Rankings are with respect to : Free Energy (G)

          ------------------------
          Free Energy: G = E - TS
          ------------------------

          ------------------------------------------------------------------------------------------
          Rank    ID     ln(Zx)    Prob(%)  Sum Prob(%)  Del G        G            E            -TS
          ------------------------------------------------------------------------------------------
             1    394    -17.32183   32.47    32.47      0.00       -17.00       -36.57        19.57
             2    718    -18.67698    8.37    40.84      0.81       -16.19       -35.87        19.68
             3    752    -18.78529    7.51    48.36      0.87       -16.13       -35.80        19.68
             4    132    -18.79439    7.45    55.80      0.88       -16.12       -35.79        19.67
             5    345    -18.85257    7.03    62.83      0.91       -16.09       -35.76        19.67
             6    711    -18.93332    6.48    69.31      0.96       -16.04       -35.71        19.68
             7    695    -18.98367    6.16    75.47      0.99       -16.01       -35.68        19.68
             8    134    -19.74316    2.88    78.36      1.44       -15.55       -35.43        19.88
             9    297    -19.77685    2.79    81.14      1.46       -15.53       -35.41        19.88
            10    661    -20.30273    1.65    82.79      1.78       -15.22       -35.03        19.81
            11      0    -20.35427    1.56    84.36      1.81       -15.19       -35.27        20.08
            12    470    -20.35622    1.56    85.92      1.81       -15.19       -34.92        19.73
            13    368    -20.35843    1.56    87.48      1.81       -15.19       -35.00        19.81
            14    187    -20.40348    1.49    88.97      1.84       -15.16       -34.90        19.73
            15    592    -20.63634    1.18    90.15      1.98       -15.02       -35.00        19.97
            16    684    -20.65198    1.16    91.31      1.99       -15.01       -35.02        20.00
            17     51    -20.67780    1.13    92.44      2.00       -15.00       -34.97        19.97
            18     68    -21.12529    0.72    93.17      2.27       -14.73       -34.71        19.98
            19    172    -21.24377    0.64    93.81      2.34       -14.66       -34.65        19.99
            20    179    -21.27451    0.62    94.43      2.36       -14.64       -34.63        19.99
            21    687    -21.28676    0.62    95.05      2.36       -14.63       -34.63        20.00
            22    688    -21.31213    0.60    95.65      2.38       -14.62       -34.61        19.99
            23    116    -21.32789    0.59    96.24      2.39       -14.61       -34.59        19.98
            24    565    -21.32948    0.59    96.83      2.39       -14.61       -34.61        20.00
            25    635    -21.34800    0.58    97.41      2.40       -14.60       -34.59        19.99
            26    107    -21.70688    0.40    97.81      2.61       -14.38       -34.41        20.03
            27    480    -21.72261    0.40    98.21      2.62       -14.37       -34.40        20.03
            28    281    -22.17165    0.25    98.47      2.89       -14.11       -34.42        20.32
            29    575    -22.23936    0.24    98.70      2.93       -14.07       -34.38        20.32
            30    304    -23.02719    0.11    98.81      3.40       -13.60       -33.89        20.29
            31    376    -23.32166    0.08    98.89      3.58       -13.42       -33.72        20.30
            32     79    -23.33161    0.08    98.97      3.58       -13.42       -33.72        20.30
            33    484    -23.34138    0.08    99.05      3.59       -13.41       -33.82        20.41
            34    390    -23.37609    0.08    99.13      3.61       -13.39       -33.47        20.08
            35    249    -23.37951    0.08    99.20      3.61       -13.39       -33.47        20.08
            36    729    -23.39159    0.08    99.28      3.62       -13.38       -33.79        20.41
            37    161    -23.66093    0.06    99.34      3.78       -13.22       -33.16        19.94
            38    560    -23.67706    0.06    99.39      3.79       -13.21       -33.37        20.16
            39    265    -23.69224    0.06    99.45      3.80       -13.20       -33.39        20.19
            40    177    -23.73929    0.05    99.50      3.83       -13.17       -33.33        20.16
            41      5    -23.74590    0.05    99.55      3.83       -13.17       -33.11        19.94
            42    269    -23.76635    0.05    99.61      3.84       -13.16       -33.34        20.19
            43    346    -23.92164    0.04    99.65      3.93       -13.06       -32.97        19.91
            44    730    -23.98507    0.04    99.69      3.97       -13.03       -32.97        19.95
            45    530    -23.98702    0.04    99.73      3.97       -13.02       -32.93        19.91
            46    756    -23.98914    0.04    99.77      3.97       -13.02       -32.97        19.95
            47    160    -24.02560    0.04    99.81      4.00       -13.00       -32.91        19.91
            48    381    -24.18546    0.03    99.85      4.09       -12.91       -32.81        19.91
            49    553    -24.97647    0.02    99.86      4.56       -12.43       -33.14        20.70
            50    533    -24.99375    0.02    99.88      4.57       -12.42       -33.13        20.70
            51    181    -25.16855    0.01    99.89      4.68       -12.32       -32.51        20.19
            52    295    -25.17770    0.01    99.90      4.68       -12.31       -32.68        20.36
            53    549    -25.25545    0.01    99.91      4.73       -12.27       -32.63        20.36
            54    561    -25.28553    0.01    99.93      4.75       -12.25       -32.44        20.19
          ------------------------------------------------------------------------------------------

          --------------------------------------------------------
          Potential Energy: E = (U+W) + H.O. Equipartion energy
          --------------------------------------------------------

          ------------------------------------------------------------------------------------------
          Rank    ID         E          U+W            U        W(PBSA)          PB           SA
          ------------------------------------------------------------------------------------------
             1    394       -36.57       -54.45         5.78       -60.23       -62.56         2.33
             2    718       -35.87       -53.75         6.78       -60.53       -62.85         2.31
             3    752       -35.80       -53.69         6.78       -60.47       -62.79         2.32
             4    132       -35.79       -53.68         7.03       -60.71       -63.01         2.30
             5    345       -35.76       -53.64         7.03       -60.67       -62.96         2.29
             6    711       -35.71       -53.60         6.75       -60.35       -62.66         2.31
             7    695       -35.68       -53.57         6.75       -60.32       -62.64         2.32
             8    134       -35.43       -53.32         7.94       -61.26       -63.56         2.30
             9    297       -35.41       -53.30         7.94       -61.24       -63.53         2.30
            10    661       -35.03       -52.92         7.60       -60.52       -62.80         2.28
            11      0       -35.27       -53.16         6.76       -59.92       -62.26         2.33
            12    470       -34.92       -52.81         7.69       -60.50       -62.77         2.27
            13    368       -35.00       -52.88         7.60       -60.48       -62.77         2.29
            14    187       -34.90       -52.78         7.69       -60.47       -62.78         2.31
            15    592       -35.00       -52.88         8.10       -60.98       -63.23         2.25
            16    684       -35.02       -52.90         8.06       -60.96       -63.25         2.29
            17     51       -34.97       -52.86         8.10       -60.96       -63.24         2.28
            18     68       -34.71       -52.60         8.92       -61.52       -63.79         2.27
            19    172       -34.65       -52.53         9.11       -61.64       -63.92         2.28
            20    179       -34.63       -52.51         9.11       -61.62       -63.91         2.28
            21    687       -34.63       -52.52         9.38       -61.89       -64.19         2.30
            22    688       -34.61       -52.49         8.59       -61.08       -63.35         2.28
            23    116       -34.59       -52.48         8.92       -61.40       -63.68         2.28
            24    565       -34.61       -52.49         9.38       -61.87       -64.16         2.29
            25    635       -34.59       -52.47         8.59       -61.06       -63.35         2.30
            26    107       -34.41       -52.30         9.62       -61.92       -64.20         2.28
            27    480       -34.40       -52.29         9.62       -61.91       -64.18         2.27
            28    281       -34.42       -52.31         8.87       -61.18       -63.41         2.23
            29    575       -34.38       -52.27         8.87       -61.14       -63.38         2.24
            30    304       -33.89       -51.77         9.55       -61.32       -63.55         2.23
            31    376       -33.72       -51.61        10.39       -62.00       -64.21         2.20
            32     79       -33.72       -51.60        10.39       -62.00       -64.21         2.21
            33    484       -33.82       -51.70        10.05       -61.75       -63.98         2.22
            34    390       -33.47       -51.36        10.43       -61.78       -64.01         2.23
            35    249       -33.47       -51.35        10.43       -61.78       -64.01         2.23
            36    729       -33.79       -51.67        10.05       -61.72       -63.94         2.22
            37    161       -33.16       -51.04        10.04       -61.09       -63.36         2.27
            38    560       -33.37       -51.26        10.89       -62.15       -64.37         2.22
            39    265       -33.39       -51.27        11.24       -62.51       -64.78         2.27
            40    177       -33.33       -51.22        10.89       -62.11       -64.33         2.22
            41      5       -33.11       -50.99        10.04       -61.04       -63.30         2.27
            42    269       -33.34       -51.23        11.24       -62.47       -64.73         2.27
            43    346       -32.97       -50.86        10.45       -61.31       -63.58         2.27
            44    730       -32.97       -50.86        10.21       -61.06       -63.33         2.27
            45    530       -32.93       -50.82        10.30       -61.11       -63.37         2.26
            46    756       -32.97       -50.85        10.21       -61.06       -63.31         2.25
            47    160       -32.91       -50.80        10.45       -61.25       -63.53         2.28
            48    381       -32.81       -50.70        10.30       -60.99       -63.27         2.28
            49    553       -33.14       -51.02        10.57       -61.59       -63.77         2.19
            50    533       -33.13       -51.01        10.57       -61.58       -63.77         2.19
            51    181       -32.51       -50.40        11.65       -62.05       -64.29         2.25
            52    295       -32.68       -50.56        11.69       -62.25       -64.46         2.21
            53    549       -32.63       -50.51        11.69       -62.20       -64.43         2.23
            54    561       -32.44       -50.33        11.65       -61.98       -64.19         2.21
          ------------------------------------------------------------------------------------------

          ----------------------------------------
          Gas Phase Internal Potential Energy: U
          ----------------------------------------

          ------------------------------------------------------------------------------------------
          Rank    ID         U         Valence     Coulomb        VdW         VdW6        VdW12
          ------------------------------------------------------------------------------------------
             1    394         5.78         7.10        -2.08         0.76        -6.50         7.25
             2    718         6.78         7.62        -1.71         0.87        -7.19         8.06
             3    752         6.78         7.62        -1.71         0.87        -7.19         8.06
             4    132         7.03         7.64        -1.49         0.88        -7.17         8.04
             5    345         7.03         7.64        -1.49         0.88        -7.17         8.04
             6    711         6.75         7.60        -1.74         0.89        -7.11         8.00
             7    695         6.75         7.60        -1.74         0.89        -7.11         8.00
             8    134         7.94         7.36        -0.02         0.60        -7.36         7.96
             9    297         7.94         7.36        -0.02         0.60        -7.36         7.96
            10    661         7.60         8.09        -1.47         0.98        -7.83         8.81
            11      0         6.76         7.60        -2.14         1.30        -6.79         8.09
            12    470         7.69         8.20        -1.56         1.05        -7.74         8.79
            13    368         7.60         8.09        -1.47         0.98        -7.83         8.81
            14    187         7.69         8.20        -1.56         1.05        -7.74         8.79
            15    592         8.10         8.05        -0.79         0.84        -8.06         8.91
            16    684         8.06         8.06        -0.78         0.78        -8.23         9.01
            17     51         8.10         8.05        -0.79         0.84        -8.06         8.91
            18     68         8.92         7.88         0.35         0.69        -8.05         8.74
            19    172         9.11         7.86         0.53         0.72        -7.99         8.71
            20    179         9.11         7.86         0.53         0.72        -7.99         8.71
            21    687         9.38         7.86         0.81         0.71        -8.02         8.73
            22    688         8.59         7.93        -0.13         0.78        -7.98         8.76
            23    116         8.92         7.88         0.35         0.69        -8.05         8.74
            24    565         9.38         7.86         0.81         0.71        -8.02         8.73
            25    635         8.59         7.93        -0.13         0.78        -7.98         8.76
            26    107         9.62         7.87         1.26         0.49        -8.39         8.88
            27    480         9.62         7.87         1.26         0.49        -8.39         8.88
            28    281         8.87         8.48        -0.36         0.75        -9.08         9.83
            29    575         8.87         8.48        -0.36         0.75        -9.08         9.83
            30    304         9.55         8.35         0.45         0.75        -8.87         9.62
            31    376        10.39         8.28         1.52         0.59        -9.07         9.66
            32     79        10.39         8.28         1.52         0.59        -9.07         9.66
            33    484        10.05         8.32         1.29         0.44        -9.40         9.84
            34    390        10.43         8.45         1.31         0.68        -8.93         9.60
            35    249        10.43         8.45         1.31         0.68        -8.93         9.60
            36    729        10.05         8.32         1.29         0.44        -9.40         9.84
            37    161        10.04        10.10        -0.88         0.83        -8.18         9.00
            38    560        10.89         8.35         2.01         0.53        -9.12         9.66
            39    265        11.24         9.03         1.67         0.54        -8.82         9.36
            40    177        10.89         8.35         2.01         0.53        -9.12         9.66
            41      5        10.04        10.10        -0.88         0.83        -8.18         9.00
            42    269        11.24         9.03         1.67         0.54        -8.82         9.36
            43    346        10.45        10.10        -0.50         0.86        -8.06         8.92
            44    730        10.21        10.11        -0.70         0.80        -8.21         9.01
            45    530        10.30        10.08        -0.61         0.84        -8.07         8.91
            46    756        10.21        10.11        -0.70         0.80        -8.21         9.01
            47    160        10.45        10.10        -0.50         0.86        -8.06         8.92
            48    381        10.30        10.08        -0.62         0.84        -8.07         8.91
            49    553        10.57         8.74         1.38         0.44       -10.22        10.66
            50    533        10.57         8.74         1.38         0.44       -10.22        10.66
            51    181        11.65         9.67         1.20         0.78        -9.28        10.06
            52    295        11.69         9.47         1.56         0.65        -9.49        10.15
            53    549        11.69         9.47         1.56         0.65        -9.49        10.15
            54    561        11.65         9.67         1.20         0.78        -9.28        10.06
          ------------------------------------------------------------------------------------------

          -------------------------------
          Bonded Energy Terms: Valence
          -------------------------------

          ------------------------------------------------------------------------------------------
          Rank    ID     Valence       Bond        Angle         Pdih         Idih       Tether
          ------------------------------------------------------------------------------------------
             1    394         7.10         0.10         2.26         4.74         0.00         0.00
             2    718         7.62         0.14         2.50         4.97         0.00         0.00
             3    752         7.62         0.14         2.50         4.97         0.00         0.00
             4    132         7.64         0.13         2.51         4.99         0.00         0.00
             5    345         7.64         0.13         2.51         4.99         0.00         0.00
             6    711         7.60         0.13         2.49         4.98         0.00         0.00
             7    695         7.60         0.13         2.49         4.98         0.00         0.00
             8    134         7.36         0.12         2.43         4.81         0.00         0.00
             9    297         7.36         0.12         2.43         4.81         0.00         0.00
            10    661         8.09         0.17         2.69         5.23         0.00         0.00
            11      0         7.60         0.13         2.72         4.75         0.00         0.00
            12    470         8.20         0.18         2.78         5.24         0.00         0.00
            13    368         8.09         0.17         2.69         5.23         0.00         0.00
            14    187         8.20         0.18         2.78         5.24         0.00         0.00
            15    592         8.05         0.17         2.89         4.99         0.00         0.00
            16    684         8.06         0.18         2.91         4.97         0.00         0.00
            17     51         8.05         0.17         2.89         4.99         0.00         0.00
            18     68         7.88         0.16         2.66         5.06         0.00         0.00
            19    172         7.86         0.15         2.65         5.06         0.00         0.00
            20    179         7.86         0.15         2.65         5.06         0.00         0.00
            21    687         7.86         0.15         2.65         5.06         0.00         0.00
            22    688         7.93         0.16         2.70         5.07         0.00         0.00
            23    116         7.88         0.16         2.66         5.06         0.00         0.00
            24    565         7.86         0.15         2.65         5.06         0.00         0.00
            25    635         7.93         0.16         2.70         5.07         0.00         0.00
            26    107         7.87         0.17         2.77         4.93         0.00         0.00
            27    480         7.87         0.17         2.77         4.93         0.00         0.00
            28    281         8.48         0.22         3.21         5.05         0.00         0.00
            29    575         8.48         0.22         3.21         5.05         0.00         0.00
            30    304         8.35         0.20         3.09         5.06         0.00         0.00
            31    376         8.28         0.19         3.03         5.06         0.00         0.00
            32     79         8.28         0.19         3.03         5.06         0.00         0.00
            33    484         8.32         0.21         3.15         4.96         0.00         0.00
            34    390         8.45         0.21         3.07         5.17         0.00         0.00
            35    249         8.45         0.21         3.07         5.17         0.00         0.00
            36    729         8.32         0.21         3.15         4.96         0.00         0.00
            37    161        10.10         0.18         2.99         6.93         0.00         0.00
            38    560         8.35         0.20         2.94         5.21         0.00         0.00
            39    265         9.03         0.19         3.20         5.64         0.01         0.00
            40    177         8.35         0.20         2.94         5.21         0.00         0.00
            41      5        10.10         0.18         2.99         6.93         0.00         0.00
            42    269         9.03         0.19         3.20         5.64         0.01         0.00
            43    346        10.10         0.18         3.00         6.92         0.00         0.00
            44    730        10.11         0.19         3.00         6.91         0.00         0.00
            45    530        10.08         0.18         2.98         6.92         0.00         0.00
            46    756        10.11         0.19         3.00         6.91         0.00         0.00
            47    160        10.10         0.18         3.00         6.92         0.00         0.00
            48    381        10.08         0.18         2.98         6.92         0.00         0.00
            49    553         8.74         0.25         3.45         5.04         0.00         0.00
            50    533         8.74         0.25         3.45         5.04         0.00         0.00
            51    181         9.67         0.22         3.51         5.93         0.01         0.00
            52    295         9.47         0.22         3.35         5.90         0.01         0.00
            53    549         9.47         0.22         3.35         5.89         0.01         0.00
            54    561         9.67         0.22         3.51         5.93         0.01         0.00
          ------------------------------------------------------------------------------------------

          Calculating single reference conformer RMSDs ...

          ---------------------------------
          Conformer RMSDs are in Angstroms.
          ---------------------------------

          ------------------------------------------------------------------------------------------
                              RMSD wrt Input Crd                    RMSD wrt Rank 1
                         ---------------------------------------------------------------------------
          Rank    ID        Complex    Receptor  Ligand          Complex    Receptor  Ligand
          ------------------------------------------------------------------------------------------
             1    394                             1.922                               0.000
             2    718                             1.619                               1.930
             3    752                             1.813                               1.143
             4    132                             2.278                               0.662
             5    345                             1.394                               1.895
             6    711                             1.022                               0.644
             7    695                             0.929                               0.644
             8    134                             2.747                               1.455
             9    297                             2.181                               2.427
            10    661                             1.129                               1.022
            11      0                             0.024                               1.900
            12    470                             1.255                               0.629
            13    368                             1.269                               1.177
            14    187                             1.200                               0.629
            15    592                             2.268                               1.347
            16    684                             1.609                               1.705
            17     51                             1.503                               2.297
            18     68                             2.011                               2.676
            19    172                             2.096                               2.838
            20    179                             1.747                               2.814
            21    687                             2.841                               2.224
            22    688                             1.350                               2.116
            23    116                             1.986                               2.408
            24    565                             2.714                               2.124
            25    635                             1.945                               2.152
            26    107                             2.170                               2.712
            27    480                             2.311                               2.810
            28    281                             2.397                               1.640
            29    575                             1.705                               1.462
            30    304                             1.334                               1.010
            31    376                             2.215                               1.580
            32     79                             1.540                               2.145
            33    484                             2.591                               2.253
            34    390                             2.679                               2.301
            35    249                             2.075                               2.753
            36    729                             2.142                               2.306
            37    161                             1.490                               1.749
            38    560                             2.214                               2.784
            39    265                             2.688                               2.831
            40    177                             2.288                               2.598
            41      5                             1.627                               1.603
            42    269                             2.858                               2.809
            43    346                             1.616                               1.736
            44    730                             2.009                               2.255
            45    530                             1.682                               1.124
            46    756                             1.464                               1.614
            47    160                             1.812                               1.864
            48    381                             1.646                               1.549
            49    553                             1.904                               1.979
            50    533                             2.348                               1.855
            51    181                             2.786                               2.491
            52    295                             2.573                               2.718
            53    549                             2.400                               2.693
            54    561                             2.603                               2.439
          ------------------------------------------------------------------------------------------

          --------------------------------
          Final Boltzmann Averaged Data.
          --------------------------------

          -------------------------------------------------------------------
          Results of Boltzmann Averaging Over All   82 Conformers (kcal/mol).
          -------------------------------------------------------------------

          Free Energy                        G             -17.6688226350
          Average Potential Energy         < E >           -35.8201053686
          Entropy                           -TS             18.1512827336
          -------------------------------------------------------------------

          Average Potential Energy < E > Components.

          < U >                     6.8436487312
          < W(PBSA) >             -60.5485290654
          < H.O. P.E. >            17.8848580373

          Average Solvation Energy < W(PBSA) > Components.

          < PB >                  -62.8582339259
          < SA >                    2.3097048606

          Average Gas Phase Internal Potential Energy < U > Components.

          < Valence >               7.5226836022
          < Coulomb >              -1.5019673064
          < VdW >                   0.8229324355

          Average Van der Waals Energy < VdW > Components.

          < VdW6  >                -7.1048120099
          < VdW12 >                 7.9277444454

          Average Bonded Energy < Valence > Components.

          < Bond >                  0.1298951949
          < Angle >                 2.4728601830
          < Pdihed >                4.9192982357
          < Idihed >                0.0006299887
          < Tether >                0.0000000000

          -------------------------------------------------------------------
                        End of VM2 Calculation Results Summary.
          -------------------------------------------------------------------


     Total cpu time for run         22.01 seconds.
                                     0.37 minutes.

     Total wall time for run        22.36 seconds.
                                     0.37 minutes.

     TIME STAMP: VCPack job finished normally : Saturday, August 06, 2022 at 17:09:02
