
     --------------------------------------------------------------------------------
                        Running Program VCPack. Version 2.8

                           VeraChem LLC, PO Box 2206
                           Germantown, MD 20875, U.S.A.

                                Tel. 240-686-0565
                                www.verachem.com
     --------------------------------------------------------------------------------


     Input file          :   guest-5_vm2.inp

     Output file         :   guest-5_vm2.out

     Summary output file :   guest-5_vm2.summary.out

     Executable : /data/comblab/vcCompChem_3b/exe/VC_CompChemPackage_mpi.exe

     Build date : Aug 13 2021  17:26:14

     This is a multiple processor run.

     MPI processes              :   16
     OpenMP threads per process :    0
     CUDA enabled               :  no

     TIME STAMP: VCPack job started : Saturday, August 06, 2022 at 17:10:20

     --------------------------------------------------------------------------------
                            Basic Calculation Control.
     --------------------------------------------------------------------------------

     Molecular system type                :  ligand          

     Calculation type                     :  vm2             

     Energy potential                     :  mm              

     Post-processing type                 :  none            

     Post-processing energy potential     :  none            

     Time limit in wall clock hours       :  96.00

     Read in starting conformers          :  no
     Type of conformers to read in        :  none
     Conformer source files(s)            :  none

     Use input .crd for complex build     :  no
     Place ligand confs. at input .crd    :  no
     Use input .crd as start conformer    :  yes

     Formatted output files               :  xyz     
                                          :  pdb     
                                          :  mol2    
                                          :  sdf     
                                          :  xyz     
                                          :  gms     
                                          :  csv     

     Split formatted output files         :  crd     

     Limit conformers in formatted files  :  bycount
     Maximum conformer count              :  1000

     Atoms to include in formatted files  :  all     

     Binary file restart type             :  none


     --------------------------------------------------------------------------------
                            Math Related Control and Set Up.
     --------------------------------------------------------------------------------

     Random number generator seeds :  bywallclock

     Seed 1 :           7319983
     Seed 2 :            598813
     Seed 3 :               747
     Seed 4 :             27486


     --------------------------------------------------------------------------------
                            Basic Molecular System Set Up.
     --------------------------------------------------------------------------------

     ------------------
     Ligand Data Files.
     ------------------

     Standard crd coordinate file            :  guest-5.crd
     VeraChem topology file                  :  guest-5.top
     Standard mol/sdf file                   :  guest-5.mol

     Total number of ligand atoms            :        22

     Included in this calculation.
     Number of real and live ligand atoms    :        22
     Number of real but fixed ligand atoms   :         0

     Ligand placement method                 :  none

     Snap ligand to template atoms           :      no

     -------------------------------
     Final Real/Live Set Atom Count.
     -------------------------------

     Total number of real atoms              :        22
     Total number of live atoms              :        22


     --------------------------------------------------------------------------------
                            Generate Initial Molecular Conformation.
     --------------------------------------------------------------------------------

     Mandatory input crd file(s) used for generation of a single starting conformer.


     --------------------------------------------------------------------------------
                             Energy Potential Settings.
     --------------------------------------------------------------------------------


     Molecular Mechanics package          :  vchem           

     Quantum Mechanics package            :  none            


     --------------------------------------------------------------------------------
                    Running VM2 Mining Minima Module. Version 2.8
     --------------------------------------------------------------------------------

     Iteration    Free Energy G             G Diff            # Conformers     # Diff
        1            46.760194              46.760194              16              16
        2            45.991028              -0.769166              37              21
        3            45.940780              -0.050248              41               4
        4            45.878501              -0.062279              44               3
        5            45.878445              -0.000056              44               0
        6            45.856782              -0.021664              45               1
        7            45.856772              -0.000009              45               0
        8            45.825025              -0.031748              47               2
        9            45.825019              -0.000006              47               0
       10            45.825007              -0.000012              47               0

     VM2 Free Energy converged after   10 iterations.

     Final VM2 Free Energy is      45.825007 Kcal/mol.

          --------------------------------
          Final Individual Conformer Data.
          --------------------------------

          List data for conformers with probability of at least :  0.01 %
          Rankings are with respect to : Free Energy (G)

          ------------------------
          Free Energy: G = E - TS
          ------------------------

          ------------------------------------------------------------------------------------------
          Rank    ID     ln(Zx)    Prob(%)  Sum Prob(%)  Del G        G            E            -TS
          ------------------------------------------------------------------------------------------
             1   1132   -121.13366    7.58     7.58      0.00        47.36        20.69        26.67
             2    561   -121.17403    7.28    14.87      0.02        47.39        20.72        26.67
             3   1237   -121.31323    6.34    21.20      0.11        47.47        20.46        27.01
             4    122   -121.36037    6.04    27.25      0.14        47.50        20.48        27.01
             5    517   -121.57817    4.86    32.11      0.26        47.63        20.97        26.66
             6    810   -121.62150    4.66    36.76      0.29        47.65        21.00        26.66
             7   1328   -121.63628    4.59    41.35      0.30        47.66        21.00        26.66
             8    775   -121.66558    4.45    45.81      0.32        47.68        21.02        26.66
             9    485   -121.68166    4.38    50.19      0.33        47.69        21.02        26.67
            10   1257   -121.70024    4.30    54.49      0.34        47.70        21.03        26.67
            11   1095   -121.70602    4.28    58.77      0.34        47.70        21.06        26.65
            12    988   -121.75823    4.06    62.83      0.37        47.74        21.11        26.63
            13    222   -121.81027    3.85    66.68      0.40        47.77        21.13        26.63
            14   1290   -121.83845    3.75    70.43      0.42        47.78        21.07        26.72
            15    943   -121.84984    3.71    74.14      0.43        47.79        21.14        26.65
            16    330   -121.90165    3.52    77.66      0.46        47.82        21.17        26.65
            17    871   -121.93151    3.41    81.07      0.48        47.84        21.16        26.68
            18    846   -121.94100    3.38    84.45      0.48        47.84        21.16        26.68
            19    272   -122.13206    2.79    87.25      0.60        47.96        21.39        26.57
            20    613   -122.17261    2.68    89.93      0.62        47.98        21.43        26.56
            21   1339   -122.20325    2.60    92.53      0.64        48.00        21.43        26.57
            22    199   -122.50317    1.93    94.46      0.82        48.18        21.16        27.02
            23   1352   -122.60554    1.74    96.20      0.88        48.24        21.22        27.02
            24   1050   -123.37523    0.81    97.01      1.34        48.70        22.00        26.70
            25    858   -123.41207    0.78    97.78      1.36        48.72        22.02        26.70
            26    919   -124.17648    0.36    98.14      1.81        49.18        22.50        26.67
            27    492   -124.22767    0.34    98.49      1.84        49.21        22.53        26.67
            28   1294   -124.33025    0.31    98.80      1.91        49.27        22.63        26.64
            29    663   -124.38399    0.29    99.09      1.94        49.30        22.66        26.64
            30   1038   -124.90759    0.17    99.27      2.25        49.61        22.88        26.74
            31    258   -124.98843    0.16    99.43      2.30        49.66        22.92        26.74
            32    138   -125.12187    0.14    99.57      2.38        49.74        23.11        26.63
            33    277   -125.16032    0.14    99.70      2.40        49.76        23.14        26.63
            34    951   -125.91532    0.06    99.77      2.85        50.21        23.59        26.63
            35    615   -125.92562    0.06    99.83      2.86        50.22        23.59        26.63
            36    111   -126.86966    0.02    99.85      3.42        50.78        24.51        26.27
            37    309   -126.87368    0.02    99.88      3.42        50.78        24.52        26.27
            38   1039   -127.19288    0.02    99.89      3.61        50.97        24.16        26.82
            39   1359   -127.26125    0.02    99.91      3.65        51.02        24.17        26.85
            40    245   -127.30220    0.02    99.93      3.68        51.04        24.23        26.81
            41    523   -127.30419    0.02    99.94      3.68        51.04        24.19        26.85
            42    998   -127.38972    0.01    99.96      3.73        51.09        24.44        26.66
            43    448   -127.41174    0.01    99.97      3.74        51.11        24.30        26.80
            44    214   -127.43521    0.01    99.99      3.76        51.12        24.30        26.82
            45    213   -127.59479    0.01   100.00      3.85        51.21        24.42        26.80
          ------------------------------------------------------------------------------------------

          --------------------------------------------------------
          Potential Energy: E = (U+W) + H.O. Equipartion energy
          --------------------------------------------------------

          ------------------------------------------------------------------------------------------
          Rank    ID         E          U+W            U        W(PBSA)          PB           SA
          ------------------------------------------------------------------------------------------
             1   1132        20.69         2.81         4.53        -1.72        -3.72         2.00
             2    561        20.72         2.83         4.53        -1.70        -3.70         2.00
             3   1237        20.46         2.57         3.92        -1.35        -3.34         1.99
             4    122        20.48         2.60         3.92        -1.32        -3.30         1.98
             5    517        20.97         3.09         5.43        -2.35        -4.36         2.01
             6    810        21.00         3.11         5.43        -2.32        -4.35         2.03
             7   1328        21.00         3.11         5.41        -2.30        -4.30         2.00
             8    775        21.02         3.13         5.41        -2.28        -4.30         2.02
             9    485        21.02         3.13         5.41        -2.27        -4.29         2.02
            10   1257        21.03         3.14         5.41        -2.26        -4.27         2.01
            11   1095        21.06         3.17         5.48        -2.31        -4.32         2.00
            12    988        21.11         3.22         5.23        -2.01        -4.02         2.01
            13    222        21.13         3.25         5.34        -2.09        -4.10         2.01
            14   1290        21.07         3.18         4.70        -1.52        -3.52         2.00
            15    943        21.14         3.25         5.65        -2.40        -4.41         2.01
            16    330        21.17         3.28         5.65        -2.37        -4.37         2.01
            17    871        21.16         3.27         5.68        -2.41        -4.42         2.01
            18    846        21.16         3.28         5.68        -2.40        -4.42         2.01
            19    272        21.39         3.50         5.86        -2.36        -4.37         2.00
            20    613        21.43         3.54         5.49        -1.95        -3.95         2.00
            21   1339        21.43         3.54         5.86        -2.32        -4.33         2.01
            22    199        21.16         3.27         4.57        -1.30        -3.28         1.98
            23   1352        21.22         3.33         4.57        -1.24        -3.23         1.99
            24   1050        22.00         4.11         6.37        -2.26        -4.26         2.00
            25    858        22.02         4.13         6.37        -2.24        -4.25         2.01
            26    919        22.50         4.62         6.66        -2.04        -4.04         2.00
            27    492        22.53         4.65         6.66        -2.01        -4.00         1.99
            28   1294        22.63         4.74         6.90        -2.15        -4.14         1.98
            29    663        22.66         4.77         6.90        -2.12        -4.12         2.00
            30   1038        22.88         4.99         7.11        -2.12        -4.11         1.99
            31    258        22.92         5.04         7.11        -2.07        -4.07         2.00
            32    138        23.11         5.23         7.48        -2.25        -4.25         1.99
            33    277        23.14         5.25         7.48        -2.23        -4.22         1.99
            34    951        23.59         5.70         7.21        -1.51        -3.50         1.99
            35    615        23.59         5.71         7.21        -1.50        -3.49         1.99
            36    111        24.51         6.63         8.89        -2.26        -4.26         2.00
            37    309        24.52         6.63         8.89        -2.26        -4.26         2.00
            38   1039        24.16         6.27         8.57        -2.30        -4.32         2.02
            39   1359        24.17         6.28         8.57        -2.29        -4.30         2.01
            40    245        24.23         6.35         8.61        -2.26        -4.27         2.01
            41    523        24.19         6.31         8.61        -2.30        -4.32         2.02
            42    998        24.44         6.55         8.93        -2.38        -4.38         2.01
            43    448        24.30         6.42         8.78        -2.36        -4.37         2.01
            44    214        24.30         6.42         8.78        -2.36        -4.38         2.02
            45    213        24.42         6.53         8.92        -2.39        -4.39         2.00
          ------------------------------------------------------------------------------------------

          ----------------------------------------
          Gas Phase Internal Potential Energy: U
          ----------------------------------------

          ------------------------------------------------------------------------------------------
          Rank    ID         U         Valence     Coulomb        VdW         VdW6        VdW12
          ------------------------------------------------------------------------------------------
             1   1132         4.53        12.22        -9.75         2.06        -9.20        11.26
             2    561         4.53        12.22        -9.75         2.06        -9.20        11.26
             3   1237         3.92        12.57       -10.58         1.93       -10.48        12.41
             4    122         3.92        12.57       -10.58         1.93       -10.48        12.41
             5    517         5.43        11.90        -8.72         2.25        -8.93        11.18
             6    810         5.43        11.90        -8.72         2.25        -8.93        11.18
             7   1328         5.41        11.91        -8.73         2.24        -8.94        11.17
             8    775         5.41        11.91        -8.73         2.24        -8.94        11.17
             9    485         5.41        12.01        -8.86         2.26        -8.94        11.20
            10   1257         5.41        12.01        -8.86         2.26        -8.94        11.20
            11   1095         5.48        12.02        -8.79         2.25        -8.93        11.19
            12    988         5.23        12.27        -9.23         2.19        -8.95        11.14
            13    222         5.34        12.39        -9.27         2.22        -8.97        11.18
            14   1290         4.70        12.59       -10.00         2.11        -9.79        11.90
            15    943         5.65        11.81        -8.31         2.15        -9.14        11.29
            16    330         5.65        11.81        -8.31         2.15        -9.14        11.29
            17    871         5.68        11.81        -8.28         2.15        -9.11        11.26
            18    846         5.68        11.81        -8.28         2.15        -9.11        11.26
            19    272         5.86        12.33        -8.53         2.07        -8.87        10.93
            20    613         5.49        12.68        -9.22         2.03        -8.90        10.92
            21   1339         5.86        12.33        -8.53         2.07        -8.87        10.93
            22    199         4.57        12.70       -10.36         2.23       -10.22        12.46
            23   1352         4.57        12.70       -10.36         2.23       -10.22        12.46
            24   1050         6.37        12.09        -8.06         2.34        -9.68        12.02
            25    858         6.37        12.09        -8.06         2.34        -9.68        12.02
            26    919         6.66        12.24        -7.55         1.97       -10.14        12.10
            27    492         6.66        12.24        -7.55         1.97       -10.14        12.10
            28   1294         6.90        12.37        -7.75         2.28        -9.83        12.10
            29    663         6.90        12.37        -7.75         2.28        -9.83        12.10
            30   1038         7.11        12.15        -6.96         1.93       -10.06        11.99
            31    258         7.11        12.15        -6.96         1.93       -10.06        11.99
            32    138         7.48        12.31        -7.08         2.26        -9.77        12.03
            33    277         7.48        12.31        -7.08         2.26        -9.77        12.03
            34    951         7.21        13.63        -9.92         3.49       -10.51        14.01
            35    615         7.21        13.63        -9.92         3.49       -10.51        14.01
            36    111         8.89        13.21        -7.89         3.57       -10.25        13.83
            37    309         8.89        13.21        -7.89         3.57       -10.25        13.82
            38   1039         8.57        13.35        -8.60         3.83        -9.68        13.51
            39   1359         8.57        13.35        -8.60         3.83        -9.68        13.51
            40    245         8.61        13.31        -8.55         3.84        -9.69        13.53
            41    523         8.61        13.31        -8.55         3.84        -9.69        13.53
            42    998         8.93        13.51        -8.27         3.68        -9.85        13.53
            43    448         8.78        13.33        -8.39         3.84        -9.74        13.58
            44    214         8.78        13.33        -8.39         3.84        -9.75        13.58
            45    213         8.92        13.46        -8.15         3.61        -9.94        13.55
          ------------------------------------------------------------------------------------------

          -------------------------------
          Bonded Energy Terms: Valence
          -------------------------------

          ------------------------------------------------------------------------------------------
          Rank    ID     Valence       Bond        Angle         Pdih         Idih       Tether
          ------------------------------------------------------------------------------------------
             1   1132        12.22         0.22         2.75         9.25         0.00         0.00
             2    561        12.22         0.22         2.75         9.25         0.00         0.00
             3   1237        12.57         0.27         3.73         8.57         0.00         0.00
             4    122        12.57         0.27         3.73         8.57         0.00         0.00
             5    517        11.90         0.22         2.47         9.21         0.00         0.00
             6    810        11.90         0.22         2.47         9.21         0.00         0.00
             7   1328        11.91         0.22         2.46         9.23         0.00         0.00
             8    775        11.91         0.22         2.46         9.23         0.00         0.00
             9    485        12.01         0.22         2.42         9.37         0.00         0.00
            10   1257        12.01         0.22         2.42         9.37         0.00         0.00
            11   1095        12.02         0.22         2.43         9.37         0.00         0.00
            12    988        12.27         0.22         2.51         9.54         0.00         0.00
            13    222        12.39         0.22         2.43         9.74         0.00         0.00
            14   1290        12.59         0.26         3.35         8.98         0.00         0.00
            15    943        11.81         0.22         2.65         8.94         0.00         0.00
            16    330        11.81         0.22         2.65         8.94         0.00         0.00
            17    871        11.81         0.22         2.65         8.93         0.00         0.00
            18    846        11.81         0.22         2.65         8.93         0.00         0.00
            19    272        12.33         0.22         2.57         9.55         0.00         0.00
            20    613        12.68         0.21         2.59         9.88         0.00         0.00
            21   1339        12.33         0.22         2.57         9.55         0.00         0.00
            22    199        12.70         0.28         3.79         8.63         0.00         0.00
            23   1352        12.70         0.28         3.79         8.63         0.00         0.00
            24   1050        12.09         0.27         3.01         8.82         0.00         0.00
            25    858        12.09         0.27         3.01         8.82         0.00         0.00
            26    919        12.24         0.26         3.59         8.39         0.00         0.00
            27    492        12.24         0.26         3.59         8.39         0.00         0.00
            28   1294        12.37         0.28         3.46         8.63         0.00         0.00
            29    663        12.37         0.28         3.46         8.63         0.00         0.00
            30   1038        12.15         0.26         3.63         8.26         0.00         0.00
            31    258        12.15         0.26         3.63         8.26         0.00         0.00
            32    138        12.31         0.28         3.49         8.53         0.00         0.00
            33    277        12.31         0.28         3.49         8.53         0.00         0.00
            34    951        13.63         0.43         3.72         9.48         0.00         0.00
            35    615        13.63         0.43         3.72         9.48         0.00         0.00
            36    111        13.21         0.44         3.62         9.16         0.00         0.00
            37    309        13.21         0.44         3.62         9.16         0.00         0.00
            38   1039        13.35         0.43         3.36         9.55         0.00         0.00
            39   1359        13.35         0.43         3.36         9.55         0.00         0.00
            40    245        13.31         0.43         3.37         9.50         0.00         0.00
            41    523        13.31         0.43         3.37         9.51         0.00         0.00
            42    998        13.51         0.43         3.47         9.61         0.00         0.00
            43    448        13.33         0.44         3.48         9.41         0.00         0.00
            44    214        13.33         0.44         3.48         9.41         0.00         0.00
            45    213        13.46         0.44         3.54         9.48         0.00         0.00
          ------------------------------------------------------------------------------------------

          Calculating single reference conformer RMSDs ...

          ---------------------------------
          Conformer RMSDs are in Angstroms.
          ---------------------------------

          ------------------------------------------------------------------------------------------
                              RMSD wrt Input Crd                    RMSD wrt Rank 1
                         ---------------------------------------------------------------------------
          Rank    ID        Complex    Receptor  Ligand          Complex    Receptor  Ligand
          ------------------------------------------------------------------------------------------
             1   1132                             1.425                               0.000
             2    561                             0.566                               1.375
             3   1237                             0.806                               1.040
             4    122                             1.088                               1.192
             5    517                             0.969                               0.966
             6    810                             1.100                               1.170
             7   1328                             0.931                               0.905
             8    775                             1.085                               0.984
             9    485                             0.981                               1.029
            10   1257                             1.101                               0.958
            11   1095                             1.233                               1.013
            12    988                             0.978                               1.085
            13    222                             0.859                               0.901
            14   1290                             0.042                               1.073
            15    943                             0.715                               1.335
            16    330                             1.160                               0.333
            17    871                             1.178                               0.360
            18    846                             0.663                               1.593
            19    272                             0.976                               0.724
            20    613                             0.855                               0.566
            21   1339                             0.929                               0.919
            22    199                             1.021                               0.816
            23   1352                             0.569                               1.030
            24   1050                             1.377                               0.656
            25    858                             0.338                               1.308
            26    919                             0.845                               0.810
            27    492                             1.143                               1.244
            28   1294                             0.617                               0.790
            29    663                             0.903                               0.851
            30   1038                             0.828                               0.726
            31    258                             0.816                               0.960
            32    138                             0.600                               1.041
            33    277                             0.889                               0.779
            34    951                             0.894                               1.148
            35    615                             0.767                               1.135
            36    111                             0.838                               0.838
            37    309                             1.278                               0.956
            38   1039                             0.826                               0.852
            39   1359                             1.185                               1.443
            40    245                             0.839                               0.858
            41    523                             0.977                               1.681
            42    998                             0.773                               0.708
            43    448                             0.937                               0.965
            44    214                             1.108                               0.783
            45    213                             0.892                               0.919
          ------------------------------------------------------------------------------------------

          --------------------------------
          Final Boltzmann Averaged Data.
          --------------------------------

          -------------------------------------------------------------------
          Results of Boltzmann Averaging Over All   47 Conformers (kcal/mol).
          -------------------------------------------------------------------

          Free Energy                        G              45.8250067965
          Average Potential Energy         < E >            21.0260510634
          Entropy                           -TS             24.7989557330
          -------------------------------------------------------------------

          Average Potential Energy < E > Components.

          < U >                     5.1475275396
          < W(PBSA) >              -2.0063301892
          < H.O. P.E. >            17.8848580373

          Average Solvation Energy < W(PBSA) > Components.

          < PB >                   -4.0115682903
          < SA >                    2.0052381011

          Average Gas Phase Internal Potential Energy < U > Components.

          < Valence >              12.1821374444
          < Coulomb >              -9.1798442648
          < VdW >                   2.1452343600

          Average Van der Waals Energy < VdW > Components.

          < VdW6  >                -9.3045535244
          < VdW12 >                11.4497878843

          Average Bonded Energy < Valence > Components.

          < Bond >                  0.2323001366
          < Angle >                 2.8076215632
          < Pdihed >                9.1422157446
          < Idihed >                0.0000000000
          < Tether >                0.0000000000

          -------------------------------------------------------------------
                        End of VM2 Calculation Results Summary.
          -------------------------------------------------------------------


     Total cpu time for run         26.71 seconds.
                                     0.45 minutes.

     Total wall time for run        27.11 seconds.
                                     0.45 minutes.

     TIME STAMP: VCPack job finished normally : Saturday, August 06, 2022 at 17:10:47
