
     --------------------------------------------------------------------------------
                        Running Program VCPack. Version 2.8

                           VeraChem LLC, PO Box 2206
                           Germantown, MD 20875, U.S.A.

                                Tel. 240-686-0565
                                www.verachem.com
     --------------------------------------------------------------------------------


     Input file          :   guest-s14_vm2.inp

     Output file         :   guest-s14_vm2.out

     Summary output file :   guest-s14_vm2.summary.out

     Executable : /data/comblab/vcCompChem_3b/exe/VC_CompChemPackage_mpi.exe

     Build date : Aug 13 2021  17:26:14

     This is a multiple processor run.

     MPI processes              :   16
     OpenMP threads per process :    0
     CUDA enabled               :  no

     TIME STAMP: VCPack job started : Sunday, August 07, 2022 at 15:51:03

     --------------------------------------------------------------------------------
                            Basic Calculation Control.
     --------------------------------------------------------------------------------

     Molecular system type                :  ligand          

     Calculation type                     :  vm2             

     Energy potential                     :  mm              

     Post-processing type                 :  none            

     Post-processing energy potential     :  none            

     Time limit in wall clock hours       :  96.00

     Read in starting conformers          :  no
     Type of conformers to read in        :  none
     Conformer source files(s)            :  none

     Use input .crd for complex build     :  no
     Place ligand confs. at input .crd    :  no
     Use input .crd as start conformer    :  yes

     Formatted output files               :  xyz     
                                          :  pdb     
                                          :  mol2    
                                          :  sdf     
                                          :  xyz     
                                          :  gms     
                                          :  csv     

     Split formatted output files         :  crd     

     Limit conformers in formatted files  :  bycount
     Maximum conformer count              :  1000

     Atoms to include in formatted files  :  all     

     Binary file restart type             :  none


     --------------------------------------------------------------------------------
                            Math Related Control and Set Up.
     --------------------------------------------------------------------------------

     Random number generator seeds :  bywallclock

     Seed 1 :           3746987
     Seed 2 :            456553
     Seed 3 :              3190
     Seed 4 :             20073


     --------------------------------------------------------------------------------
                            Basic Molecular System Set Up.
     --------------------------------------------------------------------------------

     ------------------
     Ligand Data Files.
     ------------------

     Standard crd coordinate file            :  guest-s14.crd
     VeraChem topology file                  :  guest-s14.top
     Standard mol/sdf file                   :  guest-s14.mol

     Total number of ligand atoms            :        26

     Included in this calculation.
     Number of real and live ligand atoms    :        26
     Number of real but fixed ligand atoms   :         0

     Ligand placement method                 :  none

     Snap ligand to template atoms           :      no

     -------------------------------
     Final Real/Live Set Atom Count.
     -------------------------------

     Total number of real atoms              :        26
     Total number of live atoms              :        26


     --------------------------------------------------------------------------------
                            Generate Initial Molecular Conformation.
     --------------------------------------------------------------------------------

     Mandatory input crd file(s) used for generation of a single starting conformer.


     --------------------------------------------------------------------------------
                             Energy Potential Settings.
     --------------------------------------------------------------------------------


     Molecular Mechanics package          :  vchem           

     Quantum Mechanics package            :  none            


     --------------------------------------------------------------------------------
                    Running VM2 Mining Minima Module. Version 2.8
     --------------------------------------------------------------------------------

     Iteration    Free Energy G             G Diff            # Conformers     # Diff
        1            47.085251              47.085251              47              47
        2            46.933701              -0.151550             104              57
        3            46.918461              -0.015240             111               7
        4            46.839962              -0.078499             148              37
        5            46.839878              -0.000084             148               0
        6            46.789780              -0.050098             169              21
        7            46.744792              -0.044988             178               9
        8            46.715166              -0.029626             193              15
        9            46.715114              -0.000051             194               1
       10            46.713061              -0.002053             205              11

     VM2 Free Energy converged after   10 iterations.

     Final VM2 Free Energy is      46.713061 Kcal/mol.

          --------------------------------
          Final Individual Conformer Data.
          --------------------------------

          List data for conformers with probability of at least :  0.01 %
          Rankings are with respect to : Free Energy (G)

          ------------------------
          Free Energy: G = E - TS
          ------------------------

          ------------------------------------------------------------------------------------------
          Rank    ID     ln(Zx)    Prob(%)  Sum Prob(%)  Del G        G            E            -TS
          ------------------------------------------------------------------------------------------
             1    316   -122.39471    7.45     7.45      0.00        48.26        15.91        32.35
             2    307   -122.81052    4.91    12.36      0.25        48.51        16.05        32.46
             3   1319   -122.83892    4.78    17.14      0.26        48.53        16.07        32.46
             4   1012   -123.18196    3.39    20.53      0.47        48.73        16.28        32.45
             5    904   -123.18740    3.37    23.90      0.47        48.73        16.28        32.45
             6   1286   -123.39024    2.75    26.65      0.59        48.85        16.39        32.46
             7   1287   -123.45590    2.58    29.23      0.63        48.89        16.43        32.46
             8   1256   -123.50660    2.45    31.68      0.66        48.92        16.47        32.45
             9    845   -123.50759    2.45    34.13      0.66        48.92        16.47        32.45
            10    613   -123.51766    2.42    36.55      0.67        48.93        16.48        32.45
            11    781   -123.54476    2.36    38.91      0.69        48.95        16.49        32.45
            12   1042   -123.77267    1.88    40.79      0.82        49.08        16.52        32.57
            13    234   -123.80553    1.82    42.60      0.84        49.10        16.46        32.64
            14    998   -123.83870    1.76    44.36      0.86        49.12        16.56        32.57
            15   1329   -123.84922    1.74    46.10      0.87        49.13        16.56        32.57
            16    473   -123.85909    1.72    47.82      0.87        49.13        16.50        32.64
            17    853   -123.89360    1.66    49.49      0.89        49.15        16.59        32.57
            18    780   -123.91542    1.63    51.12      0.91        49.17        16.60        32.57
            19    831   -123.94023    1.59    52.70      0.92        49.18        16.62        32.57
            20    706   -123.96930    1.54    54.25      0.94        49.20        16.64        32.56
            21   1034   -123.99036    1.51    55.76      0.95        49.21        16.66        32.56
            22    982   -123.99642    1.50    57.26      0.95        49.22        16.67        32.55
            23   1367   -124.05435    1.42    58.67      0.99        49.25        16.72        32.53
            24    981   -124.13246    1.31    59.98      1.04        49.30        16.75        32.55
            25    762   -124.15935    1.28    61.26      1.05        49.31        16.75        32.56
            26   1219   -124.20605    1.22    62.48      1.08        49.34        16.78        32.56
            27   1376   -124.21152    1.21    63.69      1.08        49.34        16.65        32.69
            28   1063   -124.21858    1.20    64.89      1.09        49.35        16.66        32.69
            29   1221   -124.26086    1.15    66.04      1.11        49.37        16.81        32.56
            30    835   -124.26819    1.14    67.19      1.12        49.38        16.82        32.56
            31    530   -124.29207    1.12    68.30      1.13        49.39        16.83        32.56
            32    810   -124.31337    1.09    69.40      1.14        49.41        16.88        32.52
            33    972   -124.35687    1.05    70.44      1.17        49.43        16.87        32.56
            34   1328   -124.40280    1.00    71.44      1.20        49.46        16.68        32.78
            35    187   -124.46010    0.94    72.39      1.23        49.49        16.71        32.78
            36    275   -124.46836    0.94    73.32      1.24        49.50        16.98        32.52
            37   1021   -124.49459    0.91    74.24      1.25        49.51        16.92        32.59
            38   1324   -124.50909    0.90    75.14      1.26        49.52        16.73        32.80
            39    496   -124.51594    0.89    76.03      1.26        49.53        16.94        32.59
            40    152   -124.55593    0.86    76.89      1.29        49.55        16.75        32.80
            41    742   -124.65901    0.77    77.66      1.35        49.61        17.10        32.51
            42    931   -124.68245    0.76    78.42      1.36        49.63        17.12        32.51
            43    454   -124.88012    0.62    79.04      1.48        49.74        16.99        32.75
            44    355   -124.89710    0.61    79.65      1.49        49.75        16.85        32.90
            45    235   -124.91039    0.60    80.25      1.50        49.76        16.87        32.89
            46    790   -124.91364    0.60    80.85      1.50        49.76        17.06        32.70
            47    155   -124.92219    0.59    81.44      1.51        49.77        16.88        32.89
            48   1262   -124.93375    0.59    82.03      1.51        49.78        17.07        32.70
            49    568   -124.94332    0.58    82.61      1.52        49.78        17.03        32.75
            50    287   -124.94900    0.58    83.19      1.52        49.78        17.04        32.75
            51   1342   -124.98690    0.56    83.75      1.55        49.81        16.92        32.89
            52    525   -124.99911    0.55    84.30      1.55        49.81        16.91        32.90
            53    401   -125.03900    0.53    84.83      1.58        49.84        16.95        32.89
            54    156   -125.04092    0.53    85.36      1.58        49.84        17.16        32.68
            55    730   -125.06284    0.52    85.88      1.59        49.85        17.23        32.63
            56    980   -125.08236    0.51    86.38      1.60        49.86        17.19        32.68
            57    477   -125.09809    0.50    86.88      1.61        49.87        16.98        32.89
            58   1039   -125.13569    0.48    87.36      1.63        49.90        17.07        32.82
            59   1347   -125.13598    0.48    87.84      1.63        49.90        17.32        32.58
            60    576   -125.15655    0.47    88.31      1.65        49.91        17.20        32.71
            61   1024   -125.16133    0.47    88.78      1.65        49.91        17.33        32.58
            62    428   -125.17127    0.46    89.25      1.66        49.92        17.03        32.89
            63    550   -125.18383    0.46    89.70      1.66        49.92        17.02        32.91
            64    118   -125.18770    0.46    90.16      1.67        49.93        17.11        32.82
            65    215   -125.19408    0.45    90.61      1.67        49.93        17.30        32.63
            66    273   -125.20578    0.45    91.06      1.68        49.94        17.23        32.71
            67    813   -125.24107    0.43    91.49      1.70        49.96        17.21        32.75
            68     83   -125.24974    0.43    91.92      1.70        49.96        16.93        33.04
            69    965   -125.27186    0.42    92.34      1.72        49.98        17.07        32.91
            70   1067   -125.27279    0.42    92.76      1.72        49.98        17.09        32.89
            71   1118   -125.27448    0.42    93.18      1.72        49.98        17.23        32.75
            72    135   -125.30975    0.40    93.58      1.74        50.00        16.96        33.04
            73    276   -125.33648    0.39    93.97      1.75        50.02        17.13        32.89
            74    970   -125.37770    0.38    94.35      1.78        50.04        17.17        32.87
            75   1094   -125.41611    0.36    94.71      1.80        50.06        17.20        32.87
            76    539   -125.48667    0.34    95.05      1.84        50.10        17.34        32.76
            77   1361   -125.48894    0.34    95.39      1.84        50.11        17.34        32.76
            78    954   -125.54548    0.32    95.71      1.88        50.14        17.02        33.12
            79   1301   -125.55535    0.32    96.03      1.88        50.15        17.03        33.12
            80   1056   -125.81939    0.24    96.27      2.04        50.30        17.28        33.03
            81    846   -125.84519    0.24    96.50      2.06        50.32        17.29        33.03
            82    534   -125.96764    0.21    96.71      2.13        50.39        17.16        33.23
            83    461   -125.97335    0.21    96.92      2.13        50.39        17.17        33.23
            84    266   -126.03011    0.20    97.12      2.17        50.43        17.21        33.22
            85    850   -126.05998    0.19    97.31      2.19        50.45        17.23        33.22
            86    541   -126.09257    0.18    97.49      2.20        50.47        17.41        33.06
            87   1259   -126.11614    0.18    97.67      2.22        50.48        17.50        32.98
            88    700   -126.12676    0.18    97.85      2.22        50.49        17.43        33.06
            89    210   -126.21186    0.16    98.02      2.28        50.54        17.20        33.33
            90    851   -126.22727    0.16    98.18      2.28        50.55        17.32        33.23
            91   1093   -126.23368    0.16    98.34      2.29        50.55        17.32        33.23
            92   1360   -126.27560    0.15    98.49      2.31        50.58        17.24        33.33
            93    538   -126.79758    0.09    98.58      2.62        50.89        17.83        33.05
            94    506   -126.87296    0.08    98.67      2.67        50.93        17.40        33.53
            95    842   -126.93809    0.08    98.75      2.71        50.97        17.44        33.53
            96   1179   -127.05103    0.07    98.82      2.78        51.04        18.54        32.50
            97    452   -127.06382    0.07    98.89      2.78        51.04        18.54        32.50
            98   1107   -127.19366    0.06    98.95      2.86        51.12        18.43        32.69
            99   1059   -127.21019    0.06    99.01      2.87        51.13        18.44        32.69
           100    727   -127.94157    0.03    99.04      3.31        51.57        18.88        32.69
           101    935   -127.94185    0.03    99.07      3.31        51.57        18.88        32.69
           102   1246   -127.94500    0.03    99.09      3.31        51.57        18.87        32.70
           103   1007   -127.99387    0.03    99.12      3.34        51.60        19.07        32.53
           104   1375   -128.00626    0.03    99.15      3.35        51.61        18.79        32.81
           105   1078   -128.00664    0.03    99.18      3.35        51.61        18.96        32.64
           106   1341   -128.02083    0.03    99.20      3.35        51.62        18.91        32.70
           107   1366   -128.04309    0.03    99.23      3.37        51.63        18.91        32.72
           108   1365   -128.05391    0.03    99.26      3.37        51.64        19.11        32.53
           109    991   -128.08898    0.03    99.28      3.39        51.66        18.93        32.73
           110    815   -128.11916    0.02    99.31      3.41        51.67        19.03        32.64
           111    743   -128.13292    0.02    99.33      3.42        51.68        18.96        32.72
           112    284   -128.15828    0.02    99.35      3.44        51.70        18.88        32.82
           113   1100   -128.17728    0.02    99.38      3.45        51.71        19.20        32.51
           114    523   -128.25665    0.02    99.40      3.49        51.76        19.13        32.63
           115    214   -128.30777    0.02    99.42      3.53        51.79        18.98        32.80
           116   1326   -128.34356    0.02    99.44      3.55        51.81        19.18        32.63
           117    654   -128.38136    0.02    99.46      3.57        51.83        19.22        32.61
           118    130   -128.39451    0.02    99.47      3.58        51.84        18.63        33.21
           119    973   -128.42569    0.02    99.49      3.60        51.86        18.64        33.21
           120   1051   -128.46657    0.02    99.51      3.62        51.88        19.05        32.83
           121    436   -128.46686    0.02    99.53      3.62        51.88        19.22        32.66
           122    944   -128.47471    0.02    99.54      3.62        51.89        19.28        32.61
           123   1187   -128.50061    0.02    99.56      3.64        51.90        19.16        32.75
           124    659   -128.50968    0.02    99.58      3.65        51.91        19.16        32.75
           125   1120   -128.53467    0.02    99.59      3.66        51.92        19.12        32.80
           126   1290   -128.58637    0.02    99.61      3.69        51.95        19.15        32.80
           127    149   -128.62556    0.01    99.62      3.71        51.98        19.19        32.79
           128   1368   -128.64256    0.01    99.64      3.72        51.99        19.14        32.85
           129   1248   -128.64774    0.01    99.65      3.73        51.99        19.14        32.84
           130   1070   -128.65718    0.01    99.66      3.73        51.99        19.19        32.80
           131   1091   -128.67734    0.01    99.68      3.75        52.01        19.18        32.83
           132    801   -128.68245    0.01    99.69      3.75        52.01        19.19        32.82
           133    159   -128.71644    0.01    99.71      3.77        52.03        19.24        32.79
           134   1096   -128.74949    0.01    99.72      3.79        52.05        19.25        32.80
           135   1060   -128.76420    0.01    99.73      3.80        52.06        19.23        32.82
           136   1346   -128.76733    0.01    99.74      3.80        52.06        19.19        32.87
           137    710   -128.77154    0.01    99.76      3.80        52.06        19.19        32.88
           138    418   -128.79071    0.01    99.77      3.81        52.07        19.20        32.87
           139   1068   -128.80711    0.01    99.78      3.82        52.08        19.27        32.82
           140    402   -128.82012    0.01    99.79      3.83        52.09        19.22        32.87
           141    560   -128.87564    0.01    99.81      3.86        52.13        19.31        32.82
           142    173   -128.97543    0.01    99.82      3.92        52.18        19.36        32.82
          ------------------------------------------------------------------------------------------

          --------------------------------------------------------
          Potential Energy: E = (U+W) + H.O. Equipartion energy
          --------------------------------------------------------

          ------------------------------------------------------------------------------------------
          Rank    ID         E          U+W            U        W(PBSA)          PB           SA
          ------------------------------------------------------------------------------------------
             1    316        15.91        -5.55        47.19       -52.74       -55.14         2.39
             2    307        16.05        -5.41        47.84       -53.25       -55.60         2.35
             3   1319        16.07        -5.39        47.84       -53.24       -55.58         2.35
             4   1012        16.28        -5.18        48.00       -53.18       -55.53         2.35
             5    904        16.28        -5.18        48.00       -53.18       -55.52         2.34
             6   1286        16.39        -5.07        47.85       -52.91       -55.28         2.36
             7   1287        16.43        -5.03        47.85       -52.88       -55.23         2.35
             8   1256        16.47        -4.99        48.03       -53.02       -55.38         2.36
             9    845        16.47        -4.99        48.21       -53.20       -55.54         2.34
            10    613        16.48        -4.98        48.03       -53.02       -55.37         2.36
            11    781        16.49        -4.97        48.21       -53.18       -55.53         2.35
            12   1042        16.52        -4.94        48.46       -53.41       -55.71         2.31
            13    234        16.46        -5.00        48.67       -53.66       -55.97         2.31
            14    998        16.56        -4.91        48.49       -53.39       -55.72         2.32
            15   1329        16.56        -4.90        48.49       -53.38       -55.72         2.33
            16    473        16.50        -4.97        48.67       -53.63       -55.95         2.32
            17    853        16.59        -4.87        48.46       -53.33       -55.65         2.31
            18    780        16.60        -4.86        48.70       -53.56       -55.86         2.30
            19    831        16.62        -4.85        48.70       -53.54       -55.87         2.32
            20    706        16.64        -4.82        48.74       -53.55       -55.89         2.34
            21   1034        16.66        -4.81        48.74       -53.54       -55.86         2.32
            22    982        16.67        -4.79        48.94       -53.74       -56.05         2.31
            23   1367        16.72        -4.75        48.58       -53.33       -55.65         2.33
            24    981        16.75        -4.71        48.94       -53.66       -56.00         2.34
            25    762        16.75        -4.71        48.72       -53.43       -55.78         2.34
            26   1219        16.78        -4.68        48.66       -53.34       -55.67         2.33
            27   1376        16.65        -4.81        48.96       -53.77       -56.08         2.32
            28   1063        16.66        -4.80        48.96       -53.76       -56.08         2.32
            29   1221        16.81        -4.65        48.66       -53.31       -55.64         2.33
            30    835        16.82        -4.64        48.72       -53.37       -55.69         2.32
            31    530        16.83        -4.63        48.73       -53.36       -55.69         2.33
            32    810        16.88        -4.58        48.77       -53.35       -55.67         2.33
            33    972        16.87        -4.59        48.73       -53.33       -55.66         2.34
            34   1328        16.68        -4.78        48.49       -53.28       -55.57         2.29
            35    187        16.71        -4.75        48.49       -53.25       -55.52         2.28
            36    275        16.98        -4.49        48.77       -53.25       -55.60         2.34
            37   1021        16.92        -4.54        48.77       -53.31       -55.64         2.34
            38   1324        16.73        -4.74        48.91       -53.65       -55.96         2.31
            39    496        16.94        -4.52        48.77       -53.29       -55.61         2.31
            40    152        16.75        -4.71        48.91       -53.62       -55.93         2.31
            41    742        17.10        -4.36        48.90       -53.26       -55.57         2.31
            42    931        17.12        -4.34        48.90       -53.24       -55.59         2.34
            43    454        16.99        -4.47        49.28       -53.75       -56.03         2.29
            44    355        16.85        -4.61        49.20       -53.81       -56.08         2.28
            45    235        16.87        -4.59        49.15       -53.74       -56.02         2.29
            46    790        17.06        -4.40        49.23       -53.63       -55.90         2.28
            47    155        16.88        -4.58        49.43       -54.01       -56.29         2.28
            48   1262        17.07        -4.39        49.23       -53.62       -55.90         2.29
            49    568        17.03        -4.43        49.41       -53.84       -56.12         2.27
            50    287        17.04        -4.43        49.41       -53.84       -56.13         2.29
            51   1342        16.92        -4.54        49.15       -53.69       -55.96         2.28
            52    525        16.91        -4.55        49.20       -53.74       -56.03         2.29
            53    401        16.95        -4.51        49.43       -53.94       -56.20         2.26
            54    156        17.16        -4.30        49.15       -53.45       -55.73         2.28
            55    730        17.23        -4.24        49.40       -53.64       -55.93         2.29
            56    980        17.19        -4.27        49.15       -53.43       -55.73         2.30
            57    477        16.98        -4.48        49.23       -53.71       -55.98         2.27
            58   1039        17.07        -4.39        49.57       -53.95       -56.24         2.29
            59   1347        17.32        -4.15        49.32       -53.47       -55.77         2.30
            60    576        17.20        -4.26        49.42       -53.69       -55.97         2.28
            61   1024        17.33        -4.13        49.32       -53.45       -55.75         2.30
            62    428        17.03        -4.44        49.23       -53.67       -55.96         2.30
            63    550        17.02        -4.44        49.68       -54.12       -56.39         2.27
            64    118        17.11        -4.36        49.57       -53.92       -56.21         2.29
            65    215        17.30        -4.16        49.40       -53.56       -55.89         2.33
            66    273        17.23        -4.23        49.42       -53.66       -55.94         2.29
            67    813        17.21        -4.25        49.69       -53.95       -56.23         2.28
            68     83        16.93        -4.54        49.45       -53.99       -56.28         2.29
            69    965        17.07        -4.39        49.68       -54.07       -56.33         2.27
            70   1067        17.09        -4.37        49.26       -53.63       -55.89         2.26
            71   1118        17.23        -4.23        49.69       -53.93       -56.22         2.29
            72    135        16.96        -4.50        49.45       -53.95       -56.23         2.27
            73    276        17.13        -4.34        49.26       -53.59       -55.89         2.30
            74    970        17.17        -4.29        49.21       -53.50       -55.78         2.29
            75   1094        17.20        -4.27        49.21       -53.48       -55.75         2.28
            76    539        17.34        -4.12        49.64       -53.76       -56.04         2.28
            77   1361        17.34        -4.12        49.64       -53.76       -56.05         2.29
            78    954        17.02        -4.44        49.28       -53.72       -55.98         2.26
            79   1301        17.03        -4.43        49.28       -53.71       -55.99         2.27
            80   1056        17.28        -4.19        49.86       -54.04       -56.30         2.26
            81    846        17.29        -4.17        49.86       -54.03       -56.27         2.25
            82    534        17.16        -4.30        49.63       -53.93       -56.18         2.24
            83    461        17.17        -4.30        49.63       -53.93       -56.19         2.26
            84    266        17.21        -4.25        49.64       -53.89       -56.13         2.24
            85    850        17.23        -4.23        49.64       -53.87       -56.10         2.23
            86    541        17.41        -4.05        49.82       -53.87       -56.12         2.25
            87   1259        17.50        -3.96        49.93       -53.88       -56.16         2.27
            88    700        17.43        -4.03        49.82       -53.85       -56.10         2.25
            89    210        17.20        -4.26        49.82       -54.08       -56.30         2.22
            90    851        17.32        -4.15        50.09       -54.24       -56.47         2.23
            91   1093        17.32        -4.14        50.09       -54.23       -56.46         2.23
            92   1360        17.24        -4.22        49.82       -54.04       -56.28         2.23
            93    538        17.83        -3.63        50.41       -54.04       -56.26         2.21
            94    506        17.40        -4.06        50.05       -54.11       -56.31         2.20
            95    842        17.44        -4.02        50.05       -54.07       -56.27         2.20
            96   1179        18.54        -2.92        50.88       -53.81       -56.13         2.32
            97    452        18.54        -2.92        50.88       -53.80       -56.12         2.32
            98   1107        18.43        -3.03        50.86       -53.89       -56.21         2.32
            99   1059        18.44        -3.02        50.86       -53.88       -56.20         2.32
           100    727        18.88        -2.59        50.68       -53.27       -55.57         2.30
           101    935        18.88        -2.59        50.68       -53.27       -55.57         2.30
           102   1246        18.87        -2.60        50.66       -53.26       -55.57         2.31
           103   1007        19.07        -2.39        51.49       -53.88       -56.16         2.28
           104   1375        18.79        -2.67        51.33       -54.00       -56.28         2.28
           105   1078        18.96        -2.50        51.40       -53.90       -56.16         2.26
           106   1341        18.91        -2.55        50.66       -53.21       -55.52         2.31
           107   1366        18.91        -2.56        51.21       -53.77       -56.07         2.30
           108   1365        19.11        -2.35        51.49       -53.84       -56.16         2.32
           109    991        18.93        -2.53        51.18       -53.72       -56.01         2.29
           110    815        19.03        -2.43        51.40       -53.83       -56.11         2.28
           111    743        18.96        -2.50        51.21       -53.72       -56.01         2.29
           112    284        18.88        -2.58        51.33       -53.91       -56.20         2.30
           113   1100        19.20        -2.26        51.60       -53.86       -56.16         2.29
           114    523        19.13        -2.33        51.55       -53.89       -56.15         2.26
           115    214        18.98        -2.48        51.30       -53.78       -56.03         2.26
           116   1326        19.18        -2.28        51.55       -53.84       -56.12         2.29
           117    654        19.22        -2.24        51.69       -53.93       -56.18         2.25
           118    130        18.63        -2.84        51.40       -54.24       -56.49         2.25
           119    973        18.64        -2.82        51.40       -54.22       -56.46         2.24
           120   1051        19.05        -2.41        51.46       -53.87       -56.14         2.26
           121    436        19.22        -2.25        51.52       -53.77       -56.07         2.31
           122    944        19.28        -2.19        51.69       -53.88       -56.15         2.27
           123   1187        19.16        -2.31        51.61       -53.91       -56.22         2.31
           124    659        19.16        -2.30        51.61       -53.91       -56.18         2.27
           125   1120        19.12        -2.34        51.51       -53.85       -56.12         2.27
           126   1290        19.15        -2.31        51.51       -53.82       -56.10         2.28
           127    149        19.19        -2.28        51.30       -53.57       -55.84         2.27
           128   1368        19.14        -2.32        51.43       -53.75       -56.03         2.28
           129   1248        19.14        -2.32        51.43       -53.74       -56.02         2.28
           130   1070        19.19        -2.27        51.68       -53.95       -56.19         2.24
           131   1091        19.18        -2.28        51.41       -53.69       -55.96         2.27
           132    801        19.19        -2.27        51.66       -53.93       -56.20         2.27
           133    159        19.24        -2.22        51.44       -53.66       -55.93         2.27
           134   1096        19.25        -2.21        51.68       -53.89       -56.16         2.27
           135   1060        19.23        -2.23        51.31       -53.54       -55.82         2.29
           136   1346        19.19        -2.27        51.83       -54.10       -56.38         2.28
           137    710        19.19        -2.27        51.89       -54.16       -56.42         2.26
           138    418        19.20        -2.26        51.89       -54.15       -56.40         2.25
           139   1068        19.27        -2.19        51.95       -54.15       -56.40         2.25
           140    402        19.22        -2.24        51.83       -54.07       -56.35         2.28
           141    560        19.31        -2.15        51.95       -54.11       -56.39         2.29
           142    173        19.36        -2.10        51.31       -53.41       -55.70         2.28
          ------------------------------------------------------------------------------------------

          ----------------------------------------
          Gas Phase Internal Potential Energy: U
          ----------------------------------------

          ------------------------------------------------------------------------------------------
          Rank    ID         U         Valence     Coulomb        VdW         VdW6        VdW12
          ------------------------------------------------------------------------------------------
             1    316        47.19         2.16        44.45         0.59        -5.76         6.35
             2    307        47.84         2.26        44.89         0.69        -6.28         6.98
             3   1319        47.84         2.26        44.89         0.69        -6.28         6.98
             4   1012        48.00         2.46        44.90         0.64        -6.36         7.01
             5    904        48.00         2.46        44.90         0.64        -6.36         7.00
             6   1286        47.85         2.66        44.46         0.72        -6.38         7.10
             7   1287        47.85         2.66        44.46         0.72        -6.38         7.10
             8   1256        48.03         2.70        44.62         0.71        -6.42         7.13
             9    845        48.21         2.70        44.82         0.70        -6.44         7.14
            10    613        48.03         2.70        44.62         0.71        -6.42         7.13
            11    781        48.21         2.70        44.82         0.70        -6.44         7.14
            12   1042        48.46         2.76        44.87         0.83        -6.90         7.73
            13    234        48.67         2.54        45.48         0.65        -7.10         7.74
            14    998        48.49         2.76        44.89         0.83        -6.90         7.73
            15   1329        48.49         2.76        44.89         0.83        -6.90         7.73
            16    473        48.67         2.54        45.48         0.65        -7.10         7.74
            17    853        48.46         2.76        44.87         0.83        -6.90         7.73
            18    780        48.70         2.79        45.12         0.78        -6.97         7.76
            19    831        48.70         2.79        45.12         0.78        -6.97         7.76
            20    706        48.74         2.80        45.12         0.81        -6.95         7.76
            21   1034        48.74         2.80        45.12         0.81        -6.95         7.76
            22    982        48.94         2.80        45.33         0.81        -6.96         7.77
            23   1367        48.58         2.82        44.92         0.84        -6.93         7.77
            24    981        48.94         2.80        45.34         0.81        -6.96         7.77
            25    762        48.72         2.96        44.99         0.77        -7.01         7.78
            26   1219        48.66         2.96        44.93         0.77        -6.99         7.76
            27   1376        48.96         2.92        45.45         0.60        -7.36         7.96
            28   1063        48.96         2.92        45.45         0.59        -7.36         7.96
            29   1221        48.66         2.96        44.93         0.77        -6.99         7.76
            30    835        48.72         2.96        44.99         0.77        -7.01         7.78
            31    530        48.73         2.99        45.00         0.74        -7.03         7.78
            32    810        48.77         3.05        44.91         0.81        -6.97         7.78
            33    972        48.73         2.99        45.00         0.74        -7.03         7.78
            34   1328        48.49         3.12        44.69         0.68        -7.35         8.03
            35    187        48.49         3.12        44.69         0.68        -7.35         8.03
            36    275        48.77         3.05        44.91         0.81        -6.97         7.78
            37   1021        48.77         3.17        44.79         0.81        -7.08         7.89
            38   1324        48.91         3.15        45.13         0.63        -7.45         8.08
            39    496        48.77         3.17        44.79         0.81        -7.08         7.89
            40    152        48.91         3.15        45.13         0.63        -7.45         8.08
            41    742        48.90         3.28        44.74         0.88        -6.99         7.87
            42    931        48.90         3.28        44.74         0.88        -6.99         7.87
            43    454        49.28         3.05        45.46         0.77        -7.73         8.50
            44    355        49.20         3.02        45.59         0.59        -8.07         8.66
            45    235        49.15         3.22        45.15         0.78        -7.88         8.66
            46    790        49.23         3.27        45.07         0.89        -7.62         8.51
            47    155        49.43         3.21        45.44         0.77        -7.92         8.68
            48   1262        49.23         3.27        45.07         0.89        -7.62         8.51
            49    568        49.41         3.04        45.61         0.76        -7.76         8.52
            50    287        49.41         3.04        45.61         0.76        -7.76         8.52
            51   1342        49.15         3.22        45.15         0.78        -7.88         8.66
            52    525        49.20         3.02        45.59         0.59        -8.07         8.66
            53    401        49.43         3.21        45.44         0.77        -7.92         8.68
            54    156        49.15         3.30        44.91         0.95        -7.57         8.52
            55    730        49.40         3.37        45.07         0.97        -7.53         8.49
            56    980        49.15         3.30        44.91         0.95        -7.57         8.52
            57    477        49.23         3.28        45.18         0.78        -7.94         8.72
            58   1039        49.57         3.38        45.52         0.67        -8.07         8.74
            59   1347        49.32         3.41        44.89         1.02        -7.48         8.50
            60    576        49.42         3.13        45.47         0.82        -7.70         8.53
            61   1024        49.32         3.41        44.89         1.02        -7.48         8.50
            62    428        49.23         3.28        45.18         0.78        -7.94         8.72
            63    550        49.68         3.24        45.76         0.68        -8.04         8.72
            64    118        49.57         3.38        45.52         0.67        -8.07         8.74
            65    215        49.40         3.37        45.07         0.97        -7.53         8.49
            66    273        49.42         3.13        45.47         0.82        -7.70         8.53
            67    813        49.69         3.07        45.91         0.71        -7.81         8.52
            68     83        49.45         3.38        45.56         0.52        -8.35         8.87
            69    965        49.68         3.24        45.76         0.68        -8.04         8.72
            70   1067        49.26         3.39        45.18         0.68        -8.02         8.70
            71   1118        49.69         3.07        45.91         0.71        -7.81         8.52
            72    135        49.45         3.38        45.56         0.52        -8.35         8.87
            73    276        49.26         3.39        45.18         0.68        -8.02         8.70
            74    970        49.21         3.47        44.96         0.79        -7.90         8.69
            75   1094        49.21         3.46        44.96         0.79        -7.90         8.69
            76    539        49.64         3.49        45.36         0.79        -7.91         8.70
            77   1361        49.64         3.49        45.36         0.79        -7.91         8.70
            78    954        49.28         3.57        45.11         0.60        -8.33         8.93
            79   1301        49.28         3.57        45.11         0.60        -8.33         8.93
            80   1056        49.86         3.48        45.72         0.66        -8.80         9.45
            81    846        49.86         3.48        45.72         0.65        -8.80         9.45
            82    534        49.63         3.47        45.63         0.53        -9.03         9.56
            83    461        49.63         3.47        45.63         0.53        -9.03         9.56
            84    266        49.64         3.69        45.20         0.75        -8.83         9.57
            85    850        49.64         3.69        45.20         0.75        -8.83         9.57
            86    541        49.82         3.55        45.47         0.80        -8.64         9.44
            87   1259        49.93         3.59        45.56         0.77        -8.64         9.41
            88    700        49.82         3.55        45.47         0.80        -8.64         9.44
            89    210        49.82         3.80        45.51         0.52        -9.17         9.69
            90    851        50.09         3.65        45.80         0.64        -8.93         9.57
            91   1093        50.09         3.65        45.80         0.64        -8.93         9.57
            92   1360        49.82         3.80        45.51         0.52        -9.17         9.69
            93    538        50.41         3.47        46.37         0.57        -8.86         9.43
            94    506        50.05         3.90        45.62         0.53        -9.87        10.40
            95    842        50.05         3.90        45.62         0.53        -9.87        10.40
            96   1179        50.88         3.75        46.57         0.55        -7.28         7.83
            97    452        50.88         3.75        46.57         0.55        -7.28         7.83
            98   1107        50.86         4.55        45.76         0.56        -7.49         8.05
            99   1059        50.86         4.55        45.76         0.56        -7.49         8.05
           100    727        50.68         5.15        44.81         0.71        -7.31         8.03
           101    935        50.68         5.15        44.81         0.71        -7.31         8.03
           102   1246        50.66         5.13        44.84         0.69        -7.33         8.02
           103   1007        51.49         5.17        45.59         0.73        -7.96         8.69
           104   1375        51.33         4.99        45.66         0.67        -8.11         8.79
           105   1078        51.40         4.23        46.51         0.65        -7.96         8.62
           106   1341        50.66         5.13        44.84         0.69        -7.33         8.02
           107   1366        51.21         5.19        45.36         0.66        -7.41         8.06
           108   1365        51.49         5.17        45.59         0.73        -7.96         8.69
           109    991        51.18         5.19        45.35         0.64        -7.43         8.07
           110    815        51.40         4.23        46.51         0.65        -7.96         8.62
           111    743        51.21         5.19        45.36         0.66        -7.41         8.06
           112    284        51.33         4.99        45.66         0.67        -8.11         8.79
           113   1100        51.60         4.45        46.42         0.74        -7.82         8.56
           114    523        51.55         4.25        46.64         0.66        -7.94         8.60
           115    214        51.30         5.23        45.28         0.79        -7.86         8.65
           116   1326        51.55         4.25        46.64         0.66        -7.94         8.60
           117    654        51.69         4.26        46.78         0.65        -7.96         8.61
           118    130        51.40         5.07        46.08         0.26        -8.82         9.08
           119    973        51.40         5.07        46.08         0.26        -8.82         9.08
           120   1051        51.46         5.28        45.44         0.74        -7.94         8.68
           121    436        51.52         5.28        45.45         0.80        -7.89         8.69
           122    944        51.69         4.26        46.78         0.65        -7.96         8.62
           123   1187        51.61         5.20        45.65         0.76        -8.00         8.76
           124    659        51.61         5.20        45.65         0.76        -8.00         8.76
           125   1120        51.51         5.25        45.47         0.79        -7.87         8.66
           126   1290        51.51         5.25        45.47         0.79        -7.87         8.66
           127    149        51.30         5.43        45.12         0.75        -7.91         8.66
           128   1368        51.43         5.32        45.31         0.79        -7.91         8.70
           129   1248        51.43         5.32        45.31         0.79        -7.91         8.70
           130   1070        51.68         5.25        45.64         0.79        -7.89         8.68
           131   1091        51.41         5.34        45.27         0.80        -7.90         8.70
           132    801        51.66         5.23        45.68         0.76        -7.91         8.67
           133    159        51.44         5.42        45.33         0.69        -8.01         8.70
           134   1096        51.68         5.25        45.64         0.79        -7.89         8.68
           135   1060        51.31         5.46        45.07         0.77        -7.91         8.68
           136   1346        51.83         4.86        46.52         0.44        -8.27         8.71
           137    710        51.89         5.15        46.02         0.71        -8.70         9.42
           138    418        51.89         5.15        46.02         0.71        -8.70         9.42
           139   1068        51.95         5.28        45.97         0.70        -8.00         8.70
           140    402        51.83         4.86        46.52         0.44        -8.27         8.71
           141    560        51.95         5.28        45.97         0.70        -8.00         8.70
           142    173        51.31         5.46        45.07         0.77        -7.91         8.68
          ------------------------------------------------------------------------------------------

          -------------------------------
          Bonded Energy Terms: Valence
          -------------------------------

          ------------------------------------------------------------------------------------------
          Rank    ID     Valence       Bond        Angle         Pdih         Idih       Tether
          ------------------------------------------------------------------------------------------
             1    316         2.16         0.13         0.39         1.63         0.00         0.00
             2    307         2.26         0.15         0.43         1.67         0.00         0.00
             3   1319         2.26         0.15         0.43         1.67         0.00         0.00
             4   1012         2.46         0.15         0.52         1.79         0.00         0.00
             5    904         2.46         0.15         0.52         1.79         0.00         0.00
             6   1286         2.66         0.16         0.63         1.86         0.00         0.00
             7   1287         2.66         0.16         0.63         1.86         0.00         0.00
             8   1256         2.70         0.17         0.66         1.88         0.00         0.00
             9    845         2.70         0.17         0.66         1.87         0.00         0.00
            10    613         2.70         0.17         0.66         1.87         0.00         0.00
            11    781         2.70         0.17         0.66         1.87         0.00         0.00
            12   1042         2.76         0.18         0.67         1.90         0.00         0.00
            13    234         2.54         0.18         0.63         1.74         0.00         0.00
            14    998         2.76         0.18         0.67         1.90         0.00         0.00
            15   1329         2.76         0.18         0.67         1.90         0.00         0.00
            16    473         2.54         0.18         0.63         1.74         0.00         0.00
            17    853         2.76         0.18         0.67         1.90         0.00         0.00
            18    780         2.79         0.19         0.67         1.93         0.00         0.00
            19    831         2.79         0.19         0.67         1.93         0.00         0.00
            20    706         2.80         0.19         0.70         1.92         0.00         0.00
            21   1034         2.80         0.19         0.70         1.92         0.00         0.00
            22    982         2.80         0.19         0.70         1.92         0.00         0.00
            23   1367         2.82         0.19         0.72         1.91         0.00         0.00
            24    981         2.80         0.19         0.70         1.92         0.00         0.00
            25    762         2.96         0.19         0.76         2.02         0.00         0.00
            26   1219         2.96         0.19         0.76         2.02         0.00         0.00
            27   1376         2.92         0.20         0.89         1.83         0.00         0.00
            28   1063         2.92         0.20         0.89         1.83         0.00         0.00
            29   1221         2.96         0.19         0.76         2.02         0.00         0.00
            30    835         2.96         0.19         0.76         2.02         0.00         0.00
            31    530         2.99         0.19         0.75         2.04         0.00         0.00
            32    810         3.05         0.20         0.81         2.04         0.00         0.00
            33    972         2.99         0.19         0.75         2.04         0.00         0.00
            34   1328         3.12         0.21         1.04         1.87         0.00         0.00
            35    187         3.12         0.21         1.04         1.87         0.00         0.00
            36    275         3.05         0.20         0.81         2.04         0.00         0.00
            37   1021         3.17         0.20         0.85         2.12         0.00         0.00
            38   1324         3.15         0.21         1.08         1.86         0.00         0.00
            39    496         3.17         0.20         0.85         2.12         0.00         0.00
            40    152         3.15         0.21         1.07         1.86         0.00         0.00
            41    742         3.28         0.21         0.95         2.12         0.00         0.00
            42    931         3.28         0.21         0.95         2.12         0.00         0.00
            43    454         3.05         0.21         0.87         1.97         0.00         0.00
            44    355         3.02         0.22         0.96         1.84         0.00         0.00
            45    235         3.22         0.23         1.08         1.91         0.00         0.00
            46    790         3.27         0.22         0.87         2.18         0.00         0.00
            47    155         3.21         0.23         1.08         1.91         0.00         0.00
            48   1262         3.27         0.22         0.87         2.18         0.00         0.00
            49    568         3.04         0.21         0.87         1.96         0.00         0.00
            50    287         3.04         0.21         0.87         1.96         0.00         0.00
            51   1342         3.22         0.23         1.08         1.91         0.00         0.00
            52    525         3.02         0.22         0.96         1.84         0.00         0.00
            53    401         3.21         0.23         1.08         1.91         0.00         0.00
            54    156         3.30         0.23         0.91         2.16         0.00         0.00
            55    730         3.37         0.23         0.96         2.17         0.00         0.00
            56    980         3.30         0.23         0.91         2.16         0.00         0.00
            57    477         3.28         0.24         1.16         1.88         0.00         0.00
            58   1039         3.38         0.23         1.07         2.08         0.00         0.00
            59   1347         3.41         0.24         1.01         2.16         0.00         0.00
            60    576         3.13         0.22         0.94         1.97         0.00         0.00
            61   1024         3.41         0.24         1.01         2.16         0.00         0.00
            62    428         3.28         0.24         1.16         1.88         0.00         0.00
            63    550         3.24         0.23         1.08         1.93         0.00         0.00
            64    118         3.38         0.23         1.07         2.08         0.00         0.00
            65    215         3.37         0.23         0.96         2.17         0.00         0.00
            66    273         3.13         0.22         0.94         1.97         0.00         0.00
            67    813         3.07         0.22         0.85         2.00         0.00         0.00
            68     83         3.38         0.24         1.24         1.90         0.00         0.00
            69    965         3.24         0.23         1.08         1.93         0.00         0.00
            70   1067         3.39         0.23         1.12         2.04         0.00         0.00
            71   1118         3.07         0.22         0.85         2.00         0.00         0.00
            72    135         3.38         0.24         1.24         1.90         0.00         0.00
            73    276         3.39         0.23         1.12         2.04         0.00         0.00
            74    970         3.47         0.24         1.21         2.02         0.00         0.00
            75   1094         3.46         0.24         1.21         2.02         0.00         0.00
            76    539         3.49         0.24         1.20         2.05         0.00         0.00
            77   1361         3.49         0.24         1.20         2.05         0.00         0.00
            78    954         3.57         0.25         1.37         1.94         0.00         0.00
            79   1301         3.57         0.25         1.37         1.94         0.00         0.00
            80   1056         3.48         0.26         1.14         2.09         0.00         0.00
            81    846         3.48         0.26         1.14         2.09         0.00         0.00
            82    534         3.47         0.27         1.30         1.91         0.00         0.00
            83    461         3.47         0.27         1.30         1.91         0.00         0.00
            84    266         3.69         0.28         1.44         1.97         0.00         0.00
            85    850         3.69         0.28         1.44         1.97         0.00         0.00
            86    541         3.55         0.26         1.34         1.95         0.00         0.00
            87   1259         3.59         0.27         1.27         2.06         0.00         0.00
            88    700         3.55         0.26         1.34         1.95         0.00         0.00
            89    210         3.80         0.28         1.54         1.98         0.00         0.00
            90    851         3.65         0.27         1.38         2.00         0.00         0.00
            91   1093         3.65         0.27         1.38         2.00         0.00         0.00
            92   1360         3.80         0.28         1.54         1.98         0.00         0.00
            93    538         3.47         0.26         1.22         2.00         0.00         0.00
            94    506         3.90         0.31         1.61         1.98         0.00         0.00
            95    842         3.90         0.31         1.61         1.98         0.00         0.00
            96   1179         3.75         0.19         0.96         2.61         0.00         0.00
            97    452         3.75         0.19         0.96         2.61         0.00         0.00
            98   1107         4.55         0.20         1.15         3.20         0.00         0.00
            99   1059         4.55         0.20         1.15         3.20         0.00         0.00
           100    727         5.15         0.21         1.19         3.75         0.00         0.00
           101    935         5.15         0.21         1.19         3.75         0.00         0.00
           102   1246         5.13         0.21         1.15         3.76         0.00         0.00
           103   1007         5.17         0.25         1.36         3.56         0.00         0.00
           104   1375         4.99         0.23         1.33         3.43         0.00         0.00
           105   1078         4.23         0.23         1.15         2.86         0.00         0.00
           106   1341         5.13         0.21         1.15         3.76         0.00         0.00
           107   1366         5.19         0.22         1.18         3.80         0.00         0.00
           108   1365         5.17         0.25         1.36         3.56         0.00         0.00
           109    991         5.19         0.22         1.17         3.80         0.00         0.00
           110    815         4.23         0.23         1.15         2.86         0.00         0.00
           111    743         5.19         0.22         1.18         3.80         0.00         0.00
           112    284         4.99         0.23         1.33         3.43         0.00         0.00
           113   1100         4.45         0.23         1.30         2.92         0.00         0.00
           114    523         4.25         0.22         1.19         2.84         0.00         0.00
           115    214         5.23         0.23         1.20         3.80         0.00         0.00
           116   1326         4.25         0.22         1.19         2.84         0.00         0.00
           117    654         4.26         0.22         1.19         2.85         0.00         0.00
           118    130         5.07         0.24         1.72         3.10         0.00         0.00
           119    973         5.07         0.24         1.72         3.10         0.00         0.00
           120   1051         5.28         0.23         1.19         3.86         0.00         0.00
           121    436         5.28         0.25         1.29         3.74         0.00         0.00
           122    944         4.26         0.22         1.19         2.84         0.00         0.00
           123   1187         5.20         0.24         1.46         3.51         0.00         0.00
           124    659         5.20         0.24         1.46         3.51         0.00         0.00
           125   1120         5.25         0.23         1.24         3.78         0.00         0.00
           126   1290         5.25         0.23         1.23         3.78         0.00         0.00
           127    149         5.43         0.23         1.29         3.90         0.00         0.00
           128   1368         5.32         0.24         1.18         3.91         0.00         0.00
           129   1248         5.32         0.24         1.18         3.91         0.00         0.00
           130   1070         5.25         0.24         1.22         3.80         0.00         0.00
           131   1091         5.34         0.24         1.23         3.87         0.00         0.00
           132    801         5.23         0.24         1.18         3.81         0.00         0.00
           133    159         5.42         0.24         1.28         3.90         0.00         0.00
           134   1096         5.25         0.24         1.22         3.79         0.00         0.00
           135   1060         5.46         0.24         1.24         3.98         0.00         0.00
           136   1346         4.86         0.24         1.44         3.18         0.00         0.00
           137    710         5.15         0.26         1.54         3.35         0.00         0.00
           138    418         5.15         0.26         1.54         3.35         0.00         0.00
           139   1068         5.28         0.24         1.24         3.80         0.00         0.00
           140    402         4.86         0.24         1.44         3.19         0.00         0.00
           141    560         5.28         0.24         1.24         3.80         0.00         0.00
           142    173         5.46         0.24         1.24         3.98         0.00         0.00
          ------------------------------------------------------------------------------------------

          Calculating single reference conformer RMSDs ...

          ---------------------------------
          Conformer RMSDs are in Angstroms.
          ---------------------------------

          ------------------------------------------------------------------------------------------
                              RMSD wrt Input Crd                    RMSD wrt Rank 1
                         ---------------------------------------------------------------------------
          Rank    ID        Complex    Receptor  Ligand          Complex    Receptor  Ligand
          ------------------------------------------------------------------------------------------
             1    316                             0.018                               0.000
             2    307                             0.666                               0.685
             3   1319                             0.666                               0.685
             4   1012                             1.397                               1.443
             5    904                             0.811                               0.798
             6   1286                             0.753                               0.750
             7   1287                             0.753                               0.750
             8   1256                             0.708                               0.719
             9    845                             2.379                               2.310
            10    613                             0.708                               0.719
            11    781                             1.932                               1.884
            12   1042                             2.028                               1.986
            13    234                             1.254                               1.212
            14    998                             0.915                               0.900
            15   1329                             1.050                               1.024
            16    473                             1.219                               1.149
            17    853                             1.105                               1.194
            18    780                             2.169                               2.109
            19    831                             2.263                               1.152
            20    706                             0.950                               0.959
            21   1034                             0.950                               0.959
            22    982                             1.858                               2.297
            23   1367                             0.672                               0.675
            24    981                             1.823                               1.741
            25    762                             1.931                               2.072
            26   1219                             1.089                               0.992
            27   1376                             2.312                               2.256
            28   1063                             2.373                               2.286
            29   1221                             1.089                               0.991
            30    835                             2.185                               2.138
            31    530                             1.852                               0.933
            32    810                             1.865                               1.778
            33    972                             1.851                               0.933
            34   1328                             1.921                               1.897
            35    187                             1.217                               1.232
            36    275                             2.019                               1.892
            37   1021                             1.748                               1.687
            38   1324                             2.307                               2.311
            39    496                             1.154                               1.074
            40    152                             2.312                               2.167
            41    742                             0.809                               0.676
            42    931                             0.809                               0.676
            43    454                             1.530                               1.495
            44    355                             1.765                               1.516
            45    235                             1.743                               1.704
            46    790                             2.220                               2.145
            47    155                             2.121                               1.582
            48   1262                             2.153                               2.090
            49    568                             1.712                               1.616
            50    287                             1.696                               1.700
            51   1342                             1.826                               1.760
            52    525                             1.668                               1.603
            53    401                             2.297                               1.540
            54    156                             2.296                               2.139
            55    730                             0.992                               0.902
            56    980                             2.133                               1.309
            57    477                             1.145                               1.050
            58   1039                             2.272                               1.751
            59   1347                             1.329                               0.940
            60    576                             1.214                               1.206
            61   1024                             0.936                               0.940
            62    428                             1.145                               1.176
            63    550                             2.047                               1.922
            64    118                             2.415                               2.047
            65    215                             0.992                               1.047
            66    273                             1.171                               1.304
            67    813                             1.549                               1.623
            68     83                             2.106                               2.163
            69    965                             1.960                               2.064
            70   1067                             2.300                               2.093
            71   1118                             1.434                               1.847
            72    135                             2.344                               2.257
            73    276                             2.180                               2.042
            74    970                             0.970                               1.054
            75   1094                             1.056                               0.988
            76    539                             1.190                               1.101
            77   1361                             1.188                               1.101
            78    954                             1.750                               1.713
            79   1301                             1.487                               1.354
            80   1056                             1.910                               1.826
            81    846                             1.883                               1.771
            82    534                             1.775                               1.756
            83    461                             1.831                               1.662
            84    266                             1.668                               2.096
            85    850                             2.058                               1.977
            86    541                             1.995                               1.926
            87   1259                             1.572                               1.479
            88    700                             1.380                               1.432
            89    210                             1.739                               1.832
            90    851                             2.062                               1.977
            91   1093                             1.915                               2.074
            92   1360                             1.960                               1.919
            93    538                             2.480                               2.360
            94    506                             1.947                               1.803
            95    842                             1.860                               1.849
            96   1179                             1.211                               1.085
            97    452                             1.224                               2.251
            98   1107                             1.907                               1.663
            99   1059                             1.868                               2.126
           100    727                             1.029                               1.128
           101    935                             1.029                               1.145
           102   1246                             1.085                               1.092
           103   1007                             2.115                               2.031
           104   1375                             2.142                               2.165
           105   1078                             1.417                               1.421
           106   1341                             1.085                               1.868
           107   1366                             2.083                               2.030
           108   1365                             2.066                               2.128
           109    991                             2.281                               2.245
           110    815                             1.295                               1.488
           111    743                             2.266                               2.172
           112    284                             2.165                               1.653
           113   1100                             1.840                               1.754
           114    523                             1.484                               1.419
           115    214                             2.147                               2.085
           116   1326                             1.464                               1.633
           117    654                             2.376                               2.254
           118    130                             2.226                               2.142
           119    973                             2.226                               2.233
           120   1051                             1.983                               2.444
           121    436                             1.620                               1.716
           122    944                             2.297                               2.486
           123   1187                             2.314                               2.307
           124    659                             1.598                               1.607
           125   1120                             1.564                               1.644
           126   1290                             1.617                               1.636
           127    149                             2.071                               1.904
           128   1368                             1.757                               1.591
           129   1248                             1.764                               2.584
           130   1070                             2.534                               2.397
           131   1091                             1.861                               2.340
           132    801                             1.581                               1.630
           133    159                             1.799                               2.206
           134   1096                             2.526                               2.527
           135   1060                             2.048                               2.679
           136   1346                             2.045                               1.882
           137    710                             2.223                               2.110
           138    418                             2.236                               1.720
           139   1068                             2.126                               2.104
           140    402                             2.110                               2.090
           141    560                             2.672                               2.748
           142    173                             2.177                               2.095
          ------------------------------------------------------------------------------------------

          --------------------------------
          Final Boltzmann Averaged Data.
          --------------------------------

          -------------------------------------------------------------------
          Results of Boltzmann Averaging Over All  205 Conformers (kcal/mol).
          -------------------------------------------------------------------

          Free Energy                        G              46.7130614755
          Average Potential Energy         < E >            16.6270705040
          Entropy                           -TS             30.0859909715
          -------------------------------------------------------------------

          Average Potential Energy < E > Components.

          < U >                    48.5382204969
          < W(PBSA) >             -53.3729016567
          < H.O. P.E. >            21.4618296448

          Average Solvation Energy < W(PBSA) > Components.

          < PB >                  -55.6990510293
          < SA >                    2.3261493726

          Average Gas Phase Internal Potential Energy < U > Components.

          < Valence >               2.8238351000
          < Coulomb >              44.9899292886
          < VdW >                   0.7244561083

          Average Van der Waals Energy < VdW > Components.

          < VdW6  >                -6.9397529562
          < VdW12 >                 7.6642090645

          Average Bonded Energy < Valence > Components.

          < Bond >                  0.1853102490
          < Angle >                 0.7403508584
          < Pdihed >                1.8981739926
          < Idihed >                0.0000000000
          < Tether >                0.0000000000

          -------------------------------------------------------------------
                        End of VM2 Calculation Results Summary.
          -------------------------------------------------------------------


     Total cpu time for run         36.67 seconds.
                                     0.61 minutes.

     Total wall time for run        36.87 seconds.
                                     0.61 minutes.

     TIME STAMP: VCPack job finished normally : Sunday, August 07, 2022 at 15:51:39
