
     --------------------------------------------------------------------------------
                        Running Program VCPack. Version 2.8

                           VeraChem LLC, PO Box 2206
                           Germantown, MD 20875, U.S.A.

                                Tel. 240-686-0565
                                www.verachem.com
     --------------------------------------------------------------------------------


     Input file          :   CD_guest-s15_fast_vm2_rndm.inp

     Output file         :   CD_guest-s15_fast_vm2_rndm.out

     Summary output file :   CD_guest-s15_fast_vm2_rndm.summary.out

     Executable : /data/comblab/vcCompChem_3b/exe/VC_CompChemPackage_mpi_openmp.exe

     Build date : Aug 13 2021  17:26:49

     This is a multiple processor run.

     MPI processes              :   16
     OpenMP threads per process :   16
     CUDA enabled               :  no

     TIME STAMP: VCPack job started : Sunday, August 07, 2022 at 14:56:49

     --------------------------------------------------------------------------------
                            Basic Calculation Control.
     --------------------------------------------------------------------------------

     Molecular system type                :  host+ligand     

     Calculation type                     :  feprocess       

     Energy potential                     :  mm              

     Post-processing type                 :  none            

     Post-processing energy potential     :  none            

     Time limit in wall clock hours       :  96.00

     Type of conformers to read in        :  ligand  
     Conformer source files(s)            :  guest-s15_confgen4.xyz                            

     Use input .crd for complex build     :  no
     Place ligand confs. at input .crd    :  byconfscog
     Use input .crd as start conformer    :  yes

     Formatted output files               :  xyz     
                                          :  pdb     
                                          :  mol2    
                                          :  sdf     
                                          :  xyz     
                                          :  gms     
                                          :  csv     

     Split formatted output files         :  crd     

     Limit conformers in formatted files  :  bycount
     Maximum conformer count              :  1000

     Atoms to include in formatted files  :  all     

     Binary file restart type             :  none


     --------------------------------------------------------------------------------
                            Math Related Control and Set Up.
     --------------------------------------------------------------------------------

     Random number generator seeds :  bywallclock

     Seed 1 :           1209093
     Seed 2 :            360273
     Seed 3 :              3536
     Seed 4 :             15470


     --------------------------------------------------------------------------------
                            Basic Molecular System Set Up.
     --------------------------------------------------------------------------------

     ----------------
     Host Data Files.
     ----------------

     Standard crd coordinate file            :  CD.crd
     VeraChem topology file                  :  CD.top
     Standard mol/sdf file                   :  CD.mol

     Total number of host atoms              :       126

     ------------------
     Ligand Data Files.
     ------------------

     Standard crd coordinate file            :  guest-s15.crd
     VeraChem topology file                  :  guest-s15.top
     Standard mol/sdf file                   :  guest-s15.mol

     Total number of ligand atoms            :        29

     Included in this calculation.
     Number of real and live ligand atoms    :        29
     Number of real but fixed ligand atoms   :         0

     Ligand placement method                 :  byreceptorcog

     NOTE: The placement of the ligand redefines the ligand .crd input coordinates.

     Snap ligand to template atoms           :      no

     -------------------------------
     Final Real/Live Set Atom Count.
     -------------------------------

     Total number of real atoms              :       155
     Total number of live atoms              :       155


     --------------------------------------------------------------------------------
                            Generate Initial Molecular Conformations.
     --------------------------------------------------------------------------------

     Conf. Type Read In      File Format       No. of Confs. Read In 
             ligand             xyz                1000

     Mandatory input crd file(s) used for generation of 1 additional conformer.

     From these the total number of starting conformers generated :  1000


     --------------------------------------------------------------------------------
                             Energy Potential Settings.
     --------------------------------------------------------------------------------


     Molecular Mechanics package          :  vchem           

     Quantum Mechanics package            :  none            


     --------------------------------------------------------------------------------
                       Running VfreeE Module. Version 2.8
     --------------------------------------------------------------------------------

          --------------------------------
          Final Individual Conformer Data.
          --------------------------------

          List data for conformers with probability of at least :  0.01 %
          Rankings are with respect to : Free Energy (G)

          ------------------------
          Free Energy: G = E - TS
          ------------------------

          ------------------------------------------------------------------------------------------
          Rank    ID     ln(Zx)    Prob(%)  Sum Prob(%)  Del G        G            E            -TS
          ------------------------------------------------------------------------------------------
             1    868  -1241.01623   63.27    63.27      0.00       559.90       351.57       208.33
             2    280  -1241.61251   34.85    98.12      0.36       560.25       350.95       209.31
             3     18  -1245.39691    0.79    98.91      2.61       562.51       353.10       209.41
             4     58  -1246.22208    0.35    99.26      3.10       563.00       353.82       209.19
             5    158  -1246.33093    0.31    99.57      3.17       563.07       355.15       207.92
             6    207  -1247.80959    0.07    99.64      4.05       563.95       353.54       210.41
             7    876  -1247.91678    0.06    99.70      4.11       564.01       354.31       209.71
             8     82  -1248.13650    0.05    99.76      4.24       564.14       357.41       206.73
             9    342  -1248.34626    0.04    99.80      4.37       564.27       356.12       208.14
            10    142  -1248.77277    0.03    99.82      4.62       564.52       356.64       207.89
            11    487  -1248.96292    0.02    99.85      4.74       564.64       353.14       211.50
            12    407  -1249.06083    0.02    99.87      4.80       564.70       355.94       208.75
            13    479  -1249.28743    0.02    99.88      4.93       564.83       354.51       210.32
            14      4  -1249.40981    0.01    99.90      5.00       564.90       356.44       208.46
          ------------------------------------------------------------------------------------------

          --------------------------------------------------------
          Potential Energy: E = (U+W) + H.O. Equipartion energy
          --------------------------------------------------------

          ------------------------------------------------------------------------------------------
          Rank    ID         E          U+W            U        W(PBSA)          PB           SA
          ------------------------------------------------------------------------------------------
             1    868       351.57       214.75       306.52       -91.78       -97.95         6.17
             2    280       350.95       214.13       303.25       -89.12       -95.27         6.15
             3     18       353.10       216.28       298.53       -82.25       -88.42         6.16
             4     58       353.82       217.00       306.31       -89.31       -95.48         6.17
             5    158       355.15       218.33       302.25       -83.92       -90.03         6.11
             6    207       353.54       216.72       299.16       -82.43       -88.53         6.10
             7    876       354.31       217.49       299.45       -81.96       -87.93         5.97
             8     82       357.41       220.60       312.20       -91.61       -97.75         6.14
             9    342       356.12       219.31       307.99       -88.68       -94.76         6.08
            10    142       356.64       219.82       311.23       -91.41       -97.51         6.11
            11    487       353.14       216.32       300.10       -83.78       -89.91         6.13
            12    407       355.94       219.12       311.87       -92.75       -98.84         6.09
            13    479       354.51       217.69       299.54       -81.85       -87.88         6.03
            14      4       356.44       219.62       303.33       -83.71       -89.86         6.15
          ------------------------------------------------------------------------------------------

          ----------------------------------------
          Gas Phase Internal Potential Energy: U
          ----------------------------------------

          ------------------------------------------------------------------------------------------
          Rank    ID         U         Valence     Coulomb        VdW         VdW6        VdW12
          ------------------------------------------------------------------------------------------
             1    868       306.52       146.88       188.00       -28.35      -184.15       155.79
             2    280       303.25       149.86       182.63       -29.24      -188.17       158.93
             3     18       298.53       149.73       176.96       -28.16      -188.89       160.74
             4     58       306.31       151.96       183.70       -29.35      -188.96       159.61
             5    158       302.25       150.48       180.96       -29.20      -189.22       160.02
             6    207       299.16       151.31       177.11       -29.27      -191.44       162.18
             7    876       299.45       152.84       177.00       -30.39      -190.70       160.31
             8     82       312.20       149.47       191.04       -28.30      -184.90       156.60
             9    342       307.99       149.10       186.88       -27.99      -187.07       159.08
            10    142       311.23       149.22       190.27       -28.26      -186.72       158.46
            11    487       300.10       149.42       178.51       -27.83      -192.98       165.15
            12    407       311.87       149.68       190.65       -28.46      -188.78       160.32
            13    479       299.54       152.94       176.13       -29.53      -193.19       163.65
            14      4       303.33       150.72       182.20       -29.59      -191.88       162.29
          ------------------------------------------------------------------------------------------

          -------------------------------
          Bonded Energy Terms: Valence
          -------------------------------

          ------------------------------------------------------------------------------------------
          Rank    ID     Valence       Bond        Angle         Pdih         Idih       Tether
          ------------------------------------------------------------------------------------------
             1    868       146.88         4.52        11.82       130.54         0.00         0.00
             2    280       149.86         4.67        12.07       133.12         0.00         0.00
             3     18       149.73         4.60        12.01       133.11         0.00         0.00
             4     58       151.96         4.65        12.99       134.32         0.00         0.00
             5    158       150.48         4.61        12.29       133.59         0.00         0.00
             6    207       151.31         4.73        13.01       133.57         0.00         0.00
             7    876       152.84         4.62        11.69       136.52         0.00         0.00
             8     82       149.47         4.61        12.69       132.17         0.00         0.00
             9    342       149.10         4.78        13.29       131.03         0.00         0.00
            10    142       149.22         4.76        13.41       131.05         0.00         0.00
            11    487       149.42         4.98        13.57       130.87         0.00         0.00
            12    407       149.68         4.80        13.36       131.51         0.00         0.00
            13    479       152.94         4.74        12.87       135.33         0.00         0.00
            14      4       150.72         4.73        12.88       133.11         0.00         0.00
          ------------------------------------------------------------------------------------------

          Calculating single reference conformer RMSDs ...

          ---------------------------------
          Conformer RMSDs are in Angstroms.
          ---------------------------------

          ------------------------------------------------------------------------------------------
                              RMSD wrt Input Crd                    RMSD wrt Rank 1
                         ---------------------------------------------------------------------------
          Rank    ID        Complex    Receptor  Ligand          Complex    Receptor  Ligand
          ------------------------------------------------------------------------------------------
             1    868         2.170     1.511     3.904           0.000     0.000     0.000
             2    280         1.693     1.355     2.711           2.890     1.379     6.032
             3     18         1.596     1.339     2.413           2.828     2.108     4.841
             4     58         2.050     1.538     3.492           3.212     1.857     6.337
             5    158         1.259     0.993     2.045           2.907     2.193     4.927
             6    207         1.638     1.467     2.233           2.389     1.472     4.592
             7    876         1.337     0.943     2.386           3.047     2.182     5.379
             8     82         1.999     1.203     3.883           2.152     2.287     1.420
             9    342         1.938     1.507     3.195           1.633     0.802     3.384
            10    142         1.947     1.516     3.207           1.634     0.811     3.379
            11    487         1.693     1.619     1.984           2.128     0.869     4.573
            12    407         2.146     1.374     4.050           2.076     2.024     2.288
            13    479         1.287     1.071     1.966           2.772     2.003     4.860
            14      4         1.821     1.684     2.326           2.685     2.079     4.445
          ------------------------------------------------------------------------------------------

          --------------------------------
          Final Boltzmann Averaged Data.
          --------------------------------

          -------------------------------------------------------------------
          Results of Boltzmann Averaging Over All  490 Conformers (kcal/mol).
          -------------------------------------------------------------------

          Free Energy                        G             559.6265265910
          Average Potential Energy         < E >           351.3983753238
          Entropy                           -TS            208.2281512672
          -------------------------------------------------------------------

          Average Potential Energy < E > Components.

          < U >                   305.2980115965
          < W(PBSA) >             -90.7191201684
          < H.O. P.E. >           136.8191639853

          Average Solvation Energy < W(PBSA) > Components.

          < PB >                  -96.8828686488
          < SA >                    6.1637484804

          Average Gas Phase Internal Potential Energy < U > Components.

          < Valence >             147.9853211836
          < Coulomb >             185.9796025787
          < VdW >                 -28.6669121658

          Average Van der Waals Energy < VdW > Components.

          < VdW6  >              -185.6413148645
          < VdW12 >               156.9744026987

          Average Bonded Energy < Valence > Components.

          < Bond >                  4.5731004864
          < Angle >                11.9158358888
          < Pdihed >              131.4963848084
          < Idihed >                0.0000000000
          < Tether >                0.0000000000

          -------------------------------------------------------------------
                        End of feprocess Calculation Results Summary.
          -------------------------------------------------------------------


     Total cpu time for run       4154.59 seconds.
                                    69.24 minutes.

     Total wall time for run      1996.16 seconds.
                                    33.27 minutes.

     TIME STAMP: VCPack job finished normally : Sunday, August 07, 2022 at 15:30:05
