
     --------------------------------------------------------------------------------
                        Running Program VCPack. Version 2.8

                           VeraChem LLC, PO Box 2206
                           Germantown, MD 20875, U.S.A.

                                Tel. 240-686-0565
                                www.verachem.com
     --------------------------------------------------------------------------------


     Input file          :   guest-s14_vm2.inp

     Output file         :   guest-s14_vm2.out

     Summary output file :   guest-s14_vm2.summary.out

     Executable : /data/comblab/vcCompChem_3b/exe/VC_CompChemPackage_mpi.exe

     Build date : Aug 13 2021  17:26:14

     This is a multiple processor run.

     MPI processes              :   16
     OpenMP threads per process :    0
     CUDA enabled               :  no

     TIME STAMP: VCPack job started : Saturday, August 06, 2022 at 17:08:09

     --------------------------------------------------------------------------------
                            Basic Calculation Control.
     --------------------------------------------------------------------------------

     Molecular system type                :  ligand          

     Calculation type                     :  vm2             

     Energy potential                     :  mm              

     Post-processing type                 :  none            

     Post-processing energy potential     :  none            

     Time limit in wall clock hours       :  96.00

     Read in starting conformers          :  no
     Type of conformers to read in        :  none
     Conformer source files(s)            :  none

     Use input .crd for complex build     :  no
     Place ligand confs. at input .crd    :  no
     Use input .crd as start conformer    :  yes

     Formatted output files               :  xyz     
                                          :  pdb     
                                          :  mol2    
                                          :  sdf     
                                          :  xyz     
                                          :  gms     
                                          :  csv     

     Split formatted output files         :  crd     

     Limit conformers in formatted files  :  bycount
     Maximum conformer count              :  1000

     Atoms to include in formatted files  :  all     

     Binary file restart type             :  none


     --------------------------------------------------------------------------------
                            Math Related Control and Set Up.
     --------------------------------------------------------------------------------

     Random number generator seeds :  bywallclock

     Seed 1 :           6009471
     Seed 2 :            598593
     Seed 3 :               616
     Seed 4 :             27424


     --------------------------------------------------------------------------------
                            Basic Molecular System Set Up.
     --------------------------------------------------------------------------------

     ------------------
     Ligand Data Files.
     ------------------

     Standard crd coordinate file            :  guest-s14.crd
     VeraChem topology file                  :  guest-s14.top
     Standard mol/sdf file                   :  guest-s14.mol

     Total number of ligand atoms            :        26

     Included in this calculation.
     Number of real and live ligand atoms    :        26
     Number of real but fixed ligand atoms   :         0

     Ligand placement method                 :  none

     Snap ligand to template atoms           :      no

     -------------------------------
     Final Real/Live Set Atom Count.
     -------------------------------

     Total number of real atoms              :        26
     Total number of live atoms              :        26


     --------------------------------------------------------------------------------
                            Generate Initial Molecular Conformation.
     --------------------------------------------------------------------------------

     Mandatory input crd file(s) used for generation of a single starting conformer.


     --------------------------------------------------------------------------------
                             Energy Potential Settings.
     --------------------------------------------------------------------------------


     Molecular Mechanics package          :  vchem           

     Quantum Mechanics package            :  none            


     --------------------------------------------------------------------------------
                    Running VM2 Mining Minima Module. Version 2.8
     --------------------------------------------------------------------------------

     Iteration    Free Energy G             G Diff            # Conformers     # Diff
        1            47.108016              47.108016              43              43
        2            46.935932              -0.172084             103              60
        3            46.887669              -0.048263             113              10
        4            46.831392              -0.056277             148              35
        5            46.831211              -0.000181             148               0
        6            46.764447              -0.066764             179              31
        7            46.730794              -0.033652             190              11
        8            46.717000              -0.013795             203              13
        9            46.716891              -0.000108             203               0
       10            46.712217              -0.004674             213              10

     VM2 Free Energy converged after   10 iterations.

     Final VM2 Free Energy is      46.712217 Kcal/mol.

          --------------------------------
          Final Individual Conformer Data.
          --------------------------------

          List data for conformers with probability of at least :  0.01 %
          Rankings are with respect to : Free Energy (G)

          ------------------------
          Free Energy: G = E - TS
          ------------------------

          ------------------------------------------------------------------------------------------
          Rank    ID     ln(Zx)    Prob(%)  Sum Prob(%)  Del G        G            E            -TS
          ------------------------------------------------------------------------------------------
             1    316   -122.39477    7.44     7.44      0.00        48.26        15.91        32.35
             2    307   -122.81052    4.91    12.34      0.25        48.51        16.05        32.46
             3    925   -122.83623    4.78    17.13      0.26        48.52        16.07        32.46
             4    891   -123.18265    3.38    20.51      0.47        48.73        16.28        32.45
             5    779   -123.18828    3.36    23.87      0.47        48.73        16.28        32.45
             6   1030   -123.39025    2.75    26.62      0.59        48.85        16.39        32.46
             7   1031   -123.45504    2.58    29.20      0.63        48.89        16.43        32.46
             8   1191   -123.50571    2.45    31.65      0.66        48.92        16.47        32.45
             9    611   -123.50873    2.44    34.09      0.66        48.93        16.47        32.45
            10    613   -123.51766    2.42    36.51      0.67        48.93        16.48        32.45
            11    201   -123.54369    2.36    38.87      0.68        48.95        16.49        32.45
            12   1290   -123.80340    1.82    40.68      0.84        49.10        16.46        32.64
            13   1362   -123.83427    1.76    42.45      0.86        49.12        16.55        32.57
            14   1271   -123.84901    1.74    44.18      0.87        49.13        16.56        32.57
            15    176   -123.86244    1.71    45.90      0.87        49.14        16.50        32.64
            16    946   -123.88150    1.68    47.58      0.89        49.15        16.58        32.57
            17    778   -123.91417    1.63    49.21      0.91        49.17        16.60        32.57
            18    701   -123.94392    1.58    50.79      0.92        49.18        16.62        32.57
            19    710   -123.96902    1.54    52.33      0.94        49.20        16.64        32.56
            20    418   -123.99238    1.51    53.83      0.95        49.21        16.66        32.56
            21   1004   -123.99796    1.50    55.33      0.96        49.22        16.67        32.55
            22    534   -124.02573    1.46    56.79      0.97        49.23        16.70        32.53
            23    749   -124.05466    1.41    58.20      0.99        49.25        16.72        32.53
            24   1238   -124.13731    1.30    59.50      1.04        49.30        16.75        32.55
            25    694   -124.16055    1.27    60.78      1.05        49.31        16.75        32.56
            26    963   -124.20940    1.21    61.99      1.08        49.34        16.78        32.56
            27   1189   -124.21183    1.21    63.20      1.08        49.34        16.65        32.69
            28   1192   -124.21894    1.20    64.40      1.09        49.35        16.66        32.69
            29    964   -124.25554    1.16    65.55      1.11        49.37        16.81        32.56
            30   1110   -124.27537    1.13    66.69      1.12        49.38        16.82        32.56
            31    572   -124.29082    1.12    67.80      1.13        49.39        16.83        32.56
            32    835   -124.31333    1.09    68.90      1.14        49.41        16.88        32.52
            33    747   -124.35362    1.05    69.94      1.17        49.43        16.87        32.56
            34   1292   -124.40266    1.00    70.94      1.20        49.46        16.68        32.78
            35    187   -124.46008    0.94    71.89      1.23        49.49        16.71        32.78
            36    752   -124.46443    0.94    72.82      1.23        49.50        16.97        32.52
            37   1261   -124.49238    0.91    73.74      1.25        49.51        16.92        32.59
            38   1311   -124.50842    0.90    74.64      1.26        49.52        16.73        32.79
            39   1327   -124.51970    0.89    75.52      1.27        49.53        16.94        32.59
            40    152   -124.55593    0.86    76.38      1.29        49.55        16.75        32.80
            41    277   -124.65879    0.77    77.15      1.35        49.61        17.10        32.51
            42    766   -124.68120    0.76    77.91      1.36        49.62        17.12        32.51
            43    853   -124.84924    0.64    78.55      1.46        49.72        16.97        32.75
            44    454   -124.88012    0.62    79.17      1.48        49.74        16.99        32.75
            45    141   -124.89661    0.61    79.78      1.49        49.75        16.85        32.90
            46    221   -124.90935    0.60    80.38      1.50        49.76        16.87        32.89
            47   1294   -124.91326    0.60    80.98      1.50        49.76        17.06        32.70
            48    155   -124.92171    0.59    81.57      1.51        49.77        16.88        32.89
            49   1102   -124.93423    0.59    82.16      1.51        49.78        17.07        32.70
            50    278   -124.94048    0.58    82.74      1.52        49.78        17.03        32.75
            51    563   -124.95349    0.58    83.32      1.53        49.79        17.04        32.75
            52   1310   -124.98639    0.56    83.88      1.55        49.81        16.92        32.89
            53    788   -124.99937    0.55    84.43      1.55        49.81        16.91        32.90
            54   1136   -125.03869    0.53    84.95      1.58        49.84        16.95        32.89
            55    709   -125.04246    0.53    85.48      1.58        49.84        17.16        32.68
            56    734   -125.06367    0.52    86.00      1.59        49.85        17.23        32.63
            57   1306   -125.08179    0.51    86.50      1.60        49.86        17.19        32.68
            58    122   -125.09728    0.50    87.00      1.61        49.87        16.98        32.89
            59   1239   -125.13635    0.48    87.48      1.63        49.90        17.32        32.58
            60    144   -125.13696    0.48    87.96      1.63        49.90        17.08        32.82
            61    273   -125.15045    0.47    88.43      1.64        49.90        17.20        32.71
            62    982   -125.16086    0.47    88.90      1.65        49.91        17.33        32.58
            63    157   -125.16702    0.46    89.37      1.65        49.91        17.02        32.89
            64    271   -125.18246    0.46    89.82      1.66        49.92        17.02        32.91
            65    446   -125.18661    0.46    90.28      1.66        49.93        17.11        32.82
            66    226   -125.19414    0.45    90.73      1.67        49.93        17.30        32.63
            67   1080   -125.20201    0.45    91.18      1.67        49.94        17.23        32.71
            68    828   -125.24205    0.43    91.61      1.70        49.96        17.21        32.75
            69   1339   -125.24923    0.43    92.04      1.70        49.96        16.93        33.04
            70   1326   -125.27252    0.42    92.46      1.72        49.98        17.09        32.89
            71    551   -125.27499    0.42    92.88      1.72        49.98        17.23        32.75
            72    716   -125.30963    0.40    93.28      1.74        50.00        16.96        33.04
            73    826   -125.33552    0.39    93.67      1.75        50.01        17.13        32.89
            74    117   -125.37827    0.38    94.05      1.78        50.04        17.17        32.87
            75    191   -125.42202    0.36    94.41      1.80        50.07        17.20        32.87
            76    764   -125.48674    0.34    94.75      1.84        50.10        17.34        32.76
            77   1359   -125.48702    0.34    95.08      1.84        50.10        17.34        32.76
            78    957   -125.54652    0.32    95.40      1.88        50.14        17.02        33.12
            79   1211   -125.55498    0.32    95.72      1.88        50.15        17.03        33.12
            80   1308   -125.82640    0.24    95.96      2.05        50.31        17.28        33.03
            81   1105   -125.84499    0.24    96.20      2.06        50.32        17.29        33.03
            82    575   -125.96779    0.21    96.40      2.13        50.39        17.16        33.23
            83   1085   -125.97448    0.21    96.61      2.13        50.40        17.17        33.23
            84    477   -126.02449    0.20    96.81      2.16        50.43        17.21        33.22
            85   1370   -126.06074    0.19    97.00      2.19        50.45        17.23        33.22
            86    812   -126.09125    0.18    97.18      2.20        50.47        17.41        33.05
            87    817   -126.09835    0.18    97.37      2.21        50.47        17.49        32.98
            88    750   -126.12031    0.18    97.55      2.22        50.48        17.51        32.98
            89    697   -126.12676    0.18    97.72      2.22        50.49        17.43        33.06
            90    682   -126.21363    0.16    97.89      2.28        50.54        17.21        33.33
            91   1312   -126.22724    0.16    98.05      2.28        50.55        17.32        33.23
            92    800   -126.23388    0.16    98.21      2.29        50.55        17.32        33.23
            93    121   -126.27574    0.15    98.36      2.31        50.58        17.24        33.33
            94    862   -126.68149    0.10    98.46      2.56        50.82        17.76        33.05
            95   1108   -126.78578    0.09    98.56      2.62        50.88        17.83        33.05
            96    825   -126.87308    0.08    98.64      2.67        50.93        17.40        33.53
            97    253   -127.01764    0.07    98.71      2.76        51.02        18.52        32.50
            98   1082   -127.04989    0.07    98.78      2.78        51.04        18.54        32.50
            99    251   -127.06117    0.07    98.85      2.78        51.04        18.56        32.49
           100    548   -127.19045    0.06    98.92      2.86        51.12        18.63        32.49
           101   1115   -127.19369    0.06    98.98      2.86        51.12        18.43        32.69
           102   1070   -127.21004    0.06    99.04      2.87        51.13        18.44        32.69
           103    727   -127.94157    0.03    99.07      3.31        51.57        18.88        32.69
           104    558   -127.94235    0.03    99.10      3.31        51.57        18.88        32.69
           105    758   -127.94568    0.03    99.12      3.31        51.57        18.87        32.70
           106    285   -127.96177    0.03    99.15      3.32        51.58        18.83        32.75
           107    246   -128.00442    0.03    99.18      3.34        51.61        18.96        32.64
           108   1277   -128.00630    0.03    99.21      3.35        51.61        18.79        32.81
           109    991   -128.02239    0.03    99.23      3.35        51.62        18.91        32.70
           110   1058   -128.08922    0.03    99.26      3.39        51.66        18.93        32.73
           111   1084   -128.11886    0.02    99.28      3.41        51.67        19.03        32.64
           112    743   -128.13292    0.02    99.31      3.42        51.68        18.96        32.72
           113    819   -128.17525    0.02    99.33      3.45        51.71        19.20        32.51
           114   1118   -128.25389    0.02    99.35      3.49        51.75        19.13        32.63
           115   1263   -128.34521    0.02    99.37      3.55        51.81        19.18        32.63
           116    569   -128.35489    0.02    99.39      3.55        51.81        19.01        32.81
           117    365   -128.37523    0.02    99.41      3.57        51.83        19.22        32.61
           118   1229   -128.39762    0.02    99.43      3.58        51.84        18.63        33.21
           119   1231   -128.42513    0.02    99.44      3.60        51.86        18.64        33.21
           120    528   -128.46456    0.02    99.46      3.62        51.88        19.05        32.83
           121    436   -128.46686    0.02    99.48      3.62        51.88        19.22        32.66
           122    387   -128.47493    0.02    99.50      3.62        51.89        19.28        32.61
           123    520   -128.50224    0.02    99.51      3.64        51.90        19.16        32.75
           124    949   -128.51037    0.02    99.53      3.65        51.91        19.16        32.75
           125    247   -128.51526    0.02    99.55      3.65        51.91        19.08        32.83
           126    553   -128.53686    0.02    99.56      3.66        51.92        19.13        32.80
           127   1068   -128.59640    0.02    99.58      3.70        51.96        19.14        32.82
           128    815   -128.62381    0.01    99.59      3.71        51.97        19.15        32.83
           129    531   -128.62549    0.01    99.61      3.71        51.98        19.19        32.79
           130   1338   -128.64277    0.01    99.62      3.72        51.99        19.14        32.84
           131    990   -128.64817    0.01    99.63      3.73        51.99        19.14        32.84
           132    445   -128.65643    0.01    99.65      3.73        51.99        19.19        32.80
           133   1361   -128.67579    0.01    99.66      3.74        52.01        19.18        32.83
           134    576   -128.71085    0.01    99.68      3.77        52.03        19.24        32.79
           135    841   -128.71490    0.01    99.69      3.77        52.03        19.24        32.79
           136    556   -128.74873    0.01    99.70      3.79        52.05        19.25        32.80
           137   1218   -128.76743    0.01    99.72      3.80        52.06        19.19        32.87
           138    422   -128.77122    0.01    99.73      3.80        52.06        19.19        32.88
           139    813   -128.78592    0.01    99.74      3.81        52.07        19.20        32.87
           140   1119   -128.80423    0.01    99.75      3.82        52.08        19.21        32.87
           141   1097   -128.85906    0.01    99.76      3.85        52.12        19.30        32.82
           142    547   -128.94457    0.01    99.77      3.90        52.17        19.38        32.78
           143    280   -128.97341    0.01    99.79      3.92        52.18        19.36        32.82
          ------------------------------------------------------------------------------------------

          --------------------------------------------------------
          Potential Energy: E = (U+W) + H.O. Equipartion energy
          --------------------------------------------------------

          ------------------------------------------------------------------------------------------
          Rank    ID         E          U+W            U        W(PBSA)          PB           SA
          ------------------------------------------------------------------------------------------
             1    316        15.91        -5.55        47.19       -52.74       -55.14         2.39
             2    307        16.05        -5.41        47.84       -53.25       -55.60         2.35
             3    925        16.07        -5.39        47.84       -53.24       -55.59         2.35
             4    891        16.28        -5.18        48.00       -53.18       -55.53         2.35
             5    779        16.28        -5.18        48.00       -53.18       -55.52         2.34
             6   1030        16.39        -5.07        47.85       -52.91       -55.28         2.36
             7   1031        16.43        -5.03        47.85       -52.88       -55.23         2.35
             8   1191        16.47        -4.99        48.03       -53.02       -55.38         2.36
             9    611        16.47        -4.99        48.21       -53.20       -55.54         2.34
            10    613        16.48        -4.98        48.03       -53.02       -55.37         2.36
            11    201        16.49        -4.97        48.21       -53.18       -55.53         2.35
            12   1290        16.46        -5.00        48.67       -53.67       -55.98         2.31
            13   1362        16.55        -4.91        48.49       -53.39       -55.72         2.32
            14   1271        16.56        -4.90        48.49       -53.38       -55.72         2.33
            15    176        16.50        -4.96        48.67       -53.63       -55.95         2.32
            16    946        16.58        -4.88        48.46       -53.34       -55.65         2.31
            17    778        16.60        -4.86        48.70       -53.56       -55.86         2.30
            18    701        16.62        -4.84        48.70       -53.54       -55.87         2.33
            19    710        16.64        -4.82        48.74       -53.55       -55.89         2.34
            20    418        16.66        -4.80        48.74       -53.54       -55.86         2.32
            21   1004        16.67        -4.79        48.94       -53.74       -56.05         2.31
            22    534        16.70        -4.76        48.58       -53.34       -55.66         2.32
            23    749        16.72        -4.75        48.58       -53.33       -55.65         2.33
            24   1238        16.75        -4.71        48.94       -53.65       -55.99         2.34
            25    694        16.75        -4.71        48.72       -53.43       -55.78         2.34
            26    963        16.78        -4.68        48.66       -53.34       -55.67         2.33
            27   1189        16.65        -4.81        48.96       -53.77       -56.08         2.32
            28   1192        16.66        -4.80        48.96       -53.76       -56.08         2.32
            29    964        16.81        -4.65        48.66       -53.31       -55.64         2.33
            30   1110        16.82        -4.64        48.72       -53.36       -55.68         2.32
            31    572        16.83        -4.63        48.73       -53.36       -55.69         2.33
            32    835        16.88        -4.58        48.77       -53.35       -55.67         2.33
            33    747        16.87        -4.59        48.73       -53.33       -55.66         2.33
            34   1292        16.68        -4.79        48.49       -53.28       -55.57         2.29
            35    187        16.71        -4.75        48.49       -53.25       -55.52         2.28
            36    752        16.97        -4.49        48.77       -53.26       -55.60         2.34
            37   1261        16.92        -4.54        48.77       -53.31       -55.65         2.34
            38   1311        16.73        -4.74        48.91       -53.65       -55.96         2.31
            39   1327        16.94        -4.52        48.77       -53.29       -55.60         2.31
            40    152        16.75        -4.71        48.91       -53.62       -55.93         2.31
            41    277        17.10        -4.36        48.90       -53.26       -55.57         2.31
            42    766        17.12        -4.34        48.90       -53.25       -55.59         2.34
            43    853        16.97        -4.49        49.28       -53.77       -56.06         2.29
            44    454        16.99        -4.47        49.28       -53.75       -56.03         2.29
            45    141        16.85        -4.61        49.20       -53.81       -56.08         2.28
            46    221        16.87        -4.59        49.15       -53.74       -56.02         2.29
            47   1294        17.06        -4.40        49.23       -53.63       -55.90         2.28
            48    155        16.88        -4.58        49.43       -54.01       -56.29         2.28
            49   1102        17.07        -4.39        49.23       -53.62       -55.90         2.29
            50    278        17.03        -4.43        49.41       -53.84       -56.14         2.29
            51    563        17.04        -4.42        49.41       -53.84       -56.11         2.27
            52   1310        16.92        -4.54        49.15       -53.69       -55.97         2.28
            53    788        16.91        -4.55        49.20       -53.74       -56.03         2.29
            54   1136        16.95        -4.51        49.43       -53.94       -56.20         2.26
            55    709        17.16        -4.30        49.15       -53.45       -55.74         2.29
            56    734        17.23        -4.23        49.40       -53.64       -55.93         2.29
            57   1306        17.19        -4.27        49.15       -53.43       -55.73         2.30
            58    122        16.98        -4.48        49.23       -53.71       -55.98         2.27
            59   1239        17.32        -4.15        49.32       -53.47       -55.77         2.30
            60    144        17.08        -4.39        49.57       -53.95       -56.24         2.29
            61    273        17.20        -4.27        49.42       -53.69       -55.97         2.28
            62    982        17.33        -4.13        49.32       -53.45       -55.75         2.30
            63    157        17.02        -4.44        49.23       -53.66       -55.96         2.30
            64    271        17.02        -4.44        49.68       -54.12       -56.39         2.27
            65    446        17.11        -4.36        49.57       -53.92       -56.21         2.29
            66    226        17.30        -4.16        49.40       -53.56       -55.89         2.33
            67   1080        17.23        -4.23        49.42       -53.66       -55.95         2.29
            68    828        17.21        -4.25        49.69       -53.95       -56.23         2.28
            69   1339        16.93        -4.54        49.45       -53.99       -56.28         2.29
            70   1326        17.09        -4.37        49.26       -53.63       -55.89         2.26
            71    551        17.23        -4.23        49.69       -53.93       -56.22         2.29
            72    716        16.96        -4.50        49.45       -53.95       -56.23         2.27
            73    826        17.13        -4.34        49.26       -53.59       -55.89         2.30
            74    117        17.17        -4.29        49.21       -53.50       -55.78         2.29
            75    191        17.20        -4.26        49.21       -53.47       -55.74         2.27
            76    764        17.34        -4.12        49.64       -53.76       -56.04         2.28
            77   1359        17.34        -4.12        49.64       -53.76       -56.05         2.29
            78    957        17.02        -4.44        49.28       -53.72       -55.98         2.26
            79   1211        17.03        -4.43        49.28       -53.71       -55.99         2.27
            80   1308        17.28        -4.18        49.86       -54.04       -56.30         2.26
            81   1105        17.29        -4.17        49.86       -54.03       -56.27         2.25
            82    575        17.16        -4.30        49.63       -53.93       -56.18         2.24
            83   1085        17.17        -4.30        49.63       -53.93       -56.19         2.26
            84    477        17.21        -4.25        49.64       -53.89       -56.13         2.24
            85   1370        17.23        -4.23        49.64       -53.87       -56.10         2.23
            86    812        17.41        -4.05        49.82       -53.87       -56.12         2.25
            87    817        17.49        -3.97        49.93       -53.89       -56.14         2.24
            88    750        17.51        -3.96        49.93       -53.88       -56.16         2.27
            89    697        17.43        -4.03        49.82       -53.85       -56.10         2.25
            90    682        17.21        -4.26        49.82       -54.08       -56.30         2.22
            91   1312        17.32        -4.15        50.09       -54.24       -56.47         2.23
            92    800        17.32        -4.14        50.09       -54.23       -56.46         2.23
            93    121        17.24        -4.22        49.82       -54.04       -56.28         2.23
            94    862        17.76        -3.70        50.41       -54.11       -56.31         2.20
            95   1108        17.83        -3.64        50.41       -54.05       -56.26         2.21
            96    825        17.40        -4.06        50.05       -54.11       -56.31         2.20
            97    253        18.52        -2.94        50.88       -53.82       -56.14         2.32
            98   1082        18.54        -2.93        50.88       -53.81       -56.13         2.32
            99    251        18.56        -2.91        50.87       -53.77       -56.10         2.32
           100    548        18.63        -2.83        50.87       -53.70       -56.03         2.33
           101   1115        18.43        -3.03        50.86       -53.89       -56.21         2.32
           102   1070        18.44        -3.02        50.86       -53.88       -56.20         2.32
           103    727        18.88        -2.59        50.68       -53.27       -55.57         2.30
           104    558        18.88        -2.59        50.68       -53.27       -55.57         2.30
           105    758        18.87        -2.59        50.66       -53.26       -55.57         2.31
           106    285        18.83        -2.63        51.40       -54.03       -56.35         2.32
           107    246        18.96        -2.50        51.40       -53.90       -56.16         2.26
           108   1277        18.79        -2.67        51.33       -54.00       -56.28         2.28
           109    991        18.91        -2.55        50.66       -53.21       -55.52         2.31
           110   1058        18.93        -2.53        51.18       -53.72       -56.01         2.29
           111   1084        19.03        -2.43        51.40       -53.83       -56.11         2.28
           112    743        18.96        -2.50        51.21       -53.72       -56.01         2.29
           113    819        19.20        -2.26        51.61       -53.87       -56.16         2.29
           114   1118        19.13        -2.34        51.55       -53.89       -56.15         2.26
           115   1263        19.18        -2.28        51.55       -53.84       -56.12         2.29
           116    569        19.01        -2.45        51.30       -53.75       -56.02         2.27
           117    365        19.22        -2.24        51.69       -53.94       -56.18         2.25
           118   1229        18.63        -2.83        51.40       -54.24       -56.49         2.26
           119   1231        18.64        -2.82        51.40       -54.22       -56.46         2.24
           120    528        19.05        -2.41        51.46       -53.88       -56.14         2.26
           121    436        19.22        -2.25        51.52       -53.77       -56.07         2.31
           122    387        19.28        -2.18        51.69       -53.88       -56.15         2.27
           123    520        19.16        -2.30        51.61       -53.91       -56.22         2.31
           124    949        19.16        -2.30        51.61       -53.91       -56.18         2.27
           125    247        19.08        -2.38        51.46       -53.85       -56.12         2.28
           126    553        19.13        -2.34        51.51       -53.85       -56.12         2.27
           127   1068        19.14        -2.32        51.66       -53.98       -56.24         2.26
           128    815        19.15        -2.31        51.41       -53.72       -56.00         2.28
           129    531        19.19        -2.28        51.30       -53.57       -55.84         2.27
           130   1338        19.14        -2.32        51.43       -53.75       -56.03         2.28
           131    990        19.14        -2.32        51.43       -53.74       -56.02         2.28
           132    445        19.19        -2.27        51.68       -53.95       -56.19         2.24
           133   1361        19.18        -2.28        51.41       -53.69       -55.96         2.27
           134    576        19.24        -2.22        51.44       -53.67       -55.93         2.26
           135    841        19.24        -2.22        51.44       -53.66       -55.93         2.27
           136    556        19.25        -2.21        51.68       -53.89       -56.16         2.27
           137   1218        19.19        -2.27        51.83       -54.10       -56.38         2.28
           138    422        19.19        -2.27        51.89       -54.16       -56.42         2.26
           139    813        19.20        -2.27        51.89       -54.15       -56.40         2.25
           140   1119        19.21        -2.25        51.83       -54.08       -56.36         2.28
           141   1097        19.30        -2.16        51.95       -54.12       -56.40         2.29
           142    547        19.38        -2.08        51.40       -53.48       -55.76         2.29
           143    280        19.36        -2.10        51.31       -53.41       -55.70         2.28
          ------------------------------------------------------------------------------------------

          ----------------------------------------
          Gas Phase Internal Potential Energy: U
          ----------------------------------------

          ------------------------------------------------------------------------------------------
          Rank    ID         U         Valence     Coulomb        VdW         VdW6        VdW12
          ------------------------------------------------------------------------------------------
             1    316        47.19         2.16        44.45         0.59        -5.76         6.35
             2    307        47.84         2.26        44.89         0.69        -6.28         6.98
             3    925        47.84         2.26        44.89         0.69        -6.28         6.98
             4    891        48.00         2.46        44.90         0.64        -6.36         7.01
             5    779        48.00         2.46        44.90         0.64        -6.36         7.00
             6   1030        47.85         2.66        44.46         0.72        -6.38         7.10
             7   1031        47.85         2.66        44.46         0.72        -6.38         7.10
             8   1191        48.03         2.70        44.62         0.71        -6.42         7.13
             9    611        48.21         2.70        44.82         0.70        -6.44         7.14
            10    613        48.03         2.70        44.62         0.71        -6.42         7.13
            11    201        48.21         2.70        44.82         0.70        -6.44         7.14
            12   1290        48.67         2.54        45.48         0.65        -7.10         7.74
            13   1362        48.49         2.76        44.89         0.83        -6.90         7.73
            14   1271        48.49         2.76        44.89         0.83        -6.90         7.73
            15    176        48.67         2.54        45.48         0.65        -7.10         7.74
            16    946        48.46         2.76        44.87         0.83        -6.90         7.73
            17    778        48.70         2.79        45.12         0.78        -6.97         7.76
            18    701        48.70         2.79        45.12         0.78        -6.97         7.76
            19    710        48.74         2.80        45.12         0.81        -6.95         7.76
            20    418        48.74         2.80        45.12         0.81        -6.95         7.76
            21   1004        48.94         2.80        45.34         0.81        -6.96         7.77
            22    534        48.58         2.82        44.92         0.84        -6.93         7.77
            23    749        48.58         2.82        44.92         0.84        -6.93         7.77
            24   1238        48.94         2.80        45.33         0.81        -6.96         7.77
            25    694        48.72         2.96        44.99         0.77        -7.01         7.78
            26    963        48.66         2.96        44.93         0.77        -6.99         7.76
            27   1189        48.96         2.92        45.45         0.60        -7.36         7.96
            28   1192        48.96         2.92        45.45         0.59        -7.36         7.96
            29    964        48.66         2.96        44.93         0.77        -6.99         7.76
            30   1110        48.72         2.96        44.99         0.77        -7.01         7.78
            31    572        48.73         2.99        45.00         0.74        -7.03         7.78
            32    835        48.77         3.05        44.91         0.81        -6.97         7.78
            33    747        48.73         2.99        45.00         0.74        -7.03         7.78
            34   1292        48.49         3.12        44.69         0.68        -7.35         8.03
            35    187        48.49         3.12        44.69         0.68        -7.35         8.03
            36    752        48.77         3.05        44.91         0.81        -6.97         7.78
            37   1261        48.77         3.17        44.79         0.81        -7.08         7.89
            38   1311        48.91         3.15        45.13         0.63        -7.45         8.08
            39   1327        48.77         3.17        44.79         0.81        -7.08         7.89
            40    152        48.91         3.15        45.13         0.63        -7.45         8.08
            41    277        48.90         3.28        44.74         0.88        -6.99         7.87
            42    766        48.90         3.28        44.74         0.88        -6.99         7.87
            43    853        49.28         3.05        45.46         0.77        -7.73         8.50
            44    454        49.28         3.05        45.46         0.77        -7.73         8.50
            45    141        49.20         3.02        45.59         0.59        -8.07         8.66
            46    221        49.15         3.22        45.15         0.78        -7.88         8.66
            47   1294        49.23         3.27        45.07         0.89        -7.61         8.51
            48    155        49.43         3.21        45.44         0.77        -7.92         8.68
            49   1102        49.23         3.27        45.07         0.89        -7.62         8.51
            50    278        49.41         3.04        45.61         0.76        -7.76         8.52
            51    563        49.41         3.04        45.61         0.76        -7.76         8.52
            52   1310        49.15         3.22        45.15         0.78        -7.88         8.66
            53    788        49.20         3.02        45.59         0.59        -8.07         8.66
            54   1136        49.43         3.21        45.44         0.77        -7.92         8.68
            55    709        49.15         3.30        44.91         0.95        -7.57         8.52
            56    734        49.40         3.37        45.07         0.97        -7.53         8.49
            57   1306        49.15         3.30        44.91         0.95        -7.57         8.52
            58    122        49.23         3.28        45.18         0.78        -7.94         8.72
            59   1239        49.32         3.41        44.89         1.02        -7.48         8.50
            60    144        49.57         3.38        45.52         0.67        -8.07         8.74
            61    273        49.42         3.13        45.47         0.82        -7.70         8.53
            62    982        49.32         3.41        44.89         1.02        -7.48         8.50
            63    157        49.23         3.28        45.18         0.78        -7.94         8.72
            64    271        49.68         3.24        45.76         0.68        -8.04         8.72
            65    446        49.57         3.38        45.52         0.67        -8.07         8.74
            66    226        49.40         3.37        45.07         0.97        -7.53         8.49
            67   1080        49.42         3.13        45.47         0.82        -7.70         8.53
            68    828        49.69         3.07        45.91         0.71        -7.81         8.52
            69   1339        49.45         3.38        45.56         0.52        -8.35         8.87
            70   1326        49.26         3.39        45.18         0.68        -8.02         8.70
            71    551        49.69         3.07        45.91         0.71        -7.81         8.52
            72    716        49.45         3.38        45.56         0.52        -8.35         8.87
            73    826        49.26         3.39        45.18         0.68        -8.02         8.70
            74    117        49.21         3.47        44.96         0.79        -7.90         8.69
            75    191        49.21         3.47        44.96         0.79        -7.90         8.69
            76    764        49.64         3.49        45.36         0.79        -7.91         8.70
            77   1359        49.64         3.49        45.36         0.79        -7.91         8.70
            78    957        49.28         3.57        45.11         0.60        -8.33         8.93
            79   1211        49.28         3.57        45.11         0.60        -8.33         8.93
            80   1308        49.86         3.48        45.72         0.65        -8.80         9.45
            81   1105        49.86         3.48        45.72         0.66        -8.80         9.45
            82    575        49.63         3.47        45.63         0.53        -9.03         9.56
            83   1085        49.63         3.47        45.63         0.53        -9.03         9.56
            84    477        49.64         3.69        45.20         0.75        -8.83         9.57
            85   1370        49.64         3.69        45.20         0.75        -8.83         9.57
            86    812        49.82         3.55        45.47         0.80        -8.64         9.44
            87    817        49.93         3.59        45.56         0.77        -8.64         9.41
            88    750        49.93         3.59        45.56         0.77        -8.64         9.41
            89    697        49.82         3.55        45.47         0.80        -8.64         9.44
            90    682        49.82         3.80        45.51         0.52        -9.17         9.69
            91   1312        50.09         3.65        45.80         0.64        -8.93         9.57
            92    800        50.09         3.65        45.80         0.64        -8.93         9.57
            93    121        49.82         3.80        45.51         0.52        -9.17         9.69
            94    862        50.41         3.47        46.37         0.57        -8.86         9.43
            95   1108        50.41         3.47        46.37         0.57        -8.86         9.43
            96    825        50.05         3.90        45.62         0.53        -9.87        10.40
            97    253        50.88         3.75        46.57         0.55        -7.28         7.83
            98   1082        50.88         3.75        46.57         0.55        -7.28         7.83
            99    251        50.87         4.70        45.54         0.64        -7.29         7.92
           100    548        50.87         4.70        45.54         0.64        -7.29         7.92
           101   1115        50.86         4.55        45.76         0.56        -7.49         8.05
           102   1070        50.86         4.55        45.76         0.56        -7.49         8.05
           103    727        50.68         5.15        44.81         0.71        -7.31         8.03
           104    558        50.68         5.15        44.81         0.71        -7.31         8.03
           105    758        50.66         5.13        44.84         0.69        -7.33         8.02
           106    285        51.40         4.71        46.08         0.61        -8.06         8.67
           107    246        51.40         4.23        46.51         0.65        -7.96         8.62
           108   1277        51.33         4.99        45.66         0.67        -8.11         8.78
           109    991        50.66         5.13        44.84         0.69        -7.33         8.02
           110   1058        51.18         5.19        45.35         0.64        -7.43         8.07
           111   1084        51.40         4.23        46.51         0.65        -7.96         8.61
           112    743        51.21         5.19        45.36         0.66        -7.41         8.06
           113    819        51.61         4.45        46.42         0.74        -7.82         8.56
           114   1118        51.55         4.25        46.64         0.66        -7.94         8.60
           115   1263        51.55         4.25        46.64         0.66        -7.94         8.60
           116    569        51.30         5.23        45.28         0.79        -7.86         8.65
           117    365        51.69         4.26        46.78         0.65        -7.96         8.61
           118   1229        51.40         5.07        46.08         0.26        -8.82         9.07
           119   1231        51.40         5.07        46.08         0.26        -8.82         9.07
           120    528        51.46         5.28        45.45         0.74        -7.94         8.68
           121    436        51.52         5.28        45.45         0.80        -7.89         8.69
           122    387        51.69         4.26        46.78         0.65        -7.96         8.61
           123    520        51.61         5.20        45.65         0.76        -8.00         8.76
           124    949        51.61         5.20        45.65         0.76        -8.00         8.76
           125    247        51.46         5.28        45.44         0.74        -7.94         8.68
           126    553        51.51         5.25        45.47         0.79        -7.87         8.66
           127   1068        51.66         5.23        45.68         0.76        -7.91         8.67
           128    815        51.41         5.34        45.27         0.80        -7.90         8.70
           129    531        51.30         5.43        45.12         0.75        -7.91         8.66
           130   1338        51.43         5.32        45.31         0.79        -7.91         8.70
           131    990        51.43         5.32        45.31         0.79        -7.91         8.70
           132    445        51.68         5.25        45.64         0.79        -7.89         8.68
           133   1361        51.41         5.34        45.27         0.80        -7.90         8.70
           134    576        51.44         5.42        45.33         0.69        -8.01         8.70
           135    841        51.44         5.42        45.33         0.69        -8.01         8.70
           136    556        51.68         5.25        45.64         0.79        -7.89         8.68
           137   1218        51.83         4.86        46.52         0.44        -8.27         8.71
           138    422        51.89         5.15        46.02         0.71        -8.70         9.42
           139    813        51.89         5.15        46.02         0.71        -8.70         9.42
           140   1119        51.83         4.86        46.52         0.44        -8.27         8.71
           141   1097        51.95         5.28        45.97         0.70        -8.00         8.70
           142    547        51.40         5.54        45.03         0.83        -7.85         8.67
           143    280        51.31         5.46        45.07         0.77        -7.91         8.68
          ------------------------------------------------------------------------------------------

          -------------------------------
          Bonded Energy Terms: Valence
          -------------------------------

          ------------------------------------------------------------------------------------------
          Rank    ID     Valence       Bond        Angle         Pdih         Idih       Tether
          ------------------------------------------------------------------------------------------
             1    316         2.16         0.13         0.39         1.63         0.00         0.00
             2    307         2.26         0.15         0.43         1.67         0.00         0.00
             3    925         2.26         0.15         0.43         1.67         0.00         0.00
             4    891         2.46         0.15         0.52         1.79         0.00         0.00
             5    779         2.46         0.15         0.52         1.79         0.00         0.00
             6   1030         2.66         0.16         0.63         1.86         0.00         0.00
             7   1031         2.66         0.16         0.63         1.86         0.00         0.00
             8   1191         2.70         0.17         0.66         1.87         0.00         0.00
             9    611         2.70         0.17         0.66         1.87         0.00         0.00
            10    613         2.70         0.17         0.66         1.87         0.00         0.00
            11    201         2.70         0.17         0.66         1.87         0.00         0.00
            12   1290         2.54         0.18         0.63         1.74         0.00         0.00
            13   1362         2.76         0.18         0.67         1.90         0.00         0.00
            14   1271         2.76         0.18         0.67         1.90         0.00         0.00
            15    176         2.54         0.18         0.63         1.74         0.00         0.00
            16    946         2.76         0.18         0.67         1.90         0.00         0.00
            17    778         2.79         0.19         0.67         1.93         0.00         0.00
            18    701         2.79         0.19         0.67         1.93         0.00         0.00
            19    710         2.80         0.19         0.70         1.92         0.00         0.00
            20    418         2.80         0.19         0.70         1.92         0.00         0.00
            21   1004         2.80         0.19         0.70         1.92         0.00         0.00
            22    534         2.82         0.19         0.72         1.91         0.00         0.00
            23    749         2.82         0.19         0.72         1.91         0.00         0.00
            24   1238         2.80         0.19         0.70         1.92         0.00         0.00
            25    694         2.96         0.19         0.76         2.02         0.00         0.00
            26    963         2.96         0.19         0.76         2.02         0.00         0.00
            27   1189         2.92         0.20         0.89         1.83         0.00         0.00
            28   1192         2.92         0.20         0.89         1.83         0.00         0.00
            29    964         2.96         0.19         0.76         2.02         0.00         0.00
            30   1110         2.96         0.19         0.76         2.02         0.00         0.00
            31    572         2.99         0.19         0.75         2.04         0.00         0.00
            32    835         3.05         0.20         0.81         2.04         0.00         0.00
            33    747         2.99         0.19         0.75         2.04         0.00         0.00
            34   1292         3.12         0.21         1.04         1.87         0.00         0.00
            35    187         3.12         0.21         1.04         1.87         0.00         0.00
            36    752         3.05         0.20         0.81         2.04         0.00         0.00
            37   1261         3.17         0.20         0.85         2.12         0.00         0.00
            38   1311         3.15         0.21         1.07         1.86         0.00         0.00
            39   1327         3.17         0.20         0.85         2.12         0.00         0.00
            40    152         3.15         0.21         1.07         1.86         0.00         0.00
            41    277         3.28         0.21         0.95         2.12         0.00         0.00
            42    766         3.28         0.21         0.95         2.12         0.00         0.00
            43    853         3.05         0.21         0.87         1.97         0.00         0.00
            44    454         3.05         0.21         0.87         1.97         0.00         0.00
            45    141         3.02         0.22         0.96         1.84         0.00         0.00
            46    221         3.22         0.23         1.08         1.91         0.00         0.00
            47   1294         3.27         0.22         0.87         2.18         0.00         0.00
            48    155         3.21         0.23         1.08         1.91         0.00         0.00
            49   1102         3.27         0.22         0.87         2.18         0.00         0.00
            50    278         3.04         0.21         0.87         1.96         0.00         0.00
            51    563         3.04         0.21         0.87         1.96         0.00         0.00
            52   1310         3.22         0.23         1.08         1.91         0.00         0.00
            53    788         3.02         0.22         0.96         1.84         0.00         0.00
            54   1136         3.21         0.23         1.08         1.91         0.00         0.00
            55    709         3.30         0.23         0.91         2.16         0.00         0.00
            56    734         3.37         0.23         0.96         2.17         0.00         0.00
            57   1306         3.30         0.23         0.91         2.16         0.00         0.00
            58    122         3.28         0.24         1.16         1.88         0.00         0.00
            59   1239         3.41         0.24         1.01         2.16         0.00         0.00
            60    144         3.38         0.23         1.07         2.08         0.00         0.00
            61    273         3.13         0.22         0.94         1.97         0.00         0.00
            62    982         3.41         0.24         1.01         2.16         0.00         0.00
            63    157         3.28         0.24         1.16         1.88         0.00         0.00
            64    271         3.24         0.23         1.08         1.93         0.00         0.00
            65    446         3.38         0.23         1.07         2.08         0.00         0.00
            66    226         3.37         0.23         0.96         2.17         0.00         0.00
            67   1080         3.13         0.22         0.94         1.97         0.00         0.00
            68    828         3.07         0.22         0.85         2.00         0.00         0.00
            69   1339         3.38         0.24         1.24         1.90         0.00         0.00
            70   1326         3.39         0.23         1.12         2.04         0.00         0.00
            71    551         3.07         0.22         0.85         2.00         0.00         0.00
            72    716         3.38         0.24         1.24         1.90         0.00         0.00
            73    826         3.39         0.23         1.12         2.04         0.00         0.00
            74    117         3.47         0.24         1.21         2.02         0.00         0.00
            75    191         3.47         0.24         1.21         2.02         0.00         0.00
            76    764         3.49         0.24         1.20         2.05         0.00         0.00
            77   1359         3.49         0.24         1.20         2.05         0.00         0.00
            78    957         3.57         0.25         1.37         1.94         0.00         0.00
            79   1211         3.57         0.25         1.37         1.94         0.00         0.00
            80   1308         3.48         0.26         1.14         2.09         0.00         0.00
            81   1105         3.48         0.26         1.14         2.09         0.00         0.00
            82    575         3.47         0.27         1.30         1.91         0.00         0.00
            83   1085         3.47         0.27         1.30         1.91         0.00         0.00
            84    477         3.69         0.28         1.44         1.97         0.00         0.00
            85   1370         3.69         0.28         1.44         1.97         0.00         0.00
            86    812         3.55         0.26         1.34         1.95         0.00         0.00
            87    817         3.59         0.27         1.27         2.06         0.00         0.00
            88    750         3.59         0.27         1.27         2.06         0.00         0.00
            89    697         3.55         0.26         1.34         1.95         0.00         0.00
            90    682         3.80         0.28         1.54         1.98         0.00         0.00
            91   1312         3.65         0.27         1.38         2.00         0.00         0.00
            92    800         3.65         0.27         1.38         2.00         0.00         0.00
            93    121         3.80         0.28         1.54         1.98         0.00         0.00
            94    862         3.47         0.26         1.22         2.00         0.00         0.00
            95   1108         3.47         0.26         1.22         2.00         0.00         0.00
            96    825         3.90         0.31         1.61         1.98         0.00         0.00
            97    253         3.75         0.19         0.96         2.61         0.00         0.00
            98   1082         3.75         0.19         0.96         2.61         0.00         0.00
            99    251         4.70         0.21         1.11         3.37         0.00         0.00
           100    548         4.70         0.21         1.11         3.37         0.00         0.00
           101   1115         4.55         0.20         1.15         3.20         0.00         0.00
           102   1070         4.55         0.20         1.15         3.20         0.00         0.00
           103    727         5.15         0.21         1.19         3.75         0.00         0.00
           104    558         5.15         0.21         1.19         3.75         0.00         0.00
           105    758         5.13         0.21         1.15         3.76         0.00         0.00
           106    285         4.71         0.23         1.34         3.14         0.00         0.00
           107    246         4.23         0.23         1.15         2.86         0.00         0.00
           108   1277         4.99         0.23         1.33         3.43         0.00         0.00
           109    991         5.13         0.21         1.15         3.76         0.00         0.00
           110   1058         5.19         0.22         1.17         3.80         0.00         0.00
           111   1084         4.23         0.23         1.15         2.86         0.00         0.00
           112    743         5.19         0.22         1.18         3.80         0.00         0.00
           113    819         4.45         0.23         1.30         2.92         0.00         0.00
           114   1118         4.25         0.22         1.19         2.84         0.00         0.00
           115   1263         4.25         0.22         1.19         2.84         0.00         0.00
           116    569         5.23         0.23         1.20         3.80         0.00         0.00
           117    365         4.26         0.22         1.19         2.84         0.00         0.00
           118   1229         5.07         0.24         1.72         3.10         0.00         0.00
           119   1231         5.07         0.24         1.73         3.10         0.00         0.00
           120    528         5.28         0.23         1.19         3.86         0.00         0.00
           121    436         5.28         0.25         1.29         3.74         0.00         0.00
           122    387         4.26         0.22         1.19         2.84         0.00         0.00
           123    520         5.20         0.24         1.46         3.51         0.00         0.00
           124    949         5.20         0.24         1.46         3.51         0.00         0.00
           125    247         5.28         0.24         1.19         3.86         0.00         0.00
           126    553         5.25         0.23         1.24         3.79         0.00         0.00
           127   1068         5.23         0.24         1.18         3.81         0.00         0.00
           128    815         5.34         0.24         1.23         3.87         0.00         0.00
           129    531         5.43         0.23         1.29         3.90         0.00         0.00
           130   1338         5.32         0.24         1.18         3.91         0.00         0.00
           131    990         5.32         0.24         1.18         3.91         0.00         0.00
           132    445         5.25         0.24         1.22         3.80         0.00         0.00
           133   1361         5.34         0.24         1.23         3.87         0.00         0.00
           134    576         5.42         0.24         1.28         3.90         0.00         0.00
           135    841         5.42         0.24         1.28         3.90         0.00         0.00
           136    556         5.25         0.24         1.22         3.79         0.00         0.00
           137   1218         4.86         0.24         1.44         3.19         0.00         0.00
           138    422         5.15         0.26         1.54         3.35         0.00         0.00
           139    813         5.15         0.26         1.54         3.35         0.00         0.00
           140   1119         4.86         0.24         1.44         3.19         0.00         0.00
           141   1097         5.28         0.24         1.24         3.80         0.00         0.00
           142    547         5.54         0.24         1.34         3.96         0.00         0.00
           143    280         5.46         0.24         1.24         3.98         0.00         0.00
          ------------------------------------------------------------------------------------------

          Calculating single reference conformer RMSDs ...

          ---------------------------------
          Conformer RMSDs are in Angstroms.
          ---------------------------------

          ------------------------------------------------------------------------------------------
                              RMSD wrt Input Crd                    RMSD wrt Rank 1
                         ---------------------------------------------------------------------------
          Rank    ID        Complex    Receptor  Ligand          Complex    Receptor  Ligand
          ------------------------------------------------------------------------------------------
             1    316                             0.018                               0.000
             2    307                             0.666                               0.685
             3    925                             0.666                               0.685
             4    891                             1.397                               1.443
             5    779                             0.811                               0.798
             6   1030                             0.753                               0.750
             7   1031                             0.753                               0.750
             8   1191                             0.708                               0.719
             9    611                             2.379                               2.310
            10    613                             0.708                               0.719
            11    201                             1.932                               1.884
            12   1290                             1.254                               1.212
            13   1362                             0.915                               0.900
            14   1271                             1.050                               1.024
            15    176                             1.219                               1.149
            16    946                             1.105                               1.194
            17    778                             2.169                               2.109
            18    701                             2.263                               1.152
            19    710                             0.950                               0.959
            20    418                             0.950                               0.959
            21   1004                             1.858                               2.297
            22    534                             0.672                               0.675
            23    749                             0.672                               0.675
            24   1238                             1.823                               1.741
            25    694                             1.930                               2.071
            26    963                             1.089                               0.992
            27   1189                             2.312                               2.256
            28   1192                             2.373                               2.286
            29    964                             1.089                               0.992
            30   1110                             2.185                               2.138
            31    572                             1.852                               0.933
            32    835                             1.865                               1.778
            33    747                             1.851                               0.932
            34   1292                             1.921                               1.897
            35    187                             1.217                               1.232
            36    752                             2.019                               1.892
            37   1261                             1.748                               1.687
            38   1311                             2.307                               2.310
            39   1327                             1.154                               1.074
            40    152                             2.312                               2.167
            41    277                             0.809                               0.676
            42    766                             0.809                               0.676
            43    853                             1.441                               1.541
            44    454                             1.530                               1.495
            45    141                             1.765                               1.516
            46    221                             1.743                               1.704
            47   1294                             2.220                               2.145
            48    155                             2.121                               1.582
            49   1102                             2.153                               2.090
            50    278                             1.696                               1.700
            51    563                             1.712                               1.616
            52   1310                             1.826                               1.760
            53    788                             1.668                               1.603
            54   1136                             2.297                               1.540
            55    709                             2.296                               2.139
            56    734                             0.992                               0.902
            57   1306                             2.133                               1.309
            58    122                             1.145                               1.050
            59   1239                             1.329                               0.940
            60    144                             2.272                               1.751
            61    273                             1.213                               1.206
            62    982                             0.936                               0.940
            63    157                             1.145                               1.176
            64    271                             2.047                               1.922
            65    446                             2.414                               2.047
            66    226                             0.992                               1.047
            67   1080                             1.172                               1.304
            68    828                             1.549                               1.623
            69   1339                             2.106                               2.163
            70   1326                             2.300                               2.093
            71    551                             1.434                               1.847
            72    716                             2.344                               2.257
            73    826                             2.180                               2.042
            74    117                             0.970                               1.054
            75    191                             1.056                               0.988
            76    764                             1.190                               1.101
            77   1359                             1.188                               1.101
            78    957                             1.750                               1.713
            79   1211                             1.487                               1.354
            80   1308                             1.910                               1.826
            81   1105                             1.883                               1.771
            82    575                             1.775                               1.756
            83   1085                             1.831                               1.662
            84    477                             1.668                               2.096
            85   1370                             2.058                               1.977
            86    812                             1.995                               1.926
            87    817                             1.457                               1.546
            88    750                             1.572                               1.479
            89    697                             1.380                               1.432
            90    682                             1.739                               1.832
            91   1312                             2.062                               1.977
            92    800                             1.915                               2.074
            93    121                             1.960                               1.919
            94    862                             2.583                               2.242
            95   1108                             2.480                               2.360
            96    825                             1.947                               1.803
            97    253                             1.224                               2.251
            98   1082                             1.210                               1.085
            99    251                             2.318                               2.278
           100    548                             2.483                               2.097
           101   1115                             1.907                               1.663
           102   1070                             1.868                               2.126
           103    727                             1.029                               1.128
           104    558                             1.029                               1.145
           105    758                             1.085                               1.092
           106    285                             2.461                               2.463
           107    246                             1.417                               1.421
           108   1277                             2.142                               2.165
           109    991                             1.085                               1.868
           110   1058                             2.375                               2.295
           111   1084                             1.295                               1.488
           112    743                             2.266                               2.172
           113    819                             1.840                               1.754
           114   1118                             1.484                               1.419
           115   1263                             1.465                               1.633
           116    569                             1.590                               1.511
           117    365                             2.376                               2.254
           118   1229                             2.226                               2.142
           119   1231                             2.226                               2.232
           120    528                             1.983                               2.444
           121    436                             1.620                               1.716
           122    387                             2.297                               2.486
           123    520                             2.314                               2.307
           124    949                             1.598                               1.607
           125    247                             2.011                               1.570
           126    553                             1.564                               1.644
           127   1068                             2.233                               1.873
           128    815                             1.951                               1.558
           129    531                             2.071                               1.904
           130   1338                             1.757                               1.591
           131    990                             1.764                               2.584
           132    445                             2.534                               2.397
           133   1361                             1.861                               2.340
           134    576                             1.794                               1.843
           135    841                             1.799                               2.206
           136    556                             2.526                               2.527
           137   1218                             2.045                               1.882
           138    422                             2.223                               2.110
           139    813                             2.236                               1.720
           140   1119                             2.110                               2.090
           141   1097                             2.672                               2.748
           142    547                             1.280                               1.279
           143    280                             2.177                               2.095
          ------------------------------------------------------------------------------------------

          --------------------------------
          Final Boltzmann Averaged Data.
          --------------------------------

          -------------------------------------------------------------------
          Results of Boltzmann Averaging Over All  213 Conformers (kcal/mol).
          -------------------------------------------------------------------

          Free Energy                        G              46.7122173122
          Average Potential Energy         < E >            16.6344556643
          Entropy                           -TS             30.0777616480
          -------------------------------------------------------------------

          Average Potential Energy < E > Components.

          < U >                    48.5459073291
          < W(PBSA) >             -53.3731640859
          < H.O. P.E. >            21.4618296448

          Average Solvation Energy < W(PBSA) > Components.

          < PB >                  -55.6993960137
          < SA >                    2.3262319278

          Average Gas Phase Internal Potential Energy < U > Components.

          < Valence >               2.8277365866
          < Coulomb >              44.9936117439
          < VdW >                   0.7245589986

          Average Van der Waals Energy < VdW > Components.

          < VdW6  >                -6.9439333130
          < VdW12 >                 7.6684923116

          Average Bonded Energy < Valence > Components.

          < Bond >                  0.1855666471
          < Angle >                 0.7418696769
          < Pdihed >                1.9003002626
          < Idihed >                0.0000000000
          < Tether >                0.0000000000

          -------------------------------------------------------------------
                        End of VM2 Calculation Results Summary.
          -------------------------------------------------------------------


     Total cpu time for run         38.05 seconds.
                                     0.63 minutes.

     Total wall time for run        38.28 seconds.
                                     0.64 minutes.

     TIME STAMP: VCPack job finished normally : Saturday, August 06, 2022 at 17:08:47
