
     --------------------------------------------------------------------------------
                        Running Program VCPack. Version 2.8

                           VeraChem LLC, PO Box 2206
                           Germantown, MD 20875, U.S.A.

                                Tel. 240-686-0565
                                www.verachem.com
     --------------------------------------------------------------------------------


     Input file          :   guest-s17_vm2.inp

     Output file         :   guest-s17_vm2.out

     Summary output file :   guest-s17_vm2.summary.out

     Executable : /data/comblab/vcCompChem_3b/exe/VC_CompChemPackage_mpi.exe

     Build date : Aug 13 2021  17:26:14

     This is a multiple processor run.

     MPI processes              :   16
     OpenMP threads per process :    0
     CUDA enabled               :  no

     TIME STAMP: VCPack job started : Sunday, August 07, 2022 at 15:52:29

     --------------------------------------------------------------------------------
                            Basic Calculation Control.
     --------------------------------------------------------------------------------

     Molecular system type                :  ligand          

     Calculation type                     :  vm2             

     Energy potential                     :  mm              

     Post-processing type                 :  none            

     Post-processing energy potential     :  none            

     Time limit in wall clock hours       :  96.00

     Read in starting conformers          :  no
     Type of conformers to read in        :  none
     Conformer source files(s)            :  none

     Use input .crd for complex build     :  no
     Place ligand confs. at input .crd    :  no
     Use input .crd as start conformer    :  yes

     Formatted output files               :  xyz     
                                          :  pdb     
                                          :  mol2    
                                          :  sdf     
                                          :  xyz     
                                          :  gms     
                                          :  csv     

     Split formatted output files         :  crd     

     Limit conformers in formatted files  :  bycount
     Maximum conformer count              :  1000

     Atoms to include in formatted files  :  all     

     Binary file restart type             :  none


     --------------------------------------------------------------------------------
                            Math Related Control and Set Up.
     --------------------------------------------------------------------------------

     Random number generator seeds :  bywallclock

     Seed 1 :           4613304
     Seed 2 :            467933
     Seed 3 :              3276
     Seed 4 :             21274


     --------------------------------------------------------------------------------
                            Basic Molecular System Set Up.
     --------------------------------------------------------------------------------

     ------------------
     Ligand Data Files.
     ------------------

     Standard crd coordinate file            :  guest-s17.crd
     VeraChem topology file                  :  guest-s17.top
     Standard mol/sdf file                   :  guest-s17.mol

     Total number of ligand atoms            :        25

     Included in this calculation.
     Number of real and live ligand atoms    :        25
     Number of real but fixed ligand atoms   :         0

     Ligand placement method                 :  none

     Snap ligand to template atoms           :      no

     -------------------------------
     Final Real/Live Set Atom Count.
     -------------------------------

     Total number of real atoms              :        25
     Total number of live atoms              :        25


     --------------------------------------------------------------------------------
                            Generate Initial Molecular Conformation.
     --------------------------------------------------------------------------------

     Mandatory input crd file(s) used for generation of a single starting conformer.


     --------------------------------------------------------------------------------
                             Energy Potential Settings.
     --------------------------------------------------------------------------------


     Molecular Mechanics package          :  vchem           

     Quantum Mechanics package            :  none            


     --------------------------------------------------------------------------------
                    Running VM2 Mining Minima Module. Version 2.8
     --------------------------------------------------------------------------------

     Iteration    Free Energy G             G Diff            # Conformers     # Diff
        1            60.859204              60.859204              33              33
        2            60.493277              -0.365928              81              48
        3            60.386840              -0.106437              95              14
        4            60.362929              -0.023911             102               7
        5            60.362922              -0.000007             102               0
        6            60.316046              -0.046876             107               5
        7            60.315958              -0.000088             108               1
        8            60.276182              -0.039776             116               8
        9            60.276178              -0.000004             116               0
       10            60.260547              -0.015631             120               4
       11            60.260467              -0.000080             121               1
       12            60.251759              -0.008708             123               2

     VM2 Free Energy converged after   12 iterations.

     Final VM2 Free Energy is      60.251759 Kcal/mol.

          --------------------------------
          Final Individual Conformer Data.
          --------------------------------

          List data for conformers with probability of at least :  0.01 %
          Rankings are with respect to : Free Energy (G)

          ------------------------
          Free Energy: G = E - TS
          ------------------------

          ------------------------------------------------------------------------------------------
          Rank    ID     ln(Zx)    Prob(%)  Sum Prob(%)  Del G        G            E            -TS
          ------------------------------------------------------------------------------------------
             1   1482   -149.49387    4.69     4.69      0.00        62.08        29.29        32.78
             2    735   -149.55401    4.42     9.11      0.04        62.11        29.30        32.81
             3   1603   -149.57872    4.31    13.43      0.05        62.13        29.34        32.78
             4   1922   -149.57963    4.31    17.73      0.05        62.13        29.32        32.81
             5   1877   -149.69503    3.84    21.57      0.12        62.20        29.41        32.79
             6     85   -149.73580    3.69    25.26      0.14        62.22        29.43        32.79
             7   1629   -149.75985    3.60    28.86      0.16        62.23        29.47        32.77
             8   1771   -149.78493    3.51    32.37      0.17        62.25        29.48        32.77
             9   1545   -149.83671    3.33    35.70      0.20        62.28        29.54        32.74
            10   1062   -149.88597    3.17    38.87      0.23        62.31        29.57        32.74
            11   1359   -149.91042    3.09    41.96      0.25        62.32        29.66        32.66
            12   1291   -149.92724    3.04    45.01      0.26        62.33        29.67        32.66
            13     72   -150.06427    2.65    47.66      0.34        62.42        29.63        32.78
            14    747   -150.07831    2.62    50.28      0.35        62.42        29.64        32.78
            15   1433   -150.08824    2.59    52.87      0.35        62.43        29.68        32.75
            16    324   -150.11456    2.52    55.39      0.37        62.45        29.70        32.75
            17   1695   -150.13112    2.48    57.87      0.38        62.46        29.72        32.74
            18   1626   -150.16216    2.41    60.28      0.40        62.47        29.83        32.65
            19   1691   -150.23771    2.23    62.51      0.44        62.52        29.78        32.74
            20   1051   -150.34684    2.00    64.51      0.51        62.58        29.87        32.72
            21    535   -150.39526    1.91    66.42      0.54        62.61        29.81        32.80
            22   1177   -150.39672    1.90    68.32      0.54        62.61        29.89        32.72
            23   1854   -150.55871    1.62    69.94      0.63        62.71        30.02        32.69
            24    744   -150.58043    1.58    71.52      0.65        62.72        30.04        32.69
            25   1657   -150.60208    1.55    73.07      0.66        62.74        29.99        32.74
            26   1224   -150.66090    1.46    74.53      0.70        62.77        30.03        32.74
            27   2011   -150.67248    1.44    75.98      0.70        62.78        30.57        32.21
            28    600   -150.71552    1.38    77.36      0.73        62.80        30.16        32.64
            29   1971   -150.79683    1.28    78.64      0.78        62.85        30.20        32.65
            30   1927   -150.80089    1.27    79.91      0.78        62.85        30.64        32.21
            31   1171   -150.84035    1.22    81.13      0.80        62.88        30.76        32.12
            32    287   -150.85175    1.21    82.33      0.81        62.88        30.77        32.12
            33     24   -150.87581    1.18    83.51      0.82        62.90        30.25        32.65
            34    582   -150.87801    1.18    84.69      0.83        62.90        30.81        32.09
            35    246   -151.16811    0.88    85.57      1.00        63.07        30.34        32.73
            36   1548   -151.20767    0.85    86.41      1.02        63.10        30.37        32.73
            37   1654   -151.31202    0.76    87.18      1.08        63.16        31.42        31.74
            38    715   -151.31574    0.76    87.94      1.09        63.16        31.43        31.73
            39   1541   -151.41708    0.69    88.62      1.15        63.22        31.52        31.70
            40   1625   -151.49903    0.63    89.25      1.20        63.27        31.22        32.05
            41    644   -151.57090    0.59    89.84      1.24        63.31        30.50        32.81
            42   1579   -151.60902    0.57    90.41      1.26        63.34        30.52        32.81
            43    551   -151.61074    0.57    90.97      1.26        63.34        31.41        31.92
            44   1338   -151.64734    0.54    91.52      1.28        63.36        30.89        32.47
            45   1870   -151.66966    0.53    92.05      1.30        63.37        30.90        32.47
            46   1660   -151.78622    0.47    92.52      1.37        63.44        31.04        32.40
            47    827   -151.79647    0.47    92.99      1.37        63.45        31.05        32.40
            48   1052   -151.79779    0.47    93.46      1.37        63.45        30.68        32.77
            49    997   -151.83924    0.45    93.91      1.40        63.47        30.70        32.77
            50   1367   -151.99897    0.38    94.30      1.49        63.57        31.18        32.39
            51    199   -152.01072    0.38    94.68      1.50        63.58        31.19        32.39
            52    988   -152.26230    0.29    94.97      1.65        63.73        31.41        32.31
            53   1550   -152.37412    0.26    95.23      1.72        63.79        31.52        32.27
            54    638   -152.38711    0.26    95.49      1.72        63.80        31.53        32.27
            55   2003   -152.38960    0.26    95.75      1.73        63.80        31.49        32.31
            56    350   -152.67579    0.19    95.95      1.90        63.97        31.77        32.20
            57   1202   -152.69217    0.19    96.14      1.91        63.98        31.70        32.28
            58   1519   -152.71665    0.19    96.33      1.92        64.00        31.72        32.28
            59    252   -152.74727    0.18    96.51      1.94        64.01        31.74        32.28
            60    320   -152.75945    0.18    96.69      1.95        64.02        31.66        32.36
            61   1043   -152.76449    0.18    96.86      1.95        64.03        31.66        32.36
            62   1501   -152.78713    0.17    97.04      1.96        64.04        31.68        32.36
            63    426   -152.79201    0.17    97.21      1.97        64.04        31.76        32.28
            64    911   -152.79829    0.17    97.39      1.97        64.05        31.69        32.36
            65   1012   -152.82043    0.17    97.55      1.98        64.06        31.72        32.33
            66   1682   -152.84709    0.16    97.72      2.00        64.07        31.74        32.33
            67   1247   -152.86738    0.16    97.88      2.01        64.09        31.83        32.26
            68   1923   -152.89980    0.16    98.03      2.03        64.11        31.82        32.29
            69   1175   -152.90142    0.16    98.19      2.03        64.11        31.82        32.29
            70   1955   -152.93121    0.15    98.34      2.05        64.12        31.87        32.26
            71    397   -153.03384    0.14    98.48      2.11        64.19        31.92        32.27
            72    878   -153.04376    0.13    98.61      2.12        64.19        31.54        32.65
            73    928   -153.06925    0.13    98.74      2.13        64.21        31.91        32.30
            74   1667   -153.08419    0.13    98.87      2.14        64.22        32.11        32.10
            75    641   -153.11665    0.13    99.00      2.16        64.24        31.97        32.26
            76    219   -153.13241    0.12    99.12      2.17        64.24        31.95        32.30
            77     84   -153.14745    0.12    99.24      2.18        64.25        32.15        32.10
            78    110   -153.30950    0.10    99.35      2.27        64.35        32.03        32.32
            79    659   -153.35109    0.10    99.45      2.30        64.37        32.05        32.32
            80    576   -153.35735    0.10    99.54      2.30        64.38        32.41        31.97
            81   1680   -153.36207    0.10    99.64      2.31        64.38        32.42        31.96
            82   1963   -153.60013    0.08    99.72      2.45        64.52        31.85        32.68
            83    855   -153.67355    0.07    99.79      2.49        64.57        31.74        32.83
            84   1531   -154.98842    0.02    99.81      3.28        65.35        32.52        32.83
            85    875   -154.98912    0.02    99.83      3.28        65.35        32.52        32.83
            86    996   -155.10319    0.02    99.85      3.34        65.42        32.13        33.29
            87   2007   -155.37477    0.01    99.86      3.51        65.58        32.99        32.60
            88   1226   -155.40717    0.01    99.87      3.53        65.60        33.00        32.60
            89   1348   -155.41760    0.01    99.89      3.53        65.61        33.22        32.39
            90   1191   -155.52613    0.01    99.90      3.60        65.67        33.22        32.45
            91   1662   -155.52683    0.01    99.91      3.60        65.67        33.22        32.45
          ------------------------------------------------------------------------------------------

          --------------------------------------------------------
          Potential Energy: E = (U+W) + H.O. Equipartion energy
          --------------------------------------------------------

          ------------------------------------------------------------------------------------------
          Rank    ID         E          U+W            U        W(PBSA)          PB           SA
          ------------------------------------------------------------------------------------------
             1   1482        29.29         8.72        10.91        -2.18        -4.30         2.11
             2    735        29.30         8.74        10.86        -2.13        -4.25         2.12
             3   1603        29.34         8.77        10.91        -2.13        -4.28         2.15
             4   1922        29.32         8.75        10.86        -2.11        -4.26         2.15
             5   1877        29.41         8.84        10.30        -1.46        -3.59         2.12
             6     85        29.43         8.86        10.30        -1.44        -3.55         2.11
             7   1629        29.47         8.90        10.93        -2.03        -4.17         2.14
             8   1771        29.48         8.91        10.93        -2.02        -4.14         2.11
             9   1545        29.54         8.98        10.54        -1.57        -3.70         2.14
            10   1062        29.57         9.01        10.54        -1.54        -3.66         2.12
            11   1359        29.66         9.09        11.21        -2.11        -4.24         2.13
            12   1291        29.67         9.10        11.21        -2.10        -4.23         2.13
            13     72        29.63         9.07        11.15        -2.08        -4.22         2.13
            14    747        29.64         9.08        11.15        -2.07        -4.20         2.12
            15   1433        29.68         9.12        11.36        -2.25        -4.37         2.12
            16    324        29.70         9.13        11.36        -2.23        -4.36         2.13
            17   1695        29.72         9.15        11.18        -2.03        -4.15         2.11
            18   1626        29.83         9.26        11.19        -1.93        -4.07         2.14
            19   1691        29.78         9.21        11.18        -1.97        -4.09         2.12
            20   1051        29.87         9.30        11.54        -2.25        -4.38         2.13
            21    535        29.81         9.24        10.67        -1.43        -3.55         2.12
            22   1177        29.89         9.33        11.54        -2.22        -4.34         2.12
            23   1854        30.02         9.46        11.67        -2.21        -4.35         2.14
            24    744        30.04         9.47        11.67        -2.20        -4.33         2.13
            25   1657        29.99         9.43        11.69        -2.26        -4.39         2.13
            26   1224        30.03         9.46        11.69        -2.23        -4.37         2.15
            27   2011        30.57        10.00        12.14        -2.14        -4.28         2.14
            28    600        30.16         9.59        11.41        -1.82        -3.93         2.11
            29   1971        30.20         9.63        11.88        -2.25        -4.38         2.13
            30   1927        30.64        10.08        12.14        -2.06        -4.22         2.15
            31   1171        30.76        10.19        12.42        -2.23        -4.38         2.14
            32    287        30.77        10.20        12.42        -2.23        -4.39         2.17
            33     24        30.25         9.68        11.88        -2.20        -4.34         2.14
            34    582        30.81        10.24        12.34        -2.09        -4.24         2.15
            35    246        30.34         9.77        11.97        -2.20        -4.33         2.13
            36   1548        30.37         9.80        11.97        -2.17        -4.30         2.13
            37   1654        31.42        10.85        13.14        -2.29        -4.43         2.14
            38    715        31.43        10.87        13.06        -2.20        -4.33         2.14
            39   1541        31.52        10.96        12.79        -1.84        -3.98         2.14
            40   1625        31.22        10.65        11.81        -1.16        -3.26         2.11
            41    644        30.50         9.93        12.09        -2.16        -4.28         2.12
            42   1579        30.52         9.95        12.09        -2.14        -4.25         2.11
            43    551        31.41        10.85        12.34        -1.50        -3.63         2.13
            44   1338        30.89        10.32        12.31        -1.99        -4.14         2.15
            45   1870        30.90        10.33        12.31        -1.98        -4.13         2.15
            46   1660        31.04        10.48        12.69        -2.22        -4.36         2.14
            47    827        31.05        10.48        12.69        -2.21        -4.35         2.14
            48   1052        30.68        10.11        11.29        -1.18        -3.30         2.11
            49    997        30.70        10.13        11.29        -1.16        -3.28         2.12
            50   1367        31.18        10.61        12.71        -2.09        -4.24         2.15
            51    199        31.19        10.62        12.71        -2.09        -4.23         2.14
            52    988        31.41        10.85        12.43        -1.59        -3.71         2.13
            53   1550        31.52        10.95        12.53        -1.58        -3.70         2.12
            54    638        31.53        10.96        12.53        -1.57        -3.70         2.14
            55   2003        31.49        10.92        12.43        -1.51        -3.67         2.16
            56    350        31.77        11.21        12.09        -0.89        -3.00         2.11
            57   1202        31.70        11.13        13.30        -2.17        -4.31         2.15
            58   1519        31.72        11.15        13.31        -2.16        -4.30         2.14
            59    252        31.74        11.17        13.31        -2.14        -4.31         2.17
            60    320        31.66        11.10        13.32        -2.22        -4.38         2.16
            61   1043        31.66        11.10        13.29        -2.19        -4.34         2.15
            62   1501        31.68        11.11        13.29        -2.18        -4.33         2.16
            63    426        31.76        11.19        13.30        -2.11        -4.27         2.16
            64    911        31.69        11.12        13.32        -2.20        -4.35         2.15
            65   1012        31.72        11.16        13.14        -1.98        -4.13         2.14
            66   1682        31.74        11.17        13.14        -1.97        -4.10         2.14
            67   1247        31.83        11.26        13.20        -1.94        -4.07         2.13
            68   1923        31.82        11.25        13.42        -2.17        -4.30         2.13
            69   1175        31.82        11.25        13.42        -2.17        -4.32         2.16
            70   1955        31.87        11.30        13.20        -1.90        -4.06         2.16
            71    397        31.92        11.35        13.64        -2.29        -4.41         2.12
            72    878        31.54        10.97        12.26        -1.29        -3.43         2.14
            73    928        31.91        11.34        13.67        -2.32        -4.46         2.14
            74   1667        32.11        11.55        13.66        -2.12        -4.23         2.11
            75    641        31.97        11.40        13.64        -2.24        -4.38         2.14
            76    219        31.95        11.38        13.67        -2.29        -4.43         2.15
            77     84        32.15        11.58        13.66        -2.08        -4.20         2.12
            78    110        32.03        11.46        13.69        -2.23        -4.35         2.12
            79    659        32.05        11.48        13.69        -2.21        -4.34         2.13
            80    576        32.41        11.85        14.11        -2.26        -4.39         2.13
            81   1680        32.42        11.85        14.11        -2.26        -4.38         2.13
            82   1963        31.85        11.28        13.11        -1.83        -3.95         2.12
            83    855        31.74        11.17        12.09        -0.92        -3.03         2.11
            84   1531        32.52        11.95        13.95        -2.00        -4.13         2.13
            85    875        32.52        11.95        13.95        -2.00        -4.11         2.11
            86    996        32.13        11.57        12.38        -0.82        -2.93         2.12
            87   2007        32.99        12.42        14.38        -1.96        -4.08         2.12
            88   1226        33.00        12.44        14.38        -1.94        -4.04         2.10
            89   1348        33.22        12.65        14.60        -1.95        -4.08         2.13
            90   1191        33.22        12.65        13.79        -1.13        -3.26         2.13
            91   1662        33.22        12.65        13.79        -1.13        -3.27         2.13
          ------------------------------------------------------------------------------------------

          ----------------------------------------
          Gas Phase Internal Potential Energy: U
          ----------------------------------------

          ------------------------------------------------------------------------------------------
          Rank    ID         U         Valence     Coulomb        VdW         VdW6        VdW12
          ------------------------------------------------------------------------------------------
             1   1482        10.91        16.38        -8.45         2.98       -12.57        15.55
             2    735        10.86        16.39        -8.48         2.96       -12.58        15.53
             3   1603        10.91        16.38        -8.45         2.98       -12.57        15.55
             4   1922        10.86        16.39        -8.48         2.96       -12.58        15.53
             5   1877        10.30        17.20        -9.38         2.48       -13.06        15.54
             6     85        10.30        17.20        -9.38         2.48       -13.06        15.54
             7   1629        10.93        16.76        -8.73         2.91       -12.60        15.51
             8   1771        10.93        16.76        -8.73         2.91       -12.60        15.51
             9   1545        10.54        17.20        -9.33         2.67       -12.82        15.48
            10   1062        10.54        17.20        -9.33         2.67       -12.82        15.48
            11   1359        11.21        16.99        -8.42         2.64       -12.54        15.18
            12   1291        11.21        16.99        -8.42         2.64       -12.54        15.18
            13     72        11.15        16.58        -8.36         2.93       -12.54        15.47
            14    747        11.15        16.58        -8.36         2.93       -12.54        15.47
            15   1433        11.36        16.58        -8.15         2.93       -12.53        15.46
            16    324        11.36        16.58        -8.15         2.93       -12.53        15.46
            17   1695        11.18        16.95        -8.66         2.89       -12.56        15.45
            18   1626        11.19        17.33        -8.75         2.61       -12.57        15.18
            19   1691        11.18        16.95        -8.66         2.89       -12.56        15.45
            20   1051        11.54        16.81        -8.00         2.73       -12.75        15.48
            21    535        10.67        17.25        -9.24         2.67       -13.41        16.08
            22   1177        11.54        16.81        -8.00         2.73       -12.75        15.48
            23   1854        11.67        16.81        -7.71         2.56       -12.92        15.48
            24    744        11.67        16.81        -7.71         2.56       -12.92        15.48
            25   1657        11.69        16.79        -7.84         2.73       -12.73        15.46
            26   1224        11.69        16.79        -7.84         2.73       -12.73        15.46
            27   2011        12.14        18.25        -8.72         2.61       -11.96        14.57
            28    600        11.41        17.50        -8.74         2.65       -12.49        15.14
            29   1971        11.88        17.15        -7.97         2.69       -12.46        15.15
            30   1927        12.14        18.25        -8.72         2.61       -11.96        14.57
            31   1171        12.42        18.28        -8.43         2.58       -11.90        14.48
            32    287        12.42        18.28        -8.43         2.58       -11.90        14.48
            33     24        11.88        17.15        -7.97         2.69       -12.46        15.15
            34    582        12.34        18.68        -8.85         2.51       -11.91        14.42
            35    246        11.97        16.77        -7.36         2.56       -12.88        15.44
            36   1548        11.97        16.77        -7.36         2.56       -12.88        15.44
            37   1654        13.14        19.16        -8.16         2.14       -11.58        13.72
            38    715        13.06        19.17        -8.23         2.12       -11.56        13.68
            39   1541        12.79        19.53        -8.82         2.09       -11.58        13.67
            40   1625        11.81        19.95       -10.07         1.93       -13.00        14.93
            41    644        12.09        16.79        -7.60         2.90       -13.30        16.20
            42   1579        12.09        16.79        -7.60         2.90       -13.30        16.20
            43    551        12.34        19.54        -9.33         2.13       -12.58        14.71
            44   1338        12.31        17.91        -8.72         3.12       -12.45        15.57
            45   1870        12.31        17.91        -8.72         3.12       -12.45        15.57
            46   1660        12.69        17.94        -8.34         3.10       -12.39        15.49
            47    827        12.69        17.94        -8.34         3.10       -12.39        15.49
            48   1052        11.29        18.28        -9.50         2.52       -13.88        16.40
            49    997        11.29        18.28        -9.50         2.52       -13.88        16.40
            50   1367        12.71        18.32        -8.64         3.03       -12.42        15.45
            51    199        12.71        18.32        -8.64         3.03       -12.42        15.45
            52    988        12.43        19.01        -9.37         2.80       -12.60        15.40
            53   1550        12.53        19.02        -9.23         2.74       -12.61        15.35
            54    638        12.53        19.02        -9.23         2.74       -12.61        15.35
            55   2003        12.43        19.01        -9.37         2.80       -12.60        15.40
            56    350        12.09        19.65        -9.93         2.38       -13.91        16.29
            57   1202        13.30        18.61        -8.34         3.03       -12.27        15.30
            58   1519        13.31        18.59        -8.33         3.05       -12.27        15.33
            59    252        13.31        18.59        -8.33         3.05       -12.27        15.33
            60    320        13.32        18.43        -8.42         3.31       -12.37        15.68
            61   1043        13.29        18.43        -8.45         3.30       -12.37        15.67
            62   1501        13.29        18.43        -8.45         3.30       -12.37        15.67
            63    426        13.30        18.61        -8.34         3.03       -12.27        15.30
            64    911        13.32        18.43        -8.42         3.31       -12.37        15.68
            65   1012        13.14        18.81        -8.93         3.26       -12.38        15.65
            66   1682        13.14        18.81        -8.93         3.26       -12.38        15.65
            67   1247        13.20        18.96        -8.75         3.00       -12.29        15.29
            68   1923        13.42        18.61        -8.05         2.86       -12.52        15.39
            69   1175        13.42        18.61        -8.05         2.86       -12.52        15.39
            70   1955        13.20        18.96        -8.75         3.00       -12.29        15.29
            71    397        13.64        18.61        -7.81         2.84       -12.55        15.39
            72    878        12.26        19.26        -9.84         2.85       -13.72        16.56
            73    928        13.67        18.61        -7.78         2.84       -12.47        15.31
            74   1667        13.66        19.00        -7.83         2.49       -12.61        15.10
            75    641        13.64        18.61        -7.81         2.84       -12.55        15.39
            76    219        13.67        18.61        -7.78         2.84       -12.47        15.31
            77     84        13.66        19.00        -7.83         2.49       -12.61        15.10
            78    110        13.69        18.57        -7.75         2.87       -12.55        15.42
            79    659        13.69        18.57        -7.75         2.87       -12.55        15.42
            80    576        14.11        19.02        -7.31         2.39       -12.50        14.89
            81   1680        14.11        19.02        -7.31         2.39       -12.50        14.89
            82   1963        13.11        17.76        -7.35         2.69       -13.72        16.41
            83    855        12.09        19.65        -9.93         2.38       -13.91        16.29
            84   1531        13.95        17.54        -6.27         2.68       -13.61        16.29
            85    875        13.95        17.54        -6.27         2.68       -13.61        16.29
            86    996        12.38        20.11       -10.32         2.60       -14.36        16.95
            87   2007        14.38        18.71        -6.94         2.61       -13.51        16.12
            88   1226        14.38        18.71        -6.94         2.61       -13.51        16.12
            89   1348        14.60        18.88        -7.23         2.96       -13.44        16.40
            90   1191        13.79        20.49        -9.47         2.77       -13.49        16.25
            91   1662        13.79        20.49        -9.47         2.77       -13.49        16.25
          ------------------------------------------------------------------------------------------

          -------------------------------
          Bonded Energy Terms: Valence
          -------------------------------

          ------------------------------------------------------------------------------------------
          Rank    ID     Valence       Bond        Angle         Pdih         Idih       Tether
          ------------------------------------------------------------------------------------------
             1   1482        16.38         0.44         5.05        10.89         0.00         0.00
             2    735        16.39         0.44         5.03        10.92         0.00         0.00
             3   1603        16.38         0.44         5.05        10.89         0.00         0.00
             4   1922        16.39         0.44         5.03        10.92         0.00         0.00
             5   1877        17.20         0.43         5.59        11.18         0.00         0.00
             6     85        17.20         0.43         5.59        11.18         0.00         0.00
             7   1629        16.76         0.43         5.07        11.25         0.00         0.00
             8   1771        16.76         0.43         5.07        11.25         0.00         0.00
             9   1545        17.20         0.43         5.36        11.42         0.00         0.00
            10   1062        17.20         0.43         5.36        11.42         0.00         0.00
            11   1359        16.99         0.41         5.15        11.44         0.00         0.00
            12   1291        16.99         0.41         5.15        11.44         0.00         0.00
            13     72        16.58         0.44         5.09        11.05         0.00         0.00
            14    747        16.58         0.44         5.09        11.05         0.00         0.00
            15   1433        16.58         0.44         5.10        11.04         0.00         0.00
            16    324        16.58         0.44         5.10        11.04         0.00         0.00
            17   1695        16.95         0.43         5.12        11.40         0.00         0.00
            18   1626        17.33         0.41         5.15        11.77         0.00         0.00
            19   1691        16.95         0.43         5.12        11.40         0.00         0.00
            20   1051        16.81         0.44         5.32        11.06         0.00         0.00
            21    535        17.25         0.48         6.11        10.65         0.00         0.00
            22   1177        16.81         0.44         5.32        11.06         0.00         0.00
            23   1854        16.81         0.44         5.47        10.91         0.00         0.00
            24    744        16.81         0.44         5.47        10.91         0.00         0.00
            25   1657        16.79         0.44         5.31        11.04         0.00         0.00
            26   1224        16.79         0.44         5.31        11.04         0.00         0.00
            27   2011        18.25         0.34         3.15        14.76         0.00         0.00
            28    600        17.50         0.41         5.29        11.79         0.00         0.00
            29   1971        17.15         0.42         5.26        11.47         0.00         0.00
            30   1927        18.25         0.34         3.15        14.76         0.00         0.00
            31   1171        18.28         0.33         3.18        14.77         0.00         0.00
            32    287        18.28         0.33         3.18        14.77         0.00         0.00
            33     24        17.15         0.42         5.26        11.47         0.00         0.00
            34    582        18.68         0.32         3.23        15.13         0.00         0.00
            35    246        16.77         0.44         5.45        10.88         0.00         0.00
            36   1548        16.77         0.44         5.45        10.88         0.00         0.00
            37   1654        19.16         0.29         3.55        15.31         0.00         0.00
            38    715        19.17         0.29         3.54        15.34         0.00         0.00
            39   1541        19.53         0.29         3.59        15.65         0.00         0.00
            40   1625        19.95         0.35         6.18        13.43         0.00         0.00
            41    644        16.79         0.50         5.82        10.47         0.00         0.00
            42   1579        16.79         0.50         5.82        10.47         0.00         0.00
            43    551        19.54         0.36         4.76        14.43         0.00         0.00
            44   1338        17.91         0.45         4.38        13.08         0.00         0.00
            45   1870        17.91         0.45         4.38        13.08         0.00         0.00
            46   1660        17.94         0.44         4.41        13.08         0.00         0.00
            47    827        17.94         0.44         4.41        13.08         0.00         0.00
            48   1052        18.28         0.51         7.44        10.33         0.00         0.00
            49    997        18.28         0.51         7.44        10.33         0.00         0.00
            50   1367        18.32         0.44         4.45        13.43         0.00         0.00
            51    199        18.32         0.44         4.45        13.43         0.00         0.00
            52    988        19.01         0.42         4.78        13.80         0.00         0.00
            53   1550        19.02         0.42         4.88        13.71         0.00         0.00
            54    638        19.02         0.42         4.88        13.71         0.00         0.00
            55   2003        19.01         0.42         4.78        13.80         0.00         0.00
            56    350        19.65         0.50         8.15        11.00         0.00         0.00
            57   1202        18.61         0.42         4.49        13.70         0.00         0.00
            58   1519        18.59         0.42         4.51        13.66         0.00         0.00
            59    252        18.59         0.42         4.51        13.66         0.00         0.00
            60    320        18.43         0.45         4.19        13.78         0.00         0.00
            61   1043        18.43         0.45         4.24        13.74         0.00         0.00
            62   1501        18.43         0.45         4.24        13.74         0.00         0.00
            63    426        18.61         0.42         4.49        13.70         0.00         0.00
            64    911        18.43         0.45         4.19        13.78         0.00         0.00
            65   1012        18.81         0.44         4.30        14.07         0.00         0.00
            66   1682        18.81         0.44         4.30        14.07         0.00         0.00
            67   1247        18.96         0.42         4.54        14.00         0.00         0.00
            68   1923        18.61         0.43         4.72        13.45         0.00         0.00
            69   1175        18.61         0.43         4.72        13.45         0.00         0.00
            70   1955        18.96         0.42         4.54        14.00         0.00         0.00
            71    397        18.61         0.43         4.74        13.43         0.00         0.00
            72    878        19.26         0.51         6.45        12.30         0.00         0.00
            73    928        18.61         0.43         4.74        13.44         0.00         0.00
            74   1667        19.00         0.39         4.27        14.34         0.00         0.00
            75    641        18.61         0.43         4.74        13.43         0.00         0.00
            76    219        18.61         0.43         4.74        13.44         0.00         0.00
            77     84        19.00         0.39         4.27        14.34         0.00         0.00
            78    110        18.57         0.44         4.71        13.43         0.00         0.00
            79    659        18.57         0.44         4.71        13.43         0.00         0.00
            80    576        19.02         0.38         4.36        14.29         0.00         0.00
            81   1680        19.02         0.38         4.36        14.29         0.00         0.00
            82   1963        17.76         0.51         7.05        10.20         0.00         0.00
            83    855        19.65         0.50         8.15        11.00         0.00         0.00
            84   1531        17.54         0.51         7.07         9.96         0.00         0.00
            85    875        17.54         0.51         7.07         9.96         0.00         0.00
            86    996        20.11         0.54         9.25        10.32         0.00         0.00
            87   2007        18.71         0.50         7.22        10.99         0.00         0.00
            88   1226        18.71         0.50         7.22        10.99         0.00         0.00
            89   1348        18.88         0.52         6.29        12.08         0.00         0.00
            90   1191        20.49         0.51         6.90        13.08         0.00         0.00
            91   1662        20.49         0.51         6.90        13.08         0.00         0.00
          ------------------------------------------------------------------------------------------

          Calculating single reference conformer RMSDs ...

          ---------------------------------
          Conformer RMSDs are in Angstroms.
          ---------------------------------

          ------------------------------------------------------------------------------------------
                              RMSD wrt Input Crd                    RMSD wrt Rank 1
                         ---------------------------------------------------------------------------
          Rank    ID        Complex    Receptor  Ligand          Complex    Receptor  Ligand
          ------------------------------------------------------------------------------------------
             1   1482                             1.654                               0.000
             2    735                             1.682                               0.320
             3   1603                             1.665                               1.579
             4   1922                             1.318                               1.679
             5   1877                             0.898                               1.090
             6     85                             0.838                               1.391
             7   1629                             1.312                               1.568
             8   1771                             1.645                               0.328
             9   1545                             0.858                               1.660
            10   1062                             0.801                               0.985
            11   1359                             1.270                               1.186
            12   1291                             1.389                               1.308
            13     72                             0.830                               0.800
            14    747                             0.753                               1.279
            15   1433                             0.801                               1.292
            16    324                             0.763                               0.715
            17   1695                             0.778                               1.336
            18   1626                             1.213                               1.186
            19   1691                             0.767                               0.816
            20   1051                             0.820                               1.627
            21    535                             1.203                               1.040
            22   1177                             0.749                               1.157
            23   1854                             0.842                               1.571
            24    744                             0.753                               1.498
            25   1657                             0.793                               1.215
            26   1224                             0.752                               1.621
            27   2011                             1.222                               0.643
            28    600                             1.743                               1.373
            29   1971                             0.311                               1.452
            30   1927                             1.141                               0.604
            31   1171                             1.172                               0.551
            32    287                             1.171                               0.654
            33     24                             0.033                               1.420
            34    582                             1.166                               0.663
            35    246                             0.767                               1.566
            36   1548                             0.792                               1.491
            37   1654                             0.658                               1.256
            38    715                             0.593                               1.457
            39   1541                             0.657                               1.520
            40   1625                             0.975                               1.300
            41    644                             1.130                               0.982
            42   1579                             1.645                               0.995
            43    551                             1.188                               1.243
            44   1338                             1.314                               0.661
            45   1870                             1.238                               1.013
            46   1660                             1.223                               1.027
            47    827                             1.272                               0.552
            48   1052                             1.309                               1.205
            49    997                             1.095                               1.511
            50   1367                             1.271                               1.061
            51    199                             1.254                               0.649
            52    988                             1.164                               1.309
            53   1550                             0.649                               1.502
            54    638                             0.709                               1.218
            55   2003                             1.040                               0.877
            56    350                             1.054                               1.277
            57   1202                             1.468                               1.277
            58   1519                             1.417                               1.284
            59    252                             1.197                               0.555
            60    320                             0.632                               1.413
            61   1043                             0.640                               1.156
            62   1501                             0.556                               1.388
            63    426                             1.238                               0.628
            64    911                             0.560                               1.112
            65   1012                             0.589                               1.186
            66   1682                             1.519                               0.675
            67   1247                             1.505                               1.287
            68   1923                             1.143                               1.540
            69   1175                             0.997                               1.069
            70   1955                             1.200                               0.671
            71    397                             0.535                               1.333
            72    878                             1.272                               1.153
            73    928                             1.087                               1.519
            74   1667                             0.897                               0.893
            75    641                             0.637                               1.748
            76    219                             1.027                               1.120
            77     84                             1.166                               1.290
            78    110                             0.616                               1.299
            79    659                             0.560                               1.701
            80    576                             1.107                               1.781
            81   1680                             0.930                               1.603
            82   1963                             1.098                               1.521
            83    855                             1.510                               1.696
            84   1531                             1.041                               1.516
            85    875                             1.181                               1.266
            86    996                             1.440                               1.321
            87   2007                             0.845                               1.156
            88   1226                             0.922                               1.271
            89   1348                             0.960                               1.341
            90   1191                             1.218                               1.372
            91   1662                             1.298                               1.173
          ------------------------------------------------------------------------------------------

          --------------------------------
          Final Boltzmann Averaged Data.
          --------------------------------

          -------------------------------------------------------------------
          Results of Boltzmann Averaging Over All  123 Conformers (kcal/mol).
          -------------------------------------------------------------------

          Free Energy                        G              60.2517587798
          Average Potential Energy         < E >            29.9335506195
          Entropy                           -TS             30.3182081603
          -------------------------------------------------------------------

          Average Potential Energy < E > Components.

          < U >                    11.3586489700
          < W(PBSA) >              -1.9926815982
          < H.O. P.E. >            20.5675867429

          Average Solvation Energy < W(PBSA) > Components.

          < PB >                   -4.1230062832
          < SA >                    2.1303246850

          Average Gas Phase Internal Potential Energy < U > Components.

          < Valence >              17.1571305370
          < Coulomb >              -8.5560285437
          < VdW >                   2.7575469766

          Average Van der Waals Energy < VdW > Components.

          < VdW6  >               -12.6195517735
          < VdW12 >                15.3770987501

          Average Bonded Energy < Valence > Components.

          < Bond >                  0.4248660099
          < Angle >                 5.0557966246
          < Pdihed >               11.6764679026
          < Idihed >                0.0000000000
          < Tether >                0.0000000000

          -------------------------------------------------------------------
                        End of VM2 Calculation Results Summary.
          -------------------------------------------------------------------


     Total cpu time for run         42.66 seconds.
                                     0.71 minutes.

     Total wall time for run        43.01 seconds.
                                     0.72 minutes.

     TIME STAMP: VCPack job finished normally : Sunday, August 07, 2022 at 15:53:12
